#1 0 80000000 595552b7 r 05         59555000  lui      x5, 0x59555
#2 0 80000004 55528293 r 05         59555555  addi     x5, x5, 0x555
#3 0 80000008 7c029073 c 07c0       59555555  csrrw    x0, mrac, x5
#4 0 8000000c 70041117 r 02         f004100c  auipc    x2, 0x70041
#5 0 80000010 ff410113 r 02         f0041000  addi     x2, x2, -0xc
#6 0 80000014     2aa5 r 01         80000016  c.jal    . + 0x178
#7 0 8000018c     715d r 02         f0040fb0  c.addi16sp -0x5
#8 0 8000018e     c686 m f0040ffc   80000016  c.swsp   x1, 0x4c
#9 0 80000190     c4a2 m f0040ff8   00000000  c.swsp   x8, 0x48
#10 0 80000192     0880 r 08         f0041000  c.addi4spn  x8, 0x14
#11 0 80000194 fa042a23 m f0040fb4   00000000  sw       x0, -0x4c(x8)
#12 0 80000198 fa042c23 m f0040fb8   00000000  sw       x0, -0x48(x8)
#13 0 8000019c fa042e23 m f0040fbc   00000000  sw       x0, -0x44(x8)
#14 0 800001a0 fc042023 m f0040fc0   00000000  sw       x0, -0x40(x8)
#15 0 800001a4 fc042223 m f0040fc4   00000000  sw       x0, -0x3c(x8)
#16 0 800001a8 fc042423 m f0040fc8   00000000  sw       x0, -0x38(x8)
#17 0 800001ac fc042623 m f0040fcc   00000000  sw       x0, -0x34(x8)
#18 0 800001b0 fc042823 m f0040fd0   00000000  sw       x0, -0x30(x8)
#19 0 800001b4 fc042a23 m f0040fd4   00000000  sw       x0, -0x2c(x8)
#20 0 800001b8 fc042c23 m f0040fd8   00000000  sw       x0, -0x28(x8)
#21 0 800001bc fc042e23 m f0040fdc   00000000  sw       x0, -0x24(x8)
#22 0 800001c0 fe042023 m f0040fe0   00000000  sw       x0, -0x20(x8)
#23 0 800001c4 fe042223 m f0040fe4   00000000  sw       x0, -0x1c(x8)
#24 0 800001c8 fe042423 m f0040fe8   00000000  sw       x0, -0x18(x8)
#25 0 800001cc 02d00793 r 0f         0000002d  addi     x15, x0, 0x2d
#26 0 800001d0 faf42a23 m f0040fb4   0000002d  sw       x15, -0x4c(x8)
#27 0 800001d4 04300793 r 0f         00000043  addi     x15, x0, 0x43
#28 0 800001d8 faf42c23 m f0040fb8   00000043  sw       x15, -0x48(x8)
#29 0 800001dc     47b1 r 0f         0000000c  c.li     x15, 0xc
#30 0 800001de faf42e23 m f0040fbc   0000000c  sw       x15, -0x44(x8)
#31 0 800001e2 05900793 r 0f         00000059  addi     x15, x0, 0x59
#32 0 800001e6 fcf42023 m f0040fc0   00000059  sw       x15, -0x40(x8)
#33 0 800001ea 02c00793 r 0f         0000002c  addi     x15, x0, 0x2c
#34 0 800001ee fcf42223 m f0040fc4   0000002c  sw       x15, -0x3c(x8)
#35 0 800001f2     47dd r 0f         00000017  c.li     x15, 0x17
#36 0 800001f4 fcf42423 m f0040fc8   00000017  sw       x15, -0x38(x8)
#37 0 800001f8 05800793 r 0f         00000058  addi     x15, x0, 0x58
#38 0 800001fc fcf42623 m f0040fcc   00000058  sw       x15, -0x34(x8)
#39 0 80000200     47ad r 0f         0000000b  c.li     x15, 0xb
#40 0 80000202 fcf42823 m f0040fd0   0000000b  sw       x15, -0x30(x8)
#41 0 80000206 05a00793 r 0f         0000005a  addi     x15, x0, 0x5a
#42 0 8000020a fcf42a23 m f0040fd4   0000005a  sw       x15, -0x2c(x8)
#43 0 8000020e 04800793 r 0f         00000048  addi     x15, x0, 0x48
#44 0 80000212 fcf42c23 m f0040fd8   00000048  sw       x15, -0x28(x8)
#45 0 80000216 04e00793 r 0f         0000004e  addi     x15, x0, 0x4e
#46 0 8000021a fcf42e23 m f0040fdc   0000004e  sw       x15, -0x24(x8)
#47 0 8000021e 02200793 r 0f         00000022  addi     x15, x0, 0x22
#48 0 80000222 fef42023 m f0040fe0   00000022  sw       x15, -0x20(x8)
#49 0 80000226 04200793 r 0f         00000042  addi     x15, x0, 0x42
#50 0 8000022a fef42223 m f0040fe4   00000042  sw       x15, -0x1c(x8)
#51 0 8000022e     47b5 r 0f         0000000d  c.li     x15, 0xd
#52 0 80000230 fef42623 m f0040fec   0000000d  sw       x15, -0x14(x8)
#53 0 80000234 fb440793 r 0f         f0040fb4  addi     x15, x8, -0x4c
#54 0 80000238 fec42583 r 0b         0000000d  lw       x11, -0x14(x8)
#55 0 8000023c     853e r 0a         f0040fb4  c.mv     x10, x15
#56 0 8000023e     3519 r 01         80000240  c.jal    . - 0x1fa
#57 0 80000044     7179 r 02         f0040f80  c.addi16sp -0x3
#58 0 80000046     d622 m f0040fac   f0041000  c.swsp   x8, 0x2c
#59 0 80000048     1800 r 08         f0040fb0  c.addi4spn  x8, 0xc
#60 0 8000004a fca42e23 m f0040f8c   f0040fb4  sw       x10, -0x24(x8)
#61 0 8000004e fcb42c23 m f0040f88   0000000d  sw       x11, -0x28(x8)
#62 0 80000052     858a r 0b         f0040f80  c.mv     x11, x2
#63 0 80000054     8e2e r 1c         f0040f80  c.mv     x28, x11
#64 0 80000056 fd842583 r 0b         0000000d  lw       x11, -0x28(x8)
#65 0 8000005a fff58513 r 0a         0000000c  addi     x10, x11, -0x1
#66 0 8000005e fea42223 m f0040f94   0000000c  sw       x10, -0x1c(x8)
#67 0 80000062     852e r 0a         0000000d  c.mv     x10, x11
#68 0 80000064     832a r 06         0000000d  c.mv     x6, x10
#69 0 80000066     4381 r 07         00000000  c.li     x7, 0x0
#70 0 80000068 01b35513 r 0a         00000000  srli     x10, x6, 0x1b
#71 0 8000006c 00539693 r 0d         00000000  slli     x13, x7, 0x5
#72 0 80000070     8ec9 r 0d         00000000  c.or     x13, x10
#73 0 80000072 00531613 r 0c         000001a0  slli     x12, x6, 0x5
#74 0 80000076     86ae r 0d         0000000d  c.mv     x13, x11
#75 0 80000078     8836 r 10         0000000d  c.mv     x16, x13
#76 0 8000007a     4881 r 11         00000000  c.li     x17, 0x0
#77 0 8000007c 01b85693 r 0d         00000000  srli     x13, x16, 0x1b
#78 0 80000080 00589793 r 0f         00000000  slli     x15, x17, 0x5
#79 0 80000084     8fd5 r 0f         00000000  c.or     x15, x13
#80 0 80000086 00581713 r 0e         000001a0  slli     x14, x16, 0x5
#81 0 8000008a     87ae r 0f         0000000d  c.mv     x15, x11
#82 0 8000008c     078a r 0f         00000034  c.slli   x15, 2
#83 0 8000008e     07bd r 0f         00000043  c.addi   x15, 0xf
#84 0 80000090     8391 r 0f         00000004  c.srli   x15, 0x4
#85 0 80000092     0792 r 0f         00000040  c.slli   x15, 4
#86 0 80000094 40f10133 r 02         f0040f40  sub      x2, x2, x15
#87 0 80000098     878a r 0f         f0040f40  c.mv     x15, x2
#88 0 8000009a     078d r 0f         f0040f43  c.addi   x15, 0x3
#89 0 8000009c     8389 r 0f         3c0103d0  c.srli   x15, 0x2
#90 0 8000009e     078a r 0f         f0040f40  c.slli   x15, 2
#91 0 800000a0 fef42023 m f0040f90   f0040f40  sw       x15, -0x20(x8)
#92 0 800000a4 fe042423 m f0040f98   00000000  sw       x0, -0x18(x8)
#93 0 800000a8     a831 r 00         00000000  c.j      . + 0x1c
#94 0 800000c4 fe842703 r 0e         00000000  lw       x14, -0x18(x8)
#95 0 800000c8 fd842783 r 0f         0000000d  lw       x15, -0x28(x8)
#96 0 800000cc fcf74fe3 r 00         00000000  blt      x14, x15, . - 0x22
#97 0 800000aa fe042703 r 0e         f0040f40  lw       x14, -0x20(x8)
#98 0 800000ae fe842783 r 0f         00000000  lw       x15, -0x18(x8)
#99 0 800000b2     078a r 0f         00000000  c.slli   x15, 2
#100 0 800000b4     97ba r 0f         f0040f40  c.add    x15, x14
#101 0 800000b6 0007a023 m f0040f40   00000000  sw       x0, 0x0(x15)
#102 0 800000ba fe842783 r 0f         00000000  lw       x15, -0x18(x8)
#103 0 800000be     0785 r 0f         00000001  c.addi   x15, 0x1
#104 0 800000c0 fef42423 m f0040f98   00000001  sw       x15, -0x18(x8)
#105 0 800000c4 fe842703 r 0e         00000001  lw       x14, -0x18(x8)
#106 0 800000c8 fd842783 r 0f         0000000d  lw       x15, -0x28(x8)
#107 0 800000cc fcf74fe3 r 00         00000000  blt      x14, x15, . - 0x22
#108 0 800000aa fe042703 r 0e         f0040f40  lw       x14, -0x20(x8)
#109 0 800000ae fe842783 r 0f         00000001  lw       x15, -0x18(x8)
#110 0 800000b2     078a r 0f         00000004  c.slli   x15, 2
#111 0 800000b4     97ba r 0f         f0040f44  c.add    x15, x14
#112 0 800000b6 0007a023 m f0040f44   00000000  sw       x0, 0x0(x15)
#113 0 800000ba fe842783 r 0f         00000001  lw       x15, -0x18(x8)
#114 0 800000be     0785 r 0f         00000002  c.addi   x15, 0x1
#115 0 800000c0 fef42423 m f0040f98   00000002  sw       x15, -0x18(x8)
#116 0 800000c4 fe842703 r 0e         00000002  lw       x14, -0x18(x8)
#117 0 800000c8 fd842783 r 0f         0000000d  lw       x15, -0x28(x8)
#118 0 800000cc fcf74fe3 r 00         00000000  blt      x14, x15, . - 0x22
#119 0 800000aa fe042703 r 0e         f0040f40  lw       x14, -0x20(x8)
#120 0 800000ae fe842783 r 0f         00000002  lw       x15, -0x18(x8)
#121 0 800000b2     078a r 0f         00000008  c.slli   x15, 2
#122 0 800000b4     97ba r 0f         f0040f48  c.add    x15, x14
#123 0 800000b6 0007a023 m f0040f48   00000000  sw       x0, 0x0(x15)
#124 0 800000ba fe842783 r 0f         00000002  lw       x15, -0x18(x8)
#125 0 800000be     0785 r 0f         00000003  c.addi   x15, 0x1
#126 0 800000c0 fef42423 m f0040f98   00000003  sw       x15, -0x18(x8)
#127 0 800000c4 fe842703 r 0e         00000003  lw       x14, -0x18(x8)
#128 0 800000c8 fd842783 r 0f         0000000d  lw       x15, -0x28(x8)
#129 0 800000cc fcf74fe3 r 00         00000000  blt      x14, x15, . - 0x22
#130 0 800000aa fe042703 r 0e         f0040f40  lw       x14, -0x20(x8)
#131 0 800000ae fe842783 r 0f         00000003  lw       x15, -0x18(x8)
#132 0 800000b2     078a r 0f         0000000c  c.slli   x15, 2
#133 0 800000b4     97ba r 0f         f0040f4c  c.add    x15, x14
#134 0 800000b6 0007a023 m f0040f4c   00000000  sw       x0, 0x0(x15)
#135 0 800000ba fe842783 r 0f         00000003  lw       x15, -0x18(x8)
#136 0 800000be     0785 r 0f         00000004  c.addi   x15, 0x1
#137 0 800000c0 fef42423 m f0040f98   00000004  sw       x15, -0x18(x8)
#138 0 800000c4 fe842703 r 0e         00000004  lw       x14, -0x18(x8)
#139 0 800000c8 fd842783 r 0f         0000000d  lw       x15, -0x28(x8)
#140 0 800000cc fcf74fe3 r 00         00000000  blt      x14, x15, . - 0x22
#141 0 800000aa fe042703 r 0e         f0040f40  lw       x14, -0x20(x8)
#142 0 800000ae fe842783 r 0f         00000004  lw       x15, -0x18(x8)
#143 0 800000b2     078a r 0f         00000010  c.slli   x15, 2
#144 0 800000b4     97ba r 0f         f0040f50  c.add    x15, x14
#145 0 800000b6 0007a023 m f0040f50   00000000  sw       x0, 0x0(x15)
#146 0 800000ba fe842783 r 0f         00000004  lw       x15, -0x18(x8)
#147 0 800000be     0785 r 0f         00000005  c.addi   x15, 0x1
#148 0 800000c0 fef42423 m f0040f98   00000005  sw       x15, -0x18(x8)
#149 0 800000c4 fe842703 r 0e         00000005  lw       x14, -0x18(x8)
#150 0 800000c8 fd842783 r 0f         0000000d  lw       x15, -0x28(x8)
#151 0 800000cc fcf74fe3 r 00         00000000  blt      x14, x15, . - 0x22
#152 0 800000aa fe042703 r 0e         f0040f40  lw       x14, -0x20(x8)
#153 0 800000ae fe842783 r 0f         00000005  lw       x15, -0x18(x8)
#154 0 800000b2     078a r 0f         00000014  c.slli   x15, 2
#155 0 800000b4     97ba r 0f         f0040f54  c.add    x15, x14
#156 0 800000b6 0007a023 m f0040f54   00000000  sw       x0, 0x0(x15)
#157 0 800000ba fe842783 r 0f         00000005  lw       x15, -0x18(x8)
#158 0 800000be     0785 r 0f         00000006  c.addi   x15, 0x1
#159 0 800000c0 fef42423 m f0040f98   00000006  sw       x15, -0x18(x8)
#160 0 800000c4 fe842703 r 0e         00000006  lw       x14, -0x18(x8)
#161 0 800000c8 fd842783 r 0f         0000000d  lw       x15, -0x28(x8)
#162 0 800000cc fcf74fe3 r 00         00000000  blt      x14, x15, . - 0x22
#163 0 800000aa fe042703 r 0e         f0040f40  lw       x14, -0x20(x8)
#164 0 800000ae fe842783 r 0f         00000006  lw       x15, -0x18(x8)
#165 0 800000b2     078a r 0f         00000018  c.slli   x15, 2
#166 0 800000b4     97ba r 0f         f0040f58  c.add    x15, x14
#167 0 800000b6 0007a023 m f0040f58   00000000  sw       x0, 0x0(x15)
#168 0 800000ba fe842783 r 0f         00000006  lw       x15, -0x18(x8)
#169 0 800000be     0785 r 0f         00000007  c.addi   x15, 0x1
#170 0 800000c0 fef42423 m f0040f98   00000007  sw       x15, -0x18(x8)
#171 0 800000c4 fe842703 r 0e         00000007  lw       x14, -0x18(x8)
#172 0 800000c8 fd842783 r 0f         0000000d  lw       x15, -0x28(x8)
#173 0 800000cc fcf74fe3 r 00         00000000  blt      x14, x15, . - 0x22
#174 0 800000aa fe042703 r 0e         f0040f40  lw       x14, -0x20(x8)
#175 0 800000ae fe842783 r 0f         00000007  lw       x15, -0x18(x8)
#176 0 800000b2     078a r 0f         0000001c  c.slli   x15, 2
#177 0 800000b4     97ba r 0f         f0040f5c  c.add    x15, x14
#178 0 800000b6 0007a023 m f0040f5c   00000000  sw       x0, 0x0(x15)
#179 0 800000ba fe842783 r 0f         00000007  lw       x15, -0x18(x8)
#180 0 800000be     0785 r 0f         00000008  c.addi   x15, 0x1
#181 0 800000c0 fef42423 m f0040f98   00000008  sw       x15, -0x18(x8)
#182 0 800000c4 fe842703 r 0e         00000008  lw       x14, -0x18(x8)
#183 0 800000c8 fd842783 r 0f         0000000d  lw       x15, -0x28(x8)
#184 0 800000cc fcf74fe3 r 00         00000000  blt      x14, x15, . - 0x22
#185 0 800000aa fe042703 r 0e         f0040f40  lw       x14, -0x20(x8)
#186 0 800000ae fe842783 r 0f         00000008  lw       x15, -0x18(x8)
#187 0 800000b2     078a r 0f         00000020  c.slli   x15, 2
#188 0 800000b4     97ba r 0f         f0040f60  c.add    x15, x14
#189 0 800000b6 0007a023 m f0040f60   00000000  sw       x0, 0x0(x15)
#190 0 800000ba fe842783 r 0f         00000008  lw       x15, -0x18(x8)
#191 0 800000be     0785 r 0f         00000009  c.addi   x15, 0x1
#192 0 800000c0 fef42423 m f0040f98   00000009  sw       x15, -0x18(x8)
#193 0 800000c4 fe842703 r 0e         00000009  lw       x14, -0x18(x8)
#194 0 800000c8 fd842783 r 0f         0000000d  lw       x15, -0x28(x8)
#195 0 800000cc fcf74fe3 r 00         00000000  blt      x14, x15, . - 0x22
#196 0 800000aa fe042703 r 0e         f0040f40  lw       x14, -0x20(x8)
#197 0 800000ae fe842783 r 0f         00000009  lw       x15, -0x18(x8)
#198 0 800000b2     078a r 0f         00000024  c.slli   x15, 2
#199 0 800000b4     97ba r 0f         f0040f64  c.add    x15, x14
#200 0 800000b6 0007a023 m f0040f64   00000000  sw       x0, 0x0(x15)
#201 0 800000ba fe842783 r 0f         00000009  lw       x15, -0x18(x8)
#202 0 800000be     0785 r 0f         0000000a  c.addi   x15, 0x1
#203 0 800000c0 fef42423 m f0040f98   0000000a  sw       x15, -0x18(x8)
#204 0 800000c4 fe842703 r 0e         0000000a  lw       x14, -0x18(x8)
#205 0 800000c8 fd842783 r 0f         0000000d  lw       x15, -0x28(x8)
#206 0 800000cc fcf74fe3 r 00         00000000  blt      x14, x15, . - 0x22
#207 0 800000aa fe042703 r 0e         f0040f40  lw       x14, -0x20(x8)
#208 0 800000ae fe842783 r 0f         0000000a  lw       x15, -0x18(x8)
#209 0 800000b2     078a r 0f         00000028  c.slli   x15, 2
#210 0 800000b4     97ba r 0f         f0040f68  c.add    x15, x14
#211 0 800000b6 0007a023 m f0040f68   00000000  sw       x0, 0x0(x15)
#212 0 800000ba fe842783 r 0f         0000000a  lw       x15, -0x18(x8)
#213 0 800000be     0785 r 0f         0000000b  c.addi   x15, 0x1
#214 0 800000c0 fef42423 m f0040f98   0000000b  sw       x15, -0x18(x8)
#215 0 800000c4 fe842703 r 0e         0000000b  lw       x14, -0x18(x8)
#216 0 800000c8 fd842783 r 0f         0000000d  lw       x15, -0x28(x8)
#217 0 800000cc fcf74fe3 r 00         00000000  blt      x14, x15, . - 0x22
#218 0 800000aa fe042703 r 0e         f0040f40  lw       x14, -0x20(x8)
#219 0 800000ae fe842783 r 0f         0000000b  lw       x15, -0x18(x8)
#220 0 800000b2     078a r 0f         0000002c  c.slli   x15, 2
#221 0 800000b4     97ba r 0f         f0040f6c  c.add    x15, x14
#222 0 800000b6 0007a023 m f0040f6c   00000000  sw       x0, 0x0(x15)
#223 0 800000ba fe842783 r 0f         0000000b  lw       x15, -0x18(x8)
#224 0 800000be     0785 r 0f         0000000c  c.addi   x15, 0x1
#225 0 800000c0 fef42423 m f0040f98   0000000c  sw       x15, -0x18(x8)
#226 0 800000c4 fe842703 r 0e         0000000c  lw       x14, -0x18(x8)
#227 0 800000c8 fd842783 r 0f         0000000d  lw       x15, -0x28(x8)
#228 0 800000cc fcf74fe3 r 00         00000000  blt      x14, x15, . - 0x22
#229 0 800000aa fe042703 r 0e         f0040f40  lw       x14, -0x20(x8)
#230 0 800000ae fe842783 r 0f         0000000c  lw       x15, -0x18(x8)
#231 0 800000b2     078a r 0f         00000030  c.slli   x15, 2
#232 0 800000b4     97ba r 0f         f0040f70  c.add    x15, x14
#233 0 800000b6 0007a023 m f0040f70   00000000  sw       x0, 0x0(x15)
#234 0 800000ba fe842783 r 0f         0000000c  lw       x15, -0x18(x8)
#235 0 800000be     0785 r 0f         0000000d  c.addi   x15, 0x1
#236 0 800000c0 fef42423 m f0040f98   0000000d  sw       x15, -0x18(x8)
#237 0 800000c4 fe842703 r 0e         0000000d  lw       x14, -0x18(x8)
#238 0 800000c8 fd842783 r 0f         0000000d  lw       x15, -0x28(x8)
#239 0 800000cc fcf74fe3 r 00         00000000  blt      x14, x15, . - 0x22
#240 0 800000d0 fe042423 m f0040f98   00000000  sw       x0, -0x18(x8)
#241 0 800000d4     a80d r 00         00000000  c.j      . + 0x32
#242 0 80000106 fe842703 r 0e         00000000  lw       x14, -0x18(x8)
#243 0 8000010a fd842783 r 0f         0000000d  lw       x15, -0x28(x8)
#244 0 8000010e fcf744e3 r 00         00000000  blt      x14, x15, . - 0x38
#245 0 800000d6 fe842783 r 0f         00000000  lw       x15, -0x18(x8)
#246 0 800000da     078a r 0f         00000000  c.slli   x15, 2
#247 0 800000dc fdc42703 r 0e         f0040fb4  lw       x14, -0x24(x8)
#248 0 800000e0     97ba r 0f         f0040fb4  c.add    x15, x14
#249 0 800000e2     439c r 0f         0000002d  c.lw     x15, 0x0(x15)
#250 0 800000e4 fe042683 r 0d         f0040f40  lw       x13, -0x20(x8)
#251 0 800000e8 00279713 r 0e         000000b4  slli     x14, x15, 0x2
#252 0 800000ec     9736 r 0e         f0040ff4  c.add    x14, x13
#253 0 800000ee     4318 r 0e         00000000  c.lw     x14, 0x0(x14)
#254 0 800000f0     0705 r 0e         00000001  c.addi   x14, 0x1
#255 0 800000f2 fe042683 r 0d         f0040f40  lw       x13, -0x20(x8)
#256 0 800000f6     078a r 0f         000000b4  c.slli   x15, 2
#257 0 800000f8     97b6 r 0f         f0040ff4  c.add    x15, x13
#258 0 800000fa     c398 m f0040ff4   00000001  c.sw     x14, 0x0(x15)
#259 0 800000fc fe842783 r 0f         00000000  lw       x15, -0x18(x8)
#260 0 80000100     0785 r 0f         00000001  c.addi   x15, 0x1
#261 0 80000102 fef42423 m f0040f98   00000001  sw       x15, -0x18(x8)
#262 0 80000106 fe842703 r 0e         00000001  lw       x14, -0x18(x8)
#263 0 8000010a fd842783 r 0f         0000000d  lw       x15, -0x28(x8)
#264 0 8000010e fcf744e3 r 00         00000000  blt      x14, x15, . - 0x38
#265 0 800000d6 fe842783 r 0f         00000001  lw       x15, -0x18(x8)
#266 0 800000da     078a r 0f         00000004  c.slli   x15, 2
#267 0 800000dc fdc42703 r 0e         f0040fb4  lw       x14, -0x24(x8)
#268 0 800000e0     97ba r 0f         f0040fb8  c.add    x15, x14
#269 0 800000e2     439c r 0f         00000043  c.lw     x15, 0x0(x15)
#270 0 800000e4 fe042683 r 0d         f0040f40  lw       x13, -0x20(x8)
#271 0 800000e8 00279713 r 0e         0000010c  slli     x14, x15, 0x2
#272 0 800000ec     9736 r 0e         f004104c  c.add    x14, x13
#273 0 800000ee     4318 r 0e         00000000  c.lw     x14, 0x0(x14)
#274 0 800000f0     0705 r 0e         00000001  c.addi   x14, 0x1
#275 0 800000f2 fe042683 r 0d         f0040f40  lw       x13, -0x20(x8)
#276 0 800000f6     078a r 0f         0000010c  c.slli   x15, 2
#277 0 800000f8     97b6 r 0f         f004104c  c.add    x15, x13
#278 0 800000fa     c398 m f004104c   00000001  c.sw     x14, 0x0(x15)
#279 0 800000fc fe842783 r 0f         00000001  lw       x15, -0x18(x8)
#280 0 80000100     0785 r 0f         00000002  c.addi   x15, 0x1
#281 0 80000102 fef42423 m f0040f98   00000002  sw       x15, -0x18(x8)
#282 0 80000106 fe842703 r 0e         00000002  lw       x14, -0x18(x8)
#283 0 8000010a fd842783 r 0f         0000000d  lw       x15, -0x28(x8)
#284 0 8000010e fcf744e3 r 00         00000000  blt      x14, x15, . - 0x38
#285 0 800000d6 fe842783 r 0f         00000002  lw       x15, -0x18(x8)
#286 0 800000da     078a r 0f         00000008  c.slli   x15, 2
#287 0 800000dc fdc42703 r 0e         f0040fb4  lw       x14, -0x24(x8)
#288 0 800000e0     97ba r 0f         f0040fbc  c.add    x15, x14
#289 0 800000e2     439c r 0f         0000000c  c.lw     x15, 0x0(x15)
#290 0 800000e4 fe042683 r 0d         f0040f40  lw       x13, -0x20(x8)
#291 0 800000e8 00279713 r 0e         00000030  slli     x14, x15, 0x2
#292 0 800000ec     9736 r 0e         f0040f70  c.add    x14, x13
#293 0 800000ee     4318 r 0e         00000000  c.lw     x14, 0x0(x14)
#294 0 800000f0     0705 r 0e         00000001  c.addi   x14, 0x1
#295 0 800000f2 fe042683 r 0d         f0040f40  lw       x13, -0x20(x8)
#296 0 800000f6     078a r 0f         00000030  c.slli   x15, 2
#297 0 800000f8     97b6 r 0f         f0040f70  c.add    x15, x13
#298 0 800000fa     c398 m f0040f70   00000001  c.sw     x14, 0x0(x15)
#299 0 800000fc fe842783 r 0f         00000002  lw       x15, -0x18(x8)
#300 0 80000100     0785 r 0f         00000003  c.addi   x15, 0x1
#301 0 80000102 fef42423 m f0040f98   00000003  sw       x15, -0x18(x8)
#302 0 80000106 fe842703 r 0e         00000003  lw       x14, -0x18(x8)
#303 0 8000010a fd842783 r 0f         0000000d  lw       x15, -0x28(x8)
#304 0 8000010e fcf744e3 r 00         00000000  blt      x14, x15, . - 0x38
#305 0 800000d6 fe842783 r 0f         00000003  lw       x15, -0x18(x8)
#306 0 800000da     078a r 0f         0000000c  c.slli   x15, 2
#307 0 800000dc fdc42703 r 0e         f0040fb4  lw       x14, -0x24(x8)
#308 0 800000e0     97ba r 0f         f0040fc0  c.add    x15, x14
#309 0 800000e2     439c r 0f         00000059  c.lw     x15, 0x0(x15)
#310 0 800000e4 fe042683 r 0d         f0040f40  lw       x13, -0x20(x8)
#311 0 800000e8 00279713 r 0e         00000164  slli     x14, x15, 0x2
#312 0 800000ec     9736 r 0e         f00410a4  c.add    x14, x13
#313 0 800000ee     4318 r 0e         00000000  c.lw     x14, 0x0(x14)
#314 0 800000f0     0705 r 0e         00000001  c.addi   x14, 0x1
#315 0 800000f2 fe042683 r 0d         f0040f40  lw       x13, -0x20(x8)
#316 0 800000f6     078a r 0f         00000164  c.slli   x15, 2
#317 0 800000f8     97b6 r 0f         f00410a4  c.add    x15, x13
#318 0 800000fa     c398 m f00410a4   00000001  c.sw     x14, 0x0(x15)
#319 0 800000fc fe842783 r 0f         00000003  lw       x15, -0x18(x8)
#320 0 80000100     0785 r 0f         00000004  c.addi   x15, 0x1
#321 0 80000102 fef42423 m f0040f98   00000004  sw       x15, -0x18(x8)
#322 0 80000106 fe842703 r 0e         00000004  lw       x14, -0x18(x8)
#323 0 8000010a fd842783 r 0f         0000000d  lw       x15, -0x28(x8)
#324 0 8000010e fcf744e3 r 00         00000000  blt      x14, x15, . - 0x38
#325 0 800000d6 fe842783 r 0f         00000004  lw       x15, -0x18(x8)
#326 0 800000da     078a r 0f         00000010  c.slli   x15, 2
#327 0 800000dc fdc42703 r 0e         f0040fb4  lw       x14, -0x24(x8)
#328 0 800000e0     97ba r 0f         f0040fc4  c.add    x15, x14
#329 0 800000e2     439c r 0f         0000002c  c.lw     x15, 0x0(x15)
#330 0 800000e4 fe042683 r 0d         f0040f40  lw       x13, -0x20(x8)
#331 0 800000e8 00279713 r 0e         000000b0  slli     x14, x15, 0x2
#332 0 800000ec     9736 r 0e         f0040ff0  c.add    x14, x13
#333 0 800000ee     4318 r 0e         00000000  c.lw     x14, 0x0(x14)
#334 0 800000f0     0705 r 0e         00000001  c.addi   x14, 0x1
#335 0 800000f2 fe042683 r 0d         f0040f40  lw       x13, -0x20(x8)
#336 0 800000f6     078a r 0f         000000b0  c.slli   x15, 2
#337 0 800000f8     97b6 r 0f         f0040ff0  c.add    x15, x13
#338 0 800000fa     c398 m f0040ff0   00000001  c.sw     x14, 0x0(x15)
#339 0 800000fc fe842783 r 0f         00000004  lw       x15, -0x18(x8)
#340 0 80000100     0785 r 0f         00000005  c.addi   x15, 0x1
#341 0 80000102 fef42423 m f0040f98   00000005  sw       x15, -0x18(x8)
#342 0 80000106 fe842703 r 0e         00000005  lw       x14, -0x18(x8)
#343 0 8000010a fd842783 r 0f         0000000d  lw       x15, -0x28(x8)
#344 0 8000010e fcf744e3 r 00         00000000  blt      x14, x15, . - 0x38
#345 0 800000d6 fe842783 r 0f         00000005  lw       x15, -0x18(x8)
#346 0 800000da     078a r 0f         00000014  c.slli   x15, 2
#347 0 800000dc fdc42703 r 0e         f0040fb4  lw       x14, -0x24(x8)
#348 0 800000e0     97ba r 0f         f0040fc8  c.add    x15, x14
#349 0 800000e2     439c r 0f         00000017  c.lw     x15, 0x0(x15)
#350 0 800000e4 fe042683 r 0d         f0040f40  lw       x13, -0x20(x8)
#351 0 800000e8 00279713 r 0e         0000005c  slli     x14, x15, 0x2
#352 0 800000ec     9736 r 0e         f0040f9c  c.add    x14, x13
#353 0 800000ee     4318 r 0e         00000000  c.lw     x14, 0x0(x14)
#354 0 800000f0     0705 r 0e         00000001  c.addi   x14, 0x1
#355 0 800000f2 fe042683 r 0d         f0040f40  lw       x13, -0x20(x8)
#356 0 800000f6     078a r 0f         0000005c  c.slli   x15, 2
#357 0 800000f8     97b6 r 0f         f0040f9c  c.add    x15, x13
#358 0 800000fa     c398 m f0040f9c   00000001  c.sw     x14, 0x0(x15)
#359 0 800000fc fe842783 r 0f         00000005  lw       x15, -0x18(x8)
#360 0 80000100     0785 r 0f         00000006  c.addi   x15, 0x1
#361 0 80000102 fef42423 m f0040f98   00000006  sw       x15, -0x18(x8)
#362 0 80000106 fe842703 r 0e         00000006  lw       x14, -0x18(x8)
#363 0 8000010a fd842783 r 0f         0000000d  lw       x15, -0x28(x8)
#364 0 8000010e fcf744e3 r 00         00000000  blt      x14, x15, . - 0x38
#365 0 800000d6 fe842783 r 0f         00000006  lw       x15, -0x18(x8)
#366 0 800000da     078a r 0f         00000018  c.slli   x15, 2
#367 0 800000dc fdc42703 r 0e         f0040fb4  lw       x14, -0x24(x8)
#368 0 800000e0     97ba r 0f         f0040fcc  c.add    x15, x14
#369 0 800000e2     439c r 0f         00000058  c.lw     x15, 0x0(x15)
#370 0 800000e4 fe042683 r 0d         f0040f40  lw       x13, -0x20(x8)
#371 0 800000e8 00279713 r 0e         00000160  slli     x14, x15, 0x2
#372 0 800000ec     9736 r 0e         f00410a0  c.add    x14, x13
#373 0 800000ee     4318 r 0e         00000000  c.lw     x14, 0x0(x14)
#374 0 800000f0     0705 r 0e         00000001  c.addi   x14, 0x1
#375 0 800000f2 fe042683 r 0d         f0040f40  lw       x13, -0x20(x8)
#376 0 800000f6     078a r 0f         00000160  c.slli   x15, 2
#377 0 800000f8     97b6 r 0f         f00410a0  c.add    x15, x13
#378 0 800000fa     c398 m f00410a0   00000001  c.sw     x14, 0x0(x15)
#379 0 800000fc fe842783 r 0f         00000006  lw       x15, -0x18(x8)
#380 0 80000100     0785 r 0f         00000007  c.addi   x15, 0x1
#381 0 80000102 fef42423 m f0040f98   00000007  sw       x15, -0x18(x8)
#382 0 80000106 fe842703 r 0e         00000007  lw       x14, -0x18(x8)
#383 0 8000010a fd842783 r 0f         0000000d  lw       x15, -0x28(x8)
#384 0 8000010e fcf744e3 r 00         00000000  blt      x14, x15, . - 0x38
#385 0 800000d6 fe842783 r 0f         00000007  lw       x15, -0x18(x8)
#386 0 800000da     078a r 0f         0000001c  c.slli   x15, 2
#387 0 800000dc fdc42703 r 0e         f0040fb4  lw       x14, -0x24(x8)
#388 0 800000e0     97ba r 0f         f0040fd0  c.add    x15, x14
#389 0 800000e2     439c r 0f         0000000b  c.lw     x15, 0x0(x15)
#390 0 800000e4 fe042683 r 0d         f0040f40  lw       x13, -0x20(x8)
#391 0 800000e8 00279713 r 0e         0000002c  slli     x14, x15, 0x2
#392 0 800000ec     9736 r 0e         f0040f6c  c.add    x14, x13
#393 0 800000ee     4318 r 0e         00000000  c.lw     x14, 0x0(x14)
#394 0 800000f0     0705 r 0e         00000001  c.addi   x14, 0x1
#395 0 800000f2 fe042683 r 0d         f0040f40  lw       x13, -0x20(x8)
#396 0 800000f6     078a r 0f         0000002c  c.slli   x15, 2
#397 0 800000f8     97b6 r 0f         f0040f6c  c.add    x15, x13
#398 0 800000fa     c398 m f0040f6c   00000001  c.sw     x14, 0x0(x15)
#399 0 800000fc fe842783 r 0f         00000007  lw       x15, -0x18(x8)
#400 0 80000100     0785 r 0f         00000008  c.addi   x15, 0x1
#401 0 80000102 fef42423 m f0040f98   00000008  sw       x15, -0x18(x8)
#402 0 80000106 fe842703 r 0e         00000008  lw       x14, -0x18(x8)
#403 0 8000010a fd842783 r 0f         0000000d  lw       x15, -0x28(x8)
#404 0 8000010e fcf744e3 r 00         00000000  blt      x14, x15, . - 0x38
#405 0 800000d6 fe842783 r 0f         00000008  lw       x15, -0x18(x8)
#406 0 800000da     078a r 0f         00000020  c.slli   x15, 2
#407 0 800000dc fdc42703 r 0e         f0040fb4  lw       x14, -0x24(x8)
#408 0 800000e0     97ba r 0f         f0040fd4  c.add    x15, x14
#409 0 800000e2     439c r 0f         0000005a  c.lw     x15, 0x0(x15)
#410 0 800000e4 fe042683 r 0d         f0040f40  lw       x13, -0x20(x8)
#411 0 800000e8 00279713 r 0e         00000168  slli     x14, x15, 0x2
#412 0 800000ec     9736 r 0e         f00410a8  c.add    x14, x13
#413 0 800000ee     4318 r 0e         00000000  c.lw     x14, 0x0(x14)
#414 0 800000f0     0705 r 0e         00000001  c.addi   x14, 0x1
#415 0 800000f2 fe042683 r 0d         f0040f40  lw       x13, -0x20(x8)
#416 0 800000f6     078a r 0f         00000168  c.slli   x15, 2
#417 0 800000f8     97b6 r 0f         f00410a8  c.add    x15, x13
#418 0 800000fa     c398 m f00410a8   00000001  c.sw     x14, 0x0(x15)
#419 0 800000fc fe842783 r 0f         00000008  lw       x15, -0x18(x8)
#420 0 80000100     0785 r 0f         00000009  c.addi   x15, 0x1
#421 0 80000102 fef42423 m f0040f98   00000009  sw       x15, -0x18(x8)
#422 0 80000106 fe842703 r 0e         00000009  lw       x14, -0x18(x8)
#423 0 8000010a fd842783 r 0f         0000000d  lw       x15, -0x28(x8)
#424 0 8000010e fcf744e3 r 00         00000000  blt      x14, x15, . - 0x38
#425 0 800000d6 fe842783 r 0f         00000009  lw       x15, -0x18(x8)
#426 0 800000da     078a r 0f         00000024  c.slli   x15, 2
#427 0 800000dc fdc42703 r 0e         f0040fb4  lw       x14, -0x24(x8)
#428 0 800000e0     97ba r 0f         f0040fd8  c.add    x15, x14
#429 0 800000e2     439c r 0f         00000048  c.lw     x15, 0x0(x15)
#430 0 800000e4 fe042683 r 0d         f0040f40  lw       x13, -0x20(x8)
#431 0 800000e8 00279713 r 0e         00000120  slli     x14, x15, 0x2
#432 0 800000ec     9736 r 0e         f0041060  c.add    x14, x13
#433 0 800000ee     4318 r 0e         00000000  c.lw     x14, 0x0(x14)
#434 0 800000f0     0705 r 0e         00000001  c.addi   x14, 0x1
#435 0 800000f2 fe042683 r 0d         f0040f40  lw       x13, -0x20(x8)
#436 0 800000f6     078a r 0f         00000120  c.slli   x15, 2
#437 0 800000f8     97b6 r 0f         f0041060  c.add    x15, x13
#438 0 800000fa     c398 m f0041060   00000001  c.sw     x14, 0x0(x15)
#439 0 800000fc fe842783 r 0f         00000009  lw       x15, -0x18(x8)
#440 0 80000100     0785 r 0f         0000000a  c.addi   x15, 0x1
#441 0 80000102 fef42423 m f0040f98   0000000a  sw       x15, -0x18(x8)
#442 0 80000106 fe842703 r 0e         0000000a  lw       x14, -0x18(x8)
#443 0 8000010a fd842783 r 0f         0000000d  lw       x15, -0x28(x8)
#444 0 8000010e fcf744e3 r 00         00000000  blt      x14, x15, . - 0x38
#445 0 800000d6 fe842783 r 0f         0000000a  lw       x15, -0x18(x8)
#446 0 800000da     078a r 0f         00000028  c.slli   x15, 2
#447 0 800000dc fdc42703 r 0e         f0040fb4  lw       x14, -0x24(x8)
#448 0 800000e0     97ba r 0f         f0040fdc  c.add    x15, x14
#449 0 800000e2     439c r 0f         0000004e  c.lw     x15, 0x0(x15)
#450 0 800000e4 fe042683 r 0d         f0040f40  lw       x13, -0x20(x8)
#451 0 800000e8 00279713 r 0e         00000138  slli     x14, x15, 0x2
#452 0 800000ec     9736 r 0e         f0041078  c.add    x14, x13
#453 0 800000ee     4318 r 0e         00000000  c.lw     x14, 0x0(x14)
#454 0 800000f0     0705 r 0e         00000001  c.addi   x14, 0x1
#455 0 800000f2 fe042683 r 0d         f0040f40  lw       x13, -0x20(x8)
#456 0 800000f6     078a r 0f         00000138  c.slli   x15, 2
#457 0 800000f8     97b6 r 0f         f0041078  c.add    x15, x13
#458 0 800000fa     c398 m f0041078   00000001  c.sw     x14, 0x0(x15)
#459 0 800000fc fe842783 r 0f         0000000a  lw       x15, -0x18(x8)
#460 0 80000100     0785 r 0f         0000000b  c.addi   x15, 0x1
#461 0 80000102 fef42423 m f0040f98   0000000b  sw       x15, -0x18(x8)
#462 0 80000106 fe842703 r 0e         0000000b  lw       x14, -0x18(x8)
#463 0 8000010a fd842783 r 0f         0000000d  lw       x15, -0x28(x8)
#464 0 8000010e fcf744e3 r 00         00000000  blt      x14, x15, . - 0x38
#465 0 800000d6 fe842783 r 0f         0000000b  lw       x15, -0x18(x8)
#466 0 800000da     078a r 0f         0000002c  c.slli   x15, 2
#467 0 800000dc fdc42703 r 0e         f0040fb4  lw       x14, -0x24(x8)
#468 0 800000e0     97ba r 0f         f0040fe0  c.add    x15, x14
#469 0 800000e2     439c r 0f         00000022  c.lw     x15, 0x0(x15)
#470 0 800000e4 fe042683 r 0d         f0040f40  lw       x13, -0x20(x8)
#471 0 800000e8 00279713 r 0e         00000088  slli     x14, x15, 0x2
#472 0 800000ec     9736 r 0e         f0040fc8  c.add    x14, x13
#473 0 800000ee     4318 r 0e         00000017  c.lw     x14, 0x0(x14)
#474 0 800000f0     0705 r 0e         00000018  c.addi   x14, 0x1
#475 0 800000f2 fe042683 r 0d         f0040f40  lw       x13, -0x20(x8)
#476 0 800000f6     078a r 0f         00000088  c.slli   x15, 2
#477 0 800000f8     97b6 r 0f         f0040fc8  c.add    x15, x13
#478 0 800000fa     c398 m f0040fc8   00000018  c.sw     x14, 0x0(x15)
#479 0 800000fc fe842783 r 0f         0000000b  lw       x15, -0x18(x8)
#480 0 80000100     0785 r 0f         0000000c  c.addi   x15, 0x1
#481 0 80000102 fef42423 m f0040f98   0000000c  sw       x15, -0x18(x8)
#482 0 80000106 fe842703 r 0e         0000000c  lw       x14, -0x18(x8)
#483 0 8000010a fd842783 r 0f         0000000d  lw       x15, -0x28(x8)
#484 0 8000010e fcf744e3 r 00         00000000  blt      x14, x15, . - 0x38
#485 0 800000d6 fe842783 r 0f         0000000c  lw       x15, -0x18(x8)
#486 0 800000da     078a r 0f         00000030  c.slli   x15, 2
#487 0 800000dc fdc42703 r 0e         f0040fb4  lw       x14, -0x24(x8)
#488 0 800000e0     97ba r 0f         f0040fe4  c.add    x15, x14
#489 0 800000e2     439c r 0f         00000042  c.lw     x15, 0x0(x15)
#490 0 800000e4 fe042683 r 0d         f0040f40  lw       x13, -0x20(x8)
#491 0 800000e8 00279713 r 0e         00000108  slli     x14, x15, 0x2
#492 0 800000ec     9736 r 0e         f0041048  c.add    x14, x13
#493 0 800000ee     4318 r 0e         00000000  c.lw     x14, 0x0(x14)
#494 0 800000f0     0705 r 0e         00000001  c.addi   x14, 0x1
#495 0 800000f2 fe042683 r 0d         f0040f40  lw       x13, -0x20(x8)
#496 0 800000f6     078a r 0f         00000108  c.slli   x15, 2
#497 0 800000f8     97b6 r 0f         f0041048  c.add    x15, x13
#498 0 800000fa     c398 m f0041048   00000001  c.sw     x14, 0x0(x15)
#499 0 800000fc fe842783 r 0f         0000000c  lw       x15, -0x18(x8)
#500 0 80000100     0785 r 0f         0000000d  c.addi   x15, 0x1
#501 0 80000102 fef42423 m f0040f98   0000000d  sw       x15, -0x18(x8)
#502 0 80000106 fe842703 r 0e         0000000d  lw       x14, -0x18(x8)
#503 0 8000010a fd842783 r 0f         0000000d  lw       x15, -0x28(x8)
#504 0 8000010e fcf744e3 r 00         00000000  blt      x14, x15, . - 0x38
#505 0 80000112 fe042423 m f0040f98   00000000  sw       x0, -0x18(x8)
#506 0 80000116 fe042623 m f0040f9c   00000000  sw       x0, -0x14(x8)
#507 0 8000011a     a8a1 r 00         00000000  c.j      . + 0x58
#508 0 80000172 fe842703 r 0e         00000000  lw       x14, -0x18(x8)
#509 0 80000176 fd842783 r 0f         0000000d  lw       x15, -0x28(x8)
#510 0 8000017a fcf74ee3 r 00         00000000  blt      x14, x15, . - 0x24
#511 0 80000156 fe042703 r 0e         f0040f40  lw       x14, -0x20(x8)
#512 0 8000015a fe842783 r 0f         00000000  lw       x15, -0x18(x8)
#513 0 8000015e     078a r 0f         00000000  c.slli   x15, 2
#514 0 80000160     97ba r 0f         f0040f40  c.add    x15, x14
#515 0 80000162     439c r 0f         00000000  c.lw     x15, 0x0(x15)
#516 0 80000164 faf04ce3 r 00         00000000  blt      x0, x15, . - 0x48
#517 0 80000168 fe842783 r 0f         00000000  lw       x15, -0x18(x8)
#518 0 8000016c     0785 r 0f         00000001  c.addi   x15, 0x1
#519 0 8000016e fef42423 m f0040f98   00000001  sw       x15, -0x18(x8)
#520 0 80000172 fe842703 r 0e         00000001  lw       x14, -0x18(x8)
#521 0 80000176 fd842783 r 0f         0000000d  lw       x15, -0x28(x8)
#522 0 8000017a fcf74ee3 r 00         00000000  blt      x14, x15, . - 0x24
#523 0 80000156 fe042703 r 0e         f0040f40  lw       x14, -0x20(x8)
#524 0 8000015a fe842783 r 0f         00000001  lw       x15, -0x18(x8)
#525 0 8000015e     078a r 0f         00000004  c.slli   x15, 2
#526 0 80000160     97ba r 0f         f0040f44  c.add    x15, x14
#527 0 80000162     439c r 0f         00000000  c.lw     x15, 0x0(x15)
#528 0 80000164 faf04ce3 r 00         00000000  blt      x0, x15, . - 0x48
#529 0 80000168 fe842783 r 0f         00000001  lw       x15, -0x18(x8)
#530 0 8000016c     0785 r 0f         00000002  c.addi   x15, 0x1
#531 0 8000016e fef42423 m f0040f98   00000002  sw       x15, -0x18(x8)
#532 0 80000172 fe842703 r 0e         00000002  lw       x14, -0x18(x8)
#533 0 80000176 fd842783 r 0f         0000000d  lw       x15, -0x28(x8)
#534 0 8000017a fcf74ee3 r 00         00000000  blt      x14, x15, . - 0x24
#535 0 80000156 fe042703 r 0e         f0040f40  lw       x14, -0x20(x8)
#536 0 8000015a fe842783 r 0f         00000002  lw       x15, -0x18(x8)
#537 0 8000015e     078a r 0f         00000008  c.slli   x15, 2
#538 0 80000160     97ba r 0f         f0040f48  c.add    x15, x14
#539 0 80000162     439c r 0f         00000000  c.lw     x15, 0x0(x15)
#540 0 80000164 faf04ce3 r 00         00000000  blt      x0, x15, . - 0x48
#541 0 80000168 fe842783 r 0f         00000002  lw       x15, -0x18(x8)
#542 0 8000016c     0785 r 0f         00000003  c.addi   x15, 0x1
#543 0 8000016e fef42423 m f0040f98   00000003  sw       x15, -0x18(x8)
#544 0 80000172 fe842703 r 0e         00000003  lw       x14, -0x18(x8)
#545 0 80000176 fd842783 r 0f         0000000d  lw       x15, -0x28(x8)
#546 0 8000017a fcf74ee3 r 00         00000000  blt      x14, x15, . - 0x24
#547 0 80000156 fe042703 r 0e         f0040f40  lw       x14, -0x20(x8)
#548 0 8000015a fe842783 r 0f         00000003  lw       x15, -0x18(x8)
#549 0 8000015e     078a r 0f         0000000c  c.slli   x15, 2
#550 0 80000160     97ba r 0f         f0040f4c  c.add    x15, x14
#551 0 80000162     439c r 0f         00000000  c.lw     x15, 0x0(x15)
#552 0 80000164 faf04ce3 r 00         00000000  blt      x0, x15, . - 0x48
#553 0 80000168 fe842783 r 0f         00000003  lw       x15, -0x18(x8)
#554 0 8000016c     0785 r 0f         00000004  c.addi   x15, 0x1
#555 0 8000016e fef42423 m f0040f98   00000004  sw       x15, -0x18(x8)
#556 0 80000172 fe842703 r 0e         00000004  lw       x14, -0x18(x8)
#557 0 80000176 fd842783 r 0f         0000000d  lw       x15, -0x28(x8)
#558 0 8000017a fcf74ee3 r 00         00000000  blt      x14, x15, . - 0x24
#559 0 80000156 fe042703 r 0e         f0040f40  lw       x14, -0x20(x8)
#560 0 8000015a fe842783 r 0f         00000004  lw       x15, -0x18(x8)
#561 0 8000015e     078a r 0f         00000010  c.slli   x15, 2
#562 0 80000160     97ba r 0f         f0040f50  c.add    x15, x14
#563 0 80000162     439c r 0f         00000000  c.lw     x15, 0x0(x15)
#564 0 80000164 faf04ce3 r 00         00000000  blt      x0, x15, . - 0x48
#565 0 80000168 fe842783 r 0f         00000004  lw       x15, -0x18(x8)
#566 0 8000016c     0785 r 0f         00000005  c.addi   x15, 0x1
#567 0 8000016e fef42423 m f0040f98   00000005  sw       x15, -0x18(x8)
#568 0 80000172 fe842703 r 0e         00000005  lw       x14, -0x18(x8)
#569 0 80000176 fd842783 r 0f         0000000d  lw       x15, -0x28(x8)
#570 0 8000017a fcf74ee3 r 00         00000000  blt      x14, x15, . - 0x24
#571 0 80000156 fe042703 r 0e         f0040f40  lw       x14, -0x20(x8)
#572 0 8000015a fe842783 r 0f         00000005  lw       x15, -0x18(x8)
#573 0 8000015e     078a r 0f         00000014  c.slli   x15, 2
#574 0 80000160     97ba r 0f         f0040f54  c.add    x15, x14
#575 0 80000162     439c r 0f         00000000  c.lw     x15, 0x0(x15)
#576 0 80000164 faf04ce3 r 00         00000000  blt      x0, x15, . - 0x48
#577 0 80000168 fe842783 r 0f         00000005  lw       x15, -0x18(x8)
#578 0 8000016c     0785 r 0f         00000006  c.addi   x15, 0x1
#579 0 8000016e fef42423 m f0040f98   00000006  sw       x15, -0x18(x8)
#580 0 80000172 fe842703 r 0e         00000006  lw       x14, -0x18(x8)
#581 0 80000176 fd842783 r 0f         0000000d  lw       x15, -0x28(x8)
#582 0 8000017a fcf74ee3 r 00         00000000  blt      x14, x15, . - 0x24
#583 0 80000156 fe042703 r 0e         f0040f40  lw       x14, -0x20(x8)
#584 0 8000015a fe842783 r 0f         00000006  lw       x15, -0x18(x8)
#585 0 8000015e     078a r 0f         00000018  c.slli   x15, 2
#586 0 80000160     97ba r 0f         f0040f58  c.add    x15, x14
#587 0 80000162     439c r 0f         00000000  c.lw     x15, 0x0(x15)
#588 0 80000164 faf04ce3 r 00         00000000  blt      x0, x15, . - 0x48
#589 0 80000168 fe842783 r 0f         00000006  lw       x15, -0x18(x8)
#590 0 8000016c     0785 r 0f         00000007  c.addi   x15, 0x1
#591 0 8000016e fef42423 m f0040f98   00000007  sw       x15, -0x18(x8)
#592 0 80000172 fe842703 r 0e         00000007  lw       x14, -0x18(x8)
#593 0 80000176 fd842783 r 0f         0000000d  lw       x15, -0x28(x8)
#594 0 8000017a fcf74ee3 r 00         00000000  blt      x14, x15, . - 0x24
#595 0 80000156 fe042703 r 0e         f0040f40  lw       x14, -0x20(x8)
#596 0 8000015a fe842783 r 0f         00000007  lw       x15, -0x18(x8)
#597 0 8000015e     078a r 0f         0000001c  c.slli   x15, 2
#598 0 80000160     97ba r 0f         f0040f5c  c.add    x15, x14
#599 0 80000162     439c r 0f         00000000  c.lw     x15, 0x0(x15)
#600 0 80000164 faf04ce3 r 00         00000000  blt      x0, x15, . - 0x48
#601 0 80000168 fe842783 r 0f         00000007  lw       x15, -0x18(x8)
#602 0 8000016c     0785 r 0f         00000008  c.addi   x15, 0x1
#603 0 8000016e fef42423 m f0040f98   00000008  sw       x15, -0x18(x8)
#604 0 80000172 fe842703 r 0e         00000008  lw       x14, -0x18(x8)
#605 0 80000176 fd842783 r 0f         0000000d  lw       x15, -0x28(x8)
#606 0 8000017a fcf74ee3 r 00         00000000  blt      x14, x15, . - 0x24
#607 0 80000156 fe042703 r 0e         f0040f40  lw       x14, -0x20(x8)
#608 0 8000015a fe842783 r 0f         00000008  lw       x15, -0x18(x8)
#609 0 8000015e     078a r 0f         00000020  c.slli   x15, 2
#610 0 80000160     97ba r 0f         f0040f60  c.add    x15, x14
#611 0 80000162     439c r 0f         00000000  c.lw     x15, 0x0(x15)
#612 0 80000164 faf04ce3 r 00         00000000  blt      x0, x15, . - 0x48
#613 0 80000168 fe842783 r 0f         00000008  lw       x15, -0x18(x8)
#614 0 8000016c     0785 r 0f         00000009  c.addi   x15, 0x1
#615 0 8000016e fef42423 m f0040f98   00000009  sw       x15, -0x18(x8)
#616 0 80000172 fe842703 r 0e         00000009  lw       x14, -0x18(x8)
#617 0 80000176 fd842783 r 0f         0000000d  lw       x15, -0x28(x8)
#618 0 8000017a fcf74ee3 r 00         00000000  blt      x14, x15, . - 0x24
#619 0 80000156 fe042703 r 0e         f0040f40  lw       x14, -0x20(x8)
#620 0 8000015a fe842783 r 0f         00000009  lw       x15, -0x18(x8)
#621 0 8000015e     078a r 0f         00000024  c.slli   x15, 2
#622 0 80000160     97ba r 0f         f0040f64  c.add    x15, x14
#623 0 80000162     439c r 0f         00000000  c.lw     x15, 0x0(x15)
#624 0 80000164 faf04ce3 r 00         00000000  blt      x0, x15, . - 0x48
#625 0 80000168 fe842783 r 0f         00000009  lw       x15, -0x18(x8)
#626 0 8000016c     0785 r 0f         0000000a  c.addi   x15, 0x1
#627 0 8000016e fef42423 m f0040f98   0000000a  sw       x15, -0x18(x8)
#628 0 80000172 fe842703 r 0e         0000000a  lw       x14, -0x18(x8)
#629 0 80000176 fd842783 r 0f         0000000d  lw       x15, -0x28(x8)
#630 0 8000017a fcf74ee3 r 00         00000000  blt      x14, x15, . - 0x24
#631 0 80000156 fe042703 r 0e         f0040f40  lw       x14, -0x20(x8)
#632 0 8000015a fe842783 r 0f         0000000a  lw       x15, -0x18(x8)
#633 0 8000015e     078a r 0f         00000028  c.slli   x15, 2
#634 0 80000160     97ba r 0f         f0040f68  c.add    x15, x14
#635 0 80000162     439c r 0f         00000000  c.lw     x15, 0x0(x15)
#636 0 80000164 faf04ce3 r 00         00000000  blt      x0, x15, . - 0x48
#637 0 80000168 fe842783 r 0f         0000000a  lw       x15, -0x18(x8)
#638 0 8000016c     0785 r 0f         0000000b  c.addi   x15, 0x1
#639 0 8000016e fef42423 m f0040f98   0000000b  sw       x15, -0x18(x8)
#640 0 80000172 fe842703 r 0e         0000000b  lw       x14, -0x18(x8)
#641 0 80000176 fd842783 r 0f         0000000d  lw       x15, -0x28(x8)
#642 0 8000017a fcf74ee3 r 00         00000000  blt      x14, x15, . - 0x24
#643 0 80000156 fe042703 r 0e         f0040f40  lw       x14, -0x20(x8)
#644 0 8000015a fe842783 r 0f         0000000b  lw       x15, -0x18(x8)
#645 0 8000015e     078a r 0f         0000002c  c.slli   x15, 2
#646 0 80000160     97ba r 0f         f0040f6c  c.add    x15, x14
#647 0 80000162     439c r 0f         00000001  c.lw     x15, 0x0(x15)
#648 0 80000164 faf04ce3 r 00         00000000  blt      x0, x15, . - 0x48
#649 0 8000011c fec42783 r 0f         00000000  lw       x15, -0x14(x8)
#650 0 80000120 00178713 r 0e         00000001  addi     x14, x15, 0x1
#651 0 80000124 fee42623 m f0040f9c   00000001  sw       x14, -0x14(x8)
#652 0 80000128     078a r 0f         00000000  c.slli   x15, 2
#653 0 8000012a fdc42703 r 0e         f0040fb4  lw       x14, -0x24(x8)
#654 0 8000012e     97ba r 0f         f0040fb4  c.add    x15, x14
#655 0 80000130 fe842703 r 0e         0000000b  lw       x14, -0x18(x8)
#656 0 80000134     c398 m f0040fb4   0000000b  c.sw     x14, 0x0(x15)
#657 0 80000136 fe042703 r 0e         f0040f40  lw       x14, -0x20(x8)
#658 0 8000013a fe842783 r 0f         0000000b  lw       x15, -0x18(x8)
#659 0 8000013e     078a r 0f         0000002c  c.slli   x15, 2
#660 0 80000140     97ba r 0f         f0040f6c  c.add    x15, x14
#661 0 80000142     439c r 0f         00000001  c.lw     x15, 0x0(x15)
#662 0 80000144 fff78713 r 0e         00000000  addi     x14, x15, -0x1
#663 0 80000148 fe042683 r 0d         f0040f40  lw       x13, -0x20(x8)
#664 0 8000014c fe842783 r 0f         0000000b  lw       x15, -0x18(x8)
#665 0 80000150     078a r 0f         0000002c  c.slli   x15, 2
#666 0 80000152     97b6 r 0f         f0040f6c  c.add    x15, x13
#667 0 80000154     c398 m f0040f6c   00000000  c.sw     x14, 0x0(x15)
#668 0 80000156 fe042703 r 0e         f0040f40  lw       x14, -0x20(x8)
#669 0 8000015a fe842783 r 0f         0000000b  lw       x15, -0x18(x8)
#670 0 8000015e     078a r 0f         0000002c  c.slli   x15, 2
#671 0 80000160     97ba r 0f         f0040f6c  c.add    x15, x14
#672 0 80000162     439c r 0f         00000000  c.lw     x15, 0x0(x15)
#673 0 80000164 faf04ce3 r 00         00000000  blt      x0, x15, . - 0x48
#674 0 80000168 fe842783 r 0f         0000000b  lw       x15, -0x18(x8)
#675 0 8000016c     0785 r 0f         0000000c  c.addi   x15, 0x1
#676 0 8000016e fef42423 m f0040f98   0000000c  sw       x15, -0x18(x8)
#677 0 80000172 fe842703 r 0e         0000000c  lw       x14, -0x18(x8)
#678 0 80000176 fd842783 r 0f         0000000d  lw       x15, -0x28(x8)
#679 0 8000017a fcf74ee3 r 00         00000000  blt      x14, x15, . - 0x24
#680 0 80000156 fe042703 r 0e         f0040f40  lw       x14, -0x20(x8)
#681 0 8000015a fe842783 r 0f         0000000c  lw       x15, -0x18(x8)
#682 0 8000015e     078a r 0f         00000030  c.slli   x15, 2
#683 0 80000160     97ba r 0f         f0040f70  c.add    x15, x14
#684 0 80000162     439c r 0f         00000001  c.lw     x15, 0x0(x15)
#685 0 80000164 faf04ce3 r 00         00000000  blt      x0, x15, . - 0x48
#686 0 8000011c fec42783 r 0f         00000001  lw       x15, -0x14(x8)
#687 0 80000120 00178713 r 0e         00000002  addi     x14, x15, 0x1
#688 0 80000124 fee42623 m f0040f9c   00000002  sw       x14, -0x14(x8)
#689 0 80000128     078a r 0f         00000004  c.slli   x15, 2
#690 0 8000012a fdc42703 r 0e         f0040fb4  lw       x14, -0x24(x8)
#691 0 8000012e     97ba r 0f         f0040fb8  c.add    x15, x14
#692 0 80000130 fe842703 r 0e         0000000c  lw       x14, -0x18(x8)
#693 0 80000134     c398 m f0040fb8   0000000c  c.sw     x14, 0x0(x15)
#694 0 80000136 fe042703 r 0e         f0040f40  lw       x14, -0x20(x8)
#695 0 8000013a fe842783 r 0f         0000000c  lw       x15, -0x18(x8)
#696 0 8000013e     078a r 0f         00000030  c.slli   x15, 2
#697 0 80000140     97ba r 0f         f0040f70  c.add    x15, x14
#698 0 80000142     439c r 0f         00000001  c.lw     x15, 0x0(x15)
#699 0 80000144 fff78713 r 0e         00000000  addi     x14, x15, -0x1
#700 0 80000148 fe042683 r 0d         f0040f40  lw       x13, -0x20(x8)
#701 0 8000014c fe842783 r 0f         0000000c  lw       x15, -0x18(x8)
#702 0 80000150     078a r 0f         00000030  c.slli   x15, 2
#703 0 80000152     97b6 r 0f         f0040f70  c.add    x15, x13
#704 0 80000154     c398 m f0040f70   00000000  c.sw     x14, 0x0(x15)
#705 0 80000156 fe042703 r 0e         f0040f40  lw       x14, -0x20(x8)
#706 0 8000015a fe842783 r 0f         0000000c  lw       x15, -0x18(x8)
#707 0 8000015e     078a r 0f         00000030  c.slli   x15, 2
#708 0 80000160     97ba r 0f         f0040f70  c.add    x15, x14
#709 0 80000162     439c r 0f         00000000  c.lw     x15, 0x0(x15)
#710 0 80000164 faf04ce3 r 00         00000000  blt      x0, x15, . - 0x48
#711 0 80000168 fe842783 r 0f         0000000c  lw       x15, -0x18(x8)
#712 0 8000016c     0785 r 0f         0000000d  c.addi   x15, 0x1
#713 0 8000016e fef42423 m f0040f98   0000000d  sw       x15, -0x18(x8)
#714 0 80000172 fe842703 r 0e         0000000d  lw       x14, -0x18(x8)
#715 0 80000176 fd842783 r 0f         0000000d  lw       x15, -0x28(x8)
#716 0 8000017a fcf74ee3 r 00         00000000  blt      x14, x15, . - 0x24
#717 0 8000017e     8172 r 02         f0040f80  c.mv     x2, x28
#718 0 80000180     0001 r 00         00000000  c.nop
#719 0 80000182 fd040113 r 02         f0040f80  addi     x2, x8, -0x30
#720 0 80000186     5432 r 08         f0041000  c.lwsp   x8, 0x2c
#721 0 80000188     6145 r 02         f0040fb0  c.addi16sp 0x3
#722 0 8000018a     8082 r 00         00000000  c.jr     x1
#723 0 80000240     0001 r 00         00000000  c.nop
#724 0 80000242     40b6 r 01         80000016  c.lwsp   x1, 0x4c
#725 0 80000244     4426 r 08         00000000  c.lwsp   x8, 0x48
#726 0 80000246     6161 r 02         f0041000  c.addi16sp 0x5
#727 0 80000248     8082 r 00         00000000  c.jr     x1
#728 0 80000016 50580297 r 05         d0580016  auipc    x5, 0x50580
#729 0 8000001a fea28293 r 05         d0580000  addi     x5, x5, -0x16
#730 0 8000001e 0ff00313 r 06         000000ff  addi     x6, x0, 0xff
#731 0 80000022 00628023 m d0580000   000000ff  sb       x6, 0x0(x5)
