#1 0 800000a0     1141 r 02         fffffff0  c.addi   x2, -0x10
#2 0 800000a2     c606 m fffffffc   00000000  c.swsp   x1, 0xc
#3 0 800000a4     c422 m fffffff8   00000000  c.swsp   x8, 0x8
#4 0 800000a6     0800 r 08         00000000  c.addi4spn  x8, 0x4
#5 0 800000a8     3fa1 r 01         800000aa  c.jal    . - 0xa8
#6 0 80000000     7139 r 02         ffffffb0  c.addi16sp -0x4
#7 0 80000002     de22 m ffffffec   00000000  c.swsp   x8, 0x3c
#8 0 80000004     0080 r 08         fffffff0  c.addi4spn  x8, 0x10
#9 0 80000006 f00407b7 r 0f         f0040000  lui      x15, -0xffc0
#10 0 8000000a 00078793 r 0f         f0040000  addi     x15, x15, 0x0
#11 0 8000000e     438c r 0b         0000000b  c.lw     x11, 0x0(x15)
#12 0 80000010     43d0 r 0c         0000001d  c.lw     x12, 0x4(x15)
#13 0 80000012     4794 r 0d         00000053  c.lw     x13, 0x8(x15)
#14 0 80000014     47d8 r 0e         0000006d  c.lw     x14, 0xc(x15)
#15 0 80000016     4b9c r 0f         00000009  c.lw     x15, 0x10(x15)
#16 0 80000018 fcb42a23 m ffffffc4   0000000b  sw       x11, -0x2c(x8)
#17 0 8000001c fcc42c23 m ffffffc8   0000001d  sw       x12, -0x28(x8)
#18 0 80000020 fcd42e23 m ffffffcc   00000053  sw       x13, -0x24(x8)
#19 0 80000024 fee42023 m ffffffd0   0000006d  sw       x14, -0x20(x8)
#20 0 80000028 fef42223 m ffffffd4   00000009  sw       x15, -0x1c(x8)
#21 0 8000002c f00407b7 r 0f         f0040000  lui      x15, -0xffc0
#22 0 80000030 01478793 r 0f         f0040014  addi     x15, x15, 0x14
#23 0 80000034     438c r 0b         00000059  c.lw     x11, 0x0(x15)
#24 0 80000036     43d0 r 0c         0000003e  c.lw     x12, 0x4(x15)
#25 0 80000038     4794 r 0d         00000049  c.lw     x13, 0x8(x15)
#26 0 8000003a     47d8 r 0e         0000005a  c.lw     x14, 0xc(x15)
#27 0 8000003c     4b9c r 0f         00000007  c.lw     x15, 0x10(x15)
#28 0 8000003e fcb42023 m ffffffb0   00000059  sw       x11, -0x40(x8)
#29 0 80000042 fcc42223 m ffffffb4   0000003e  sw       x12, -0x3c(x8)
#30 0 80000046 fcd42423 m ffffffb8   00000049  sw       x13, -0x38(x8)
#31 0 8000004a fce42623 m ffffffbc   0000005a  sw       x14, -0x34(x8)
#32 0 8000004e fcf42823 m ffffffc0   00000007  sw       x15, -0x30(x8)
#33 0 80000052 fe042423 m ffffffd8   00000000  sw       x0, -0x18(x8)
#34 0 80000056 fe042623 m ffffffdc   00000000  sw       x0, -0x14(x8)
#35 0 8000005a     a80d r 00         00000000  c.j      . + 0x32
#36 0 8000008c fec42703 r 0e         00000000  lw       x14, -0x14(x8)
#37 0 80000090     4791 r 0f         00000004  c.li     x15, 0x4
#38 0 80000092 fce7d5e3 r 00         00000000  bge      x15, x14, . - 0x36
#39 0 8000005c fec42783 r 0f         00000000  lw       x15, -0x14(x8)
#40 0 80000060     078a r 0f         00000000  c.slli   x15, 2
#41 0 80000062 ff040713 r 0e         ffffffe0  addi     x14, x8, -0x10
#42 0 80000066     97ba r 0f         ffffffe0  c.add    x15, x14
#43 0 80000068 fe47a703 r 0e         0000000b  lw       x14, -0x1c(x15)
#44 0 8000006c fec42783 r 0f         00000000  lw       x15, -0x14(x8)
#45 0 80000070     078a r 0f         00000000  c.slli   x15, 2
#46 0 80000072 ff040693 r 0d         ffffffe0  addi     x13, x8, -0x10
#47 0 80000076     97b6 r 0f         ffffffe0  c.add    x15, x13
#48 0 80000078 fd07a783 r 0f         00000059  lw       x15, -0x30(x15)
#49 0 8000007c     97ba r 0f         00000064  c.add    x15, x14
#50 0 8000007e fef42423 m ffffffd8   00000064  sw       x15, -0x18(x8)
#51 0 80000082 fec42783 r 0f         00000000  lw       x15, -0x14(x8)
#52 0 80000086     0785 r 0f         00000001  c.addi   x15, 0x1
#53 0 80000088 fef42623 m ffffffdc   00000001  sw       x15, -0x14(x8)
#54 0 8000008c fec42703 r 0e         00000001  lw       x14, -0x14(x8)
#55 0 80000090     4791 r 0f         00000004  c.li     x15, 0x4
#56 0 80000092 fce7d5e3 r 00         00000000  bge      x15, x14, . - 0x36
#57 0 8000005c fec42783 r 0f         00000001  lw       x15, -0x14(x8)
#58 0 80000060     078a r 0f         00000004  c.slli   x15, 2
#59 0 80000062 ff040713 r 0e         ffffffe0  addi     x14, x8, -0x10
#60 0 80000066     97ba r 0f         ffffffe4  c.add    x15, x14
#61 0 80000068 fe47a703 r 0e         0000001d  lw       x14, -0x1c(x15)
#62 0 8000006c fec42783 r 0f         00000001  lw       x15, -0x14(x8)
#63 0 80000070     078a r 0f         00000004  c.slli   x15, 2
#64 0 80000072 ff040693 r 0d         ffffffe0  addi     x13, x8, -0x10
#65 0 80000076     97b6 r 0f         ffffffe4  c.add    x15, x13
#66 0 80000078 fd07a783 r 0f         0000003e  lw       x15, -0x30(x15)
#67 0 8000007c     97ba r 0f         0000005b  c.add    x15, x14
#68 0 8000007e fef42423 m ffffffd8   0000005b  sw       x15, -0x18(x8)
#69 0 80000082 fec42783 r 0f         00000001  lw       x15, -0x14(x8)
#70 0 80000086     0785 r 0f         00000002  c.addi   x15, 0x1
#71 0 80000088 fef42623 m ffffffdc   00000002  sw       x15, -0x14(x8)
#72 0 8000008c fec42703 r 0e         00000002  lw       x14, -0x14(x8)
#73 0 80000090     4791 r 0f         00000004  c.li     x15, 0x4
#74 0 80000092 fce7d5e3 r 00         00000000  bge      x15, x14, . - 0x36
#75 0 8000005c fec42783 r 0f         00000002  lw       x15, -0x14(x8)
#76 0 80000060     078a r 0f         00000008  c.slli   x15, 2
#77 0 80000062 ff040713 r 0e         ffffffe0  addi     x14, x8, -0x10
#78 0 80000066     97ba r 0f         ffffffe8  c.add    x15, x14
#79 0 80000068 fe47a703 r 0e         00000053  lw       x14, -0x1c(x15)
#80 0 8000006c fec42783 r 0f         00000002  lw       x15, -0x14(x8)
#81 0 80000070     078a r 0f         00000008  c.slli   x15, 2
#82 0 80000072 ff040693 r 0d         ffffffe0  addi     x13, x8, -0x10
#83 0 80000076     97b6 r 0f         ffffffe8  c.add    x15, x13
#84 0 80000078 fd07a783 r 0f         00000049  lw       x15, -0x30(x15)
#85 0 8000007c     97ba r 0f         0000009c  c.add    x15, x14
#86 0 8000007e fef42423 m ffffffd8   0000009c  sw       x15, -0x18(x8)
#87 0 80000082 fec42783 r 0f         00000002  lw       x15, -0x14(x8)
#88 0 80000086     0785 r 0f         00000003  c.addi   x15, 0x1
#89 0 80000088 fef42623 m ffffffdc   00000003  sw       x15, -0x14(x8)
#90 0 8000008c fec42703 r 0e         00000003  lw       x14, -0x14(x8)
#91 0 80000090     4791 r 0f         00000004  c.li     x15, 0x4
#92 0 80000092 fce7d5e3 r 00         00000000  bge      x15, x14, . - 0x36
#93 0 8000005c fec42783 r 0f         00000003  lw       x15, -0x14(x8)
#94 0 80000060     078a r 0f         0000000c  c.slli   x15, 2
#95 0 80000062 ff040713 r 0e         ffffffe0  addi     x14, x8, -0x10
#96 0 80000066     97ba r 0f         ffffffec  c.add    x15, x14
#97 0 80000068 fe47a703 r 0e         0000006d  lw       x14, -0x1c(x15)
#98 0 8000006c fec42783 r 0f         00000003  lw       x15, -0x14(x8)
#99 0 80000070     078a r 0f         0000000c  c.slli   x15, 2
#100 0 80000072 ff040693 r 0d         ffffffe0  addi     x13, x8, -0x10
#101 0 80000076     97b6 r 0f         ffffffec  c.add    x15, x13
#102 0 80000078 fd07a783 r 0f         0000005a  lw       x15, -0x30(x15)
#103 0 8000007c     97ba r 0f         000000c7  c.add    x15, x14
#104 0 8000007e fef42423 m ffffffd8   000000c7  sw       x15, -0x18(x8)
#105 0 80000082 fec42783 r 0f         00000003  lw       x15, -0x14(x8)
#106 0 80000086     0785 r 0f         00000004  c.addi   x15, 0x1
#107 0 80000088 fef42623 m ffffffdc   00000004  sw       x15, -0x14(x8)
#108 0 8000008c fec42703 r 0e         00000004  lw       x14, -0x14(x8)
#109 0 80000090     4791 r 0f         00000004  c.li     x15, 0x4
#110 0 80000092 fce7d5e3 r 00         00000000  bge      x15, x14, . - 0x36
#111 0 8000005c fec42783 r 0f         00000004  lw       x15, -0x14(x8)
#112 0 80000060     078a r 0f         00000010  c.slli   x15, 2
#113 0 80000062 ff040713 r 0e         ffffffe0  addi     x14, x8, -0x10
#114 0 80000066     97ba r 0f         fffffff0  c.add    x15, x14
#115 0 80000068 fe47a703 r 0e         00000009  lw       x14, -0x1c(x15)
#116 0 8000006c fec42783 r 0f         00000004  lw       x15, -0x14(x8)
#117 0 80000070     078a r 0f         00000010  c.slli   x15, 2
#118 0 80000072 ff040693 r 0d         ffffffe0  addi     x13, x8, -0x10
#119 0 80000076     97b6 r 0f         fffffff0  c.add    x15, x13
#120 0 80000078 fd07a783 r 0f         00000007  lw       x15, -0x30(x15)
#121 0 8000007c     97ba r 0f         00000010  c.add    x15, x14
#122 0 8000007e fef42423 m ffffffd8   00000010  sw       x15, -0x18(x8)
#123 0 80000082 fec42783 r 0f         00000004  lw       x15, -0x14(x8)
#124 0 80000086     0785 r 0f         00000005  c.addi   x15, 0x1
#125 0 80000088 fef42623 m ffffffdc   00000005  sw       x15, -0x14(x8)
#126 0 8000008c fec42703 r 0e         00000005  lw       x14, -0x14(x8)
#127 0 80000090     4791 r 0f         00000004  c.li     x15, 0x4
#128 0 80000092 fce7d5e3 r 00         00000000  bge      x15, x14, . - 0x36
#129 0 80000096     0001 r 00         00000000  c.nop
#130 0 80000098     0001 r 00         00000000  c.nop
#131 0 8000009a     5472 r 08         00000000  c.lwsp   x8, 0x3c
#132 0 8000009c     6121 r 02         fffffff0  c.addi16sp 0x4
#133 0 8000009e     8082 r 00         00000000  c.jr     x1
#134 0 800000aa f00407b7 r 0f         f0040000  lui      x15, -0xffc0
#135 0 800000ae     4705 r 0e         00000001  c.li     x14, 0x1
#136 0 800000b0 02e7a423 m f0040028   00000001  sw       x14, 0x28(x15)
