#1 0 80000000 595552b7 r 05         59555000  lui      x5, 0x59555
#2 0 80000004 55528293 r 05         59555555  addi     x5, x5, 0x555
#3 0 80000008 7c029073 c 07c0       59555555  csrrw    x0, mrac, x5
#4 0 8000000c 70041117 r 02         f004100c  auipc    x2, 0x70041
#5 0 80000010 05410113 r 02         f0041060  addi     x2, x2, 0x54
#6 0 80000014 0ba000ef r 01         80000018  jal      x1, . + 0xba
#7 0 800000ce     1101 r 02         f0041040  c.addi   x2, -0x20
#8 0 800000d0     ce06 m f004105c   80000018  c.swsp   x1, 0x1c
#9 0 800000d2     cc22 m f0041058   00000000  c.swsp   x8, 0x18
#10 0 800000d4     1000 r 08         f0041060  c.addi4spn  x8, 0x8
#11 0 800000d6 fe042623 m f004104c   00000000  sw       x0, -0x14(x8)
#12 0 800000da     a005 r 00         00000000  c.j      . + 0x20
#13 0 800000fa f00407b7 r 0f         f0040000  lui      x15, -0xffc0
#14 0 800000fe 0407a783 r 0f         00000004  lw       x15, 0x40(x15)
#15 0 80000102 fec42703 r 0e         00000000  lw       x14, -0x14(x8)
#16 0 80000106 fcf74be3 r 00         00000000  blt      x14, x15, . - 0x2a
#17 0 800000dc f00407b7 r 0f         f0040000  lui      x15, -0xffc0
#18 0 800000e0 04478713 r 0e         f0040044  addi     x14, x15, 0x44
#19 0 800000e4 fec42783 r 0f         00000000  lw       x15, -0x14(x8)
#20 0 800000e8     078a r 0f         00000000  c.slli   x15, 2
#21 0 800000ea     97ba r 0f         f0040044  c.add    x15, x14
#22 0 800000ec 0007a023 m f0040044   00000000  sw       x0, 0x0(x15)
#23 0 800000f0 fec42783 r 0f         00000000  lw       x15, -0x14(x8)
#24 0 800000f4     0785 r 0f         00000001  c.addi   x15, 0x1
#25 0 800000f6 fef42623 m f004104c   00000001  sw       x15, -0x14(x8)
#26 0 800000fa f00407b7 r 0f         f0040000  lui      x15, -0xffc0
#27 0 800000fe 0407a783 r 0f         00000004  lw       x15, 0x40(x15)
#28 0 80000102 fec42703 r 0e         00000001  lw       x14, -0x14(x8)
#29 0 80000106 fcf74be3 r 00         00000000  blt      x14, x15, . - 0x2a
#30 0 800000dc f00407b7 r 0f         f0040000  lui      x15, -0xffc0
#31 0 800000e0 04478713 r 0e         f0040044  addi     x14, x15, 0x44
#32 0 800000e4 fec42783 r 0f         00000001  lw       x15, -0x14(x8)
#33 0 800000e8     078a r 0f         00000004  c.slli   x15, 2
#34 0 800000ea     97ba r 0f         f0040048  c.add    x15, x14
#35 0 800000ec 0007a023 m f0040048   00000000  sw       x0, 0x0(x15)
#36 0 800000f0 fec42783 r 0f         00000001  lw       x15, -0x14(x8)
#37 0 800000f4     0785 r 0f         00000002  c.addi   x15, 0x1
#38 0 800000f6 fef42623 m f004104c   00000002  sw       x15, -0x14(x8)
#39 0 800000fa f00407b7 r 0f         f0040000  lui      x15, -0xffc0
#40 0 800000fe 0407a783 r 0f         00000004  lw       x15, 0x40(x15)
#41 0 80000102 fec42703 r 0e         00000002  lw       x14, -0x14(x8)
#42 0 80000106 fcf74be3 r 00         00000000  blt      x14, x15, . - 0x2a
#43 0 800000dc f00407b7 r 0f         f0040000  lui      x15, -0xffc0
#44 0 800000e0 04478713 r 0e         f0040044  addi     x14, x15, 0x44
#45 0 800000e4 fec42783 r 0f         00000002  lw       x15, -0x14(x8)
#46 0 800000e8     078a r 0f         00000008  c.slli   x15, 2
#47 0 800000ea     97ba r 0f         f004004c  c.add    x15, x14
#48 0 800000ec 0007a023 m f004004c   00000000  sw       x0, 0x0(x15)
#49 0 800000f0 fec42783 r 0f         00000002  lw       x15, -0x14(x8)
#50 0 800000f4     0785 r 0f         00000003  c.addi   x15, 0x1
#51 0 800000f6 fef42623 m f004104c   00000003  sw       x15, -0x14(x8)
#52 0 800000fa f00407b7 r 0f         f0040000  lui      x15, -0xffc0
#53 0 800000fe 0407a783 r 0f         00000004  lw       x15, 0x40(x15)
#54 0 80000102 fec42703 r 0e         00000003  lw       x14, -0x14(x8)
#55 0 80000106 fcf74be3 r 00         00000000  blt      x14, x15, . - 0x2a
#56 0 800000dc f00407b7 r 0f         f0040000  lui      x15, -0xffc0
#57 0 800000e0 04478713 r 0e         f0040044  addi     x14, x15, 0x44
#58 0 800000e4 fec42783 r 0f         00000003  lw       x15, -0x14(x8)
#59 0 800000e8     078a r 0f         0000000c  c.slli   x15, 2
#60 0 800000ea     97ba r 0f         f0040050  c.add    x15, x14
#61 0 800000ec 0007a023 m f0040050   00000000  sw       x0, 0x0(x15)
#62 0 800000f0 fec42783 r 0f         00000003  lw       x15, -0x14(x8)
#63 0 800000f4     0785 r 0f         00000004  c.addi   x15, 0x1
#64 0 800000f6 fef42623 m f004104c   00000004  sw       x15, -0x14(x8)
#65 0 800000fa f00407b7 r 0f         f0040000  lui      x15, -0xffc0
#66 0 800000fe 0407a783 r 0f         00000004  lw       x15, 0x40(x15)
#67 0 80000102 fec42703 r 0e         00000004  lw       x14, -0x14(x8)
#68 0 80000106 fcf74be3 r 00         00000000  blt      x14, x15, . - 0x2a
#69 0 8000010a     4501 r 0a         00000000  c.li     x10, 0x0
#70 0 8000010c     3f2d r 01         8000010e  c.jal    . - 0xc6
#71 0 80000046     7179 r 02         f0041010  c.addi16sp -0x3
#72 0 80000048     d606 m f004103c   8000010e  c.swsp   x1, 0x2c
#73 0 8000004a     d422 m f0041038   f0041060  c.swsp   x8, 0x28
#74 0 8000004c     1800 r 08         f0041040  c.addi4spn  x8, 0xc
#75 0 8000004e fca42e23 m f004101c   00000000  sw       x10, -0x24(x8)
#76 0 80000052 f00407b7 r 0f         f0040000  lui      x15, -0xffc0
#77 0 80000056 04478713 r 0e         f0040044  addi     x14, x15, 0x44
#78 0 8000005a fdc42783 r 0f         00000000  lw       x15, -0x24(x8)
#79 0 8000005e     078a r 0f         00000000  c.slli   x15, 2
#80 0 80000060     97ba r 0f         f0040044  c.add    x15, x14
#81 0 80000062     4705 r 0e         00000001  c.li     x14, 0x1
#82 0 80000064     c398 m f0040044   00000001  c.sw     x14, 0x0(x15)
#83 0 80000066 fe042623 m f004102c   00000000  sw       x0, -0x14(x8)
#84 0 8000006a     a0a1 r 00         00000000  c.j      . + 0x48
#85 0 800000b2 f00407b7 r 0f         f0040000  lui      x15, -0xffc0
#86 0 800000b6 0407a783 r 0f         00000004  lw       x15, 0x40(x15)
#87 0 800000ba fec42703 r 0e         00000000  lw       x14, -0x14(x8)
#88 0 800000be faf747e3 r 00         00000000  blt      x14, x15, . - 0x52
#89 0 8000006c f00407b7 r 0f         f0040000  lui      x15, -0xffc0
#90 0 80000070 04478713 r 0e         f0040044  addi     x14, x15, 0x44
#91 0 80000074 fec42783 r 0f         00000000  lw       x15, -0x14(x8)
#92 0 80000078     078a r 0f         00000000  c.slli   x15, 2
#93 0 8000007a     97ba r 0f         f0040044  c.add    x15, x14
#94 0 8000007c     439c r 0f         00000001  c.lw     x15, 0x0(x15)
#95 0 8000007e     e78d r 00         00000000  c.bnez   x15, . + 0x2a
#96 0 800000a8 fec42783 r 0f         00000000  lw       x15, -0x14(x8)
#97 0 800000ac     0785 r 0f         00000001  c.addi   x15, 0x1
#98 0 800000ae fef42623 m f004102c   00000001  sw       x15, -0x14(x8)
#99 0 800000b2 f00407b7 r 0f         f0040000  lui      x15, -0xffc0
#100 0 800000b6 0407a783 r 0f         00000004  lw       x15, 0x40(x15)
#101 0 800000ba fec42703 r 0e         00000001  lw       x14, -0x14(x8)
#102 0 800000be faf747e3 r 00         00000000  blt      x14, x15, . - 0x52
#103 0 8000006c f00407b7 r 0f         f0040000  lui      x15, -0xffc0
#104 0 80000070 04478713 r 0e         f0040044  addi     x14, x15, 0x44
#105 0 80000074 fec42783 r 0f         00000001  lw       x15, -0x14(x8)
#106 0 80000078     078a r 0f         00000004  c.slli   x15, 2
#107 0 8000007a     97ba r 0f         f0040048  c.add    x15, x14
#108 0 8000007c     439c r 0f         00000000  c.lw     x15, 0x0(x15)
#109 0 8000007e     e78d r 00         00000000  c.bnez   x15, . + 0x2a
#110 0 80000080 f00407b7 r 0f         f0040000  lui      x15, -0xffc0
#111 0 80000084 00078713 r 0e         f0040000  addi     x14, x15, 0x0
#112 0 80000088 fdc42783 r 0f         00000000  lw       x15, -0x24(x8)
#113 0 8000008c 00279693 r 0d         00000000  slli     x13, x15, 0x2
#114 0 80000090 fec42783 r 0f         00000001  lw       x15, -0x14(x8)
#115 0 80000094     97b6 r 0f         00000001  c.add    x15, x13
#116 0 80000096     078a r 0f         00000004  c.slli   x15, 2
#117 0 80000098     97ba r 0f         f0040004  c.add    x15, x14
#118 0 8000009a     4398 r 0e         00000000  c.lw     x14, 0x0(x15)
#119 0 8000009c     4785 r 0f         00000001  c.li     x15, 0x1
#120 0 8000009e 00f71563 r 00         00000000  bne      x14, x15, . + 0xa
#121 0 800000a8 fec42783 r 0f         00000001  lw       x15, -0x14(x8)
#122 0 800000ac     0785 r 0f         00000002  c.addi   x15, 0x1
#123 0 800000ae fef42623 m f004102c   00000002  sw       x15, -0x14(x8)
#124 0 800000b2 f00407b7 r 0f         f0040000  lui      x15, -0xffc0
#125 0 800000b6 0407a783 r 0f         00000004  lw       x15, 0x40(x15)
#126 0 800000ba fec42703 r 0e         00000002  lw       x14, -0x14(x8)
#127 0 800000be faf747e3 r 00         00000000  blt      x14, x15, . - 0x52
#128 0 8000006c f00407b7 r 0f         f0040000  lui      x15, -0xffc0
#129 0 80000070 04478713 r 0e         f0040044  addi     x14, x15, 0x44
#130 0 80000074 fec42783 r 0f         00000002  lw       x15, -0x14(x8)
#131 0 80000078     078a r 0f         00000008  c.slli   x15, 2
#132 0 8000007a     97ba r 0f         f004004c  c.add    x15, x14
#133 0 8000007c     439c r 0f         00000000  c.lw     x15, 0x0(x15)
#134 0 8000007e     e78d r 00         00000000  c.bnez   x15, . + 0x2a
#135 0 80000080 f00407b7 r 0f         f0040000  lui      x15, -0xffc0
#136 0 80000084 00078713 r 0e         f0040000  addi     x14, x15, 0x0
#137 0 80000088 fdc42783 r 0f         00000000  lw       x15, -0x24(x8)
#138 0 8000008c 00279693 r 0d         00000000  slli     x13, x15, 0x2
#139 0 80000090 fec42783 r 0f         00000002  lw       x15, -0x14(x8)
#140 0 80000094     97b6 r 0f         00000002  c.add    x15, x13
#141 0 80000096     078a r 0f         00000008  c.slli   x15, 2
#142 0 80000098     97ba r 0f         f0040008  c.add    x15, x14
#143 0 8000009a     4398 r 0e         00000001  c.lw     x14, 0x0(x15)
#144 0 8000009c     4785 r 0f         00000001  c.li     x15, 0x1
#145 0 8000009e 00f71563 r 00         00000000  bne      x14, x15, . + 0xa
#146 0 800000a2 fec42503 r 0a         00000002  lw       x10, -0x14(x8)
#147 0 800000a6     3745 r 01         800000a8  c.jal    . - 0x60
#148 0 80000046     7179 r 02         f0040fe0  c.addi16sp -0x3
#149 0 80000048     d606 m f004100c   800000a8  c.swsp   x1, 0x2c
#150 0 8000004a     d422 m f0041008   f0041040  c.swsp   x8, 0x28
#151 0 8000004c     1800 r 08         f0041010  c.addi4spn  x8, 0xc
#152 0 8000004e fca42e23 m f0040fec   00000002  sw       x10, -0x24(x8)
#153 0 80000052 f00407b7 r 0f         f0040000  lui      x15, -0xffc0
#154 0 80000056 04478713 r 0e         f0040044  addi     x14, x15, 0x44
#155 0 8000005a fdc42783 r 0f         00000002  lw       x15, -0x24(x8)
#156 0 8000005e     078a r 0f         00000008  c.slli   x15, 2
#157 0 80000060     97ba r 0f         f004004c  c.add    x15, x14
#158 0 80000062     4705 r 0e         00000001  c.li     x14, 0x1
#159 0 80000064     c398 m f004004c   00000001  c.sw     x14, 0x0(x15)
#160 0 80000066 fe042623 m f0040ffc   00000000  sw       x0, -0x14(x8)
#161 0 8000006a     a0a1 r 00         00000000  c.j      . + 0x48
#162 0 800000b2 f00407b7 r 0f         f0040000  lui      x15, -0xffc0
#163 0 800000b6 0407a783 r 0f         00000004  lw       x15, 0x40(x15)
#164 0 800000ba fec42703 r 0e         00000000  lw       x14, -0x14(x8)
#165 0 800000be faf747e3 r 00         00000000  blt      x14, x15, . - 0x52
#166 0 8000006c f00407b7 r 0f         f0040000  lui      x15, -0xffc0
#167 0 80000070 04478713 r 0e         f0040044  addi     x14, x15, 0x44
#168 0 80000074 fec42783 r 0f         00000000  lw       x15, -0x14(x8)
#169 0 80000078     078a r 0f         00000000  c.slli   x15, 2
#170 0 8000007a     97ba r 0f         f0040044  c.add    x15, x14
#171 0 8000007c     439c r 0f         00000001  c.lw     x15, 0x0(x15)
#172 0 8000007e     e78d r 00         00000000  c.bnez   x15, . + 0x2a
#173 0 800000a8 fec42783 r 0f         00000000  lw       x15, -0x14(x8)
#174 0 800000ac     0785 r 0f         00000001  c.addi   x15, 0x1
#175 0 800000ae fef42623 m f0040ffc   00000001  sw       x15, -0x14(x8)
#176 0 800000b2 f00407b7 r 0f         f0040000  lui      x15, -0xffc0
#177 0 800000b6 0407a783 r 0f         00000004  lw       x15, 0x40(x15)
#178 0 800000ba fec42703 r 0e         00000001  lw       x14, -0x14(x8)
#179 0 800000be faf747e3 r 00         00000000  blt      x14, x15, . - 0x52
#180 0 8000006c f00407b7 r 0f         f0040000  lui      x15, -0xffc0
#181 0 80000070 04478713 r 0e         f0040044  addi     x14, x15, 0x44
#182 0 80000074 fec42783 r 0f         00000001  lw       x15, -0x14(x8)
#183 0 80000078     078a r 0f         00000004  c.slli   x15, 2
#184 0 8000007a     97ba r 0f         f0040048  c.add    x15, x14
#185 0 8000007c     439c r 0f         00000000  c.lw     x15, 0x0(x15)
#186 0 8000007e     e78d r 00         00000000  c.bnez   x15, . + 0x2a
#187 0 80000080 f00407b7 r 0f         f0040000  lui      x15, -0xffc0
#188 0 80000084 00078713 r 0e         f0040000  addi     x14, x15, 0x0
#189 0 80000088 fdc42783 r 0f         00000002  lw       x15, -0x24(x8)
#190 0 8000008c 00279693 r 0d         00000008  slli     x13, x15, 0x2
#191 0 80000090 fec42783 r 0f         00000001  lw       x15, -0x14(x8)
#192 0 80000094     97b6 r 0f         00000009  c.add    x15, x13
#193 0 80000096     078a r 0f         00000024  c.slli   x15, 2
#194 0 80000098     97ba r 0f         f0040024  c.add    x15, x14
#195 0 8000009a     4398 r 0e         00000001  c.lw     x14, 0x0(x15)
#196 0 8000009c     4785 r 0f         00000001  c.li     x15, 0x1
#197 0 8000009e 00f71563 r 00         00000000  bne      x14, x15, . + 0xa
#198 0 800000a2 fec42503 r 0a         00000001  lw       x10, -0x14(x8)
#199 0 800000a6     3745 r 01         800000a8  c.jal    . - 0x60
#200 0 80000046     7179 r 02         f0040fb0  c.addi16sp -0x3
#201 0 80000048     d606 m f0040fdc   800000a8  c.swsp   x1, 0x2c
#202 0 8000004a     d422 m f0040fd8   f0041010  c.swsp   x8, 0x28
#203 0 8000004c     1800 r 08         f0040fe0  c.addi4spn  x8, 0xc
#204 0 8000004e fca42e23 m f0040fbc   00000001  sw       x10, -0x24(x8)
#205 0 80000052 f00407b7 r 0f         f0040000  lui      x15, -0xffc0
#206 0 80000056 04478713 r 0e         f0040044  addi     x14, x15, 0x44
#207 0 8000005a fdc42783 r 0f         00000001  lw       x15, -0x24(x8)
#208 0 8000005e     078a r 0f         00000004  c.slli   x15, 2
#209 0 80000060     97ba r 0f         f0040048  c.add    x15, x14
#210 0 80000062     4705 r 0e         00000001  c.li     x14, 0x1
#211 0 80000064     c398 m f0040048   00000001  c.sw     x14, 0x0(x15)
#212 0 80000066 fe042623 m f0040fcc   00000000  sw       x0, -0x14(x8)
#213 0 8000006a     a0a1 r 00         00000000  c.j      . + 0x48
#214 0 800000b2 f00407b7 r 0f         f0040000  lui      x15, -0xffc0
#215 0 800000b6 0407a783 r 0f         00000004  lw       x15, 0x40(x15)
#216 0 800000ba fec42703 r 0e         00000000  lw       x14, -0x14(x8)
#217 0 800000be faf747e3 r 00         00000000  blt      x14, x15, . - 0x52
#218 0 8000006c f00407b7 r 0f         f0040000  lui      x15, -0xffc0
#219 0 80000070 04478713 r 0e         f0040044  addi     x14, x15, 0x44
#220 0 80000074 fec42783 r 0f         00000000  lw       x15, -0x14(x8)
#221 0 80000078     078a r 0f         00000000  c.slli   x15, 2
#222 0 8000007a     97ba r 0f         f0040044  c.add    x15, x14
#223 0 8000007c     439c r 0f         00000001  c.lw     x15, 0x0(x15)
#224 0 8000007e     e78d r 00         00000000  c.bnez   x15, . + 0x2a
#225 0 800000a8 fec42783 r 0f         00000000  lw       x15, -0x14(x8)
#226 0 800000ac     0785 r 0f         00000001  c.addi   x15, 0x1
#227 0 800000ae fef42623 m f0040fcc   00000001  sw       x15, -0x14(x8)
#228 0 800000b2 f00407b7 r 0f         f0040000  lui      x15, -0xffc0
#229 0 800000b6 0407a783 r 0f         00000004  lw       x15, 0x40(x15)
#230 0 800000ba fec42703 r 0e         00000001  lw       x14, -0x14(x8)
#231 0 800000be faf747e3 r 00         00000000  blt      x14, x15, . - 0x52
#232 0 8000006c f00407b7 r 0f         f0040000  lui      x15, -0xffc0
#233 0 80000070 04478713 r 0e         f0040044  addi     x14, x15, 0x44
#234 0 80000074 fec42783 r 0f         00000001  lw       x15, -0x14(x8)
#235 0 80000078     078a r 0f         00000004  c.slli   x15, 2
#236 0 8000007a     97ba r 0f         f0040048  c.add    x15, x14
#237 0 8000007c     439c r 0f         00000001  c.lw     x15, 0x0(x15)
#238 0 8000007e     e78d r 00         00000000  c.bnez   x15, . + 0x2a
#239 0 800000a8 fec42783 r 0f         00000001  lw       x15, -0x14(x8)
#240 0 800000ac     0785 r 0f         00000002  c.addi   x15, 0x1
#241 0 800000ae fef42623 m f0040fcc   00000002  sw       x15, -0x14(x8)
#242 0 800000b2 f00407b7 r 0f         f0040000  lui      x15, -0xffc0
#243 0 800000b6 0407a783 r 0f         00000004  lw       x15, 0x40(x15)
#244 0 800000ba fec42703 r 0e         00000002  lw       x14, -0x14(x8)
#245 0 800000be faf747e3 r 00         00000000  blt      x14, x15, . - 0x52
#246 0 8000006c f00407b7 r 0f         f0040000  lui      x15, -0xffc0
#247 0 80000070 04478713 r 0e         f0040044  addi     x14, x15, 0x44
#248 0 80000074 fec42783 r 0f         00000002  lw       x15, -0x14(x8)
#249 0 80000078     078a r 0f         00000008  c.slli   x15, 2
#250 0 8000007a     97ba r 0f         f004004c  c.add    x15, x14
#251 0 8000007c     439c r 0f         00000001  c.lw     x15, 0x0(x15)
#252 0 8000007e     e78d r 00         00000000  c.bnez   x15, . + 0x2a
#253 0 800000a8 fec42783 r 0f         00000002  lw       x15, -0x14(x8)
#254 0 800000ac     0785 r 0f         00000003  c.addi   x15, 0x1
#255 0 800000ae fef42623 m f0040fcc   00000003  sw       x15, -0x14(x8)
#256 0 800000b2 f00407b7 r 0f         f0040000  lui      x15, -0xffc0
#257 0 800000b6 0407a783 r 0f         00000004  lw       x15, 0x40(x15)
#258 0 800000ba fec42703 r 0e         00000003  lw       x14, -0x14(x8)
#259 0 800000be faf747e3 r 00         00000000  blt      x14, x15, . - 0x52
#260 0 8000006c f00407b7 r 0f         f0040000  lui      x15, -0xffc0
#261 0 80000070 04478713 r 0e         f0040044  addi     x14, x15, 0x44
#262 0 80000074 fec42783 r 0f         00000003  lw       x15, -0x14(x8)
#263 0 80000078     078a r 0f         0000000c  c.slli   x15, 2
#264 0 8000007a     97ba r 0f         f0040050  c.add    x15, x14
#265 0 8000007c     439c r 0f         00000000  c.lw     x15, 0x0(x15)
#266 0 8000007e     e78d r 00         00000000  c.bnez   x15, . + 0x2a
#267 0 80000080 f00407b7 r 0f         f0040000  lui      x15, -0xffc0
#268 0 80000084 00078713 r 0e         f0040000  addi     x14, x15, 0x0
#269 0 80000088 fdc42783 r 0f         00000001  lw       x15, -0x24(x8)
#270 0 8000008c 00279693 r 0d         00000004  slli     x13, x15, 0x2
#271 0 80000090 fec42783 r 0f         00000003  lw       x15, -0x14(x8)
#272 0 80000094     97b6 r 0f         00000007  c.add    x15, x13
#273 0 80000096     078a r 0f         0000001c  c.slli   x15, 2
#274 0 80000098     97ba r 0f         f004001c  c.add    x15, x14
#275 0 8000009a     4398 r 0e         00000000  c.lw     x14, 0x0(x15)
#276 0 8000009c     4785 r 0f         00000001  c.li     x15, 0x1
#277 0 8000009e 00f71563 r 00         00000000  bne      x14, x15, . + 0xa
#278 0 800000a8 fec42783 r 0f         00000003  lw       x15, -0x14(x8)
#279 0 800000ac     0785 r 0f         00000004  c.addi   x15, 0x1
#280 0 800000ae fef42623 m f0040fcc   00000004  sw       x15, -0x14(x8)
#281 0 800000b2 f00407b7 r 0f         f0040000  lui      x15, -0xffc0
#282 0 800000b6 0407a783 r 0f         00000004  lw       x15, 0x40(x15)
#283 0 800000ba fec42703 r 0e         00000004  lw       x14, -0x14(x8)
#284 0 800000be faf747e3 r 00         00000000  blt      x14, x15, . - 0x52
#285 0 800000c2     0001 r 00         00000000  c.nop
#286 0 800000c4     0001 r 00         00000000  c.nop
#287 0 800000c6     50b2 r 01         800000a8  c.lwsp   x1, 0x2c
#288 0 800000c8     5422 r 08         f0041010  c.lwsp   x8, 0x28
#289 0 800000ca     6145 r 02         f0040fe0  c.addi16sp 0x3
#290 0 800000cc     8082 r 00         00000000  c.jr     x1
#291 0 800000a8 fec42783 r 0f         00000001  lw       x15, -0x14(x8)
#292 0 800000ac     0785 r 0f         00000002  c.addi   x15, 0x1
#293 0 800000ae fef42623 m f0040ffc   00000002  sw       x15, -0x14(x8)
#294 0 800000b2 f00407b7 r 0f         f0040000  lui      x15, -0xffc0
#295 0 800000b6 0407a783 r 0f         00000004  lw       x15, 0x40(x15)
#296 0 800000ba fec42703 r 0e         00000002  lw       x14, -0x14(x8)
#297 0 800000be faf747e3 r 00         00000000  blt      x14, x15, . - 0x52
#298 0 8000006c f00407b7 r 0f         f0040000  lui      x15, -0xffc0
#299 0 80000070 04478713 r 0e         f0040044  addi     x14, x15, 0x44
#300 0 80000074 fec42783 r 0f         00000002  lw       x15, -0x14(x8)
#301 0 80000078     078a r 0f         00000008  c.slli   x15, 2
#302 0 8000007a     97ba r 0f         f004004c  c.add    x15, x14
#303 0 8000007c     439c r 0f         00000001  c.lw     x15, 0x0(x15)
#304 0 8000007e     e78d r 00         00000000  c.bnez   x15, . + 0x2a
#305 0 800000a8 fec42783 r 0f         00000002  lw       x15, -0x14(x8)
#306 0 800000ac     0785 r 0f         00000003  c.addi   x15, 0x1
#307 0 800000ae fef42623 m f0040ffc   00000003  sw       x15, -0x14(x8)
#308 0 800000b2 f00407b7 r 0f         f0040000  lui      x15, -0xffc0
#309 0 800000b6 0407a783 r 0f         00000004  lw       x15, 0x40(x15)
#310 0 800000ba fec42703 r 0e         00000003  lw       x14, -0x14(x8)
#311 0 800000be faf747e3 r 00         00000000  blt      x14, x15, . - 0x52
#312 0 8000006c f00407b7 r 0f         f0040000  lui      x15, -0xffc0
#313 0 80000070 04478713 r 0e         f0040044  addi     x14, x15, 0x44
#314 0 80000074 fec42783 r 0f         00000003  lw       x15, -0x14(x8)
#315 0 80000078     078a r 0f         0000000c  c.slli   x15, 2
#316 0 8000007a     97ba r 0f         f0040050  c.add    x15, x14
#317 0 8000007c     439c r 0f         00000000  c.lw     x15, 0x0(x15)
#318 0 8000007e     e78d r 00         00000000  c.bnez   x15, . + 0x2a
#319 0 80000080 f00407b7 r 0f         f0040000  lui      x15, -0xffc0
#320 0 80000084 00078713 r 0e         f0040000  addi     x14, x15, 0x0
#321 0 80000088 fdc42783 r 0f         00000002  lw       x15, -0x24(x8)
#322 0 8000008c 00279693 r 0d         00000008  slli     x13, x15, 0x2
#323 0 80000090 fec42783 r 0f         00000003  lw       x15, -0x14(x8)
#324 0 80000094     97b6 r 0f         0000000b  c.add    x15, x13
#325 0 80000096     078a r 0f         0000002c  c.slli   x15, 2
#326 0 80000098     97ba r 0f         f004002c  c.add    x15, x14
#327 0 8000009a     4398 r 0e         00000000  c.lw     x14, 0x0(x15)
#328 0 8000009c     4785 r 0f         00000001  c.li     x15, 0x1
#329 0 8000009e 00f71563 r 00         00000000  bne      x14, x15, . + 0xa
#330 0 800000a8 fec42783 r 0f         00000003  lw       x15, -0x14(x8)
#331 0 800000ac     0785 r 0f         00000004  c.addi   x15, 0x1
#332 0 800000ae fef42623 m f0040ffc   00000004  sw       x15, -0x14(x8)
#333 0 800000b2 f00407b7 r 0f         f0040000  lui      x15, -0xffc0
#334 0 800000b6 0407a783 r 0f         00000004  lw       x15, 0x40(x15)
#335 0 800000ba fec42703 r 0e         00000004  lw       x14, -0x14(x8)
#336 0 800000be faf747e3 r 00         00000000  blt      x14, x15, . - 0x52
#337 0 800000c2     0001 r 00         00000000  c.nop
#338 0 800000c4     0001 r 00         00000000  c.nop
#339 0 800000c6     50b2 r 01         800000a8  c.lwsp   x1, 0x2c
#340 0 800000c8     5422 r 08         f0041040  c.lwsp   x8, 0x28
#341 0 800000ca     6145 r 02         f0041010  c.addi16sp 0x3
#342 0 800000cc     8082 r 00         00000000  c.jr     x1
#343 0 800000a8 fec42783 r 0f         00000002  lw       x15, -0x14(x8)
#344 0 800000ac     0785 r 0f         00000003  c.addi   x15, 0x1
#345 0 800000ae fef42623 m f004102c   00000003  sw       x15, -0x14(x8)
#346 0 800000b2 f00407b7 r 0f         f0040000  lui      x15, -0xffc0
#347 0 800000b6 0407a783 r 0f         00000004  lw       x15, 0x40(x15)
#348 0 800000ba fec42703 r 0e         00000003  lw       x14, -0x14(x8)
#349 0 800000be faf747e3 r 00         00000000  blt      x14, x15, . - 0x52
#350 0 8000006c f00407b7 r 0f         f0040000  lui      x15, -0xffc0
#351 0 80000070 04478713 r 0e         f0040044  addi     x14, x15, 0x44
#352 0 80000074 fec42783 r 0f         00000003  lw       x15, -0x14(x8)
#353 0 80000078     078a r 0f         0000000c  c.slli   x15, 2
#354 0 8000007a     97ba r 0f         f0040050  c.add    x15, x14
#355 0 8000007c     439c r 0f         00000000  c.lw     x15, 0x0(x15)
#356 0 8000007e     e78d r 00         00000000  c.bnez   x15, . + 0x2a
#357 0 80000080 f00407b7 r 0f         f0040000  lui      x15, -0xffc0
#358 0 80000084 00078713 r 0e         f0040000  addi     x14, x15, 0x0
#359 0 80000088 fdc42783 r 0f         00000000  lw       x15, -0x24(x8)
#360 0 8000008c 00279693 r 0d         00000000  slli     x13, x15, 0x2
#361 0 80000090 fec42783 r 0f         00000003  lw       x15, -0x14(x8)
#362 0 80000094     97b6 r 0f         00000003  c.add    x15, x13
#363 0 80000096     078a r 0f         0000000c  c.slli   x15, 2
#364 0 80000098     97ba r 0f         f004000c  c.add    x15, x14
#365 0 8000009a     4398 r 0e         00000000  c.lw     x14, 0x0(x15)
#366 0 8000009c     4785 r 0f         00000001  c.li     x15, 0x1
#367 0 8000009e 00f71563 r 00         00000000  bne      x14, x15, . + 0xa
#368 0 800000a8 fec42783 r 0f         00000003  lw       x15, -0x14(x8)
#369 0 800000ac     0785 r 0f         00000004  c.addi   x15, 0x1
#370 0 800000ae fef42623 m f004102c   00000004  sw       x15, -0x14(x8)
#371 0 800000b2 f00407b7 r 0f         f0040000  lui      x15, -0xffc0
#372 0 800000b6 0407a783 r 0f         00000004  lw       x15, 0x40(x15)
#373 0 800000ba fec42703 r 0e         00000004  lw       x14, -0x14(x8)
#374 0 800000be faf747e3 r 00         00000000  blt      x14, x15, . - 0x52
#375 0 800000c2     0001 r 00         00000000  c.nop
#376 0 800000c4     0001 r 00         00000000  c.nop
#377 0 800000c6     50b2 r 01         8000010e  c.lwsp   x1, 0x2c
#378 0 800000c8     5422 r 08         f0041060  c.lwsp   x8, 0x28
#379 0 800000ca     6145 r 02         f0041040  c.addi16sp 0x3
#380 0 800000cc     8082 r 00         00000000  c.jr     x1
#381 0 8000010e     0001 r 00         00000000  c.nop
#382 0 80000110     40f2 r 01         80000018  c.lwsp   x1, 0x1c
#383 0 80000112     4462 r 08         00000000  c.lwsp   x8, 0x18
#384 0 80000114     6105 r 02         f0041060  c.addi16sp 0x2
#385 0 80000116     8082 r 00         00000000  c.jr     x1
#386 0 80000018 50580297 r 05         d0580018  auipc    x5, 0x50580
#387 0 8000001c fe828293 r 05         d0580000  addi     x5, x5, -0x18
#388 0 80000020 0ff00313 r 06         000000ff  addi     x6, x0, 0xff
#389 0 80000024 00628023 m d0580000   000000ff  sb       x6, 0x0(x5)
