#1 0 80000000 595552b7 r 05         59555000  lui      x5, 0x59555
#2 0 80000004 55528293 r 05         59555555  addi     x5, x5, 0x555
#3 0 80000008 7c029073 c 07c0       59555555  csrrw    x0, mrac, x5
#4 0 8000000c 70041117 r 02         f004100c  auipc    x2, 0x70041
#5 0 80000010 ff410113 r 02         f0041000  addi     x2, x2, -0xc
#6 0 80000014     2805 r 01         80000016  c.jal    . + 0x30
#7 0 80000044     7139 r 02         f0040fc0  c.addi16sp -0x4
#8 0 80000046     de22 m f0040ffc   00000000  c.swsp   x8, 0x3c
#9 0 80000048     0080 r 08         f0041000  c.addi4spn  x8, 0x10
#10 0 8000004a fc042423 m f0040fc8   00000000  sw       x0, -0x38(x8)
#11 0 8000004e fc042623 m f0040fcc   00000000  sw       x0, -0x34(x8)
#12 0 80000052 fc042823 m f0040fd0   00000000  sw       x0, -0x30(x8)
#13 0 80000056 fc042a23 m f0040fd4   00000000  sw       x0, -0x2c(x8)
#14 0 8000005a fc042c23 m f0040fd8   00000000  sw       x0, -0x28(x8)
#15 0 8000005e fc042e23 m f0040fdc   00000000  sw       x0, -0x24(x8)
#16 0 80000062 03800793 r 0f         00000038  addi     x15, x0, 0x38
#17 0 80000066 fcf42423 m f0040fc8   00000038  sw       x15, -0x38(x8)
#18 0 8000006a 07800793 r 0f         00000078  addi     x15, x0, 0x78
#19 0 8000006e fcf42623 m f0040fcc   00000078  sw       x15, -0x34(x8)
#20 0 80000072 05700793 r 0f         00000057  addi     x15, x0, 0x57
#21 0 80000076 fcf42823 m f0040fd0   00000057  sw       x15, -0x30(x8)
#22 0 8000007a 12c00793 r 0f         0000012c  addi     x15, x0, 0x12c
#23 0 8000007e fcf42a23 m f0040fd4   0000012c  sw       x15, -0x2c(x8)
#24 0 80000082 0ca00793 r 0f         000000ca  addi     x15, x0, 0xca
#25 0 80000086 fcf42c23 m f0040fd8   000000ca  sw       x15, -0x28(x8)
#26 0 8000008a     4795 r 0f         00000005  c.li     x15, 0x5
#27 0 8000008c fef42223 m f0040fe4   00000005  sw       x15, -0x1c(x8)
#28 0 80000090 fe042623 m f0040fec   00000000  sw       x0, -0x14(x8)
#29 0 80000094     a861 r 00         00000000  c.j      . + 0x98
#30 0 8000012c fe442783 r 0f         00000005  lw       x15, -0x1c(x8)
#31 0 80000130     17fd r 0f         00000004  c.addi   x15, -0x1
#32 0 80000132 fec42703 r 0e         00000000  lw       x14, -0x14(x8)
#33 0 80000136 f6f740e3 r 00         00000000  blt      x14, x15, . - 0xa0
#34 0 80000096 fe042423 m f0040fe8   00000000  sw       x0, -0x18(x8)
#35 0 8000009a     a88d r 00         00000000  c.j      . + 0x72
#36 0 8000010c fe442703 r 0e         00000005  lw       x14, -0x1c(x8)
#37 0 80000110 fec42783 r 0f         00000000  lw       x15, -0x14(x8)
#38 0 80000114 40f707b3 r 0f         00000005  sub      x15, x14, x15
#39 0 80000118     17fd r 0f         00000004  c.addi   x15, -0x1
#40 0 8000011a fe842703 r 0e         00000000  lw       x14, -0x18(x8)
#41 0 8000011e f6f74fe3 r 00         00000000  blt      x14, x15, . - 0x82
#42 0 8000009c fe842783 r 0f         00000000  lw       x15, -0x18(x8)
#43 0 800000a0     078a r 0f         00000000  c.slli   x15, 2
#44 0 800000a2     17c1 r 0f         fffffff0  c.addi   x15, -0x10
#45 0 800000a4     97a2 r 0f         f0040ff0  c.add    x15, x8
#46 0 800000a6 fd87a703 r 0e         00000038  lw       x14, -0x28(x15)
#47 0 800000aa fe842783 r 0f         00000000  lw       x15, -0x18(x8)
#48 0 800000ae     0785 r 0f         00000001  c.addi   x15, 0x1
#49 0 800000b0     078a r 0f         00000004  c.slli   x15, 2
#50 0 800000b2     17c1 r 0f         fffffff4  c.addi   x15, -0x10
#51 0 800000b4     97a2 r 0f         f0040ff4  c.add    x15, x8
#52 0 800000b6 fd87a783 r 0f         00000078  lw       x15, -0x28(x15)
#53 0 800000ba 04e7d463 r 00         00000000  bge      x15, x14, . + 0x48
#54 0 80000102 fe842783 r 0f         00000000  lw       x15, -0x18(x8)
#55 0 80000106     0785 r 0f         00000001  c.addi   x15, 0x1
#56 0 80000108 fef42423 m f0040fe8   00000001  sw       x15, -0x18(x8)
#57 0 8000010c fe442703 r 0e         00000005  lw       x14, -0x1c(x8)
#58 0 80000110 fec42783 r 0f         00000000  lw       x15, -0x14(x8)
#59 0 80000114 40f707b3 r 0f         00000005  sub      x15, x14, x15
#60 0 80000118     17fd r 0f         00000004  c.addi   x15, -0x1
#61 0 8000011a fe842703 r 0e         00000001  lw       x14, -0x18(x8)
#62 0 8000011e f6f74fe3 r 00         00000000  blt      x14, x15, . - 0x82
#63 0 8000009c fe842783 r 0f         00000001  lw       x15, -0x18(x8)
#64 0 800000a0     078a r 0f         00000004  c.slli   x15, 2
#65 0 800000a2     17c1 r 0f         fffffff4  c.addi   x15, -0x10
#66 0 800000a4     97a2 r 0f         f0040ff4  c.add    x15, x8
#67 0 800000a6 fd87a703 r 0e         00000078  lw       x14, -0x28(x15)
#68 0 800000aa fe842783 r 0f         00000001  lw       x15, -0x18(x8)
#69 0 800000ae     0785 r 0f         00000002  c.addi   x15, 0x1
#70 0 800000b0     078a r 0f         00000008  c.slli   x15, 2
#71 0 800000b2     17c1 r 0f         fffffff8  c.addi   x15, -0x10
#72 0 800000b4     97a2 r 0f         f0040ff8  c.add    x15, x8
#73 0 800000b6 fd87a783 r 0f         00000057  lw       x15, -0x28(x15)
#74 0 800000ba 04e7d463 r 00         00000000  bge      x15, x14, . + 0x48
#75 0 800000be fe842783 r 0f         00000001  lw       x15, -0x18(x8)
#76 0 800000c2     078a r 0f         00000004  c.slli   x15, 2
#77 0 800000c4     17c1 r 0f         fffffff4  c.addi   x15, -0x10
#78 0 800000c6     97a2 r 0f         f0040ff4  c.add    x15, x8
#79 0 800000c8 fd87a783 r 0f         00000078  lw       x15, -0x28(x15)
#80 0 800000cc fef42023 m f0040fe0   00000078  sw       x15, -0x20(x8)
#81 0 800000d0 fe842783 r 0f         00000001  lw       x15, -0x18(x8)
#82 0 800000d4     0785 r 0f         00000002  c.addi   x15, 0x1
#83 0 800000d6     078a r 0f         00000008  c.slli   x15, 2
#84 0 800000d8     17c1 r 0f         fffffff8  c.addi   x15, -0x10
#85 0 800000da     97a2 r 0f         f0040ff8  c.add    x15, x8
#86 0 800000dc fd87a703 r 0e         00000057  lw       x14, -0x28(x15)
#87 0 800000e0 fe842783 r 0f         00000001  lw       x15, -0x18(x8)
#88 0 800000e4     078a r 0f         00000004  c.slli   x15, 2
#89 0 800000e6     17c1 r 0f         fffffff4  c.addi   x15, -0x10
#90 0 800000e8     97a2 r 0f         f0040ff4  c.add    x15, x8
#91 0 800000ea fce7ac23 m f0040fcc   00000057  sw       x14, -0x28(x15)
#92 0 800000ee fe842783 r 0f         00000001  lw       x15, -0x18(x8)
#93 0 800000f2     0785 r 0f         00000002  c.addi   x15, 0x1
#94 0 800000f4     078a r 0f         00000008  c.slli   x15, 2
#95 0 800000f6     17c1 r 0f         fffffff8  c.addi   x15, -0x10
#96 0 800000f8     97a2 r 0f         f0040ff8  c.add    x15, x8
#97 0 800000fa fe042703 r 0e         00000078  lw       x14, -0x20(x8)
#98 0 800000fe fce7ac23 m f0040fd0   00000078  sw       x14, -0x28(x15)
#99 0 80000102 fe842783 r 0f         00000001  lw       x15, -0x18(x8)
#100 0 80000106     0785 r 0f         00000002  c.addi   x15, 0x1
#101 0 80000108 fef42423 m f0040fe8   00000002  sw       x15, -0x18(x8)
#102 0 8000010c fe442703 r 0e         00000005  lw       x14, -0x1c(x8)
#103 0 80000110 fec42783 r 0f         00000000  lw       x15, -0x14(x8)
#104 0 80000114 40f707b3 r 0f         00000005  sub      x15, x14, x15
#105 0 80000118     17fd r 0f         00000004  c.addi   x15, -0x1
#106 0 8000011a fe842703 r 0e         00000002  lw       x14, -0x18(x8)
#107 0 8000011e f6f74fe3 r 00         00000000  blt      x14, x15, . - 0x82
#108 0 8000009c fe842783 r 0f         00000002  lw       x15, -0x18(x8)
#109 0 800000a0     078a r 0f         00000008  c.slli   x15, 2
#110 0 800000a2     17c1 r 0f         fffffff8  c.addi   x15, -0x10
#111 0 800000a4     97a2 r 0f         f0040ff8  c.add    x15, x8
#112 0 800000a6 fd87a703 r 0e         00000078  lw       x14, -0x28(x15)
#113 0 800000aa fe842783 r 0f         00000002  lw       x15, -0x18(x8)
#114 0 800000ae     0785 r 0f         00000003  c.addi   x15, 0x1
#115 0 800000b0     078a r 0f         0000000c  c.slli   x15, 2
#116 0 800000b2     17c1 r 0f         fffffffc  c.addi   x15, -0x10
#117 0 800000b4     97a2 r 0f         f0040ffc  c.add    x15, x8
#118 0 800000b6 fd87a783 r 0f         0000012c  lw       x15, -0x28(x15)
#119 0 800000ba 04e7d463 r 00         00000000  bge      x15, x14, . + 0x48
#120 0 80000102 fe842783 r 0f         00000002  lw       x15, -0x18(x8)
#121 0 80000106     0785 r 0f         00000003  c.addi   x15, 0x1
#122 0 80000108 fef42423 m f0040fe8   00000003  sw       x15, -0x18(x8)
#123 0 8000010c fe442703 r 0e         00000005  lw       x14, -0x1c(x8)
#124 0 80000110 fec42783 r 0f         00000000  lw       x15, -0x14(x8)
#125 0 80000114 40f707b3 r 0f         00000005  sub      x15, x14, x15
#126 0 80000118     17fd r 0f         00000004  c.addi   x15, -0x1
#127 0 8000011a fe842703 r 0e         00000003  lw       x14, -0x18(x8)
#128 0 8000011e f6f74fe3 r 00         00000000  blt      x14, x15, . - 0x82
#129 0 8000009c fe842783 r 0f         00000003  lw       x15, -0x18(x8)
#130 0 800000a0     078a r 0f         0000000c  c.slli   x15, 2
#131 0 800000a2     17c1 r 0f         fffffffc  c.addi   x15, -0x10
#132 0 800000a4     97a2 r 0f         f0040ffc  c.add    x15, x8
#133 0 800000a6 fd87a703 r 0e         0000012c  lw       x14, -0x28(x15)
#134 0 800000aa fe842783 r 0f         00000003  lw       x15, -0x18(x8)
#135 0 800000ae     0785 r 0f         00000004  c.addi   x15, 0x1
#136 0 800000b0     078a r 0f         00000010  c.slli   x15, 2
#137 0 800000b2     17c1 r 0f         00000000  c.addi   x15, -0x10
#138 0 800000b4     97a2 r 0f         f0041000  c.add    x15, x8
#139 0 800000b6 fd87a783 r 0f         000000ca  lw       x15, -0x28(x15)
#140 0 800000ba 04e7d463 r 00         00000000  bge      x15, x14, . + 0x48
#141 0 800000be fe842783 r 0f         00000003  lw       x15, -0x18(x8)
#142 0 800000c2     078a r 0f         0000000c  c.slli   x15, 2
#143 0 800000c4     17c1 r 0f         fffffffc  c.addi   x15, -0x10
#144 0 800000c6     97a2 r 0f         f0040ffc  c.add    x15, x8
#145 0 800000c8 fd87a783 r 0f         0000012c  lw       x15, -0x28(x15)
#146 0 800000cc fef42023 m f0040fe0   0000012c  sw       x15, -0x20(x8)
#147 0 800000d0 fe842783 r 0f         00000003  lw       x15, -0x18(x8)
#148 0 800000d4     0785 r 0f         00000004  c.addi   x15, 0x1
#149 0 800000d6     078a r 0f         00000010  c.slli   x15, 2
#150 0 800000d8     17c1 r 0f         00000000  c.addi   x15, -0x10
#151 0 800000da     97a2 r 0f         f0041000  c.add    x15, x8
#152 0 800000dc fd87a703 r 0e         000000ca  lw       x14, -0x28(x15)
#153 0 800000e0 fe842783 r 0f         00000003  lw       x15, -0x18(x8)
#154 0 800000e4     078a r 0f         0000000c  c.slli   x15, 2
#155 0 800000e6     17c1 r 0f         fffffffc  c.addi   x15, -0x10
#156 0 800000e8     97a2 r 0f         f0040ffc  c.add    x15, x8
#157 0 800000ea fce7ac23 m f0040fd4   000000ca  sw       x14, -0x28(x15)
#158 0 800000ee fe842783 r 0f         00000003  lw       x15, -0x18(x8)
#159 0 800000f2     0785 r 0f         00000004  c.addi   x15, 0x1
#160 0 800000f4     078a r 0f         00000010  c.slli   x15, 2
#161 0 800000f6     17c1 r 0f         00000000  c.addi   x15, -0x10
#162 0 800000f8     97a2 r 0f         f0041000  c.add    x15, x8
#163 0 800000fa fe042703 r 0e         0000012c  lw       x14, -0x20(x8)
#164 0 800000fe fce7ac23 m f0040fd8   0000012c  sw       x14, -0x28(x15)
#165 0 80000102 fe842783 r 0f         00000003  lw       x15, -0x18(x8)
#166 0 80000106     0785 r 0f         00000004  c.addi   x15, 0x1
#167 0 80000108 fef42423 m f0040fe8   00000004  sw       x15, -0x18(x8)
#168 0 8000010c fe442703 r 0e         00000005  lw       x14, -0x1c(x8)
#169 0 80000110 fec42783 r 0f         00000000  lw       x15, -0x14(x8)
#170 0 80000114 40f707b3 r 0f         00000005  sub      x15, x14, x15
#171 0 80000118     17fd r 0f         00000004  c.addi   x15, -0x1
#172 0 8000011a fe842703 r 0e         00000004  lw       x14, -0x18(x8)
#173 0 8000011e f6f74fe3 r 00         00000000  blt      x14, x15, . - 0x82
#174 0 80000122 fec42783 r 0f         00000000  lw       x15, -0x14(x8)
#175 0 80000126     0785 r 0f         00000001  c.addi   x15, 0x1
#176 0 80000128 fef42623 m f0040fec   00000001  sw       x15, -0x14(x8)
#177 0 8000012c fe442783 r 0f         00000005  lw       x15, -0x1c(x8)
#178 0 80000130     17fd r 0f         00000004  c.addi   x15, -0x1
#179 0 80000132 fec42703 r 0e         00000001  lw       x14, -0x14(x8)
#180 0 80000136 f6f740e3 r 00         00000000  blt      x14, x15, . - 0xa0
#181 0 80000096 fe042423 m f0040fe8   00000000  sw       x0, -0x18(x8)
#182 0 8000009a     a88d r 00         00000000  c.j      . + 0x72
#183 0 8000010c fe442703 r 0e         00000005  lw       x14, -0x1c(x8)
#184 0 80000110 fec42783 r 0f         00000001  lw       x15, -0x14(x8)
#185 0 80000114 40f707b3 r 0f         00000004  sub      x15, x14, x15
#186 0 80000118     17fd r 0f         00000003  c.addi   x15, -0x1
#187 0 8000011a fe842703 r 0e         00000000  lw       x14, -0x18(x8)
#188 0 8000011e f6f74fe3 r 00         00000000  blt      x14, x15, . - 0x82
#189 0 8000009c fe842783 r 0f         00000000  lw       x15, -0x18(x8)
#190 0 800000a0     078a r 0f         00000000  c.slli   x15, 2
#191 0 800000a2     17c1 r 0f         fffffff0  c.addi   x15, -0x10
#192 0 800000a4     97a2 r 0f         f0040ff0  c.add    x15, x8
#193 0 800000a6 fd87a703 r 0e         00000038  lw       x14, -0x28(x15)
#194 0 800000aa fe842783 r 0f         00000000  lw       x15, -0x18(x8)
#195 0 800000ae     0785 r 0f         00000001  c.addi   x15, 0x1
#196 0 800000b0     078a r 0f         00000004  c.slli   x15, 2
#197 0 800000b2     17c1 r 0f         fffffff4  c.addi   x15, -0x10
#198 0 800000b4     97a2 r 0f         f0040ff4  c.add    x15, x8
#199 0 800000b6 fd87a783 r 0f         00000057  lw       x15, -0x28(x15)
#200 0 800000ba 04e7d463 r 00         00000000  bge      x15, x14, . + 0x48
#201 0 80000102 fe842783 r 0f         00000000  lw       x15, -0x18(x8)
#202 0 80000106     0785 r 0f         00000001  c.addi   x15, 0x1
#203 0 80000108 fef42423 m f0040fe8   00000001  sw       x15, -0x18(x8)
#204 0 8000010c fe442703 r 0e         00000005  lw       x14, -0x1c(x8)
#205 0 80000110 fec42783 r 0f         00000001  lw       x15, -0x14(x8)
#206 0 80000114 40f707b3 r 0f         00000004  sub      x15, x14, x15
#207 0 80000118     17fd r 0f         00000003  c.addi   x15, -0x1
#208 0 8000011a fe842703 r 0e         00000001  lw       x14, -0x18(x8)
#209 0 8000011e f6f74fe3 r 00         00000000  blt      x14, x15, . - 0x82
#210 0 8000009c fe842783 r 0f         00000001  lw       x15, -0x18(x8)
#211 0 800000a0     078a r 0f         00000004  c.slli   x15, 2
#212 0 800000a2     17c1 r 0f         fffffff4  c.addi   x15, -0x10
#213 0 800000a4     97a2 r 0f         f0040ff4  c.add    x15, x8
#214 0 800000a6 fd87a703 r 0e         00000057  lw       x14, -0x28(x15)
#215 0 800000aa fe842783 r 0f         00000001  lw       x15, -0x18(x8)
#216 0 800000ae     0785 r 0f         00000002  c.addi   x15, 0x1
#217 0 800000b0     078a r 0f         00000008  c.slli   x15, 2
#218 0 800000b2     17c1 r 0f         fffffff8  c.addi   x15, -0x10
#219 0 800000b4     97a2 r 0f         f0040ff8  c.add    x15, x8
#220 0 800000b6 fd87a783 r 0f         00000078  lw       x15, -0x28(x15)
#221 0 800000ba 04e7d463 r 00         00000000  bge      x15, x14, . + 0x48
#222 0 80000102 fe842783 r 0f         00000001  lw       x15, -0x18(x8)
#223 0 80000106     0785 r 0f         00000002  c.addi   x15, 0x1
#224 0 80000108 fef42423 m f0040fe8   00000002  sw       x15, -0x18(x8)
#225 0 8000010c fe442703 r 0e         00000005  lw       x14, -0x1c(x8)
#226 0 80000110 fec42783 r 0f         00000001  lw       x15, -0x14(x8)
#227 0 80000114 40f707b3 r 0f         00000004  sub      x15, x14, x15
#228 0 80000118     17fd r 0f         00000003  c.addi   x15, -0x1
#229 0 8000011a fe842703 r 0e         00000002  lw       x14, -0x18(x8)
#230 0 8000011e f6f74fe3 r 00         00000000  blt      x14, x15, . - 0x82
#231 0 8000009c fe842783 r 0f         00000002  lw       x15, -0x18(x8)
#232 0 800000a0     078a r 0f         00000008  c.slli   x15, 2
#233 0 800000a2     17c1 r 0f         fffffff8  c.addi   x15, -0x10
#234 0 800000a4     97a2 r 0f         f0040ff8  c.add    x15, x8
#235 0 800000a6 fd87a703 r 0e         00000078  lw       x14, -0x28(x15)
#236 0 800000aa fe842783 r 0f         00000002  lw       x15, -0x18(x8)
#237 0 800000ae     0785 r 0f         00000003  c.addi   x15, 0x1
#238 0 800000b0     078a r 0f         0000000c  c.slli   x15, 2
#239 0 800000b2     17c1 r 0f         fffffffc  c.addi   x15, -0x10
#240 0 800000b4     97a2 r 0f         f0040ffc  c.add    x15, x8
#241 0 800000b6 fd87a783 r 0f         000000ca  lw       x15, -0x28(x15)
#242 0 800000ba 04e7d463 r 00         00000000  bge      x15, x14, . + 0x48
#243 0 80000102 fe842783 r 0f         00000002  lw       x15, -0x18(x8)
#244 0 80000106     0785 r 0f         00000003  c.addi   x15, 0x1
#245 0 80000108 fef42423 m f0040fe8   00000003  sw       x15, -0x18(x8)
#246 0 8000010c fe442703 r 0e         00000005  lw       x14, -0x1c(x8)
#247 0 80000110 fec42783 r 0f         00000001  lw       x15, -0x14(x8)
#248 0 80000114 40f707b3 r 0f         00000004  sub      x15, x14, x15
#249 0 80000118     17fd r 0f         00000003  c.addi   x15, -0x1
#250 0 8000011a fe842703 r 0e         00000003  lw       x14, -0x18(x8)
#251 0 8000011e f6f74fe3 r 00         00000000  blt      x14, x15, . - 0x82
#252 0 80000122 fec42783 r 0f         00000001  lw       x15, -0x14(x8)
#253 0 80000126     0785 r 0f         00000002  c.addi   x15, 0x1
#254 0 80000128 fef42623 m f0040fec   00000002  sw       x15, -0x14(x8)
#255 0 8000012c fe442783 r 0f         00000005  lw       x15, -0x1c(x8)
#256 0 80000130     17fd r 0f         00000004  c.addi   x15, -0x1
#257 0 80000132 fec42703 r 0e         00000002  lw       x14, -0x14(x8)
#258 0 80000136 f6f740e3 r 00         00000000  blt      x14, x15, . - 0xa0
#259 0 80000096 fe042423 m f0040fe8   00000000  sw       x0, -0x18(x8)
#260 0 8000009a     a88d r 00         00000000  c.j      . + 0x72
#261 0 8000010c fe442703 r 0e         00000005  lw       x14, -0x1c(x8)
#262 0 80000110 fec42783 r 0f         00000002  lw       x15, -0x14(x8)
#263 0 80000114 40f707b3 r 0f         00000003  sub      x15, x14, x15
#264 0 80000118     17fd r 0f         00000002  c.addi   x15, -0x1
#265 0 8000011a fe842703 r 0e         00000000  lw       x14, -0x18(x8)
#266 0 8000011e f6f74fe3 r 00         00000000  blt      x14, x15, . - 0x82
#267 0 8000009c fe842783 r 0f         00000000  lw       x15, -0x18(x8)
#268 0 800000a0     078a r 0f         00000000  c.slli   x15, 2
#269 0 800000a2     17c1 r 0f         fffffff0  c.addi   x15, -0x10
#270 0 800000a4     97a2 r 0f         f0040ff0  c.add    x15, x8
#271 0 800000a6 fd87a703 r 0e         00000038  lw       x14, -0x28(x15)
#272 0 800000aa fe842783 r 0f         00000000  lw       x15, -0x18(x8)
#273 0 800000ae     0785 r 0f         00000001  c.addi   x15, 0x1
#274 0 800000b0     078a r 0f         00000004  c.slli   x15, 2
#275 0 800000b2     17c1 r 0f         fffffff4  c.addi   x15, -0x10
#276 0 800000b4     97a2 r 0f         f0040ff4  c.add    x15, x8
#277 0 800000b6 fd87a783 r 0f         00000057  lw       x15, -0x28(x15)
#278 0 800000ba 04e7d463 r 00         00000000  bge      x15, x14, . + 0x48
#279 0 80000102 fe842783 r 0f         00000000  lw       x15, -0x18(x8)
#280 0 80000106     0785 r 0f         00000001  c.addi   x15, 0x1
#281 0 80000108 fef42423 m f0040fe8   00000001  sw       x15, -0x18(x8)
#282 0 8000010c fe442703 r 0e         00000005  lw       x14, -0x1c(x8)
#283 0 80000110 fec42783 r 0f         00000002  lw       x15, -0x14(x8)
#284 0 80000114 40f707b3 r 0f         00000003  sub      x15, x14, x15
#285 0 80000118     17fd r 0f         00000002  c.addi   x15, -0x1
#286 0 8000011a fe842703 r 0e         00000001  lw       x14, -0x18(x8)
#287 0 8000011e f6f74fe3 r 00         00000000  blt      x14, x15, . - 0x82
#288 0 8000009c fe842783 r 0f         00000001  lw       x15, -0x18(x8)
#289 0 800000a0     078a r 0f         00000004  c.slli   x15, 2
#290 0 800000a2     17c1 r 0f         fffffff4  c.addi   x15, -0x10
#291 0 800000a4     97a2 r 0f         f0040ff4  c.add    x15, x8
#292 0 800000a6 fd87a703 r 0e         00000057  lw       x14, -0x28(x15)
#293 0 800000aa fe842783 r 0f         00000001  lw       x15, -0x18(x8)
#294 0 800000ae     0785 r 0f         00000002  c.addi   x15, 0x1
#295 0 800000b0     078a r 0f         00000008  c.slli   x15, 2
#296 0 800000b2     17c1 r 0f         fffffff8  c.addi   x15, -0x10
#297 0 800000b4     97a2 r 0f         f0040ff8  c.add    x15, x8
#298 0 800000b6 fd87a783 r 0f         00000078  lw       x15, -0x28(x15)
#299 0 800000ba 04e7d463 r 00         00000000  bge      x15, x14, . + 0x48
#300 0 80000102 fe842783 r 0f         00000001  lw       x15, -0x18(x8)
#301 0 80000106     0785 r 0f         00000002  c.addi   x15, 0x1
#302 0 80000108 fef42423 m f0040fe8   00000002  sw       x15, -0x18(x8)
#303 0 8000010c fe442703 r 0e         00000005  lw       x14, -0x1c(x8)
#304 0 80000110 fec42783 r 0f         00000002  lw       x15, -0x14(x8)
#305 0 80000114 40f707b3 r 0f         00000003  sub      x15, x14, x15
#306 0 80000118     17fd r 0f         00000002  c.addi   x15, -0x1
#307 0 8000011a fe842703 r 0e         00000002  lw       x14, -0x18(x8)
#308 0 8000011e f6f74fe3 r 00         00000000  blt      x14, x15, . - 0x82
#309 0 80000122 fec42783 r 0f         00000002  lw       x15, -0x14(x8)
#310 0 80000126     0785 r 0f         00000003  c.addi   x15, 0x1
#311 0 80000128 fef42623 m f0040fec   00000003  sw       x15, -0x14(x8)
#312 0 8000012c fe442783 r 0f         00000005  lw       x15, -0x1c(x8)
#313 0 80000130     17fd r 0f         00000004  c.addi   x15, -0x1
#314 0 80000132 fec42703 r 0e         00000003  lw       x14, -0x14(x8)
#315 0 80000136 f6f740e3 r 00         00000000  blt      x14, x15, . - 0xa0
#316 0 80000096 fe042423 m f0040fe8   00000000  sw       x0, -0x18(x8)
#317 0 8000009a     a88d r 00         00000000  c.j      . + 0x72
#318 0 8000010c fe442703 r 0e         00000005  lw       x14, -0x1c(x8)
#319 0 80000110 fec42783 r 0f         00000003  lw       x15, -0x14(x8)
#320 0 80000114 40f707b3 r 0f         00000002  sub      x15, x14, x15
#321 0 80000118     17fd r 0f         00000001  c.addi   x15, -0x1
#322 0 8000011a fe842703 r 0e         00000000  lw       x14, -0x18(x8)
#323 0 8000011e f6f74fe3 r 00         00000000  blt      x14, x15, . - 0x82
#324 0 8000009c fe842783 r 0f         00000000  lw       x15, -0x18(x8)
#325 0 800000a0     078a r 0f         00000000  c.slli   x15, 2
#326 0 800000a2     17c1 r 0f         fffffff0  c.addi   x15, -0x10
#327 0 800000a4     97a2 r 0f         f0040ff0  c.add    x15, x8
#328 0 800000a6 fd87a703 r 0e         00000038  lw       x14, -0x28(x15)
#329 0 800000aa fe842783 r 0f         00000000  lw       x15, -0x18(x8)
#330 0 800000ae     0785 r 0f         00000001  c.addi   x15, 0x1
#331 0 800000b0     078a r 0f         00000004  c.slli   x15, 2
#332 0 800000b2     17c1 r 0f         fffffff4  c.addi   x15, -0x10
#333 0 800000b4     97a2 r 0f         f0040ff4  c.add    x15, x8
#334 0 800000b6 fd87a783 r 0f         00000057  lw       x15, -0x28(x15)
#335 0 800000ba 04e7d463 r 00         00000000  bge      x15, x14, . + 0x48
#336 0 80000102 fe842783 r 0f         00000000  lw       x15, -0x18(x8)
#337 0 80000106     0785 r 0f         00000001  c.addi   x15, 0x1
#338 0 80000108 fef42423 m f0040fe8   00000001  sw       x15, -0x18(x8)
#339 0 8000010c fe442703 r 0e         00000005  lw       x14, -0x1c(x8)
#340 0 80000110 fec42783 r 0f         00000003  lw       x15, -0x14(x8)
#341 0 80000114 40f707b3 r 0f         00000002  sub      x15, x14, x15
#342 0 80000118     17fd r 0f         00000001  c.addi   x15, -0x1
#343 0 8000011a fe842703 r 0e         00000001  lw       x14, -0x18(x8)
#344 0 8000011e f6f74fe3 r 00         00000000  blt      x14, x15, . - 0x82
#345 0 80000122 fec42783 r 0f         00000003  lw       x15, -0x14(x8)
#346 0 80000126     0785 r 0f         00000004  c.addi   x15, 0x1
#347 0 80000128 fef42623 m f0040fec   00000004  sw       x15, -0x14(x8)
#348 0 8000012c fe442783 r 0f         00000005  lw       x15, -0x1c(x8)
#349 0 80000130     17fd r 0f         00000004  c.addi   x15, -0x1
#350 0 80000132 fec42703 r 0e         00000004  lw       x14, -0x14(x8)
#351 0 80000136 f6f740e3 r 00         00000000  blt      x14, x15, . - 0xa0
#352 0 8000013a fe042623 m f0040fec   00000000  sw       x0, -0x14(x8)
#353 0 8000013e     a031 r 00         00000000  c.j      . + 0xc
#354 0 8000014a fec42703 r 0e         00000000  lw       x14, -0x14(x8)
#355 0 8000014e fe442783 r 0f         00000005  lw       x15, -0x1c(x8)
#356 0 80000152 fef747e3 r 00         00000000  blt      x14, x15, . - 0x12
#357 0 80000140 fec42783 r 0f         00000000  lw       x15, -0x14(x8)
#358 0 80000144     0785 r 0f         00000001  c.addi   x15, 0x1
#359 0 80000146 fef42623 m f0040fec   00000001  sw       x15, -0x14(x8)
#360 0 8000014a fec42703 r 0e         00000001  lw       x14, -0x14(x8)
#361 0 8000014e fe442783 r 0f         00000005  lw       x15, -0x1c(x8)
#362 0 80000152 fef747e3 r 00         00000000  blt      x14, x15, . - 0x12
#363 0 80000140 fec42783 r 0f         00000001  lw       x15, -0x14(x8)
#364 0 80000144     0785 r 0f         00000002  c.addi   x15, 0x1
#365 0 80000146 fef42623 m f0040fec   00000002  sw       x15, -0x14(x8)
#366 0 8000014a fec42703 r 0e         00000002  lw       x14, -0x14(x8)
#367 0 8000014e fe442783 r 0f         00000005  lw       x15, -0x1c(x8)
#368 0 80000152 fef747e3 r 00         00000000  blt      x14, x15, . - 0x12
#369 0 80000140 fec42783 r 0f         00000002  lw       x15, -0x14(x8)
#370 0 80000144     0785 r 0f         00000003  c.addi   x15, 0x1
#371 0 80000146 fef42623 m f0040fec   00000003  sw       x15, -0x14(x8)
#372 0 8000014a fec42703 r 0e         00000003  lw       x14, -0x14(x8)
#373 0 8000014e fe442783 r 0f         00000005  lw       x15, -0x1c(x8)
#374 0 80000152 fef747e3 r 00         00000000  blt      x14, x15, . - 0x12
#375 0 80000140 fec42783 r 0f         00000003  lw       x15, -0x14(x8)
#376 0 80000144     0785 r 0f         00000004  c.addi   x15, 0x1
#377 0 80000146 fef42623 m f0040fec   00000004  sw       x15, -0x14(x8)
#378 0 8000014a fec42703 r 0e         00000004  lw       x14, -0x14(x8)
#379 0 8000014e fe442783 r 0f         00000005  lw       x15, -0x1c(x8)
#380 0 80000152 fef747e3 r 00         00000000  blt      x14, x15, . - 0x12
#381 0 80000140 fec42783 r 0f         00000004  lw       x15, -0x14(x8)
#382 0 80000144     0785 r 0f         00000005  c.addi   x15, 0x1
#383 0 80000146 fef42623 m f0040fec   00000005  sw       x15, -0x14(x8)
#384 0 8000014a fec42703 r 0e         00000005  lw       x14, -0x14(x8)
#385 0 8000014e fe442783 r 0f         00000005  lw       x15, -0x1c(x8)
#386 0 80000152 fef747e3 r 00         00000000  blt      x14, x15, . - 0x12
#387 0 80000156     0001 r 00         00000000  c.nop
#388 0 80000158     0001 r 00         00000000  c.nop
#389 0 8000015a     5472 r 08         00000000  c.lwsp   x8, 0x3c
#390 0 8000015c     6121 r 02         f0041000  c.addi16sp 0x4
#391 0 8000015e     8082 r 00         00000000  c.jr     x1
#392 0 80000016 50580297 r 05         d0580016  auipc    x5, 0x50580
#393 0 8000001a fea28293 r 05         d0580000  addi     x5, x5, -0x16
#394 0 8000001e 0ff00313 r 06         000000ff  addi     x6, x0, 0xff
#395 0 80000022 00628023 m d0580000   000000ff  sb       x6, 0x0(x5)
