Time	Cycle	PC	Insn	Decoded instruction	Register and memory contents
             20	         6	00100080	2d40006f	jal	x0,100354	  x0=0x00000000
             22	         7	00100354	00000093	addi	x1,x0,0	  x0:0x00000000  x1=0x00000000
             24	         8	00100358	8106	c.mv	x2,x1	  x0:0x00000000  x1:0x00000000  x2=0x00000000
             26	         9	0010035a	8186	c.mv	x3,x1	  x0:0x00000000  x1:0x00000000  x3=0x00000000
             28	        10	0010035c	8206	c.mv	x4,x1	  x0:0x00000000  x1:0x00000000  x4=0x00000000
             30	        11	0010035e	8286	c.mv	x5,x1	  x0:0x00000000  x1:0x00000000  x5=0x00000000
             32	        12	00100360	8306	c.mv	x6,x1	  x0:0x00000000  x1:0x00000000  x6=0x00000000
             34	        13	00100362	8386	c.mv	x7,x1	  x0:0x00000000  x1:0x00000000  x7=0x00000000
             36	        14	00100364	8406	c.mv	x8,x1	  x0:0x00000000  x1:0x00000000  x8=0x00000000
             38	        15	00100366	8486	c.mv	x9,x1	  x0:0x00000000  x1:0x00000000  x9=0x00000000
             40	        16	00100368	8506	c.mv	x10,x1	  x0:0x00000000  x1:0x00000000 x10=0x00000000
             42	        17	0010036a	8586	c.mv	x11,x1	  x0:0x00000000  x1:0x00000000 x11=0x00000000
             44	        18	0010036c	8606	c.mv	x12,x1	  x0:0x00000000  x1:0x00000000 x12=0x00000000
             46	        19	0010036e	8686	c.mv	x13,x1	  x0:0x00000000  x1:0x00000000 x13=0x00000000
             48	        20	00100370	8706	c.mv	x14,x1	  x0:0x00000000  x1:0x00000000 x14=0x00000000
             50	        21	00100372	8786	c.mv	x15,x1	  x0:0x00000000  x1:0x00000000 x15=0x00000000
             52	        22	00100374	8806	c.mv	x16,x1	  x0:0x00000000  x1:0x00000000 x16=0x00000000
             54	        23	00100376	8886	c.mv	x17,x1	  x0:0x00000000  x1:0x00000000 x17=0x00000000
             56	        24	00100378	8906	c.mv	x18,x1	  x0:0x00000000  x1:0x00000000 x18=0x00000000
             58	        25	0010037a	8986	c.mv	x19,x1	  x0:0x00000000  x1:0x00000000 x19=0x00000000
             60	        26	0010037c	8a06	c.mv	x20,x1	  x0:0x00000000  x1:0x00000000 x20=0x00000000
             62	        27	0010037e	8a86	c.mv	x21,x1	  x0:0x00000000  x1:0x00000000 x21=0x00000000
             64	        28	00100380	8b06	c.mv	x22,x1	  x0:0x00000000  x1:0x00000000 x22=0x00000000
             66	        29	00100382	8b86	c.mv	x23,x1	  x0:0x00000000  x1:0x00000000 x23=0x00000000
             68	        30	00100384	8c06	c.mv	x24,x1	  x0:0x00000000  x1:0x00000000 x24=0x00000000
             70	        31	00100386	8c86	c.mv	x25,x1	  x0:0x00000000  x1:0x00000000 x25=0x00000000
             72	        32	00100388	8d06	c.mv	x26,x1	  x0:0x00000000  x1:0x00000000 x26=0x00000000
             74	        33	0010038a	8d86	c.mv	x27,x1	  x0:0x00000000  x1:0x00000000 x27=0x00000000
             76	        34	0010038c	8e06	c.mv	x28,x1	  x0:0x00000000  x1:0x00000000 x28=0x00000000
             78	        35	0010038e	8e86	c.mv	x29,x1	  x0:0x00000000  x1:0x00000000 x29=0x00000000
             80	        36	00100390	8f06	c.mv	x30,x1	  x0:0x00000000  x1:0x00000000 x30=0x00000000
             82	        37	00100392	8f86	c.mv	x31,x1	  x0:0x00000000  x1:0x00000000 x31=0x00000000
             84	        38	00100394	00100117	auipc	x2,0x100	  x2=0x00200394
             86	        39	00100398	c6c10113	addi	x2,x2,-916	  x2:0x00200394  x2=0x00200000
             88	        40	0010039c	00000d17	auipc	x26,0x0	 x26=0x0010039c
             90	        41	001003a0	144d0d13	addi	x26,x26,324	 x26:0x0010039c x26=0x001004e0
             92	        42	001003a4	00000d97	auipc	x27,0x0	 x27=0x001003a4
             94	        43	001003a8	14cd8d93	addi	x27,x27,332	 x27:0x001003a4 x27=0x001004f0
             96	        44	001003ac	01bd5763	bge	x26,x27,1003ba	 x26:0x001004e0 x27:0x001004f0  x0=0x00000000
            100	        46	001003b0	000d2023	sw	x0,0(x26)	 x26:0x001004e0  x0:0x00000000 PA:0x001004e0 store:0x00000000 load:0x00000000
            102	        47	001003b4	0d11	c.addi	x26,4	 x26:0x001004e0 x26=0x001004e4
            106	        49	001003b6	ffaddde3	bge	x27,x26,1003b0	 x27:0x001004f0 x26:0x001004e4  x0=0x00000000
            112	        52	001003b0	000d2023	sw	x0,0(x26)	 x26:0x001004e4  x0:0x00000000 PA:0x001004e4 store:0x00000000 load:0x00000000
            114	        53	001003b4	0d11	c.addi	x26,4	 x26:0x001004e4 x26=0x001004e8
            118	        55	001003b6	ffaddde3	bge	x27,x26,1003b0	 x27:0x001004f0 x26:0x001004e8  x0=0x00000000
            124	        58	001003b0	000d2023	sw	x0,0(x26)	 x26:0x001004e8  x0:0x00000000 PA:0x001004e8 store:0x00000000 load:0x00000000
            126	        59	001003b4	0d11	c.addi	x26,4	 x26:0x001004e8 x26=0x001004ec
            130	        61	001003b6	ffaddde3	bge	x27,x26,1003b0	 x27:0x001004f0 x26:0x001004ec  x0=0x00000000
            136	        64	001003b0	000d2023	sw	x0,0(x26)	 x26:0x001004ec  x0:0x00000000 PA:0x001004ec store:0x00000000 load:0x00000000
            138	        65	001003b4	0d11	c.addi	x26,4	 x26:0x001004ec x26=0x001004f0
            142	        67	001003b6	ffaddde3	bge	x27,x26,1003b0	 x27:0x001004f0 x26:0x001004f0  x0=0x00000000
            148	        70	001003b0	000d2023	sw	x0,0(x26)	 x26:0x001004f0  x0:0x00000000 PA:0x001004f0 store:0x00000000 load:0x00000000
            150	        71	001003b4	0d11	c.addi	x26,4	 x26:0x001004f0 x26=0x001004f4
            152	        72	001003b6	ffaddde3	bge	x27,x26,1003b0	 x27:0x001004f0 x26:0x001004f4  x0=0x00000000
            154	        73	001003ba	4501	c.li	x10,0	 x10=0x00000000
            156	        74	001003bc	4581	c.li	x11,0	 x11=0x00000000
            160	        76	001003be	016000ef	jal	x1,1003d4	  x1=0x001003c2
            162	        77	001003d4	1101	c.addi	x2,-32	  x2:0x00200000  x2=0x001fffe0
            164	        78	001003d6	4501	c.li	x10,0	 x10=0x00000000
            168	        80	001003d8	ce06	c.swsp	x1,28(x2)	  x2:0x001fffe0  x1:0x001003c2 PA:0x001ffffc store:0x001003c2 load:0x00000000
            172	        82	001003da	cc22	c.swsp	x8,24(x2)	  x2:0x001fffe0  x8:0x00000000 PA:0x001ffff8 store:0x00000000 load:0x00000000
            176	        84	001003dc	ca26	c.swsp	x9,20(x2)	  x2:0x001fffe0  x9:0x00000000 PA:0x001ffff4 store:0x00000000 load:0x00000000
            180	        86	001003de	c64e	c.swsp	x19,12(x2)	  x2:0x001fffe0 x19:0x00000000 PA:0x001fffec store:0x00000000 load:0x00000000
            184	        88	001003e0	c452	c.swsp	x20,8(x2)	  x2:0x001fffe0 x20:0x00000000 PA:0x001fffe8 store:0x00000000 load:0x00000000
            188	        90	001003e2	c256	c.swsp	x21,4(x2)	  x2:0x001fffe0 x21:0x00000000 PA:0x001fffe4 store:0x00000000 load:0x00000000
            192	        92	001003e4	c84a	c.swsp	x18,16(x2)	  x2:0x001fffe0 x18:0x00000000 PA:0x001ffff0 store:0x00000000 load:0x00000000
            196	        94	001003e6	33dd	c.jal	1001cc	  x1=0x001003e8
            198	        95	001001cc	00153513	sltiu	x10,x10,1	 x10:0x00000000 x10=0x00000001
            200	        96	001001d0	40a00533	sub	x10,x0,x10	  x0:0x00000000 x10:0x00000001 x10=0xffffffff
            202	        97	001001d4	32051073	csrrw	x0,mcountinhibit,x10	 x10:0xffffffff  x0=0x00000000
            206	        99	001001d8	8082	c.jr	x1	  x1:0x001003e8
            210	       101	001003e8	31ed	c.jal	1000d2	  x1=0x001003ea
            214	       103	001000d2	b0201073	csrrw	x0,minstret,x0	  x0:0x00000000  x0=0x00000000
            216	       104	001000d6	b0001073	csrrw	x0,mcycle,x0	  x0:0x00000000  x0=0x00000000
            218	       105	001000da	b0301073	csrrw	x0,mhpmcounter3,x0	  x0:0x00000000  x0=0x00000000
            220	       106	001000de	b0401073	csrrw	x0,mhpmcounter4,x0	  x0:0x00000000  x0=0x00000000
            222	       107	001000e2	b0501073	csrrw	x0,mhpmcounter5,x0	  x0:0x00000000  x0=0x00000000
            224	       108	001000e6	b0601073	csrrw	x0,mhpmcounter6,x0	  x0:0x00000000  x0=0x00000000
            226	       109	001000ea	b0701073	csrrw	x0,mhpmcounter7,x0	  x0:0x00000000  x0=0x00000000
            228	       110	001000ee	b0801073	csrrw	x0,mhpmcounter8,x0	  x0:0x00000000  x0=0x00000000
            230	       111	001000f2	b0901073	csrrw	x0,mhpmcounter9,x0	  x0:0x00000000  x0=0x00000000
            232	       112	001000f6	b0a01073	csrrw	x0,mhpmcounter10,x0	  x0:0x00000000  x0=0x00000000
            234	       113	001000fa	b0b01073	csrrw	x0,mhpmcounter11,x0	  x0:0x00000000  x0=0x00000000
            236	       114	001000fe	b0c01073	csrrw	x0,mhpmcounter12,x0	  x0:0x00000000  x0=0x00000000
            238	       115	00100102	b0d01073	csrrw	x0,mhpmcounter13,x0	  x0:0x00000000  x0=0x00000000
            240	       116	00100106	b0e01073	csrrw	x0,mhpmcounter14,x0	  x0:0x00000000  x0=0x00000000
            242	       117	0010010a	b0f01073	csrrw	x0,mhpmcounter15,x0	  x0:0x00000000  x0=0x00000000
            244	       118	0010010e	b1001073	csrrw	x0,mhpmcounter16,x0	  x0:0x00000000  x0=0x00000000
            246	       119	00100112	b1101073	csrrw	x0,mhpmcounter17,x0	  x0:0x00000000  x0=0x00000000
            248	       120	00100116	b1201073	csrrw	x0,mhpmcounter18,x0	  x0:0x00000000  x0=0x00000000
            250	       121	0010011a	b1301073	csrrw	x0,mhpmcounter19,x0	  x0:0x00000000  x0=0x00000000
            252	       122	0010011e	b1401073	csrrw	x0,mhpmcounter20,x0	  x0:0x00000000  x0=0x00000000
            254	       123	00100122	b1501073	csrrw	x0,mhpmcounter21,x0	  x0:0x00000000  x0=0x00000000
            256	       124	00100126	b1601073	csrrw	x0,mhpmcounter22,x0	  x0:0x00000000  x0=0x00000000
            258	       125	0010012a	b1701073	csrrw	x0,mhpmcounter23,x0	  x0:0x00000000  x0=0x00000000
            260	       126	0010012e	b1801073	csrrw	x0,mhpmcounter24,x0	  x0:0x00000000  x0=0x00000000
            262	       127	00100132	b1901073	csrrw	x0,mhpmcounter25,x0	  x0:0x00000000  x0=0x00000000
            264	       128	00100136	b1a01073	csrrw	x0,mhpmcounter26,x0	  x0:0x00000000  x0=0x00000000
            266	       129	0010013a	b1b01073	csrrw	x0,mhpmcounter27,x0	  x0:0x00000000  x0=0x00000000
            268	       130	0010013e	b1c01073	csrrw	x0,mhpmcounter28,x0	  x0:0x00000000  x0=0x00000000
            270	       131	00100142	b1d01073	csrrw	x0,mhpmcounter29,x0	  x0:0x00000000  x0=0x00000000
            272	       132	00100146	b1e01073	csrrw	x0,mhpmcounter30,x0	  x0:0x00000000  x0=0x00000000
            274	       133	0010014a	b1f01073	csrrw	x0,mhpmcounter31,x0	  x0:0x00000000  x0=0x00000000
            276	       134	0010014e	b8201073	csrrw	x0,minstreth,x0	  x0:0x00000000  x0=0x00000000
            278	       135	00100152	b8001073	csrrw	x0,mcycleh,x0	  x0:0x00000000  x0=0x00000000
            280	       136	00100156	b8301073	csrrw	x0,mhpmcounter3h,x0	  x0:0x00000000  x0=0x00000000
            282	       137	0010015a	b8401073	csrrw	x0,mhpmcounter4h,x0	  x0:0x00000000  x0=0x00000000
            284	       138	0010015e	b8501073	csrrw	x0,mhpmcounter5h,x0	  x0:0x00000000  x0=0x00000000
            286	       139	00100162	b8601073	csrrw	x0,mhpmcounter6h,x0	  x0:0x00000000  x0=0x00000000
            288	       140	00100166	b8701073	csrrw	x0,mhpmcounter7h,x0	  x0:0x00000000  x0=0x00000000
            290	       141	0010016a	b8801073	csrrw	x0,mhpmcounter8h,x0	  x0:0x00000000  x0=0x00000000
            292	       142	0010016e	b8901073	csrrw	x0,mhpmcounter9h,x0	  x0:0x00000000  x0=0x00000000
            294	       143	00100172	b8a01073	csrrw	x0,mhpmcounter10h,x0	  x0:0x00000000  x0=0x00000000
            296	       144	00100176	b8b01073	csrrw	x0,mhpmcounter11h,x0	  x0:0x00000000  x0=0x00000000
            298	       145	0010017a	b8c01073	csrrw	x0,mhpmcounter12h,x0	  x0:0x00000000  x0=0x00000000
            300	       146	0010017e	b8d01073	csrrw	x0,mhpmcounter13h,x0	  x0:0x00000000  x0=0x00000000
            302	       147	00100182	b8e01073	csrrw	x0,mhpmcounter14h,x0	  x0:0x00000000  x0=0x00000000
            304	       148	00100186	b8f01073	csrrw	x0,mhpmcounter15h,x0	  x0:0x00000000  x0=0x00000000
            306	       149	0010018a	b9001073	csrrw	x0,mhpmcounter16h,x0	  x0:0x00000000  x0=0x00000000
            308	       150	0010018e	b9101073	csrrw	x0,mhpmcounter17h,x0	  x0:0x00000000  x0=0x00000000
            310	       151	00100192	b9201073	csrrw	x0,mhpmcounter18h,x0	  x0:0x00000000  x0=0x00000000
            312	       152	00100196	b9301073	csrrw	x0,mhpmcounter19h,x0	  x0:0x00000000  x0=0x00000000
            314	       153	0010019a	b9401073	csrrw	x0,mhpmcounter20h,x0	  x0:0x00000000  x0=0x00000000
            316	       154	0010019e	b9501073	csrrw	x0,mhpmcounter21h,x0	  x0:0x00000000  x0=0x00000000
            318	       155	001001a2	b9601073	csrrw	x0,mhpmcounter22h,x0	  x0:0x00000000  x0=0x00000000
            320	       156	001001a6	b9701073	csrrw	x0,mhpmcounter23h,x0	  x0:0x00000000  x0=0x00000000
            322	       157	001001aa	b9801073	csrrw	x0,mhpmcounter24h,x0	  x0:0x00000000  x0=0x00000000
            324	       158	001001ae	b9901073	csrrw	x0,mhpmcounter25h,x0	  x0:0x00000000  x0=0x00000000
            326	       159	001001b2	b9a01073	csrrw	x0,mhpmcounter26h,x0	  x0:0x00000000  x0=0x00000000
            328	       160	001001b6	b9b01073	csrrw	x0,mhpmcounter27h,x0	  x0:0x00000000  x0=0x00000000
            330	       161	001001ba	b9c01073	csrrw	x0,mhpmcounter28h,x0	  x0:0x00000000  x0=0x00000000
            332	       162	001001be	b9d01073	csrrw	x0,mhpmcounter29h,x0	  x0:0x00000000  x0=0x00000000
            334	       163	001001c2	b9e01073	csrrw	x0,mhpmcounter30h,x0	  x0:0x00000000  x0=0x00000000
            336	       164	001001c6	b9f01073	csrrw	x0,mhpmcounter31h,x0	  x0:0x00000000  x0=0x00000000
            340	       166	001001ca	8082	c.jr	x1	  x1:0x001003ea
            342	       167	001003ea	4505	c.li	x10,1	 x10=0x00000001
            346	       169	001003ec	33c5	c.jal	1001cc	  x1=0x001003ee
            348	       170	001001cc	00153513	sltiu	x10,x10,1	 x10:0x00000001 x10=0x00000000
            350	       171	001001d0	40a00533	sub	x10,x0,x10	  x0:0x00000000 x10:0x00000000 x10=0x00000000
            352	       172	001001d4	32051073	csrrw	x0,mcountinhibit,x10	 x10:0x00000000  x0=0x00000000
            356	       174	001001d8	8082	c.jr	x1	  x1:0x001003ee
            360	       176	001003ee	00000517	auipc	x10,0x0	 x10=0x001003ee
            362	       177	001003f2	0c650513	addi	x10,x10,198	 x10:0x001003ee x10=0x001004b4
            366	       179	001003f6	3969	c.jal	100090	  x1=0x001003f8
            368	       180	00100090	00020737	lui	x14,0x20	 x14=0x00020000
            372	       182	00100094	00054783	lbu	x15,0(x10)	 x10:0x001004b4 x15=0x00000048 PA:0x001004b4 store:0x00000000
            376	       184	00100098	e399	c.bnez	x15,10009e	 x15:0x00000048
            380	       186	0010009e	0505	c.addi	x10,1	 x10:0x001004b4 x10=0x001004b5
            384	       188	001000a0	c31c	c.sw	x15,0(x14)	 x14:0x00020000 x15:0x00000048 PA:0x00020000 store:0x00000048 load:0x00000000
            388	       190	001000a2	bfcd	c.j	100094	
            392	       192	00100094	00054783	lbu	x15,0(x10)	 x10:0x001004b5 x15=0x00000065 PA:0x001004b5 store:0x00000000
            396	       194	00100098	e399	c.bnez	x15,10009e	 x15:0x00000065
            400	       196	0010009e	0505	c.addi	x10,1	 x10:0x001004b5 x10=0x001004b6
            404	       198	001000a0	c31c	c.sw	x15,0(x14)	 x14:0x00020000 x15:0x00000065 PA:0x00020000 store:0x00000065 load:0x00000000
            408	       200	001000a2	bfcd	c.j	100094	
            412	       202	00100094	00054783	lbu	x15,0(x10)	 x10:0x001004b6 x15=0x0000006c PA:0x001004b6 store:0x00000000
            416	       204	00100098	e399	c.bnez	x15,10009e	 x15:0x0000006c
            420	       206	0010009e	0505	c.addi	x10,1	 x10:0x001004b6 x10=0x001004b7
            424	       208	001000a0	c31c	c.sw	x15,0(x14)	 x14:0x00020000 x15:0x0000006c PA:0x00020000 store:0x0000006c load:0x00000000
            428	       210	001000a2	bfcd	c.j	100094	
            432	       212	00100094	00054783	lbu	x15,0(x10)	 x10:0x001004b7 x15=0x0000006c PA:0x001004b7 store:0x00000000
            436	       214	00100098	e399	c.bnez	x15,10009e	 x15:0x0000006c
            440	       216	0010009e	0505	c.addi	x10,1	 x10:0x001004b7 x10=0x001004b8
            444	       218	001000a0	c31c	c.sw	x15,0(x14)	 x14:0x00020000 x15:0x0000006c PA:0x00020000 store:0x0000006c load:0x00000000
            448	       220	001000a2	bfcd	c.j	100094	
            452	       222	00100094	00054783	lbu	x15,0(x10)	 x10:0x001004b8 x15=0x0000006f PA:0x001004b8 store:0x00000000
            456	       224	00100098	e399	c.bnez	x15,10009e	 x15:0x0000006f
            460	       226	0010009e	0505	c.addi	x10,1	 x10:0x001004b8 x10=0x001004b9
            464	       228	001000a0	c31c	c.sw	x15,0(x14)	 x14:0x00020000 x15:0x0000006f PA:0x00020000 store:0x0000006f load:0x00000000
            468	       230	001000a2	bfcd	c.j	100094	
            472	       232	00100094	00054783	lbu	x15,0(x10)	 x10:0x001004b9 x15=0x00000020 PA:0x001004b9 store:0x00000000
            476	       234	00100098	e399	c.bnez	x15,10009e	 x15:0x00000020
            480	       236	0010009e	0505	c.addi	x10,1	 x10:0x001004b9 x10=0x001004ba
            484	       238	001000a0	c31c	c.sw	x15,0(x14)	 x14:0x00020000 x15:0x00000020 PA:0x00020000 store:0x00000020 load:0x00000000
            488	       240	001000a2	bfcd	c.j	100094	
            492	       242	00100094	00054783	lbu	x15,0(x10)	 x10:0x001004ba x15=0x00000073 PA:0x001004ba store:0x00000000
            496	       244	00100098	e399	c.bnez	x15,10009e	 x15:0x00000073
            500	       246	0010009e	0505	c.addi	x10,1	 x10:0x001004ba x10=0x001004bb
            504	       248	001000a0	c31c	c.sw	x15,0(x14)	 x14:0x00020000 x15:0x00000073 PA:0x00020000 store:0x00000073 load:0x00000000
            508	       250	001000a2	bfcd	c.j	100094	
            512	       252	00100094	00054783	lbu	x15,0(x10)	 x10:0x001004bb x15=0x00000069 PA:0x001004bb store:0x00000000
            516	       254	00100098	e399	c.bnez	x15,10009e	 x15:0x00000069
            520	       256	0010009e	0505	c.addi	x10,1	 x10:0x001004bb x10=0x001004bc
            524	       258	001000a0	c31c	c.sw	x15,0(x14)	 x14:0x00020000 x15:0x00000069 PA:0x00020000 store:0x00000069 load:0x00000000
            528	       260	001000a2	bfcd	c.j	100094	
            532	       262	00100094	00054783	lbu	x15,0(x10)	 x10:0x001004bc x15=0x0000006d PA:0x001004bc store:0x00000000
            536	       264	00100098	e399	c.bnez	x15,10009e	 x15:0x0000006d
            540	       266	0010009e	0505	c.addi	x10,1	 x10:0x001004bc x10=0x001004bd
            544	       268	001000a0	c31c	c.sw	x15,0(x14)	 x14:0x00020000 x15:0x0000006d PA:0x00020000 store:0x0000006d load:0x00000000
            548	       270	001000a2	bfcd	c.j	100094	
            552	       272	00100094	00054783	lbu	x15,0(x10)	 x10:0x001004bd x15=0x00000070 PA:0x001004bd store:0x00000000
            556	       274	00100098	e399	c.bnez	x15,10009e	 x15:0x00000070
            560	       276	0010009e	0505	c.addi	x10,1	 x10:0x001004bd x10=0x001004be
            564	       278	001000a0	c31c	c.sw	x15,0(x14)	 x14:0x00020000 x15:0x00000070 PA:0x00020000 store:0x00000070 load:0x00000000
            568	       280	001000a2	bfcd	c.j	100094	
            572	       282	00100094	00054783	lbu	x15,0(x10)	 x10:0x001004be x15=0x0000006c PA:0x001004be store:0x00000000
            576	       284	00100098	e399	c.bnez	x15,10009e	 x15:0x0000006c
            580	       286	0010009e	0505	c.addi	x10,1	 x10:0x001004be x10=0x001004bf
            584	       288	001000a0	c31c	c.sw	x15,0(x14)	 x14:0x00020000 x15:0x0000006c PA:0x00020000 store:0x0000006c load:0x00000000
            588	       290	001000a2	bfcd	c.j	100094	
            592	       292	00100094	00054783	lbu	x15,0(x10)	 x10:0x001004bf x15=0x00000065 PA:0x001004bf store:0x00000000
            596	       294	00100098	e399	c.bnez	x15,10009e	 x15:0x00000065
            600	       296	0010009e	0505	c.addi	x10,1	 x10:0x001004bf x10=0x001004c0
            604	       298	001000a0	c31c	c.sw	x15,0(x14)	 x14:0x00020000 x15:0x00000065 PA:0x00020000 store:0x00000065 load:0x00000000
            608	       300	001000a2	bfcd	c.j	100094	
            612	       302	00100094	00054783	lbu	x15,0(x10)	 x10:0x001004c0 x15=0x00000020 PA:0x001004c0 store:0x00000000
            616	       304	00100098	e399	c.bnez	x15,10009e	 x15:0x00000020
            620	       306	0010009e	0505	c.addi	x10,1	 x10:0x001004c0 x10=0x001004c1
            624	       308	001000a0	c31c	c.sw	x15,0(x14)	 x14:0x00020000 x15:0x00000020 PA:0x00020000 store:0x00000020 load:0x00000000
            628	       310	001000a2	bfcd	c.j	100094	
            632	       312	00100094	00054783	lbu	x15,0(x10)	 x10:0x001004c1 x15=0x00000073 PA:0x001004c1 store:0x00000000
            636	       314	00100098	e399	c.bnez	x15,10009e	 x15:0x00000073
            640	       316	0010009e	0505	c.addi	x10,1	 x10:0x001004c1 x10=0x001004c2
            644	       318	001000a0	c31c	c.sw	x15,0(x14)	 x14:0x00020000 x15:0x00000073 PA:0x00020000 store:0x00000073 load:0x00000000
            648	       320	001000a2	bfcd	c.j	100094	
            652	       322	00100094	00054783	lbu	x15,0(x10)	 x10:0x001004c2 x15=0x00000079 PA:0x001004c2 store:0x00000000
            656	       324	00100098	e399	c.bnez	x15,10009e	 x15:0x00000079
            660	       326	0010009e	0505	c.addi	x10,1	 x10:0x001004c2 x10=0x001004c3
            664	       328	001000a0	c31c	c.sw	x15,0(x14)	 x14:0x00020000 x15:0x00000079 PA:0x00020000 store:0x00000079 load:0x00000000
            668	       330	001000a2	bfcd	c.j	100094	
            672	       332	00100094	00054783	lbu	x15,0(x10)	 x10:0x001004c3 x15=0x00000073 PA:0x001004c3 store:0x00000000
            676	       334	00100098	e399	c.bnez	x15,10009e	 x15:0x00000073
            680	       336	0010009e	0505	c.addi	x10,1	 x10:0x001004c3 x10=0x001004c4
            684	       338	001000a0	c31c	c.sw	x15,0(x14)	 x14:0x00020000 x15:0x00000073 PA:0x00020000 store:0x00000073 load:0x00000000
            688	       340	001000a2	bfcd	c.j	100094	
            692	       342	00100094	00054783	lbu	x15,0(x10)	 x10:0x001004c4 x15=0x00000074 PA:0x001004c4 store:0x00000000
            696	       344	00100098	e399	c.bnez	x15,10009e	 x15:0x00000074
            700	       346	0010009e	0505	c.addi	x10,1	 x10:0x001004c4 x10=0x001004c5
            704	       348	001000a0	c31c	c.sw	x15,0(x14)	 x14:0x00020000 x15:0x00000074 PA:0x00020000 store:0x00000074 load:0x00000000
            708	       350	001000a2	bfcd	c.j	100094	
            712	       352	00100094	00054783	lbu	x15,0(x10)	 x10:0x001004c5 x15=0x00000065 PA:0x001004c5 store:0x00000000
            716	       354	00100098	e399	c.bnez	x15,10009e	 x15:0x00000065
            720	       356	0010009e	0505	c.addi	x10,1	 x10:0x001004c5 x10=0x001004c6
            724	       358	001000a0	c31c	c.sw	x15,0(x14)	 x14:0x00020000 x15:0x00000065 PA:0x00020000 store:0x00000065 load:0x00000000
            728	       360	001000a2	bfcd	c.j	100094	
            732	       362	00100094	00054783	lbu	x15,0(x10)	 x10:0x001004c6 x15=0x0000006d PA:0x001004c6 store:0x00000000
            736	       364	00100098	e399	c.bnez	x15,10009e	 x15:0x0000006d
            740	       366	0010009e	0505	c.addi	x10,1	 x10:0x001004c6 x10=0x001004c7
            744	       368	001000a0	c31c	c.sw	x15,0(x14)	 x14:0x00020000 x15:0x0000006d PA:0x00020000 store:0x0000006d load:0x00000000
            748	       370	001000a2	bfcd	c.j	100094	
            752	       372	00100094	00054783	lbu	x15,0(x10)	 x10:0x001004c7 x15=0x0000000a PA:0x001004c7 store:0x00000000
            756	       374	00100098	e399	c.bnez	x15,10009e	 x15:0x0000000a
            760	       376	0010009e	0505	c.addi	x10,1	 x10:0x001004c7 x10=0x001004c8
            764	       378	001000a0	c31c	c.sw	x15,0(x14)	 x14:0x00020000 x15:0x0000000a PA:0x00020000 store:0x0000000a load:0x00000000
            768	       380	001000a2	bfcd	c.j	100094	
            772	       382	00100094	00054783	lbu	x15,0(x10)	 x10:0x001004c8 x15=0x00000000 PA:0x001004c8 store:0x00000000
            774	       383	00100098	e399	c.bnez	x15,10009e	 x15:0x00000000
            776	       384	0010009a	4501	c.li	x10,0	 x10=0x00000000
            780	       386	0010009c	8082	c.jr	x1	  x1:0x001003f8
            782	       387	001003f8	deadc537	lui	x10,0xdeadc	 x10=0xdeadc000
            784	       388	001003fc	eef50513	addi	x10,x10,-273	 x10:0xdeadc000 x10=0xdeadbeef
            788	       390	00100400	3155	c.jal	1000a4	  x1=0x00100402
            790	       391	001000a4	4721	c.li	x14,8	 x14=0x00000008
            792	       392	001000a6	4625	c.li	x12,9	 x12=0x00000009
            794	       393	001000a8	000206b7	lui	x13,0x20	 x13=0x00020000
            796	       394	001000ac	01c55793	srli	x15,x10,0x1c	 x10:0xdeadbeef x15=0x0000000d
            800	       396	001000b0	00f66963	bltu	x12,x15,1000c2	 x12:0x00000009 x15:0x0000000d  x0=0x00000000
            806	       399	001000c2	03778793	addi	x15,x15,55	 x15:0x0000000d x15=0x00000044
            810	       401	001000c6	bfcd	c.j	1000b8	
            814	       403	001000b8	c29c	c.sw	x15,0(x13)	 x13:0x00020000 x15:0x00000044 PA:0x00020000 store:0x00000044 load:0x00000000
            816	       404	001000ba	177d	c.addi	x14,-1	 x14:0x00000008 x14=0x00000007
            818	       405	001000bc	0512	c.slli	x10,0x4	 x10:0xdeadbeef x10=0xeadbeef0
            822	       407	001000be	f77d	c.bnez	x14,1000ac	 x14:0x00000007
            826	       409	001000ac	01c55793	srli	x15,x10,0x1c	 x10:0xeadbeef0 x15=0x0000000e
            830	       411	001000b0	00f66963	bltu	x12,x15,1000c2	 x12:0x00000009 x15:0x0000000e  x0=0x00000000
            836	       414	001000c2	03778793	addi	x15,x15,55	 x15:0x0000000e x15=0x00000045
            840	       416	001000c6	bfcd	c.j	1000b8	
            844	       418	001000b8	c29c	c.sw	x15,0(x13)	 x13:0x00020000 x15:0x00000045 PA:0x00020000 store:0x00000045 load:0x00000000
            846	       419	001000ba	177d	c.addi	x14,-1	 x14:0x00000007 x14=0x00000006
            848	       420	001000bc	0512	c.slli	x10,0x4	 x10:0xeadbeef0 x10=0xadbeef00
            852	       422	001000be	f77d	c.bnez	x14,1000ac	 x14:0x00000006
            856	       424	001000ac	01c55793	srli	x15,x10,0x1c	 x10:0xadbeef00 x15=0x0000000a
            860	       426	001000b0	00f66963	bltu	x12,x15,1000c2	 x12:0x00000009 x15:0x0000000a  x0=0x00000000
            866	       429	001000c2	03778793	addi	x15,x15,55	 x15:0x0000000a x15=0x00000041
            870	       431	001000c6	bfcd	c.j	1000b8	
            874	       433	001000b8	c29c	c.sw	x15,0(x13)	 x13:0x00020000 x15:0x00000041 PA:0x00020000 store:0x00000041 load:0x00000000
            876	       434	001000ba	177d	c.addi	x14,-1	 x14:0x00000006 x14=0x00000005
            878	       435	001000bc	0512	c.slli	x10,0x4	 x10:0xadbeef00 x10=0xdbeef000
            882	       437	001000be	f77d	c.bnez	x14,1000ac	 x14:0x00000005
            886	       439	001000ac	01c55793	srli	x15,x10,0x1c	 x10:0xdbeef000 x15=0x0000000d
            890	       441	001000b0	00f66963	bltu	x12,x15,1000c2	 x12:0x00000009 x15:0x0000000d  x0=0x00000000
            896	       444	001000c2	03778793	addi	x15,x15,55	 x15:0x0000000d x15=0x00000044
            900	       446	001000c6	bfcd	c.j	1000b8	
            904	       448	001000b8	c29c	c.sw	x15,0(x13)	 x13:0x00020000 x15:0x00000044 PA:0x00020000 store:0x00000044 load:0x00000000
            906	       449	001000ba	177d	c.addi	x14,-1	 x14:0x00000005 x14=0x00000004
            908	       450	001000bc	0512	c.slli	x10,0x4	 x10:0xdbeef000 x10=0xbeef0000
            912	       452	001000be	f77d	c.bnez	x14,1000ac	 x14:0x00000004
            916	       454	001000ac	01c55793	srli	x15,x10,0x1c	 x10:0xbeef0000 x15=0x0000000b
            920	       456	001000b0	00f66963	bltu	x12,x15,1000c2	 x12:0x00000009 x15:0x0000000b  x0=0x00000000
            926	       459	001000c2	03778793	addi	x15,x15,55	 x15:0x0000000b x15=0x00000042
            930	       461	001000c6	bfcd	c.j	1000b8	
            934	       463	001000b8	c29c	c.sw	x15,0(x13)	 x13:0x00020000 x15:0x00000042 PA:0x00020000 store:0x00000042 load:0x00000000
            936	       464	001000ba	177d	c.addi	x14,-1	 x14:0x00000004 x14=0x00000003
            938	       465	001000bc	0512	c.slli	x10,0x4	 x10:0xbeef0000 x10=0xeef00000
            942	       467	001000be	f77d	c.bnez	x14,1000ac	 x14:0x00000003
            946	       469	001000ac	01c55793	srli	x15,x10,0x1c	 x10:0xeef00000 x15=0x0000000e
            950	       471	001000b0	00f66963	bltu	x12,x15,1000c2	 x12:0x00000009 x15:0x0000000e  x0=0x00000000
            956	       474	001000c2	03778793	addi	x15,x15,55	 x15:0x0000000e x15=0x00000045
            960	       476	001000c6	bfcd	c.j	1000b8	
            964	       478	001000b8	c29c	c.sw	x15,0(x13)	 x13:0x00020000 x15:0x00000045 PA:0x00020000 store:0x00000045 load:0x00000000
            966	       479	001000ba	177d	c.addi	x14,-1	 x14:0x00000003 x14=0x00000002
            968	       480	001000bc	0512	c.slli	x10,0x4	 x10:0xeef00000 x10=0xef000000
            972	       482	001000be	f77d	c.bnez	x14,1000ac	 x14:0x00000002
            976	       484	001000ac	01c55793	srli	x15,x10,0x1c	 x10:0xef000000 x15=0x0000000e
            980	       486	001000b0	00f66963	bltu	x12,x15,1000c2	 x12:0x00000009 x15:0x0000000e  x0=0x00000000
            986	       489	001000c2	03778793	addi	x15,x15,55	 x15:0x0000000e x15=0x00000045
            990	       491	001000c6	bfcd	c.j	1000b8	
            994	       493	001000b8	c29c	c.sw	x15,0(x13)	 x13:0x00020000 x15:0x00000045 PA:0x00020000 store:0x00000045 load:0x00000000
            996	       494	001000ba	177d	c.addi	x14,-1	 x14:0x00000002 x14=0x00000001
            998	       495	001000bc	0512	c.slli	x10,0x4	 x10:0xef000000 x10=0xf0000000
           1002	       497	001000be	f77d	c.bnez	x14,1000ac	 x14:0x00000001
           1006	       499	001000ac	01c55793	srli	x15,x10,0x1c	 x10:0xf0000000 x15=0x0000000f
           1010	       501	001000b0	00f66963	bltu	x12,x15,1000c2	 x12:0x00000009 x15:0x0000000f  x0=0x00000000
           1016	       504	001000c2	03778793	addi	x15,x15,55	 x15:0x0000000f x15=0x00000046
           1020	       506	001000c6	bfcd	c.j	1000b8	
           1024	       508	001000b8	c29c	c.sw	x15,0(x13)	 x13:0x00020000 x15:0x00000046 PA:0x00020000 store:0x00000046 load:0x00000000
           1026	       509	001000ba	177d	c.addi	x14,-1	 x14:0x00000001 x14=0x00000000
           1028	       510	001000bc	0512	c.slli	x10,0x4	 x10:0xf0000000 x10=0x00000000
           1030	       511	001000be	f77d	c.bnez	x14,1000ac	 x14:0x00000000
           1034	       513	001000c0	8082	c.jr	x1	  x1:0x00100402
           1036	       514	00100402	4529	c.li	x10,10	 x10=0x0000000a
           1040	       516	00100404	3141	c.jal	100084	  x1=0x00100406
           1042	       517	00100084	0ff57793	andi	x15,x10,255	 x10:0x0000000a x15=0x0000000a
           1044	       518	00100088	00020737	lui	x14,0x20	 x14=0x00020000
           1048	       520	0010008c	c31c	c.sw	x15,0(x14)	 x14:0x00020000 x15:0x0000000a PA:0x00020000 store:0x0000000a load:0x00000000
           1052	       522	0010008e	8082	c.jr	x1	  x1:0x00100406
           1056	       524	00100406	baadf537	lui	x10,0xbaadf	 x10=0xbaadf000
           1058	       525	0010040a	0535	c.addi	x10,13	 x10:0xbaadf000 x10=0xbaadf00d
           1062	       527	0010040c	3961	c.jal	1000a4	  x1=0x0010040e
           1064	       528	001000a4	4721	c.li	x14,8	 x14=0x00000008
           1066	       529	001000a6	4625	c.li	x12,9	 x12=0x00000009
           1068	       530	001000a8	000206b7	lui	x13,0x20	 x13=0x00020000
           1070	       531	001000ac	01c55793	srli	x15,x10,0x1c	 x10:0xbaadf00d x15=0x0000000b
           1074	       533	001000b0	00f66963	bltu	x12,x15,1000c2	 x12:0x00000009 x15:0x0000000b  x0=0x00000000
           1080	       536	001000c2	03778793	addi	x15,x15,55	 x15:0x0000000b x15=0x00000042
           1084	       538	001000c6	bfcd	c.j	1000b8	
           1088	       540	001000b8	c29c	c.sw	x15,0(x13)	 x13:0x00020000 x15:0x00000042 PA:0x00020000 store:0x00000042 load:0x00000000
           1090	       541	001000ba	177d	c.addi	x14,-1	 x14:0x00000008 x14=0x00000007
           1092	       542	001000bc	0512	c.slli	x10,0x4	 x10:0xbaadf00d x10=0xaadf00d0
           1096	       544	001000be	f77d	c.bnez	x14,1000ac	 x14:0x00000007
           1100	       546	001000ac	01c55793	srli	x15,x10,0x1c	 x10:0xaadf00d0 x15=0x0000000a
           1104	       548	001000b0	00f66963	bltu	x12,x15,1000c2	 x12:0x00000009 x15:0x0000000a  x0=0x00000000
           1110	       551	001000c2	03778793	addi	x15,x15,55	 x15:0x0000000a x15=0x00000041
           1114	       553	001000c6	bfcd	c.j	1000b8	
           1118	       555	001000b8	c29c	c.sw	x15,0(x13)	 x13:0x00020000 x15:0x00000041 PA:0x00020000 store:0x00000041 load:0x00000000
           1120	       556	001000ba	177d	c.addi	x14,-1	 x14:0x00000007 x14=0x00000006
           1122	       557	001000bc	0512	c.slli	x10,0x4	 x10:0xaadf00d0 x10=0xadf00d00
           1126	       559	001000be	f77d	c.bnez	x14,1000ac	 x14:0x00000006
           1130	       561	001000ac	01c55793	srli	x15,x10,0x1c	 x10:0xadf00d00 x15=0x0000000a
           1134	       563	001000b0	00f66963	bltu	x12,x15,1000c2	 x12:0x00000009 x15:0x0000000a  x0=0x00000000
           1140	       566	001000c2	03778793	addi	x15,x15,55	 x15:0x0000000a x15=0x00000041
           1144	       568	001000c6	bfcd	c.j	1000b8	
           1148	       570	001000b8	c29c	c.sw	x15,0(x13)	 x13:0x00020000 x15:0x00000041 PA:0x00020000 store:0x00000041 load:0x00000000
           1150	       571	001000ba	177d	c.addi	x14,-1	 x14:0x00000006 x14=0x00000005
           1152	       572	001000bc	0512	c.slli	x10,0x4	 x10:0xadf00d00 x10=0xdf00d000
           1156	       574	001000be	f77d	c.bnez	x14,1000ac	 x14:0x00000005
           1160	       576	001000ac	01c55793	srli	x15,x10,0x1c	 x10:0xdf00d000 x15=0x0000000d
           1164	       578	001000b0	00f66963	bltu	x12,x15,1000c2	 x12:0x00000009 x15:0x0000000d  x0=0x00000000
           1170	       581	001000c2	03778793	addi	x15,x15,55	 x15:0x0000000d x15=0x00000044
           1174	       583	001000c6	bfcd	c.j	1000b8	
           1178	       585	001000b8	c29c	c.sw	x15,0(x13)	 x13:0x00020000 x15:0x00000044 PA:0x00020000 store:0x00000044 load:0x00000000
           1180	       586	001000ba	177d	c.addi	x14,-1	 x14:0x00000005 x14=0x00000004
           1182	       587	001000bc	0512	c.slli	x10,0x4	 x10:0xdf00d000 x10=0xf00d0000
           1186	       589	001000be	f77d	c.bnez	x14,1000ac	 x14:0x00000004
           1190	       591	001000ac	01c55793	srli	x15,x10,0x1c	 x10:0xf00d0000 x15=0x0000000f
           1194	       593	001000b0	00f66963	bltu	x12,x15,1000c2	 x12:0x00000009 x15:0x0000000f  x0=0x00000000
           1200	       596	001000c2	03778793	addi	x15,x15,55	 x15:0x0000000f x15=0x00000046
           1204	       598	001000c6	bfcd	c.j	1000b8	
           1208	       600	001000b8	c29c	c.sw	x15,0(x13)	 x13:0x00020000 x15:0x00000046 PA:0x00020000 store:0x00000046 load:0x00000000
           1210	       601	001000ba	177d	c.addi	x14,-1	 x14:0x00000004 x14=0x00000003
           1212	       602	001000bc	0512	c.slli	x10,0x4	 x10:0xf00d0000 x10=0x00d00000
           1216	       604	001000be	f77d	c.bnez	x14,1000ac	 x14:0x00000003
           1220	       606	001000ac	01c55793	srli	x15,x10,0x1c	 x10:0x00d00000 x15=0x00000000
           1222	       607	001000b0	00f66963	bltu	x12,x15,1000c2	 x12:0x00000009 x15:0x00000000  x0=0x00000000
           1224	       608	001000b4	03078793	addi	x15,x15,48	 x15:0x00000000 x15=0x00000030
           1228	       610	001000b8	c29c	c.sw	x15,0(x13)	 x13:0x00020000 x15:0x00000030 PA:0x00020000 store:0x00000030 load:0x00000000
           1230	       611	001000ba	177d	c.addi	x14,-1	 x14:0x00000003 x14=0x00000002
           1232	       612	001000bc	0512	c.slli	x10,0x4	 x10:0x00d00000 x10=0x0d000000
           1236	       614	001000be	f77d	c.bnez	x14,1000ac	 x14:0x00000002
           1240	       616	001000ac	01c55793	srli	x15,x10,0x1c	 x10:0x0d000000 x15=0x00000000
           1242	       617	001000b0	00f66963	bltu	x12,x15,1000c2	 x12:0x00000009 x15:0x00000000  x0=0x00000000
           1244	       618	001000b4	03078793	addi	x15,x15,48	 x15:0x00000000 x15=0x00000030
           1248	       620	001000b8	c29c	c.sw	x15,0(x13)	 x13:0x00020000 x15:0x00000030 PA:0x00020000 store:0x00000030 load:0x00000000
           1250	       621	001000ba	177d	c.addi	x14,-1	 x14:0x00000002 x14=0x00000001
           1252	       622	001000bc	0512	c.slli	x10,0x4	 x10:0x0d000000 x10=0xd0000000
           1256	       624	001000be	f77d	c.bnez	x14,1000ac	 x14:0x00000001
           1260	       626	001000ac	01c55793	srli	x15,x10,0x1c	 x10:0xd0000000 x15=0x0000000d
           1264	       628	001000b0	00f66963	bltu	x12,x15,1000c2	 x12:0x00000009 x15:0x0000000d  x0=0x00000000
           1270	       631	001000c2	03778793	addi	x15,x15,55	 x15:0x0000000d x15=0x00000044
           1274	       633	001000c6	bfcd	c.j	1000b8	
           1278	       635	001000b8	c29c	c.sw	x15,0(x13)	 x13:0x00020000 x15:0x00000044 PA:0x00020000 store:0x00000044 load:0x00000000
           1280	       636	001000ba	177d	c.addi	x14,-1	 x14:0x00000001 x14=0x00000000
           1282	       637	001000bc	0512	c.slli	x10,0x4	 x10:0xd0000000 x10=0x00000000
           1284	       638	001000be	f77d	c.bnez	x14,1000ac	 x14:0x00000000
           1288	       640	001000c0	8082	c.jr	x1	  x1:0x0010040e
           1290	       641	0010040e	4529	c.li	x10,10	 x10=0x0000000a
           1294	       643	00100410	3995	c.jal	100084	  x1=0x00100412
           1296	       644	00100084	0ff57793	andi	x15,x10,255	 x10:0x0000000a x15=0x0000000a
           1298	       645	00100088	00020737	lui	x14,0x20	 x14=0x00020000
           1302	       647	0010008c	c31c	c.sw	x15,0(x14)	 x14:0x00020000 x15:0x0000000a PA:0x00020000 store:0x0000000a load:0x00000000
           1306	       649	0010008e	8082	c.jr	x1	  x1:0x00100412
           1308	       650	00100412	4501	c.li	x10,0	 x10=0x00000000
           1312	       652	00100414	3b65	c.jal	1001cc	  x1=0x00100416
           1314	       653	001001cc	00153513	sltiu	x10,x10,1	 x10:0x00000000 x10=0x00000001
           1316	       654	001001d0	40a00533	sub	x10,x0,x10	  x0:0x00000000 x10:0x00000001 x10=0xffffffff
           1318	       655	001001d4	32051073	csrrw	x0,mcountinhibit,x10	 x10:0xffffffff  x0=0x00000000
           1322	       657	001001d8	8082	c.jr	x1	  x1:0x00100416
           1326	       659	00100416	7d000513	addi	x10,x0,2000	  x0:0x00000000 x10=0x000007d0
           1328	       660	0010041a	4581	c.li	x11,0	 x11=0x00000000
           1332	       662	0010041c	35b9	c.jal	10026a	  x1=0x0010041e
           1334	       663	0010026a	1141	c.addi	x2,-16	  x2:0x001fffe0  x2=0x001fffd0
           1338	       665	0010026c	c606	c.swsp	x1,12(x2)	  x2:0x001fffd0  x1:0x0010041e PA:0x001fffdc store:0x0010041e load:0x00000000
           1342	       667	0010026e	c422	c.swsp	x8,8(x2)	  x2:0x001fffd0  x8:0x00000000 PA:0x001fffd8 store:0x00000000 load:0x00000000
           1346	       669	00100270	c226	c.swsp	x9,4(x2)	  x2:0x001fffd0  x9:0x00000000 PA:0x001fffd4 store:0x00000000 load:0x00000000
           1348	       670	00100272	4681	c.li	x13,0	 x13=0x00000000
           1350	       671	00100274	00000797	auipc	x15,0x0	 x15=0x00100274
           1352	       672	00100278	27478793	addi	x15,x15,628	 x15:0x00100274 x15=0x001004e8
           1356	       674	0010027c	c394	c.sw	x13,0(x15)	 x15:0x001004e8 x13:0x00000000 PA:0x001004e8 store:0x00000000 load:0x00000000
           1358	       675	0010027e	4701	c.li	x14,0	 x14=0x00000000
           1362	       677	00100280	c3d8	c.sw	x14,4(x15)	 x15:0x001004e8 x14:0x00000000 PA:0x001004ec store:0x00000000 load:0x00000000
           1364	       678	00100282	00000797	auipc	x15,0x0	 x15=0x00100282
           1366	       679	00100286	25e78793	addi	x15,x15,606	 x15:0x00100282 x15=0x001004e0
           1368	       680	0010028a	842a	c.mv	x8,x10	  x0:0x00000000 x10:0x000007d0  x8=0x000007d0
           1370	       681	0010028c	84ae	c.mv	x9,x11	  x0:0x00000000 x11:0x00000000  x9=0x00000000
           1374	       683	0010028e	c388	c.sw	x10,0(x15)	 x15:0x001004e0 x10:0x000007d0 PA:0x001004e0 store:0x000007d0 load:0x00000000
           1378	       685	00100290	c3cc	c.sw	x11,4(x15)	 x15:0x001004e0 x11:0x00000000 PA:0x001004e4 store:0x00000000 load:0x00000000
           1382	       687	00100292	3f6d	c.jal	10024c	  x1=0x00100294
           1384	       688	0010024c	000307b7	lui	x15,0x30	 x15=0x00030000
           1388	       690	00100250	43d8	c.lw	x14,4(x15)	 x15:0x00030000 x14=0x00000000 PA:0x00030004 store:0x00000000
           1392	       692	00100252	4388	c.lw	x10,0(x15)	 x15:0x00030000 x10=0x000002b2 PA:0x00030000 store:0x00000000
           1396	       694	00100254	43cc	c.lw	x11,4(x15)	 x15:0x00030000 x11=0x00000000 PA:0x00030004 store:0x00000000
           1398	       695	00100256	fee59de3	bne	x11,x14,100250	 x11:0x00000000 x14:0x00000000  x0=0x00000000
           1402	       697	0010025a	8082	c.jr	x1	  x1:0x00100294
           1404	       698	00100294	9522	c.add	x10,x8	 x10:0x000002b2  x8:0x000007d0 x10=0x00000a82
           1406	       699	00100296	00853433	sltu	x8,x10,x8	 x10:0x00000a82  x8:0x000007d0  x8=0x00000000
           1408	       700	0010029a	95a6	c.add	x11,x9	 x11:0x00000000  x9:0x00000000 x11=0x00000000
           1410	       701	0010029c	95a2	c.add	x11,x8	 x11:0x00000000  x8:0x00000000 x11=0x00000000
           1414	       703	0010029e	3f7d	c.jal	10025c	  x1=0x001002a0
           1416	       704	0010025c	000307b7	lui	x15,0x30	 x15=0x00030000
           1418	       705	00100260	577d	c.li	x14,-1	 x14=0xffffffff
           1422	       707	00100262	c798	c.sw	x14,8(x15)	 x15:0x00030000 x14:0xffffffff PA:0x00030008 store:0xffffffff load:0x00000000
           1426	       709	00100264	c7cc	c.sw	x11,12(x15)	 x15:0x00030000 x11:0x00000000 PA:0x0003000c store:0x00000000 load:0x00000000
           1430	       711	00100266	c788	c.sw	x10,8(x15)	 x15:0x00030000 x10:0x00000a82 PA:0x00030008 store:0x00000a82 load:0xffffffff
           1434	       713	00100268	8082	c.jr	x1	  x1:0x001002a0
           1436	       714	001002a0	08000793	addi	x15,x0,128	  x0:0x00000000 x15=0x00000080
           1438	       715	001002a4	3047a073	csrrs	x0,mie,x15	 x15:0x00000080  x0=0x00000000
           1444	       718	001002a8	47a1	c.li	x15,8	 x15=0x00000008
           1446	       719	001002aa	3007a073	csrrs	x0,mstatus,x15	 x15:0x00000008  x0=0x00000000
           1454	       723	001002ae	40b2	c.lwsp	x1,12(x2)	  x2:0x001fffd0  x1=0x0010041e PA:0x001fffdc store:0x00000009
           1458	       725	001002b0	4422	c.lwsp	x8,8(x2)	  x2:0x001fffd0  x8=0x00000000 PA:0x001fffd8 store:0x00000000
           1462	       727	001002b2	4492	c.lwsp	x9,4(x2)	  x2:0x001fffd0  x9=0x00000000 PA:0x001fffd4 store:0x00000000
           1464	       728	001002b4	0141	c.addi	x2,16	  x2:0x001fffd0  x2=0x001fffe0
           1468	       730	001002b6	8082	c.jr	x1	  x1:0x0010041e
           1472	       732	0010041e	3d69	c.jal	1002b8	  x1=0x00100420
           1474	       733	001002b8	00000797	auipc	x15,0x0	 x15=0x001002b8
           1476	       734	001002bc	23078793	addi	x15,x15,560	 x15:0x001002b8 x15=0x001004e8
           1480	       736	001002c0	4388	c.lw	x10,0(x15)	 x15:0x001004e8 x10=0x00000000 PA:0x001004e8 store:0x00000000
           1484	       738	001002c2	43cc	c.lw	x11,4(x15)	 x15:0x001004e8 x11=0x00000000 PA:0x001004ec store:0x00000000
           1488	       740	001002c4	8082	c.jr	x1	  x1:0x00100420
           1490	       741	00100420	84aa	c.mv	x9,x10	  x0:0x00000000 x10:0x00000000  x9=0x00000000
           1492	       742	00100422	842e	c.mv	x8,x11	  x0:0x00000000 x11:0x00000000  x8=0x00000000
           1494	       743	00100424	4991	c.li	x19,4	 x19=0x00000004
           1496	       744	00100426	00000a17	auipc	x20,0x0	 x20=0x00100426
           1498	       745	0010042a	0aea0a13	addi	x20,x20,174	 x20:0x00100426 x20=0x001004d4
           1500	       746	0010042e	00000a97	auipc	x21,0x0	 x21=0x0010042e
           1502	       747	00100432	09ea8a93	addi	x21,x21,158	 x21:0x0010042e x21=0x001004cc
           1504	       748	00100436	e019	c.bnez	x8,10043c	  x8:0x00000000
           1508	       750	00100438	0099fc63	bgeu	x19,x9,100450	 x19:0x00000004  x9:0x00000000  x0=0x00000000
           1514	       753	00100450	35a5	c.jal	1002b8	  x1=0x00100452
           1516	       754	001002b8	00000797	auipc	x15,0x0	 x15=0x001002b8
           1518	       755	001002bc	23078793	addi	x15,x15,560	 x15:0x001002b8 x15=0x001004e8
           1522	       757	001002c0	4388	c.lw	x10,0(x15)	 x15:0x001004e8 x10=0x00000000 PA:0x001004e8 store:0x00000000
           1526	       759	001002c2	43cc	c.lw	x11,4(x15)	 x15:0x001004e8 x11=0x00000000 PA:0x001004ec store:0x00000000
           1530	       761	001002c4	8082	c.jr	x1	  x1:0x00100452
           1532	       762	00100452	892a	c.mv	x18,x10	  x0:0x00000000 x10:0x00000000 x18=0x00000000
           1534	       763	00100454	842e	c.mv	x8,x11	  x0:0x00000000 x11:0x00000000  x8=0x00000000
           1536	       764	00100456	00a49363	bne	x9,x10,10045c	  x9:0x00000000 x10:0x00000000  x0=0x00000000
           1540	       766	0010045a	c599	c.beqz	x11,100468	 x11:0x00000000
           1544	       768	00100468	10500073	wfi	
           5402	      2697	0010001c	3340006f	jal	x0,100350	  x0=0x00000000
           5406	      2699	00100350	f77ff06f	jal	x0,1002c6	  x0=0x00000000
           5408	      2700	001002c6	715d	c.addi16sp	x2,-80	  x2:0x001fffe0  x2=0x001fff90
           5412	      2702	001002c8	d03e	c.swsp	x15,32(x2)	  x2:0x001fff90 x15:0x001004e8 PA:0x001fffb0 store:0x001004e8 load:0x00000000
           5414	      2703	001002ca	00000797	auipc	x15,0x0	 x15=0x001002ca
           5416	      2704	001002ce	21678793	addi	x15,x15,534	 x15:0x001002ca x15=0x001004e0
           5420	      2706	001002d2	de22	c.swsp	x8,60(x2)	  x2:0x001fff90  x8:0x00000000 PA:0x001fffcc store:0x00000000 load:0x00000000
           5424	      2708	001002d4	4380	c.lw	x8,0(x15)	 x15:0x001004e0  x8=0x000007d0 PA:0x001004e0 store:0x00000000
           5428	      2710	001002d6	dc26	c.swsp	x9,56(x2)	  x2:0x001fff90  x9:0x00000000 PA:0x001fffc8 store:0x00000000 load:0x000007d0
           5432	      2712	001002d8	43c4	c.lw	x9,4(x15)	 x15:0x001004e0  x9=0x00000000 PA:0x001004e4 store:0x00000000
           5436	      2714	001002da	d632	c.swsp	x12,44(x2)	  x2:0x001fff90 x12:0x00000009 PA:0x001fffbc store:0x00000009 load:0x00000000
           5440	      2716	001002dc	c686	c.swsp	x1,76(x2)	  x2:0x001fff90  x1:0x00100452 PA:0x001fffdc store:0x00100452 load:0x00000000
           5444	      2718	001002de	c496	c.swsp	x5,72(x2)	  x2:0x001fff90  x5:0x00000000 PA:0x001fffd8 store:0x00000000 load:0x00000000
           5448	      2720	001002e0	c29a	c.swsp	x6,68(x2)	  x2:0x001fff90  x6:0x00000000 PA:0x001fffd4 store:0x00000000 load:0x00000000
           5452	      2722	001002e2	c09e	c.swsp	x7,64(x2)	  x2:0x001fff90  x7:0x00000000 PA:0x001fffd0 store:0x00000000 load:0x00000000
           5456	      2724	001002e4	d436	c.swsp	x13,40(x2)	  x2:0x001fff90 x13:0x00000000 PA:0x001fffb8 store:0x00000000 load:0x00000000
           5460	      2726	001002e6	d23a	c.swsp	x14,36(x2)	  x2:0x001fff90 x14:0xffffffff PA:0x001fffb4 store:0xffffffff load:0x00000000
           5464	      2728	001002e8	ce42	c.swsp	x16,28(x2)	  x2:0x001fff90 x16:0x00000000 PA:0x001fffac store:0x00000000 load:0x00000000
           5468	      2730	001002ea	cc46	c.swsp	x17,24(x2)	  x2:0x001fff90 x17:0x00000000 PA:0x001fffa8 store:0x00000000 load:0x00000000
           5472	      2732	001002ec	ca72	c.swsp	x28,20(x2)	  x2:0x001fff90 x28:0x00000000 PA:0x001fffa4 store:0x00000000 load:0x00000000
           5476	      2734	001002ee	c876	c.swsp	x29,16(x2)	  x2:0x001fff90 x29:0x00000000 PA:0x001fffa0 store:0x00000000 load:0x00000000
           5480	      2736	001002f0	c67a	c.swsp	x30,12(x2)	  x2:0x001fff90 x30:0x00000000 PA:0x001fff9c store:0x00000000 load:0x00000000
           5484	      2738	001002f2	c47e	c.swsp	x31,8(x2)	  x2:0x001fff90 x31:0x00000000 PA:0x001fff98 store:0x00000000 load:0x00000000
           5488	      2740	001002f4	da2a	c.swsp	x10,52(x2)	  x2:0x001fff90 x10:0x00000000 PA:0x001fffc4 store:0x00000000 load:0x00000000
           5492	      2742	001002f6	d82e	c.swsp	x11,48(x2)	  x2:0x001fff90 x11:0x00000000 PA:0x001fffc0 store:0x00000000 load:0x00000000
           5496	      2744	001002f8	3f91	c.jal	10024c	  x1=0x001002fa
           5498	      2745	0010024c	000307b7	lui	x15,0x30	 x15=0x00030000
           5502	      2747	00100250	43d8	c.lw	x14,4(x15)	 x15:0x00030000 x14=0x00000000 PA:0x00030004 store:0x00000000
           5506	      2749	00100252	4388	c.lw	x10,0(x15)	 x15:0x00030000 x10=0x00000abb PA:0x00030000 store:0x00000000
           5510	      2751	00100254	43cc	c.lw	x11,4(x15)	 x15:0x00030000 x11=0x00000000 PA:0x00030004 store:0x00000000
           5512	      2752	00100256	fee59de3	bne	x11,x14,100250	 x11:0x00000000 x14:0x00000000  x0=0x00000000
           5516	      2754	0010025a	8082	c.jr	x1	  x1:0x001002fa
           5518	      2755	001002fa	9522	c.add	x10,x8	 x10:0x00000abb  x8:0x000007d0 x10=0x0000128b
           5520	      2756	001002fc	00853433	sltu	x8,x10,x8	 x10:0x0000128b  x8:0x000007d0  x8=0x00000000
           5522	      2757	00100300	95a6	c.add	x11,x9	 x11:0x00000000  x9:0x00000000 x11=0x00000000
           5524	      2758	00100302	95a2	c.add	x11,x8	 x11:0x00000000  x8:0x00000000 x11=0x00000000
           5528	      2760	00100304	3fa1	c.jal	10025c	  x1=0x00100306
           5530	      2761	0010025c	000307b7	lui	x15,0x30	 x15=0x00030000
           5532	      2762	00100260	577d	c.li	x14,-1	 x14=0xffffffff
           5536	      2764	00100262	c798	c.sw	x14,8(x15)	 x15:0x00030000 x14:0xffffffff PA:0x00030008 store:0xffffffff load:0x00000a82
           5540	      2766	00100264	c7cc	c.sw	x11,12(x15)	 x15:0x00030000 x11:0x00000000 PA:0x0003000c store:0x00000000 load:0x00000000
           5544	      2768	00100266	c788	c.sw	x10,8(x15)	 x15:0x00030000 x10:0x0000128b PA:0x00030008 store:0x0000128b load:0xffffffff
           5548	      2770	00100268	8082	c.jr	x1	  x1:0x00100306
           5552	      2772	00100306	00000597	auipc	x11,0x0	 x11=0x00100306
           5554	      2773	0010030a	1e258593	addi	x11,x11,482	 x11:0x00100306 x11=0x001004e8
           5558	      2775	0010030e	4180	c.lw	x8,0(x11)	 x11:0x001004e8  x8=0x00000000 PA:0x001004e8 store:0x00000000
           5562	      2777	00100310	41c4	c.lw	x9,4(x11)	 x11:0x001004e8  x9=0x00000000 PA:0x001004ec store:0x00000000
           5566	      2779	00100312	40b6	c.lwsp	x1,76(x2)	  x2:0x001fff90  x1=0x00100452 PA:0x001fffdc store:0x00000009
           5568	      2780	00100314	00140513	addi	x10,x8,1	  x8:0x00000000 x10=0x00000001
           5570	      2781	00100318	00853633	sltu	x12,x10,x8	 x10:0x00000001  x8:0x00000000 x12=0x00000000
           5574	      2783	0010031c	5472	c.lwsp	x8,60(x2)	  x2:0x001fff90  x8=0x00000000 PA:0x001fffcc store:0x00000000
           5576	      2784	0010031e	009607b3	add	x15,x12,x9	 x12:0x00000000  x9:0x00000000 x15=0x00000000
           5580	      2786	00100322	c188	c.sw	x10,0(x11)	 x11:0x001004e8 x10:0x00000001 PA:0x001004e8 store:0x00000001 load:0x00000000
           5584	      2788	00100324	c1dc	c.sw	x15,4(x11)	 x11:0x001004e8 x15:0x00000000 PA:0x001004ec store:0x00000000 load:0x00000000
           5588	      2790	00100326	42a6	c.lwsp	x5,72(x2)	  x2:0x001fff90  x5=0x00000000 PA:0x001fffd8 store:0x00000000
           5592	      2792	00100328	4316	c.lwsp	x6,68(x2)	  x2:0x001fff90  x6=0x00000000 PA:0x001fffd4 store:0x00000000
           5596	      2794	0010032a	4386	c.lwsp	x7,64(x2)	  x2:0x001fff90  x7=0x00000000 PA:0x001fffd0 store:0x00000000
           5600	      2796	0010032c	54e2	c.lwsp	x9,56(x2)	  x2:0x001fff90  x9=0x00000000 PA:0x001fffc8 store:0x00000000
           5604	      2798	0010032e	5552	c.lwsp	x10,52(x2)	  x2:0x001fff90 x10=0x00000000 PA:0x001fffc4 store:0x001004d4
           5608	      2800	00100330	55c2	c.lwsp	x11,48(x2)	  x2:0x001fff90 x11=0x00000000 PA:0x001fffc0 store:0x00000000
           5612	      2802	00100332	5632	c.lwsp	x12,44(x2)	  x2:0x001fff90 x12=0x00000009 PA:0x001fffbc store:0x00000000
           5616	      2804	00100334	56a2	c.lwsp	x13,40(x2)	  x2:0x001fff90 x13=0x00000000 PA:0x001fffb8 store:0x00000000
           5620	      2806	00100336	5712	c.lwsp	x14,36(x2)	  x2:0x001fff90 x14=0xffffffff PA:0x001fffb4 store:0x00000000
           5624	      2808	00100338	5782	c.lwsp	x15,32(x2)	  x2:0x001fff90 x15=0x001004e8 PA:0x001fffb0 store:0x00000000
           5628	      2810	0010033a	4872	c.lwsp	x16,28(x2)	  x2:0x001fff90 x16=0x00000000 PA:0x001fffac store:0x00000000
           5632	      2812	0010033c	48e2	c.lwsp	x17,24(x2)	  x2:0x001fff90 x17=0x00000000 PA:0x001fffa8 store:0x00000000
           5636	      2814	0010033e	4e52	c.lwsp	x28,20(x2)	  x2:0x001fff90 x28=0x00000000 PA:0x001fffa4 store:0x001004d4
           5640	      2816	00100340	4ec2	c.lwsp	x29,16(x2)	  x2:0x001fff90 x29=0x00000000 PA:0x001fffa0 store:0x00000000
           5644	      2818	00100342	4f32	c.lwsp	x30,12(x2)	  x2:0x001fff90 x30=0x00000000 PA:0x001fff9c store:0x00000009
           5648	      2820	00100344	4fa2	c.lwsp	x31,8(x2)	  x2:0x001fff90 x31=0x00000000 PA:0x001fff98 store:0x00000000
           5650	      2821	00100346	6161	c.addi16sp	x2,80	  x2:0x001fff90  x2=0x001fffe0
           5652	      2822	00100348	30200073	mret	
           5658	      2825	0010046c	84ca	c.mv	x9,x18	  x0:0x00000000 x18:0x00000000  x9=0x00000000
           5662	      2827	0010046e	b7e1	c.j	100436	
           5664	      2828	00100436	e019	c.bnez	x8,10043c	  x8:0x00000000
           5668	      2830	00100438	0099fc63	bgeu	x19,x9,100450	 x19:0x00000004  x9:0x00000000  x0=0x00000000
           5674	      2833	00100450	35a5	c.jal	1002b8	  x1=0x00100452
           5676	      2834	001002b8	00000797	auipc	x15,0x0	 x15=0x001002b8
           5678	      2835	001002bc	23078793	addi	x15,x15,560	 x15:0x001002b8 x15=0x001004e8
           5682	      2837	001002c0	4388	c.lw	x10,0(x15)	 x15:0x001004e8 x10=0x00000001 PA:0x001004e8 store:0x00000000
           5686	      2839	001002c2	43cc	c.lw	x11,4(x15)	 x15:0x001004e8 x11=0x00000000 PA:0x001004ec store:0x00000000
           5690	      2841	001002c4	8082	c.jr	x1	  x1:0x00100452
           5692	      2842	00100452	892a	c.mv	x18,x10	  x0:0x00000000 x10:0x00000001 x18=0x00000001
           5694	      2843	00100454	842e	c.mv	x8,x11	  x0:0x00000000 x11:0x00000000  x8=0x00000000
           5698	      2845	00100456	00a49363	bne	x9,x10,10045c	  x9:0x00000000 x10:0x00000001  x0=0x00000000
           5702	      2847	0010045c	00197793	andi	x15,x18,1	 x18:0x00000001 x15=0x00000001
           5704	      2848	00100460	8556	c.mv	x10,x21	  x0:0x00000000 x21:0x001004cc x10=0x001004cc
           5708	      2850	00100462	e391	c.bnez	x15,100466	 x15:0x00000001
           5714	      2853	00100466	312d	c.jal	100090	  x1=0x00100468
           5716	      2854	00100090	00020737	lui	x14,0x20	 x14=0x00020000
           5720	      2856	00100094	00054783	lbu	x15,0(x10)	 x10:0x001004cc x15=0x00000054 PA:0x001004cc store:0x00000000
           5724	      2858	00100098	e399	c.bnez	x15,10009e	 x15:0x00000054
           5728	      2860	0010009e	0505	c.addi	x10,1	 x10:0x001004cc x10=0x001004cd
           5732	      2862	001000a0	c31c	c.sw	x15,0(x14)	 x14:0x00020000 x15:0x00000054 PA:0x00020000 store:0x00000054 load:0x00000000
           5736	      2864	001000a2	bfcd	c.j	100094	
           5740	      2866	00100094	00054783	lbu	x15,0(x10)	 x10:0x001004cd x15=0x00000069 PA:0x001004cd store:0x00000000
           5744	      2868	00100098	e399	c.bnez	x15,10009e	 x15:0x00000069
           5748	      2870	0010009e	0505	c.addi	x10,1	 x10:0x001004cd x10=0x001004ce
           5752	      2872	001000a0	c31c	c.sw	x15,0(x14)	 x14:0x00020000 x15:0x00000069 PA:0x00020000 store:0x00000069 load:0x00000000
           5756	      2874	001000a2	bfcd	c.j	100094	
           5760	      2876	00100094	00054783	lbu	x15,0(x10)	 x10:0x001004ce x15=0x00000063 PA:0x001004ce store:0x00000000
           5764	      2878	00100098	e399	c.bnez	x15,10009e	 x15:0x00000063
           5768	      2880	0010009e	0505	c.addi	x10,1	 x10:0x001004ce x10=0x001004cf
           5772	      2882	001000a0	c31c	c.sw	x15,0(x14)	 x14:0x00020000 x15:0x00000063 PA:0x00020000 store:0x00000063 load:0x00000000
           5776	      2884	001000a2	bfcd	c.j	100094	
           5780	      2886	00100094	00054783	lbu	x15,0(x10)	 x10:0x001004cf x15=0x0000006b PA:0x001004cf store:0x00000000
           5784	      2888	00100098	e399	c.bnez	x15,10009e	 x15:0x0000006b
           5788	      2890	0010009e	0505	c.addi	x10,1	 x10:0x001004cf x10=0x001004d0
           5792	      2892	001000a0	c31c	c.sw	x15,0(x14)	 x14:0x00020000 x15:0x0000006b PA:0x00020000 store:0x0000006b load:0x00000000
           5796	      2894	001000a2	bfcd	c.j	100094	
           5800	      2896	00100094	00054783	lbu	x15,0(x10)	 x10:0x001004d0 x15=0x00000021 PA:0x001004d0 store:0x00000000
           5804	      2898	00100098	e399	c.bnez	x15,10009e	 x15:0x00000021
           5808	      2900	0010009e	0505	c.addi	x10,1	 x10:0x001004d0 x10=0x001004d1
           5812	      2902	001000a0	c31c	c.sw	x15,0(x14)	 x14:0x00020000 x15:0x00000021 PA:0x00020000 store:0x00000021 load:0x00000000
           5816	      2904	001000a2	bfcd	c.j	100094	
           5820	      2906	00100094	00054783	lbu	x15,0(x10)	 x10:0x001004d1 x15=0x0000000a PA:0x001004d1 store:0x00000000
           5824	      2908	00100098	e399	c.bnez	x15,10009e	 x15:0x0000000a
           5828	      2910	0010009e	0505	c.addi	x10,1	 x10:0x001004d1 x10=0x001004d2
           5832	      2912	001000a0	c31c	c.sw	x15,0(x14)	 x14:0x00020000 x15:0x0000000a PA:0x00020000 store:0x0000000a load:0x00000000
           5836	      2914	001000a2	bfcd	c.j	100094	
           5840	      2916	00100094	00054783	lbu	x15,0(x10)	 x10:0x001004d2 x15=0x00000000 PA:0x001004d2 store:0x00000000
           5842	      2917	00100098	e399	c.bnez	x15,10009e	 x15:0x00000000
           5844	      2918	0010009a	4501	c.li	x10,0	 x10=0x00000000
           5848	      2920	0010009c	8082	c.jr	x1	  x1:0x00100468
           5850	      2921	00100468	10500073	wfi	
           9516	      4754	0010001c	3340006f	jal	x0,100350	  x0=0x00000000
           9520	      4756	00100350	f77ff06f	jal	x0,1002c6	  x0=0x00000000
           9522	      4757	001002c6	715d	c.addi16sp	x2,-80	  x2:0x001fffe0  x2=0x001fff90
           9526	      4759	001002c8	d03e	c.swsp	x15,32(x2)	  x2:0x001fff90 x15:0x00000000 PA:0x001fffb0 store:0x00000000 load:0x00000a21
           9528	      4760	001002ca	00000797	auipc	x15,0x0	 x15=0x001002ca
           9530	      4761	001002ce	21678793	addi	x15,x15,534	 x15:0x001002ca x15=0x001004e0
           9534	      4763	001002d2	de22	c.swsp	x8,60(x2)	  x2:0x001fff90  x8:0x00000000 PA:0x001fffcc store:0x00000000 load:0x00000a21
           9538	      4765	001002d4	4380	c.lw	x8,0(x15)	 x15:0x001004e0  x8=0x000007d0 PA:0x001004e0 store:0x00000000
           9542	      4767	001002d6	dc26	c.swsp	x9,56(x2)	  x2:0x001fff90  x9:0x00000000 PA:0x001fffc8 store:0x00000000 load:0x000007d0
           9546	      4769	001002d8	43c4	c.lw	x9,4(x15)	 x15:0x001004e0  x9=0x00000000 PA:0x001004e4 store:0x00000000
           9550	      4771	001002da	d632	c.swsp	x12,44(x2)	  x2:0x001fff90 x12:0x00000009 PA:0x001fffbc store:0x00000009 load:0x00000000
           9554	      4773	001002dc	c686	c.swsp	x1,76(x2)	  x2:0x001fff90  x1:0x00100468 PA:0x001fffdc store:0x00100468 load:0x00000000
           9558	      4775	001002de	c496	c.swsp	x5,72(x2)	  x2:0x001fff90  x5:0x00000000 PA:0x001fffd8 store:0x00000000 load:0x00000000
           9562	      4777	001002e0	c29a	c.swsp	x6,68(x2)	  x2:0x001fff90  x6:0x00000000 PA:0x001fffd4 store:0x00000000 load:0x00000000
           9566	      4779	001002e2	c09e	c.swsp	x7,64(x2)	  x2:0x001fff90  x7:0x00000000 PA:0x001fffd0 store:0x00000000 load:0x00000000
           9570	      4781	001002e4	d436	c.swsp	x13,40(x2)	  x2:0x001fff90 x13:0x00000000 PA:0x001fffb8 store:0x00000000 load:0x00000000
           9574	      4783	001002e6	d23a	c.swsp	x14,36(x2)	  x2:0x001fff90 x14:0x00020000 PA:0x001fffb4 store:0x00020000 load:0x00000000
           9578	      4785	001002e8	ce42	c.swsp	x16,28(x2)	  x2:0x001fff90 x16:0x00000000 PA:0x001fffac store:0x00000000 load:0x00000000
           9582	      4787	001002ea	cc46	c.swsp	x17,24(x2)	  x2:0x001fff90 x17:0x00000000 PA:0x001fffa8 store:0x00000000 load:0x00000000
           9586	      4789	001002ec	ca72	c.swsp	x28,20(x2)	  x2:0x001fff90 x28:0x00000000 PA:0x001fffa4 store:0x00000000 load:0x00000000
           9590	      4791	001002ee	c876	c.swsp	x29,16(x2)	  x2:0x001fff90 x29:0x00000000 PA:0x001fffa0 store:0x00000000 load:0x00000000
           9594	      4793	001002f0	c67a	c.swsp	x30,12(x2)	  x2:0x001fff90 x30:0x00000000 PA:0x001fff9c store:0x00000000 load:0x00000000
           9598	      4795	001002f2	c47e	c.swsp	x31,8(x2)	  x2:0x001fff90 x31:0x00000000 PA:0x001fff98 store:0x00000000 load:0x00000000
           9602	      4797	001002f4	da2a	c.swsp	x10,52(x2)	  x2:0x001fff90 x10:0x00000000 PA:0x001fffc4 store:0x00000000 load:0x00000000
           9606	      4799	001002f6	d82e	c.swsp	x11,48(x2)	  x2:0x001fff90 x11:0x00000000 PA:0x001fffc0 store:0x00000000 load:0x00000000
           9610	      4801	001002f8	3f91	c.jal	10024c	  x1=0x001002fa
           9612	      4802	0010024c	000307b7	lui	x15,0x30	 x15=0x00030000
           9616	      4804	00100250	43d8	c.lw	x14,4(x15)	 x15:0x00030000 x14=0x00000000 PA:0x00030004 store:0x00000000
           9620	      4806	00100252	4388	c.lw	x10,0(x15)	 x15:0x00030000 x10=0x000012c4 PA:0x00030000 store:0x00000000
           9624	      4808	00100254	43cc	c.lw	x11,4(x15)	 x15:0x00030000 x11=0x00000000 PA:0x00030004 store:0x00000000
           9626	      4809	00100256	fee59de3	bne	x11,x14,100250	 x11:0x00000000 x14:0x00000000  x0=0x00000000
           9630	      4811	0010025a	8082	c.jr	x1	  x1:0x001002fa
           9632	      4812	001002fa	9522	c.add	x10,x8	 x10:0x000012c4  x8:0x000007d0 x10=0x00001a94
           9634	      4813	001002fc	00853433	sltu	x8,x10,x8	 x10:0x00001a94  x8:0x000007d0  x8=0x00000000
           9636	      4814	00100300	95a6	c.add	x11,x9	 x11:0x00000000  x9:0x00000000 x11=0x00000000
           9638	      4815	00100302	95a2	c.add	x11,x8	 x11:0x00000000  x8:0x00000000 x11=0x00000000
           9642	      4817	00100304	3fa1	c.jal	10025c	  x1=0x00100306
           9644	      4818	0010025c	000307b7	lui	x15,0x30	 x15=0x00030000
           9646	      4819	00100260	577d	c.li	x14,-1	 x14=0xffffffff
           9650	      4821	00100262	c798	c.sw	x14,8(x15)	 x15:0x00030000 x14:0xffffffff PA:0x00030008 store:0xffffffff load:0x0000128b
           9654	      4823	00100264	c7cc	c.sw	x11,12(x15)	 x15:0x00030000 x11:0x00000000 PA:0x0003000c store:0x00000000 load:0x00000000
           9658	      4825	00100266	c788	c.sw	x10,8(x15)	 x15:0x00030000 x10:0x00001a94 PA:0x00030008 store:0x00001a94 load:0xffffffff
           9662	      4827	00100268	8082	c.jr	x1	  x1:0x00100306
           9666	      4829	00100306	00000597	auipc	x11,0x0	 x11=0x00100306
           9668	      4830	0010030a	1e258593	addi	x11,x11,482	 x11:0x00100306 x11=0x001004e8
           9672	      4832	0010030e	4180	c.lw	x8,0(x11)	 x11:0x001004e8  x8=0x00000001 PA:0x001004e8 store:0x00000000
           9676	      4834	00100310	41c4	c.lw	x9,4(x11)	 x11:0x001004e8  x9=0x00000000 PA:0x001004ec store:0x00000000
           9680	      4836	00100312	40b6	c.lwsp	x1,76(x2)	  x2:0x001fff90  x1=0x00100468 PA:0x001fffdc store:0x00000009
           9682	      4837	00100314	00140513	addi	x10,x8,1	  x8:0x00000001 x10=0x00000002
           9684	      4838	00100318	00853633	sltu	x12,x10,x8	 x10:0x00000002  x8:0x00000001 x12=0x00000000
           9688	      4840	0010031c	5472	c.lwsp	x8,60(x2)	  x2:0x001fff90  x8=0x00000000 PA:0x001fffcc store:0x00000000
           9690	      4841	0010031e	009607b3	add	x15,x12,x9	 x12:0x00000000  x9:0x00000000 x15=0x00000000
           9694	      4843	00100322	c188	c.sw	x10,0(x11)	 x11:0x001004e8 x10:0x00000002 PA:0x001004e8 store:0x00000002 load:0x00000000
           9698	      4845	00100324	c1dc	c.sw	x15,4(x11)	 x11:0x001004e8 x15:0x00000000 PA:0x001004ec store:0x00000000 load:0x00000000
           9702	      4847	00100326	42a6	c.lwsp	x5,72(x2)	  x2:0x001fff90  x5=0x00000000 PA:0x001fffd8 store:0x00000000
           9706	      4849	00100328	4316	c.lwsp	x6,68(x2)	  x2:0x001fff90  x6=0x00000000 PA:0x001fffd4 store:0x00000000
           9710	      4851	0010032a	4386	c.lwsp	x7,64(x2)	  x2:0x001fff90  x7=0x00000000 PA:0x001fffd0 store:0x00000000
           9714	      4853	0010032c	54e2	c.lwsp	x9,56(x2)	  x2:0x001fff90  x9=0x00000000 PA:0x001fffc8 store:0x00000000
           9718	      4855	0010032e	5552	c.lwsp	x10,52(x2)	  x2:0x001fff90 x10=0x00000000 PA:0x001fffc4 store:0x001004d4
           9722	      4857	00100330	55c2	c.lwsp	x11,48(x2)	  x2:0x001fff90 x11=0x00000000 PA:0x001fffc0 store:0x00000000
           9726	      4859	00100332	5632	c.lwsp	x12,44(x2)	  x2:0x001fff90 x12=0x00000009 PA:0x001fffbc store:0x00000000
           9730	      4861	00100334	56a2	c.lwsp	x13,40(x2)	  x2:0x001fff90 x13=0x00000000 PA:0x001fffb8 store:0x00000000
           9734	      4863	00100336	5712	c.lwsp	x14,36(x2)	  x2:0x001fff90 x14=0x00020000 PA:0x001fffb4 store:0x00000000
           9738	      4865	00100338	5782	c.lwsp	x15,32(x2)	  x2:0x001fff90 x15=0x00000000 PA:0x001fffb0 store:0x00000000
           9742	      4867	0010033a	4872	c.lwsp	x16,28(x2)	  x2:0x001fff90 x16=0x00000000 PA:0x001fffac store:0x00000000
           9746	      4869	0010033c	48e2	c.lwsp	x17,24(x2)	  x2:0x001fff90 x17=0x00000000 PA:0x001fffa8 store:0x00000000
           9750	      4871	0010033e	4e52	c.lwsp	x28,20(x2)	  x2:0x001fff90 x28=0x00000000 PA:0x001fffa4 store:0x001004d4
           9754	      4873	00100340	4ec2	c.lwsp	x29,16(x2)	  x2:0x001fff90 x29=0x00000000 PA:0x001fffa0 store:0x00000000
           9758	      4875	00100342	4f32	c.lwsp	x30,12(x2)	  x2:0x001fff90 x30=0x00000000 PA:0x001fff9c store:0x00000009
           9762	      4877	00100344	4fa2	c.lwsp	x31,8(x2)	  x2:0x001fff90 x31=0x00000000 PA:0x001fff98 store:0x00000000
           9764	      4878	00100346	6161	c.addi16sp	x2,80	  x2:0x001fff90  x2=0x001fffe0
           9766	      4879	00100348	30200073	mret	
           9772	      4882	0010046c	84ca	c.mv	x9,x18	  x0:0x00000000 x18:0x00000001  x9=0x00000001
           9776	      4884	0010046e	b7e1	c.j	100436	
           9778	      4885	00100436	e019	c.bnez	x8,10043c	  x8:0x00000000
           9782	      4887	00100438	0099fc63	bgeu	x19,x9,100450	 x19:0x00000004  x9:0x00000001  x0=0x00000000
           9788	      4890	00100450	35a5	c.jal	1002b8	  x1=0x00100452
           9790	      4891	001002b8	00000797	auipc	x15,0x0	 x15=0x001002b8
           9792	      4892	001002bc	23078793	addi	x15,x15,560	 x15:0x001002b8 x15=0x001004e8
           9796	      4894	001002c0	4388	c.lw	x10,0(x15)	 x15:0x001004e8 x10=0x00000002 PA:0x001004e8 store:0x00000000
           9800	      4896	001002c2	43cc	c.lw	x11,4(x15)	 x15:0x001004e8 x11=0x00000000 PA:0x001004ec store:0x00000000
           9804	      4898	001002c4	8082	c.jr	x1	  x1:0x00100452
           9806	      4899	00100452	892a	c.mv	x18,x10	  x0:0x00000000 x10:0x00000002 x18=0x00000002
           9808	      4900	00100454	842e	c.mv	x8,x11	  x0:0x00000000 x11:0x00000000  x8=0x00000000
           9812	      4902	00100456	00a49363	bne	x9,x10,10045c	  x9:0x00000001 x10:0x00000002  x0=0x00000000
           9816	      4904	0010045c	00197793	andi	x15,x18,1	 x18:0x00000002 x15=0x00000000
           9818	      4905	00100460	8556	c.mv	x10,x21	  x0:0x00000000 x21:0x001004cc x10=0x001004cc
           9820	      4906	00100462	e391	c.bnez	x15,100466	 x15:0x00000000
           9822	      4907	00100464	8552	c.mv	x10,x20	  x0:0x00000000 x20:0x001004d4 x10=0x001004d4
           9826	      4909	00100466	312d	c.jal	100090	  x1=0x00100468
           9828	      4910	00100090	00020737	lui	x14,0x20	 x14=0x00020000
           9832	      4912	00100094	00054783	lbu	x15,0(x10)	 x10:0x001004d4 x15=0x00000054 PA:0x001004d4 store:0x00000000
           9836	      4914	00100098	e399	c.bnez	x15,10009e	 x15:0x00000054
           9840	      4916	0010009e	0505	c.addi	x10,1	 x10:0x001004d4 x10=0x001004d5
           9844	      4918	001000a0	c31c	c.sw	x15,0(x14)	 x14:0x00020000 x15:0x00000054 PA:0x00020000 store:0x00000054 load:0x00000000
           9848	      4920	001000a2	bfcd	c.j	100094	
           9852	      4922	00100094	00054783	lbu	x15,0(x10)	 x10:0x001004d5 x15=0x0000006f PA:0x001004d5 store:0x00000000
           9856	      4924	00100098	e399	c.bnez	x15,10009e	 x15:0x0000006f
           9860	      4926	0010009e	0505	c.addi	x10,1	 x10:0x001004d5 x10=0x001004d6
           9864	      4928	001000a0	c31c	c.sw	x15,0(x14)	 x14:0x00020000 x15:0x0000006f PA:0x00020000 store:0x0000006f load:0x00000000
           9868	      4930	001000a2	bfcd	c.j	100094	
           9872	      4932	00100094	00054783	lbu	x15,0(x10)	 x10:0x001004d6 x15=0x00000063 PA:0x001004d6 store:0x00000000
           9876	      4934	00100098	e399	c.bnez	x15,10009e	 x15:0x00000063
           9880	      4936	0010009e	0505	c.addi	x10,1	 x10:0x001004d6 x10=0x001004d7
           9884	      4938	001000a0	c31c	c.sw	x15,0(x14)	 x14:0x00020000 x15:0x00000063 PA:0x00020000 store:0x00000063 load:0x00000000
           9888	      4940	001000a2	bfcd	c.j	100094	
           9892	      4942	00100094	00054783	lbu	x15,0(x10)	 x10:0x001004d7 x15=0x0000006b PA:0x001004d7 store:0x00000000
           9896	      4944	00100098	e399	c.bnez	x15,10009e	 x15:0x0000006b
           9900	      4946	0010009e	0505	c.addi	x10,1	 x10:0x001004d7 x10=0x001004d8
           9904	      4948	001000a0	c31c	c.sw	x15,0(x14)	 x14:0x00020000 x15:0x0000006b PA:0x00020000 store:0x0000006b load:0x00000000
           9908	      4950	001000a2	bfcd	c.j	100094	
           9912	      4952	00100094	00054783	lbu	x15,0(x10)	 x10:0x001004d8 x15=0x00000021 PA:0x001004d8 store:0x00000000
           9916	      4954	00100098	e399	c.bnez	x15,10009e	 x15:0x00000021
           9920	      4956	0010009e	0505	c.addi	x10,1	 x10:0x001004d8 x10=0x001004d9
           9924	      4958	001000a0	c31c	c.sw	x15,0(x14)	 x14:0x00020000 x15:0x00000021 PA:0x00020000 store:0x00000021 load:0x00000000
           9928	      4960	001000a2	bfcd	c.j	100094	
           9932	      4962	00100094	00054783	lbu	x15,0(x10)	 x10:0x001004d9 x15=0x0000000a PA:0x001004d9 store:0x00000000
           9936	      4964	00100098	e399	c.bnez	x15,10009e	 x15:0x0000000a
           9940	      4966	0010009e	0505	c.addi	x10,1	 x10:0x001004d9 x10=0x001004da
           9944	      4968	001000a0	c31c	c.sw	x15,0(x14)	 x14:0x00020000 x15:0x0000000a PA:0x00020000 store:0x0000000a load:0x00000000
           9948	      4970	001000a2	bfcd	c.j	100094	
           9952	      4972	00100094	00054783	lbu	x15,0(x10)	 x10:0x001004da x15=0x00000000 PA:0x001004da store:0x00000000
           9954	      4973	00100098	e399	c.bnez	x15,10009e	 x15:0x00000000
           9956	      4974	0010009a	4501	c.li	x10,0	 x10=0x00000000
           9960	      4976	0010009c	8082	c.jr	x1	  x1:0x00100468
           9962	      4977	00100468	10500073	wfi	
          13630	      6811	0010001c	3340006f	jal	x0,100350	  x0=0x00000000
          13634	      6813	00100350	f77ff06f	jal	x0,1002c6	  x0=0x00000000
          13636	      6814	001002c6	715d	c.addi16sp	x2,-80	  x2:0x001fffe0  x2=0x001fff90
          13640	      6816	001002c8	d03e	c.swsp	x15,32(x2)	  x2:0x001fff90 x15:0x00000000 PA:0x001fffb0 store:0x00000000 load:0x00000a21
          13642	      6817	001002ca	00000797	auipc	x15,0x0	 x15=0x001002ca
          13644	      6818	001002ce	21678793	addi	x15,x15,534	 x15:0x001002ca x15=0x001004e0
          13648	      6820	001002d2	de22	c.swsp	x8,60(x2)	  x2:0x001fff90  x8:0x00000000 PA:0x001fffcc store:0x00000000 load:0x00000a21
          13652	      6822	001002d4	4380	c.lw	x8,0(x15)	 x15:0x001004e0  x8=0x000007d0 PA:0x001004e0 store:0x00000000
          13656	      6824	001002d6	dc26	c.swsp	x9,56(x2)	  x2:0x001fff90  x9:0x00000001 PA:0x001fffc8 store:0x00000001 load:0x000007d0
          13660	      6826	001002d8	43c4	c.lw	x9,4(x15)	 x15:0x001004e0  x9=0x00000000 PA:0x001004e4 store:0x00000000
          13664	      6828	001002da	d632	c.swsp	x12,44(x2)	  x2:0x001fff90 x12:0x00000009 PA:0x001fffbc store:0x00000009 load:0x00000000
          13668	      6830	001002dc	c686	c.swsp	x1,76(x2)	  x2:0x001fff90  x1:0x00100468 PA:0x001fffdc store:0x00100468 load:0x00000000
          13672	      6832	001002de	c496	c.swsp	x5,72(x2)	  x2:0x001fff90  x5:0x00000000 PA:0x001fffd8 store:0x00000000 load:0x00000000
          13676	      6834	001002e0	c29a	c.swsp	x6,68(x2)	  x2:0x001fff90  x6:0x00000000 PA:0x001fffd4 store:0x00000000 load:0x00000000
          13680	      6836	001002e2	c09e	c.swsp	x7,64(x2)	  x2:0x001fff90  x7:0x00000000 PA:0x001fffd0 store:0x00000000 load:0x00000000
          13684	      6838	001002e4	d436	c.swsp	x13,40(x2)	  x2:0x001fff90 x13:0x00000000 PA:0x001fffb8 store:0x00000000 load:0x00000000
          13688	      6840	001002e6	d23a	c.swsp	x14,36(x2)	  x2:0x001fff90 x14:0x00020000 PA:0x001fffb4 store:0x00020000 load:0x00000000
          13692	      6842	001002e8	ce42	c.swsp	x16,28(x2)	  x2:0x001fff90 x16:0x00000000 PA:0x001fffac store:0x00000000 load:0x00000000
          13696	      6844	001002ea	cc46	c.swsp	x17,24(x2)	  x2:0x001fff90 x17:0x00000000 PA:0x001fffa8 store:0x00000000 load:0x00000000
          13700	      6846	001002ec	ca72	c.swsp	x28,20(x2)	  x2:0x001fff90 x28:0x00000000 PA:0x001fffa4 store:0x00000000 load:0x00000000
          13704	      6848	001002ee	c876	c.swsp	x29,16(x2)	  x2:0x001fff90 x29:0x00000000 PA:0x001fffa0 store:0x00000000 load:0x00000000
          13708	      6850	001002f0	c67a	c.swsp	x30,12(x2)	  x2:0x001fff90 x30:0x00000000 PA:0x001fff9c store:0x00000000 load:0x00000000
          13712	      6852	001002f2	c47e	c.swsp	x31,8(x2)	  x2:0x001fff90 x31:0x00000000 PA:0x001fff98 store:0x00000000 load:0x00000000
          13716	      6854	001002f4	da2a	c.swsp	x10,52(x2)	  x2:0x001fff90 x10:0x00000000 PA:0x001fffc4 store:0x00000000 load:0x00000000
          13720	      6856	001002f6	d82e	c.swsp	x11,48(x2)	  x2:0x001fff90 x11:0x00000000 PA:0x001fffc0 store:0x00000000 load:0x00000000
          13724	      6858	001002f8	3f91	c.jal	10024c	  x1=0x001002fa
          13726	      6859	0010024c	000307b7	lui	x15,0x30	 x15=0x00030000
          13730	      6861	00100250	43d8	c.lw	x14,4(x15)	 x15:0x00030000 x14=0x00000000 PA:0x00030004 store:0x00000000
          13734	      6863	00100252	4388	c.lw	x10,0(x15)	 x15:0x00030000 x10=0x00001acd PA:0x00030000 store:0x00000000
          13738	      6865	00100254	43cc	c.lw	x11,4(x15)	 x15:0x00030000 x11=0x00000000 PA:0x00030004 store:0x00000000
          13740	      6866	00100256	fee59de3	bne	x11,x14,100250	 x11:0x00000000 x14:0x00000000  x0=0x00000000
          13744	      6868	0010025a	8082	c.jr	x1	  x1:0x001002fa
          13746	      6869	001002fa	9522	c.add	x10,x8	 x10:0x00001acd  x8:0x000007d0 x10=0x0000229d
          13748	      6870	001002fc	00853433	sltu	x8,x10,x8	 x10:0x0000229d  x8:0x000007d0  x8=0x00000000
          13750	      6871	00100300	95a6	c.add	x11,x9	 x11:0x00000000  x9:0x00000000 x11=0x00000000
          13752	      6872	00100302	95a2	c.add	x11,x8	 x11:0x00000000  x8:0x00000000 x11=0x00000000
          13756	      6874	00100304	3fa1	c.jal	10025c	  x1=0x00100306
          13758	      6875	0010025c	000307b7	lui	x15,0x30	 x15=0x00030000
          13760	      6876	00100260	577d	c.li	x14,-1	 x14=0xffffffff
          13764	      6878	00100262	c798	c.sw	x14,8(x15)	 x15:0x00030000 x14:0xffffffff PA:0x00030008 store:0xffffffff load:0x00001a94
          13768	      6880	00100264	c7cc	c.sw	x11,12(x15)	 x15:0x00030000 x11:0x00000000 PA:0x0003000c store:0x00000000 load:0x00000000
          13772	      6882	00100266	c788	c.sw	x10,8(x15)	 x15:0x00030000 x10:0x0000229d PA:0x00030008 store:0x0000229d load:0xffffffff
          13776	      6884	00100268	8082	c.jr	x1	  x1:0x00100306
          13780	      6886	00100306	00000597	auipc	x11,0x0	 x11=0x00100306
          13782	      6887	0010030a	1e258593	addi	x11,x11,482	 x11:0x00100306 x11=0x001004e8
          13786	      6889	0010030e	4180	c.lw	x8,0(x11)	 x11:0x001004e8  x8=0x00000002 PA:0x001004e8 store:0x00000000
          13790	      6891	00100310	41c4	c.lw	x9,4(x11)	 x11:0x001004e8  x9=0x00000000 PA:0x001004ec store:0x00000000
          13794	      6893	00100312	40b6	c.lwsp	x1,76(x2)	  x2:0x001fff90  x1=0x00100468 PA:0x001fffdc store:0x00000009
          13796	      6894	00100314	00140513	addi	x10,x8,1	  x8:0x00000002 x10=0x00000003
          13798	      6895	00100318	00853633	sltu	x12,x10,x8	 x10:0x00000003  x8:0x00000002 x12=0x00000000
          13802	      6897	0010031c	5472	c.lwsp	x8,60(x2)	  x2:0x001fff90  x8=0x00000000 PA:0x001fffcc store:0x00000000
          13804	      6898	0010031e	009607b3	add	x15,x12,x9	 x12:0x00000000  x9:0x00000000 x15=0x00000000
          13808	      6900	00100322	c188	c.sw	x10,0(x11)	 x11:0x001004e8 x10:0x00000003 PA:0x001004e8 store:0x00000003 load:0x00000000
          13812	      6902	00100324	c1dc	c.sw	x15,4(x11)	 x11:0x001004e8 x15:0x00000000 PA:0x001004ec store:0x00000000 load:0x00000000
          13816	      6904	00100326	42a6	c.lwsp	x5,72(x2)	  x2:0x001fff90  x5=0x00000000 PA:0x001fffd8 store:0x00000000
          13820	      6906	00100328	4316	c.lwsp	x6,68(x2)	  x2:0x001fff90  x6=0x00000000 PA:0x001fffd4 store:0x00000000
          13824	      6908	0010032a	4386	c.lwsp	x7,64(x2)	  x2:0x001fff90  x7=0x00000000 PA:0x001fffd0 store:0x00000000
          13828	      6910	0010032c	54e2	c.lwsp	x9,56(x2)	  x2:0x001fff90  x9=0x00000001 PA:0x001fffc8 store:0x00000000
          13832	      6912	0010032e	5552	c.lwsp	x10,52(x2)	  x2:0x001fff90 x10=0x00000000 PA:0x001fffc4 store:0x001004d4
          13836	      6914	00100330	55c2	c.lwsp	x11,48(x2)	  x2:0x001fff90 x11=0x00000000 PA:0x001fffc0 store:0x00000000
          13840	      6916	00100332	5632	c.lwsp	x12,44(x2)	  x2:0x001fff90 x12=0x00000009 PA:0x001fffbc store:0x00000000
          13844	      6918	00100334	56a2	c.lwsp	x13,40(x2)	  x2:0x001fff90 x13=0x00000000 PA:0x001fffb8 store:0x00000000
          13848	      6920	00100336	5712	c.lwsp	x14,36(x2)	  x2:0x001fff90 x14=0x00020000 PA:0x001fffb4 store:0x00000000
          13852	      6922	00100338	5782	c.lwsp	x15,32(x2)	  x2:0x001fff90 x15=0x00000000 PA:0x001fffb0 store:0x00000000
          13856	      6924	0010033a	4872	c.lwsp	x16,28(x2)	  x2:0x001fff90 x16=0x00000000 PA:0x001fffac store:0x00000000
          13860	      6926	0010033c	48e2	c.lwsp	x17,24(x2)	  x2:0x001fff90 x17=0x00000000 PA:0x001fffa8 store:0x00000000
          13864	      6928	0010033e	4e52	c.lwsp	x28,20(x2)	  x2:0x001fff90 x28=0x00000000 PA:0x001fffa4 store:0x001004d4
          13868	      6930	00100340	4ec2	c.lwsp	x29,16(x2)	  x2:0x001fff90 x29=0x00000000 PA:0x001fffa0 store:0x00000000
          13872	      6932	00100342	4f32	c.lwsp	x30,12(x2)	  x2:0x001fff90 x30=0x00000000 PA:0x001fff9c store:0x00000009
          13876	      6934	00100344	4fa2	c.lwsp	x31,8(x2)	  x2:0x001fff90 x31=0x00000000 PA:0x001fff98 store:0x00000000
          13878	      6935	00100346	6161	c.addi16sp	x2,80	  x2:0x001fff90  x2=0x001fffe0
          13880	      6936	00100348	30200073	mret	
          13886	      6939	0010046c	84ca	c.mv	x9,x18	  x0:0x00000000 x18:0x00000002  x9=0x00000002
          13890	      6941	0010046e	b7e1	c.j	100436	
          13892	      6942	00100436	e019	c.bnez	x8,10043c	  x8:0x00000000
          13896	      6944	00100438	0099fc63	bgeu	x19,x9,100450	 x19:0x00000004  x9:0x00000002  x0=0x00000000
          13902	      6947	00100450	35a5	c.jal	1002b8	  x1=0x00100452
          13904	      6948	001002b8	00000797	auipc	x15,0x0	 x15=0x001002b8
          13906	      6949	001002bc	23078793	addi	x15,x15,560	 x15:0x001002b8 x15=0x001004e8
          13910	      6951	001002c0	4388	c.lw	x10,0(x15)	 x15:0x001004e8 x10=0x00000003 PA:0x001004e8 store:0x00000000
          13914	      6953	001002c2	43cc	c.lw	x11,4(x15)	 x15:0x001004e8 x11=0x00000000 PA:0x001004ec store:0x00000000
          13918	      6955	001002c4	8082	c.jr	x1	  x1:0x00100452
          13920	      6956	00100452	892a	c.mv	x18,x10	  x0:0x00000000 x10:0x00000003 x18=0x00000003
          13922	      6957	00100454	842e	c.mv	x8,x11	  x0:0x00000000 x11:0x00000000  x8=0x00000000
          13926	      6959	00100456	00a49363	bne	x9,x10,10045c	  x9:0x00000002 x10:0x00000003  x0=0x00000000
          13930	      6961	0010045c	00197793	andi	x15,x18,1	 x18:0x00000003 x15=0x00000001
          13932	      6962	00100460	8556	c.mv	x10,x21	  x0:0x00000000 x21:0x001004cc x10=0x001004cc
          13936	      6964	00100462	e391	c.bnez	x15,100466	 x15:0x00000001
          13942	      6967	00100466	312d	c.jal	100090	  x1=0x00100468
          13944	      6968	00100090	00020737	lui	x14,0x20	 x14=0x00020000
          13948	      6970	00100094	00054783	lbu	x15,0(x10)	 x10:0x001004cc x15=0x00000054 PA:0x001004cc store:0x00000000
          13952	      6972	00100098	e399	c.bnez	x15,10009e	 x15:0x00000054
          13956	      6974	0010009e	0505	c.addi	x10,1	 x10:0x001004cc x10=0x001004cd
          13960	      6976	001000a0	c31c	c.sw	x15,0(x14)	 x14:0x00020000 x15:0x00000054 PA:0x00020000 store:0x00000054 load:0x00000000
          13964	      6978	001000a2	bfcd	c.j	100094	
          13968	      6980	00100094	00054783	lbu	x15,0(x10)	 x10:0x001004cd x15=0x00000069 PA:0x001004cd store:0x00000000
          13972	      6982	00100098	e399	c.bnez	x15,10009e	 x15:0x00000069
          13976	      6984	0010009e	0505	c.addi	x10,1	 x10:0x001004cd x10=0x001004ce
          13980	      6986	001000a0	c31c	c.sw	x15,0(x14)	 x14:0x00020000 x15:0x00000069 PA:0x00020000 store:0x00000069 load:0x00000000
          13984	      6988	001000a2	bfcd	c.j	100094	
          13988	      6990	00100094	00054783	lbu	x15,0(x10)	 x10:0x001004ce x15=0x00000063 PA:0x001004ce store:0x00000000
          13992	      6992	00100098	e399	c.bnez	x15,10009e	 x15:0x00000063
          13996	      6994	0010009e	0505	c.addi	x10,1	 x10:0x001004ce x10=0x001004cf
          14000	      6996	001000a0	c31c	c.sw	x15,0(x14)	 x14:0x00020000 x15:0x00000063 PA:0x00020000 store:0x00000063 load:0x00000000
          14004	      6998	001000a2	bfcd	c.j	100094	
          14008	      7000	00100094	00054783	lbu	x15,0(x10)	 x10:0x001004cf x15=0x0000006b PA:0x001004cf store:0x00000000
          14012	      7002	00100098	e399	c.bnez	x15,10009e	 x15:0x0000006b
          14016	      7004	0010009e	0505	c.addi	x10,1	 x10:0x001004cf x10=0x001004d0
          14020	      7006	001000a0	c31c	c.sw	x15,0(x14)	 x14:0x00020000 x15:0x0000006b PA:0x00020000 store:0x0000006b load:0x00000000
          14024	      7008	001000a2	bfcd	c.j	100094	
          14028	      7010	00100094	00054783	lbu	x15,0(x10)	 x10:0x001004d0 x15=0x00000021 PA:0x001004d0 store:0x00000000
          14032	      7012	00100098	e399	c.bnez	x15,10009e	 x15:0x00000021
          14036	      7014	0010009e	0505	c.addi	x10,1	 x10:0x001004d0 x10=0x001004d1
          14040	      7016	001000a0	c31c	c.sw	x15,0(x14)	 x14:0x00020000 x15:0x00000021 PA:0x00020000 store:0x00000021 load:0x00000000
          14044	      7018	001000a2	bfcd	c.j	100094	
          14048	      7020	00100094	00054783	lbu	x15,0(x10)	 x10:0x001004d1 x15=0x0000000a PA:0x001004d1 store:0x00000000
          14052	      7022	00100098	e399	c.bnez	x15,10009e	 x15:0x0000000a
          14056	      7024	0010009e	0505	c.addi	x10,1	 x10:0x001004d1 x10=0x001004d2
          14060	      7026	001000a0	c31c	c.sw	x15,0(x14)	 x14:0x00020000 x15:0x0000000a PA:0x00020000 store:0x0000000a load:0x00000000
          14064	      7028	001000a2	bfcd	c.j	100094	
          14068	      7030	00100094	00054783	lbu	x15,0(x10)	 x10:0x001004d2 x15=0x00000000 PA:0x001004d2 store:0x00000000
          14070	      7031	00100098	e399	c.bnez	x15,10009e	 x15:0x00000000
          14072	      7032	0010009a	4501	c.li	x10,0	 x10=0x00000000
          14076	      7034	0010009c	8082	c.jr	x1	  x1:0x00100468
          14078	      7035	00100468	10500073	wfi	
          17744	      8868	0010001c	3340006f	jal	x0,100350	  x0=0x00000000
          17748	      8870	00100350	f77ff06f	jal	x0,1002c6	  x0=0x00000000
          17750	      8871	001002c6	715d	c.addi16sp	x2,-80	  x2:0x001fffe0  x2=0x001fff90
          17754	      8873	001002c8	d03e	c.swsp	x15,32(x2)	  x2:0x001fff90 x15:0x00000000 PA:0x001fffb0 store:0x00000000 load:0x00000a21
          17756	      8874	001002ca	00000797	auipc	x15,0x0	 x15=0x001002ca
          17758	      8875	001002ce	21678793	addi	x15,x15,534	 x15:0x001002ca x15=0x001004e0
          17762	      8877	001002d2	de22	c.swsp	x8,60(x2)	  x2:0x001fff90  x8:0x00000000 PA:0x001fffcc store:0x00000000 load:0x00000a21
          17766	      8879	001002d4	4380	c.lw	x8,0(x15)	 x15:0x001004e0  x8=0x000007d0 PA:0x001004e0 store:0x00000000
          17770	      8881	001002d6	dc26	c.swsp	x9,56(x2)	  x2:0x001fff90  x9:0x00000002 PA:0x001fffc8 store:0x00000002 load:0x000007d0
          17774	      8883	001002d8	43c4	c.lw	x9,4(x15)	 x15:0x001004e0  x9=0x00000000 PA:0x001004e4 store:0x00000000
          17778	      8885	001002da	d632	c.swsp	x12,44(x2)	  x2:0x001fff90 x12:0x00000009 PA:0x001fffbc store:0x00000009 load:0x00000000
          17782	      8887	001002dc	c686	c.swsp	x1,76(x2)	  x2:0x001fff90  x1:0x00100468 PA:0x001fffdc store:0x00100468 load:0x00000000
          17786	      8889	001002de	c496	c.swsp	x5,72(x2)	  x2:0x001fff90  x5:0x00000000 PA:0x001fffd8 store:0x00000000 load:0x00000000
          17790	      8891	001002e0	c29a	c.swsp	x6,68(x2)	  x2:0x001fff90  x6:0x00000000 PA:0x001fffd4 store:0x00000000 load:0x00000000
          17794	      8893	001002e2	c09e	c.swsp	x7,64(x2)	  x2:0x001fff90  x7:0x00000000 PA:0x001fffd0 store:0x00000000 load:0x00000000
          17798	      8895	001002e4	d436	c.swsp	x13,40(x2)	  x2:0x001fff90 x13:0x00000000 PA:0x001fffb8 store:0x00000000 load:0x00000000
          17802	      8897	001002e6	d23a	c.swsp	x14,36(x2)	  x2:0x001fff90 x14:0x00020000 PA:0x001fffb4 store:0x00020000 load:0x00000000
          17806	      8899	001002e8	ce42	c.swsp	x16,28(x2)	  x2:0x001fff90 x16:0x00000000 PA:0x001fffac store:0x00000000 load:0x00000000
          17810	      8901	001002ea	cc46	c.swsp	x17,24(x2)	  x2:0x001fff90 x17:0x00000000 PA:0x001fffa8 store:0x00000000 load:0x00000000
          17814	      8903	001002ec	ca72	c.swsp	x28,20(x2)	  x2:0x001fff90 x28:0x00000000 PA:0x001fffa4 store:0x00000000 load:0x00000000
          17818	      8905	001002ee	c876	c.swsp	x29,16(x2)	  x2:0x001fff90 x29:0x00000000 PA:0x001fffa0 store:0x00000000 load:0x00000000
          17822	      8907	001002f0	c67a	c.swsp	x30,12(x2)	  x2:0x001fff90 x30:0x00000000 PA:0x001fff9c store:0x00000000 load:0x00000000
          17826	      8909	001002f2	c47e	c.swsp	x31,8(x2)	  x2:0x001fff90 x31:0x00000000 PA:0x001fff98 store:0x00000000 load:0x00000000
          17830	      8911	001002f4	da2a	c.swsp	x10,52(x2)	  x2:0x001fff90 x10:0x00000000 PA:0x001fffc4 store:0x00000000 load:0x00000000
          17834	      8913	001002f6	d82e	c.swsp	x11,48(x2)	  x2:0x001fff90 x11:0x00000000 PA:0x001fffc0 store:0x00000000 load:0x00000000
          17838	      8915	001002f8	3f91	c.jal	10024c	  x1=0x001002fa
          17840	      8916	0010024c	000307b7	lui	x15,0x30	 x15=0x00030000
          17844	      8918	00100250	43d8	c.lw	x14,4(x15)	 x15:0x00030000 x14=0x00000000 PA:0x00030004 store:0x00000000
          17848	      8920	00100252	4388	c.lw	x10,0(x15)	 x15:0x00030000 x10=0x000022d6 PA:0x00030000 store:0x00000000
          17852	      8922	00100254	43cc	c.lw	x11,4(x15)	 x15:0x00030000 x11=0x00000000 PA:0x00030004 store:0x00000000
          17854	      8923	00100256	fee59de3	bne	x11,x14,100250	 x11:0x00000000 x14:0x00000000  x0=0x00000000
          17858	      8925	0010025a	8082	c.jr	x1	  x1:0x001002fa
          17860	      8926	001002fa	9522	c.add	x10,x8	 x10:0x000022d6  x8:0x000007d0 x10=0x00002aa6
          17862	      8927	001002fc	00853433	sltu	x8,x10,x8	 x10:0x00002aa6  x8:0x000007d0  x8=0x00000000
          17864	      8928	00100300	95a6	c.add	x11,x9	 x11:0x00000000  x9:0x00000000 x11=0x00000000
          17866	      8929	00100302	95a2	c.add	x11,x8	 x11:0x00000000  x8:0x00000000 x11=0x00000000
          17870	      8931	00100304	3fa1	c.jal	10025c	  x1=0x00100306
          17872	      8932	0010025c	000307b7	lui	x15,0x30	 x15=0x00030000
          17874	      8933	00100260	577d	c.li	x14,-1	 x14=0xffffffff
          17878	      8935	00100262	c798	c.sw	x14,8(x15)	 x15:0x00030000 x14:0xffffffff PA:0x00030008 store:0xffffffff load:0x0000229d
          17882	      8937	00100264	c7cc	c.sw	x11,12(x15)	 x15:0x00030000 x11:0x00000000 PA:0x0003000c store:0x00000000 load:0x00000000
          17886	      8939	00100266	c788	c.sw	x10,8(x15)	 x15:0x00030000 x10:0x00002aa6 PA:0x00030008 store:0x00002aa6 load:0xffffffff
          17890	      8941	00100268	8082	c.jr	x1	  x1:0x00100306
          17894	      8943	00100306	00000597	auipc	x11,0x0	 x11=0x00100306
          17896	      8944	0010030a	1e258593	addi	x11,x11,482	 x11:0x00100306 x11=0x001004e8
          17900	      8946	0010030e	4180	c.lw	x8,0(x11)	 x11:0x001004e8  x8=0x00000003 PA:0x001004e8 store:0x00000000
          17904	      8948	00100310	41c4	c.lw	x9,4(x11)	 x11:0x001004e8  x9=0x00000000 PA:0x001004ec store:0x00000000
          17908	      8950	00100312	40b6	c.lwsp	x1,76(x2)	  x2:0x001fff90  x1=0x00100468 PA:0x001fffdc store:0x00000009
          17910	      8951	00100314	00140513	addi	x10,x8,1	  x8:0x00000003 x10=0x00000004
          17912	      8952	00100318	00853633	sltu	x12,x10,x8	 x10:0x00000004  x8:0x00000003 x12=0x00000000
          17916	      8954	0010031c	5472	c.lwsp	x8,60(x2)	  x2:0x001fff90  x8=0x00000000 PA:0x001fffcc store:0x00000000
          17918	      8955	0010031e	009607b3	add	x15,x12,x9	 x12:0x00000000  x9:0x00000000 x15=0x00000000
          17922	      8957	00100322	c188	c.sw	x10,0(x11)	 x11:0x001004e8 x10:0x00000004 PA:0x001004e8 store:0x00000004 load:0x00000000
          17926	      8959	00100324	c1dc	c.sw	x15,4(x11)	 x11:0x001004e8 x15:0x00000000 PA:0x001004ec store:0x00000000 load:0x00000000
          17930	      8961	00100326	42a6	c.lwsp	x5,72(x2)	  x2:0x001fff90  x5=0x00000000 PA:0x001fffd8 store:0x00000000
          17934	      8963	00100328	4316	c.lwsp	x6,68(x2)	  x2:0x001fff90  x6=0x00000000 PA:0x001fffd4 store:0x00000000
          17938	      8965	0010032a	4386	c.lwsp	x7,64(x2)	  x2:0x001fff90  x7=0x00000000 PA:0x001fffd0 store:0x00000000
          17942	      8967	0010032c	54e2	c.lwsp	x9,56(x2)	  x2:0x001fff90  x9=0x00000002 PA:0x001fffc8 store:0x00000000
          17946	      8969	0010032e	5552	c.lwsp	x10,52(x2)	  x2:0x001fff90 x10=0x00000000 PA:0x001fffc4 store:0x001004d4
          17950	      8971	00100330	55c2	c.lwsp	x11,48(x2)	  x2:0x001fff90 x11=0x00000000 PA:0x001fffc0 store:0x00000000
          17954	      8973	00100332	5632	c.lwsp	x12,44(x2)	  x2:0x001fff90 x12=0x00000009 PA:0x001fffbc store:0x00000000
          17958	      8975	00100334	56a2	c.lwsp	x13,40(x2)	  x2:0x001fff90 x13=0x00000000 PA:0x001fffb8 store:0x00000000
          17962	      8977	00100336	5712	c.lwsp	x14,36(x2)	  x2:0x001fff90 x14=0x00020000 PA:0x001fffb4 store:0x00000000
          17966	      8979	00100338	5782	c.lwsp	x15,32(x2)	  x2:0x001fff90 x15=0x00000000 PA:0x001fffb0 store:0x00000000
          17970	      8981	0010033a	4872	c.lwsp	x16,28(x2)	  x2:0x001fff90 x16=0x00000000 PA:0x001fffac store:0x00000000
          17974	      8983	0010033c	48e2	c.lwsp	x17,24(x2)	  x2:0x001fff90 x17=0x00000000 PA:0x001fffa8 store:0x00000000
          17978	      8985	0010033e	4e52	c.lwsp	x28,20(x2)	  x2:0x001fff90 x28=0x00000000 PA:0x001fffa4 store:0x001004d4
          17982	      8987	00100340	4ec2	c.lwsp	x29,16(x2)	  x2:0x001fff90 x29=0x00000000 PA:0x001fffa0 store:0x00000000
          17986	      8989	00100342	4f32	c.lwsp	x30,12(x2)	  x2:0x001fff90 x30=0x00000000 PA:0x001fff9c store:0x00000009
          17990	      8991	00100344	4fa2	c.lwsp	x31,8(x2)	  x2:0x001fff90 x31=0x00000000 PA:0x001fff98 store:0x00000000
          17992	      8992	00100346	6161	c.addi16sp	x2,80	  x2:0x001fff90  x2=0x001fffe0
          17994	      8993	00100348	30200073	mret	
          18000	      8996	0010046c	84ca	c.mv	x9,x18	  x0:0x00000000 x18:0x00000003  x9=0x00000003
          18004	      8998	0010046e	b7e1	c.j	100436	
          18006	      8999	00100436	e019	c.bnez	x8,10043c	  x8:0x00000000
          18010	      9001	00100438	0099fc63	bgeu	x19,x9,100450	 x19:0x00000004  x9:0x00000003  x0=0x00000000
          18016	      9004	00100450	35a5	c.jal	1002b8	  x1=0x00100452
          18018	      9005	001002b8	00000797	auipc	x15,0x0	 x15=0x001002b8
          18020	      9006	001002bc	23078793	addi	x15,x15,560	 x15:0x001002b8 x15=0x001004e8
          18024	      9008	001002c0	4388	c.lw	x10,0(x15)	 x15:0x001004e8 x10=0x00000004 PA:0x001004e8 store:0x00000000
          18028	      9010	001002c2	43cc	c.lw	x11,4(x15)	 x15:0x001004e8 x11=0x00000000 PA:0x001004ec store:0x00000000
          18032	      9012	001002c4	8082	c.jr	x1	  x1:0x00100452
          18034	      9013	00100452	892a	c.mv	x18,x10	  x0:0x00000000 x10:0x00000004 x18=0x00000004
          18036	      9014	00100454	842e	c.mv	x8,x11	  x0:0x00000000 x11:0x00000000  x8=0x00000000
          18040	      9016	00100456	00a49363	bne	x9,x10,10045c	  x9:0x00000003 x10:0x00000004  x0=0x00000000
          18044	      9018	0010045c	00197793	andi	x15,x18,1	 x18:0x00000004 x15=0x00000000
          18046	      9019	00100460	8556	c.mv	x10,x21	  x0:0x00000000 x21:0x001004cc x10=0x001004cc
          18048	      9020	00100462	e391	c.bnez	x15,100466	 x15:0x00000000
          18050	      9021	00100464	8552	c.mv	x10,x20	  x0:0x00000000 x20:0x001004d4 x10=0x001004d4
          18054	      9023	00100466	312d	c.jal	100090	  x1=0x00100468
          18056	      9024	00100090	00020737	lui	x14,0x20	 x14=0x00020000
          18060	      9026	00100094	00054783	lbu	x15,0(x10)	 x10:0x001004d4 x15=0x00000054 PA:0x001004d4 store:0x00000000
          18064	      9028	00100098	e399	c.bnez	x15,10009e	 x15:0x00000054
          18068	      9030	0010009e	0505	c.addi	x10,1	 x10:0x001004d4 x10=0x001004d5
          18072	      9032	001000a0	c31c	c.sw	x15,0(x14)	 x14:0x00020000 x15:0x00000054 PA:0x00020000 store:0x00000054 load:0x00000000
          18076	      9034	001000a2	bfcd	c.j	100094	
          18080	      9036	00100094	00054783	lbu	x15,0(x10)	 x10:0x001004d5 x15=0x0000006f PA:0x001004d5 store:0x00000000
          18084	      9038	00100098	e399	c.bnez	x15,10009e	 x15:0x0000006f
          18088	      9040	0010009e	0505	c.addi	x10,1	 x10:0x001004d5 x10=0x001004d6
          18092	      9042	001000a0	c31c	c.sw	x15,0(x14)	 x14:0x00020000 x15:0x0000006f PA:0x00020000 store:0x0000006f load:0x00000000
          18096	      9044	001000a2	bfcd	c.j	100094	
          18100	      9046	00100094	00054783	lbu	x15,0(x10)	 x10:0x001004d6 x15=0x00000063 PA:0x001004d6 store:0x00000000
          18104	      9048	00100098	e399	c.bnez	x15,10009e	 x15:0x00000063
          18108	      9050	0010009e	0505	c.addi	x10,1	 x10:0x001004d6 x10=0x001004d7
          18112	      9052	001000a0	c31c	c.sw	x15,0(x14)	 x14:0x00020000 x15:0x00000063 PA:0x00020000 store:0x00000063 load:0x00000000
          18116	      9054	001000a2	bfcd	c.j	100094	
          18120	      9056	00100094	00054783	lbu	x15,0(x10)	 x10:0x001004d7 x15=0x0000006b PA:0x001004d7 store:0x00000000
          18124	      9058	00100098	e399	c.bnez	x15,10009e	 x15:0x0000006b
          18128	      9060	0010009e	0505	c.addi	x10,1	 x10:0x001004d7 x10=0x001004d8
          18132	      9062	001000a0	c31c	c.sw	x15,0(x14)	 x14:0x00020000 x15:0x0000006b PA:0x00020000 store:0x0000006b load:0x00000000
          18136	      9064	001000a2	bfcd	c.j	100094	
          18140	      9066	00100094	00054783	lbu	x15,0(x10)	 x10:0x001004d8 x15=0x00000021 PA:0x001004d8 store:0x00000000
          18144	      9068	00100098	e399	c.bnez	x15,10009e	 x15:0x00000021
          18148	      9070	0010009e	0505	c.addi	x10,1	 x10:0x001004d8 x10=0x001004d9
          18152	      9072	001000a0	c31c	c.sw	x15,0(x14)	 x14:0x00020000 x15:0x00000021 PA:0x00020000 store:0x00000021 load:0x00000000
          18156	      9074	001000a2	bfcd	c.j	100094	
          18160	      9076	00100094	00054783	lbu	x15,0(x10)	 x10:0x001004d9 x15=0x0000000a PA:0x001004d9 store:0x00000000
          18164	      9078	00100098	e399	c.bnez	x15,10009e	 x15:0x0000000a
          18168	      9080	0010009e	0505	c.addi	x10,1	 x10:0x001004d9 x10=0x001004da
          18172	      9082	001000a0	c31c	c.sw	x15,0(x14)	 x14:0x00020000 x15:0x0000000a PA:0x00020000 store:0x0000000a load:0x00000000
          18176	      9084	001000a2	bfcd	c.j	100094	
          18180	      9086	00100094	00054783	lbu	x15,0(x10)	 x10:0x001004da x15=0x00000000 PA:0x001004da store:0x00000000
          18182	      9087	00100098	e399	c.bnez	x15,10009e	 x15:0x00000000
          18184	      9088	0010009a	4501	c.li	x10,0	 x10=0x00000000
          18188	      9090	0010009c	8082	c.jr	x1	  x1:0x00100468
          18190	      9091	00100468	10500073	wfi	
          21858	     10925	0010001c	3340006f	jal	x0,100350	  x0=0x00000000
          21862	     10927	00100350	f77ff06f	jal	x0,1002c6	  x0=0x00000000
          21864	     10928	001002c6	715d	c.addi16sp	x2,-80	  x2:0x001fffe0  x2=0x001fff90
          21868	     10930	001002c8	d03e	c.swsp	x15,32(x2)	  x2:0x001fff90 x15:0x00000000 PA:0x001fffb0 store:0x00000000 load:0x00000a21
          21870	     10931	001002ca	00000797	auipc	x15,0x0	 x15=0x001002ca
          21872	     10932	001002ce	21678793	addi	x15,x15,534	 x15:0x001002ca x15=0x001004e0
          21876	     10934	001002d2	de22	c.swsp	x8,60(x2)	  x2:0x001fff90  x8:0x00000000 PA:0x001fffcc store:0x00000000 load:0x00000a21
          21880	     10936	001002d4	4380	c.lw	x8,0(x15)	 x15:0x001004e0  x8=0x000007d0 PA:0x001004e0 store:0x00000000
          21884	     10938	001002d6	dc26	c.swsp	x9,56(x2)	  x2:0x001fff90  x9:0x00000003 PA:0x001fffc8 store:0x00000003 load:0x000007d0
          21888	     10940	001002d8	43c4	c.lw	x9,4(x15)	 x15:0x001004e0  x9=0x00000000 PA:0x001004e4 store:0x00000000
          21892	     10942	001002da	d632	c.swsp	x12,44(x2)	  x2:0x001fff90 x12:0x00000009 PA:0x001fffbc store:0x00000009 load:0x00000000
          21896	     10944	001002dc	c686	c.swsp	x1,76(x2)	  x2:0x001fff90  x1:0x00100468 PA:0x001fffdc store:0x00100468 load:0x00000000
          21900	     10946	001002de	c496	c.swsp	x5,72(x2)	  x2:0x001fff90  x5:0x00000000 PA:0x001fffd8 store:0x00000000 load:0x00000000
          21904	     10948	001002e0	c29a	c.swsp	x6,68(x2)	  x2:0x001fff90  x6:0x00000000 PA:0x001fffd4 store:0x00000000 load:0x00000000
          21908	     10950	001002e2	c09e	c.swsp	x7,64(x2)	  x2:0x001fff90  x7:0x00000000 PA:0x001fffd0 store:0x00000000 load:0x00000000
          21912	     10952	001002e4	d436	c.swsp	x13,40(x2)	  x2:0x001fff90 x13:0x00000000 PA:0x001fffb8 store:0x00000000 load:0x00000000
          21916	     10954	001002e6	d23a	c.swsp	x14,36(x2)	  x2:0x001fff90 x14:0x00020000 PA:0x001fffb4 store:0x00020000 load:0x00000000
          21920	     10956	001002e8	ce42	c.swsp	x16,28(x2)	  x2:0x001fff90 x16:0x00000000 PA:0x001fffac store:0x00000000 load:0x00000000
          21924	     10958	001002ea	cc46	c.swsp	x17,24(x2)	  x2:0x001fff90 x17:0x00000000 PA:0x001fffa8 store:0x00000000 load:0x00000000
          21928	     10960	001002ec	ca72	c.swsp	x28,20(x2)	  x2:0x001fff90 x28:0x00000000 PA:0x001fffa4 store:0x00000000 load:0x00000000
          21932	     10962	001002ee	c876	c.swsp	x29,16(x2)	  x2:0x001fff90 x29:0x00000000 PA:0x001fffa0 store:0x00000000 load:0x00000000
          21936	     10964	001002f0	c67a	c.swsp	x30,12(x2)	  x2:0x001fff90 x30:0x00000000 PA:0x001fff9c store:0x00000000 load:0x00000000
          21940	     10966	001002f2	c47e	c.swsp	x31,8(x2)	  x2:0x001fff90 x31:0x00000000 PA:0x001fff98 store:0x00000000 load:0x00000000
          21944	     10968	001002f4	da2a	c.swsp	x10,52(x2)	  x2:0x001fff90 x10:0x00000000 PA:0x001fffc4 store:0x00000000 load:0x00000000
          21948	     10970	001002f6	d82e	c.swsp	x11,48(x2)	  x2:0x001fff90 x11:0x00000000 PA:0x001fffc0 store:0x00000000 load:0x00000000
          21952	     10972	001002f8	3f91	c.jal	10024c	  x1=0x001002fa
          21954	     10973	0010024c	000307b7	lui	x15,0x30	 x15=0x00030000
          21958	     10975	00100250	43d8	c.lw	x14,4(x15)	 x15:0x00030000 x14=0x00000000 PA:0x00030004 store:0x00000000
          21962	     10977	00100252	4388	c.lw	x10,0(x15)	 x15:0x00030000 x10=0x00002adf PA:0x00030000 store:0x00000000
          21966	     10979	00100254	43cc	c.lw	x11,4(x15)	 x15:0x00030000 x11=0x00000000 PA:0x00030004 store:0x00000000
          21968	     10980	00100256	fee59de3	bne	x11,x14,100250	 x11:0x00000000 x14:0x00000000  x0=0x00000000
          21972	     10982	0010025a	8082	c.jr	x1	  x1:0x001002fa
          21974	     10983	001002fa	9522	c.add	x10,x8	 x10:0x00002adf  x8:0x000007d0 x10=0x000032af
          21976	     10984	001002fc	00853433	sltu	x8,x10,x8	 x10:0x000032af  x8:0x000007d0  x8=0x00000000
          21978	     10985	00100300	95a6	c.add	x11,x9	 x11:0x00000000  x9:0x00000000 x11=0x00000000
          21980	     10986	00100302	95a2	c.add	x11,x8	 x11:0x00000000  x8:0x00000000 x11=0x00000000
          21984	     10988	00100304	3fa1	c.jal	10025c	  x1=0x00100306
          21986	     10989	0010025c	000307b7	lui	x15,0x30	 x15=0x00030000
          21988	     10990	00100260	577d	c.li	x14,-1	 x14=0xffffffff
          21992	     10992	00100262	c798	c.sw	x14,8(x15)	 x15:0x00030000 x14:0xffffffff PA:0x00030008 store:0xffffffff load:0x00002aa6
          21996	     10994	00100264	c7cc	c.sw	x11,12(x15)	 x15:0x00030000 x11:0x00000000 PA:0x0003000c store:0x00000000 load:0x00000000
          22000	     10996	00100266	c788	c.sw	x10,8(x15)	 x15:0x00030000 x10:0x000032af PA:0x00030008 store:0x000032af load:0xffffffff
          22004	     10998	00100268	8082	c.jr	x1	  x1:0x00100306
          22008	     11000	00100306	00000597	auipc	x11,0x0	 x11=0x00100306
          22010	     11001	0010030a	1e258593	addi	x11,x11,482	 x11:0x00100306 x11=0x001004e8
          22014	     11003	0010030e	4180	c.lw	x8,0(x11)	 x11:0x001004e8  x8=0x00000004 PA:0x001004e8 store:0x00000000
          22018	     11005	00100310	41c4	c.lw	x9,4(x11)	 x11:0x001004e8  x9=0x00000000 PA:0x001004ec store:0x00000000
          22022	     11007	00100312	40b6	c.lwsp	x1,76(x2)	  x2:0x001fff90  x1=0x00100468 PA:0x001fffdc store:0x00000009
          22024	     11008	00100314	00140513	addi	x10,x8,1	  x8:0x00000004 x10=0x00000005
          22026	     11009	00100318	00853633	sltu	x12,x10,x8	 x10:0x00000005  x8:0x00000004 x12=0x00000000
          22030	     11011	0010031c	5472	c.lwsp	x8,60(x2)	  x2:0x001fff90  x8=0x00000000 PA:0x001fffcc store:0x00000000
          22032	     11012	0010031e	009607b3	add	x15,x12,x9	 x12:0x00000000  x9:0x00000000 x15=0x00000000
          22036	     11014	00100322	c188	c.sw	x10,0(x11)	 x11:0x001004e8 x10:0x00000005 PA:0x001004e8 store:0x00000005 load:0x00000000
          22040	     11016	00100324	c1dc	c.sw	x15,4(x11)	 x11:0x001004e8 x15:0x00000000 PA:0x001004ec store:0x00000000 load:0x00000000
          22044	     11018	00100326	42a6	c.lwsp	x5,72(x2)	  x2:0x001fff90  x5=0x00000000 PA:0x001fffd8 store:0x00000000
          22048	     11020	00100328	4316	c.lwsp	x6,68(x2)	  x2:0x001fff90  x6=0x00000000 PA:0x001fffd4 store:0x00000000
          22052	     11022	0010032a	4386	c.lwsp	x7,64(x2)	  x2:0x001fff90  x7=0x00000000 PA:0x001fffd0 store:0x00000000
          22056	     11024	0010032c	54e2	c.lwsp	x9,56(x2)	  x2:0x001fff90  x9=0x00000003 PA:0x001fffc8 store:0x00000000
          22060	     11026	0010032e	5552	c.lwsp	x10,52(x2)	  x2:0x001fff90 x10=0x00000000 PA:0x001fffc4 store:0x001004d4
          22064	     11028	00100330	55c2	c.lwsp	x11,48(x2)	  x2:0x001fff90 x11=0x00000000 PA:0x001fffc0 store:0x00000000
          22068	     11030	00100332	5632	c.lwsp	x12,44(x2)	  x2:0x001fff90 x12=0x00000009 PA:0x001fffbc store:0x00000000
          22072	     11032	00100334	56a2	c.lwsp	x13,40(x2)	  x2:0x001fff90 x13=0x00000000 PA:0x001fffb8 store:0x00000000
          22076	     11034	00100336	5712	c.lwsp	x14,36(x2)	  x2:0x001fff90 x14=0x00020000 PA:0x001fffb4 store:0x00000000
          22080	     11036	00100338	5782	c.lwsp	x15,32(x2)	  x2:0x001fff90 x15=0x00000000 PA:0x001fffb0 store:0x00000000
          22084	     11038	0010033a	4872	c.lwsp	x16,28(x2)	  x2:0x001fff90 x16=0x00000000 PA:0x001fffac store:0x00000000
          22088	     11040	0010033c	48e2	c.lwsp	x17,24(x2)	  x2:0x001fff90 x17=0x00000000 PA:0x001fffa8 store:0x00000000
          22092	     11042	0010033e	4e52	c.lwsp	x28,20(x2)	  x2:0x001fff90 x28=0x00000000 PA:0x001fffa4 store:0x001004d4
          22096	     11044	00100340	4ec2	c.lwsp	x29,16(x2)	  x2:0x001fff90 x29=0x00000000 PA:0x001fffa0 store:0x00000000
          22100	     11046	00100342	4f32	c.lwsp	x30,12(x2)	  x2:0x001fff90 x30=0x00000000 PA:0x001fff9c store:0x00000009
          22104	     11048	00100344	4fa2	c.lwsp	x31,8(x2)	  x2:0x001fff90 x31=0x00000000 PA:0x001fff98 store:0x00000000
          22106	     11049	00100346	6161	c.addi16sp	x2,80	  x2:0x001fff90  x2=0x001fffe0
          22108	     11050	00100348	30200073	mret	
          22114	     11053	0010046c	84ca	c.mv	x9,x18	  x0:0x00000000 x18:0x00000004  x9=0x00000004
          22118	     11055	0010046e	b7e1	c.j	100436	
          22120	     11056	00100436	e019	c.bnez	x8,10043c	  x8:0x00000000
          22124	     11058	00100438	0099fc63	bgeu	x19,x9,100450	 x19:0x00000004  x9:0x00000004  x0=0x00000000
          22130	     11061	00100450	35a5	c.jal	1002b8	  x1=0x00100452
          22132	     11062	001002b8	00000797	auipc	x15,0x0	 x15=0x001002b8
          22134	     11063	001002bc	23078793	addi	x15,x15,560	 x15:0x001002b8 x15=0x001004e8
          22138	     11065	001002c0	4388	c.lw	x10,0(x15)	 x15:0x001004e8 x10=0x00000005 PA:0x001004e8 store:0x00000000
          22142	     11067	001002c2	43cc	c.lw	x11,4(x15)	 x15:0x001004e8 x11=0x00000000 PA:0x001004ec store:0x00000000
          22146	     11069	001002c4	8082	c.jr	x1	  x1:0x00100452
          22148	     11070	00100452	892a	c.mv	x18,x10	  x0:0x00000000 x10:0x00000005 x18=0x00000005
          22150	     11071	00100454	842e	c.mv	x8,x11	  x0:0x00000000 x11:0x00000000  x8=0x00000000
          22154	     11073	00100456	00a49363	bne	x9,x10,10045c	  x9:0x00000004 x10:0x00000005  x0=0x00000000
          22158	     11075	0010045c	00197793	andi	x15,x18,1	 x18:0x00000005 x15=0x00000001
          22160	     11076	00100460	8556	c.mv	x10,x21	  x0:0x00000000 x21:0x001004cc x10=0x001004cc
          22164	     11078	00100462	e391	c.bnez	x15,100466	 x15:0x00000001
          22170	     11081	00100466	312d	c.jal	100090	  x1=0x00100468
          22172	     11082	00100090	00020737	lui	x14,0x20	 x14=0x00020000
          22176	     11084	00100094	00054783	lbu	x15,0(x10)	 x10:0x001004cc x15=0x00000054 PA:0x001004cc store:0x00000000
          22180	     11086	00100098	e399	c.bnez	x15,10009e	 x15:0x00000054
          22184	     11088	0010009e	0505	c.addi	x10,1	 x10:0x001004cc x10=0x001004cd
          22188	     11090	001000a0	c31c	c.sw	x15,0(x14)	 x14:0x00020000 x15:0x00000054 PA:0x00020000 store:0x00000054 load:0x00000000
          22192	     11092	001000a2	bfcd	c.j	100094	
          22196	     11094	00100094	00054783	lbu	x15,0(x10)	 x10:0x001004cd x15=0x00000069 PA:0x001004cd store:0x00000000
          22200	     11096	00100098	e399	c.bnez	x15,10009e	 x15:0x00000069
          22204	     11098	0010009e	0505	c.addi	x10,1	 x10:0x001004cd x10=0x001004ce
          22208	     11100	001000a0	c31c	c.sw	x15,0(x14)	 x14:0x00020000 x15:0x00000069 PA:0x00020000 store:0x00000069 load:0x00000000
          22212	     11102	001000a2	bfcd	c.j	100094	
          22216	     11104	00100094	00054783	lbu	x15,0(x10)	 x10:0x001004ce x15=0x00000063 PA:0x001004ce store:0x00000000
          22220	     11106	00100098	e399	c.bnez	x15,10009e	 x15:0x00000063
          22224	     11108	0010009e	0505	c.addi	x10,1	 x10:0x001004ce x10=0x001004cf
          22228	     11110	001000a0	c31c	c.sw	x15,0(x14)	 x14:0x00020000 x15:0x00000063 PA:0x00020000 store:0x00000063 load:0x00000000
          22232	     11112	001000a2	bfcd	c.j	100094	
          22236	     11114	00100094	00054783	lbu	x15,0(x10)	 x10:0x001004cf x15=0x0000006b PA:0x001004cf store:0x00000000
          22240	     11116	00100098	e399	c.bnez	x15,10009e	 x15:0x0000006b
          22244	     11118	0010009e	0505	c.addi	x10,1	 x10:0x001004cf x10=0x001004d0
          22248	     11120	001000a0	c31c	c.sw	x15,0(x14)	 x14:0x00020000 x15:0x0000006b PA:0x00020000 store:0x0000006b load:0x00000000
          22252	     11122	001000a2	bfcd	c.j	100094	
          22256	     11124	00100094	00054783	lbu	x15,0(x10)	 x10:0x001004d0 x15=0x00000021 PA:0x001004d0 store:0x00000000
          22260	     11126	00100098	e399	c.bnez	x15,10009e	 x15:0x00000021
          22264	     11128	0010009e	0505	c.addi	x10,1	 x10:0x001004d0 x10=0x001004d1
          22268	     11130	001000a0	c31c	c.sw	x15,0(x14)	 x14:0x00020000 x15:0x00000021 PA:0x00020000 store:0x00000021 load:0x00000000
          22272	     11132	001000a2	bfcd	c.j	100094	
          22276	     11134	00100094	00054783	lbu	x15,0(x10)	 x10:0x001004d1 x15=0x0000000a PA:0x001004d1 store:0x00000000
          22280	     11136	00100098	e399	c.bnez	x15,10009e	 x15:0x0000000a
          22284	     11138	0010009e	0505	c.addi	x10,1	 x10:0x001004d1 x10=0x001004d2
          22288	     11140	001000a0	c31c	c.sw	x15,0(x14)	 x14:0x00020000 x15:0x0000000a PA:0x00020000 store:0x0000000a load:0x00000000
          22292	     11142	001000a2	bfcd	c.j	100094	
          22296	     11144	00100094	00054783	lbu	x15,0(x10)	 x10:0x001004d2 x15=0x00000000 PA:0x001004d2 store:0x00000000
          22298	     11145	00100098	e399	c.bnez	x15,10009e	 x15:0x00000000
          22300	     11146	0010009a	4501	c.li	x10,0	 x10=0x00000000
          22304	     11148	0010009c	8082	c.jr	x1	  x1:0x00100468
          22306	     11149	00100468	10500073	wfi	
          25972	     12982	0010001c	3340006f	jal	x0,100350	  x0=0x00000000
          25976	     12984	00100350	f77ff06f	jal	x0,1002c6	  x0=0x00000000
          25978	     12985	001002c6	715d	c.addi16sp	x2,-80	  x2:0x001fffe0  x2=0x001fff90
          25982	     12987	001002c8	d03e	c.swsp	x15,32(x2)	  x2:0x001fff90 x15:0x00000000 PA:0x001fffb0 store:0x00000000 load:0x00000a21
          25984	     12988	001002ca	00000797	auipc	x15,0x0	 x15=0x001002ca
          25986	     12989	001002ce	21678793	addi	x15,x15,534	 x15:0x001002ca x15=0x001004e0
          25990	     12991	001002d2	de22	c.swsp	x8,60(x2)	  x2:0x001fff90  x8:0x00000000 PA:0x001fffcc store:0x00000000 load:0x00000a21
          25994	     12993	001002d4	4380	c.lw	x8,0(x15)	 x15:0x001004e0  x8=0x000007d0 PA:0x001004e0 store:0x00000000
          25998	     12995	001002d6	dc26	c.swsp	x9,56(x2)	  x2:0x001fff90  x9:0x00000004 PA:0x001fffc8 store:0x00000004 load:0x000007d0
          26002	     12997	001002d8	43c4	c.lw	x9,4(x15)	 x15:0x001004e0  x9=0x00000000 PA:0x001004e4 store:0x00000000
          26006	     12999	001002da	d632	c.swsp	x12,44(x2)	  x2:0x001fff90 x12:0x00000009 PA:0x001fffbc store:0x00000009 load:0x00000000
          26010	     13001	001002dc	c686	c.swsp	x1,76(x2)	  x2:0x001fff90  x1:0x00100468 PA:0x001fffdc store:0x00100468 load:0x00000000
          26014	     13003	001002de	c496	c.swsp	x5,72(x2)	  x2:0x001fff90  x5:0x00000000 PA:0x001fffd8 store:0x00000000 load:0x00000000
          26018	     13005	001002e0	c29a	c.swsp	x6,68(x2)	  x2:0x001fff90  x6:0x00000000 PA:0x001fffd4 store:0x00000000 load:0x00000000
          26022	     13007	001002e2	c09e	c.swsp	x7,64(x2)	  x2:0x001fff90  x7:0x00000000 PA:0x001fffd0 store:0x00000000 load:0x00000000
          26026	     13009	001002e4	d436	c.swsp	x13,40(x2)	  x2:0x001fff90 x13:0x00000000 PA:0x001fffb8 store:0x00000000 load:0x00000000
          26030	     13011	001002e6	d23a	c.swsp	x14,36(x2)	  x2:0x001fff90 x14:0x00020000 PA:0x001fffb4 store:0x00020000 load:0x00000000
          26034	     13013	001002e8	ce42	c.swsp	x16,28(x2)	  x2:0x001fff90 x16:0x00000000 PA:0x001fffac store:0x00000000 load:0x00000000
          26038	     13015	001002ea	cc46	c.swsp	x17,24(x2)	  x2:0x001fff90 x17:0x00000000 PA:0x001fffa8 store:0x00000000 load:0x00000000
          26042	     13017	001002ec	ca72	c.swsp	x28,20(x2)	  x2:0x001fff90 x28:0x00000000 PA:0x001fffa4 store:0x00000000 load:0x00000000
          26046	     13019	001002ee	c876	c.swsp	x29,16(x2)	  x2:0x001fff90 x29:0x00000000 PA:0x001fffa0 store:0x00000000 load:0x00000000
          26050	     13021	001002f0	c67a	c.swsp	x30,12(x2)	  x2:0x001fff90 x30:0x00000000 PA:0x001fff9c store:0x00000000 load:0x00000000
          26054	     13023	001002f2	c47e	c.swsp	x31,8(x2)	  x2:0x001fff90 x31:0x00000000 PA:0x001fff98 store:0x00000000 load:0x00000000
          26058	     13025	001002f4	da2a	c.swsp	x10,52(x2)	  x2:0x001fff90 x10:0x00000000 PA:0x001fffc4 store:0x00000000 load:0x00000000
          26062	     13027	001002f6	d82e	c.swsp	x11,48(x2)	  x2:0x001fff90 x11:0x00000000 PA:0x001fffc0 store:0x00000000 load:0x00000000
          26066	     13029	001002f8	3f91	c.jal	10024c	  x1=0x001002fa
          26068	     13030	0010024c	000307b7	lui	x15,0x30	 x15=0x00030000
          26072	     13032	00100250	43d8	c.lw	x14,4(x15)	 x15:0x00030000 x14=0x00000000 PA:0x00030004 store:0x00000000
          26076	     13034	00100252	4388	c.lw	x10,0(x15)	 x15:0x00030000 x10=0x000032e8 PA:0x00030000 store:0x00000000
          26080	     13036	00100254	43cc	c.lw	x11,4(x15)	 x15:0x00030000 x11=0x00000000 PA:0x00030004 store:0x00000000
          26082	     13037	00100256	fee59de3	bne	x11,x14,100250	 x11:0x00000000 x14:0x00000000  x0=0x00000000
          26086	     13039	0010025a	8082	c.jr	x1	  x1:0x001002fa
          26088	     13040	001002fa	9522	c.add	x10,x8	 x10:0x000032e8  x8:0x000007d0 x10=0x00003ab8
          26090	     13041	001002fc	00853433	sltu	x8,x10,x8	 x10:0x00003ab8  x8:0x000007d0  x8=0x00000000
          26092	     13042	00100300	95a6	c.add	x11,x9	 x11:0x00000000  x9:0x00000000 x11=0x00000000
          26094	     13043	00100302	95a2	c.add	x11,x8	 x11:0x00000000  x8:0x00000000 x11=0x00000000
          26098	     13045	00100304	3fa1	c.jal	10025c	  x1=0x00100306
          26100	     13046	0010025c	000307b7	lui	x15,0x30	 x15=0x00030000
          26102	     13047	00100260	577d	c.li	x14,-1	 x14=0xffffffff
          26106	     13049	00100262	c798	c.sw	x14,8(x15)	 x15:0x00030000 x14:0xffffffff PA:0x00030008 store:0xffffffff load:0x000032af
          26110	     13051	00100264	c7cc	c.sw	x11,12(x15)	 x15:0x00030000 x11:0x00000000 PA:0x0003000c store:0x00000000 load:0x00000000
          26114	     13053	00100266	c788	c.sw	x10,8(x15)	 x15:0x00030000 x10:0x00003ab8 PA:0x00030008 store:0x00003ab8 load:0xffffffff
          26118	     13055	00100268	8082	c.jr	x1	  x1:0x00100306
          26122	     13057	00100306	00000597	auipc	x11,0x0	 x11=0x00100306
          26124	     13058	0010030a	1e258593	addi	x11,x11,482	 x11:0x00100306 x11=0x001004e8
          26128	     13060	0010030e	4180	c.lw	x8,0(x11)	 x11:0x001004e8  x8=0x00000005 PA:0x001004e8 store:0x00000000
          26132	     13062	00100310	41c4	c.lw	x9,4(x11)	 x11:0x001004e8  x9=0x00000000 PA:0x001004ec store:0x00000000
          26136	     13064	00100312	40b6	c.lwsp	x1,76(x2)	  x2:0x001fff90  x1=0x00100468 PA:0x001fffdc store:0x00000009
          26138	     13065	00100314	00140513	addi	x10,x8,1	  x8:0x00000005 x10=0x00000006
          26140	     13066	00100318	00853633	sltu	x12,x10,x8	 x10:0x00000006  x8:0x00000005 x12=0x00000000
          26144	     13068	0010031c	5472	c.lwsp	x8,60(x2)	  x2:0x001fff90  x8=0x00000000 PA:0x001fffcc store:0x00000000
          26146	     13069	0010031e	009607b3	add	x15,x12,x9	 x12:0x00000000  x9:0x00000000 x15=0x00000000
          26150	     13071	00100322	c188	c.sw	x10,0(x11)	 x11:0x001004e8 x10:0x00000006 PA:0x001004e8 store:0x00000006 load:0x00000000
          26154	     13073	00100324	c1dc	c.sw	x15,4(x11)	 x11:0x001004e8 x15:0x00000000 PA:0x001004ec store:0x00000000 load:0x00000000
          26158	     13075	00100326	42a6	c.lwsp	x5,72(x2)	  x2:0x001fff90  x5=0x00000000 PA:0x001fffd8 store:0x00000000
          26162	     13077	00100328	4316	c.lwsp	x6,68(x2)	  x2:0x001fff90  x6=0x00000000 PA:0x001fffd4 store:0x00000000
          26166	     13079	0010032a	4386	c.lwsp	x7,64(x2)	  x2:0x001fff90  x7=0x00000000 PA:0x001fffd0 store:0x00000000
          26170	     13081	0010032c	54e2	c.lwsp	x9,56(x2)	  x2:0x001fff90  x9=0x00000004 PA:0x001fffc8 store:0x00000000
          26174	     13083	0010032e	5552	c.lwsp	x10,52(x2)	  x2:0x001fff90 x10=0x00000000 PA:0x001fffc4 store:0x001004d4
          26178	     13085	00100330	55c2	c.lwsp	x11,48(x2)	  x2:0x001fff90 x11=0x00000000 PA:0x001fffc0 store:0x00000000
          26182	     13087	00100332	5632	c.lwsp	x12,44(x2)	  x2:0x001fff90 x12=0x00000009 PA:0x001fffbc store:0x00000000
          26186	     13089	00100334	56a2	c.lwsp	x13,40(x2)	  x2:0x001fff90 x13=0x00000000 PA:0x001fffb8 store:0x00000000
          26190	     13091	00100336	5712	c.lwsp	x14,36(x2)	  x2:0x001fff90 x14=0x00020000 PA:0x001fffb4 store:0x00000000
          26194	     13093	00100338	5782	c.lwsp	x15,32(x2)	  x2:0x001fff90 x15=0x00000000 PA:0x001fffb0 store:0x00000000
          26198	     13095	0010033a	4872	c.lwsp	x16,28(x2)	  x2:0x001fff90 x16=0x00000000 PA:0x001fffac store:0x00000000
          26202	     13097	0010033c	48e2	c.lwsp	x17,24(x2)	  x2:0x001fff90 x17=0x00000000 PA:0x001fffa8 store:0x00000000
          26206	     13099	0010033e	4e52	c.lwsp	x28,20(x2)	  x2:0x001fff90 x28=0x00000000 PA:0x001fffa4 store:0x001004d4
          26210	     13101	00100340	4ec2	c.lwsp	x29,16(x2)	  x2:0x001fff90 x29=0x00000000 PA:0x001fffa0 store:0x00000000
          26214	     13103	00100342	4f32	c.lwsp	x30,12(x2)	  x2:0x001fff90 x30=0x00000000 PA:0x001fff9c store:0x00000009
          26218	     13105	00100344	4fa2	c.lwsp	x31,8(x2)	  x2:0x001fff90 x31=0x00000000 PA:0x001fff98 store:0x00000000
          26220	     13106	00100346	6161	c.addi16sp	x2,80	  x2:0x001fff90  x2=0x001fffe0
          26222	     13107	00100348	30200073	mret	
          26228	     13110	0010046c	84ca	c.mv	x9,x18	  x0:0x00000000 x18:0x00000005  x9=0x00000005
          26232	     13112	0010046e	b7e1	c.j	100436	
          26234	     13113	00100436	e019	c.bnez	x8,10043c	  x8:0x00000000
          26236	     13114	00100438	0099fc63	bgeu	x19,x9,100450	 x19:0x00000004  x9:0x00000005  x0=0x00000000
          26240	     13116	0010043c	40f2	c.lwsp	x1,28(x2)	  x2:0x001fffe0  x1=0x001003c2 PA:0x001ffffc store:0x00000000
          26244	     13118	0010043e	4462	c.lwsp	x8,24(x2)	  x2:0x001fffe0  x8=0x00000000 PA:0x001ffff8 store:0x00000000
          26248	     13120	00100440	44d2	c.lwsp	x9,20(x2)	  x2:0x001fffe0  x9=0x00000000 PA:0x001ffff4 store:0x001004d4
          26252	     13122	00100442	4942	c.lwsp	x18,16(x2)	  x2:0x001fffe0 x18=0x00000000 PA:0x001ffff0 store:0x00000000
          26256	     13124	00100444	49b2	c.lwsp	x19,12(x2)	  x2:0x001fffe0 x19=0x00000000 PA:0x001fffec store:0x00000009
          26260	     13126	00100446	4a22	c.lwsp	x20,8(x2)	  x2:0x001fffe0 x20=0x00000000 PA:0x001fffe8 store:0x00000000
          26264	     13128	00100448	4a92	c.lwsp	x21,4(x2)	  x2:0x001fffe0 x21=0x00000000 PA:0x001fffe4 store:0x00000000
          26266	     13129	0010044a	4501	c.li	x10,0	 x10=0x00000000
          26268	     13130	0010044c	6105	c.addi16sp	x2,32	  x2:0x001fffe0  x2=0x00200000
          26272	     13132	0010044e	8082	c.jr	x1	  x1:0x001003c2
          26276	     13134	001003c2	000202b7	lui	x5,0x20	  x5=0x00020000
          26278	     13135	001003c6	02a1	c.addi	x5,8	  x5:0x00020000  x5=0x00020008
          26280	     13136	001003c8	4305	c.li	x6,1	  x6=0x00000001
          26284	     13138	001003ca	0062a023	sw	x6,0(x5)	  x5:0x00020008  x6:0x00000001 PA:0x00020008 store:0x00000001 load:0x00000000
