#1 0 8000025e     1141 r 02         fffffff0  c.addi   x2, -0x10
#2 0 80000260 02000593 r 0b         00000020  addi     x11, x0, 0x20
#3 0 80000264     4505 r 0a         00000001  c.li     x10, 0x1
#4 0 80000266     c606 m fffffffc   00000000  c.swsp   x1, 0xc
#5 0 80000268     2809 r 01         8000026a  c.jal    . + 0x12
#6 0 8000027a     7179 r 02         ffffffc0  c.addi16sp -0x3
#7 0 8000027c 70040697 r 0d         f004027c  auipc    x13, 0x70040
#8 0 80000280 da06ac23 m f0040034   00000000  sw       x0, -0x248(x13)
#9 0 80000284     d606 m ffffffec   8000026a  c.swsp   x1, 0x2c
#10 0 80000286 70040797 r 0f         f0040286  auipc    x15, 0x70040
#11 0 8000028a d7a78793 r 0f         f0040000  addi     x15, x15, -0x286
#12 0 8000028e 06300693 r 0d         00000063  addi     x13, x0, 0x63
#13 0 80000292     db94 m f0040030   00000063  c.sw     x13, 0x30(x15)
#14 0 80000294 70040697 r 0d         f0040294  auipc    x13, 0x70040
#15 0 80000298 d7468693 r 0d         f0040008  addi     x13, x13, -0x28c
#16 0 8000029c     c3d4 m f0040004   f0040008  c.sw     x13, 0x4(x15)
#17 0 8000029e 70040697 r 0d         f004029e  auipc    x13, 0x70040
#18 0 800002a2 d606a123 m f0040000   00000000  sw       x0, -0x29e(x13)
#19 0 800002a6 70040697 r 0d         f00402a6  auipc    x13, 0x70040
#20 0 800002aa d6a68693 r 0d         f0040010  addi     x13, x13, -0x296
#21 0 800002ae     c7d4 m f004000c   f0040010  c.sw     x13, 0xc(x15)
#22 0 800002b0     4685 r 0d         00000001  c.li     x13, 0x1
#23 0 800002b2     c794 m f0040008   00000001  c.sw     x13, 0x8(x15)
#24 0 800002b4 70040697 r 0d         f00402b4  auipc    x13, 0x70040
#25 0 800002b8 d6468693 r 0d         f0040018  addi     x13, x13, -0x29c
#26 0 800002bc     cbd4 m f0040014   f0040018  c.sw     x13, 0x14(x15)
#27 0 800002be     4689 r 0d         00000002  c.li     x13, 0x2
#28 0 800002c0     cb94 m f0040010   00000002  c.sw     x13, 0x10(x15)
#29 0 800002c2 70040697 r 0d         f00402c2  auipc    x13, 0x70040
#30 0 800002c6 d5e68693 r 0d         f0040020  addi     x13, x13, -0x2a2
#31 0 800002ca     cfd4 m f004001c   f0040020  c.sw     x13, 0x1c(x15)
#32 0 800002cc     468d r 0d         00000003  c.li     x13, 0x3
#33 0 800002ce     cf94 m f0040018   00000003  c.sw     x13, 0x18(x15)
#34 0 800002d0 70040697 r 0d         f00402d0  auipc    x13, 0x70040
#35 0 800002d4 d5868693 r 0d         f0040028  addi     x13, x13, -0x2a8
#36 0 800002d8     d3d4 m f0040024   f0040028  c.sw     x13, 0x24(x15)
#37 0 800002da     4691 r 0d         00000004  c.li     x13, 0x4
#38 0 800002dc     d394 m f0040020   00000004  c.sw     x13, 0x20(x15)
#39 0 800002de 70040697 r 0d         f00402de  auipc    x13, 0x70040
#40 0 800002e2 d5268693 r 0d         f0040030  addi     x13, x13, -0x2ae
#41 0 800002e6     471d r 0e         00000007  c.li     x14, 0x7
#42 0 800002e8 70040897 r 11         f00402e8  auipc    x17, 0x70040
#43 0 800002ec d5088893 r 11         f0040038  addi     x17, x17, -0x2b0
#44 0 800002f0     d7d4 m f004002c   f0040030  c.sw     x13, 0x2c(x15)
#45 0 800002f2     4695 r 0d         00000005  c.li     x13, 0x5
#46 0 800002f4     d794 m f0040028   00000005  c.sw     x13, 0x28(x15)
#47 0 800002f6 00e8a023 m f0040038   00000007  sw       x14, 0x0(x17)
#48 0 800002fa     c03a m ffffffc0   00000007  c.swsp   x14, 0x0
#49 0 800002fc     c202 m ffffffc4   00000000  c.swsp   x0, 0x4
#50 0 800002fe     c802 m ffffffd0   00000000  c.swsp   x0, 0x10
#51 0 80000300     ca02 m ffffffd4   00000000  c.swsp   x0, 0x14
#52 0 80000302     cc02 m ffffffd8   00000000  c.swsp   x0, 0x18
#53 0 80000304     ce02 m ffffffdc   00000000  c.swsp   x0, 0x1c
#54 0 80000306     4681 r 0d         00000000  c.li     x13, 0x0
#55 0 80000308     a011 r 00         00000000  c.j      . + 0x4
#56 0 8000030c 0047a803 r 10         f0040008  lw       x16, 0x4(x15)
#57 0 80000310     c398 m f0040000   00000007  c.sw     x14, 0x0(x15)
#58 0 80000312     c3d4 m f0040004   00000000  c.sw     x13, 0x4(x15)
#59 0 80000314     177d r 0e         00000006  c.addi   x14, -0x1
#60 0 80000316     86be r 0d         f0040000  c.mv     x13, x15
#61 0 80000318     fb6d r 00         00000000  c.bnez   x14, . - 0xe
#62 0 8000030a     87c2 r 0f         f0040008  c.mv     x15, x16
#63 0 8000030c 0047a803 r 10         f0040010  lw       x16, 0x4(x15)
#64 0 80000310     c398 m f0040008   00000006  c.sw     x14, 0x0(x15)
#65 0 80000312     c3d4 m f004000c   f0040000  c.sw     x13, 0x4(x15)
#66 0 80000314     177d r 0e         00000005  c.addi   x14, -0x1
#67 0 80000316     86be r 0d         f0040008  c.mv     x13, x15
#68 0 80000318     fb6d r 00         00000000  c.bnez   x14, . - 0xe
#69 0 8000030a     87c2 r 0f         f0040010  c.mv     x15, x16
#70 0 8000030c 0047a803 r 10         f0040018  lw       x16, 0x4(x15)
#71 0 80000310     c398 m f0040010   00000005  c.sw     x14, 0x0(x15)
#72 0 80000312     c3d4 m f0040014   f0040008  c.sw     x13, 0x4(x15)
#73 0 80000314     177d r 0e         00000004  c.addi   x14, -0x1
#74 0 80000316     86be r 0d         f0040010  c.mv     x13, x15
#75 0 80000318     fb6d r 00         00000000  c.bnez   x14, . - 0xe
#76 0 8000030a     87c2 r 0f         f0040018  c.mv     x15, x16
#77 0 8000030c 0047a803 r 10         f0040020  lw       x16, 0x4(x15)
#78 0 80000310     c398 m f0040018   00000004  c.sw     x14, 0x0(x15)
#79 0 80000312     c3d4 m f004001c   f0040010  c.sw     x13, 0x4(x15)
#80 0 80000314     177d r 0e         00000003  c.addi   x14, -0x1
#81 0 80000316     86be r 0d         f0040018  c.mv     x13, x15
#82 0 80000318     fb6d r 00         00000000  c.bnez   x14, . - 0xe
#83 0 8000030a     87c2 r 0f         f0040020  c.mv     x15, x16
#84 0 8000030c 0047a803 r 10         f0040028  lw       x16, 0x4(x15)
#85 0 80000310     c398 m f0040020   00000003  c.sw     x14, 0x0(x15)
#86 0 80000312     c3d4 m f0040024   f0040018  c.sw     x13, 0x4(x15)
#87 0 80000314     177d r 0e         00000002  c.addi   x14, -0x1
#88 0 80000316     86be r 0d         f0040020  c.mv     x13, x15
#89 0 80000318     fb6d r 00         00000000  c.bnez   x14, . - 0xe
#90 0 8000030a     87c2 r 0f         f0040028  c.mv     x15, x16
#91 0 8000030c 0047a803 r 10         f0040030  lw       x16, 0x4(x15)
#92 0 80000310     c398 m f0040028   00000002  c.sw     x14, 0x0(x15)
#93 0 80000312     c3d4 m f004002c   f0040020  c.sw     x13, 0x4(x15)
#94 0 80000314     177d r 0e         00000001  c.addi   x14, -0x1
#95 0 80000316     86be r 0d         f0040028  c.mv     x13, x15
#96 0 80000318     fb6d r 00         00000000  c.bnez   x14, . - 0xe
#97 0 8000030a     87c2 r 0f         f0040030  c.mv     x15, x16
#98 0 8000030c 0047a803 r 10         00000000  lw       x16, 0x4(x15)
#99 0 80000310     c398 m f0040030   00000001  c.sw     x14, 0x0(x15)
#100 0 80000312     c3d4 m f0040034   f0040028  c.sw     x13, 0x4(x15)
#101 0 80000314     177d r 0e         00000000  c.addi   x14, -0x1
#102 0 80000316     86be r 0d         f0040030  c.mv     x13, x15
#103 0 80000318     fb6d r 00         00000000  c.bnez   x14, . - 0xe
#104 0 8000031a     459d r 0b         00000007  c.li     x11, 0x7
#105 0 8000031c     0838 r 0e         ffffffd8  c.addi4spn  x14, 0x6
#106 0 8000031e     0814 r 0d         ffffffd0  c.addi4spn  x13, 0x4
#107 0 80000320     0030 r 0c         ffffffc8  c.addi4spn  x12, 0x2
#108 0 80000322     850a r 0a         ffffffc0  c.mv     x10, x2
#109 0 80000324     c63e m ffffffcc   f0040030  c.swsp   x15, 0xc
#110 0 80000326     479d r 0f         00000007  c.li     x15, 0x7
#111 0 80000328     c43e m ffffffc8   00000007  c.swsp   x15, 0x8
#112 0 8000032a 0108a223 m f004003c   00000000  sw       x16, 0x4(x17)
#113 0 8000032e     3551 r 01         80000330  c.jal    . - 0x17c
#114 0 800001b2     1101 r 02         ffffffa0  c.addi   x2, -0x20
#115 0 800001b4     cc22 m ffffffb8   00000000  c.swsp   x8, 0x18
#116 0 800001b6     ca26 m ffffffb4   00000000  c.swsp   x9, 0x14
#117 0 800001b8     c84a m ffffffb0   00000000  c.swsp   x18, 0x10
#118 0 800001ba     c64e m ffffffac   00000000  c.swsp   x19, 0xc
#119 0 800001bc     c452 m ffffffa8   00000000  c.swsp   x20, 0x8
#120 0 800001be     ce06 m ffffffbc   80000330  c.swsp   x1, 0x1c
#121 0 800001c0     4785 r 0f         00000001  c.li     x15, 0x1
#122 0 800001c2     8a2a r 14         ffffffc0  c.mv     x20, x10
#123 0 800001c4     8932 r 12         ffffffc8  c.mv     x18, x12
#124 0 800001c6     89ba r 13         ffffffd8  c.mv     x19, x14
#125 0 800001c8     84ae r 09         00000007  c.mv     x9, x11
#126 0 800001ca     8436 r 08         ffffffd0  c.mv     x8, x13
#127 0 800001cc 02f58663 r 00         00000000  beq      x11, x15, . + 0x2c
#128 0 800001d0     14fd r 09         00000006  c.addi   x9, -0x1
#129 0 800001d2     85a6 r 0b         00000006  c.mv     x11, x9
#130 0 800001d4     8552 r 0a         ffffffc0  c.mv     x10, x20
#131 0 800001d6     8722 r 0e         ffffffd0  c.mv     x14, x8
#132 0 800001d8     86ce r 0d         ffffffd8  c.mv     x13, x19
#133 0 800001da     864a r 0c         ffffffc8  c.mv     x12, x18
#134 0 800001dc     3fd9 r 01         800001de  c.jal    . - 0x2a
#135 0 800001b2     1101 r 02         ffffff80  c.addi   x2, -0x20
#136 0 800001b4     cc22 m ffffff98   ffffffd0  c.swsp   x8, 0x18
#137 0 800001b6     ca26 m ffffff94   00000006  c.swsp   x9, 0x14
#138 0 800001b8     c84a m ffffff90   ffffffc8  c.swsp   x18, 0x10
#139 0 800001ba     c64e m ffffff8c   ffffffd8  c.swsp   x19, 0xc
#140 0 800001bc     c452 m ffffff88   ffffffc0  c.swsp   x20, 0x8
#141 0 800001be     ce06 m ffffff9c   800001de  c.swsp   x1, 0x1c
#142 0 800001c0     4785 r 0f         00000001  c.li     x15, 0x1
#143 0 800001c2     8a2a r 14         ffffffc0  c.mv     x20, x10
#144 0 800001c4     8932 r 12         ffffffc8  c.mv     x18, x12
#145 0 800001c6     89ba r 13         ffffffd0  c.mv     x19, x14
#146 0 800001c8     84ae r 09         00000006  c.mv     x9, x11
#147 0 800001ca     8436 r 08         ffffffd8  c.mv     x8, x13
#148 0 800001cc 02f58663 r 00         00000000  beq      x11, x15, . + 0x2c
#149 0 800001d0     14fd r 09         00000005  c.addi   x9, -0x1
#150 0 800001d2     85a6 r 0b         00000005  c.mv     x11, x9
#151 0 800001d4     8552 r 0a         ffffffc0  c.mv     x10, x20
#152 0 800001d6     8722 r 0e         ffffffd8  c.mv     x14, x8
#153 0 800001d8     86ce r 0d         ffffffd0  c.mv     x13, x19
#154 0 800001da     864a r 0c         ffffffc8  c.mv     x12, x18
#155 0 800001dc     3fd9 r 01         800001de  c.jal    . - 0x2a
#156 0 800001b2     1101 r 02         ffffff60  c.addi   x2, -0x20
#157 0 800001b4     cc22 m ffffff78   ffffffd8  c.swsp   x8, 0x18
#158 0 800001b6     ca26 m ffffff74   00000005  c.swsp   x9, 0x14
#159 0 800001b8     c84a m ffffff70   ffffffc8  c.swsp   x18, 0x10
#160 0 800001ba     c64e m ffffff6c   ffffffd0  c.swsp   x19, 0xc
#161 0 800001bc     c452 m ffffff68   ffffffc0  c.swsp   x20, 0x8
#162 0 800001be     ce06 m ffffff7c   800001de  c.swsp   x1, 0x1c
#163 0 800001c0     4785 r 0f         00000001  c.li     x15, 0x1
#164 0 800001c2     8a2a r 14         ffffffc0  c.mv     x20, x10
#165 0 800001c4     8932 r 12         ffffffc8  c.mv     x18, x12
#166 0 800001c6     89ba r 13         ffffffd8  c.mv     x19, x14
#167 0 800001c8     84ae r 09         00000005  c.mv     x9, x11
#168 0 800001ca     8436 r 08         ffffffd0  c.mv     x8, x13
#169 0 800001cc 02f58663 r 00         00000000  beq      x11, x15, . + 0x2c
#170 0 800001d0     14fd r 09         00000004  c.addi   x9, -0x1
#171 0 800001d2     85a6 r 0b         00000004  c.mv     x11, x9
#172 0 800001d4     8552 r 0a         ffffffc0  c.mv     x10, x20
#173 0 800001d6     8722 r 0e         ffffffd0  c.mv     x14, x8
#174 0 800001d8     86ce r 0d         ffffffd8  c.mv     x13, x19
#175 0 800001da     864a r 0c         ffffffc8  c.mv     x12, x18
#176 0 800001dc     3fd9 r 01         800001de  c.jal    . - 0x2a
#177 0 800001b2     1101 r 02         ffffff40  c.addi   x2, -0x20
#178 0 800001b4     cc22 m ffffff58   ffffffd0  c.swsp   x8, 0x18
#179 0 800001b6     ca26 m ffffff54   00000004  c.swsp   x9, 0x14
#180 0 800001b8     c84a m ffffff50   ffffffc8  c.swsp   x18, 0x10
#181 0 800001ba     c64e m ffffff4c   ffffffd8  c.swsp   x19, 0xc
#182 0 800001bc     c452 m ffffff48   ffffffc0  c.swsp   x20, 0x8
#183 0 800001be     ce06 m ffffff5c   800001de  c.swsp   x1, 0x1c
#184 0 800001c0     4785 r 0f         00000001  c.li     x15, 0x1
#185 0 800001c2     8a2a r 14         ffffffc0  c.mv     x20, x10
#186 0 800001c4     8932 r 12         ffffffc8  c.mv     x18, x12
#187 0 800001c6     89ba r 13         ffffffd0  c.mv     x19, x14
#188 0 800001c8     84ae r 09         00000004  c.mv     x9, x11
#189 0 800001ca     8436 r 08         ffffffd8  c.mv     x8, x13
#190 0 800001cc 02f58663 r 00         00000000  beq      x11, x15, . + 0x2c
#191 0 800001d0     14fd r 09         00000003  c.addi   x9, -0x1
#192 0 800001d2     85a6 r 0b         00000003  c.mv     x11, x9
#193 0 800001d4     8552 r 0a         ffffffc0  c.mv     x10, x20
#194 0 800001d6     8722 r 0e         ffffffd8  c.mv     x14, x8
#195 0 800001d8     86ce r 0d         ffffffd0  c.mv     x13, x19
#196 0 800001da     864a r 0c         ffffffc8  c.mv     x12, x18
#197 0 800001dc     3fd9 r 01         800001de  c.jal    . - 0x2a
#198 0 800001b2     1101 r 02         ffffff20  c.addi   x2, -0x20
#199 0 800001b4     cc22 m ffffff38   ffffffd8  c.swsp   x8, 0x18
#200 0 800001b6     ca26 m ffffff34   00000003  c.swsp   x9, 0x14
#201 0 800001b8     c84a m ffffff30   ffffffc8  c.swsp   x18, 0x10
#202 0 800001ba     c64e m ffffff2c   ffffffd0  c.swsp   x19, 0xc
#203 0 800001bc     c452 m ffffff28   ffffffc0  c.swsp   x20, 0x8
#204 0 800001be     ce06 m ffffff3c   800001de  c.swsp   x1, 0x1c
#205 0 800001c0     4785 r 0f         00000001  c.li     x15, 0x1
#206 0 800001c2     8a2a r 14         ffffffc0  c.mv     x20, x10
#207 0 800001c4     8932 r 12         ffffffc8  c.mv     x18, x12
#208 0 800001c6     89ba r 13         ffffffd8  c.mv     x19, x14
#209 0 800001c8     84ae r 09         00000003  c.mv     x9, x11
#210 0 800001ca     8436 r 08         ffffffd0  c.mv     x8, x13
#211 0 800001cc 02f58663 r 00         00000000  beq      x11, x15, . + 0x2c
#212 0 800001d0     14fd r 09         00000002  c.addi   x9, -0x1
#213 0 800001d2     85a6 r 0b         00000002  c.mv     x11, x9
#214 0 800001d4     8552 r 0a         ffffffc0  c.mv     x10, x20
#215 0 800001d6     8722 r 0e         ffffffd0  c.mv     x14, x8
#216 0 800001d8     86ce r 0d         ffffffd8  c.mv     x13, x19
#217 0 800001da     864a r 0c         ffffffc8  c.mv     x12, x18
#218 0 800001dc     3fd9 r 01         800001de  c.jal    . - 0x2a
#219 0 800001b2     1101 r 02         ffffff00  c.addi   x2, -0x20
#220 0 800001b4     cc22 m ffffff18   ffffffd0  c.swsp   x8, 0x18
#221 0 800001b6     ca26 m ffffff14   00000002  c.swsp   x9, 0x14
#222 0 800001b8     c84a m ffffff10   ffffffc8  c.swsp   x18, 0x10
#223 0 800001ba     c64e m ffffff0c   ffffffd8  c.swsp   x19, 0xc
#224 0 800001bc     c452 m ffffff08   ffffffc0  c.swsp   x20, 0x8
#225 0 800001be     ce06 m ffffff1c   800001de  c.swsp   x1, 0x1c
#226 0 800001c0     4785 r 0f         00000001  c.li     x15, 0x1
#227 0 800001c2     8a2a r 14         ffffffc0  c.mv     x20, x10
#228 0 800001c4     8932 r 12         ffffffc8  c.mv     x18, x12
#229 0 800001c6     89ba r 13         ffffffd0  c.mv     x19, x14
#230 0 800001c8     84ae r 09         00000002  c.mv     x9, x11
#231 0 800001ca     8436 r 08         ffffffd8  c.mv     x8, x13
#232 0 800001cc 02f58663 r 00         00000000  beq      x11, x15, . + 0x2c
#233 0 800001d0     14fd r 09         00000001  c.addi   x9, -0x1
#234 0 800001d2     85a6 r 0b         00000001  c.mv     x11, x9
#235 0 800001d4     8552 r 0a         ffffffc0  c.mv     x10, x20
#236 0 800001d6     8722 r 0e         ffffffd8  c.mv     x14, x8
#237 0 800001d8     86ce r 0d         ffffffd0  c.mv     x13, x19
#238 0 800001da     864a r 0c         ffffffc8  c.mv     x12, x18
#239 0 800001dc     3fd9 r 01         800001de  c.jal    . - 0x2a
#240 0 800001b2     1101 r 02         fffffee0  c.addi   x2, -0x20
#241 0 800001b4     cc22 m fffffef8   ffffffd8  c.swsp   x8, 0x18
#242 0 800001b6     ca26 m fffffef4   00000001  c.swsp   x9, 0x14
#243 0 800001b8     c84a m fffffef0   ffffffc8  c.swsp   x18, 0x10
#244 0 800001ba     c64e m fffffeec   ffffffd0  c.swsp   x19, 0xc
#245 0 800001bc     c452 m fffffee8   ffffffc0  c.swsp   x20, 0x8
#246 0 800001be     ce06 m fffffefc   800001de  c.swsp   x1, 0x1c
#247 0 800001c0     4785 r 0f         00000001  c.li     x15, 0x1
#248 0 800001c2     8a2a r 14         ffffffc0  c.mv     x20, x10
#249 0 800001c4     8932 r 12         ffffffc8  c.mv     x18, x12
#250 0 800001c6     89ba r 13         ffffffd8  c.mv     x19, x14
#251 0 800001c8     84ae r 09         00000001  c.mv     x9, x11
#252 0 800001ca     8436 r 08         ffffffd0  c.mv     x8, x13
#253 0 800001cc 02f58663 r 00         00000000  beq      x11, x15, . + 0x2c
#254 0 800001f8     8432 r 08         ffffffc8  c.mv     x8, x12
#255 0 800001fa     405c r 0f         f0040030  c.lw     x15, 0x4(x8)
#256 0 800001fc     4014 r 0d         00000007  c.lw     x13, 0x0(x8)
#257 0 800001fe 004a2703 r 0e         00000000  lw       x14, 0x4(x20)
#258 0 80000202     43cc r 0b         f0040028  c.lw     x11, 0x4(x15)
#259 0 80000204     4390 r 0c         00000001  c.lw     x12, 0x0(x15)
#260 0 80000206     16fd r 0d         00000006  c.addi   x13, -0x1
#261 0 80000208     c04c m ffffffcc   f0040028  c.sw     x11, 0x4(x8)
#262 0 8000020a 0049a583 r 0b         00000000  lw       x11, 0x4(x19)
#263 0 8000020e     c014 m ffffffc8   00000006  c.sw     x13, 0x0(x8)
#264 0 80000210 0009a683 r 0d         00000000  lw       x13, 0x0(x19)
#265 0 80000214     c3cc m f0040034   00000000  c.sw     x11, 0x4(x15)
#266 0 80000216 00f9a223 m ffffffdc   f0040030  sw       x15, 0x4(x19)
#267 0 8000021a     c390 m f0040030   00000001  c.sw     x12, 0x0(x15)
#268 0 8000021c     40f2 r 01         800001de  c.lwsp   x1, 0x1c
#269 0 8000021e     4462 r 08         ffffffd8  c.lwsp   x8, 0x18
#270 0 80000220 00168793 r 0f         00000001  addi     x15, x13, 0x1
#271 0 80000224 00f9a023 m ffffffd8   00000001  sw       x15, 0x0(x19)
#272 0 80000228 00170793 r 0f         00000001  addi     x15, x14, 0x1
#273 0 8000022c 00fa2223 m ffffffc4   00000001  sw       x15, 0x4(x20)
#274 0 80000230     44d2 r 09         00000001  c.lwsp   x9, 0x14
#275 0 80000232     4942 r 12         ffffffc8  c.lwsp   x18, 0x10
#276 0 80000234     49b2 r 13         ffffffd0  c.lwsp   x19, 0xc
#277 0 80000236     4a22 r 14         ffffffc0  c.lwsp   x20, 0x8
#278 0 80000238     6105 r 02         ffffff00  c.addi16sp 0x2
#279 0 8000023a     8082 r 00         00000000  c.jr     x1
#280 0 800001de     874e r 0e         ffffffd0  c.mv     x14, x19
#281 0 800001e0     86a2 r 0d         ffffffd8  c.mv     x13, x8
#282 0 800001e2     864a r 0c         ffffffc8  c.mv     x12, x18
#283 0 800001e4     4585 r 0b         00000001  c.li     x11, 0x1
#284 0 800001e6     8552 r 0a         ffffffc0  c.mv     x10, x20
#285 0 800001e8     37e9 r 01         800001ea  c.jal    . - 0x36
#286 0 800001b2     1101 r 02         fffffee0  c.addi   x2, -0x20
#287 0 800001b4     cc22 m fffffef8   ffffffd8  c.swsp   x8, 0x18
#288 0 800001b6     ca26 m fffffef4   00000001  c.swsp   x9, 0x14
#289 0 800001b8     c84a m fffffef0   ffffffc8  c.swsp   x18, 0x10
#290 0 800001ba     c64e m fffffeec   ffffffd0  c.swsp   x19, 0xc
#291 0 800001bc     c452 m fffffee8   ffffffc0  c.swsp   x20, 0x8
#292 0 800001be     ce06 m fffffefc   800001ea  c.swsp   x1, 0x1c
#293 0 800001c0     4785 r 0f         00000001  c.li     x15, 0x1
#294 0 800001c2     8a2a r 14         ffffffc0  c.mv     x20, x10
#295 0 800001c4     8932 r 12         ffffffc8  c.mv     x18, x12
#296 0 800001c6     89ba r 13         ffffffd0  c.mv     x19, x14
#297 0 800001c8     84ae r 09         00000001  c.mv     x9, x11
#298 0 800001ca     8436 r 08         ffffffd8  c.mv     x8, x13
#299 0 800001cc 02f58663 r 00         00000000  beq      x11, x15, . + 0x2c
#300 0 800001f8     8432 r 08         ffffffc8  c.mv     x8, x12
#301 0 800001fa     405c r 0f         f0040028  c.lw     x15, 0x4(x8)
#302 0 800001fc     4014 r 0d         00000006  c.lw     x13, 0x0(x8)
#303 0 800001fe 004a2703 r 0e         00000001  lw       x14, 0x4(x20)
#304 0 80000202     43cc r 0b         f0040020  c.lw     x11, 0x4(x15)
#305 0 80000204     4390 r 0c         00000002  c.lw     x12, 0x0(x15)
#306 0 80000206     16fd r 0d         00000005  c.addi   x13, -0x1
#307 0 80000208     c04c m ffffffcc   f0040020  c.sw     x11, 0x4(x8)
#308 0 8000020a 0049a583 r 0b         00000000  lw       x11, 0x4(x19)
#309 0 8000020e     c014 m ffffffc8   00000005  c.sw     x13, 0x0(x8)
#310 0 80000210 0009a683 r 0d         00000000  lw       x13, 0x0(x19)
#311 0 80000214     c3cc m f004002c   00000000  c.sw     x11, 0x4(x15)
#312 0 80000216 00f9a223 m ffffffd4   f0040028  sw       x15, 0x4(x19)
#313 0 8000021a     c390 m f0040028   00000002  c.sw     x12, 0x0(x15)
#314 0 8000021c     40f2 r 01         800001ea  c.lwsp   x1, 0x1c
#315 0 8000021e     4462 r 08         ffffffd8  c.lwsp   x8, 0x18
#316 0 80000220 00168793 r 0f         00000001  addi     x15, x13, 0x1
#317 0 80000224 00f9a023 m ffffffd0   00000001  sw       x15, 0x0(x19)
#318 0 80000228 00170793 r 0f         00000002  addi     x15, x14, 0x1
#319 0 8000022c 00fa2223 m ffffffc4   00000002  sw       x15, 0x4(x20)
#320 0 80000230     44d2 r 09         00000001  c.lwsp   x9, 0x14
#321 0 80000232     4942 r 12         ffffffc8  c.lwsp   x18, 0x10
#322 0 80000234     49b2 r 13         ffffffd0  c.lwsp   x19, 0xc
#323 0 80000236     4a22 r 14         ffffffc0  c.lwsp   x20, 0x8
#324 0 80000238     6105 r 02         ffffff00  c.addi16sp 0x2
#325 0 8000023a     8082 r 00         00000000  c.jr     x1
#326 0 800001ea     4785 r 0f         00000001  c.li     x15, 0x1
#327 0 800001ec     874a r 0e         ffffffc8  c.mv     x14, x18
#328 0 800001ee 00f48663 r 00         00000000  beq      x9, x15, . + 0xc
#329 0 800001fa     405c r 0f         f0040030  c.lw     x15, 0x4(x8)
#330 0 800001fc     4014 r 0d         00000001  c.lw     x13, 0x0(x8)
#331 0 800001fe 004a2703 r 0e         00000002  lw       x14, 0x4(x20)
#332 0 80000202     43cc r 0b         00000000  c.lw     x11, 0x4(x15)
#333 0 80000204     4390 r 0c         00000001  c.lw     x12, 0x0(x15)
#334 0 80000206     16fd r 0d         00000000  c.addi   x13, -0x1
#335 0 80000208     c04c m ffffffdc   00000000  c.sw     x11, 0x4(x8)
#336 0 8000020a 0049a583 r 0b         f0040028  lw       x11, 0x4(x19)
#337 0 8000020e     c014 m ffffffd8   00000000  c.sw     x13, 0x0(x8)
#338 0 80000210 0009a683 r 0d         00000001  lw       x13, 0x0(x19)
#339 0 80000214     c3cc m f0040034   f0040028  c.sw     x11, 0x4(x15)
#340 0 80000216 00f9a223 m ffffffd4   f0040030  sw       x15, 0x4(x19)
#341 0 8000021a     c390 m f0040030   00000001  c.sw     x12, 0x0(x15)
#342 0 8000021c     40f2 r 01         800001de  c.lwsp   x1, 0x1c
#343 0 8000021e     4462 r 08         ffffffd0  c.lwsp   x8, 0x18
#344 0 80000220 00168793 r 0f         00000002  addi     x15, x13, 0x1
#345 0 80000224 00f9a023 m ffffffd0   00000002  sw       x15, 0x0(x19)
#346 0 80000228 00170793 r 0f         00000003  addi     x15, x14, 0x1
#347 0 8000022c 00fa2223 m ffffffc4   00000003  sw       x15, 0x4(x20)
#348 0 80000230     44d2 r 09         00000002  c.lwsp   x9, 0x14
#349 0 80000232     4942 r 12         ffffffc8  c.lwsp   x18, 0x10
#350 0 80000234     49b2 r 13         ffffffd8  c.lwsp   x19, 0xc
#351 0 80000236     4a22 r 14         ffffffc0  c.lwsp   x20, 0x8
#352 0 80000238     6105 r 02         ffffff20  c.addi16sp 0x2
#353 0 8000023a     8082 r 00         00000000  c.jr     x1
#354 0 800001de     874e r 0e         ffffffd8  c.mv     x14, x19
#355 0 800001e0     86a2 r 0d         ffffffd0  c.mv     x13, x8
#356 0 800001e2     864a r 0c         ffffffc8  c.mv     x12, x18
#357 0 800001e4     4585 r 0b         00000001  c.li     x11, 0x1
#358 0 800001e6     8552 r 0a         ffffffc0  c.mv     x10, x20
#359 0 800001e8     37e9 r 01         800001ea  c.jal    . - 0x36
#360 0 800001b2     1101 r 02         ffffff00  c.addi   x2, -0x20
#361 0 800001b4     cc22 m ffffff18   ffffffd0  c.swsp   x8, 0x18
#362 0 800001b6     ca26 m ffffff14   00000002  c.swsp   x9, 0x14
#363 0 800001b8     c84a m ffffff10   ffffffc8  c.swsp   x18, 0x10
#364 0 800001ba     c64e m ffffff0c   ffffffd8  c.swsp   x19, 0xc
#365 0 800001bc     c452 m ffffff08   ffffffc0  c.swsp   x20, 0x8
#366 0 800001be     ce06 m ffffff1c   800001ea  c.swsp   x1, 0x1c
#367 0 800001c0     4785 r 0f         00000001  c.li     x15, 0x1
#368 0 800001c2     8a2a r 14         ffffffc0  c.mv     x20, x10
#369 0 800001c4     8932 r 12         ffffffc8  c.mv     x18, x12
#370 0 800001c6     89ba r 13         ffffffd8  c.mv     x19, x14
#371 0 800001c8     84ae r 09         00000001  c.mv     x9, x11
#372 0 800001ca     8436 r 08         ffffffd0  c.mv     x8, x13
#373 0 800001cc 02f58663 r 00         00000000  beq      x11, x15, . + 0x2c
#374 0 800001f8     8432 r 08         ffffffc8  c.mv     x8, x12
#375 0 800001fa     405c r 0f         f0040020  c.lw     x15, 0x4(x8)
#376 0 800001fc     4014 r 0d         00000005  c.lw     x13, 0x0(x8)
#377 0 800001fe 004a2703 r 0e         00000003  lw       x14, 0x4(x20)
#378 0 80000202     43cc r 0b         f0040018  c.lw     x11, 0x4(x15)
#379 0 80000204     4390 r 0c         00000003  c.lw     x12, 0x0(x15)
#380 0 80000206     16fd r 0d         00000004  c.addi   x13, -0x1
#381 0 80000208     c04c m ffffffcc   f0040018  c.sw     x11, 0x4(x8)
#382 0 8000020a 0049a583 r 0b         00000000  lw       x11, 0x4(x19)
#383 0 8000020e     c014 m ffffffc8   00000004  c.sw     x13, 0x0(x8)
#384 0 80000210 0009a683 r 0d         00000000  lw       x13, 0x0(x19)
#385 0 80000214     c3cc m f0040024   00000000  c.sw     x11, 0x4(x15)
#386 0 80000216 00f9a223 m ffffffdc   f0040020  sw       x15, 0x4(x19)
#387 0 8000021a     c390 m f0040020   00000003  c.sw     x12, 0x0(x15)
#388 0 8000021c     40f2 r 01         800001ea  c.lwsp   x1, 0x1c
#389 0 8000021e     4462 r 08         ffffffd0  c.lwsp   x8, 0x18
#390 0 80000220 00168793 r 0f         00000001  addi     x15, x13, 0x1
#391 0 80000224 00f9a023 m ffffffd8   00000001  sw       x15, 0x0(x19)
#392 0 80000228 00170793 r 0f         00000004  addi     x15, x14, 0x1
#393 0 8000022c 00fa2223 m ffffffc4   00000004  sw       x15, 0x4(x20)
#394 0 80000230     44d2 r 09         00000002  c.lwsp   x9, 0x14
#395 0 80000232     4942 r 12         ffffffc8  c.lwsp   x18, 0x10
#396 0 80000234     49b2 r 13         ffffffd8  c.lwsp   x19, 0xc
#397 0 80000236     4a22 r 14         ffffffc0  c.lwsp   x20, 0x8
#398 0 80000238     6105 r 02         ffffff20  c.addi16sp 0x2
#399 0 8000023a     8082 r 00         00000000  c.jr     x1
#400 0 800001ea     4785 r 0f         00000001  c.li     x15, 0x1
#401 0 800001ec     874a r 0e         ffffffc8  c.mv     x14, x18
#402 0 800001ee 00f48663 r 00         00000000  beq      x9, x15, . + 0xc
#403 0 800001f2     8922 r 12         ffffffd0  c.mv     x18, x8
#404 0 800001f4     843a r 08         ffffffc8  c.mv     x8, x14
#405 0 800001f6     bfe9 r 00         00000000  c.j      . - 0x26
#406 0 800001d0     14fd r 09         00000001  c.addi   x9, -0x1
#407 0 800001d2     85a6 r 0b         00000001  c.mv     x11, x9
#408 0 800001d4     8552 r 0a         ffffffc0  c.mv     x10, x20
#409 0 800001d6     8722 r 0e         ffffffc8  c.mv     x14, x8
#410 0 800001d8     86ce r 0d         ffffffd8  c.mv     x13, x19
#411 0 800001da     864a r 0c         ffffffd0  c.mv     x12, x18
#412 0 800001dc     3fd9 r 01         800001de  c.jal    . - 0x2a
#413 0 800001b2     1101 r 02         ffffff00  c.addi   x2, -0x20
#414 0 800001b4     cc22 m ffffff18   ffffffc8  c.swsp   x8, 0x18
#415 0 800001b6     ca26 m ffffff14   00000001  c.swsp   x9, 0x14
#416 0 800001b8     c84a m ffffff10   ffffffd0  c.swsp   x18, 0x10
#417 0 800001ba     c64e m ffffff0c   ffffffd8  c.swsp   x19, 0xc
#418 0 800001bc     c452 m ffffff08   ffffffc0  c.swsp   x20, 0x8
#419 0 800001be     ce06 m ffffff1c   800001de  c.swsp   x1, 0x1c
#420 0 800001c0     4785 r 0f         00000001  c.li     x15, 0x1
#421 0 800001c2     8a2a r 14         ffffffc0  c.mv     x20, x10
#422 0 800001c4     8932 r 12         ffffffd0  c.mv     x18, x12
#423 0 800001c6     89ba r 13         ffffffc8  c.mv     x19, x14
#424 0 800001c8     84ae r 09         00000001  c.mv     x9, x11
#425 0 800001ca     8436 r 08         ffffffd8  c.mv     x8, x13
#426 0 800001cc 02f58663 r 00         00000000  beq      x11, x15, . + 0x2c
#427 0 800001f8     8432 r 08         ffffffd0  c.mv     x8, x12
#428 0 800001fa     405c r 0f         f0040030  c.lw     x15, 0x4(x8)
#429 0 800001fc     4014 r 0d         00000002  c.lw     x13, 0x0(x8)
#430 0 800001fe 004a2703 r 0e         00000004  lw       x14, 0x4(x20)
#431 0 80000202     43cc r 0b         f0040028  c.lw     x11, 0x4(x15)
#432 0 80000204     4390 r 0c         00000001  c.lw     x12, 0x0(x15)
#433 0 80000206     16fd r 0d         00000001  c.addi   x13, -0x1
#434 0 80000208     c04c m ffffffd4   f0040028  c.sw     x11, 0x4(x8)
#435 0 8000020a 0049a583 r 0b         f0040018  lw       x11, 0x4(x19)
#436 0 8000020e     c014 m ffffffd0   00000001  c.sw     x13, 0x0(x8)
#437 0 80000210 0009a683 r 0d         00000004  lw       x13, 0x0(x19)
#438 0 80000214     c3cc m f0040034   f0040018  c.sw     x11, 0x4(x15)
#439 0 80000216 00f9a223 m ffffffcc   f0040030  sw       x15, 0x4(x19)
#440 0 8000021a     c390 m f0040030   00000001  c.sw     x12, 0x0(x15)
#441 0 8000021c     40f2 r 01         800001de  c.lwsp   x1, 0x1c
#442 0 8000021e     4462 r 08         ffffffc8  c.lwsp   x8, 0x18
#443 0 80000220 00168793 r 0f         00000005  addi     x15, x13, 0x1
#444 0 80000224 00f9a023 m ffffffc8   00000005  sw       x15, 0x0(x19)
#445 0 80000228 00170793 r 0f         00000005  addi     x15, x14, 0x1
#446 0 8000022c 00fa2223 m ffffffc4   00000005  sw       x15, 0x4(x20)
#447 0 80000230     44d2 r 09         00000001  c.lwsp   x9, 0x14
#448 0 80000232     4942 r 12         ffffffd0  c.lwsp   x18, 0x10
#449 0 80000234     49b2 r 13         ffffffd8  c.lwsp   x19, 0xc
#450 0 80000236     4a22 r 14         ffffffc0  c.lwsp   x20, 0x8
#451 0 80000238     6105 r 02         ffffff20  c.addi16sp 0x2
#452 0 8000023a     8082 r 00         00000000  c.jr     x1
#453 0 800001de     874e r 0e         ffffffd8  c.mv     x14, x19
#454 0 800001e0     86a2 r 0d         ffffffc8  c.mv     x13, x8
#455 0 800001e2     864a r 0c         ffffffd0  c.mv     x12, x18
#456 0 800001e4     4585 r 0b         00000001  c.li     x11, 0x1
#457 0 800001e6     8552 r 0a         ffffffc0  c.mv     x10, x20
#458 0 800001e8     37e9 r 01         800001ea  c.jal    . - 0x36
#459 0 800001b2     1101 r 02         ffffff00  c.addi   x2, -0x20
#460 0 800001b4     cc22 m ffffff18   ffffffc8  c.swsp   x8, 0x18
#461 0 800001b6     ca26 m ffffff14   00000001  c.swsp   x9, 0x14
#462 0 800001b8     c84a m ffffff10   ffffffd0  c.swsp   x18, 0x10
#463 0 800001ba     c64e m ffffff0c   ffffffd8  c.swsp   x19, 0xc
#464 0 800001bc     c452 m ffffff08   ffffffc0  c.swsp   x20, 0x8
#465 0 800001be     ce06 m ffffff1c   800001ea  c.swsp   x1, 0x1c
#466 0 800001c0     4785 r 0f         00000001  c.li     x15, 0x1
#467 0 800001c2     8a2a r 14         ffffffc0  c.mv     x20, x10
#468 0 800001c4     8932 r 12         ffffffd0  c.mv     x18, x12
#469 0 800001c6     89ba r 13         ffffffd8  c.mv     x19, x14
#470 0 800001c8     84ae r 09         00000001  c.mv     x9, x11
#471 0 800001ca     8436 r 08         ffffffc8  c.mv     x8, x13
#472 0 800001cc 02f58663 r 00         00000000  beq      x11, x15, . + 0x2c
#473 0 800001f8     8432 r 08         ffffffd0  c.mv     x8, x12
#474 0 800001fa     405c r 0f         f0040028  c.lw     x15, 0x4(x8)
#475 0 800001fc     4014 r 0d         00000001  c.lw     x13, 0x0(x8)
#476 0 800001fe 004a2703 r 0e         00000005  lw       x14, 0x4(x20)
#477 0 80000202     43cc r 0b         00000000  c.lw     x11, 0x4(x15)
#478 0 80000204     4390 r 0c         00000002  c.lw     x12, 0x0(x15)
#479 0 80000206     16fd r 0d         00000000  c.addi   x13, -0x1
#480 0 80000208     c04c m ffffffd4   00000000  c.sw     x11, 0x4(x8)
#481 0 8000020a 0049a583 r 0b         f0040020  lw       x11, 0x4(x19)
#482 0 8000020e     c014 m ffffffd0   00000000  c.sw     x13, 0x0(x8)
#483 0 80000210 0009a683 r 0d         00000001  lw       x13, 0x0(x19)
#484 0 80000214     c3cc m f004002c   f0040020  c.sw     x11, 0x4(x15)
#485 0 80000216 00f9a223 m ffffffdc   f0040028  sw       x15, 0x4(x19)
#486 0 8000021a     c390 m f0040028   00000002  c.sw     x12, 0x0(x15)
#487 0 8000021c     40f2 r 01         800001ea  c.lwsp   x1, 0x1c
#488 0 8000021e     4462 r 08         ffffffc8  c.lwsp   x8, 0x18
#489 0 80000220 00168793 r 0f         00000002  addi     x15, x13, 0x1
#490 0 80000224 00f9a023 m ffffffd8   00000002  sw       x15, 0x0(x19)
#491 0 80000228 00170793 r 0f         00000006  addi     x15, x14, 0x1
#492 0 8000022c 00fa2223 m ffffffc4   00000006  sw       x15, 0x4(x20)
#493 0 80000230     44d2 r 09         00000001  c.lwsp   x9, 0x14
#494 0 80000232     4942 r 12         ffffffd0  c.lwsp   x18, 0x10
#495 0 80000234     49b2 r 13         ffffffd8  c.lwsp   x19, 0xc
#496 0 80000236     4a22 r 14         ffffffc0  c.lwsp   x20, 0x8
#497 0 80000238     6105 r 02         ffffff20  c.addi16sp 0x2
#498 0 8000023a     8082 r 00         00000000  c.jr     x1
#499 0 800001ea     4785 r 0f         00000001  c.li     x15, 0x1
#500 0 800001ec     874a r 0e         ffffffd0  c.mv     x14, x18
#501 0 800001ee 00f48663 r 00         00000000  beq      x9, x15, . + 0xc
#502 0 800001fa     405c r 0f         f0040030  c.lw     x15, 0x4(x8)
#503 0 800001fc     4014 r 0d         00000005  c.lw     x13, 0x0(x8)
#504 0 800001fe 004a2703 r 0e         00000006  lw       x14, 0x4(x20)
#505 0 80000202     43cc r 0b         f0040018  c.lw     x11, 0x4(x15)
#506 0 80000204     4390 r 0c         00000001  c.lw     x12, 0x0(x15)
#507 0 80000206     16fd r 0d         00000004  c.addi   x13, -0x1
#508 0 80000208     c04c m ffffffcc   f0040018  c.sw     x11, 0x4(x8)
#509 0 8000020a 0049a583 r 0b         f0040028  lw       x11, 0x4(x19)
#510 0 8000020e     c014 m ffffffc8   00000004  c.sw     x13, 0x0(x8)
#511 0 80000210 0009a683 r 0d         00000002  lw       x13, 0x0(x19)
#512 0 80000214     c3cc m f0040034   f0040028  c.sw     x11, 0x4(x15)
#513 0 80000216 00f9a223 m ffffffdc   f0040030  sw       x15, 0x4(x19)
#514 0 8000021a     c390 m f0040030   00000001  c.sw     x12, 0x0(x15)
#515 0 8000021c     40f2 r 01         800001de  c.lwsp   x1, 0x1c
#516 0 8000021e     4462 r 08         ffffffd8  c.lwsp   x8, 0x18
#517 0 80000220 00168793 r 0f         00000003  addi     x15, x13, 0x1
#518 0 80000224 00f9a023 m ffffffd8   00000003  sw       x15, 0x0(x19)
#519 0 80000228 00170793 r 0f         00000007  addi     x15, x14, 0x1
#520 0 8000022c 00fa2223 m ffffffc4   00000007  sw       x15, 0x4(x20)
#521 0 80000230     44d2 r 09         00000003  c.lwsp   x9, 0x14
#522 0 80000232     4942 r 12         ffffffc8  c.lwsp   x18, 0x10
#523 0 80000234     49b2 r 13         ffffffd0  c.lwsp   x19, 0xc
#524 0 80000236     4a22 r 14         ffffffc0  c.lwsp   x20, 0x8
#525 0 80000238     6105 r 02         ffffff40  c.addi16sp 0x2
#526 0 8000023a     8082 r 00         00000000  c.jr     x1
#527 0 800001de     874e r 0e         ffffffd0  c.mv     x14, x19
#528 0 800001e0     86a2 r 0d         ffffffd8  c.mv     x13, x8
#529 0 800001e2     864a r 0c         ffffffc8  c.mv     x12, x18
#530 0 800001e4     4585 r 0b         00000001  c.li     x11, 0x1
#531 0 800001e6     8552 r 0a         ffffffc0  c.mv     x10, x20
#532 0 800001e8     37e9 r 01         800001ea  c.jal    . - 0x36
#533 0 800001b2     1101 r 02         ffffff20  c.addi   x2, -0x20
#534 0 800001b4     cc22 m ffffff38   ffffffd8  c.swsp   x8, 0x18
#535 0 800001b6     ca26 m ffffff34   00000003  c.swsp   x9, 0x14
#536 0 800001b8     c84a m ffffff30   ffffffc8  c.swsp   x18, 0x10
#537 0 800001ba     c64e m ffffff2c   ffffffd0  c.swsp   x19, 0xc
#538 0 800001bc     c452 m ffffff28   ffffffc0  c.swsp   x20, 0x8
#539 0 800001be     ce06 m ffffff3c   800001ea  c.swsp   x1, 0x1c
#540 0 800001c0     4785 r 0f         00000001  c.li     x15, 0x1
#541 0 800001c2     8a2a r 14         ffffffc0  c.mv     x20, x10
#542 0 800001c4     8932 r 12         ffffffc8  c.mv     x18, x12
#543 0 800001c6     89ba r 13         ffffffd0  c.mv     x19, x14
#544 0 800001c8     84ae r 09         00000001  c.mv     x9, x11
#545 0 800001ca     8436 r 08         ffffffd8  c.mv     x8, x13
#546 0 800001cc 02f58663 r 00         00000000  beq      x11, x15, . + 0x2c
#547 0 800001f8     8432 r 08         ffffffc8  c.mv     x8, x12
#548 0 800001fa     405c r 0f         f0040018  c.lw     x15, 0x4(x8)
#549 0 800001fc     4014 r 0d         00000004  c.lw     x13, 0x0(x8)
#550 0 800001fe 004a2703 r 0e         00000007  lw       x14, 0x4(x20)
#551 0 80000202     43cc r 0b         f0040010  c.lw     x11, 0x4(x15)
#552 0 80000204     4390 r 0c         00000004  c.lw     x12, 0x0(x15)
#553 0 80000206     16fd r 0d         00000003  c.addi   x13, -0x1
#554 0 80000208     c04c m ffffffcc   f0040010  c.sw     x11, 0x4(x8)
#555 0 8000020a 0049a583 r 0b         00000000  lw       x11, 0x4(x19)
#556 0 8000020e     c014 m ffffffc8   00000003  c.sw     x13, 0x0(x8)
#557 0 80000210 0009a683 r 0d         00000000  lw       x13, 0x0(x19)
#558 0 80000214     c3cc m f004001c   00000000  c.sw     x11, 0x4(x15)
#559 0 80000216 00f9a223 m ffffffd4   f0040018  sw       x15, 0x4(x19)
#560 0 8000021a     c390 m f0040018   00000004  c.sw     x12, 0x0(x15)
#561 0 8000021c     40f2 r 01         800001ea  c.lwsp   x1, 0x1c
#562 0 8000021e     4462 r 08         ffffffd8  c.lwsp   x8, 0x18
#563 0 80000220 00168793 r 0f         00000001  addi     x15, x13, 0x1
#564 0 80000224 00f9a023 m ffffffd0   00000001  sw       x15, 0x0(x19)
#565 0 80000228 00170793 r 0f         00000008  addi     x15, x14, 0x1
#566 0 8000022c 00fa2223 m ffffffc4   00000008  sw       x15, 0x4(x20)
#567 0 80000230     44d2 r 09         00000003  c.lwsp   x9, 0x14
#568 0 80000232     4942 r 12         ffffffc8  c.lwsp   x18, 0x10
#569 0 80000234     49b2 r 13         ffffffd0  c.lwsp   x19, 0xc
#570 0 80000236     4a22 r 14         ffffffc0  c.lwsp   x20, 0x8
#571 0 80000238     6105 r 02         ffffff40  c.addi16sp 0x2
#572 0 8000023a     8082 r 00         00000000  c.jr     x1
#573 0 800001ea     4785 r 0f         00000001  c.li     x15, 0x1
#574 0 800001ec     874a r 0e         ffffffc8  c.mv     x14, x18
#575 0 800001ee 00f48663 r 00         00000000  beq      x9, x15, . + 0xc
#576 0 800001f2     8922 r 12         ffffffd8  c.mv     x18, x8
#577 0 800001f4     843a r 08         ffffffc8  c.mv     x8, x14
#578 0 800001f6     bfe9 r 00         00000000  c.j      . - 0x26
#579 0 800001d0     14fd r 09         00000002  c.addi   x9, -0x1
#580 0 800001d2     85a6 r 0b         00000002  c.mv     x11, x9
#581 0 800001d4     8552 r 0a         ffffffc0  c.mv     x10, x20
#582 0 800001d6     8722 r 0e         ffffffc8  c.mv     x14, x8
#583 0 800001d8     86ce r 0d         ffffffd0  c.mv     x13, x19
#584 0 800001da     864a r 0c         ffffffd8  c.mv     x12, x18
#585 0 800001dc     3fd9 r 01         800001de  c.jal    . - 0x2a
#586 0 800001b2     1101 r 02         ffffff20  c.addi   x2, -0x20
#587 0 800001b4     cc22 m ffffff38   ffffffc8  c.swsp   x8, 0x18
#588 0 800001b6     ca26 m ffffff34   00000002  c.swsp   x9, 0x14
#589 0 800001b8     c84a m ffffff30   ffffffd8  c.swsp   x18, 0x10
#590 0 800001ba     c64e m ffffff2c   ffffffd0  c.swsp   x19, 0xc
#591 0 800001bc     c452 m ffffff28   ffffffc0  c.swsp   x20, 0x8
#592 0 800001be     ce06 m ffffff3c   800001de  c.swsp   x1, 0x1c
#593 0 800001c0     4785 r 0f         00000001  c.li     x15, 0x1
#594 0 800001c2     8a2a r 14         ffffffc0  c.mv     x20, x10
#595 0 800001c4     8932 r 12         ffffffd8  c.mv     x18, x12
#596 0 800001c6     89ba r 13         ffffffc8  c.mv     x19, x14
#597 0 800001c8     84ae r 09         00000002  c.mv     x9, x11
#598 0 800001ca     8436 r 08         ffffffd0  c.mv     x8, x13
#599 0 800001cc 02f58663 r 00         00000000  beq      x11, x15, . + 0x2c
#600 0 800001d0     14fd r 09         00000001  c.addi   x9, -0x1
#601 0 800001d2     85a6 r 0b         00000001  c.mv     x11, x9
#602 0 800001d4     8552 r 0a         ffffffc0  c.mv     x10, x20
#603 0 800001d6     8722 r 0e         ffffffd0  c.mv     x14, x8
#604 0 800001d8     86ce r 0d         ffffffc8  c.mv     x13, x19
#605 0 800001da     864a r 0c         ffffffd8  c.mv     x12, x18
#606 0 800001dc     3fd9 r 01         800001de  c.jal    . - 0x2a
#607 0 800001b2     1101 r 02         ffffff00  c.addi   x2, -0x20
#608 0 800001b4     cc22 m ffffff18   ffffffd0  c.swsp   x8, 0x18
#609 0 800001b6     ca26 m ffffff14   00000001  c.swsp   x9, 0x14
#610 0 800001b8     c84a m ffffff10   ffffffd8  c.swsp   x18, 0x10
#611 0 800001ba     c64e m ffffff0c   ffffffc8  c.swsp   x19, 0xc
#612 0 800001bc     c452 m ffffff08   ffffffc0  c.swsp   x20, 0x8
#613 0 800001be     ce06 m ffffff1c   800001de  c.swsp   x1, 0x1c
#614 0 800001c0     4785 r 0f         00000001  c.li     x15, 0x1
#615 0 800001c2     8a2a r 14         ffffffc0  c.mv     x20, x10
#616 0 800001c4     8932 r 12         ffffffd8  c.mv     x18, x12
#617 0 800001c6     89ba r 13         ffffffd0  c.mv     x19, x14
#618 0 800001c8     84ae r 09         00000001  c.mv     x9, x11
#619 0 800001ca     8436 r 08         ffffffc8  c.mv     x8, x13
#620 0 800001cc 02f58663 r 00         00000000  beq      x11, x15, . + 0x2c
#621 0 800001f8     8432 r 08         ffffffd8  c.mv     x8, x12
#622 0 800001fa     405c r 0f         f0040030  c.lw     x15, 0x4(x8)
#623 0 800001fc     4014 r 0d         00000003  c.lw     x13, 0x0(x8)
#624 0 800001fe 004a2703 r 0e         00000008  lw       x14, 0x4(x20)
#625 0 80000202     43cc r 0b         f0040028  c.lw     x11, 0x4(x15)
#626 0 80000204     4390 r 0c         00000001  c.lw     x12, 0x0(x15)
#627 0 80000206     16fd r 0d         00000002  c.addi   x13, -0x1
#628 0 80000208     c04c m ffffffdc   f0040028  c.sw     x11, 0x4(x8)
#629 0 8000020a 0049a583 r 0b         f0040018  lw       x11, 0x4(x19)
#630 0 8000020e     c014 m ffffffd8   00000002  c.sw     x13, 0x0(x8)
#631 0 80000210 0009a683 r 0d         00000001  lw       x13, 0x0(x19)
#632 0 80000214     c3cc m f0040034   f0040018  c.sw     x11, 0x4(x15)
#633 0 80000216 00f9a223 m ffffffd4   f0040030  sw       x15, 0x4(x19)
#634 0 8000021a     c390 m f0040030   00000001  c.sw     x12, 0x0(x15)
#635 0 8000021c     40f2 r 01         800001de  c.lwsp   x1, 0x1c
#636 0 8000021e     4462 r 08         ffffffd0  c.lwsp   x8, 0x18
#637 0 80000220 00168793 r 0f         00000002  addi     x15, x13, 0x1
#638 0 80000224 00f9a023 m ffffffd0   00000002  sw       x15, 0x0(x19)
#639 0 80000228 00170793 r 0f         00000009  addi     x15, x14, 0x1
#640 0 8000022c 00fa2223 m ffffffc4   00000009  sw       x15, 0x4(x20)
#641 0 80000230     44d2 r 09         00000001  c.lwsp   x9, 0x14
#642 0 80000232     4942 r 12         ffffffd8  c.lwsp   x18, 0x10
#643 0 80000234     49b2 r 13         ffffffc8  c.lwsp   x19, 0xc
#644 0 80000236     4a22 r 14         ffffffc0  c.lwsp   x20, 0x8
#645 0 80000238     6105 r 02         ffffff20  c.addi16sp 0x2
#646 0 8000023a     8082 r 00         00000000  c.jr     x1
#647 0 800001de     874e r 0e         ffffffc8  c.mv     x14, x19
#648 0 800001e0     86a2 r 0d         ffffffd0  c.mv     x13, x8
#649 0 800001e2     864a r 0c         ffffffd8  c.mv     x12, x18
#650 0 800001e4     4585 r 0b         00000001  c.li     x11, 0x1
#651 0 800001e6     8552 r 0a         ffffffc0  c.mv     x10, x20
#652 0 800001e8     37e9 r 01         800001ea  c.jal    . - 0x36
#653 0 800001b2     1101 r 02         ffffff00  c.addi   x2, -0x20
#654 0 800001b4     cc22 m ffffff18   ffffffd0  c.swsp   x8, 0x18
#655 0 800001b6     ca26 m ffffff14   00000001  c.swsp   x9, 0x14
#656 0 800001b8     c84a m ffffff10   ffffffd8  c.swsp   x18, 0x10
#657 0 800001ba     c64e m ffffff0c   ffffffc8  c.swsp   x19, 0xc
#658 0 800001bc     c452 m ffffff08   ffffffc0  c.swsp   x20, 0x8
#659 0 800001be     ce06 m ffffff1c   800001ea  c.swsp   x1, 0x1c
#660 0 800001c0     4785 r 0f         00000001  c.li     x15, 0x1
#661 0 800001c2     8a2a r 14         ffffffc0  c.mv     x20, x10
#662 0 800001c4     8932 r 12         ffffffd8  c.mv     x18, x12
#663 0 800001c6     89ba r 13         ffffffc8  c.mv     x19, x14
#664 0 800001c8     84ae r 09         00000001  c.mv     x9, x11
#665 0 800001ca     8436 r 08         ffffffd0  c.mv     x8, x13
#666 0 800001cc 02f58663 r 00         00000000  beq      x11, x15, . + 0x2c
#667 0 800001f8     8432 r 08         ffffffd8  c.mv     x8, x12
#668 0 800001fa     405c r 0f         f0040028  c.lw     x15, 0x4(x8)
#669 0 800001fc     4014 r 0d         00000002  c.lw     x13, 0x0(x8)
#670 0 800001fe 004a2703 r 0e         00000009  lw       x14, 0x4(x20)
#671 0 80000202     43cc r 0b         f0040020  c.lw     x11, 0x4(x15)
#672 0 80000204     4390 r 0c         00000002  c.lw     x12, 0x0(x15)
#673 0 80000206     16fd r 0d         00000001  c.addi   x13, -0x1
#674 0 80000208     c04c m ffffffdc   f0040020  c.sw     x11, 0x4(x8)
#675 0 8000020a 0049a583 r 0b         f0040010  lw       x11, 0x4(x19)
#676 0 8000020e     c014 m ffffffd8   00000001  c.sw     x13, 0x0(x8)
#677 0 80000210 0009a683 r 0d         00000003  lw       x13, 0x0(x19)
#678 0 80000214     c3cc m f004002c   f0040010  c.sw     x11, 0x4(x15)
#679 0 80000216 00f9a223 m ffffffcc   f0040028  sw       x15, 0x4(x19)
#680 0 8000021a     c390 m f0040028   00000002  c.sw     x12, 0x0(x15)
#681 0 8000021c     40f2 r 01         800001ea  c.lwsp   x1, 0x1c
#682 0 8000021e     4462 r 08         ffffffd0  c.lwsp   x8, 0x18
#683 0 80000220 00168793 r 0f         00000004  addi     x15, x13, 0x1
#684 0 80000224 00f9a023 m ffffffc8   00000004  sw       x15, 0x0(x19)
#685 0 80000228 00170793 r 0f         0000000a  addi     x15, x14, 0x1
#686 0 8000022c 00fa2223 m ffffffc4   0000000a  sw       x15, 0x4(x20)
#687 0 80000230     44d2 r 09         00000001  c.lwsp   x9, 0x14
#688 0 80000232     4942 r 12         ffffffd8  c.lwsp   x18, 0x10
#689 0 80000234     49b2 r 13         ffffffc8  c.lwsp   x19, 0xc
#690 0 80000236     4a22 r 14         ffffffc0  c.lwsp   x20, 0x8
#691 0 80000238     6105 r 02         ffffff20  c.addi16sp 0x2
#692 0 8000023a     8082 r 00         00000000  c.jr     x1
#693 0 800001ea     4785 r 0f         00000001  c.li     x15, 0x1
#694 0 800001ec     874a r 0e         ffffffd8  c.mv     x14, x18
#695 0 800001ee 00f48663 r 00         00000000  beq      x9, x15, . + 0xc
#696 0 800001fa     405c r 0f         f0040030  c.lw     x15, 0x4(x8)
#697 0 800001fc     4014 r 0d         00000002  c.lw     x13, 0x0(x8)
#698 0 800001fe 004a2703 r 0e         0000000a  lw       x14, 0x4(x20)
#699 0 80000202     43cc r 0b         f0040018  c.lw     x11, 0x4(x15)
#700 0 80000204     4390 r 0c         00000001  c.lw     x12, 0x0(x15)
#701 0 80000206     16fd r 0d         00000001  c.addi   x13, -0x1
#702 0 80000208     c04c m ffffffd4   f0040018  c.sw     x11, 0x4(x8)
#703 0 8000020a 0049a583 r 0b         f0040028  lw       x11, 0x4(x19)
#704 0 8000020e     c014 m ffffffd0   00000001  c.sw     x13, 0x0(x8)
#705 0 80000210 0009a683 r 0d         00000004  lw       x13, 0x0(x19)
#706 0 80000214     c3cc m f0040034   f0040028  c.sw     x11, 0x4(x15)
#707 0 80000216 00f9a223 m ffffffcc   f0040030  sw       x15, 0x4(x19)
#708 0 8000021a     c390 m f0040030   00000001  c.sw     x12, 0x0(x15)
#709 0 8000021c     40f2 r 01         800001de  c.lwsp   x1, 0x1c
#710 0 8000021e     4462 r 08         ffffffc8  c.lwsp   x8, 0x18
#711 0 80000220 00168793 r 0f         00000005  addi     x15, x13, 0x1
#712 0 80000224 00f9a023 m ffffffc8   00000005  sw       x15, 0x0(x19)
#713 0 80000228 00170793 r 0f         0000000b  addi     x15, x14, 0x1
#714 0 8000022c 00fa2223 m ffffffc4   0000000b  sw       x15, 0x4(x20)
#715 0 80000230     44d2 r 09         00000002  c.lwsp   x9, 0x14
#716 0 80000232     4942 r 12         ffffffd8  c.lwsp   x18, 0x10
#717 0 80000234     49b2 r 13         ffffffd0  c.lwsp   x19, 0xc
#718 0 80000236     4a22 r 14         ffffffc0  c.lwsp   x20, 0x8
#719 0 80000238     6105 r 02         ffffff40  c.addi16sp 0x2
#720 0 8000023a     8082 r 00         00000000  c.jr     x1
#721 0 800001de     874e r 0e         ffffffd0  c.mv     x14, x19
#722 0 800001e0     86a2 r 0d         ffffffc8  c.mv     x13, x8
#723 0 800001e2     864a r 0c         ffffffd8  c.mv     x12, x18
#724 0 800001e4     4585 r 0b         00000001  c.li     x11, 0x1
#725 0 800001e6     8552 r 0a         ffffffc0  c.mv     x10, x20
#726 0 800001e8     37e9 r 01         800001ea  c.jal    . - 0x36
#727 0 800001b2     1101 r 02         ffffff20  c.addi   x2, -0x20
#728 0 800001b4     cc22 m ffffff38   ffffffc8  c.swsp   x8, 0x18
#729 0 800001b6     ca26 m ffffff34   00000002  c.swsp   x9, 0x14
#730 0 800001b8     c84a m ffffff30   ffffffd8  c.swsp   x18, 0x10
#731 0 800001ba     c64e m ffffff2c   ffffffd0  c.swsp   x19, 0xc
#732 0 800001bc     c452 m ffffff28   ffffffc0  c.swsp   x20, 0x8
#733 0 800001be     ce06 m ffffff3c   800001ea  c.swsp   x1, 0x1c
#734 0 800001c0     4785 r 0f         00000001  c.li     x15, 0x1
#735 0 800001c2     8a2a r 14         ffffffc0  c.mv     x20, x10
#736 0 800001c4     8932 r 12         ffffffd8  c.mv     x18, x12
#737 0 800001c6     89ba r 13         ffffffd0  c.mv     x19, x14
#738 0 800001c8     84ae r 09         00000001  c.mv     x9, x11
#739 0 800001ca     8436 r 08         ffffffc8  c.mv     x8, x13
#740 0 800001cc 02f58663 r 00         00000000  beq      x11, x15, . + 0x2c
#741 0 800001f8     8432 r 08         ffffffd8  c.mv     x8, x12
#742 0 800001fa     405c r 0f         f0040020  c.lw     x15, 0x4(x8)
#743 0 800001fc     4014 r 0d         00000001  c.lw     x13, 0x0(x8)
#744 0 800001fe 004a2703 r 0e         0000000b  lw       x14, 0x4(x20)
#745 0 80000202     43cc r 0b         00000000  c.lw     x11, 0x4(x15)
#746 0 80000204     4390 r 0c         00000003  c.lw     x12, 0x0(x15)
#747 0 80000206     16fd r 0d         00000000  c.addi   x13, -0x1
#748 0 80000208     c04c m ffffffdc   00000000  c.sw     x11, 0x4(x8)
#749 0 8000020a 0049a583 r 0b         f0040018  lw       x11, 0x4(x19)
#750 0 8000020e     c014 m ffffffd8   00000000  c.sw     x13, 0x0(x8)
#751 0 80000210 0009a683 r 0d         00000001  lw       x13, 0x0(x19)
#752 0 80000214     c3cc m f0040024   f0040018  c.sw     x11, 0x4(x15)
#753 0 80000216 00f9a223 m ffffffd4   f0040020  sw       x15, 0x4(x19)
#754 0 8000021a     c390 m f0040020   00000003  c.sw     x12, 0x0(x15)
#755 0 8000021c     40f2 r 01         800001ea  c.lwsp   x1, 0x1c
#756 0 8000021e     4462 r 08         ffffffc8  c.lwsp   x8, 0x18
#757 0 80000220 00168793 r 0f         00000002  addi     x15, x13, 0x1
#758 0 80000224 00f9a023 m ffffffd0   00000002  sw       x15, 0x0(x19)
#759 0 80000228 00170793 r 0f         0000000c  addi     x15, x14, 0x1
#760 0 8000022c 00fa2223 m ffffffc4   0000000c  sw       x15, 0x4(x20)
#761 0 80000230     44d2 r 09         00000002  c.lwsp   x9, 0x14
#762 0 80000232     4942 r 12         ffffffd8  c.lwsp   x18, 0x10
#763 0 80000234     49b2 r 13         ffffffd0  c.lwsp   x19, 0xc
#764 0 80000236     4a22 r 14         ffffffc0  c.lwsp   x20, 0x8
#765 0 80000238     6105 r 02         ffffff40  c.addi16sp 0x2
#766 0 8000023a     8082 r 00         00000000  c.jr     x1
#767 0 800001ea     4785 r 0f         00000001  c.li     x15, 0x1
#768 0 800001ec     874a r 0e         ffffffd8  c.mv     x14, x18
#769 0 800001ee 00f48663 r 00         00000000  beq      x9, x15, . + 0xc
#770 0 800001f2     8922 r 12         ffffffc8  c.mv     x18, x8
#771 0 800001f4     843a r 08         ffffffd8  c.mv     x8, x14
#772 0 800001f6     bfe9 r 00         00000000  c.j      . - 0x26
#773 0 800001d0     14fd r 09         00000001  c.addi   x9, -0x1
#774 0 800001d2     85a6 r 0b         00000001  c.mv     x11, x9
#775 0 800001d4     8552 r 0a         ffffffc0  c.mv     x10, x20
#776 0 800001d6     8722 r 0e         ffffffd8  c.mv     x14, x8
#777 0 800001d8     86ce r 0d         ffffffd0  c.mv     x13, x19
#778 0 800001da     864a r 0c         ffffffc8  c.mv     x12, x18
#779 0 800001dc     3fd9 r 01         800001de  c.jal    . - 0x2a
#780 0 800001b2     1101 r 02         ffffff20  c.addi   x2, -0x20
#781 0 800001b4     cc22 m ffffff38   ffffffd8  c.swsp   x8, 0x18
#782 0 800001b6     ca26 m ffffff34   00000001  c.swsp   x9, 0x14
#783 0 800001b8     c84a m ffffff30   ffffffc8  c.swsp   x18, 0x10
#784 0 800001ba     c64e m ffffff2c   ffffffd0  c.swsp   x19, 0xc
#785 0 800001bc     c452 m ffffff28   ffffffc0  c.swsp   x20, 0x8
#786 0 800001be     ce06 m ffffff3c   800001de  c.swsp   x1, 0x1c
#787 0 800001c0     4785 r 0f         00000001  c.li     x15, 0x1
#788 0 800001c2     8a2a r 14         ffffffc0  c.mv     x20, x10
#789 0 800001c4     8932 r 12         ffffffc8  c.mv     x18, x12
#790 0 800001c6     89ba r 13         ffffffd8  c.mv     x19, x14
#791 0 800001c8     84ae r 09         00000001  c.mv     x9, x11
#792 0 800001ca     8436 r 08         ffffffd0  c.mv     x8, x13
#793 0 800001cc 02f58663 r 00         00000000  beq      x11, x15, . + 0x2c
#794 0 800001f8     8432 r 08         ffffffc8  c.mv     x8, x12
#795 0 800001fa     405c r 0f         f0040030  c.lw     x15, 0x4(x8)
#796 0 800001fc     4014 r 0d         00000005  c.lw     x13, 0x0(x8)
#797 0 800001fe 004a2703 r 0e         0000000c  lw       x14, 0x4(x20)
#798 0 80000202     43cc r 0b         f0040028  c.lw     x11, 0x4(x15)
#799 0 80000204     4390 r 0c         00000001  c.lw     x12, 0x0(x15)
#800 0 80000206     16fd r 0d         00000004  c.addi   x13, -0x1
#801 0 80000208     c04c m ffffffcc   f0040028  c.sw     x11, 0x4(x8)
#802 0 8000020a 0049a583 r 0b         00000000  lw       x11, 0x4(x19)
#803 0 8000020e     c014 m ffffffc8   00000004  c.sw     x13, 0x0(x8)
#804 0 80000210 0009a683 r 0d         00000000  lw       x13, 0x0(x19)
#805 0 80000214     c3cc m f0040034   00000000  c.sw     x11, 0x4(x15)
#806 0 80000216 00f9a223 m ffffffdc   f0040030  sw       x15, 0x4(x19)
#807 0 8000021a     c390 m f0040030   00000001  c.sw     x12, 0x0(x15)
#808 0 8000021c     40f2 r 01         800001de  c.lwsp   x1, 0x1c
#809 0 8000021e     4462 r 08         ffffffd8  c.lwsp   x8, 0x18
#810 0 80000220 00168793 r 0f         00000001  addi     x15, x13, 0x1
#811 0 80000224 00f9a023 m ffffffd8   00000001  sw       x15, 0x0(x19)
#812 0 80000228 00170793 r 0f         0000000d  addi     x15, x14, 0x1
#813 0 8000022c 00fa2223 m ffffffc4   0000000d  sw       x15, 0x4(x20)
#814 0 80000230     44d2 r 09         00000001  c.lwsp   x9, 0x14
#815 0 80000232     4942 r 12         ffffffc8  c.lwsp   x18, 0x10
#816 0 80000234     49b2 r 13         ffffffd0  c.lwsp   x19, 0xc
#817 0 80000236     4a22 r 14         ffffffc0  c.lwsp   x20, 0x8
#818 0 80000238     6105 r 02         ffffff40  c.addi16sp 0x2
#819 0 8000023a     8082 r 00         00000000  c.jr     x1
#820 0 800001de     874e r 0e         ffffffd0  c.mv     x14, x19
#821 0 800001e0     86a2 r 0d         ffffffd8  c.mv     x13, x8
#822 0 800001e2     864a r 0c         ffffffc8  c.mv     x12, x18
#823 0 800001e4     4585 r 0b         00000001  c.li     x11, 0x1
#824 0 800001e6     8552 r 0a         ffffffc0  c.mv     x10, x20
#825 0 800001e8     37e9 r 01         800001ea  c.jal    . - 0x36
#826 0 800001b2     1101 r 02         ffffff20  c.addi   x2, -0x20
#827 0 800001b4     cc22 m ffffff38   ffffffd8  c.swsp   x8, 0x18
#828 0 800001b6     ca26 m ffffff34   00000001  c.swsp   x9, 0x14
#829 0 800001b8     c84a m ffffff30   ffffffc8  c.swsp   x18, 0x10
#830 0 800001ba     c64e m ffffff2c   ffffffd0  c.swsp   x19, 0xc
#831 0 800001bc     c452 m ffffff28   ffffffc0  c.swsp   x20, 0x8
#832 0 800001be     ce06 m ffffff3c   800001ea  c.swsp   x1, 0x1c
#833 0 800001c0     4785 r 0f         00000001  c.li     x15, 0x1
#834 0 800001c2     8a2a r 14         ffffffc0  c.mv     x20, x10
#835 0 800001c4     8932 r 12         ffffffc8  c.mv     x18, x12
#836 0 800001c6     89ba r 13         ffffffd0  c.mv     x19, x14
#837 0 800001c8     84ae r 09         00000001  c.mv     x9, x11
#838 0 800001ca     8436 r 08         ffffffd8  c.mv     x8, x13
#839 0 800001cc 02f58663 r 00         00000000  beq      x11, x15, . + 0x2c
#840 0 800001f8     8432 r 08         ffffffc8  c.mv     x8, x12
#841 0 800001fa     405c r 0f         f0040028  c.lw     x15, 0x4(x8)
#842 0 800001fc     4014 r 0d         00000004  c.lw     x13, 0x0(x8)
#843 0 800001fe 004a2703 r 0e         0000000d  lw       x14, 0x4(x20)
#844 0 80000202     43cc r 0b         f0040010  c.lw     x11, 0x4(x15)
#845 0 80000204     4390 r 0c         00000002  c.lw     x12, 0x0(x15)
#846 0 80000206     16fd r 0d         00000003  c.addi   x13, -0x1
#847 0 80000208     c04c m ffffffcc   f0040010  c.sw     x11, 0x4(x8)
#848 0 8000020a 0049a583 r 0b         f0040020  lw       x11, 0x4(x19)
#849 0 8000020e     c014 m ffffffc8   00000003  c.sw     x13, 0x0(x8)
#850 0 80000210 0009a683 r 0d         00000002  lw       x13, 0x0(x19)
#851 0 80000214     c3cc m f004002c   f0040020  c.sw     x11, 0x4(x15)
#852 0 80000216 00f9a223 m ffffffd4   f0040028  sw       x15, 0x4(x19)
#853 0 8000021a     c390 m f0040028   00000002  c.sw     x12, 0x0(x15)
#854 0 8000021c     40f2 r 01         800001ea  c.lwsp   x1, 0x1c
#855 0 8000021e     4462 r 08         ffffffd8  c.lwsp   x8, 0x18
#856 0 80000220 00168793 r 0f         00000003  addi     x15, x13, 0x1
#857 0 80000224 00f9a023 m ffffffd0   00000003  sw       x15, 0x0(x19)
#858 0 80000228 00170793 r 0f         0000000e  addi     x15, x14, 0x1
#859 0 8000022c 00fa2223 m ffffffc4   0000000e  sw       x15, 0x4(x20)
#860 0 80000230     44d2 r 09         00000001  c.lwsp   x9, 0x14
#861 0 80000232     4942 r 12         ffffffc8  c.lwsp   x18, 0x10
#862 0 80000234     49b2 r 13         ffffffd0  c.lwsp   x19, 0xc
#863 0 80000236     4a22 r 14         ffffffc0  c.lwsp   x20, 0x8
#864 0 80000238     6105 r 02         ffffff40  c.addi16sp 0x2
#865 0 8000023a     8082 r 00         00000000  c.jr     x1
#866 0 800001ea     4785 r 0f         00000001  c.li     x15, 0x1
#867 0 800001ec     874a r 0e         ffffffc8  c.mv     x14, x18
#868 0 800001ee 00f48663 r 00         00000000  beq      x9, x15, . + 0xc
#869 0 800001fa     405c r 0f         f0040030  c.lw     x15, 0x4(x8)
#870 0 800001fc     4014 r 0d         00000001  c.lw     x13, 0x0(x8)
#871 0 800001fe 004a2703 r 0e         0000000e  lw       x14, 0x4(x20)
#872 0 80000202     43cc r 0b         00000000  c.lw     x11, 0x4(x15)
#873 0 80000204     4390 r 0c         00000001  c.lw     x12, 0x0(x15)
#874 0 80000206     16fd r 0d         00000000  c.addi   x13, -0x1
#875 0 80000208     c04c m ffffffdc   00000000  c.sw     x11, 0x4(x8)
#876 0 8000020a 0049a583 r 0b         f0040028  lw       x11, 0x4(x19)
#877 0 8000020e     c014 m ffffffd8   00000000  c.sw     x13, 0x0(x8)
#878 0 80000210 0009a683 r 0d         00000003  lw       x13, 0x0(x19)
#879 0 80000214     c3cc m f0040034   f0040028  c.sw     x11, 0x4(x15)
#880 0 80000216 00f9a223 m ffffffd4   f0040030  sw       x15, 0x4(x19)
#881 0 8000021a     c390 m f0040030   00000001  c.sw     x12, 0x0(x15)
#882 0 8000021c     40f2 r 01         800001de  c.lwsp   x1, 0x1c
#883 0 8000021e     4462 r 08         ffffffd0  c.lwsp   x8, 0x18
#884 0 80000220 00168793 r 0f         00000004  addi     x15, x13, 0x1
#885 0 80000224 00f9a023 m ffffffd0   00000004  sw       x15, 0x0(x19)
#886 0 80000228 00170793 r 0f         0000000f  addi     x15, x14, 0x1
#887 0 8000022c 00fa2223 m ffffffc4   0000000f  sw       x15, 0x4(x20)
#888 0 80000230     44d2 r 09         00000004  c.lwsp   x9, 0x14
#889 0 80000232     4942 r 12         ffffffc8  c.lwsp   x18, 0x10
#890 0 80000234     49b2 r 13         ffffffd8  c.lwsp   x19, 0xc
#891 0 80000236     4a22 r 14         ffffffc0  c.lwsp   x20, 0x8
#892 0 80000238     6105 r 02         ffffff60  c.addi16sp 0x2
#893 0 8000023a     8082 r 00         00000000  c.jr     x1
#894 0 800001de     874e r 0e         ffffffd8  c.mv     x14, x19
#895 0 800001e0     86a2 r 0d         ffffffd0  c.mv     x13, x8
#896 0 800001e2     864a r 0c         ffffffc8  c.mv     x12, x18
#897 0 800001e4     4585 r 0b         00000001  c.li     x11, 0x1
#898 0 800001e6     8552 r 0a         ffffffc0  c.mv     x10, x20
#899 0 800001e8     37e9 r 01         800001ea  c.jal    . - 0x36
#900 0 800001b2     1101 r 02         ffffff40  c.addi   x2, -0x20
#901 0 800001b4     cc22 m ffffff58   ffffffd0  c.swsp   x8, 0x18
#902 0 800001b6     ca26 m ffffff54   00000004  c.swsp   x9, 0x14
#903 0 800001b8     c84a m ffffff50   ffffffc8  c.swsp   x18, 0x10
#904 0 800001ba     c64e m ffffff4c   ffffffd8  c.swsp   x19, 0xc
#905 0 800001bc     c452 m ffffff48   ffffffc0  c.swsp   x20, 0x8
#906 0 800001be     ce06 m ffffff5c   800001ea  c.swsp   x1, 0x1c
#907 0 800001c0     4785 r 0f         00000001  c.li     x15, 0x1
#908 0 800001c2     8a2a r 14         ffffffc0  c.mv     x20, x10
#909 0 800001c4     8932 r 12         ffffffc8  c.mv     x18, x12
#910 0 800001c6     89ba r 13         ffffffd8  c.mv     x19, x14
#911 0 800001c8     84ae r 09         00000001  c.mv     x9, x11
#912 0 800001ca     8436 r 08         ffffffd0  c.mv     x8, x13
#913 0 800001cc 02f58663 r 00         00000000  beq      x11, x15, . + 0x2c
#914 0 800001f8     8432 r 08         ffffffc8  c.mv     x8, x12
#915 0 800001fa     405c r 0f         f0040010  c.lw     x15, 0x4(x8)
#916 0 800001fc     4014 r 0d         00000003  c.lw     x13, 0x0(x8)
#917 0 800001fe 004a2703 r 0e         0000000f  lw       x14, 0x4(x20)
#918 0 80000202     43cc r 0b         f0040008  c.lw     x11, 0x4(x15)
#919 0 80000204     4390 r 0c         00000005  c.lw     x12, 0x0(x15)
#920 0 80000206     16fd r 0d         00000002  c.addi   x13, -0x1
#921 0 80000208     c04c m ffffffcc   f0040008  c.sw     x11, 0x4(x8)
#922 0 8000020a 0049a583 r 0b         00000000  lw       x11, 0x4(x19)
#923 0 8000020e     c014 m ffffffc8   00000002  c.sw     x13, 0x0(x8)
#924 0 80000210 0009a683 r 0d         00000000  lw       x13, 0x0(x19)
#925 0 80000214     c3cc m f0040014   00000000  c.sw     x11, 0x4(x15)
#926 0 80000216 00f9a223 m ffffffdc   f0040010  sw       x15, 0x4(x19)
#927 0 8000021a     c390 m f0040010   00000005  c.sw     x12, 0x0(x15)
#928 0 8000021c     40f2 r 01         800001ea  c.lwsp   x1, 0x1c
#929 0 8000021e     4462 r 08         ffffffd0  c.lwsp   x8, 0x18
#930 0 80000220 00168793 r 0f         00000001  addi     x15, x13, 0x1
#931 0 80000224 00f9a023 m ffffffd8   00000001  sw       x15, 0x0(x19)
#932 0 80000228 00170793 r 0f         00000010  addi     x15, x14, 0x1
#933 0 8000022c 00fa2223 m ffffffc4   00000010  sw       x15, 0x4(x20)
#934 0 80000230     44d2 r 09         00000004  c.lwsp   x9, 0x14
#935 0 80000232     4942 r 12         ffffffc8  c.lwsp   x18, 0x10
#936 0 80000234     49b2 r 13         ffffffd8  c.lwsp   x19, 0xc
#937 0 80000236     4a22 r 14         ffffffc0  c.lwsp   x20, 0x8
#938 0 80000238     6105 r 02         ffffff60  c.addi16sp 0x2
#939 0 8000023a     8082 r 00         00000000  c.jr     x1
#940 0 800001ea     4785 r 0f         00000001  c.li     x15, 0x1
#941 0 800001ec     874a r 0e         ffffffc8  c.mv     x14, x18
#942 0 800001ee 00f48663 r 00         00000000  beq      x9, x15, . + 0xc
#943 0 800001f2     8922 r 12         ffffffd0  c.mv     x18, x8
#944 0 800001f4     843a r 08         ffffffc8  c.mv     x8, x14
#945 0 800001f6     bfe9 r 00         00000000  c.j      . - 0x26
#946 0 800001d0     14fd r 09         00000003  c.addi   x9, -0x1
#947 0 800001d2     85a6 r 0b         00000003  c.mv     x11, x9
#948 0 800001d4     8552 r 0a         ffffffc0  c.mv     x10, x20
#949 0 800001d6     8722 r 0e         ffffffc8  c.mv     x14, x8
#950 0 800001d8     86ce r 0d         ffffffd8  c.mv     x13, x19
#951 0 800001da     864a r 0c         ffffffd0  c.mv     x12, x18
#952 0 800001dc     3fd9 r 01         800001de  c.jal    . - 0x2a
#953 0 800001b2     1101 r 02         ffffff40  c.addi   x2, -0x20
#954 0 800001b4     cc22 m ffffff58   ffffffc8  c.swsp   x8, 0x18
#955 0 800001b6     ca26 m ffffff54   00000003  c.swsp   x9, 0x14
#956 0 800001b8     c84a m ffffff50   ffffffd0  c.swsp   x18, 0x10
#957 0 800001ba     c64e m ffffff4c   ffffffd8  c.swsp   x19, 0xc
#958 0 800001bc     c452 m ffffff48   ffffffc0  c.swsp   x20, 0x8
#959 0 800001be     ce06 m ffffff5c   800001de  c.swsp   x1, 0x1c
#960 0 800001c0     4785 r 0f         00000001  c.li     x15, 0x1
#961 0 800001c2     8a2a r 14         ffffffc0  c.mv     x20, x10
#962 0 800001c4     8932 r 12         ffffffd0  c.mv     x18, x12
#963 0 800001c6     89ba r 13         ffffffc8  c.mv     x19, x14
#964 0 800001c8     84ae r 09         00000003  c.mv     x9, x11
#965 0 800001ca     8436 r 08         ffffffd8  c.mv     x8, x13
#966 0 800001cc 02f58663 r 00         00000000  beq      x11, x15, . + 0x2c
#967 0 800001d0     14fd r 09         00000002  c.addi   x9, -0x1
#968 0 800001d2     85a6 r 0b         00000002  c.mv     x11, x9
#969 0 800001d4     8552 r 0a         ffffffc0  c.mv     x10, x20
#970 0 800001d6     8722 r 0e         ffffffd8  c.mv     x14, x8
#971 0 800001d8     86ce r 0d         ffffffc8  c.mv     x13, x19
#972 0 800001da     864a r 0c         ffffffd0  c.mv     x12, x18
#973 0 800001dc     3fd9 r 01         800001de  c.jal    . - 0x2a
#974 0 800001b2     1101 r 02         ffffff20  c.addi   x2, -0x20
#975 0 800001b4     cc22 m ffffff38   ffffffd8  c.swsp   x8, 0x18
#976 0 800001b6     ca26 m ffffff34   00000002  c.swsp   x9, 0x14
#977 0 800001b8     c84a m ffffff30   ffffffd0  c.swsp   x18, 0x10
#978 0 800001ba     c64e m ffffff2c   ffffffc8  c.swsp   x19, 0xc
#979 0 800001bc     c452 m ffffff28   ffffffc0  c.swsp   x20, 0x8
#980 0 800001be     ce06 m ffffff3c   800001de  c.swsp   x1, 0x1c
#981 0 800001c0     4785 r 0f         00000001  c.li     x15, 0x1
#982 0 800001c2     8a2a r 14         ffffffc0  c.mv     x20, x10
#983 0 800001c4     8932 r 12         ffffffd0  c.mv     x18, x12
#984 0 800001c6     89ba r 13         ffffffd8  c.mv     x19, x14
#985 0 800001c8     84ae r 09         00000002  c.mv     x9, x11
#986 0 800001ca     8436 r 08         ffffffc8  c.mv     x8, x13
#987 0 800001cc 02f58663 r 00         00000000  beq      x11, x15, . + 0x2c
#988 0 800001d0     14fd r 09         00000001  c.addi   x9, -0x1
#989 0 800001d2     85a6 r 0b         00000001  c.mv     x11, x9
#990 0 800001d4     8552 r 0a         ffffffc0  c.mv     x10, x20
#991 0 800001d6     8722 r 0e         ffffffc8  c.mv     x14, x8
#992 0 800001d8     86ce r 0d         ffffffd8  c.mv     x13, x19
#993 0 800001da     864a r 0c         ffffffd0  c.mv     x12, x18
#994 0 800001dc     3fd9 r 01         800001de  c.jal    . - 0x2a
#995 0 800001b2     1101 r 02         ffffff00  c.addi   x2, -0x20
#996 0 800001b4     cc22 m ffffff18   ffffffc8  c.swsp   x8, 0x18
#997 0 800001b6     ca26 m ffffff14   00000001  c.swsp   x9, 0x14
#998 0 800001b8     c84a m ffffff10   ffffffd0  c.swsp   x18, 0x10
#999 0 800001ba     c64e m ffffff0c   ffffffd8  c.swsp   x19, 0xc
#1000 0 800001bc     c452 m ffffff08   ffffffc0  c.swsp   x20, 0x8
#1001 0 800001be     ce06 m ffffff1c   800001de  c.swsp   x1, 0x1c
#1002 0 800001c0     4785 r 0f         00000001  c.li     x15, 0x1
#1003 0 800001c2     8a2a r 14         ffffffc0  c.mv     x20, x10
#1004 0 800001c4     8932 r 12         ffffffd0  c.mv     x18, x12
#1005 0 800001c6     89ba r 13         ffffffc8  c.mv     x19, x14
#1006 0 800001c8     84ae r 09         00000001  c.mv     x9, x11
#1007 0 800001ca     8436 r 08         ffffffd8  c.mv     x8, x13
#1008 0 800001cc 02f58663 r 00         00000000  beq      x11, x15, . + 0x2c
#1009 0 800001f8     8432 r 08         ffffffd0  c.mv     x8, x12
#1010 0 800001fa     405c r 0f         f0040030  c.lw     x15, 0x4(x8)
#1011 0 800001fc     4014 r 0d         00000004  c.lw     x13, 0x0(x8)
#1012 0 800001fe 004a2703 r 0e         00000010  lw       x14, 0x4(x20)
#1013 0 80000202     43cc r 0b         f0040028  c.lw     x11, 0x4(x15)
#1014 0 80000204     4390 r 0c         00000001  c.lw     x12, 0x0(x15)
#1015 0 80000206     16fd r 0d         00000003  c.addi   x13, -0x1
#1016 0 80000208     c04c m ffffffd4   f0040028  c.sw     x11, 0x4(x8)
#1017 0 8000020a 0049a583 r 0b         f0040008  lw       x11, 0x4(x19)
#1018 0 8000020e     c014 m ffffffd0   00000003  c.sw     x13, 0x0(x8)
#1019 0 80000210 0009a683 r 0d         00000002  lw       x13, 0x0(x19)
#1020 0 80000214     c3cc m f0040034   f0040008  c.sw     x11, 0x4(x15)
#1021 0 80000216 00f9a223 m ffffffcc   f0040030  sw       x15, 0x4(x19)
#1022 0 8000021a     c390 m f0040030   00000001  c.sw     x12, 0x0(x15)
#1023 0 8000021c     40f2 r 01         800001de  c.lwsp   x1, 0x1c
#1024 0 8000021e     4462 r 08         ffffffc8  c.lwsp   x8, 0x18
#1025 0 80000220 00168793 r 0f         00000003  addi     x15, x13, 0x1
#1026 0 80000224 00f9a023 m ffffffc8   00000003  sw       x15, 0x0(x19)
#1027 0 80000228 00170793 r 0f         00000011  addi     x15, x14, 0x1
#1028 0 8000022c 00fa2223 m ffffffc4   00000011  sw       x15, 0x4(x20)
#1029 0 80000230     44d2 r 09         00000001  c.lwsp   x9, 0x14
#1030 0 80000232     4942 r 12         ffffffd0  c.lwsp   x18, 0x10
#1031 0 80000234     49b2 r 13         ffffffd8  c.lwsp   x19, 0xc
#1032 0 80000236     4a22 r 14         ffffffc0  c.lwsp   x20, 0x8
#1033 0 80000238     6105 r 02         ffffff20  c.addi16sp 0x2
#1034 0 8000023a     8082 r 00         00000000  c.jr     x1
#1035 0 800001de     874e r 0e         ffffffd8  c.mv     x14, x19
#1036 0 800001e0     86a2 r 0d         ffffffc8  c.mv     x13, x8
#1037 0 800001e2     864a r 0c         ffffffd0  c.mv     x12, x18
#1038 0 800001e4     4585 r 0b         00000001  c.li     x11, 0x1
#1039 0 800001e6     8552 r 0a         ffffffc0  c.mv     x10, x20
#1040 0 800001e8     37e9 r 01         800001ea  c.jal    . - 0x36
#1041 0 800001b2     1101 r 02         ffffff00  c.addi   x2, -0x20
#1042 0 800001b4     cc22 m ffffff18   ffffffc8  c.swsp   x8, 0x18
#1043 0 800001b6     ca26 m ffffff14   00000001  c.swsp   x9, 0x14
#1044 0 800001b8     c84a m ffffff10   ffffffd0  c.swsp   x18, 0x10
#1045 0 800001ba     c64e m ffffff0c   ffffffd8  c.swsp   x19, 0xc
#1046 0 800001bc     c452 m ffffff08   ffffffc0  c.swsp   x20, 0x8
#1047 0 800001be     ce06 m ffffff1c   800001ea  c.swsp   x1, 0x1c
#1048 0 800001c0     4785 r 0f         00000001  c.li     x15, 0x1
#1049 0 800001c2     8a2a r 14         ffffffc0  c.mv     x20, x10
#1050 0 800001c4     8932 r 12         ffffffd0  c.mv     x18, x12
#1051 0 800001c6     89ba r 13         ffffffd8  c.mv     x19, x14
#1052 0 800001c8     84ae r 09         00000001  c.mv     x9, x11
#1053 0 800001ca     8436 r 08         ffffffc8  c.mv     x8, x13
#1054 0 800001cc 02f58663 r 00         00000000  beq      x11, x15, . + 0x2c
#1055 0 800001f8     8432 r 08         ffffffd0  c.mv     x8, x12
#1056 0 800001fa     405c r 0f         f0040028  c.lw     x15, 0x4(x8)
#1057 0 800001fc     4014 r 0d         00000003  c.lw     x13, 0x0(x8)
#1058 0 800001fe 004a2703 r 0e         00000011  lw       x14, 0x4(x20)
#1059 0 80000202     43cc r 0b         f0040020  c.lw     x11, 0x4(x15)
#1060 0 80000204     4390 r 0c         00000002  c.lw     x12, 0x0(x15)
#1061 0 80000206     16fd r 0d         00000002  c.addi   x13, -0x1
#1062 0 80000208     c04c m ffffffd4   f0040020  c.sw     x11, 0x4(x8)
#1063 0 8000020a 0049a583 r 0b         f0040010  lw       x11, 0x4(x19)
#1064 0 8000020e     c014 m ffffffd0   00000002  c.sw     x13, 0x0(x8)
#1065 0 80000210 0009a683 r 0d         00000001  lw       x13, 0x0(x19)
#1066 0 80000214     c3cc m f004002c   f0040010  c.sw     x11, 0x4(x15)
#1067 0 80000216 00f9a223 m ffffffdc   f0040028  sw       x15, 0x4(x19)
#1068 0 8000021a     c390 m f0040028   00000002  c.sw     x12, 0x0(x15)
#1069 0 8000021c     40f2 r 01         800001ea  c.lwsp   x1, 0x1c
#1070 0 8000021e     4462 r 08         ffffffc8  c.lwsp   x8, 0x18
#1071 0 80000220 00168793 r 0f         00000002  addi     x15, x13, 0x1
#1072 0 80000224 00f9a023 m ffffffd8   00000002  sw       x15, 0x0(x19)
#1073 0 80000228 00170793 r 0f         00000012  addi     x15, x14, 0x1
#1074 0 8000022c 00fa2223 m ffffffc4   00000012  sw       x15, 0x4(x20)
#1075 0 80000230     44d2 r 09         00000001  c.lwsp   x9, 0x14
#1076 0 80000232     4942 r 12         ffffffd0  c.lwsp   x18, 0x10
#1077 0 80000234     49b2 r 13         ffffffd8  c.lwsp   x19, 0xc
#1078 0 80000236     4a22 r 14         ffffffc0  c.lwsp   x20, 0x8
#1079 0 80000238     6105 r 02         ffffff20  c.addi16sp 0x2
#1080 0 8000023a     8082 r 00         00000000  c.jr     x1
#1081 0 800001ea     4785 r 0f         00000001  c.li     x15, 0x1
#1082 0 800001ec     874a r 0e         ffffffd0  c.mv     x14, x18
#1083 0 800001ee 00f48663 r 00         00000000  beq      x9, x15, . + 0xc
#1084 0 800001fa     405c r 0f         f0040030  c.lw     x15, 0x4(x8)
#1085 0 800001fc     4014 r 0d         00000003  c.lw     x13, 0x0(x8)
#1086 0 800001fe 004a2703 r 0e         00000012  lw       x14, 0x4(x20)
#1087 0 80000202     43cc r 0b         f0040008  c.lw     x11, 0x4(x15)
#1088 0 80000204     4390 r 0c         00000001  c.lw     x12, 0x0(x15)
#1089 0 80000206     16fd r 0d         00000002  c.addi   x13, -0x1
#1090 0 80000208     c04c m ffffffcc   f0040008  c.sw     x11, 0x4(x8)
#1091 0 8000020a 0049a583 r 0b         f0040028  lw       x11, 0x4(x19)
#1092 0 8000020e     c014 m ffffffc8   00000002  c.sw     x13, 0x0(x8)
#1093 0 80000210 0009a683 r 0d         00000002  lw       x13, 0x0(x19)
#1094 0 80000214     c3cc m f0040034   f0040028  c.sw     x11, 0x4(x15)
#1095 0 80000216 00f9a223 m ffffffdc   f0040030  sw       x15, 0x4(x19)
#1096 0 8000021a     c390 m f0040030   00000001  c.sw     x12, 0x0(x15)
#1097 0 8000021c     40f2 r 01         800001de  c.lwsp   x1, 0x1c
#1098 0 8000021e     4462 r 08         ffffffd8  c.lwsp   x8, 0x18
#1099 0 80000220 00168793 r 0f         00000003  addi     x15, x13, 0x1
#1100 0 80000224 00f9a023 m ffffffd8   00000003  sw       x15, 0x0(x19)
#1101 0 80000228 00170793 r 0f         00000013  addi     x15, x14, 0x1
#1102 0 8000022c 00fa2223 m ffffffc4   00000013  sw       x15, 0x4(x20)
#1103 0 80000230     44d2 r 09         00000002  c.lwsp   x9, 0x14
#1104 0 80000232     4942 r 12         ffffffd0  c.lwsp   x18, 0x10
#1105 0 80000234     49b2 r 13         ffffffc8  c.lwsp   x19, 0xc
#1106 0 80000236     4a22 r 14         ffffffc0  c.lwsp   x20, 0x8
#1107 0 80000238     6105 r 02         ffffff40  c.addi16sp 0x2
#1108 0 8000023a     8082 r 00         00000000  c.jr     x1
#1109 0 800001de     874e r 0e         ffffffc8  c.mv     x14, x19
#1110 0 800001e0     86a2 r 0d         ffffffd8  c.mv     x13, x8
#1111 0 800001e2     864a r 0c         ffffffd0  c.mv     x12, x18
#1112 0 800001e4     4585 r 0b         00000001  c.li     x11, 0x1
#1113 0 800001e6     8552 r 0a         ffffffc0  c.mv     x10, x20
#1114 0 800001e8     37e9 r 01         800001ea  c.jal    . - 0x36
#1115 0 800001b2     1101 r 02         ffffff20  c.addi   x2, -0x20
#1116 0 800001b4     cc22 m ffffff38   ffffffd8  c.swsp   x8, 0x18
#1117 0 800001b6     ca26 m ffffff34   00000002  c.swsp   x9, 0x14
#1118 0 800001b8     c84a m ffffff30   ffffffd0  c.swsp   x18, 0x10
#1119 0 800001ba     c64e m ffffff2c   ffffffc8  c.swsp   x19, 0xc
#1120 0 800001bc     c452 m ffffff28   ffffffc0  c.swsp   x20, 0x8
#1121 0 800001be     ce06 m ffffff3c   800001ea  c.swsp   x1, 0x1c
#1122 0 800001c0     4785 r 0f         00000001  c.li     x15, 0x1
#1123 0 800001c2     8a2a r 14         ffffffc0  c.mv     x20, x10
#1124 0 800001c4     8932 r 12         ffffffd0  c.mv     x18, x12
#1125 0 800001c6     89ba r 13         ffffffc8  c.mv     x19, x14
#1126 0 800001c8     84ae r 09         00000001  c.mv     x9, x11
#1127 0 800001ca     8436 r 08         ffffffd8  c.mv     x8, x13
#1128 0 800001cc 02f58663 r 00         00000000  beq      x11, x15, . + 0x2c
#1129 0 800001f8     8432 r 08         ffffffd0  c.mv     x8, x12
#1130 0 800001fa     405c r 0f         f0040020  c.lw     x15, 0x4(x8)
#1131 0 800001fc     4014 r 0d         00000002  c.lw     x13, 0x0(x8)
#1132 0 800001fe 004a2703 r 0e         00000013  lw       x14, 0x4(x20)
#1133 0 80000202     43cc r 0b         f0040018  c.lw     x11, 0x4(x15)
#1134 0 80000204     4390 r 0c         00000003  c.lw     x12, 0x0(x15)
#1135 0 80000206     16fd r 0d         00000001  c.addi   x13, -0x1
#1136 0 80000208     c04c m ffffffd4   f0040018  c.sw     x11, 0x4(x8)
#1137 0 8000020a 0049a583 r 0b         f0040008  lw       x11, 0x4(x19)
#1138 0 8000020e     c014 m ffffffd0   00000001  c.sw     x13, 0x0(x8)
#1139 0 80000210 0009a683 r 0d         00000002  lw       x13, 0x0(x19)
#1140 0 80000214     c3cc m f0040024   f0040008  c.sw     x11, 0x4(x15)
#1141 0 80000216 00f9a223 m ffffffcc   f0040020  sw       x15, 0x4(x19)
#1142 0 8000021a     c390 m f0040020   00000003  c.sw     x12, 0x0(x15)
#1143 0 8000021c     40f2 r 01         800001ea  c.lwsp   x1, 0x1c
#1144 0 8000021e     4462 r 08         ffffffd8  c.lwsp   x8, 0x18
#1145 0 80000220 00168793 r 0f         00000003  addi     x15, x13, 0x1
#1146 0 80000224 00f9a023 m ffffffc8   00000003  sw       x15, 0x0(x19)
#1147 0 80000228 00170793 r 0f         00000014  addi     x15, x14, 0x1
#1148 0 8000022c 00fa2223 m ffffffc4   00000014  sw       x15, 0x4(x20)
#1149 0 80000230     44d2 r 09         00000002  c.lwsp   x9, 0x14
#1150 0 80000232     4942 r 12         ffffffd0  c.lwsp   x18, 0x10
#1151 0 80000234     49b2 r 13         ffffffc8  c.lwsp   x19, 0xc
#1152 0 80000236     4a22 r 14         ffffffc0  c.lwsp   x20, 0x8
#1153 0 80000238     6105 r 02         ffffff40  c.addi16sp 0x2
#1154 0 8000023a     8082 r 00         00000000  c.jr     x1
#1155 0 800001ea     4785 r 0f         00000001  c.li     x15, 0x1
#1156 0 800001ec     874a r 0e         ffffffd0  c.mv     x14, x18
#1157 0 800001ee 00f48663 r 00         00000000  beq      x9, x15, . + 0xc
#1158 0 800001f2     8922 r 12         ffffffd8  c.mv     x18, x8
#1159 0 800001f4     843a r 08         ffffffd0  c.mv     x8, x14
#1160 0 800001f6     bfe9 r 00         00000000  c.j      . - 0x26
#1161 0 800001d0     14fd r 09         00000001  c.addi   x9, -0x1
#1162 0 800001d2     85a6 r 0b         00000001  c.mv     x11, x9
#1163 0 800001d4     8552 r 0a         ffffffc0  c.mv     x10, x20
#1164 0 800001d6     8722 r 0e         ffffffd0  c.mv     x14, x8
#1165 0 800001d8     86ce r 0d         ffffffc8  c.mv     x13, x19
#1166 0 800001da     864a r 0c         ffffffd8  c.mv     x12, x18
#1167 0 800001dc     3fd9 r 01         800001de  c.jal    . - 0x2a
#1168 0 800001b2     1101 r 02         ffffff20  c.addi   x2, -0x20
#1169 0 800001b4     cc22 m ffffff38   ffffffd0  c.swsp   x8, 0x18
#1170 0 800001b6     ca26 m ffffff34   00000001  c.swsp   x9, 0x14
#1171 0 800001b8     c84a m ffffff30   ffffffd8  c.swsp   x18, 0x10
#1172 0 800001ba     c64e m ffffff2c   ffffffc8  c.swsp   x19, 0xc
#1173 0 800001bc     c452 m ffffff28   ffffffc0  c.swsp   x20, 0x8
#1174 0 800001be     ce06 m ffffff3c   800001de  c.swsp   x1, 0x1c
#1175 0 800001c0     4785 r 0f         00000001  c.li     x15, 0x1
#1176 0 800001c2     8a2a r 14         ffffffc0  c.mv     x20, x10
#1177 0 800001c4     8932 r 12         ffffffd8  c.mv     x18, x12
#1178 0 800001c6     89ba r 13         ffffffd0  c.mv     x19, x14
#1179 0 800001c8     84ae r 09         00000001  c.mv     x9, x11
#1180 0 800001ca     8436 r 08         ffffffc8  c.mv     x8, x13
#1181 0 800001cc 02f58663 r 00         00000000  beq      x11, x15, . + 0x2c
#1182 0 800001f8     8432 r 08         ffffffd8  c.mv     x8, x12
#1183 0 800001fa     405c r 0f         f0040030  c.lw     x15, 0x4(x8)
#1184 0 800001fc     4014 r 0d         00000003  c.lw     x13, 0x0(x8)
#1185 0 800001fe 004a2703 r 0e         00000014  lw       x14, 0x4(x20)
#1186 0 80000202     43cc r 0b         f0040028  c.lw     x11, 0x4(x15)
#1187 0 80000204     4390 r 0c         00000001  c.lw     x12, 0x0(x15)
#1188 0 80000206     16fd r 0d         00000002  c.addi   x13, -0x1
#1189 0 80000208     c04c m ffffffdc   f0040028  c.sw     x11, 0x4(x8)
#1190 0 8000020a 0049a583 r 0b         f0040018  lw       x11, 0x4(x19)
#1191 0 8000020e     c014 m ffffffd8   00000002  c.sw     x13, 0x0(x8)
#1192 0 80000210 0009a683 r 0d         00000001  lw       x13, 0x0(x19)
#1193 0 80000214     c3cc m f0040034   f0040018  c.sw     x11, 0x4(x15)
#1194 0 80000216 00f9a223 m ffffffd4   f0040030  sw       x15, 0x4(x19)
#1195 0 8000021a     c390 m f0040030   00000001  c.sw     x12, 0x0(x15)
#1196 0 8000021c     40f2 r 01         800001de  c.lwsp   x1, 0x1c
#1197 0 8000021e     4462 r 08         ffffffd0  c.lwsp   x8, 0x18
#1198 0 80000220 00168793 r 0f         00000002  addi     x15, x13, 0x1
#1199 0 80000224 00f9a023 m ffffffd0   00000002  sw       x15, 0x0(x19)
#1200 0 80000228 00170793 r 0f         00000015  addi     x15, x14, 0x1
#1201 0 8000022c 00fa2223 m ffffffc4   00000015  sw       x15, 0x4(x20)
#1202 0 80000230     44d2 r 09         00000001  c.lwsp   x9, 0x14
#1203 0 80000232     4942 r 12         ffffffd8  c.lwsp   x18, 0x10
#1204 0 80000234     49b2 r 13         ffffffc8  c.lwsp   x19, 0xc
#1205 0 80000236     4a22 r 14         ffffffc0  c.lwsp   x20, 0x8
#1206 0 80000238     6105 r 02         ffffff40  c.addi16sp 0x2
#1207 0 8000023a     8082 r 00         00000000  c.jr     x1
#1208 0 800001de     874e r 0e         ffffffc8  c.mv     x14, x19
#1209 0 800001e0     86a2 r 0d         ffffffd0  c.mv     x13, x8
#1210 0 800001e2     864a r 0c         ffffffd8  c.mv     x12, x18
#1211 0 800001e4     4585 r 0b         00000001  c.li     x11, 0x1
#1212 0 800001e6     8552 r 0a         ffffffc0  c.mv     x10, x20
#1213 0 800001e8     37e9 r 01         800001ea  c.jal    . - 0x36
#1214 0 800001b2     1101 r 02         ffffff20  c.addi   x2, -0x20
#1215 0 800001b4     cc22 m ffffff38   ffffffd0  c.swsp   x8, 0x18
#1216 0 800001b6     ca26 m ffffff34   00000001  c.swsp   x9, 0x14
#1217 0 800001b8     c84a m ffffff30   ffffffd8  c.swsp   x18, 0x10
#1218 0 800001ba     c64e m ffffff2c   ffffffc8  c.swsp   x19, 0xc
#1219 0 800001bc     c452 m ffffff28   ffffffc0  c.swsp   x20, 0x8
#1220 0 800001be     ce06 m ffffff3c   800001ea  c.swsp   x1, 0x1c
#1221 0 800001c0     4785 r 0f         00000001  c.li     x15, 0x1
#1222 0 800001c2     8a2a r 14         ffffffc0  c.mv     x20, x10
#1223 0 800001c4     8932 r 12         ffffffd8  c.mv     x18, x12
#1224 0 800001c6     89ba r 13         ffffffc8  c.mv     x19, x14
#1225 0 800001c8     84ae r 09         00000001  c.mv     x9, x11
#1226 0 800001ca     8436 r 08         ffffffd0  c.mv     x8, x13
#1227 0 800001cc 02f58663 r 00         00000000  beq      x11, x15, . + 0x2c
#1228 0 800001f8     8432 r 08         ffffffd8  c.mv     x8, x12
#1229 0 800001fa     405c r 0f         f0040028  c.lw     x15, 0x4(x8)
#1230 0 800001fc     4014 r 0d         00000002  c.lw     x13, 0x0(x8)
#1231 0 800001fe 004a2703 r 0e         00000015  lw       x14, 0x4(x20)
#1232 0 80000202     43cc r 0b         f0040010  c.lw     x11, 0x4(x15)
#1233 0 80000204     4390 r 0c         00000002  c.lw     x12, 0x0(x15)
#1234 0 80000206     16fd r 0d         00000001  c.addi   x13, -0x1
#1235 0 80000208     c04c m ffffffdc   f0040010  c.sw     x11, 0x4(x8)
#1236 0 8000020a 0049a583 r 0b         f0040020  lw       x11, 0x4(x19)
#1237 0 8000020e     c014 m ffffffd8   00000001  c.sw     x13, 0x0(x8)
#1238 0 80000210 0009a683 r 0d         00000003  lw       x13, 0x0(x19)
#1239 0 80000214     c3cc m f004002c   f0040020  c.sw     x11, 0x4(x15)
#1240 0 80000216 00f9a223 m ffffffcc   f0040028  sw       x15, 0x4(x19)
#1241 0 8000021a     c390 m f0040028   00000002  c.sw     x12, 0x0(x15)
#1242 0 8000021c     40f2 r 01         800001ea  c.lwsp   x1, 0x1c
#1243 0 8000021e     4462 r 08         ffffffd0  c.lwsp   x8, 0x18
#1244 0 80000220 00168793 r 0f         00000004  addi     x15, x13, 0x1
#1245 0 80000224 00f9a023 m ffffffc8   00000004  sw       x15, 0x0(x19)
#1246 0 80000228 00170793 r 0f         00000016  addi     x15, x14, 0x1
#1247 0 8000022c 00fa2223 m ffffffc4   00000016  sw       x15, 0x4(x20)
#1248 0 80000230     44d2 r 09         00000001  c.lwsp   x9, 0x14
#1249 0 80000232     4942 r 12         ffffffd8  c.lwsp   x18, 0x10
#1250 0 80000234     49b2 r 13         ffffffc8  c.lwsp   x19, 0xc
#1251 0 80000236     4a22 r 14         ffffffc0  c.lwsp   x20, 0x8
#1252 0 80000238     6105 r 02         ffffff40  c.addi16sp 0x2
#1253 0 8000023a     8082 r 00         00000000  c.jr     x1
#1254 0 800001ea     4785 r 0f         00000001  c.li     x15, 0x1
#1255 0 800001ec     874a r 0e         ffffffd8  c.mv     x14, x18
#1256 0 800001ee 00f48663 r 00         00000000  beq      x9, x15, . + 0xc
#1257 0 800001fa     405c r 0f         f0040030  c.lw     x15, 0x4(x8)
#1258 0 800001fc     4014 r 0d         00000002  c.lw     x13, 0x0(x8)
#1259 0 800001fe 004a2703 r 0e         00000016  lw       x14, 0x4(x20)
#1260 0 80000202     43cc r 0b         f0040018  c.lw     x11, 0x4(x15)
#1261 0 80000204     4390 r 0c         00000001  c.lw     x12, 0x0(x15)
#1262 0 80000206     16fd r 0d         00000001  c.addi   x13, -0x1
#1263 0 80000208     c04c m ffffffd4   f0040018  c.sw     x11, 0x4(x8)
#1264 0 8000020a 0049a583 r 0b         f0040028  lw       x11, 0x4(x19)
#1265 0 8000020e     c014 m ffffffd0   00000001  c.sw     x13, 0x0(x8)
#1266 0 80000210 0009a683 r 0d         00000004  lw       x13, 0x0(x19)
#1267 0 80000214     c3cc m f0040034   f0040028  c.sw     x11, 0x4(x15)
#1268 0 80000216 00f9a223 m ffffffcc   f0040030  sw       x15, 0x4(x19)
#1269 0 8000021a     c390 m f0040030   00000001  c.sw     x12, 0x0(x15)
#1270 0 8000021c     40f2 r 01         800001de  c.lwsp   x1, 0x1c
#1271 0 8000021e     4462 r 08         ffffffc8  c.lwsp   x8, 0x18
#1272 0 80000220 00168793 r 0f         00000005  addi     x15, x13, 0x1
#1273 0 80000224 00f9a023 m ffffffc8   00000005  sw       x15, 0x0(x19)
#1274 0 80000228 00170793 r 0f         00000017  addi     x15, x14, 0x1
#1275 0 8000022c 00fa2223 m ffffffc4   00000017  sw       x15, 0x4(x20)
#1276 0 80000230     44d2 r 09         00000003  c.lwsp   x9, 0x14
#1277 0 80000232     4942 r 12         ffffffd0  c.lwsp   x18, 0x10
#1278 0 80000234     49b2 r 13         ffffffd8  c.lwsp   x19, 0xc
#1279 0 80000236     4a22 r 14         ffffffc0  c.lwsp   x20, 0x8
#1280 0 80000238     6105 r 02         ffffff60  c.addi16sp 0x2
#1281 0 8000023a     8082 r 00         00000000  c.jr     x1
#1282 0 800001de     874e r 0e         ffffffd8  c.mv     x14, x19
#1283 0 800001e0     86a2 r 0d         ffffffc8  c.mv     x13, x8
#1284 0 800001e2     864a r 0c         ffffffd0  c.mv     x12, x18
#1285 0 800001e4     4585 r 0b         00000001  c.li     x11, 0x1
#1286 0 800001e6     8552 r 0a         ffffffc0  c.mv     x10, x20
#1287 0 800001e8     37e9 r 01         800001ea  c.jal    . - 0x36
#1288 0 800001b2     1101 r 02         ffffff40  c.addi   x2, -0x20
#1289 0 800001b4     cc22 m ffffff58   ffffffc8  c.swsp   x8, 0x18
#1290 0 800001b6     ca26 m ffffff54   00000003  c.swsp   x9, 0x14
#1291 0 800001b8     c84a m ffffff50   ffffffd0  c.swsp   x18, 0x10
#1292 0 800001ba     c64e m ffffff4c   ffffffd8  c.swsp   x19, 0xc
#1293 0 800001bc     c452 m ffffff48   ffffffc0  c.swsp   x20, 0x8
#1294 0 800001be     ce06 m ffffff5c   800001ea  c.swsp   x1, 0x1c
#1295 0 800001c0     4785 r 0f         00000001  c.li     x15, 0x1
#1296 0 800001c2     8a2a r 14         ffffffc0  c.mv     x20, x10
#1297 0 800001c4     8932 r 12         ffffffd0  c.mv     x18, x12
#1298 0 800001c6     89ba r 13         ffffffd8  c.mv     x19, x14
#1299 0 800001c8     84ae r 09         00000001  c.mv     x9, x11
#1300 0 800001ca     8436 r 08         ffffffc8  c.mv     x8, x13
#1301 0 800001cc 02f58663 r 00         00000000  beq      x11, x15, . + 0x2c
#1302 0 800001f8     8432 r 08         ffffffd0  c.mv     x8, x12
#1303 0 800001fa     405c r 0f         f0040018  c.lw     x15, 0x4(x8)
#1304 0 800001fc     4014 r 0d         00000001  c.lw     x13, 0x0(x8)
#1305 0 800001fe 004a2703 r 0e         00000017  lw       x14, 0x4(x20)
#1306 0 80000202     43cc r 0b         00000000  c.lw     x11, 0x4(x15)
#1307 0 80000204     4390 r 0c         00000004  c.lw     x12, 0x0(x15)
#1308 0 80000206     16fd r 0d         00000000  c.addi   x13, -0x1
#1309 0 80000208     c04c m ffffffd4   00000000  c.sw     x11, 0x4(x8)
#1310 0 8000020a 0049a583 r 0b         f0040010  lw       x11, 0x4(x19)
#1311 0 8000020e     c014 m ffffffd0   00000000  c.sw     x13, 0x0(x8)
#1312 0 80000210 0009a683 r 0d         00000001  lw       x13, 0x0(x19)
#1313 0 80000214     c3cc m f004001c   f0040010  c.sw     x11, 0x4(x15)
#1314 0 80000216 00f9a223 m ffffffdc   f0040018  sw       x15, 0x4(x19)
#1315 0 8000021a     c390 m f0040018   00000004  c.sw     x12, 0x0(x15)
#1316 0 8000021c     40f2 r 01         800001ea  c.lwsp   x1, 0x1c
#1317 0 8000021e     4462 r 08         ffffffc8  c.lwsp   x8, 0x18
#1318 0 80000220 00168793 r 0f         00000002  addi     x15, x13, 0x1
#1319 0 80000224 00f9a023 m ffffffd8   00000002  sw       x15, 0x0(x19)
#1320 0 80000228 00170793 r 0f         00000018  addi     x15, x14, 0x1
#1321 0 8000022c 00fa2223 m ffffffc4   00000018  sw       x15, 0x4(x20)
#1322 0 80000230     44d2 r 09         00000003  c.lwsp   x9, 0x14
#1323 0 80000232     4942 r 12         ffffffd0  c.lwsp   x18, 0x10
#1324 0 80000234     49b2 r 13         ffffffd8  c.lwsp   x19, 0xc
#1325 0 80000236     4a22 r 14         ffffffc0  c.lwsp   x20, 0x8
#1326 0 80000238     6105 r 02         ffffff60  c.addi16sp 0x2
#1327 0 8000023a     8082 r 00         00000000  c.jr     x1
#1328 0 800001ea     4785 r 0f         00000001  c.li     x15, 0x1
#1329 0 800001ec     874a r 0e         ffffffd0  c.mv     x14, x18
#1330 0 800001ee 00f48663 r 00         00000000  beq      x9, x15, . + 0xc
#1331 0 800001f2     8922 r 12         ffffffc8  c.mv     x18, x8
#1332 0 800001f4     843a r 08         ffffffd0  c.mv     x8, x14
#1333 0 800001f6     bfe9 r 00         00000000  c.j      . - 0x26
#1334 0 800001d0     14fd r 09         00000002  c.addi   x9, -0x1
#1335 0 800001d2     85a6 r 0b         00000002  c.mv     x11, x9
#1336 0 800001d4     8552 r 0a         ffffffc0  c.mv     x10, x20
#1337 0 800001d6     8722 r 0e         ffffffd0  c.mv     x14, x8
#1338 0 800001d8     86ce r 0d         ffffffd8  c.mv     x13, x19
#1339 0 800001da     864a r 0c         ffffffc8  c.mv     x12, x18
#1340 0 800001dc     3fd9 r 01         800001de  c.jal    . - 0x2a
#1341 0 800001b2     1101 r 02         ffffff40  c.addi   x2, -0x20
#1342 0 800001b4     cc22 m ffffff58   ffffffd0  c.swsp   x8, 0x18
#1343 0 800001b6     ca26 m ffffff54   00000002  c.swsp   x9, 0x14
#1344 0 800001b8     c84a m ffffff50   ffffffc8  c.swsp   x18, 0x10
#1345 0 800001ba     c64e m ffffff4c   ffffffd8  c.swsp   x19, 0xc
#1346 0 800001bc     c452 m ffffff48   ffffffc0  c.swsp   x20, 0x8
#1347 0 800001be     ce06 m ffffff5c   800001de  c.swsp   x1, 0x1c
#1348 0 800001c0     4785 r 0f         00000001  c.li     x15, 0x1
#1349 0 800001c2     8a2a r 14         ffffffc0  c.mv     x20, x10
#1350 0 800001c4     8932 r 12         ffffffc8  c.mv     x18, x12
#1351 0 800001c6     89ba r 13         ffffffd0  c.mv     x19, x14
#1352 0 800001c8     84ae r 09         00000002  c.mv     x9, x11
#1353 0 800001ca     8436 r 08         ffffffd8  c.mv     x8, x13
#1354 0 800001cc 02f58663 r 00         00000000  beq      x11, x15, . + 0x2c
#1355 0 800001d0     14fd r 09         00000001  c.addi   x9, -0x1
#1356 0 800001d2     85a6 r 0b         00000001  c.mv     x11, x9
#1357 0 800001d4     8552 r 0a         ffffffc0  c.mv     x10, x20
#1358 0 800001d6     8722 r 0e         ffffffd8  c.mv     x14, x8
#1359 0 800001d8     86ce r 0d         ffffffd0  c.mv     x13, x19
#1360 0 800001da     864a r 0c         ffffffc8  c.mv     x12, x18
#1361 0 800001dc     3fd9 r 01         800001de  c.jal    . - 0x2a
#1362 0 800001b2     1101 r 02         ffffff20  c.addi   x2, -0x20
#1363 0 800001b4     cc22 m ffffff38   ffffffd8  c.swsp   x8, 0x18
#1364 0 800001b6     ca26 m ffffff34   00000001  c.swsp   x9, 0x14
#1365 0 800001b8     c84a m ffffff30   ffffffc8  c.swsp   x18, 0x10
#1366 0 800001ba     c64e m ffffff2c   ffffffd0  c.swsp   x19, 0xc
#1367 0 800001bc     c452 m ffffff28   ffffffc0  c.swsp   x20, 0x8
#1368 0 800001be     ce06 m ffffff3c   800001de  c.swsp   x1, 0x1c
#1369 0 800001c0     4785 r 0f         00000001  c.li     x15, 0x1
#1370 0 800001c2     8a2a r 14         ffffffc0  c.mv     x20, x10
#1371 0 800001c4     8932 r 12         ffffffc8  c.mv     x18, x12
#1372 0 800001c6     89ba r 13         ffffffd8  c.mv     x19, x14
#1373 0 800001c8     84ae r 09         00000001  c.mv     x9, x11
#1374 0 800001ca     8436 r 08         ffffffd0  c.mv     x8, x13
#1375 0 800001cc 02f58663 r 00         00000000  beq      x11, x15, . + 0x2c
#1376 0 800001f8     8432 r 08         ffffffc8  c.mv     x8, x12
#1377 0 800001fa     405c r 0f         f0040030  c.lw     x15, 0x4(x8)
#1378 0 800001fc     4014 r 0d         00000005  c.lw     x13, 0x0(x8)
#1379 0 800001fe 004a2703 r 0e         00000018  lw       x14, 0x4(x20)
#1380 0 80000202     43cc r 0b         f0040028  c.lw     x11, 0x4(x15)
#1381 0 80000204     4390 r 0c         00000001  c.lw     x12, 0x0(x15)
#1382 0 80000206     16fd r 0d         00000004  c.addi   x13, -0x1
#1383 0 80000208     c04c m ffffffcc   f0040028  c.sw     x11, 0x4(x8)
#1384 0 8000020a 0049a583 r 0b         f0040018  lw       x11, 0x4(x19)
#1385 0 8000020e     c014 m ffffffc8   00000004  c.sw     x13, 0x0(x8)
#1386 0 80000210 0009a683 r 0d         00000002  lw       x13, 0x0(x19)
#1387 0 80000214     c3cc m f0040034   f0040018  c.sw     x11, 0x4(x15)
#1388 0 80000216 00f9a223 m ffffffdc   f0040030  sw       x15, 0x4(x19)
#1389 0 8000021a     c390 m f0040030   00000001  c.sw     x12, 0x0(x15)
#1390 0 8000021c     40f2 r 01         800001de  c.lwsp   x1, 0x1c
#1391 0 8000021e     4462 r 08         ffffffd8  c.lwsp   x8, 0x18
#1392 0 80000220 00168793 r 0f         00000003  addi     x15, x13, 0x1
#1393 0 80000224 00f9a023 m ffffffd8   00000003  sw       x15, 0x0(x19)
#1394 0 80000228 00170793 r 0f         00000019  addi     x15, x14, 0x1
#1395 0 8000022c 00fa2223 m ffffffc4   00000019  sw       x15, 0x4(x20)
#1396 0 80000230     44d2 r 09         00000001  c.lwsp   x9, 0x14
#1397 0 80000232     4942 r 12         ffffffc8  c.lwsp   x18, 0x10
#1398 0 80000234     49b2 r 13         ffffffd0  c.lwsp   x19, 0xc
#1399 0 80000236     4a22 r 14         ffffffc0  c.lwsp   x20, 0x8
#1400 0 80000238     6105 r 02         ffffff40  c.addi16sp 0x2
#1401 0 8000023a     8082 r 00         00000000  c.jr     x1
#1402 0 800001de     874e r 0e         ffffffd0  c.mv     x14, x19
#1403 0 800001e0     86a2 r 0d         ffffffd8  c.mv     x13, x8
#1404 0 800001e2     864a r 0c         ffffffc8  c.mv     x12, x18
#1405 0 800001e4     4585 r 0b         00000001  c.li     x11, 0x1
#1406 0 800001e6     8552 r 0a         ffffffc0  c.mv     x10, x20
#1407 0 800001e8     37e9 r 01         800001ea  c.jal    . - 0x36
#1408 0 800001b2     1101 r 02         ffffff20  c.addi   x2, -0x20
#1409 0 800001b4     cc22 m ffffff38   ffffffd8  c.swsp   x8, 0x18
#1410 0 800001b6     ca26 m ffffff34   00000001  c.swsp   x9, 0x14
#1411 0 800001b8     c84a m ffffff30   ffffffc8  c.swsp   x18, 0x10
#1412 0 800001ba     c64e m ffffff2c   ffffffd0  c.swsp   x19, 0xc
#1413 0 800001bc     c452 m ffffff28   ffffffc0  c.swsp   x20, 0x8
#1414 0 800001be     ce06 m ffffff3c   800001ea  c.swsp   x1, 0x1c
#1415 0 800001c0     4785 r 0f         00000001  c.li     x15, 0x1
#1416 0 800001c2     8a2a r 14         ffffffc0  c.mv     x20, x10
#1417 0 800001c4     8932 r 12         ffffffc8  c.mv     x18, x12
#1418 0 800001c6     89ba r 13         ffffffd0  c.mv     x19, x14
#1419 0 800001c8     84ae r 09         00000001  c.mv     x9, x11
#1420 0 800001ca     8436 r 08         ffffffd8  c.mv     x8, x13
#1421 0 800001cc 02f58663 r 00         00000000  beq      x11, x15, . + 0x2c
#1422 0 800001f8     8432 r 08         ffffffc8  c.mv     x8, x12
#1423 0 800001fa     405c r 0f         f0040028  c.lw     x15, 0x4(x8)
#1424 0 800001fc     4014 r 0d         00000004  c.lw     x13, 0x0(x8)
#1425 0 800001fe 004a2703 r 0e         00000019  lw       x14, 0x4(x20)
#1426 0 80000202     43cc r 0b         f0040020  c.lw     x11, 0x4(x15)
#1427 0 80000204     4390 r 0c         00000002  c.lw     x12, 0x0(x15)
#1428 0 80000206     16fd r 0d         00000003  c.addi   x13, -0x1
#1429 0 80000208     c04c m ffffffcc   f0040020  c.sw     x11, 0x4(x8)
#1430 0 8000020a 0049a583 r 0b         00000000  lw       x11, 0x4(x19)
#1431 0 8000020e     c014 m ffffffc8   00000003  c.sw     x13, 0x0(x8)
#1432 0 80000210 0009a683 r 0d         00000000  lw       x13, 0x0(x19)
#1433 0 80000214     c3cc m f004002c   00000000  c.sw     x11, 0x4(x15)
#1434 0 80000216 00f9a223 m ffffffd4   f0040028  sw       x15, 0x4(x19)
#1435 0 8000021a     c390 m f0040028   00000002  c.sw     x12, 0x0(x15)
#1436 0 8000021c     40f2 r 01         800001ea  c.lwsp   x1, 0x1c
#1437 0 8000021e     4462 r 08         ffffffd8  c.lwsp   x8, 0x18
#1438 0 80000220 00168793 r 0f         00000001  addi     x15, x13, 0x1
#1439 0 80000224 00f9a023 m ffffffd0   00000001  sw       x15, 0x0(x19)
#1440 0 80000228 00170793 r 0f         0000001a  addi     x15, x14, 0x1
#1441 0 8000022c 00fa2223 m ffffffc4   0000001a  sw       x15, 0x4(x20)
#1442 0 80000230     44d2 r 09         00000001  c.lwsp   x9, 0x14
#1443 0 80000232     4942 r 12         ffffffc8  c.lwsp   x18, 0x10
#1444 0 80000234     49b2 r 13         ffffffd0  c.lwsp   x19, 0xc
#1445 0 80000236     4a22 r 14         ffffffc0  c.lwsp   x20, 0x8
#1446 0 80000238     6105 r 02         ffffff40  c.addi16sp 0x2
#1447 0 8000023a     8082 r 00         00000000  c.jr     x1
#1448 0 800001ea     4785 r 0f         00000001  c.li     x15, 0x1
#1449 0 800001ec     874a r 0e         ffffffc8  c.mv     x14, x18
#1450 0 800001ee 00f48663 r 00         00000000  beq      x9, x15, . + 0xc
#1451 0 800001fa     405c r 0f         f0040030  c.lw     x15, 0x4(x8)
#1452 0 800001fc     4014 r 0d         00000003  c.lw     x13, 0x0(x8)
#1453 0 800001fe 004a2703 r 0e         0000001a  lw       x14, 0x4(x20)
#1454 0 80000202     43cc r 0b         f0040018  c.lw     x11, 0x4(x15)
#1455 0 80000204     4390 r 0c         00000001  c.lw     x12, 0x0(x15)
#1456 0 80000206     16fd r 0d         00000002  c.addi   x13, -0x1
#1457 0 80000208     c04c m ffffffdc   f0040018  c.sw     x11, 0x4(x8)
#1458 0 8000020a 0049a583 r 0b         f0040028  lw       x11, 0x4(x19)
#1459 0 8000020e     c014 m ffffffd8   00000002  c.sw     x13, 0x0(x8)
#1460 0 80000210 0009a683 r 0d         00000001  lw       x13, 0x0(x19)
#1461 0 80000214     c3cc m f0040034   f0040028  c.sw     x11, 0x4(x15)
#1462 0 80000216 00f9a223 m ffffffd4   f0040030  sw       x15, 0x4(x19)
#1463 0 8000021a     c390 m f0040030   00000001  c.sw     x12, 0x0(x15)
#1464 0 8000021c     40f2 r 01         800001de  c.lwsp   x1, 0x1c
#1465 0 8000021e     4462 r 08         ffffffd0  c.lwsp   x8, 0x18
#1466 0 80000220 00168793 r 0f         00000002  addi     x15, x13, 0x1
#1467 0 80000224 00f9a023 m ffffffd0   00000002  sw       x15, 0x0(x19)
#1468 0 80000228 00170793 r 0f         0000001b  addi     x15, x14, 0x1
#1469 0 8000022c 00fa2223 m ffffffc4   0000001b  sw       x15, 0x4(x20)
#1470 0 80000230     44d2 r 09         00000002  c.lwsp   x9, 0x14
#1471 0 80000232     4942 r 12         ffffffc8  c.lwsp   x18, 0x10
#1472 0 80000234     49b2 r 13         ffffffd8  c.lwsp   x19, 0xc
#1473 0 80000236     4a22 r 14         ffffffc0  c.lwsp   x20, 0x8
#1474 0 80000238     6105 r 02         ffffff60  c.addi16sp 0x2
#1475 0 8000023a     8082 r 00         00000000  c.jr     x1
#1476 0 800001de     874e r 0e         ffffffd8  c.mv     x14, x19
#1477 0 800001e0     86a2 r 0d         ffffffd0  c.mv     x13, x8
#1478 0 800001e2     864a r 0c         ffffffc8  c.mv     x12, x18
#1479 0 800001e4     4585 r 0b         00000001  c.li     x11, 0x1
#1480 0 800001e6     8552 r 0a         ffffffc0  c.mv     x10, x20
#1481 0 800001e8     37e9 r 01         800001ea  c.jal    . - 0x36
#1482 0 800001b2     1101 r 02         ffffff40  c.addi   x2, -0x20
#1483 0 800001b4     cc22 m ffffff58   ffffffd0  c.swsp   x8, 0x18
#1484 0 800001b6     ca26 m ffffff54   00000002  c.swsp   x9, 0x14
#1485 0 800001b8     c84a m ffffff50   ffffffc8  c.swsp   x18, 0x10
#1486 0 800001ba     c64e m ffffff4c   ffffffd8  c.swsp   x19, 0xc
#1487 0 800001bc     c452 m ffffff48   ffffffc0  c.swsp   x20, 0x8
#1488 0 800001be     ce06 m ffffff5c   800001ea  c.swsp   x1, 0x1c
#1489 0 800001c0     4785 r 0f         00000001  c.li     x15, 0x1
#1490 0 800001c2     8a2a r 14         ffffffc0  c.mv     x20, x10
#1491 0 800001c4     8932 r 12         ffffffc8  c.mv     x18, x12
#1492 0 800001c6     89ba r 13         ffffffd8  c.mv     x19, x14
#1493 0 800001c8     84ae r 09         00000001  c.mv     x9, x11
#1494 0 800001ca     8436 r 08         ffffffd0  c.mv     x8, x13
#1495 0 800001cc 02f58663 r 00         00000000  beq      x11, x15, . + 0x2c
#1496 0 800001f8     8432 r 08         ffffffc8  c.mv     x8, x12
#1497 0 800001fa     405c r 0f         f0040020  c.lw     x15, 0x4(x8)
#1498 0 800001fc     4014 r 0d         00000003  c.lw     x13, 0x0(x8)
#1499 0 800001fe 004a2703 r 0e         0000001b  lw       x14, 0x4(x20)
#1500 0 80000202     43cc r 0b         f0040008  c.lw     x11, 0x4(x15)
#1501 0 80000204     4390 r 0c         00000003  c.lw     x12, 0x0(x15)
#1502 0 80000206     16fd r 0d         00000002  c.addi   x13, -0x1
#1503 0 80000208     c04c m ffffffcc   f0040008  c.sw     x11, 0x4(x8)
#1504 0 8000020a 0049a583 r 0b         f0040018  lw       x11, 0x4(x19)
#1505 0 8000020e     c014 m ffffffc8   00000002  c.sw     x13, 0x0(x8)
#1506 0 80000210 0009a683 r 0d         00000002  lw       x13, 0x0(x19)
#1507 0 80000214     c3cc m f0040024   f0040018  c.sw     x11, 0x4(x15)
#1508 0 80000216 00f9a223 m ffffffdc   f0040020  sw       x15, 0x4(x19)
#1509 0 8000021a     c390 m f0040020   00000003  c.sw     x12, 0x0(x15)
#1510 0 8000021c     40f2 r 01         800001ea  c.lwsp   x1, 0x1c
#1511 0 8000021e     4462 r 08         ffffffd0  c.lwsp   x8, 0x18
#1512 0 80000220 00168793 r 0f         00000003  addi     x15, x13, 0x1
#1513 0 80000224 00f9a023 m ffffffd8   00000003  sw       x15, 0x0(x19)
#1514 0 80000228 00170793 r 0f         0000001c  addi     x15, x14, 0x1
#1515 0 8000022c 00fa2223 m ffffffc4   0000001c  sw       x15, 0x4(x20)
#1516 0 80000230     44d2 r 09         00000002  c.lwsp   x9, 0x14
#1517 0 80000232     4942 r 12         ffffffc8  c.lwsp   x18, 0x10
#1518 0 80000234     49b2 r 13         ffffffd8  c.lwsp   x19, 0xc
#1519 0 80000236     4a22 r 14         ffffffc0  c.lwsp   x20, 0x8
#1520 0 80000238     6105 r 02         ffffff60  c.addi16sp 0x2
#1521 0 8000023a     8082 r 00         00000000  c.jr     x1
#1522 0 800001ea     4785 r 0f         00000001  c.li     x15, 0x1
#1523 0 800001ec     874a r 0e         ffffffc8  c.mv     x14, x18
#1524 0 800001ee 00f48663 r 00         00000000  beq      x9, x15, . + 0xc
#1525 0 800001f2     8922 r 12         ffffffd0  c.mv     x18, x8
#1526 0 800001f4     843a r 08         ffffffc8  c.mv     x8, x14
#1527 0 800001f6     bfe9 r 00         00000000  c.j      . - 0x26
#1528 0 800001d0     14fd r 09         00000001  c.addi   x9, -0x1
#1529 0 800001d2     85a6 r 0b         00000001  c.mv     x11, x9
#1530 0 800001d4     8552 r 0a         ffffffc0  c.mv     x10, x20
#1531 0 800001d6     8722 r 0e         ffffffc8  c.mv     x14, x8
#1532 0 800001d8     86ce r 0d         ffffffd8  c.mv     x13, x19
#1533 0 800001da     864a r 0c         ffffffd0  c.mv     x12, x18
#1534 0 800001dc     3fd9 r 01         800001de  c.jal    . - 0x2a
#1535 0 800001b2     1101 r 02         ffffff40  c.addi   x2, -0x20
#1536 0 800001b4     cc22 m ffffff58   ffffffc8  c.swsp   x8, 0x18
#1537 0 800001b6     ca26 m ffffff54   00000001  c.swsp   x9, 0x14
#1538 0 800001b8     c84a m ffffff50   ffffffd0  c.swsp   x18, 0x10
#1539 0 800001ba     c64e m ffffff4c   ffffffd8  c.swsp   x19, 0xc
#1540 0 800001bc     c452 m ffffff48   ffffffc0  c.swsp   x20, 0x8
#1541 0 800001be     ce06 m ffffff5c   800001de  c.swsp   x1, 0x1c
#1542 0 800001c0     4785 r 0f         00000001  c.li     x15, 0x1
#1543 0 800001c2     8a2a r 14         ffffffc0  c.mv     x20, x10
#1544 0 800001c4     8932 r 12         ffffffd0  c.mv     x18, x12
#1545 0 800001c6     89ba r 13         ffffffc8  c.mv     x19, x14
#1546 0 800001c8     84ae r 09         00000001  c.mv     x9, x11
#1547 0 800001ca     8436 r 08         ffffffd8  c.mv     x8, x13
#1548 0 800001cc 02f58663 r 00         00000000  beq      x11, x15, . + 0x2c
#1549 0 800001f8     8432 r 08         ffffffd0  c.mv     x8, x12
#1550 0 800001fa     405c r 0f         f0040030  c.lw     x15, 0x4(x8)
#1551 0 800001fc     4014 r 0d         00000002  c.lw     x13, 0x0(x8)
#1552 0 800001fe 004a2703 r 0e         0000001c  lw       x14, 0x4(x20)
#1553 0 80000202     43cc r 0b         f0040028  c.lw     x11, 0x4(x15)
#1554 0 80000204     4390 r 0c         00000001  c.lw     x12, 0x0(x15)
#1555 0 80000206     16fd r 0d         00000001  c.addi   x13, -0x1
#1556 0 80000208     c04c m ffffffd4   f0040028  c.sw     x11, 0x4(x8)
#1557 0 8000020a 0049a583 r 0b         f0040008  lw       x11, 0x4(x19)
#1558 0 8000020e     c014 m ffffffd0   00000001  c.sw     x13, 0x0(x8)
#1559 0 80000210 0009a683 r 0d         00000002  lw       x13, 0x0(x19)
#1560 0 80000214     c3cc m f0040034   f0040008  c.sw     x11, 0x4(x15)
#1561 0 80000216 00f9a223 m ffffffcc   f0040030  sw       x15, 0x4(x19)
#1562 0 8000021a     c390 m f0040030   00000001  c.sw     x12, 0x0(x15)
#1563 0 8000021c     40f2 r 01         800001de  c.lwsp   x1, 0x1c
#1564 0 8000021e     4462 r 08         ffffffc8  c.lwsp   x8, 0x18
#1565 0 80000220 00168793 r 0f         00000003  addi     x15, x13, 0x1
#1566 0 80000224 00f9a023 m ffffffc8   00000003  sw       x15, 0x0(x19)
#1567 0 80000228 00170793 r 0f         0000001d  addi     x15, x14, 0x1
#1568 0 8000022c 00fa2223 m ffffffc4   0000001d  sw       x15, 0x4(x20)
#1569 0 80000230     44d2 r 09         00000001  c.lwsp   x9, 0x14
#1570 0 80000232     4942 r 12         ffffffd0  c.lwsp   x18, 0x10
#1571 0 80000234     49b2 r 13         ffffffd8  c.lwsp   x19, 0xc
#1572 0 80000236     4a22 r 14         ffffffc0  c.lwsp   x20, 0x8
#1573 0 80000238     6105 r 02         ffffff60  c.addi16sp 0x2
#1574 0 8000023a     8082 r 00         00000000  c.jr     x1
#1575 0 800001de     874e r 0e         ffffffd8  c.mv     x14, x19
#1576 0 800001e0     86a2 r 0d         ffffffc8  c.mv     x13, x8
#1577 0 800001e2     864a r 0c         ffffffd0  c.mv     x12, x18
#1578 0 800001e4     4585 r 0b         00000001  c.li     x11, 0x1
#1579 0 800001e6     8552 r 0a         ffffffc0  c.mv     x10, x20
#1580 0 800001e8     37e9 r 01         800001ea  c.jal    . - 0x36
#1581 0 800001b2     1101 r 02         ffffff40  c.addi   x2, -0x20
#1582 0 800001b4     cc22 m ffffff58   ffffffc8  c.swsp   x8, 0x18
#1583 0 800001b6     ca26 m ffffff54   00000001  c.swsp   x9, 0x14
#1584 0 800001b8     c84a m ffffff50   ffffffd0  c.swsp   x18, 0x10
#1585 0 800001ba     c64e m ffffff4c   ffffffd8  c.swsp   x19, 0xc
#1586 0 800001bc     c452 m ffffff48   ffffffc0  c.swsp   x20, 0x8
#1587 0 800001be     ce06 m ffffff5c   800001ea  c.swsp   x1, 0x1c
#1588 0 800001c0     4785 r 0f         00000001  c.li     x15, 0x1
#1589 0 800001c2     8a2a r 14         ffffffc0  c.mv     x20, x10
#1590 0 800001c4     8932 r 12         ffffffd0  c.mv     x18, x12
#1591 0 800001c6     89ba r 13         ffffffd8  c.mv     x19, x14
#1592 0 800001c8     84ae r 09         00000001  c.mv     x9, x11
#1593 0 800001ca     8436 r 08         ffffffc8  c.mv     x8, x13
#1594 0 800001cc 02f58663 r 00         00000000  beq      x11, x15, . + 0x2c
#1595 0 800001f8     8432 r 08         ffffffd0  c.mv     x8, x12
#1596 0 800001fa     405c r 0f         f0040028  c.lw     x15, 0x4(x8)
#1597 0 800001fc     4014 r 0d         00000001  c.lw     x13, 0x0(x8)
#1598 0 800001fe 004a2703 r 0e         0000001d  lw       x14, 0x4(x20)
#1599 0 80000202     43cc r 0b         00000000  c.lw     x11, 0x4(x15)
#1600 0 80000204     4390 r 0c         00000002  c.lw     x12, 0x0(x15)
#1601 0 80000206     16fd r 0d         00000000  c.addi   x13, -0x1
#1602 0 80000208     c04c m ffffffd4   00000000  c.sw     x11, 0x4(x8)
#1603 0 8000020a 0049a583 r 0b         f0040020  lw       x11, 0x4(x19)
#1604 0 8000020e     c014 m ffffffd0   00000000  c.sw     x13, 0x0(x8)
#1605 0 80000210 0009a683 r 0d         00000003  lw       x13, 0x0(x19)
#1606 0 80000214     c3cc m f004002c   f0040020  c.sw     x11, 0x4(x15)
#1607 0 80000216 00f9a223 m ffffffdc   f0040028  sw       x15, 0x4(x19)
#1608 0 8000021a     c390 m f0040028   00000002  c.sw     x12, 0x0(x15)
#1609 0 8000021c     40f2 r 01         800001ea  c.lwsp   x1, 0x1c
#1610 0 8000021e     4462 r 08         ffffffc8  c.lwsp   x8, 0x18
#1611 0 80000220 00168793 r 0f         00000004  addi     x15, x13, 0x1
#1612 0 80000224 00f9a023 m ffffffd8   00000004  sw       x15, 0x0(x19)
#1613 0 80000228 00170793 r 0f         0000001e  addi     x15, x14, 0x1
#1614 0 8000022c 00fa2223 m ffffffc4   0000001e  sw       x15, 0x4(x20)
#1615 0 80000230     44d2 r 09         00000001  c.lwsp   x9, 0x14
#1616 0 80000232     4942 r 12         ffffffd0  c.lwsp   x18, 0x10
#1617 0 80000234     49b2 r 13         ffffffd8  c.lwsp   x19, 0xc
#1618 0 80000236     4a22 r 14         ffffffc0  c.lwsp   x20, 0x8
#1619 0 80000238     6105 r 02         ffffff60  c.addi16sp 0x2
#1620 0 8000023a     8082 r 00         00000000  c.jr     x1
#1621 0 800001ea     4785 r 0f         00000001  c.li     x15, 0x1
#1622 0 800001ec     874a r 0e         ffffffd0  c.mv     x14, x18
#1623 0 800001ee 00f48663 r 00         00000000  beq      x9, x15, . + 0xc
#1624 0 800001fa     405c r 0f         f0040030  c.lw     x15, 0x4(x8)
#1625 0 800001fc     4014 r 0d         00000003  c.lw     x13, 0x0(x8)
#1626 0 800001fe 004a2703 r 0e         0000001e  lw       x14, 0x4(x20)
#1627 0 80000202     43cc r 0b         f0040008  c.lw     x11, 0x4(x15)
#1628 0 80000204     4390 r 0c         00000001  c.lw     x12, 0x0(x15)
#1629 0 80000206     16fd r 0d         00000002  c.addi   x13, -0x1
#1630 0 80000208     c04c m ffffffcc   f0040008  c.sw     x11, 0x4(x8)
#1631 0 8000020a 0049a583 r 0b         f0040028  lw       x11, 0x4(x19)
#1632 0 8000020e     c014 m ffffffc8   00000002  c.sw     x13, 0x0(x8)
#1633 0 80000210 0009a683 r 0d         00000004  lw       x13, 0x0(x19)
#1634 0 80000214     c3cc m f0040034   f0040028  c.sw     x11, 0x4(x15)
#1635 0 80000216 00f9a223 m ffffffdc   f0040030  sw       x15, 0x4(x19)
#1636 0 8000021a     c390 m f0040030   00000001  c.sw     x12, 0x0(x15)
#1637 0 8000021c     40f2 r 01         800001de  c.lwsp   x1, 0x1c
#1638 0 8000021e     4462 r 08         ffffffd8  c.lwsp   x8, 0x18
#1639 0 80000220 00168793 r 0f         00000005  addi     x15, x13, 0x1
#1640 0 80000224 00f9a023 m ffffffd8   00000005  sw       x15, 0x0(x19)
#1641 0 80000228 00170793 r 0f         0000001f  addi     x15, x14, 0x1
#1642 0 8000022c 00fa2223 m ffffffc4   0000001f  sw       x15, 0x4(x20)
#1643 0 80000230     44d2 r 09         00000005  c.lwsp   x9, 0x14
#1644 0 80000232     4942 r 12         ffffffc8  c.lwsp   x18, 0x10
#1645 0 80000234     49b2 r 13         ffffffd0  c.lwsp   x19, 0xc
#1646 0 80000236     4a22 r 14         ffffffc0  c.lwsp   x20, 0x8
#1647 0 80000238     6105 r 02         ffffff80  c.addi16sp 0x2
#1648 0 8000023a     8082 r 00         00000000  c.jr     x1
#1649 0 800001de     874e r 0e         ffffffd0  c.mv     x14, x19
#1650 0 800001e0     86a2 r 0d         ffffffd8  c.mv     x13, x8
#1651 0 800001e2     864a r 0c         ffffffc8  c.mv     x12, x18
#1652 0 800001e4     4585 r 0b         00000001  c.li     x11, 0x1
#1653 0 800001e6     8552 r 0a         ffffffc0  c.mv     x10, x20
#1654 0 800001e8     37e9 r 01         800001ea  c.jal    . - 0x36
#1655 0 800001b2     1101 r 02         ffffff60  c.addi   x2, -0x20
#1656 0 800001b4     cc22 m ffffff78   ffffffd8  c.swsp   x8, 0x18
#1657 0 800001b6     ca26 m ffffff74   00000005  c.swsp   x9, 0x14
#1658 0 800001b8     c84a m ffffff70   ffffffc8  c.swsp   x18, 0x10
#1659 0 800001ba     c64e m ffffff6c   ffffffd0  c.swsp   x19, 0xc
#1660 0 800001bc     c452 m ffffff68   ffffffc0  c.swsp   x20, 0x8
#1661 0 800001be     ce06 m ffffff7c   800001ea  c.swsp   x1, 0x1c
#1662 0 800001c0     4785 r 0f         00000001  c.li     x15, 0x1
#1663 0 800001c2     8a2a r 14         ffffffc0  c.mv     x20, x10
#1664 0 800001c4     8932 r 12         ffffffc8  c.mv     x18, x12
#1665 0 800001c6     89ba r 13         ffffffd0  c.mv     x19, x14
#1666 0 800001c8     84ae r 09         00000001  c.mv     x9, x11
#1667 0 800001ca     8436 r 08         ffffffd8  c.mv     x8, x13
#1668 0 800001cc 02f58663 r 00         00000000  beq      x11, x15, . + 0x2c
#1669 0 800001f8     8432 r 08         ffffffc8  c.mv     x8, x12
#1670 0 800001fa     405c r 0f         f0040008  c.lw     x15, 0x4(x8)
#1671 0 800001fc     4014 r 0d         00000002  c.lw     x13, 0x0(x8)
#1672 0 800001fe 004a2703 r 0e         0000001f  lw       x14, 0x4(x20)
#1673 0 80000202     43cc r 0b         f0040000  c.lw     x11, 0x4(x15)
#1674 0 80000204     4390 r 0c         00000006  c.lw     x12, 0x0(x15)
#1675 0 80000206     16fd r 0d         00000001  c.addi   x13, -0x1
#1676 0 80000208     c04c m ffffffcc   f0040000  c.sw     x11, 0x4(x8)
#1677 0 8000020a 0049a583 r 0b         00000000  lw       x11, 0x4(x19)
#1678 0 8000020e     c014 m ffffffc8   00000001  c.sw     x13, 0x0(x8)
#1679 0 80000210 0009a683 r 0d         00000000  lw       x13, 0x0(x19)
#1680 0 80000214     c3cc m f004000c   00000000  c.sw     x11, 0x4(x15)
#1681 0 80000216 00f9a223 m ffffffd4   f0040008  sw       x15, 0x4(x19)
#1682 0 8000021a     c390 m f0040008   00000006  c.sw     x12, 0x0(x15)
#1683 0 8000021c     40f2 r 01         800001ea  c.lwsp   x1, 0x1c
#1684 0 8000021e     4462 r 08         ffffffd8  c.lwsp   x8, 0x18
#1685 0 80000220 00168793 r 0f         00000001  addi     x15, x13, 0x1
#1686 0 80000224 00f9a023 m ffffffd0   00000001  sw       x15, 0x0(x19)
#1687 0 80000228 00170793 r 0f         00000020  addi     x15, x14, 0x1
#1688 0 8000022c 00fa2223 m ffffffc4   00000020  sw       x15, 0x4(x20)
#1689 0 80000230     44d2 r 09         00000005  c.lwsp   x9, 0x14
#1690 0 80000232     4942 r 12         ffffffc8  c.lwsp   x18, 0x10
#1691 0 80000234     49b2 r 13         ffffffd0  c.lwsp   x19, 0xc
#1692 0 80000236     4a22 r 14         ffffffc0  c.lwsp   x20, 0x8
#1693 0 80000238     6105 r 02         ffffff80  c.addi16sp 0x2
#1694 0 8000023a     8082 r 00         00000000  c.jr     x1
#1695 0 800001ea     4785 r 0f         00000001  c.li     x15, 0x1
#1696 0 800001ec     874a r 0e         ffffffc8  c.mv     x14, x18
#1697 0 800001ee 00f48663 r 00         00000000  beq      x9, x15, . + 0xc
#1698 0 800001f2     8922 r 12         ffffffd8  c.mv     x18, x8
#1699 0 800001f4     843a r 08         ffffffc8  c.mv     x8, x14
#1700 0 800001f6     bfe9 r 00         00000000  c.j      . - 0x26
#1701 0 800001d0     14fd r 09         00000004  c.addi   x9, -0x1
#1702 0 800001d2     85a6 r 0b         00000004  c.mv     x11, x9
#1703 0 800001d4     8552 r 0a         ffffffc0  c.mv     x10, x20
#1704 0 800001d6     8722 r 0e         ffffffc8  c.mv     x14, x8
#1705 0 800001d8     86ce r 0d         ffffffd0  c.mv     x13, x19
#1706 0 800001da     864a r 0c         ffffffd8  c.mv     x12, x18
#1707 0 800001dc     3fd9 r 01         800001de  c.jal    . - 0x2a
#1708 0 800001b2     1101 r 02         ffffff60  c.addi   x2, -0x20
#1709 0 800001b4     cc22 m ffffff78   ffffffc8  c.swsp   x8, 0x18
#1710 0 800001b6     ca26 m ffffff74   00000004  c.swsp   x9, 0x14
#1711 0 800001b8     c84a m ffffff70   ffffffd8  c.swsp   x18, 0x10
#1712 0 800001ba     c64e m ffffff6c   ffffffd0  c.swsp   x19, 0xc
#1713 0 800001bc     c452 m ffffff68   ffffffc0  c.swsp   x20, 0x8
#1714 0 800001be     ce06 m ffffff7c   800001de  c.swsp   x1, 0x1c
#1715 0 800001c0     4785 r 0f         00000001  c.li     x15, 0x1
#1716 0 800001c2     8a2a r 14         ffffffc0  c.mv     x20, x10
#1717 0 800001c4     8932 r 12         ffffffd8  c.mv     x18, x12
#1718 0 800001c6     89ba r 13         ffffffc8  c.mv     x19, x14
#1719 0 800001c8     84ae r 09         00000004  c.mv     x9, x11
#1720 0 800001ca     8436 r 08         ffffffd0  c.mv     x8, x13
#1721 0 800001cc 02f58663 r 00         00000000  beq      x11, x15, . + 0x2c
#1722 0 800001d0     14fd r 09         00000003  c.addi   x9, -0x1
#1723 0 800001d2     85a6 r 0b         00000003  c.mv     x11, x9
#1724 0 800001d4     8552 r 0a         ffffffc0  c.mv     x10, x20
#1725 0 800001d6     8722 r 0e         ffffffd0  c.mv     x14, x8
#1726 0 800001d8     86ce r 0d         ffffffc8  c.mv     x13, x19
#1727 0 800001da     864a r 0c         ffffffd8  c.mv     x12, x18
#1728 0 800001dc     3fd9 r 01         800001de  c.jal    . - 0x2a
#1729 0 800001b2     1101 r 02         ffffff40  c.addi   x2, -0x20
#1730 0 800001b4     cc22 m ffffff58   ffffffd0  c.swsp   x8, 0x18
#1731 0 800001b6     ca26 m ffffff54   00000003  c.swsp   x9, 0x14
#1732 0 800001b8     c84a m ffffff50   ffffffd8  c.swsp   x18, 0x10
#1733 0 800001ba     c64e m ffffff4c   ffffffc8  c.swsp   x19, 0xc
#1734 0 800001bc     c452 m ffffff48   ffffffc0  c.swsp   x20, 0x8
#1735 0 800001be     ce06 m ffffff5c   800001de  c.swsp   x1, 0x1c
#1736 0 800001c0     4785 r 0f         00000001  c.li     x15, 0x1
#1737 0 800001c2     8a2a r 14         ffffffc0  c.mv     x20, x10
#1738 0 800001c4     8932 r 12         ffffffd8  c.mv     x18, x12
#1739 0 800001c6     89ba r 13         ffffffd0  c.mv     x19, x14
#1740 0 800001c8     84ae r 09         00000003  c.mv     x9, x11
#1741 0 800001ca     8436 r 08         ffffffc8  c.mv     x8, x13
#1742 0 800001cc 02f58663 r 00         00000000  beq      x11, x15, . + 0x2c
#1743 0 800001d0     14fd r 09         00000002  c.addi   x9, -0x1
#1744 0 800001d2     85a6 r 0b         00000002  c.mv     x11, x9
#1745 0 800001d4     8552 r 0a         ffffffc0  c.mv     x10, x20
#1746 0 800001d6     8722 r 0e         ffffffc8  c.mv     x14, x8
#1747 0 800001d8     86ce r 0d         ffffffd0  c.mv     x13, x19
#1748 0 800001da     864a r 0c         ffffffd8  c.mv     x12, x18
#1749 0 800001dc     3fd9 r 01         800001de  c.jal    . - 0x2a
#1750 0 800001b2     1101 r 02         ffffff20  c.addi   x2, -0x20
#1751 0 800001b4     cc22 m ffffff38   ffffffc8  c.swsp   x8, 0x18
#1752 0 800001b6     ca26 m ffffff34   00000002  c.swsp   x9, 0x14
#1753 0 800001b8     c84a m ffffff30   ffffffd8  c.swsp   x18, 0x10
#1754 0 800001ba     c64e m ffffff2c   ffffffd0  c.swsp   x19, 0xc
#1755 0 800001bc     c452 m ffffff28   ffffffc0  c.swsp   x20, 0x8
#1756 0 800001be     ce06 m ffffff3c   800001de  c.swsp   x1, 0x1c
#1757 0 800001c0     4785 r 0f         00000001  c.li     x15, 0x1
#1758 0 800001c2     8a2a r 14         ffffffc0  c.mv     x20, x10
#1759 0 800001c4     8932 r 12         ffffffd8  c.mv     x18, x12
#1760 0 800001c6     89ba r 13         ffffffc8  c.mv     x19, x14
#1761 0 800001c8     84ae r 09         00000002  c.mv     x9, x11
#1762 0 800001ca     8436 r 08         ffffffd0  c.mv     x8, x13
#1763 0 800001cc 02f58663 r 00         00000000  beq      x11, x15, . + 0x2c
#1764 0 800001d0     14fd r 09         00000001  c.addi   x9, -0x1
#1765 0 800001d2     85a6 r 0b         00000001  c.mv     x11, x9
#1766 0 800001d4     8552 r 0a         ffffffc0  c.mv     x10, x20
#1767 0 800001d6     8722 r 0e         ffffffd0  c.mv     x14, x8
#1768 0 800001d8     86ce r 0d         ffffffc8  c.mv     x13, x19
#1769 0 800001da     864a r 0c         ffffffd8  c.mv     x12, x18
#1770 0 800001dc     3fd9 r 01         800001de  c.jal    . - 0x2a
#1771 0 800001b2     1101 r 02         ffffff00  c.addi   x2, -0x20
#1772 0 800001b4     cc22 m ffffff18   ffffffd0  c.swsp   x8, 0x18
#1773 0 800001b6     ca26 m ffffff14   00000001  c.swsp   x9, 0x14
#1774 0 800001b8     c84a m ffffff10   ffffffd8  c.swsp   x18, 0x10
#1775 0 800001ba     c64e m ffffff0c   ffffffc8  c.swsp   x19, 0xc
#1776 0 800001bc     c452 m ffffff08   ffffffc0  c.swsp   x20, 0x8
#1777 0 800001be     ce06 m ffffff1c   800001de  c.swsp   x1, 0x1c
#1778 0 800001c0     4785 r 0f         00000001  c.li     x15, 0x1
#1779 0 800001c2     8a2a r 14         ffffffc0  c.mv     x20, x10
#1780 0 800001c4     8932 r 12         ffffffd8  c.mv     x18, x12
#1781 0 800001c6     89ba r 13         ffffffd0  c.mv     x19, x14
#1782 0 800001c8     84ae r 09         00000001  c.mv     x9, x11
#1783 0 800001ca     8436 r 08         ffffffc8  c.mv     x8, x13
#1784 0 800001cc 02f58663 r 00         00000000  beq      x11, x15, . + 0x2c
#1785 0 800001f8     8432 r 08         ffffffd8  c.mv     x8, x12
#1786 0 800001fa     405c r 0f         f0040030  c.lw     x15, 0x4(x8)
#1787 0 800001fc     4014 r 0d         00000005  c.lw     x13, 0x0(x8)
#1788 0 800001fe 004a2703 r 0e         00000020  lw       x14, 0x4(x20)
#1789 0 80000202     43cc r 0b         f0040028  c.lw     x11, 0x4(x15)
#1790 0 80000204     4390 r 0c         00000001  c.lw     x12, 0x0(x15)
#1791 0 80000206     16fd r 0d         00000004  c.addi   x13, -0x1
#1792 0 80000208     c04c m ffffffdc   f0040028  c.sw     x11, 0x4(x8)
#1793 0 8000020a 0049a583 r 0b         f0040008  lw       x11, 0x4(x19)
#1794 0 8000020e     c014 m ffffffd8   00000004  c.sw     x13, 0x0(x8)
#1795 0 80000210 0009a683 r 0d         00000001  lw       x13, 0x0(x19)
#1796 0 80000214     c3cc m f0040034   f0040008  c.sw     x11, 0x4(x15)
#1797 0 80000216 00f9a223 m ffffffd4   f0040030  sw       x15, 0x4(x19)
#1798 0 8000021a     c390 m f0040030   00000001  c.sw     x12, 0x0(x15)
#1799 0 8000021c     40f2 r 01         800001de  c.lwsp   x1, 0x1c
#1800 0 8000021e     4462 r 08         ffffffd0  c.lwsp   x8, 0x18
#1801 0 80000220 00168793 r 0f         00000002  addi     x15, x13, 0x1
#1802 0 80000224 00f9a023 m ffffffd0   00000002  sw       x15, 0x0(x19)
#1803 0 80000228 00170793 r 0f         00000021  addi     x15, x14, 0x1
#1804 0 8000022c 00fa2223 m ffffffc4   00000021  sw       x15, 0x4(x20)
#1805 0 80000230     44d2 r 09         00000001  c.lwsp   x9, 0x14
#1806 0 80000232     4942 r 12         ffffffd8  c.lwsp   x18, 0x10
#1807 0 80000234     49b2 r 13         ffffffc8  c.lwsp   x19, 0xc
#1808 0 80000236     4a22 r 14         ffffffc0  c.lwsp   x20, 0x8
#1809 0 80000238     6105 r 02         ffffff20  c.addi16sp 0x2
#1810 0 8000023a     8082 r 00         00000000  c.jr     x1
#1811 0 800001de     874e r 0e         ffffffc8  c.mv     x14, x19
#1812 0 800001e0     86a2 r 0d         ffffffd0  c.mv     x13, x8
#1813 0 800001e2     864a r 0c         ffffffd8  c.mv     x12, x18
#1814 0 800001e4     4585 r 0b         00000001  c.li     x11, 0x1
#1815 0 800001e6     8552 r 0a         ffffffc0  c.mv     x10, x20
#1816 0 800001e8     37e9 r 01         800001ea  c.jal    . - 0x36
#1817 0 800001b2     1101 r 02         ffffff00  c.addi   x2, -0x20
#1818 0 800001b4     cc22 m ffffff18   ffffffd0  c.swsp   x8, 0x18
#1819 0 800001b6     ca26 m ffffff14   00000001  c.swsp   x9, 0x14
#1820 0 800001b8     c84a m ffffff10   ffffffd8  c.swsp   x18, 0x10
#1821 0 800001ba     c64e m ffffff0c   ffffffc8  c.swsp   x19, 0xc
#1822 0 800001bc     c452 m ffffff08   ffffffc0  c.swsp   x20, 0x8
#1823 0 800001be     ce06 m ffffff1c   800001ea  c.swsp   x1, 0x1c
#1824 0 800001c0     4785 r 0f         00000001  c.li     x15, 0x1
#1825 0 800001c2     8a2a r 14         ffffffc0  c.mv     x20, x10
#1826 0 800001c4     8932 r 12         ffffffd8  c.mv     x18, x12
#1827 0 800001c6     89ba r 13         ffffffc8  c.mv     x19, x14
#1828 0 800001c8     84ae r 09         00000001  c.mv     x9, x11
#1829 0 800001ca     8436 r 08         ffffffd0  c.mv     x8, x13
#1830 0 800001cc 02f58663 r 00         00000000  beq      x11, x15, . + 0x2c
#1831 0 800001f8     8432 r 08         ffffffd8  c.mv     x8, x12
#1832 0 800001fa     405c r 0f         f0040028  c.lw     x15, 0x4(x8)
#1833 0 800001fc     4014 r 0d         00000004  c.lw     x13, 0x0(x8)
#1834 0 800001fe 004a2703 r 0e         00000021  lw       x14, 0x4(x20)
#1835 0 80000202     43cc r 0b         f0040020  c.lw     x11, 0x4(x15)
#1836 0 80000204     4390 r 0c         00000002  c.lw     x12, 0x0(x15)
#1837 0 80000206     16fd r 0d         00000003  c.addi   x13, -0x1
#1838 0 80000208     c04c m ffffffdc   f0040020  c.sw     x11, 0x4(x8)
#1839 0 8000020a 0049a583 r 0b         f0040000  lw       x11, 0x4(x19)
#1840 0 8000020e     c014 m ffffffd8   00000003  c.sw     x13, 0x0(x8)
#1841 0 80000210 0009a683 r 0d         00000001  lw       x13, 0x0(x19)
#1842 0 80000214     c3cc m f004002c   f0040000  c.sw     x11, 0x4(x15)
#1843 0 80000216 00f9a223 m ffffffcc   f0040028  sw       x15, 0x4(x19)
#1844 0 8000021a     c390 m f0040028   00000002  c.sw     x12, 0x0(x15)
#1845 0 8000021c     40f2 r 01         800001ea  c.lwsp   x1, 0x1c
#1846 0 8000021e     4462 r 08         ffffffd0  c.lwsp   x8, 0x18
#1847 0 80000220 00168793 r 0f         00000002  addi     x15, x13, 0x1
#1848 0 80000224 00f9a023 m ffffffc8   00000002  sw       x15, 0x0(x19)
#1849 0 80000228 00170793 r 0f         00000022  addi     x15, x14, 0x1
#1850 0 8000022c 00fa2223 m ffffffc4   00000022  sw       x15, 0x4(x20)
#1851 0 80000230     44d2 r 09         00000001  c.lwsp   x9, 0x14
#1852 0 80000232     4942 r 12         ffffffd8  c.lwsp   x18, 0x10
#1853 0 80000234     49b2 r 13         ffffffc8  c.lwsp   x19, 0xc
#1854 0 80000236     4a22 r 14         ffffffc0  c.lwsp   x20, 0x8
#1855 0 80000238     6105 r 02         ffffff20  c.addi16sp 0x2
#1856 0 8000023a     8082 r 00         00000000  c.jr     x1
#1857 0 800001ea     4785 r 0f         00000001  c.li     x15, 0x1
#1858 0 800001ec     874a r 0e         ffffffd8  c.mv     x14, x18
#1859 0 800001ee 00f48663 r 00         00000000  beq      x9, x15, . + 0xc
#1860 0 800001fa     405c r 0f         f0040030  c.lw     x15, 0x4(x8)
#1861 0 800001fc     4014 r 0d         00000002  c.lw     x13, 0x0(x8)
#1862 0 800001fe 004a2703 r 0e         00000022  lw       x14, 0x4(x20)
#1863 0 80000202     43cc r 0b         f0040008  c.lw     x11, 0x4(x15)
#1864 0 80000204     4390 r 0c         00000001  c.lw     x12, 0x0(x15)
#1865 0 80000206     16fd r 0d         00000001  c.addi   x13, -0x1
#1866 0 80000208     c04c m ffffffd4   f0040008  c.sw     x11, 0x4(x8)
#1867 0 8000020a 0049a583 r 0b         f0040028  lw       x11, 0x4(x19)
#1868 0 8000020e     c014 m ffffffd0   00000001  c.sw     x13, 0x0(x8)
#1869 0 80000210 0009a683 r 0d         00000002  lw       x13, 0x0(x19)
#1870 0 80000214     c3cc m f0040034   f0040028  c.sw     x11, 0x4(x15)
#1871 0 80000216 00f9a223 m ffffffcc   f0040030  sw       x15, 0x4(x19)
#1872 0 8000021a     c390 m f0040030   00000001  c.sw     x12, 0x0(x15)
#1873 0 8000021c     40f2 r 01         800001de  c.lwsp   x1, 0x1c
#1874 0 8000021e     4462 r 08         ffffffc8  c.lwsp   x8, 0x18
#1875 0 80000220 00168793 r 0f         00000003  addi     x15, x13, 0x1
#1876 0 80000224 00f9a023 m ffffffc8   00000003  sw       x15, 0x0(x19)
#1877 0 80000228 00170793 r 0f         00000023  addi     x15, x14, 0x1
#1878 0 8000022c 00fa2223 m ffffffc4   00000023  sw       x15, 0x4(x20)
#1879 0 80000230     44d2 r 09         00000002  c.lwsp   x9, 0x14
#1880 0 80000232     4942 r 12         ffffffd8  c.lwsp   x18, 0x10
#1881 0 80000234     49b2 r 13         ffffffd0  c.lwsp   x19, 0xc
#1882 0 80000236     4a22 r 14         ffffffc0  c.lwsp   x20, 0x8
#1883 0 80000238     6105 r 02         ffffff40  c.addi16sp 0x2
#1884 0 8000023a     8082 r 00         00000000  c.jr     x1
#1885 0 800001de     874e r 0e         ffffffd0  c.mv     x14, x19
#1886 0 800001e0     86a2 r 0d         ffffffc8  c.mv     x13, x8
#1887 0 800001e2     864a r 0c         ffffffd8  c.mv     x12, x18
#1888 0 800001e4     4585 r 0b         00000001  c.li     x11, 0x1
#1889 0 800001e6     8552 r 0a         ffffffc0  c.mv     x10, x20
#1890 0 800001e8     37e9 r 01         800001ea  c.jal    . - 0x36
#1891 0 800001b2     1101 r 02         ffffff20  c.addi   x2, -0x20
#1892 0 800001b4     cc22 m ffffff38   ffffffc8  c.swsp   x8, 0x18
#1893 0 800001b6     ca26 m ffffff34   00000002  c.swsp   x9, 0x14
#1894 0 800001b8     c84a m ffffff30   ffffffd8  c.swsp   x18, 0x10
#1895 0 800001ba     c64e m ffffff2c   ffffffd0  c.swsp   x19, 0xc
#1896 0 800001bc     c452 m ffffff28   ffffffc0  c.swsp   x20, 0x8
#1897 0 800001be     ce06 m ffffff3c   800001ea  c.swsp   x1, 0x1c
#1898 0 800001c0     4785 r 0f         00000001  c.li     x15, 0x1
#1899 0 800001c2     8a2a r 14         ffffffc0  c.mv     x20, x10
#1900 0 800001c4     8932 r 12         ffffffd8  c.mv     x18, x12
#1901 0 800001c6     89ba r 13         ffffffd0  c.mv     x19, x14
#1902 0 800001c8     84ae r 09         00000001  c.mv     x9, x11
#1903 0 800001ca     8436 r 08         ffffffc8  c.mv     x8, x13
#1904 0 800001cc 02f58663 r 00         00000000  beq      x11, x15, . + 0x2c
#1905 0 800001f8     8432 r 08         ffffffd8  c.mv     x8, x12
#1906 0 800001fa     405c r 0f         f0040020  c.lw     x15, 0x4(x8)
#1907 0 800001fc     4014 r 0d         00000003  c.lw     x13, 0x0(x8)
#1908 0 800001fe 004a2703 r 0e         00000023  lw       x14, 0x4(x20)
#1909 0 80000202     43cc r 0b         f0040018  c.lw     x11, 0x4(x15)
#1910 0 80000204     4390 r 0c         00000003  c.lw     x12, 0x0(x15)
#1911 0 80000206     16fd r 0d         00000002  c.addi   x13, -0x1
#1912 0 80000208     c04c m ffffffdc   f0040018  c.sw     x11, 0x4(x8)
#1913 0 8000020a 0049a583 r 0b         f0040008  lw       x11, 0x4(x19)
#1914 0 8000020e     c014 m ffffffd8   00000002  c.sw     x13, 0x0(x8)
#1915 0 80000210 0009a683 r 0d         00000001  lw       x13, 0x0(x19)
#1916 0 80000214     c3cc m f0040024   f0040008  c.sw     x11, 0x4(x15)
#1917 0 80000216 00f9a223 m ffffffd4   f0040020  sw       x15, 0x4(x19)
#1918 0 8000021a     c390 m f0040020   00000003  c.sw     x12, 0x0(x15)
#1919 0 8000021c     40f2 r 01         800001ea  c.lwsp   x1, 0x1c
#1920 0 8000021e     4462 r 08         ffffffc8  c.lwsp   x8, 0x18
#1921 0 80000220 00168793 r 0f         00000002  addi     x15, x13, 0x1
#1922 0 80000224 00f9a023 m ffffffd0   00000002  sw       x15, 0x0(x19)
#1923 0 80000228 00170793 r 0f         00000024  addi     x15, x14, 0x1
#1924 0 8000022c 00fa2223 m ffffffc4   00000024  sw       x15, 0x4(x20)
#1925 0 80000230     44d2 r 09         00000002  c.lwsp   x9, 0x14
#1926 0 80000232     4942 r 12         ffffffd8  c.lwsp   x18, 0x10
#1927 0 80000234     49b2 r 13         ffffffd0  c.lwsp   x19, 0xc
#1928 0 80000236     4a22 r 14         ffffffc0  c.lwsp   x20, 0x8
#1929 0 80000238     6105 r 02         ffffff40  c.addi16sp 0x2
#1930 0 8000023a     8082 r 00         00000000  c.jr     x1
#1931 0 800001ea     4785 r 0f         00000001  c.li     x15, 0x1
#1932 0 800001ec     874a r 0e         ffffffd8  c.mv     x14, x18
#1933 0 800001ee 00f48663 r 00         00000000  beq      x9, x15, . + 0xc
#1934 0 800001f2     8922 r 12         ffffffc8  c.mv     x18, x8
#1935 0 800001f4     843a r 08         ffffffd8  c.mv     x8, x14
#1936 0 800001f6     bfe9 r 00         00000000  c.j      . - 0x26
#1937 0 800001d0     14fd r 09         00000001  c.addi   x9, -0x1
#1938 0 800001d2     85a6 r 0b         00000001  c.mv     x11, x9
#1939 0 800001d4     8552 r 0a         ffffffc0  c.mv     x10, x20
#1940 0 800001d6     8722 r 0e         ffffffd8  c.mv     x14, x8
#1941 0 800001d8     86ce r 0d         ffffffd0  c.mv     x13, x19
#1942 0 800001da     864a r 0c         ffffffc8  c.mv     x12, x18
#1943 0 800001dc     3fd9 r 01         800001de  c.jal    . - 0x2a
#1944 0 800001b2     1101 r 02         ffffff20  c.addi   x2, -0x20
#1945 0 800001b4     cc22 m ffffff38   ffffffd8  c.swsp   x8, 0x18
#1946 0 800001b6     ca26 m ffffff34   00000001  c.swsp   x9, 0x14
#1947 0 800001b8     c84a m ffffff30   ffffffc8  c.swsp   x18, 0x10
#1948 0 800001ba     c64e m ffffff2c   ffffffd0  c.swsp   x19, 0xc
#1949 0 800001bc     c452 m ffffff28   ffffffc0  c.swsp   x20, 0x8
#1950 0 800001be     ce06 m ffffff3c   800001de  c.swsp   x1, 0x1c
#1951 0 800001c0     4785 r 0f         00000001  c.li     x15, 0x1
#1952 0 800001c2     8a2a r 14         ffffffc0  c.mv     x20, x10
#1953 0 800001c4     8932 r 12         ffffffc8  c.mv     x18, x12
#1954 0 800001c6     89ba r 13         ffffffd8  c.mv     x19, x14
#1955 0 800001c8     84ae r 09         00000001  c.mv     x9, x11
#1956 0 800001ca     8436 r 08         ffffffd0  c.mv     x8, x13
#1957 0 800001cc 02f58663 r 00         00000000  beq      x11, x15, . + 0x2c
#1958 0 800001f8     8432 r 08         ffffffc8  c.mv     x8, x12
#1959 0 800001fa     405c r 0f         f0040030  c.lw     x15, 0x4(x8)
#1960 0 800001fc     4014 r 0d         00000003  c.lw     x13, 0x0(x8)
#1961 0 800001fe 004a2703 r 0e         00000024  lw       x14, 0x4(x20)
#1962 0 80000202     43cc r 0b         f0040028  c.lw     x11, 0x4(x15)
#1963 0 80000204     4390 r 0c         00000001  c.lw     x12, 0x0(x15)
#1964 0 80000206     16fd r 0d         00000002  c.addi   x13, -0x1
#1965 0 80000208     c04c m ffffffcc   f0040028  c.sw     x11, 0x4(x8)
#1966 0 8000020a 0049a583 r 0b         f0040018  lw       x11, 0x4(x19)
#1967 0 8000020e     c014 m ffffffc8   00000002  c.sw     x13, 0x0(x8)
#1968 0 80000210 0009a683 r 0d         00000002  lw       x13, 0x0(x19)
#1969 0 80000214     c3cc m f0040034   f0040018  c.sw     x11, 0x4(x15)
#1970 0 80000216 00f9a223 m ffffffdc   f0040030  sw       x15, 0x4(x19)
#1971 0 8000021a     c390 m f0040030   00000001  c.sw     x12, 0x0(x15)
#1972 0 8000021c     40f2 r 01         800001de  c.lwsp   x1, 0x1c
#1973 0 8000021e     4462 r 08         ffffffd8  c.lwsp   x8, 0x18
#1974 0 80000220 00168793 r 0f         00000003  addi     x15, x13, 0x1
#1975 0 80000224 00f9a023 m ffffffd8   00000003  sw       x15, 0x0(x19)
#1976 0 80000228 00170793 r 0f         00000025  addi     x15, x14, 0x1
#1977 0 8000022c 00fa2223 m ffffffc4   00000025  sw       x15, 0x4(x20)
#1978 0 80000230     44d2 r 09         00000001  c.lwsp   x9, 0x14
#1979 0 80000232     4942 r 12         ffffffc8  c.lwsp   x18, 0x10
#1980 0 80000234     49b2 r 13         ffffffd0  c.lwsp   x19, 0xc
#1981 0 80000236     4a22 r 14         ffffffc0  c.lwsp   x20, 0x8
#1982 0 80000238     6105 r 02         ffffff40  c.addi16sp 0x2
#1983 0 8000023a     8082 r 00         00000000  c.jr     x1
#1984 0 800001de     874e r 0e         ffffffd0  c.mv     x14, x19
#1985 0 800001e0     86a2 r 0d         ffffffd8  c.mv     x13, x8
#1986 0 800001e2     864a r 0c         ffffffc8  c.mv     x12, x18
#1987 0 800001e4     4585 r 0b         00000001  c.li     x11, 0x1
#1988 0 800001e6     8552 r 0a         ffffffc0  c.mv     x10, x20
#1989 0 800001e8     37e9 r 01         800001ea  c.jal    . - 0x36
#1990 0 800001b2     1101 r 02         ffffff20  c.addi   x2, -0x20
#1991 0 800001b4     cc22 m ffffff38   ffffffd8  c.swsp   x8, 0x18
#1992 0 800001b6     ca26 m ffffff34   00000001  c.swsp   x9, 0x14
#1993 0 800001b8     c84a m ffffff30   ffffffc8  c.swsp   x18, 0x10
#1994 0 800001ba     c64e m ffffff2c   ffffffd0  c.swsp   x19, 0xc
#1995 0 800001bc     c452 m ffffff28   ffffffc0  c.swsp   x20, 0x8
#1996 0 800001be     ce06 m ffffff3c   800001ea  c.swsp   x1, 0x1c
#1997 0 800001c0     4785 r 0f         00000001  c.li     x15, 0x1
#1998 0 800001c2     8a2a r 14         ffffffc0  c.mv     x20, x10
#1999 0 800001c4     8932 r 12         ffffffc8  c.mv     x18, x12
#2000 0 800001c6     89ba r 13         ffffffd0  c.mv     x19, x14
#2001 0 800001c8     84ae r 09         00000001  c.mv     x9, x11
#2002 0 800001ca     8436 r 08         ffffffd8  c.mv     x8, x13
#2003 0 800001cc 02f58663 r 00         00000000  beq      x11, x15, . + 0x2c
#2004 0 800001f8     8432 r 08         ffffffc8  c.mv     x8, x12
#2005 0 800001fa     405c r 0f         f0040028  c.lw     x15, 0x4(x8)
#2006 0 800001fc     4014 r 0d         00000002  c.lw     x13, 0x0(x8)
#2007 0 800001fe 004a2703 r 0e         00000025  lw       x14, 0x4(x20)
#2008 0 80000202     43cc r 0b         f0040000  c.lw     x11, 0x4(x15)
#2009 0 80000204     4390 r 0c         00000002  c.lw     x12, 0x0(x15)
#2010 0 80000206     16fd r 0d         00000001  c.addi   x13, -0x1
#2011 0 80000208     c04c m ffffffcc   f0040000  c.sw     x11, 0x4(x8)
#2012 0 8000020a 0049a583 r 0b         f0040020  lw       x11, 0x4(x19)
#2013 0 8000020e     c014 m ffffffc8   00000001  c.sw     x13, 0x0(x8)
#2014 0 80000210 0009a683 r 0d         00000002  lw       x13, 0x0(x19)
#2015 0 80000214     c3cc m f004002c   f0040020  c.sw     x11, 0x4(x15)
#2016 0 80000216 00f9a223 m ffffffd4   f0040028  sw       x15, 0x4(x19)
#2017 0 8000021a     c390 m f0040028   00000002  c.sw     x12, 0x0(x15)
#2018 0 8000021c     40f2 r 01         800001ea  c.lwsp   x1, 0x1c
#2019 0 8000021e     4462 r 08         ffffffd8  c.lwsp   x8, 0x18
#2020 0 80000220 00168793 r 0f         00000003  addi     x15, x13, 0x1
#2021 0 80000224 00f9a023 m ffffffd0   00000003  sw       x15, 0x0(x19)
#2022 0 80000228 00170793 r 0f         00000026  addi     x15, x14, 0x1
#2023 0 8000022c 00fa2223 m ffffffc4   00000026  sw       x15, 0x4(x20)
#2024 0 80000230     44d2 r 09         00000001  c.lwsp   x9, 0x14
#2025 0 80000232     4942 r 12         ffffffc8  c.lwsp   x18, 0x10
#2026 0 80000234     49b2 r 13         ffffffd0  c.lwsp   x19, 0xc
#2027 0 80000236     4a22 r 14         ffffffc0  c.lwsp   x20, 0x8
#2028 0 80000238     6105 r 02         ffffff40  c.addi16sp 0x2
#2029 0 8000023a     8082 r 00         00000000  c.jr     x1
#2030 0 800001ea     4785 r 0f         00000001  c.li     x15, 0x1
#2031 0 800001ec     874a r 0e         ffffffc8  c.mv     x14, x18
#2032 0 800001ee 00f48663 r 00         00000000  beq      x9, x15, . + 0xc
#2033 0 800001fa     405c r 0f         f0040030  c.lw     x15, 0x4(x8)
#2034 0 800001fc     4014 r 0d         00000003  c.lw     x13, 0x0(x8)
#2035 0 800001fe 004a2703 r 0e         00000026  lw       x14, 0x4(x20)
#2036 0 80000202     43cc r 0b         f0040018  c.lw     x11, 0x4(x15)
#2037 0 80000204     4390 r 0c         00000001  c.lw     x12, 0x0(x15)
#2038 0 80000206     16fd r 0d         00000002  c.addi   x13, -0x1
#2039 0 80000208     c04c m ffffffdc   f0040018  c.sw     x11, 0x4(x8)
#2040 0 8000020a 0049a583 r 0b         f0040028  lw       x11, 0x4(x19)
#2041 0 8000020e     c014 m ffffffd8   00000002  c.sw     x13, 0x0(x8)
#2042 0 80000210 0009a683 r 0d         00000003  lw       x13, 0x0(x19)
#2043 0 80000214     c3cc m f0040034   f0040028  c.sw     x11, 0x4(x15)
#2044 0 80000216 00f9a223 m ffffffd4   f0040030  sw       x15, 0x4(x19)
#2045 0 8000021a     c390 m f0040030   00000001  c.sw     x12, 0x0(x15)
#2046 0 8000021c     40f2 r 01         800001de  c.lwsp   x1, 0x1c
#2047 0 8000021e     4462 r 08         ffffffd0  c.lwsp   x8, 0x18
#2048 0 80000220 00168793 r 0f         00000004  addi     x15, x13, 0x1
#2049 0 80000224 00f9a023 m ffffffd0   00000004  sw       x15, 0x0(x19)
#2050 0 80000228 00170793 r 0f         00000027  addi     x15, x14, 0x1
#2051 0 8000022c 00fa2223 m ffffffc4   00000027  sw       x15, 0x4(x20)
#2052 0 80000230     44d2 r 09         00000003  c.lwsp   x9, 0x14
#2053 0 80000232     4942 r 12         ffffffd8  c.lwsp   x18, 0x10
#2054 0 80000234     49b2 r 13         ffffffc8  c.lwsp   x19, 0xc
#2055 0 80000236     4a22 r 14         ffffffc0  c.lwsp   x20, 0x8
#2056 0 80000238     6105 r 02         ffffff60  c.addi16sp 0x2
#2057 0 8000023a     8082 r 00         00000000  c.jr     x1
#2058 0 800001de     874e r 0e         ffffffc8  c.mv     x14, x19
#2059 0 800001e0     86a2 r 0d         ffffffd0  c.mv     x13, x8
#2060 0 800001e2     864a r 0c         ffffffd8  c.mv     x12, x18
#2061 0 800001e4     4585 r 0b         00000001  c.li     x11, 0x1
#2062 0 800001e6     8552 r 0a         ffffffc0  c.mv     x10, x20
#2063 0 800001e8     37e9 r 01         800001ea  c.jal    . - 0x36
#2064 0 800001b2     1101 r 02         ffffff40  c.addi   x2, -0x20
#2065 0 800001b4     cc22 m ffffff58   ffffffd0  c.swsp   x8, 0x18
#2066 0 800001b6     ca26 m ffffff54   00000003  c.swsp   x9, 0x14
#2067 0 800001b8     c84a m ffffff50   ffffffd8  c.swsp   x18, 0x10
#2068 0 800001ba     c64e m ffffff4c   ffffffc8  c.swsp   x19, 0xc
#2069 0 800001bc     c452 m ffffff48   ffffffc0  c.swsp   x20, 0x8
#2070 0 800001be     ce06 m ffffff5c   800001ea  c.swsp   x1, 0x1c
#2071 0 800001c0     4785 r 0f         00000001  c.li     x15, 0x1
#2072 0 800001c2     8a2a r 14         ffffffc0  c.mv     x20, x10
#2073 0 800001c4     8932 r 12         ffffffd8  c.mv     x18, x12
#2074 0 800001c6     89ba r 13         ffffffc8  c.mv     x19, x14
#2075 0 800001c8     84ae r 09         00000001  c.mv     x9, x11
#2076 0 800001ca     8436 r 08         ffffffd0  c.mv     x8, x13
#2077 0 800001cc 02f58663 r 00         00000000  beq      x11, x15, . + 0x2c
#2078 0 800001f8     8432 r 08         ffffffd8  c.mv     x8, x12
#2079 0 800001fa     405c r 0f         f0040018  c.lw     x15, 0x4(x8)
#2080 0 800001fc     4014 r 0d         00000002  c.lw     x13, 0x0(x8)
#2081 0 800001fe 004a2703 r 0e         00000027  lw       x14, 0x4(x20)
#2082 0 80000202     43cc r 0b         f0040010  c.lw     x11, 0x4(x15)
#2083 0 80000204     4390 r 0c         00000004  c.lw     x12, 0x0(x15)
#2084 0 80000206     16fd r 0d         00000001  c.addi   x13, -0x1
#2085 0 80000208     c04c m ffffffdc   f0040010  c.sw     x11, 0x4(x8)
#2086 0 8000020a 0049a583 r 0b         f0040000  lw       x11, 0x4(x19)
#2087 0 8000020e     c014 m ffffffd8   00000001  c.sw     x13, 0x0(x8)
#2088 0 80000210 0009a683 r 0d         00000001  lw       x13, 0x0(x19)
#2089 0 80000214     c3cc m f004001c   f0040000  c.sw     x11, 0x4(x15)
#2090 0 80000216 00f9a223 m ffffffcc   f0040018  sw       x15, 0x4(x19)
#2091 0 8000021a     c390 m f0040018   00000004  c.sw     x12, 0x0(x15)
#2092 0 8000021c     40f2 r 01         800001ea  c.lwsp   x1, 0x1c
#2093 0 8000021e     4462 r 08         ffffffd0  c.lwsp   x8, 0x18
#2094 0 80000220 00168793 r 0f         00000002  addi     x15, x13, 0x1
#2095 0 80000224 00f9a023 m ffffffc8   00000002  sw       x15, 0x0(x19)
#2096 0 80000228 00170793 r 0f         00000028  addi     x15, x14, 0x1
#2097 0 8000022c 00fa2223 m ffffffc4   00000028  sw       x15, 0x4(x20)
#2098 0 80000230     44d2 r 09         00000003  c.lwsp   x9, 0x14
#2099 0 80000232     4942 r 12         ffffffd8  c.lwsp   x18, 0x10
#2100 0 80000234     49b2 r 13         ffffffc8  c.lwsp   x19, 0xc
#2101 0 80000236     4a22 r 14         ffffffc0  c.lwsp   x20, 0x8
#2102 0 80000238     6105 r 02         ffffff60  c.addi16sp 0x2
#2103 0 8000023a     8082 r 00         00000000  c.jr     x1
#2104 0 800001ea     4785 r 0f         00000001  c.li     x15, 0x1
#2105 0 800001ec     874a r 0e         ffffffd8  c.mv     x14, x18
#2106 0 800001ee 00f48663 r 00         00000000  beq      x9, x15, . + 0xc
#2107 0 800001f2     8922 r 12         ffffffd0  c.mv     x18, x8
#2108 0 800001f4     843a r 08         ffffffd8  c.mv     x8, x14
#2109 0 800001f6     bfe9 r 00         00000000  c.j      . - 0x26
#2110 0 800001d0     14fd r 09         00000002  c.addi   x9, -0x1
#2111 0 800001d2     85a6 r 0b         00000002  c.mv     x11, x9
#2112 0 800001d4     8552 r 0a         ffffffc0  c.mv     x10, x20
#2113 0 800001d6     8722 r 0e         ffffffd8  c.mv     x14, x8
#2114 0 800001d8     86ce r 0d         ffffffc8  c.mv     x13, x19
#2115 0 800001da     864a r 0c         ffffffd0  c.mv     x12, x18
#2116 0 800001dc     3fd9 r 01         800001de  c.jal    . - 0x2a
#2117 0 800001b2     1101 r 02         ffffff40  c.addi   x2, -0x20
#2118 0 800001b4     cc22 m ffffff58   ffffffd8  c.swsp   x8, 0x18
#2119 0 800001b6     ca26 m ffffff54   00000002  c.swsp   x9, 0x14
#2120 0 800001b8     c84a m ffffff50   ffffffd0  c.swsp   x18, 0x10
#2121 0 800001ba     c64e m ffffff4c   ffffffc8  c.swsp   x19, 0xc
#2122 0 800001bc     c452 m ffffff48   ffffffc0  c.swsp   x20, 0x8
#2123 0 800001be     ce06 m ffffff5c   800001de  c.swsp   x1, 0x1c
#2124 0 800001c0     4785 r 0f         00000001  c.li     x15, 0x1
#2125 0 800001c2     8a2a r 14         ffffffc0  c.mv     x20, x10
#2126 0 800001c4     8932 r 12         ffffffd0  c.mv     x18, x12
#2127 0 800001c6     89ba r 13         ffffffd8  c.mv     x19, x14
#2128 0 800001c8     84ae r 09         00000002  c.mv     x9, x11
#2129 0 800001ca     8436 r 08         ffffffc8  c.mv     x8, x13
#2130 0 800001cc 02f58663 r 00         00000000  beq      x11, x15, . + 0x2c
#2131 0 800001d0     14fd r 09         00000001  c.addi   x9, -0x1
#2132 0 800001d2     85a6 r 0b         00000001  c.mv     x11, x9
#2133 0 800001d4     8552 r 0a         ffffffc0  c.mv     x10, x20
#2134 0 800001d6     8722 r 0e         ffffffc8  c.mv     x14, x8
#2135 0 800001d8     86ce r 0d         ffffffd8  c.mv     x13, x19
#2136 0 800001da     864a r 0c         ffffffd0  c.mv     x12, x18
#2137 0 800001dc     3fd9 r 01         800001de  c.jal    . - 0x2a
#2138 0 800001b2     1101 r 02         ffffff20  c.addi   x2, -0x20
#2139 0 800001b4     cc22 m ffffff38   ffffffc8  c.swsp   x8, 0x18
#2140 0 800001b6     ca26 m ffffff34   00000001  c.swsp   x9, 0x14
#2141 0 800001b8     c84a m ffffff30   ffffffd0  c.swsp   x18, 0x10
#2142 0 800001ba     c64e m ffffff2c   ffffffd8  c.swsp   x19, 0xc
#2143 0 800001bc     c452 m ffffff28   ffffffc0  c.swsp   x20, 0x8
#2144 0 800001be     ce06 m ffffff3c   800001de  c.swsp   x1, 0x1c
#2145 0 800001c0     4785 r 0f         00000001  c.li     x15, 0x1
#2146 0 800001c2     8a2a r 14         ffffffc0  c.mv     x20, x10
#2147 0 800001c4     8932 r 12         ffffffd0  c.mv     x18, x12
#2148 0 800001c6     89ba r 13         ffffffc8  c.mv     x19, x14
#2149 0 800001c8     84ae r 09         00000001  c.mv     x9, x11
#2150 0 800001ca     8436 r 08         ffffffd8  c.mv     x8, x13
#2151 0 800001cc 02f58663 r 00         00000000  beq      x11, x15, . + 0x2c
#2152 0 800001f8     8432 r 08         ffffffd0  c.mv     x8, x12
#2153 0 800001fa     405c r 0f         f0040030  c.lw     x15, 0x4(x8)
#2154 0 800001fc     4014 r 0d         00000004  c.lw     x13, 0x0(x8)
#2155 0 800001fe 004a2703 r 0e         00000028  lw       x14, 0x4(x20)
#2156 0 80000202     43cc r 0b         f0040028  c.lw     x11, 0x4(x15)
#2157 0 80000204     4390 r 0c         00000001  c.lw     x12, 0x0(x15)
#2158 0 80000206     16fd r 0d         00000003  c.addi   x13, -0x1
#2159 0 80000208     c04c m ffffffd4   f0040028  c.sw     x11, 0x4(x8)
#2160 0 8000020a 0049a583 r 0b         f0040018  lw       x11, 0x4(x19)
#2161 0 8000020e     c014 m ffffffd0   00000003  c.sw     x13, 0x0(x8)
#2162 0 80000210 0009a683 r 0d         00000002  lw       x13, 0x0(x19)
#2163 0 80000214     c3cc m f0040034   f0040018  c.sw     x11, 0x4(x15)
#2164 0 80000216 00f9a223 m ffffffcc   f0040030  sw       x15, 0x4(x19)
#2165 0 8000021a     c390 m f0040030   00000001  c.sw     x12, 0x0(x15)
#2166 0 8000021c     40f2 r 01         800001de  c.lwsp   x1, 0x1c
#2167 0 8000021e     4462 r 08         ffffffc8  c.lwsp   x8, 0x18
#2168 0 80000220 00168793 r 0f         00000003  addi     x15, x13, 0x1
#2169 0 80000224 00f9a023 m ffffffc8   00000003  sw       x15, 0x0(x19)
#2170 0 80000228 00170793 r 0f         00000029  addi     x15, x14, 0x1
#2171 0 8000022c 00fa2223 m ffffffc4   00000029  sw       x15, 0x4(x20)
#2172 0 80000230     44d2 r 09         00000001  c.lwsp   x9, 0x14
#2173 0 80000232     4942 r 12         ffffffd0  c.lwsp   x18, 0x10
#2174 0 80000234     49b2 r 13         ffffffd8  c.lwsp   x19, 0xc
#2175 0 80000236     4a22 r 14         ffffffc0  c.lwsp   x20, 0x8
#2176 0 80000238     6105 r 02         ffffff40  c.addi16sp 0x2
#2177 0 8000023a     8082 r 00         00000000  c.jr     x1
#2178 0 800001de     874e r 0e         ffffffd8  c.mv     x14, x19
#2179 0 800001e0     86a2 r 0d         ffffffc8  c.mv     x13, x8
#2180 0 800001e2     864a r 0c         ffffffd0  c.mv     x12, x18
#2181 0 800001e4     4585 r 0b         00000001  c.li     x11, 0x1
#2182 0 800001e6     8552 r 0a         ffffffc0  c.mv     x10, x20
#2183 0 800001e8     37e9 r 01         800001ea  c.jal    . - 0x36
#2184 0 800001b2     1101 r 02         ffffff20  c.addi   x2, -0x20
#2185 0 800001b4     cc22 m ffffff38   ffffffc8  c.swsp   x8, 0x18
#2186 0 800001b6     ca26 m ffffff34   00000001  c.swsp   x9, 0x14
#2187 0 800001b8     c84a m ffffff30   ffffffd0  c.swsp   x18, 0x10
#2188 0 800001ba     c64e m ffffff2c   ffffffd8  c.swsp   x19, 0xc
#2189 0 800001bc     c452 m ffffff28   ffffffc0  c.swsp   x20, 0x8
#2190 0 800001be     ce06 m ffffff3c   800001ea  c.swsp   x1, 0x1c
#2191 0 800001c0     4785 r 0f         00000001  c.li     x15, 0x1
#2192 0 800001c2     8a2a r 14         ffffffc0  c.mv     x20, x10
#2193 0 800001c4     8932 r 12         ffffffd0  c.mv     x18, x12
#2194 0 800001c6     89ba r 13         ffffffd8  c.mv     x19, x14
#2195 0 800001c8     84ae r 09         00000001  c.mv     x9, x11
#2196 0 800001ca     8436 r 08         ffffffc8  c.mv     x8, x13
#2197 0 800001cc 02f58663 r 00         00000000  beq      x11, x15, . + 0x2c
#2198 0 800001f8     8432 r 08         ffffffd0  c.mv     x8, x12
#2199 0 800001fa     405c r 0f         f0040028  c.lw     x15, 0x4(x8)
#2200 0 800001fc     4014 r 0d         00000003  c.lw     x13, 0x0(x8)
#2201 0 800001fe 004a2703 r 0e         00000029  lw       x14, 0x4(x20)
#2202 0 80000202     43cc r 0b         f0040020  c.lw     x11, 0x4(x15)
#2203 0 80000204     4390 r 0c         00000002  c.lw     x12, 0x0(x15)
#2204 0 80000206     16fd r 0d         00000002  c.addi   x13, -0x1
#2205 0 80000208     c04c m ffffffd4   f0040020  c.sw     x11, 0x4(x8)
#2206 0 8000020a 0049a583 r 0b         f0040010  lw       x11, 0x4(x19)
#2207 0 8000020e     c014 m ffffffd0   00000002  c.sw     x13, 0x0(x8)
#2208 0 80000210 0009a683 r 0d         00000001  lw       x13, 0x0(x19)
#2209 0 80000214     c3cc m f004002c   f0040010  c.sw     x11, 0x4(x15)
#2210 0 80000216 00f9a223 m ffffffdc   f0040028  sw       x15, 0x4(x19)
#2211 0 8000021a     c390 m f0040028   00000002  c.sw     x12, 0x0(x15)
#2212 0 8000021c     40f2 r 01         800001ea  c.lwsp   x1, 0x1c
#2213 0 8000021e     4462 r 08         ffffffc8  c.lwsp   x8, 0x18
#2214 0 80000220 00168793 r 0f         00000002  addi     x15, x13, 0x1
#2215 0 80000224 00f9a023 m ffffffd8   00000002  sw       x15, 0x0(x19)
#2216 0 80000228 00170793 r 0f         0000002a  addi     x15, x14, 0x1
#2217 0 8000022c 00fa2223 m ffffffc4   0000002a  sw       x15, 0x4(x20)
#2218 0 80000230     44d2 r 09         00000001  c.lwsp   x9, 0x14
#2219 0 80000232     4942 r 12         ffffffd0  c.lwsp   x18, 0x10
#2220 0 80000234     49b2 r 13         ffffffd8  c.lwsp   x19, 0xc
#2221 0 80000236     4a22 r 14         ffffffc0  c.lwsp   x20, 0x8
#2222 0 80000238     6105 r 02         ffffff40  c.addi16sp 0x2
#2223 0 8000023a     8082 r 00         00000000  c.jr     x1
#2224 0 800001ea     4785 r 0f         00000001  c.li     x15, 0x1
#2225 0 800001ec     874a r 0e         ffffffd0  c.mv     x14, x18
#2226 0 800001ee 00f48663 r 00         00000000  beq      x9, x15, . + 0xc
#2227 0 800001fa     405c r 0f         f0040030  c.lw     x15, 0x4(x8)
#2228 0 800001fc     4014 r 0d         00000003  c.lw     x13, 0x0(x8)
#2229 0 800001fe 004a2703 r 0e         0000002a  lw       x14, 0x4(x20)
#2230 0 80000202     43cc r 0b         f0040018  c.lw     x11, 0x4(x15)
#2231 0 80000204     4390 r 0c         00000001  c.lw     x12, 0x0(x15)
#2232 0 80000206     16fd r 0d         00000002  c.addi   x13, -0x1
#2233 0 80000208     c04c m ffffffcc   f0040018  c.sw     x11, 0x4(x8)
#2234 0 8000020a 0049a583 r 0b         f0040028  lw       x11, 0x4(x19)
#2235 0 8000020e     c014 m ffffffc8   00000002  c.sw     x13, 0x0(x8)
#2236 0 80000210 0009a683 r 0d         00000002  lw       x13, 0x0(x19)
#2237 0 80000214     c3cc m f0040034   f0040028  c.sw     x11, 0x4(x15)
#2238 0 80000216 00f9a223 m ffffffdc   f0040030  sw       x15, 0x4(x19)
#2239 0 8000021a     c390 m f0040030   00000001  c.sw     x12, 0x0(x15)
#2240 0 8000021c     40f2 r 01         800001de  c.lwsp   x1, 0x1c
#2241 0 8000021e     4462 r 08         ffffffd8  c.lwsp   x8, 0x18
#2242 0 80000220 00168793 r 0f         00000003  addi     x15, x13, 0x1
#2243 0 80000224 00f9a023 m ffffffd8   00000003  sw       x15, 0x0(x19)
#2244 0 80000228 00170793 r 0f         0000002b  addi     x15, x14, 0x1
#2245 0 8000022c 00fa2223 m ffffffc4   0000002b  sw       x15, 0x4(x20)
#2246 0 80000230     44d2 r 09         00000002  c.lwsp   x9, 0x14
#2247 0 80000232     4942 r 12         ffffffd0  c.lwsp   x18, 0x10
#2248 0 80000234     49b2 r 13         ffffffc8  c.lwsp   x19, 0xc
#2249 0 80000236     4a22 r 14         ffffffc0  c.lwsp   x20, 0x8
#2250 0 80000238     6105 r 02         ffffff60  c.addi16sp 0x2
#2251 0 8000023a     8082 r 00         00000000  c.jr     x1
#2252 0 800001de     874e r 0e         ffffffc8  c.mv     x14, x19
#2253 0 800001e0     86a2 r 0d         ffffffd8  c.mv     x13, x8
#2254 0 800001e2     864a r 0c         ffffffd0  c.mv     x12, x18
#2255 0 800001e4     4585 r 0b         00000001  c.li     x11, 0x1
#2256 0 800001e6     8552 r 0a         ffffffc0  c.mv     x10, x20
#2257 0 800001e8     37e9 r 01         800001ea  c.jal    . - 0x36
#2258 0 800001b2     1101 r 02         ffffff40  c.addi   x2, -0x20
#2259 0 800001b4     cc22 m ffffff58   ffffffd8  c.swsp   x8, 0x18
#2260 0 800001b6     ca26 m ffffff54   00000002  c.swsp   x9, 0x14
#2261 0 800001b8     c84a m ffffff50   ffffffd0  c.swsp   x18, 0x10
#2262 0 800001ba     c64e m ffffff4c   ffffffc8  c.swsp   x19, 0xc
#2263 0 800001bc     c452 m ffffff48   ffffffc0  c.swsp   x20, 0x8
#2264 0 800001be     ce06 m ffffff5c   800001ea  c.swsp   x1, 0x1c
#2265 0 800001c0     4785 r 0f         00000001  c.li     x15, 0x1
#2266 0 800001c2     8a2a r 14         ffffffc0  c.mv     x20, x10
#2267 0 800001c4     8932 r 12         ffffffd0  c.mv     x18, x12
#2268 0 800001c6     89ba r 13         ffffffc8  c.mv     x19, x14
#2269 0 800001c8     84ae r 09         00000001  c.mv     x9, x11
#2270 0 800001ca     8436 r 08         ffffffd8  c.mv     x8, x13
#2271 0 800001cc 02f58663 r 00         00000000  beq      x11, x15, . + 0x2c
#2272 0 800001f8     8432 r 08         ffffffd0  c.mv     x8, x12
#2273 0 800001fa     405c r 0f         f0040020  c.lw     x15, 0x4(x8)
#2274 0 800001fc     4014 r 0d         00000002  c.lw     x13, 0x0(x8)
#2275 0 800001fe 004a2703 r 0e         0000002b  lw       x14, 0x4(x20)
#2276 0 80000202     43cc r 0b         f0040008  c.lw     x11, 0x4(x15)
#2277 0 80000204     4390 r 0c         00000003  c.lw     x12, 0x0(x15)
#2278 0 80000206     16fd r 0d         00000001  c.addi   x13, -0x1
#2279 0 80000208     c04c m ffffffd4   f0040008  c.sw     x11, 0x4(x8)
#2280 0 8000020a 0049a583 r 0b         f0040018  lw       x11, 0x4(x19)
#2281 0 8000020e     c014 m ffffffd0   00000001  c.sw     x13, 0x0(x8)
#2282 0 80000210 0009a683 r 0d         00000002  lw       x13, 0x0(x19)
#2283 0 80000214     c3cc m f0040024   f0040018  c.sw     x11, 0x4(x15)
#2284 0 80000216 00f9a223 m ffffffcc   f0040020  sw       x15, 0x4(x19)
#2285 0 8000021a     c390 m f0040020   00000003  c.sw     x12, 0x0(x15)
#2286 0 8000021c     40f2 r 01         800001ea  c.lwsp   x1, 0x1c
#2287 0 8000021e     4462 r 08         ffffffd8  c.lwsp   x8, 0x18
#2288 0 80000220 00168793 r 0f         00000003  addi     x15, x13, 0x1
#2289 0 80000224 00f9a023 m ffffffc8   00000003  sw       x15, 0x0(x19)
#2290 0 80000228 00170793 r 0f         0000002c  addi     x15, x14, 0x1
#2291 0 8000022c 00fa2223 m ffffffc4   0000002c  sw       x15, 0x4(x20)
#2292 0 80000230     44d2 r 09         00000002  c.lwsp   x9, 0x14
#2293 0 80000232     4942 r 12         ffffffd0  c.lwsp   x18, 0x10
#2294 0 80000234     49b2 r 13         ffffffc8  c.lwsp   x19, 0xc
#2295 0 80000236     4a22 r 14         ffffffc0  c.lwsp   x20, 0x8
#2296 0 80000238     6105 r 02         ffffff60  c.addi16sp 0x2
#2297 0 8000023a     8082 r 00         00000000  c.jr     x1
#2298 0 800001ea     4785 r 0f         00000001  c.li     x15, 0x1
#2299 0 800001ec     874a r 0e         ffffffd0  c.mv     x14, x18
#2300 0 800001ee 00f48663 r 00         00000000  beq      x9, x15, . + 0xc
#2301 0 800001f2     8922 r 12         ffffffd8  c.mv     x18, x8
#2302 0 800001f4     843a r 08         ffffffd0  c.mv     x8, x14
#2303 0 800001f6     bfe9 r 00         00000000  c.j      . - 0x26
#2304 0 800001d0     14fd r 09         00000001  c.addi   x9, -0x1
#2305 0 800001d2     85a6 r 0b         00000001  c.mv     x11, x9
#2306 0 800001d4     8552 r 0a         ffffffc0  c.mv     x10, x20
#2307 0 800001d6     8722 r 0e         ffffffd0  c.mv     x14, x8
#2308 0 800001d8     86ce r 0d         ffffffc8  c.mv     x13, x19
#2309 0 800001da     864a r 0c         ffffffd8  c.mv     x12, x18
#2310 0 800001dc     3fd9 r 01         800001de  c.jal    . - 0x2a
#2311 0 800001b2     1101 r 02         ffffff40  c.addi   x2, -0x20
#2312 0 800001b4     cc22 m ffffff58   ffffffd0  c.swsp   x8, 0x18
#2313 0 800001b6     ca26 m ffffff54   00000001  c.swsp   x9, 0x14
#2314 0 800001b8     c84a m ffffff50   ffffffd8  c.swsp   x18, 0x10
#2315 0 800001ba     c64e m ffffff4c   ffffffc8  c.swsp   x19, 0xc
#2316 0 800001bc     c452 m ffffff48   ffffffc0  c.swsp   x20, 0x8
#2317 0 800001be     ce06 m ffffff5c   800001de  c.swsp   x1, 0x1c
#2318 0 800001c0     4785 r 0f         00000001  c.li     x15, 0x1
#2319 0 800001c2     8a2a r 14         ffffffc0  c.mv     x20, x10
#2320 0 800001c4     8932 r 12         ffffffd8  c.mv     x18, x12
#2321 0 800001c6     89ba r 13         ffffffd0  c.mv     x19, x14
#2322 0 800001c8     84ae r 09         00000001  c.mv     x9, x11
#2323 0 800001ca     8436 r 08         ffffffc8  c.mv     x8, x13
#2324 0 800001cc 02f58663 r 00         00000000  beq      x11, x15, . + 0x2c
#2325 0 800001f8     8432 r 08         ffffffd8  c.mv     x8, x12
#2326 0 800001fa     405c r 0f         f0040030  c.lw     x15, 0x4(x8)
#2327 0 800001fc     4014 r 0d         00000003  c.lw     x13, 0x0(x8)
#2328 0 800001fe 004a2703 r 0e         0000002c  lw       x14, 0x4(x20)
#2329 0 80000202     43cc r 0b         f0040028  c.lw     x11, 0x4(x15)
#2330 0 80000204     4390 r 0c         00000001  c.lw     x12, 0x0(x15)
#2331 0 80000206     16fd r 0d         00000002  c.addi   x13, -0x1
#2332 0 80000208     c04c m ffffffdc   f0040028  c.sw     x11, 0x4(x8)
#2333 0 8000020a 0049a583 r 0b         f0040008  lw       x11, 0x4(x19)
#2334 0 8000020e     c014 m ffffffd8   00000002  c.sw     x13, 0x0(x8)
#2335 0 80000210 0009a683 r 0d         00000001  lw       x13, 0x0(x19)
#2336 0 80000214     c3cc m f0040034   f0040008  c.sw     x11, 0x4(x15)
#2337 0 80000216 00f9a223 m ffffffd4   f0040030  sw       x15, 0x4(x19)
#2338 0 8000021a     c390 m f0040030   00000001  c.sw     x12, 0x0(x15)
#2339 0 8000021c     40f2 r 01         800001de  c.lwsp   x1, 0x1c
#2340 0 8000021e     4462 r 08         ffffffd0  c.lwsp   x8, 0x18
#2341 0 80000220 00168793 r 0f         00000002  addi     x15, x13, 0x1
#2342 0 80000224 00f9a023 m ffffffd0   00000002  sw       x15, 0x0(x19)
#2343 0 80000228 00170793 r 0f         0000002d  addi     x15, x14, 0x1
#2344 0 8000022c 00fa2223 m ffffffc4   0000002d  sw       x15, 0x4(x20)
#2345 0 80000230     44d2 r 09         00000001  c.lwsp   x9, 0x14
#2346 0 80000232     4942 r 12         ffffffd8  c.lwsp   x18, 0x10
#2347 0 80000234     49b2 r 13         ffffffc8  c.lwsp   x19, 0xc
#2348 0 80000236     4a22 r 14         ffffffc0  c.lwsp   x20, 0x8
#2349 0 80000238     6105 r 02         ffffff60  c.addi16sp 0x2
#2350 0 8000023a     8082 r 00         00000000  c.jr     x1
#2351 0 800001de     874e r 0e         ffffffc8  c.mv     x14, x19
#2352 0 800001e0     86a2 r 0d         ffffffd0  c.mv     x13, x8
#2353 0 800001e2     864a r 0c         ffffffd8  c.mv     x12, x18
#2354 0 800001e4     4585 r 0b         00000001  c.li     x11, 0x1
#2355 0 800001e6     8552 r 0a         ffffffc0  c.mv     x10, x20
#2356 0 800001e8     37e9 r 01         800001ea  c.jal    . - 0x36
#2357 0 800001b2     1101 r 02         ffffff40  c.addi   x2, -0x20
#2358 0 800001b4     cc22 m ffffff58   ffffffd0  c.swsp   x8, 0x18
#2359 0 800001b6     ca26 m ffffff54   00000001  c.swsp   x9, 0x14
#2360 0 800001b8     c84a m ffffff50   ffffffd8  c.swsp   x18, 0x10
#2361 0 800001ba     c64e m ffffff4c   ffffffc8  c.swsp   x19, 0xc
#2362 0 800001bc     c452 m ffffff48   ffffffc0  c.swsp   x20, 0x8
#2363 0 800001be     ce06 m ffffff5c   800001ea  c.swsp   x1, 0x1c
#2364 0 800001c0     4785 r 0f         00000001  c.li     x15, 0x1
#2365 0 800001c2     8a2a r 14         ffffffc0  c.mv     x20, x10
#2366 0 800001c4     8932 r 12         ffffffd8  c.mv     x18, x12
#2367 0 800001c6     89ba r 13         ffffffc8  c.mv     x19, x14
#2368 0 800001c8     84ae r 09         00000001  c.mv     x9, x11
#2369 0 800001ca     8436 r 08         ffffffd0  c.mv     x8, x13
#2370 0 800001cc 02f58663 r 00         00000000  beq      x11, x15, . + 0x2c
#2371 0 800001f8     8432 r 08         ffffffd8  c.mv     x8, x12
#2372 0 800001fa     405c r 0f         f0040028  c.lw     x15, 0x4(x8)
#2373 0 800001fc     4014 r 0d         00000002  c.lw     x13, 0x0(x8)
#2374 0 800001fe 004a2703 r 0e         0000002d  lw       x14, 0x4(x20)
#2375 0 80000202     43cc r 0b         f0040010  c.lw     x11, 0x4(x15)
#2376 0 80000204     4390 r 0c         00000002  c.lw     x12, 0x0(x15)
#2377 0 80000206     16fd r 0d         00000001  c.addi   x13, -0x1
#2378 0 80000208     c04c m ffffffdc   f0040010  c.sw     x11, 0x4(x8)
#2379 0 8000020a 0049a583 r 0b         f0040020  lw       x11, 0x4(x19)
#2380 0 8000020e     c014 m ffffffd8   00000001  c.sw     x13, 0x0(x8)
#2381 0 80000210 0009a683 r 0d         00000003  lw       x13, 0x0(x19)
#2382 0 80000214     c3cc m f004002c   f0040020  c.sw     x11, 0x4(x15)
#2383 0 80000216 00f9a223 m ffffffcc   f0040028  sw       x15, 0x4(x19)
#2384 0 8000021a     c390 m f0040028   00000002  c.sw     x12, 0x0(x15)
#2385 0 8000021c     40f2 r 01         800001ea  c.lwsp   x1, 0x1c
#2386 0 8000021e     4462 r 08         ffffffd0  c.lwsp   x8, 0x18
#2387 0 80000220 00168793 r 0f         00000004  addi     x15, x13, 0x1
#2388 0 80000224 00f9a023 m ffffffc8   00000004  sw       x15, 0x0(x19)
#2389 0 80000228 00170793 r 0f         0000002e  addi     x15, x14, 0x1
#2390 0 8000022c 00fa2223 m ffffffc4   0000002e  sw       x15, 0x4(x20)
#2391 0 80000230     44d2 r 09         00000001  c.lwsp   x9, 0x14
#2392 0 80000232     4942 r 12         ffffffd8  c.lwsp   x18, 0x10
#2393 0 80000234     49b2 r 13         ffffffc8  c.lwsp   x19, 0xc
#2394 0 80000236     4a22 r 14         ffffffc0  c.lwsp   x20, 0x8
#2395 0 80000238     6105 r 02         ffffff60  c.addi16sp 0x2
#2396 0 8000023a     8082 r 00         00000000  c.jr     x1
#2397 0 800001ea     4785 r 0f         00000001  c.li     x15, 0x1
#2398 0 800001ec     874a r 0e         ffffffd8  c.mv     x14, x18
#2399 0 800001ee 00f48663 r 00         00000000  beq      x9, x15, . + 0xc
#2400 0 800001fa     405c r 0f         f0040030  c.lw     x15, 0x4(x8)
#2401 0 800001fc     4014 r 0d         00000002  c.lw     x13, 0x0(x8)
#2402 0 800001fe 004a2703 r 0e         0000002e  lw       x14, 0x4(x20)
#2403 0 80000202     43cc r 0b         f0040008  c.lw     x11, 0x4(x15)
#2404 0 80000204     4390 r 0c         00000001  c.lw     x12, 0x0(x15)
#2405 0 80000206     16fd r 0d         00000001  c.addi   x13, -0x1
#2406 0 80000208     c04c m ffffffd4   f0040008  c.sw     x11, 0x4(x8)
#2407 0 8000020a 0049a583 r 0b         f0040028  lw       x11, 0x4(x19)
#2408 0 8000020e     c014 m ffffffd0   00000001  c.sw     x13, 0x0(x8)
#2409 0 80000210 0009a683 r 0d         00000004  lw       x13, 0x0(x19)
#2410 0 80000214     c3cc m f0040034   f0040028  c.sw     x11, 0x4(x15)
#2411 0 80000216 00f9a223 m ffffffcc   f0040030  sw       x15, 0x4(x19)
#2412 0 8000021a     c390 m f0040030   00000001  c.sw     x12, 0x0(x15)
#2413 0 8000021c     40f2 r 01         800001de  c.lwsp   x1, 0x1c
#2414 0 8000021e     4462 r 08         ffffffc8  c.lwsp   x8, 0x18
#2415 0 80000220 00168793 r 0f         00000005  addi     x15, x13, 0x1
#2416 0 80000224 00f9a023 m ffffffc8   00000005  sw       x15, 0x0(x19)
#2417 0 80000228 00170793 r 0f         0000002f  addi     x15, x14, 0x1
#2418 0 8000022c 00fa2223 m ffffffc4   0000002f  sw       x15, 0x4(x20)
#2419 0 80000230     44d2 r 09         00000004  c.lwsp   x9, 0x14
#2420 0 80000232     4942 r 12         ffffffd8  c.lwsp   x18, 0x10
#2421 0 80000234     49b2 r 13         ffffffd0  c.lwsp   x19, 0xc
#2422 0 80000236     4a22 r 14         ffffffc0  c.lwsp   x20, 0x8
#2423 0 80000238     6105 r 02         ffffff80  c.addi16sp 0x2
#2424 0 8000023a     8082 r 00         00000000  c.jr     x1
#2425 0 800001de     874e r 0e         ffffffd0  c.mv     x14, x19
#2426 0 800001e0     86a2 r 0d         ffffffc8  c.mv     x13, x8
#2427 0 800001e2     864a r 0c         ffffffd8  c.mv     x12, x18
#2428 0 800001e4     4585 r 0b         00000001  c.li     x11, 0x1
#2429 0 800001e6     8552 r 0a         ffffffc0  c.mv     x10, x20
#2430 0 800001e8     37e9 r 01         800001ea  c.jal    . - 0x36
#2431 0 800001b2     1101 r 02         ffffff60  c.addi   x2, -0x20
#2432 0 800001b4     cc22 m ffffff78   ffffffc8  c.swsp   x8, 0x18
#2433 0 800001b6     ca26 m ffffff74   00000004  c.swsp   x9, 0x14
#2434 0 800001b8     c84a m ffffff70   ffffffd8  c.swsp   x18, 0x10
#2435 0 800001ba     c64e m ffffff6c   ffffffd0  c.swsp   x19, 0xc
#2436 0 800001bc     c452 m ffffff68   ffffffc0  c.swsp   x20, 0x8
#2437 0 800001be     ce06 m ffffff7c   800001ea  c.swsp   x1, 0x1c
#2438 0 800001c0     4785 r 0f         00000001  c.li     x15, 0x1
#2439 0 800001c2     8a2a r 14         ffffffc0  c.mv     x20, x10
#2440 0 800001c4     8932 r 12         ffffffd8  c.mv     x18, x12
#2441 0 800001c6     89ba r 13         ffffffd0  c.mv     x19, x14
#2442 0 800001c8     84ae r 09         00000001  c.mv     x9, x11
#2443 0 800001ca     8436 r 08         ffffffc8  c.mv     x8, x13
#2444 0 800001cc 02f58663 r 00         00000000  beq      x11, x15, . + 0x2c
#2445 0 800001f8     8432 r 08         ffffffd8  c.mv     x8, x12
#2446 0 800001fa     405c r 0f         f0040010  c.lw     x15, 0x4(x8)
#2447 0 800001fc     4014 r 0d         00000001  c.lw     x13, 0x0(x8)
#2448 0 800001fe 004a2703 r 0e         0000002f  lw       x14, 0x4(x20)
#2449 0 80000202     43cc r 0b         00000000  c.lw     x11, 0x4(x15)
#2450 0 80000204     4390 r 0c         00000005  c.lw     x12, 0x0(x15)
#2451 0 80000206     16fd r 0d         00000000  c.addi   x13, -0x1
#2452 0 80000208     c04c m ffffffdc   00000000  c.sw     x11, 0x4(x8)
#2453 0 8000020a 0049a583 r 0b         f0040008  lw       x11, 0x4(x19)
#2454 0 8000020e     c014 m ffffffd8   00000000  c.sw     x13, 0x0(x8)
#2455 0 80000210 0009a683 r 0d         00000001  lw       x13, 0x0(x19)
#2456 0 80000214     c3cc m f0040014   f0040008  c.sw     x11, 0x4(x15)
#2457 0 80000216 00f9a223 m ffffffd4   f0040010  sw       x15, 0x4(x19)
#2458 0 8000021a     c390 m f0040010   00000005  c.sw     x12, 0x0(x15)
#2459 0 8000021c     40f2 r 01         800001ea  c.lwsp   x1, 0x1c
#2460 0 8000021e     4462 r 08         ffffffc8  c.lwsp   x8, 0x18
#2461 0 80000220 00168793 r 0f         00000002  addi     x15, x13, 0x1
#2462 0 80000224 00f9a023 m ffffffd0   00000002  sw       x15, 0x0(x19)
#2463 0 80000228 00170793 r 0f         00000030  addi     x15, x14, 0x1
#2464 0 8000022c 00fa2223 m ffffffc4   00000030  sw       x15, 0x4(x20)
#2465 0 80000230     44d2 r 09         00000004  c.lwsp   x9, 0x14
#2466 0 80000232     4942 r 12         ffffffd8  c.lwsp   x18, 0x10
#2467 0 80000234     49b2 r 13         ffffffd0  c.lwsp   x19, 0xc
#2468 0 80000236     4a22 r 14         ffffffc0  c.lwsp   x20, 0x8
#2469 0 80000238     6105 r 02         ffffff80  c.addi16sp 0x2
#2470 0 8000023a     8082 r 00         00000000  c.jr     x1
#2471 0 800001ea     4785 r 0f         00000001  c.li     x15, 0x1
#2472 0 800001ec     874a r 0e         ffffffd8  c.mv     x14, x18
#2473 0 800001ee 00f48663 r 00         00000000  beq      x9, x15, . + 0xc
#2474 0 800001f2     8922 r 12         ffffffc8  c.mv     x18, x8
#2475 0 800001f4     843a r 08         ffffffd8  c.mv     x8, x14
#2476 0 800001f6     bfe9 r 00         00000000  c.j      . - 0x26
#2477 0 800001d0     14fd r 09         00000003  c.addi   x9, -0x1
#2478 0 800001d2     85a6 r 0b         00000003  c.mv     x11, x9
#2479 0 800001d4     8552 r 0a         ffffffc0  c.mv     x10, x20
#2480 0 800001d6     8722 r 0e         ffffffd8  c.mv     x14, x8
#2481 0 800001d8     86ce r 0d         ffffffd0  c.mv     x13, x19
#2482 0 800001da     864a r 0c         ffffffc8  c.mv     x12, x18
#2483 0 800001dc     3fd9 r 01         800001de  c.jal    . - 0x2a
#2484 0 800001b2     1101 r 02         ffffff60  c.addi   x2, -0x20
#2485 0 800001b4     cc22 m ffffff78   ffffffd8  c.swsp   x8, 0x18
#2486 0 800001b6     ca26 m ffffff74   00000003  c.swsp   x9, 0x14
#2487 0 800001b8     c84a m ffffff70   ffffffc8  c.swsp   x18, 0x10
#2488 0 800001ba     c64e m ffffff6c   ffffffd0  c.swsp   x19, 0xc
#2489 0 800001bc     c452 m ffffff68   ffffffc0  c.swsp   x20, 0x8
#2490 0 800001be     ce06 m ffffff7c   800001de  c.swsp   x1, 0x1c
#2491 0 800001c0     4785 r 0f         00000001  c.li     x15, 0x1
#2492 0 800001c2     8a2a r 14         ffffffc0  c.mv     x20, x10
#2493 0 800001c4     8932 r 12         ffffffc8  c.mv     x18, x12
#2494 0 800001c6     89ba r 13         ffffffd8  c.mv     x19, x14
#2495 0 800001c8     84ae r 09         00000003  c.mv     x9, x11
#2496 0 800001ca     8436 r 08         ffffffd0  c.mv     x8, x13
#2497 0 800001cc 02f58663 r 00         00000000  beq      x11, x15, . + 0x2c
#2498 0 800001d0     14fd r 09         00000002  c.addi   x9, -0x1
#2499 0 800001d2     85a6 r 0b         00000002  c.mv     x11, x9
#2500 0 800001d4     8552 r 0a         ffffffc0  c.mv     x10, x20
#2501 0 800001d6     8722 r 0e         ffffffd0  c.mv     x14, x8
#2502 0 800001d8     86ce r 0d         ffffffd8  c.mv     x13, x19
#2503 0 800001da     864a r 0c         ffffffc8  c.mv     x12, x18
#2504 0 800001dc     3fd9 r 01         800001de  c.jal    . - 0x2a
#2505 0 800001b2     1101 r 02         ffffff40  c.addi   x2, -0x20
#2506 0 800001b4     cc22 m ffffff58   ffffffd0  c.swsp   x8, 0x18
#2507 0 800001b6     ca26 m ffffff54   00000002  c.swsp   x9, 0x14
#2508 0 800001b8     c84a m ffffff50   ffffffc8  c.swsp   x18, 0x10
#2509 0 800001ba     c64e m ffffff4c   ffffffd8  c.swsp   x19, 0xc
#2510 0 800001bc     c452 m ffffff48   ffffffc0  c.swsp   x20, 0x8
#2511 0 800001be     ce06 m ffffff5c   800001de  c.swsp   x1, 0x1c
#2512 0 800001c0     4785 r 0f         00000001  c.li     x15, 0x1
#2513 0 800001c2     8a2a r 14         ffffffc0  c.mv     x20, x10
#2514 0 800001c4     8932 r 12         ffffffc8  c.mv     x18, x12
#2515 0 800001c6     89ba r 13         ffffffd0  c.mv     x19, x14
#2516 0 800001c8     84ae r 09         00000002  c.mv     x9, x11
#2517 0 800001ca     8436 r 08         ffffffd8  c.mv     x8, x13
#2518 0 800001cc 02f58663 r 00         00000000  beq      x11, x15, . + 0x2c
#2519 0 800001d0     14fd r 09         00000001  c.addi   x9, -0x1
#2520 0 800001d2     85a6 r 0b         00000001  c.mv     x11, x9
#2521 0 800001d4     8552 r 0a         ffffffc0  c.mv     x10, x20
#2522 0 800001d6     8722 r 0e         ffffffd8  c.mv     x14, x8
#2523 0 800001d8     86ce r 0d         ffffffd0  c.mv     x13, x19
#2524 0 800001da     864a r 0c         ffffffc8  c.mv     x12, x18
#2525 0 800001dc     3fd9 r 01         800001de  c.jal    . - 0x2a
#2526 0 800001b2     1101 r 02         ffffff20  c.addi   x2, -0x20
#2527 0 800001b4     cc22 m ffffff38   ffffffd8  c.swsp   x8, 0x18
#2528 0 800001b6     ca26 m ffffff34   00000001  c.swsp   x9, 0x14
#2529 0 800001b8     c84a m ffffff30   ffffffc8  c.swsp   x18, 0x10
#2530 0 800001ba     c64e m ffffff2c   ffffffd0  c.swsp   x19, 0xc
#2531 0 800001bc     c452 m ffffff28   ffffffc0  c.swsp   x20, 0x8
#2532 0 800001be     ce06 m ffffff3c   800001de  c.swsp   x1, 0x1c
#2533 0 800001c0     4785 r 0f         00000001  c.li     x15, 0x1
#2534 0 800001c2     8a2a r 14         ffffffc0  c.mv     x20, x10
#2535 0 800001c4     8932 r 12         ffffffc8  c.mv     x18, x12
#2536 0 800001c6     89ba r 13         ffffffd8  c.mv     x19, x14
#2537 0 800001c8     84ae r 09         00000001  c.mv     x9, x11
#2538 0 800001ca     8436 r 08         ffffffd0  c.mv     x8, x13
#2539 0 800001cc 02f58663 r 00         00000000  beq      x11, x15, . + 0x2c
#2540 0 800001f8     8432 r 08         ffffffc8  c.mv     x8, x12
#2541 0 800001fa     405c r 0f         f0040030  c.lw     x15, 0x4(x8)
#2542 0 800001fc     4014 r 0d         00000005  c.lw     x13, 0x0(x8)
#2543 0 800001fe 004a2703 r 0e         00000030  lw       x14, 0x4(x20)
#2544 0 80000202     43cc r 0b         f0040028  c.lw     x11, 0x4(x15)
#2545 0 80000204     4390 r 0c         00000001  c.lw     x12, 0x0(x15)
#2546 0 80000206     16fd r 0d         00000004  c.addi   x13, -0x1
#2547 0 80000208     c04c m ffffffcc   f0040028  c.sw     x11, 0x4(x8)
#2548 0 8000020a 0049a583 r 0b         00000000  lw       x11, 0x4(x19)
#2549 0 8000020e     c014 m ffffffc8   00000004  c.sw     x13, 0x0(x8)
#2550 0 80000210 0009a683 r 0d         00000000  lw       x13, 0x0(x19)
#2551 0 80000214     c3cc m f0040034   00000000  c.sw     x11, 0x4(x15)
#2552 0 80000216 00f9a223 m ffffffdc   f0040030  sw       x15, 0x4(x19)
#2553 0 8000021a     c390 m f0040030   00000001  c.sw     x12, 0x0(x15)
#2554 0 8000021c     40f2 r 01         800001de  c.lwsp   x1, 0x1c
#2555 0 8000021e     4462 r 08         ffffffd8  c.lwsp   x8, 0x18
#2556 0 80000220 00168793 r 0f         00000001  addi     x15, x13, 0x1
#2557 0 80000224 00f9a023 m ffffffd8   00000001  sw       x15, 0x0(x19)
#2558 0 80000228 00170793 r 0f         00000031  addi     x15, x14, 0x1
#2559 0 8000022c 00fa2223 m ffffffc4   00000031  sw       x15, 0x4(x20)
#2560 0 80000230     44d2 r 09         00000001  c.lwsp   x9, 0x14
#2561 0 80000232     4942 r 12         ffffffc8  c.lwsp   x18, 0x10
#2562 0 80000234     49b2 r 13         ffffffd0  c.lwsp   x19, 0xc
#2563 0 80000236     4a22 r 14         ffffffc0  c.lwsp   x20, 0x8
#2564 0 80000238     6105 r 02         ffffff40  c.addi16sp 0x2
#2565 0 8000023a     8082 r 00         00000000  c.jr     x1
#2566 0 800001de     874e r 0e         ffffffd0  c.mv     x14, x19
#2567 0 800001e0     86a2 r 0d         ffffffd8  c.mv     x13, x8
#2568 0 800001e2     864a r 0c         ffffffc8  c.mv     x12, x18
#2569 0 800001e4     4585 r 0b         00000001  c.li     x11, 0x1
#2570 0 800001e6     8552 r 0a         ffffffc0  c.mv     x10, x20
#2571 0 800001e8     37e9 r 01         800001ea  c.jal    . - 0x36
#2572 0 800001b2     1101 r 02         ffffff20  c.addi   x2, -0x20
#2573 0 800001b4     cc22 m ffffff38   ffffffd8  c.swsp   x8, 0x18
#2574 0 800001b6     ca26 m ffffff34   00000001  c.swsp   x9, 0x14
#2575 0 800001b8     c84a m ffffff30   ffffffc8  c.swsp   x18, 0x10
#2576 0 800001ba     c64e m ffffff2c   ffffffd0  c.swsp   x19, 0xc
#2577 0 800001bc     c452 m ffffff28   ffffffc0  c.swsp   x20, 0x8
#2578 0 800001be     ce06 m ffffff3c   800001ea  c.swsp   x1, 0x1c
#2579 0 800001c0     4785 r 0f         00000001  c.li     x15, 0x1
#2580 0 800001c2     8a2a r 14         ffffffc0  c.mv     x20, x10
#2581 0 800001c4     8932 r 12         ffffffc8  c.mv     x18, x12
#2582 0 800001c6     89ba r 13         ffffffd0  c.mv     x19, x14
#2583 0 800001c8     84ae r 09         00000001  c.mv     x9, x11
#2584 0 800001ca     8436 r 08         ffffffd8  c.mv     x8, x13
#2585 0 800001cc 02f58663 r 00         00000000  beq      x11, x15, . + 0x2c
#2586 0 800001f8     8432 r 08         ffffffc8  c.mv     x8, x12
#2587 0 800001fa     405c r 0f         f0040028  c.lw     x15, 0x4(x8)
#2588 0 800001fc     4014 r 0d         00000004  c.lw     x13, 0x0(x8)
#2589 0 800001fe 004a2703 r 0e         00000031  lw       x14, 0x4(x20)
#2590 0 80000202     43cc r 0b         f0040020  c.lw     x11, 0x4(x15)
#2591 0 80000204     4390 r 0c         00000002  c.lw     x12, 0x0(x15)
#2592 0 80000206     16fd r 0d         00000003  c.addi   x13, -0x1
#2593 0 80000208     c04c m ffffffcc   f0040020  c.sw     x11, 0x4(x8)
#2594 0 8000020a 0049a583 r 0b         f0040010  lw       x11, 0x4(x19)
#2595 0 8000020e     c014 m ffffffc8   00000003  c.sw     x13, 0x0(x8)
#2596 0 80000210 0009a683 r 0d         00000002  lw       x13, 0x0(x19)
#2597 0 80000214     c3cc m f004002c   f0040010  c.sw     x11, 0x4(x15)
#2598 0 80000216 00f9a223 m ffffffd4   f0040028  sw       x15, 0x4(x19)
#2599 0 8000021a     c390 m f0040028   00000002  c.sw     x12, 0x0(x15)
#2600 0 8000021c     40f2 r 01         800001ea  c.lwsp   x1, 0x1c
#2601 0 8000021e     4462 r 08         ffffffd8  c.lwsp   x8, 0x18
#2602 0 80000220 00168793 r 0f         00000003  addi     x15, x13, 0x1
#2603 0 80000224 00f9a023 m ffffffd0   00000003  sw       x15, 0x0(x19)
#2604 0 80000228 00170793 r 0f         00000032  addi     x15, x14, 0x1
#2605 0 8000022c 00fa2223 m ffffffc4   00000032  sw       x15, 0x4(x20)
#2606 0 80000230     44d2 r 09         00000001  c.lwsp   x9, 0x14
#2607 0 80000232     4942 r 12         ffffffc8  c.lwsp   x18, 0x10
#2608 0 80000234     49b2 r 13         ffffffd0  c.lwsp   x19, 0xc
#2609 0 80000236     4a22 r 14         ffffffc0  c.lwsp   x20, 0x8
#2610 0 80000238     6105 r 02         ffffff40  c.addi16sp 0x2
#2611 0 8000023a     8082 r 00         00000000  c.jr     x1
#2612 0 800001ea     4785 r 0f         00000001  c.li     x15, 0x1
#2613 0 800001ec     874a r 0e         ffffffc8  c.mv     x14, x18
#2614 0 800001ee 00f48663 r 00         00000000  beq      x9, x15, . + 0xc
#2615 0 800001fa     405c r 0f         f0040030  c.lw     x15, 0x4(x8)
#2616 0 800001fc     4014 r 0d         00000001  c.lw     x13, 0x0(x8)
#2617 0 800001fe 004a2703 r 0e         00000032  lw       x14, 0x4(x20)
#2618 0 80000202     43cc r 0b         00000000  c.lw     x11, 0x4(x15)
#2619 0 80000204     4390 r 0c         00000001  c.lw     x12, 0x0(x15)
#2620 0 80000206     16fd r 0d         00000000  c.addi   x13, -0x1
#2621 0 80000208     c04c m ffffffdc   00000000  c.sw     x11, 0x4(x8)
#2622 0 8000020a 0049a583 r 0b         f0040028  lw       x11, 0x4(x19)
#2623 0 8000020e     c014 m ffffffd8   00000000  c.sw     x13, 0x0(x8)
#2624 0 80000210 0009a683 r 0d         00000003  lw       x13, 0x0(x19)
#2625 0 80000214     c3cc m f0040034   f0040028  c.sw     x11, 0x4(x15)
#2626 0 80000216 00f9a223 m ffffffd4   f0040030  sw       x15, 0x4(x19)
#2627 0 8000021a     c390 m f0040030   00000001  c.sw     x12, 0x0(x15)
#2628 0 8000021c     40f2 r 01         800001de  c.lwsp   x1, 0x1c
#2629 0 8000021e     4462 r 08         ffffffd0  c.lwsp   x8, 0x18
#2630 0 80000220 00168793 r 0f         00000004  addi     x15, x13, 0x1
#2631 0 80000224 00f9a023 m ffffffd0   00000004  sw       x15, 0x0(x19)
#2632 0 80000228 00170793 r 0f         00000033  addi     x15, x14, 0x1
#2633 0 8000022c 00fa2223 m ffffffc4   00000033  sw       x15, 0x4(x20)
#2634 0 80000230     44d2 r 09         00000002  c.lwsp   x9, 0x14
#2635 0 80000232     4942 r 12         ffffffc8  c.lwsp   x18, 0x10
#2636 0 80000234     49b2 r 13         ffffffd8  c.lwsp   x19, 0xc
#2637 0 80000236     4a22 r 14         ffffffc0  c.lwsp   x20, 0x8
#2638 0 80000238     6105 r 02         ffffff60  c.addi16sp 0x2
#2639 0 8000023a     8082 r 00         00000000  c.jr     x1
#2640 0 800001de     874e r 0e         ffffffd8  c.mv     x14, x19
#2641 0 800001e0     86a2 r 0d         ffffffd0  c.mv     x13, x8
#2642 0 800001e2     864a r 0c         ffffffc8  c.mv     x12, x18
#2643 0 800001e4     4585 r 0b         00000001  c.li     x11, 0x1
#2644 0 800001e6     8552 r 0a         ffffffc0  c.mv     x10, x20
#2645 0 800001e8     37e9 r 01         800001ea  c.jal    . - 0x36
#2646 0 800001b2     1101 r 02         ffffff40  c.addi   x2, -0x20
#2647 0 800001b4     cc22 m ffffff58   ffffffd0  c.swsp   x8, 0x18
#2648 0 800001b6     ca26 m ffffff54   00000002  c.swsp   x9, 0x14
#2649 0 800001b8     c84a m ffffff50   ffffffc8  c.swsp   x18, 0x10
#2650 0 800001ba     c64e m ffffff4c   ffffffd8  c.swsp   x19, 0xc
#2651 0 800001bc     c452 m ffffff48   ffffffc0  c.swsp   x20, 0x8
#2652 0 800001be     ce06 m ffffff5c   800001ea  c.swsp   x1, 0x1c
#2653 0 800001c0     4785 r 0f         00000001  c.li     x15, 0x1
#2654 0 800001c2     8a2a r 14         ffffffc0  c.mv     x20, x10
#2655 0 800001c4     8932 r 12         ffffffc8  c.mv     x18, x12
#2656 0 800001c6     89ba r 13         ffffffd8  c.mv     x19, x14
#2657 0 800001c8     84ae r 09         00000001  c.mv     x9, x11
#2658 0 800001ca     8436 r 08         ffffffd0  c.mv     x8, x13
#2659 0 800001cc 02f58663 r 00         00000000  beq      x11, x15, . + 0x2c
#2660 0 800001f8     8432 r 08         ffffffc8  c.mv     x8, x12
#2661 0 800001fa     405c r 0f         f0040020  c.lw     x15, 0x4(x8)
#2662 0 800001fc     4014 r 0d         00000003  c.lw     x13, 0x0(x8)
#2663 0 800001fe 004a2703 r 0e         00000033  lw       x14, 0x4(x20)
#2664 0 80000202     43cc r 0b         f0040018  c.lw     x11, 0x4(x15)
#2665 0 80000204     4390 r 0c         00000003  c.lw     x12, 0x0(x15)
#2666 0 80000206     16fd r 0d         00000002  c.addi   x13, -0x1
#2667 0 80000208     c04c m ffffffcc   f0040018  c.sw     x11, 0x4(x8)
#2668 0 8000020a 0049a583 r 0b         00000000  lw       x11, 0x4(x19)
#2669 0 8000020e     c014 m ffffffc8   00000002  c.sw     x13, 0x0(x8)
#2670 0 80000210 0009a683 r 0d         00000000  lw       x13, 0x0(x19)
#2671 0 80000214     c3cc m f0040024   00000000  c.sw     x11, 0x4(x15)
#2672 0 80000216 00f9a223 m ffffffdc   f0040020  sw       x15, 0x4(x19)
#2673 0 8000021a     c390 m f0040020   00000003  c.sw     x12, 0x0(x15)
#2674 0 8000021c     40f2 r 01         800001ea  c.lwsp   x1, 0x1c
#2675 0 8000021e     4462 r 08         ffffffd0  c.lwsp   x8, 0x18
#2676 0 80000220 00168793 r 0f         00000001  addi     x15, x13, 0x1
#2677 0 80000224 00f9a023 m ffffffd8   00000001  sw       x15, 0x0(x19)
#2678 0 80000228 00170793 r 0f         00000034  addi     x15, x14, 0x1
#2679 0 8000022c 00fa2223 m ffffffc4   00000034  sw       x15, 0x4(x20)
#2680 0 80000230     44d2 r 09         00000002  c.lwsp   x9, 0x14
#2681 0 80000232     4942 r 12         ffffffc8  c.lwsp   x18, 0x10
#2682 0 80000234     49b2 r 13         ffffffd8  c.lwsp   x19, 0xc
#2683 0 80000236     4a22 r 14         ffffffc0  c.lwsp   x20, 0x8
#2684 0 80000238     6105 r 02         ffffff60  c.addi16sp 0x2
#2685 0 8000023a     8082 r 00         00000000  c.jr     x1
#2686 0 800001ea     4785 r 0f         00000001  c.li     x15, 0x1
#2687 0 800001ec     874a r 0e         ffffffc8  c.mv     x14, x18
#2688 0 800001ee 00f48663 r 00         00000000  beq      x9, x15, . + 0xc
#2689 0 800001f2     8922 r 12         ffffffd0  c.mv     x18, x8
#2690 0 800001f4     843a r 08         ffffffc8  c.mv     x8, x14
#2691 0 800001f6     bfe9 r 00         00000000  c.j      . - 0x26
#2692 0 800001d0     14fd r 09         00000001  c.addi   x9, -0x1
#2693 0 800001d2     85a6 r 0b         00000001  c.mv     x11, x9
#2694 0 800001d4     8552 r 0a         ffffffc0  c.mv     x10, x20
#2695 0 800001d6     8722 r 0e         ffffffc8  c.mv     x14, x8
#2696 0 800001d8     86ce r 0d         ffffffd8  c.mv     x13, x19
#2697 0 800001da     864a r 0c         ffffffd0  c.mv     x12, x18
#2698 0 800001dc     3fd9 r 01         800001de  c.jal    . - 0x2a
#2699 0 800001b2     1101 r 02         ffffff40  c.addi   x2, -0x20
#2700 0 800001b4     cc22 m ffffff58   ffffffc8  c.swsp   x8, 0x18
#2701 0 800001b6     ca26 m ffffff54   00000001  c.swsp   x9, 0x14
#2702 0 800001b8     c84a m ffffff50   ffffffd0  c.swsp   x18, 0x10
#2703 0 800001ba     c64e m ffffff4c   ffffffd8  c.swsp   x19, 0xc
#2704 0 800001bc     c452 m ffffff48   ffffffc0  c.swsp   x20, 0x8
#2705 0 800001be     ce06 m ffffff5c   800001de  c.swsp   x1, 0x1c
#2706 0 800001c0     4785 r 0f         00000001  c.li     x15, 0x1
#2707 0 800001c2     8a2a r 14         ffffffc0  c.mv     x20, x10
#2708 0 800001c4     8932 r 12         ffffffd0  c.mv     x18, x12
#2709 0 800001c6     89ba r 13         ffffffc8  c.mv     x19, x14
#2710 0 800001c8     84ae r 09         00000001  c.mv     x9, x11
#2711 0 800001ca     8436 r 08         ffffffd8  c.mv     x8, x13
#2712 0 800001cc 02f58663 r 00         00000000  beq      x11, x15, . + 0x2c
#2713 0 800001f8     8432 r 08         ffffffd0  c.mv     x8, x12
#2714 0 800001fa     405c r 0f         f0040030  c.lw     x15, 0x4(x8)
#2715 0 800001fc     4014 r 0d         00000004  c.lw     x13, 0x0(x8)
#2716 0 800001fe 004a2703 r 0e         00000034  lw       x14, 0x4(x20)
#2717 0 80000202     43cc r 0b         f0040028  c.lw     x11, 0x4(x15)
#2718 0 80000204     4390 r 0c         00000001  c.lw     x12, 0x0(x15)
#2719 0 80000206     16fd r 0d         00000003  c.addi   x13, -0x1
#2720 0 80000208     c04c m ffffffd4   f0040028  c.sw     x11, 0x4(x8)
#2721 0 8000020a 0049a583 r 0b         f0040018  lw       x11, 0x4(x19)
#2722 0 8000020e     c014 m ffffffd0   00000003  c.sw     x13, 0x0(x8)
#2723 0 80000210 0009a683 r 0d         00000002  lw       x13, 0x0(x19)
#2724 0 80000214     c3cc m f0040034   f0040018  c.sw     x11, 0x4(x15)
#2725 0 80000216 00f9a223 m ffffffcc   f0040030  sw       x15, 0x4(x19)
#2726 0 8000021a     c390 m f0040030   00000001  c.sw     x12, 0x0(x15)
#2727 0 8000021c     40f2 r 01         800001de  c.lwsp   x1, 0x1c
#2728 0 8000021e     4462 r 08         ffffffc8  c.lwsp   x8, 0x18
#2729 0 80000220 00168793 r 0f         00000003  addi     x15, x13, 0x1
#2730 0 80000224 00f9a023 m ffffffc8   00000003  sw       x15, 0x0(x19)
#2731 0 80000228 00170793 r 0f         00000035  addi     x15, x14, 0x1
#2732 0 8000022c 00fa2223 m ffffffc4   00000035  sw       x15, 0x4(x20)
#2733 0 80000230     44d2 r 09         00000001  c.lwsp   x9, 0x14
#2734 0 80000232     4942 r 12         ffffffd0  c.lwsp   x18, 0x10
#2735 0 80000234     49b2 r 13         ffffffd8  c.lwsp   x19, 0xc
#2736 0 80000236     4a22 r 14         ffffffc0  c.lwsp   x20, 0x8
#2737 0 80000238     6105 r 02         ffffff60  c.addi16sp 0x2
#2738 0 8000023a     8082 r 00         00000000  c.jr     x1
#2739 0 800001de     874e r 0e         ffffffd8  c.mv     x14, x19
#2740 0 800001e0     86a2 r 0d         ffffffc8  c.mv     x13, x8
#2741 0 800001e2     864a r 0c         ffffffd0  c.mv     x12, x18
#2742 0 800001e4     4585 r 0b         00000001  c.li     x11, 0x1
#2743 0 800001e6     8552 r 0a         ffffffc0  c.mv     x10, x20
#2744 0 800001e8     37e9 r 01         800001ea  c.jal    . - 0x36
#2745 0 800001b2     1101 r 02         ffffff40  c.addi   x2, -0x20
#2746 0 800001b4     cc22 m ffffff58   ffffffc8  c.swsp   x8, 0x18
#2747 0 800001b6     ca26 m ffffff54   00000001  c.swsp   x9, 0x14
#2748 0 800001b8     c84a m ffffff50   ffffffd0  c.swsp   x18, 0x10
#2749 0 800001ba     c64e m ffffff4c   ffffffd8  c.swsp   x19, 0xc
#2750 0 800001bc     c452 m ffffff48   ffffffc0  c.swsp   x20, 0x8
#2751 0 800001be     ce06 m ffffff5c   800001ea  c.swsp   x1, 0x1c
#2752 0 800001c0     4785 r 0f         00000001  c.li     x15, 0x1
#2753 0 800001c2     8a2a r 14         ffffffc0  c.mv     x20, x10
#2754 0 800001c4     8932 r 12         ffffffd0  c.mv     x18, x12
#2755 0 800001c6     89ba r 13         ffffffd8  c.mv     x19, x14
#2756 0 800001c8     84ae r 09         00000001  c.mv     x9, x11
#2757 0 800001ca     8436 r 08         ffffffc8  c.mv     x8, x13
#2758 0 800001cc 02f58663 r 00         00000000  beq      x11, x15, . + 0x2c
#2759 0 800001f8     8432 r 08         ffffffd0  c.mv     x8, x12
#2760 0 800001fa     405c r 0f         f0040028  c.lw     x15, 0x4(x8)
#2761 0 800001fc     4014 r 0d         00000003  c.lw     x13, 0x0(x8)
#2762 0 800001fe 004a2703 r 0e         00000035  lw       x14, 0x4(x20)
#2763 0 80000202     43cc r 0b         f0040010  c.lw     x11, 0x4(x15)
#2764 0 80000204     4390 r 0c         00000002  c.lw     x12, 0x0(x15)
#2765 0 80000206     16fd r 0d         00000002  c.addi   x13, -0x1
#2766 0 80000208     c04c m ffffffd4   f0040010  c.sw     x11, 0x4(x8)
#2767 0 8000020a 0049a583 r 0b         f0040020  lw       x11, 0x4(x19)
#2768 0 8000020e     c014 m ffffffd0   00000002  c.sw     x13, 0x0(x8)
#2769 0 80000210 0009a683 r 0d         00000001  lw       x13, 0x0(x19)
#2770 0 80000214     c3cc m f004002c   f0040020  c.sw     x11, 0x4(x15)
#2771 0 80000216 00f9a223 m ffffffdc   f0040028  sw       x15, 0x4(x19)
#2772 0 8000021a     c390 m f0040028   00000002  c.sw     x12, 0x0(x15)
#2773 0 8000021c     40f2 r 01         800001ea  c.lwsp   x1, 0x1c
#2774 0 8000021e     4462 r 08         ffffffc8  c.lwsp   x8, 0x18
#2775 0 80000220 00168793 r 0f         00000002  addi     x15, x13, 0x1
#2776 0 80000224 00f9a023 m ffffffd8   00000002  sw       x15, 0x0(x19)
#2777 0 80000228 00170793 r 0f         00000036  addi     x15, x14, 0x1
#2778 0 8000022c 00fa2223 m ffffffc4   00000036  sw       x15, 0x4(x20)
#2779 0 80000230     44d2 r 09         00000001  c.lwsp   x9, 0x14
#2780 0 80000232     4942 r 12         ffffffd0  c.lwsp   x18, 0x10
#2781 0 80000234     49b2 r 13         ffffffd8  c.lwsp   x19, 0xc
#2782 0 80000236     4a22 r 14         ffffffc0  c.lwsp   x20, 0x8
#2783 0 80000238     6105 r 02         ffffff60  c.addi16sp 0x2
#2784 0 8000023a     8082 r 00         00000000  c.jr     x1
#2785 0 800001ea     4785 r 0f         00000001  c.li     x15, 0x1
#2786 0 800001ec     874a r 0e         ffffffd0  c.mv     x14, x18
#2787 0 800001ee 00f48663 r 00         00000000  beq      x9, x15, . + 0xc
#2788 0 800001fa     405c r 0f         f0040030  c.lw     x15, 0x4(x8)
#2789 0 800001fc     4014 r 0d         00000003  c.lw     x13, 0x0(x8)
#2790 0 800001fe 004a2703 r 0e         00000036  lw       x14, 0x4(x20)
#2791 0 80000202     43cc r 0b         f0040018  c.lw     x11, 0x4(x15)
#2792 0 80000204     4390 r 0c         00000001  c.lw     x12, 0x0(x15)
#2793 0 80000206     16fd r 0d         00000002  c.addi   x13, -0x1
#2794 0 80000208     c04c m ffffffcc   f0040018  c.sw     x11, 0x4(x8)
#2795 0 8000020a 0049a583 r 0b         f0040028  lw       x11, 0x4(x19)
#2796 0 8000020e     c014 m ffffffc8   00000002  c.sw     x13, 0x0(x8)
#2797 0 80000210 0009a683 r 0d         00000002  lw       x13, 0x0(x19)
#2798 0 80000214     c3cc m f0040034   f0040028  c.sw     x11, 0x4(x15)
#2799 0 80000216 00f9a223 m ffffffdc   f0040030  sw       x15, 0x4(x19)
#2800 0 8000021a     c390 m f0040030   00000001  c.sw     x12, 0x0(x15)
#2801 0 8000021c     40f2 r 01         800001de  c.lwsp   x1, 0x1c
#2802 0 8000021e     4462 r 08         ffffffd8  c.lwsp   x8, 0x18
#2803 0 80000220 00168793 r 0f         00000003  addi     x15, x13, 0x1
#2804 0 80000224 00f9a023 m ffffffd8   00000003  sw       x15, 0x0(x19)
#2805 0 80000228 00170793 r 0f         00000037  addi     x15, x14, 0x1
#2806 0 8000022c 00fa2223 m ffffffc4   00000037  sw       x15, 0x4(x20)
#2807 0 80000230     44d2 r 09         00000003  c.lwsp   x9, 0x14
#2808 0 80000232     4942 r 12         ffffffc8  c.lwsp   x18, 0x10
#2809 0 80000234     49b2 r 13         ffffffd0  c.lwsp   x19, 0xc
#2810 0 80000236     4a22 r 14         ffffffc0  c.lwsp   x20, 0x8
#2811 0 80000238     6105 r 02         ffffff80  c.addi16sp 0x2
#2812 0 8000023a     8082 r 00         00000000  c.jr     x1
#2813 0 800001de     874e r 0e         ffffffd0  c.mv     x14, x19
#2814 0 800001e0     86a2 r 0d         ffffffd8  c.mv     x13, x8
#2815 0 800001e2     864a r 0c         ffffffc8  c.mv     x12, x18
#2816 0 800001e4     4585 r 0b         00000001  c.li     x11, 0x1
#2817 0 800001e6     8552 r 0a         ffffffc0  c.mv     x10, x20
#2818 0 800001e8     37e9 r 01         800001ea  c.jal    . - 0x36
#2819 0 800001b2     1101 r 02         ffffff60  c.addi   x2, -0x20
#2820 0 800001b4     cc22 m ffffff78   ffffffd8  c.swsp   x8, 0x18
#2821 0 800001b6     ca26 m ffffff74   00000003  c.swsp   x9, 0x14
#2822 0 800001b8     c84a m ffffff70   ffffffc8  c.swsp   x18, 0x10
#2823 0 800001ba     c64e m ffffff6c   ffffffd0  c.swsp   x19, 0xc
#2824 0 800001bc     c452 m ffffff68   ffffffc0  c.swsp   x20, 0x8
#2825 0 800001be     ce06 m ffffff7c   800001ea  c.swsp   x1, 0x1c
#2826 0 800001c0     4785 r 0f         00000001  c.li     x15, 0x1
#2827 0 800001c2     8a2a r 14         ffffffc0  c.mv     x20, x10
#2828 0 800001c4     8932 r 12         ffffffc8  c.mv     x18, x12
#2829 0 800001c6     89ba r 13         ffffffd0  c.mv     x19, x14
#2830 0 800001c8     84ae r 09         00000001  c.mv     x9, x11
#2831 0 800001ca     8436 r 08         ffffffd8  c.mv     x8, x13
#2832 0 800001cc 02f58663 r 00         00000000  beq      x11, x15, . + 0x2c
#2833 0 800001f8     8432 r 08         ffffffc8  c.mv     x8, x12
#2834 0 800001fa     405c r 0f         f0040018  c.lw     x15, 0x4(x8)
#2835 0 800001fc     4014 r 0d         00000002  c.lw     x13, 0x0(x8)
#2836 0 800001fe 004a2703 r 0e         00000037  lw       x14, 0x4(x20)
#2837 0 80000202     43cc r 0b         f0040000  c.lw     x11, 0x4(x15)
#2838 0 80000204     4390 r 0c         00000004  c.lw     x12, 0x0(x15)
#2839 0 80000206     16fd r 0d         00000001  c.addi   x13, -0x1
#2840 0 80000208     c04c m ffffffcc   f0040000  c.sw     x11, 0x4(x8)
#2841 0 8000020a 0049a583 r 0b         f0040010  lw       x11, 0x4(x19)
#2842 0 8000020e     c014 m ffffffc8   00000001  c.sw     x13, 0x0(x8)
#2843 0 80000210 0009a683 r 0d         00000002  lw       x13, 0x0(x19)
#2844 0 80000214     c3cc m f004001c   f0040010  c.sw     x11, 0x4(x15)
#2845 0 80000216 00f9a223 m ffffffd4   f0040018  sw       x15, 0x4(x19)
#2846 0 8000021a     c390 m f0040018   00000004  c.sw     x12, 0x0(x15)
#2847 0 8000021c     40f2 r 01         800001ea  c.lwsp   x1, 0x1c
#2848 0 8000021e     4462 r 08         ffffffd8  c.lwsp   x8, 0x18
#2849 0 80000220 00168793 r 0f         00000003  addi     x15, x13, 0x1
#2850 0 80000224 00f9a023 m ffffffd0   00000003  sw       x15, 0x0(x19)
#2851 0 80000228 00170793 r 0f         00000038  addi     x15, x14, 0x1
#2852 0 8000022c 00fa2223 m ffffffc4   00000038  sw       x15, 0x4(x20)
#2853 0 80000230     44d2 r 09         00000003  c.lwsp   x9, 0x14
#2854 0 80000232     4942 r 12         ffffffc8  c.lwsp   x18, 0x10
#2855 0 80000234     49b2 r 13         ffffffd0  c.lwsp   x19, 0xc
#2856 0 80000236     4a22 r 14         ffffffc0  c.lwsp   x20, 0x8
#2857 0 80000238     6105 r 02         ffffff80  c.addi16sp 0x2
#2858 0 8000023a     8082 r 00         00000000  c.jr     x1
#2859 0 800001ea     4785 r 0f         00000001  c.li     x15, 0x1
#2860 0 800001ec     874a r 0e         ffffffc8  c.mv     x14, x18
#2861 0 800001ee 00f48663 r 00         00000000  beq      x9, x15, . + 0xc
#2862 0 800001f2     8922 r 12         ffffffd8  c.mv     x18, x8
#2863 0 800001f4     843a r 08         ffffffc8  c.mv     x8, x14
#2864 0 800001f6     bfe9 r 00         00000000  c.j      . - 0x26
#2865 0 800001d0     14fd r 09         00000002  c.addi   x9, -0x1
#2866 0 800001d2     85a6 r 0b         00000002  c.mv     x11, x9
#2867 0 800001d4     8552 r 0a         ffffffc0  c.mv     x10, x20
#2868 0 800001d6     8722 r 0e         ffffffc8  c.mv     x14, x8
#2869 0 800001d8     86ce r 0d         ffffffd0  c.mv     x13, x19
#2870 0 800001da     864a r 0c         ffffffd8  c.mv     x12, x18
#2871 0 800001dc     3fd9 r 01         800001de  c.jal    . - 0x2a
#2872 0 800001b2     1101 r 02         ffffff60  c.addi   x2, -0x20
#2873 0 800001b4     cc22 m ffffff78   ffffffc8  c.swsp   x8, 0x18
#2874 0 800001b6     ca26 m ffffff74   00000002  c.swsp   x9, 0x14
#2875 0 800001b8     c84a m ffffff70   ffffffd8  c.swsp   x18, 0x10
#2876 0 800001ba     c64e m ffffff6c   ffffffd0  c.swsp   x19, 0xc
#2877 0 800001bc     c452 m ffffff68   ffffffc0  c.swsp   x20, 0x8
#2878 0 800001be     ce06 m ffffff7c   800001de  c.swsp   x1, 0x1c
#2879 0 800001c0     4785 r 0f         00000001  c.li     x15, 0x1
#2880 0 800001c2     8a2a r 14         ffffffc0  c.mv     x20, x10
#2881 0 800001c4     8932 r 12         ffffffd8  c.mv     x18, x12
#2882 0 800001c6     89ba r 13         ffffffc8  c.mv     x19, x14
#2883 0 800001c8     84ae r 09         00000002  c.mv     x9, x11
#2884 0 800001ca     8436 r 08         ffffffd0  c.mv     x8, x13
#2885 0 800001cc 02f58663 r 00         00000000  beq      x11, x15, . + 0x2c
#2886 0 800001d0     14fd r 09         00000001  c.addi   x9, -0x1
#2887 0 800001d2     85a6 r 0b         00000001  c.mv     x11, x9
#2888 0 800001d4     8552 r 0a         ffffffc0  c.mv     x10, x20
#2889 0 800001d6     8722 r 0e         ffffffd0  c.mv     x14, x8
#2890 0 800001d8     86ce r 0d         ffffffc8  c.mv     x13, x19
#2891 0 800001da     864a r 0c         ffffffd8  c.mv     x12, x18
#2892 0 800001dc     3fd9 r 01         800001de  c.jal    . - 0x2a
#2893 0 800001b2     1101 r 02         ffffff40  c.addi   x2, -0x20
#2894 0 800001b4     cc22 m ffffff58   ffffffd0  c.swsp   x8, 0x18
#2895 0 800001b6     ca26 m ffffff54   00000001  c.swsp   x9, 0x14
#2896 0 800001b8     c84a m ffffff50   ffffffd8  c.swsp   x18, 0x10
#2897 0 800001ba     c64e m ffffff4c   ffffffc8  c.swsp   x19, 0xc
#2898 0 800001bc     c452 m ffffff48   ffffffc0  c.swsp   x20, 0x8
#2899 0 800001be     ce06 m ffffff5c   800001de  c.swsp   x1, 0x1c
#2900 0 800001c0     4785 r 0f         00000001  c.li     x15, 0x1
#2901 0 800001c2     8a2a r 14         ffffffc0  c.mv     x20, x10
#2902 0 800001c4     8932 r 12         ffffffd8  c.mv     x18, x12
#2903 0 800001c6     89ba r 13         ffffffd0  c.mv     x19, x14
#2904 0 800001c8     84ae r 09         00000001  c.mv     x9, x11
#2905 0 800001ca     8436 r 08         ffffffc8  c.mv     x8, x13
#2906 0 800001cc 02f58663 r 00         00000000  beq      x11, x15, . + 0x2c
#2907 0 800001f8     8432 r 08         ffffffd8  c.mv     x8, x12
#2908 0 800001fa     405c r 0f         f0040030  c.lw     x15, 0x4(x8)
#2909 0 800001fc     4014 r 0d         00000003  c.lw     x13, 0x0(x8)
#2910 0 800001fe 004a2703 r 0e         00000038  lw       x14, 0x4(x20)
#2911 0 80000202     43cc r 0b         f0040028  c.lw     x11, 0x4(x15)
#2912 0 80000204     4390 r 0c         00000001  c.lw     x12, 0x0(x15)
#2913 0 80000206     16fd r 0d         00000002  c.addi   x13, -0x1
#2914 0 80000208     c04c m ffffffdc   f0040028  c.sw     x11, 0x4(x8)
#2915 0 8000020a 0049a583 r 0b         f0040018  lw       x11, 0x4(x19)
#2916 0 8000020e     c014 m ffffffd8   00000002  c.sw     x13, 0x0(x8)
#2917 0 80000210 0009a683 r 0d         00000003  lw       x13, 0x0(x19)
#2918 0 80000214     c3cc m f0040034   f0040018  c.sw     x11, 0x4(x15)
#2919 0 80000216 00f9a223 m ffffffd4   f0040030  sw       x15, 0x4(x19)
#2920 0 8000021a     c390 m f0040030   00000001  c.sw     x12, 0x0(x15)
#2921 0 8000021c     40f2 r 01         800001de  c.lwsp   x1, 0x1c
#2922 0 8000021e     4462 r 08         ffffffd0  c.lwsp   x8, 0x18
#2923 0 80000220 00168793 r 0f         00000004  addi     x15, x13, 0x1
#2924 0 80000224 00f9a023 m ffffffd0   00000004  sw       x15, 0x0(x19)
#2925 0 80000228 00170793 r 0f         00000039  addi     x15, x14, 0x1
#2926 0 8000022c 00fa2223 m ffffffc4   00000039  sw       x15, 0x4(x20)
#2927 0 80000230     44d2 r 09         00000001  c.lwsp   x9, 0x14
#2928 0 80000232     4942 r 12         ffffffd8  c.lwsp   x18, 0x10
#2929 0 80000234     49b2 r 13         ffffffc8  c.lwsp   x19, 0xc
#2930 0 80000236     4a22 r 14         ffffffc0  c.lwsp   x20, 0x8
#2931 0 80000238     6105 r 02         ffffff60  c.addi16sp 0x2
#2932 0 8000023a     8082 r 00         00000000  c.jr     x1
#2933 0 800001de     874e r 0e         ffffffc8  c.mv     x14, x19
#2934 0 800001e0     86a2 r 0d         ffffffd0  c.mv     x13, x8
#2935 0 800001e2     864a r 0c         ffffffd8  c.mv     x12, x18
#2936 0 800001e4     4585 r 0b         00000001  c.li     x11, 0x1
#2937 0 800001e6     8552 r 0a         ffffffc0  c.mv     x10, x20
#2938 0 800001e8     37e9 r 01         800001ea  c.jal    . - 0x36
#2939 0 800001b2     1101 r 02         ffffff40  c.addi   x2, -0x20
#2940 0 800001b4     cc22 m ffffff58   ffffffd0  c.swsp   x8, 0x18
#2941 0 800001b6     ca26 m ffffff54   00000001  c.swsp   x9, 0x14
#2942 0 800001b8     c84a m ffffff50   ffffffd8  c.swsp   x18, 0x10
#2943 0 800001ba     c64e m ffffff4c   ffffffc8  c.swsp   x19, 0xc
#2944 0 800001bc     c452 m ffffff48   ffffffc0  c.swsp   x20, 0x8
#2945 0 800001be     ce06 m ffffff5c   800001ea  c.swsp   x1, 0x1c
#2946 0 800001c0     4785 r 0f         00000001  c.li     x15, 0x1
#2947 0 800001c2     8a2a r 14         ffffffc0  c.mv     x20, x10
#2948 0 800001c4     8932 r 12         ffffffd8  c.mv     x18, x12
#2949 0 800001c6     89ba r 13         ffffffc8  c.mv     x19, x14
#2950 0 800001c8     84ae r 09         00000001  c.mv     x9, x11
#2951 0 800001ca     8436 r 08         ffffffd0  c.mv     x8, x13
#2952 0 800001cc 02f58663 r 00         00000000  beq      x11, x15, . + 0x2c
#2953 0 800001f8     8432 r 08         ffffffd8  c.mv     x8, x12
#2954 0 800001fa     405c r 0f         f0040028  c.lw     x15, 0x4(x8)
#2955 0 800001fc     4014 r 0d         00000002  c.lw     x13, 0x0(x8)
#2956 0 800001fe 004a2703 r 0e         00000039  lw       x14, 0x4(x20)
#2957 0 80000202     43cc r 0b         f0040020  c.lw     x11, 0x4(x15)
#2958 0 80000204     4390 r 0c         00000002  c.lw     x12, 0x0(x15)
#2959 0 80000206     16fd r 0d         00000001  c.addi   x13, -0x1
#2960 0 80000208     c04c m ffffffdc   f0040020  c.sw     x11, 0x4(x8)
#2961 0 8000020a 0049a583 r 0b         f0040000  lw       x11, 0x4(x19)
#2962 0 8000020e     c014 m ffffffd8   00000001  c.sw     x13, 0x0(x8)
#2963 0 80000210 0009a683 r 0d         00000001  lw       x13, 0x0(x19)
#2964 0 80000214     c3cc m f004002c   f0040000  c.sw     x11, 0x4(x15)
#2965 0 80000216 00f9a223 m ffffffcc   f0040028  sw       x15, 0x4(x19)
#2966 0 8000021a     c390 m f0040028   00000002  c.sw     x12, 0x0(x15)
#2967 0 8000021c     40f2 r 01         800001ea  c.lwsp   x1, 0x1c
#2968 0 8000021e     4462 r 08         ffffffd0  c.lwsp   x8, 0x18
#2969 0 80000220 00168793 r 0f         00000002  addi     x15, x13, 0x1
#2970 0 80000224 00f9a023 m ffffffc8   00000002  sw       x15, 0x0(x19)
#2971 0 80000228 00170793 r 0f         0000003a  addi     x15, x14, 0x1
#2972 0 8000022c 00fa2223 m ffffffc4   0000003a  sw       x15, 0x4(x20)
#2973 0 80000230     44d2 r 09         00000001  c.lwsp   x9, 0x14
#2974 0 80000232     4942 r 12         ffffffd8  c.lwsp   x18, 0x10
#2975 0 80000234     49b2 r 13         ffffffc8  c.lwsp   x19, 0xc
#2976 0 80000236     4a22 r 14         ffffffc0  c.lwsp   x20, 0x8
#2977 0 80000238     6105 r 02         ffffff60  c.addi16sp 0x2
#2978 0 8000023a     8082 r 00         00000000  c.jr     x1
#2979 0 800001ea     4785 r 0f         00000001  c.li     x15, 0x1
#2980 0 800001ec     874a r 0e         ffffffd8  c.mv     x14, x18
#2981 0 800001ee 00f48663 r 00         00000000  beq      x9, x15, . + 0xc
#2982 0 800001fa     405c r 0f         f0040030  c.lw     x15, 0x4(x8)
#2983 0 800001fc     4014 r 0d         00000004  c.lw     x13, 0x0(x8)
#2984 0 800001fe 004a2703 r 0e         0000003a  lw       x14, 0x4(x20)
#2985 0 80000202     43cc r 0b         f0040018  c.lw     x11, 0x4(x15)
#2986 0 80000204     4390 r 0c         00000001  c.lw     x12, 0x0(x15)
#2987 0 80000206     16fd r 0d         00000003  c.addi   x13, -0x1
#2988 0 80000208     c04c m ffffffd4   f0040018  c.sw     x11, 0x4(x8)
#2989 0 8000020a 0049a583 r 0b         f0040028  lw       x11, 0x4(x19)
#2990 0 8000020e     c014 m ffffffd0   00000003  c.sw     x13, 0x0(x8)
#2991 0 80000210 0009a683 r 0d         00000002  lw       x13, 0x0(x19)
#2992 0 80000214     c3cc m f0040034   f0040028  c.sw     x11, 0x4(x15)
#2993 0 80000216 00f9a223 m ffffffcc   f0040030  sw       x15, 0x4(x19)
#2994 0 8000021a     c390 m f0040030   00000001  c.sw     x12, 0x0(x15)
#2995 0 8000021c     40f2 r 01         800001de  c.lwsp   x1, 0x1c
#2996 0 8000021e     4462 r 08         ffffffc8  c.lwsp   x8, 0x18
#2997 0 80000220 00168793 r 0f         00000003  addi     x15, x13, 0x1
#2998 0 80000224 00f9a023 m ffffffc8   00000003  sw       x15, 0x0(x19)
#2999 0 80000228 00170793 r 0f         0000003b  addi     x15, x14, 0x1
#3000 0 8000022c 00fa2223 m ffffffc4   0000003b  sw       x15, 0x4(x20)
#3001 0 80000230     44d2 r 09         00000002  c.lwsp   x9, 0x14
#3002 0 80000232     4942 r 12         ffffffd8  c.lwsp   x18, 0x10
#3003 0 80000234     49b2 r 13         ffffffd0  c.lwsp   x19, 0xc
#3004 0 80000236     4a22 r 14         ffffffc0  c.lwsp   x20, 0x8
#3005 0 80000238     6105 r 02         ffffff80  c.addi16sp 0x2
#3006 0 8000023a     8082 r 00         00000000  c.jr     x1
#3007 0 800001de     874e r 0e         ffffffd0  c.mv     x14, x19
#3008 0 800001e0     86a2 r 0d         ffffffc8  c.mv     x13, x8
#3009 0 800001e2     864a r 0c         ffffffd8  c.mv     x12, x18
#3010 0 800001e4     4585 r 0b         00000001  c.li     x11, 0x1
#3011 0 800001e6     8552 r 0a         ffffffc0  c.mv     x10, x20
#3012 0 800001e8     37e9 r 01         800001ea  c.jal    . - 0x36
#3013 0 800001b2     1101 r 02         ffffff60  c.addi   x2, -0x20
#3014 0 800001b4     cc22 m ffffff78   ffffffc8  c.swsp   x8, 0x18
#3015 0 800001b6     ca26 m ffffff74   00000002  c.swsp   x9, 0x14
#3016 0 800001b8     c84a m ffffff70   ffffffd8  c.swsp   x18, 0x10
#3017 0 800001ba     c64e m ffffff6c   ffffffd0  c.swsp   x19, 0xc
#3018 0 800001bc     c452 m ffffff68   ffffffc0  c.swsp   x20, 0x8
#3019 0 800001be     ce06 m ffffff7c   800001ea  c.swsp   x1, 0x1c
#3020 0 800001c0     4785 r 0f         00000001  c.li     x15, 0x1
#3021 0 800001c2     8a2a r 14         ffffffc0  c.mv     x20, x10
#3022 0 800001c4     8932 r 12         ffffffd8  c.mv     x18, x12
#3023 0 800001c6     89ba r 13         ffffffd0  c.mv     x19, x14
#3024 0 800001c8     84ae r 09         00000001  c.mv     x9, x11
#3025 0 800001ca     8436 r 08         ffffffc8  c.mv     x8, x13
#3026 0 800001cc 02f58663 r 00         00000000  beq      x11, x15, . + 0x2c
#3027 0 800001f8     8432 r 08         ffffffd8  c.mv     x8, x12
#3028 0 800001fa     405c r 0f         f0040020  c.lw     x15, 0x4(x8)
#3029 0 800001fc     4014 r 0d         00000001  c.lw     x13, 0x0(x8)
#3030 0 800001fe 004a2703 r 0e         0000003b  lw       x14, 0x4(x20)
#3031 0 80000202     43cc r 0b         00000000  c.lw     x11, 0x4(x15)
#3032 0 80000204     4390 r 0c         00000003  c.lw     x12, 0x0(x15)
#3033 0 80000206     16fd r 0d         00000000  c.addi   x13, -0x1
#3034 0 80000208     c04c m ffffffdc   00000000  c.sw     x11, 0x4(x8)
#3035 0 8000020a 0049a583 r 0b         f0040018  lw       x11, 0x4(x19)
#3036 0 8000020e     c014 m ffffffd8   00000000  c.sw     x13, 0x0(x8)
#3037 0 80000210 0009a683 r 0d         00000003  lw       x13, 0x0(x19)
#3038 0 80000214     c3cc m f0040024   f0040018  c.sw     x11, 0x4(x15)
#3039 0 80000216 00f9a223 m ffffffd4   f0040020  sw       x15, 0x4(x19)
#3040 0 8000021a     c390 m f0040020   00000003  c.sw     x12, 0x0(x15)
#3041 0 8000021c     40f2 r 01         800001ea  c.lwsp   x1, 0x1c
#3042 0 8000021e     4462 r 08         ffffffc8  c.lwsp   x8, 0x18
#3043 0 80000220 00168793 r 0f         00000004  addi     x15, x13, 0x1
#3044 0 80000224 00f9a023 m ffffffd0   00000004  sw       x15, 0x0(x19)
#3045 0 80000228 00170793 r 0f         0000003c  addi     x15, x14, 0x1
#3046 0 8000022c 00fa2223 m ffffffc4   0000003c  sw       x15, 0x4(x20)
#3047 0 80000230     44d2 r 09         00000002  c.lwsp   x9, 0x14
#3048 0 80000232     4942 r 12         ffffffd8  c.lwsp   x18, 0x10
#3049 0 80000234     49b2 r 13         ffffffd0  c.lwsp   x19, 0xc
#3050 0 80000236     4a22 r 14         ffffffc0  c.lwsp   x20, 0x8
#3051 0 80000238     6105 r 02         ffffff80  c.addi16sp 0x2
#3052 0 8000023a     8082 r 00         00000000  c.jr     x1
#3053 0 800001ea     4785 r 0f         00000001  c.li     x15, 0x1
#3054 0 800001ec     874a r 0e         ffffffd8  c.mv     x14, x18
#3055 0 800001ee 00f48663 r 00         00000000  beq      x9, x15, . + 0xc
#3056 0 800001f2     8922 r 12         ffffffc8  c.mv     x18, x8
#3057 0 800001f4     843a r 08         ffffffd8  c.mv     x8, x14
#3058 0 800001f6     bfe9 r 00         00000000  c.j      . - 0x26
#3059 0 800001d0     14fd r 09         00000001  c.addi   x9, -0x1
#3060 0 800001d2     85a6 r 0b         00000001  c.mv     x11, x9
#3061 0 800001d4     8552 r 0a         ffffffc0  c.mv     x10, x20
#3062 0 800001d6     8722 r 0e         ffffffd8  c.mv     x14, x8
#3063 0 800001d8     86ce r 0d         ffffffd0  c.mv     x13, x19
#3064 0 800001da     864a r 0c         ffffffc8  c.mv     x12, x18
#3065 0 800001dc     3fd9 r 01         800001de  c.jal    . - 0x2a
#3066 0 800001b2     1101 r 02         ffffff60  c.addi   x2, -0x20
#3067 0 800001b4     cc22 m ffffff78   ffffffd8  c.swsp   x8, 0x18
#3068 0 800001b6     ca26 m ffffff74   00000001  c.swsp   x9, 0x14
#3069 0 800001b8     c84a m ffffff70   ffffffc8  c.swsp   x18, 0x10
#3070 0 800001ba     c64e m ffffff6c   ffffffd0  c.swsp   x19, 0xc
#3071 0 800001bc     c452 m ffffff68   ffffffc0  c.swsp   x20, 0x8
#3072 0 800001be     ce06 m ffffff7c   800001de  c.swsp   x1, 0x1c
#3073 0 800001c0     4785 r 0f         00000001  c.li     x15, 0x1
#3074 0 800001c2     8a2a r 14         ffffffc0  c.mv     x20, x10
#3075 0 800001c4     8932 r 12         ffffffc8  c.mv     x18, x12
#3076 0 800001c6     89ba r 13         ffffffd8  c.mv     x19, x14
#3077 0 800001c8     84ae r 09         00000001  c.mv     x9, x11
#3078 0 800001ca     8436 r 08         ffffffd0  c.mv     x8, x13
#3079 0 800001cc 02f58663 r 00         00000000  beq      x11, x15, . + 0x2c
#3080 0 800001f8     8432 r 08         ffffffc8  c.mv     x8, x12
#3081 0 800001fa     405c r 0f         f0040030  c.lw     x15, 0x4(x8)
#3082 0 800001fc     4014 r 0d         00000003  c.lw     x13, 0x0(x8)
#3083 0 800001fe 004a2703 r 0e         0000003c  lw       x14, 0x4(x20)
#3084 0 80000202     43cc r 0b         f0040028  c.lw     x11, 0x4(x15)
#3085 0 80000204     4390 r 0c         00000001  c.lw     x12, 0x0(x15)
#3086 0 80000206     16fd r 0d         00000002  c.addi   x13, -0x1
#3087 0 80000208     c04c m ffffffcc   f0040028  c.sw     x11, 0x4(x8)
#3088 0 8000020a 0049a583 r 0b         00000000  lw       x11, 0x4(x19)
#3089 0 8000020e     c014 m ffffffc8   00000002  c.sw     x13, 0x0(x8)
#3090 0 80000210 0009a683 r 0d         00000000  lw       x13, 0x0(x19)
#3091 0 80000214     c3cc m f0040034   00000000  c.sw     x11, 0x4(x15)
#3092 0 80000216 00f9a223 m ffffffdc   f0040030  sw       x15, 0x4(x19)
#3093 0 8000021a     c390 m f0040030   00000001  c.sw     x12, 0x0(x15)
#3094 0 8000021c     40f2 r 01         800001de  c.lwsp   x1, 0x1c
#3095 0 8000021e     4462 r 08         ffffffd8  c.lwsp   x8, 0x18
#3096 0 80000220 00168793 r 0f         00000001  addi     x15, x13, 0x1
#3097 0 80000224 00f9a023 m ffffffd8   00000001  sw       x15, 0x0(x19)
#3098 0 80000228 00170793 r 0f         0000003d  addi     x15, x14, 0x1
#3099 0 8000022c 00fa2223 m ffffffc4   0000003d  sw       x15, 0x4(x20)
#3100 0 80000230     44d2 r 09         00000001  c.lwsp   x9, 0x14
#3101 0 80000232     4942 r 12         ffffffc8  c.lwsp   x18, 0x10
#3102 0 80000234     49b2 r 13         ffffffd0  c.lwsp   x19, 0xc
#3103 0 80000236     4a22 r 14         ffffffc0  c.lwsp   x20, 0x8
#3104 0 80000238     6105 r 02         ffffff80  c.addi16sp 0x2
#3105 0 8000023a     8082 r 00         00000000  c.jr     x1
#3106 0 800001de     874e r 0e         ffffffd0  c.mv     x14, x19
#3107 0 800001e0     86a2 r 0d         ffffffd8  c.mv     x13, x8
#3108 0 800001e2     864a r 0c         ffffffc8  c.mv     x12, x18
#3109 0 800001e4     4585 r 0b         00000001  c.li     x11, 0x1
#3110 0 800001e6     8552 r 0a         ffffffc0  c.mv     x10, x20
#3111 0 800001e8     37e9 r 01         800001ea  c.jal    . - 0x36
#3112 0 800001b2     1101 r 02         ffffff60  c.addi   x2, -0x20
#3113 0 800001b4     cc22 m ffffff78   ffffffd8  c.swsp   x8, 0x18
#3114 0 800001b6     ca26 m ffffff74   00000001  c.swsp   x9, 0x14
#3115 0 800001b8     c84a m ffffff70   ffffffc8  c.swsp   x18, 0x10
#3116 0 800001ba     c64e m ffffff6c   ffffffd0  c.swsp   x19, 0xc
#3117 0 800001bc     c452 m ffffff68   ffffffc0  c.swsp   x20, 0x8
#3118 0 800001be     ce06 m ffffff7c   800001ea  c.swsp   x1, 0x1c
#3119 0 800001c0     4785 r 0f         00000001  c.li     x15, 0x1
#3120 0 800001c2     8a2a r 14         ffffffc0  c.mv     x20, x10
#3121 0 800001c4     8932 r 12         ffffffc8  c.mv     x18, x12
#3122 0 800001c6     89ba r 13         ffffffd0  c.mv     x19, x14
#3123 0 800001c8     84ae r 09         00000001  c.mv     x9, x11
#3124 0 800001ca     8436 r 08         ffffffd8  c.mv     x8, x13
#3125 0 800001cc 02f58663 r 00         00000000  beq      x11, x15, . + 0x2c
#3126 0 800001f8     8432 r 08         ffffffc8  c.mv     x8, x12
#3127 0 800001fa     405c r 0f         f0040028  c.lw     x15, 0x4(x8)
#3128 0 800001fc     4014 r 0d         00000002  c.lw     x13, 0x0(x8)
#3129 0 800001fe 004a2703 r 0e         0000003d  lw       x14, 0x4(x20)
#3130 0 80000202     43cc r 0b         f0040000  c.lw     x11, 0x4(x15)
#3131 0 80000204     4390 r 0c         00000002  c.lw     x12, 0x0(x15)
#3132 0 80000206     16fd r 0d         00000001  c.addi   x13, -0x1
#3133 0 80000208     c04c m ffffffcc   f0040000  c.sw     x11, 0x4(x8)
#3134 0 8000020a 0049a583 r 0b         f0040020  lw       x11, 0x4(x19)
#3135 0 8000020e     c014 m ffffffc8   00000001  c.sw     x13, 0x0(x8)
#3136 0 80000210 0009a683 r 0d         00000004  lw       x13, 0x0(x19)
#3137 0 80000214     c3cc m f004002c   f0040020  c.sw     x11, 0x4(x15)
#3138 0 80000216 00f9a223 m ffffffd4   f0040028  sw       x15, 0x4(x19)
#3139 0 8000021a     c390 m f0040028   00000002  c.sw     x12, 0x0(x15)
#3140 0 8000021c     40f2 r 01         800001ea  c.lwsp   x1, 0x1c
#3141 0 8000021e     4462 r 08         ffffffd8  c.lwsp   x8, 0x18
#3142 0 80000220 00168793 r 0f         00000005  addi     x15, x13, 0x1
#3143 0 80000224 00f9a023 m ffffffd0   00000005  sw       x15, 0x0(x19)
#3144 0 80000228 00170793 r 0f         0000003e  addi     x15, x14, 0x1
#3145 0 8000022c 00fa2223 m ffffffc4   0000003e  sw       x15, 0x4(x20)
#3146 0 80000230     44d2 r 09         00000001  c.lwsp   x9, 0x14
#3147 0 80000232     4942 r 12         ffffffc8  c.lwsp   x18, 0x10
#3148 0 80000234     49b2 r 13         ffffffd0  c.lwsp   x19, 0xc
#3149 0 80000236     4a22 r 14         ffffffc0  c.lwsp   x20, 0x8
#3150 0 80000238     6105 r 02         ffffff80  c.addi16sp 0x2
#3151 0 8000023a     8082 r 00         00000000  c.jr     x1
#3152 0 800001ea     4785 r 0f         00000001  c.li     x15, 0x1
#3153 0 800001ec     874a r 0e         ffffffc8  c.mv     x14, x18
#3154 0 800001ee 00f48663 r 00         00000000  beq      x9, x15, . + 0xc
#3155 0 800001fa     405c r 0f         f0040030  c.lw     x15, 0x4(x8)
#3156 0 800001fc     4014 r 0d         00000001  c.lw     x13, 0x0(x8)
#3157 0 800001fe 004a2703 r 0e         0000003e  lw       x14, 0x4(x20)
#3158 0 80000202     43cc r 0b         00000000  c.lw     x11, 0x4(x15)
#3159 0 80000204     4390 r 0c         00000001  c.lw     x12, 0x0(x15)
#3160 0 80000206     16fd r 0d         00000000  c.addi   x13, -0x1
#3161 0 80000208     c04c m ffffffdc   00000000  c.sw     x11, 0x4(x8)
#3162 0 8000020a 0049a583 r 0b         f0040028  lw       x11, 0x4(x19)
#3163 0 8000020e     c014 m ffffffd8   00000000  c.sw     x13, 0x0(x8)
#3164 0 80000210 0009a683 r 0d         00000005  lw       x13, 0x0(x19)
#3165 0 80000214     c3cc m f0040034   f0040028  c.sw     x11, 0x4(x15)
#3166 0 80000216 00f9a223 m ffffffd4   f0040030  sw       x15, 0x4(x19)
#3167 0 8000021a     c390 m f0040030   00000001  c.sw     x12, 0x0(x15)
#3168 0 8000021c     40f2 r 01         800001de  c.lwsp   x1, 0x1c
#3169 0 8000021e     4462 r 08         ffffffd0  c.lwsp   x8, 0x18
#3170 0 80000220 00168793 r 0f         00000006  addi     x15, x13, 0x1
#3171 0 80000224 00f9a023 m ffffffd0   00000006  sw       x15, 0x0(x19)
#3172 0 80000228 00170793 r 0f         0000003f  addi     x15, x14, 0x1
#3173 0 8000022c 00fa2223 m ffffffc4   0000003f  sw       x15, 0x4(x20)
#3174 0 80000230     44d2 r 09         00000006  c.lwsp   x9, 0x14
#3175 0 80000232     4942 r 12         ffffffc8  c.lwsp   x18, 0x10
#3176 0 80000234     49b2 r 13         ffffffd8  c.lwsp   x19, 0xc
#3177 0 80000236     4a22 r 14         ffffffc0  c.lwsp   x20, 0x8
#3178 0 80000238     6105 r 02         ffffffa0  c.addi16sp 0x2
#3179 0 8000023a     8082 r 00         00000000  c.jr     x1
#3180 0 800001de     874e r 0e         ffffffd8  c.mv     x14, x19
#3181 0 800001e0     86a2 r 0d         ffffffd0  c.mv     x13, x8
#3182 0 800001e2     864a r 0c         ffffffc8  c.mv     x12, x18
#3183 0 800001e4     4585 r 0b         00000001  c.li     x11, 0x1
#3184 0 800001e6     8552 r 0a         ffffffc0  c.mv     x10, x20
#3185 0 800001e8     37e9 r 01         800001ea  c.jal    . - 0x36
#3186 0 800001b2     1101 r 02         ffffff80  c.addi   x2, -0x20
#3187 0 800001b4     cc22 m ffffff98   ffffffd0  c.swsp   x8, 0x18
#3188 0 800001b6     ca26 m ffffff94   00000006  c.swsp   x9, 0x14
#3189 0 800001b8     c84a m ffffff90   ffffffc8  c.swsp   x18, 0x10
#3190 0 800001ba     c64e m ffffff8c   ffffffd8  c.swsp   x19, 0xc
#3191 0 800001bc     c452 m ffffff88   ffffffc0  c.swsp   x20, 0x8
#3192 0 800001be     ce06 m ffffff9c   800001ea  c.swsp   x1, 0x1c
#3193 0 800001c0     4785 r 0f         00000001  c.li     x15, 0x1
#3194 0 800001c2     8a2a r 14         ffffffc0  c.mv     x20, x10
#3195 0 800001c4     8932 r 12         ffffffc8  c.mv     x18, x12
#3196 0 800001c6     89ba r 13         ffffffd8  c.mv     x19, x14
#3197 0 800001c8     84ae r 09         00000001  c.mv     x9, x11
#3198 0 800001ca     8436 r 08         ffffffd0  c.mv     x8, x13
#3199 0 800001cc 02f58663 r 00         00000000  beq      x11, x15, . + 0x2c
#3200 0 800001f8     8432 r 08         ffffffc8  c.mv     x8, x12
#3201 0 800001fa     405c r 0f         f0040000  c.lw     x15, 0x4(x8)
#3202 0 800001fc     4014 r 0d         00000001  c.lw     x13, 0x0(x8)
#3203 0 800001fe 004a2703 r 0e         0000003f  lw       x14, 0x4(x20)
#3204 0 80000202     43cc r 0b         00000000  c.lw     x11, 0x4(x15)
#3205 0 80000204     4390 r 0c         00000007  c.lw     x12, 0x0(x15)
#3206 0 80000206     16fd r 0d         00000000  c.addi   x13, -0x1
#3207 0 80000208     c04c m ffffffcc   00000000  c.sw     x11, 0x4(x8)
#3208 0 8000020a 0049a583 r 0b         00000000  lw       x11, 0x4(x19)
#3209 0 8000020e     c014 m ffffffc8   00000000  c.sw     x13, 0x0(x8)
#3210 0 80000210 0009a683 r 0d         00000000  lw       x13, 0x0(x19)
#3211 0 80000214     c3cc m f0040004   00000000  c.sw     x11, 0x4(x15)
#3212 0 80000216 00f9a223 m ffffffdc   f0040000  sw       x15, 0x4(x19)
#3213 0 8000021a     c390 m f0040000   00000007  c.sw     x12, 0x0(x15)
#3214 0 8000021c     40f2 r 01         800001ea  c.lwsp   x1, 0x1c
#3215 0 8000021e     4462 r 08         ffffffd0  c.lwsp   x8, 0x18
#3216 0 80000220 00168793 r 0f         00000001  addi     x15, x13, 0x1
#3217 0 80000224 00f9a023 m ffffffd8   00000001  sw       x15, 0x0(x19)
#3218 0 80000228 00170793 r 0f         00000040  addi     x15, x14, 0x1
#3219 0 8000022c 00fa2223 m ffffffc4   00000040  sw       x15, 0x4(x20)
#3220 0 80000230     44d2 r 09         00000006  c.lwsp   x9, 0x14
#3221 0 80000232     4942 r 12         ffffffc8  c.lwsp   x18, 0x10
#3222 0 80000234     49b2 r 13         ffffffd8  c.lwsp   x19, 0xc
#3223 0 80000236     4a22 r 14         ffffffc0  c.lwsp   x20, 0x8
#3224 0 80000238     6105 r 02         ffffffa0  c.addi16sp 0x2
#3225 0 8000023a     8082 r 00         00000000  c.jr     x1
#3226 0 800001ea     4785 r 0f         00000001  c.li     x15, 0x1
#3227 0 800001ec     874a r 0e         ffffffc8  c.mv     x14, x18
#3228 0 800001ee 00f48663 r 00         00000000  beq      x9, x15, . + 0xc
#3229 0 800001f2     8922 r 12         ffffffd0  c.mv     x18, x8
#3230 0 800001f4     843a r 08         ffffffc8  c.mv     x8, x14
#3231 0 800001f6     bfe9 r 00         00000000  c.j      . - 0x26
#3232 0 800001d0     14fd r 09         00000005  c.addi   x9, -0x1
#3233 0 800001d2     85a6 r 0b         00000005  c.mv     x11, x9
#3234 0 800001d4     8552 r 0a         ffffffc0  c.mv     x10, x20
#3235 0 800001d6     8722 r 0e         ffffffc8  c.mv     x14, x8
#3236 0 800001d8     86ce r 0d         ffffffd8  c.mv     x13, x19
#3237 0 800001da     864a r 0c         ffffffd0  c.mv     x12, x18
#3238 0 800001dc     3fd9 r 01         800001de  c.jal    . - 0x2a
#3239 0 800001b2     1101 r 02         ffffff80  c.addi   x2, -0x20
#3240 0 800001b4     cc22 m ffffff98   ffffffc8  c.swsp   x8, 0x18
#3241 0 800001b6     ca26 m ffffff94   00000005  c.swsp   x9, 0x14
#3242 0 800001b8     c84a m ffffff90   ffffffd0  c.swsp   x18, 0x10
#3243 0 800001ba     c64e m ffffff8c   ffffffd8  c.swsp   x19, 0xc
#3244 0 800001bc     c452 m ffffff88   ffffffc0  c.swsp   x20, 0x8
#3245 0 800001be     ce06 m ffffff9c   800001de  c.swsp   x1, 0x1c
#3246 0 800001c0     4785 r 0f         00000001  c.li     x15, 0x1
#3247 0 800001c2     8a2a r 14         ffffffc0  c.mv     x20, x10
#3248 0 800001c4     8932 r 12         ffffffd0  c.mv     x18, x12
#3249 0 800001c6     89ba r 13         ffffffc8  c.mv     x19, x14
#3250 0 800001c8     84ae r 09         00000005  c.mv     x9, x11
#3251 0 800001ca     8436 r 08         ffffffd8  c.mv     x8, x13
#3252 0 800001cc 02f58663 r 00         00000000  beq      x11, x15, . + 0x2c
#3253 0 800001d0     14fd r 09         00000004  c.addi   x9, -0x1
#3254 0 800001d2     85a6 r 0b         00000004  c.mv     x11, x9
#3255 0 800001d4     8552 r 0a         ffffffc0  c.mv     x10, x20
#3256 0 800001d6     8722 r 0e         ffffffd8  c.mv     x14, x8
#3257 0 800001d8     86ce r 0d         ffffffc8  c.mv     x13, x19
#3258 0 800001da     864a r 0c         ffffffd0  c.mv     x12, x18
#3259 0 800001dc     3fd9 r 01         800001de  c.jal    . - 0x2a
#3260 0 800001b2     1101 r 02         ffffff60  c.addi   x2, -0x20
#3261 0 800001b4     cc22 m ffffff78   ffffffd8  c.swsp   x8, 0x18
#3262 0 800001b6     ca26 m ffffff74   00000004  c.swsp   x9, 0x14
#3263 0 800001b8     c84a m ffffff70   ffffffd0  c.swsp   x18, 0x10
#3264 0 800001ba     c64e m ffffff6c   ffffffc8  c.swsp   x19, 0xc
#3265 0 800001bc     c452 m ffffff68   ffffffc0  c.swsp   x20, 0x8
#3266 0 800001be     ce06 m ffffff7c   800001de  c.swsp   x1, 0x1c
#3267 0 800001c0     4785 r 0f         00000001  c.li     x15, 0x1
#3268 0 800001c2     8a2a r 14         ffffffc0  c.mv     x20, x10
#3269 0 800001c4     8932 r 12         ffffffd0  c.mv     x18, x12
#3270 0 800001c6     89ba r 13         ffffffd8  c.mv     x19, x14
#3271 0 800001c8     84ae r 09         00000004  c.mv     x9, x11
#3272 0 800001ca     8436 r 08         ffffffc8  c.mv     x8, x13
#3273 0 800001cc 02f58663 r 00         00000000  beq      x11, x15, . + 0x2c
#3274 0 800001d0     14fd r 09         00000003  c.addi   x9, -0x1
#3275 0 800001d2     85a6 r 0b         00000003  c.mv     x11, x9
#3276 0 800001d4     8552 r 0a         ffffffc0  c.mv     x10, x20
#3277 0 800001d6     8722 r 0e         ffffffc8  c.mv     x14, x8
#3278 0 800001d8     86ce r 0d         ffffffd8  c.mv     x13, x19
#3279 0 800001da     864a r 0c         ffffffd0  c.mv     x12, x18
#3280 0 800001dc     3fd9 r 01         800001de  c.jal    . - 0x2a
#3281 0 800001b2     1101 r 02         ffffff40  c.addi   x2, -0x20
#3282 0 800001b4     cc22 m ffffff58   ffffffc8  c.swsp   x8, 0x18
#3283 0 800001b6     ca26 m ffffff54   00000003  c.swsp   x9, 0x14
#3284 0 800001b8     c84a m ffffff50   ffffffd0  c.swsp   x18, 0x10
#3285 0 800001ba     c64e m ffffff4c   ffffffd8  c.swsp   x19, 0xc
#3286 0 800001bc     c452 m ffffff48   ffffffc0  c.swsp   x20, 0x8
#3287 0 800001be     ce06 m ffffff5c   800001de  c.swsp   x1, 0x1c
#3288 0 800001c0     4785 r 0f         00000001  c.li     x15, 0x1
#3289 0 800001c2     8a2a r 14         ffffffc0  c.mv     x20, x10
#3290 0 800001c4     8932 r 12         ffffffd0  c.mv     x18, x12
#3291 0 800001c6     89ba r 13         ffffffc8  c.mv     x19, x14
#3292 0 800001c8     84ae r 09         00000003  c.mv     x9, x11
#3293 0 800001ca     8436 r 08         ffffffd8  c.mv     x8, x13
#3294 0 800001cc 02f58663 r 00         00000000  beq      x11, x15, . + 0x2c
#3295 0 800001d0     14fd r 09         00000002  c.addi   x9, -0x1
#3296 0 800001d2     85a6 r 0b         00000002  c.mv     x11, x9
#3297 0 800001d4     8552 r 0a         ffffffc0  c.mv     x10, x20
#3298 0 800001d6     8722 r 0e         ffffffd8  c.mv     x14, x8
#3299 0 800001d8     86ce r 0d         ffffffc8  c.mv     x13, x19
#3300 0 800001da     864a r 0c         ffffffd0  c.mv     x12, x18
#3301 0 800001dc     3fd9 r 01         800001de  c.jal    . - 0x2a
#3302 0 800001b2     1101 r 02         ffffff20  c.addi   x2, -0x20
#3303 0 800001b4     cc22 m ffffff38   ffffffd8  c.swsp   x8, 0x18
#3304 0 800001b6     ca26 m ffffff34   00000002  c.swsp   x9, 0x14
#3305 0 800001b8     c84a m ffffff30   ffffffd0  c.swsp   x18, 0x10
#3306 0 800001ba     c64e m ffffff2c   ffffffc8  c.swsp   x19, 0xc
#3307 0 800001bc     c452 m ffffff28   ffffffc0  c.swsp   x20, 0x8
#3308 0 800001be     ce06 m ffffff3c   800001de  c.swsp   x1, 0x1c
#3309 0 800001c0     4785 r 0f         00000001  c.li     x15, 0x1
#3310 0 800001c2     8a2a r 14         ffffffc0  c.mv     x20, x10
#3311 0 800001c4     8932 r 12         ffffffd0  c.mv     x18, x12
#3312 0 800001c6     89ba r 13         ffffffd8  c.mv     x19, x14
#3313 0 800001c8     84ae r 09         00000002  c.mv     x9, x11
#3314 0 800001ca     8436 r 08         ffffffc8  c.mv     x8, x13
#3315 0 800001cc 02f58663 r 00         00000000  beq      x11, x15, . + 0x2c
#3316 0 800001d0     14fd r 09         00000001  c.addi   x9, -0x1
#3317 0 800001d2     85a6 r 0b         00000001  c.mv     x11, x9
#3318 0 800001d4     8552 r 0a         ffffffc0  c.mv     x10, x20
#3319 0 800001d6     8722 r 0e         ffffffc8  c.mv     x14, x8
#3320 0 800001d8     86ce r 0d         ffffffd8  c.mv     x13, x19
#3321 0 800001da     864a r 0c         ffffffd0  c.mv     x12, x18
#3322 0 800001dc     3fd9 r 01         800001de  c.jal    . - 0x2a
#3323 0 800001b2     1101 r 02         ffffff00  c.addi   x2, -0x20
#3324 0 800001b4     cc22 m ffffff18   ffffffc8  c.swsp   x8, 0x18
#3325 0 800001b6     ca26 m ffffff14   00000001  c.swsp   x9, 0x14
#3326 0 800001b8     c84a m ffffff10   ffffffd0  c.swsp   x18, 0x10
#3327 0 800001ba     c64e m ffffff0c   ffffffd8  c.swsp   x19, 0xc
#3328 0 800001bc     c452 m ffffff08   ffffffc0  c.swsp   x20, 0x8
#3329 0 800001be     ce06 m ffffff1c   800001de  c.swsp   x1, 0x1c
#3330 0 800001c0     4785 r 0f         00000001  c.li     x15, 0x1
#3331 0 800001c2     8a2a r 14         ffffffc0  c.mv     x20, x10
#3332 0 800001c4     8932 r 12         ffffffd0  c.mv     x18, x12
#3333 0 800001c6     89ba r 13         ffffffc8  c.mv     x19, x14
#3334 0 800001c8     84ae r 09         00000001  c.mv     x9, x11
#3335 0 800001ca     8436 r 08         ffffffd8  c.mv     x8, x13
#3336 0 800001cc 02f58663 r 00         00000000  beq      x11, x15, . + 0x2c
#3337 0 800001f8     8432 r 08         ffffffd0  c.mv     x8, x12
#3338 0 800001fa     405c r 0f         f0040030  c.lw     x15, 0x4(x8)
#3339 0 800001fc     4014 r 0d         00000006  c.lw     x13, 0x0(x8)
#3340 0 800001fe 004a2703 r 0e         00000040  lw       x14, 0x4(x20)
#3341 0 80000202     43cc r 0b         f0040028  c.lw     x11, 0x4(x15)
#3342 0 80000204     4390 r 0c         00000001  c.lw     x12, 0x0(x15)
#3343 0 80000206     16fd r 0d         00000005  c.addi   x13, -0x1
#3344 0 80000208     c04c m ffffffd4   f0040028  c.sw     x11, 0x4(x8)
#3345 0 8000020a 0049a583 r 0b         00000000  lw       x11, 0x4(x19)
#3346 0 8000020e     c014 m ffffffd0   00000005  c.sw     x13, 0x0(x8)
#3347 0 80000210 0009a683 r 0d         00000000  lw       x13, 0x0(x19)
#3348 0 80000214     c3cc m f0040034   00000000  c.sw     x11, 0x4(x15)
#3349 0 80000216 00f9a223 m ffffffcc   f0040030  sw       x15, 0x4(x19)
#3350 0 8000021a     c390 m f0040030   00000001  c.sw     x12, 0x0(x15)
#3351 0 8000021c     40f2 r 01         800001de  c.lwsp   x1, 0x1c
#3352 0 8000021e     4462 r 08         ffffffc8  c.lwsp   x8, 0x18
#3353 0 80000220 00168793 r 0f         00000001  addi     x15, x13, 0x1
#3354 0 80000224 00f9a023 m ffffffc8   00000001  sw       x15, 0x0(x19)
#3355 0 80000228 00170793 r 0f         00000041  addi     x15, x14, 0x1
#3356 0 8000022c 00fa2223 m ffffffc4   00000041  sw       x15, 0x4(x20)
#3357 0 80000230     44d2 r 09         00000001  c.lwsp   x9, 0x14
#3358 0 80000232     4942 r 12         ffffffd0  c.lwsp   x18, 0x10
#3359 0 80000234     49b2 r 13         ffffffd8  c.lwsp   x19, 0xc
#3360 0 80000236     4a22 r 14         ffffffc0  c.lwsp   x20, 0x8
#3361 0 80000238     6105 r 02         ffffff20  c.addi16sp 0x2
#3362 0 8000023a     8082 r 00         00000000  c.jr     x1
#3363 0 800001de     874e r 0e         ffffffd8  c.mv     x14, x19
#3364 0 800001e0     86a2 r 0d         ffffffc8  c.mv     x13, x8
#3365 0 800001e2     864a r 0c         ffffffd0  c.mv     x12, x18
#3366 0 800001e4     4585 r 0b         00000001  c.li     x11, 0x1
#3367 0 800001e6     8552 r 0a         ffffffc0  c.mv     x10, x20
#3368 0 800001e8     37e9 r 01         800001ea  c.jal    . - 0x36
#3369 0 800001b2     1101 r 02         ffffff00  c.addi   x2, -0x20
#3370 0 800001b4     cc22 m ffffff18   ffffffc8  c.swsp   x8, 0x18
#3371 0 800001b6     ca26 m ffffff14   00000001  c.swsp   x9, 0x14
#3372 0 800001b8     c84a m ffffff10   ffffffd0  c.swsp   x18, 0x10
#3373 0 800001ba     c64e m ffffff0c   ffffffd8  c.swsp   x19, 0xc
#3374 0 800001bc     c452 m ffffff08   ffffffc0  c.swsp   x20, 0x8
#3375 0 800001be     ce06 m ffffff1c   800001ea  c.swsp   x1, 0x1c
#3376 0 800001c0     4785 r 0f         00000001  c.li     x15, 0x1
#3377 0 800001c2     8a2a r 14         ffffffc0  c.mv     x20, x10
#3378 0 800001c4     8932 r 12         ffffffd0  c.mv     x18, x12
#3379 0 800001c6     89ba r 13         ffffffd8  c.mv     x19, x14
#3380 0 800001c8     84ae r 09         00000001  c.mv     x9, x11
#3381 0 800001ca     8436 r 08         ffffffc8  c.mv     x8, x13
#3382 0 800001cc 02f58663 r 00         00000000  beq      x11, x15, . + 0x2c
#3383 0 800001f8     8432 r 08         ffffffd0  c.mv     x8, x12
#3384 0 800001fa     405c r 0f         f0040028  c.lw     x15, 0x4(x8)
#3385 0 800001fc     4014 r 0d         00000005  c.lw     x13, 0x0(x8)
#3386 0 800001fe 004a2703 r 0e         00000041  lw       x14, 0x4(x20)
#3387 0 80000202     43cc r 0b         f0040020  c.lw     x11, 0x4(x15)
#3388 0 80000204     4390 r 0c         00000002  c.lw     x12, 0x0(x15)
#3389 0 80000206     16fd r 0d         00000004  c.addi   x13, -0x1
#3390 0 80000208     c04c m ffffffd4   f0040020  c.sw     x11, 0x4(x8)
#3391 0 8000020a 0049a583 r 0b         f0040000  lw       x11, 0x4(x19)
#3392 0 8000020e     c014 m ffffffd0   00000004  c.sw     x13, 0x0(x8)
#3393 0 80000210 0009a683 r 0d         00000001  lw       x13, 0x0(x19)
#3394 0 80000214     c3cc m f004002c   f0040000  c.sw     x11, 0x4(x15)
#3395 0 80000216 00f9a223 m ffffffdc   f0040028  sw       x15, 0x4(x19)
#3396 0 8000021a     c390 m f0040028   00000002  c.sw     x12, 0x0(x15)
#3397 0 8000021c     40f2 r 01         800001ea  c.lwsp   x1, 0x1c
#3398 0 8000021e     4462 r 08         ffffffc8  c.lwsp   x8, 0x18
#3399 0 80000220 00168793 r 0f         00000002  addi     x15, x13, 0x1
#3400 0 80000224 00f9a023 m ffffffd8   00000002  sw       x15, 0x0(x19)
#3401 0 80000228 00170793 r 0f         00000042  addi     x15, x14, 0x1
#3402 0 8000022c 00fa2223 m ffffffc4   00000042  sw       x15, 0x4(x20)
#3403 0 80000230     44d2 r 09         00000001  c.lwsp   x9, 0x14
#3404 0 80000232     4942 r 12         ffffffd0  c.lwsp   x18, 0x10
#3405 0 80000234     49b2 r 13         ffffffd8  c.lwsp   x19, 0xc
#3406 0 80000236     4a22 r 14         ffffffc0  c.lwsp   x20, 0x8
#3407 0 80000238     6105 r 02         ffffff20  c.addi16sp 0x2
#3408 0 8000023a     8082 r 00         00000000  c.jr     x1
#3409 0 800001ea     4785 r 0f         00000001  c.li     x15, 0x1
#3410 0 800001ec     874a r 0e         ffffffd0  c.mv     x14, x18
#3411 0 800001ee 00f48663 r 00         00000000  beq      x9, x15, . + 0xc
#3412 0 800001fa     405c r 0f         f0040030  c.lw     x15, 0x4(x8)
#3413 0 800001fc     4014 r 0d         00000001  c.lw     x13, 0x0(x8)
#3414 0 800001fe 004a2703 r 0e         00000042  lw       x14, 0x4(x20)
#3415 0 80000202     43cc r 0b         00000000  c.lw     x11, 0x4(x15)
#3416 0 80000204     4390 r 0c         00000001  c.lw     x12, 0x0(x15)
#3417 0 80000206     16fd r 0d         00000000  c.addi   x13, -0x1
#3418 0 80000208     c04c m ffffffcc   00000000  c.sw     x11, 0x4(x8)
#3419 0 8000020a 0049a583 r 0b         f0040028  lw       x11, 0x4(x19)
#3420 0 8000020e     c014 m ffffffc8   00000000  c.sw     x13, 0x0(x8)
#3421 0 80000210 0009a683 r 0d         00000002  lw       x13, 0x0(x19)
#3422 0 80000214     c3cc m f0040034   f0040028  c.sw     x11, 0x4(x15)
#3423 0 80000216 00f9a223 m ffffffdc   f0040030  sw       x15, 0x4(x19)
#3424 0 8000021a     c390 m f0040030   00000001  c.sw     x12, 0x0(x15)
#3425 0 8000021c     40f2 r 01         800001de  c.lwsp   x1, 0x1c
#3426 0 8000021e     4462 r 08         ffffffd8  c.lwsp   x8, 0x18
#3427 0 80000220 00168793 r 0f         00000003  addi     x15, x13, 0x1
#3428 0 80000224 00f9a023 m ffffffd8   00000003  sw       x15, 0x0(x19)
#3429 0 80000228 00170793 r 0f         00000043  addi     x15, x14, 0x1
#3430 0 8000022c 00fa2223 m ffffffc4   00000043  sw       x15, 0x4(x20)
#3431 0 80000230     44d2 r 09         00000002  c.lwsp   x9, 0x14
#3432 0 80000232     4942 r 12         ffffffd0  c.lwsp   x18, 0x10
#3433 0 80000234     49b2 r 13         ffffffc8  c.lwsp   x19, 0xc
#3434 0 80000236     4a22 r 14         ffffffc0  c.lwsp   x20, 0x8
#3435 0 80000238     6105 r 02         ffffff40  c.addi16sp 0x2
#3436 0 8000023a     8082 r 00         00000000  c.jr     x1
#3437 0 800001de     874e r 0e         ffffffc8  c.mv     x14, x19
#3438 0 800001e0     86a2 r 0d         ffffffd8  c.mv     x13, x8
#3439 0 800001e2     864a r 0c         ffffffd0  c.mv     x12, x18
#3440 0 800001e4     4585 r 0b         00000001  c.li     x11, 0x1
#3441 0 800001e6     8552 r 0a         ffffffc0  c.mv     x10, x20
#3442 0 800001e8     37e9 r 01         800001ea  c.jal    . - 0x36
#3443 0 800001b2     1101 r 02         ffffff20  c.addi   x2, -0x20
#3444 0 800001b4     cc22 m ffffff38   ffffffd8  c.swsp   x8, 0x18
#3445 0 800001b6     ca26 m ffffff34   00000002  c.swsp   x9, 0x14
#3446 0 800001b8     c84a m ffffff30   ffffffd0  c.swsp   x18, 0x10
#3447 0 800001ba     c64e m ffffff2c   ffffffc8  c.swsp   x19, 0xc
#3448 0 800001bc     c452 m ffffff28   ffffffc0  c.swsp   x20, 0x8
#3449 0 800001be     ce06 m ffffff3c   800001ea  c.swsp   x1, 0x1c
#3450 0 800001c0     4785 r 0f         00000001  c.li     x15, 0x1
#3451 0 800001c2     8a2a r 14         ffffffc0  c.mv     x20, x10
#3452 0 800001c4     8932 r 12         ffffffd0  c.mv     x18, x12
#3453 0 800001c6     89ba r 13         ffffffc8  c.mv     x19, x14
#3454 0 800001c8     84ae r 09         00000001  c.mv     x9, x11
#3455 0 800001ca     8436 r 08         ffffffd8  c.mv     x8, x13
#3456 0 800001cc 02f58663 r 00         00000000  beq      x11, x15, . + 0x2c
#3457 0 800001f8     8432 r 08         ffffffd0  c.mv     x8, x12
#3458 0 800001fa     405c r 0f         f0040020  c.lw     x15, 0x4(x8)
#3459 0 800001fc     4014 r 0d         00000004  c.lw     x13, 0x0(x8)
#3460 0 800001fe 004a2703 r 0e         00000043  lw       x14, 0x4(x20)
#3461 0 80000202     43cc r 0b         f0040018  c.lw     x11, 0x4(x15)
#3462 0 80000204     4390 r 0c         00000003  c.lw     x12, 0x0(x15)
#3463 0 80000206     16fd r 0d         00000003  c.addi   x13, -0x1
#3464 0 80000208     c04c m ffffffd4   f0040018  c.sw     x11, 0x4(x8)
#3465 0 8000020a 0049a583 r 0b         00000000  lw       x11, 0x4(x19)
#3466 0 8000020e     c014 m ffffffd0   00000003  c.sw     x13, 0x0(x8)
#3467 0 80000210 0009a683 r 0d         00000000  lw       x13, 0x0(x19)
#3468 0 80000214     c3cc m f0040024   00000000  c.sw     x11, 0x4(x15)
#3469 0 80000216 00f9a223 m ffffffcc   f0040020  sw       x15, 0x4(x19)
#3470 0 8000021a     c390 m f0040020   00000003  c.sw     x12, 0x0(x15)
#3471 0 8000021c     40f2 r 01         800001ea  c.lwsp   x1, 0x1c
#3472 0 8000021e     4462 r 08         ffffffd8  c.lwsp   x8, 0x18
#3473 0 80000220 00168793 r 0f         00000001  addi     x15, x13, 0x1
#3474 0 80000224 00f9a023 m ffffffc8   00000001  sw       x15, 0x0(x19)
#3475 0 80000228 00170793 r 0f         00000044  addi     x15, x14, 0x1
#3476 0 8000022c 00fa2223 m ffffffc4   00000044  sw       x15, 0x4(x20)
#3477 0 80000230     44d2 r 09         00000002  c.lwsp   x9, 0x14
#3478 0 80000232     4942 r 12         ffffffd0  c.lwsp   x18, 0x10
#3479 0 80000234     49b2 r 13         ffffffc8  c.lwsp   x19, 0xc
#3480 0 80000236     4a22 r 14         ffffffc0  c.lwsp   x20, 0x8
#3481 0 80000238     6105 r 02         ffffff40  c.addi16sp 0x2
#3482 0 8000023a     8082 r 00         00000000  c.jr     x1
#3483 0 800001ea     4785 r 0f         00000001  c.li     x15, 0x1
#3484 0 800001ec     874a r 0e         ffffffd0  c.mv     x14, x18
#3485 0 800001ee 00f48663 r 00         00000000  beq      x9, x15, . + 0xc
#3486 0 800001f2     8922 r 12         ffffffd8  c.mv     x18, x8
#3487 0 800001f4     843a r 08         ffffffd0  c.mv     x8, x14
#3488 0 800001f6     bfe9 r 00         00000000  c.j      . - 0x26
#3489 0 800001d0     14fd r 09         00000001  c.addi   x9, -0x1
#3490 0 800001d2     85a6 r 0b         00000001  c.mv     x11, x9
#3491 0 800001d4     8552 r 0a         ffffffc0  c.mv     x10, x20
#3492 0 800001d6     8722 r 0e         ffffffd0  c.mv     x14, x8
#3493 0 800001d8     86ce r 0d         ffffffc8  c.mv     x13, x19
#3494 0 800001da     864a r 0c         ffffffd8  c.mv     x12, x18
#3495 0 800001dc     3fd9 r 01         800001de  c.jal    . - 0x2a
#3496 0 800001b2     1101 r 02         ffffff20  c.addi   x2, -0x20
#3497 0 800001b4     cc22 m ffffff38   ffffffd0  c.swsp   x8, 0x18
#3498 0 800001b6     ca26 m ffffff34   00000001  c.swsp   x9, 0x14
#3499 0 800001b8     c84a m ffffff30   ffffffd8  c.swsp   x18, 0x10
#3500 0 800001ba     c64e m ffffff2c   ffffffc8  c.swsp   x19, 0xc
#3501 0 800001bc     c452 m ffffff28   ffffffc0  c.swsp   x20, 0x8
#3502 0 800001be     ce06 m ffffff3c   800001de  c.swsp   x1, 0x1c
#3503 0 800001c0     4785 r 0f         00000001  c.li     x15, 0x1
#3504 0 800001c2     8a2a r 14         ffffffc0  c.mv     x20, x10
#3505 0 800001c4     8932 r 12         ffffffd8  c.mv     x18, x12
#3506 0 800001c6     89ba r 13         ffffffd0  c.mv     x19, x14
#3507 0 800001c8     84ae r 09         00000001  c.mv     x9, x11
#3508 0 800001ca     8436 r 08         ffffffc8  c.mv     x8, x13
#3509 0 800001cc 02f58663 r 00         00000000  beq      x11, x15, . + 0x2c
#3510 0 800001f8     8432 r 08         ffffffd8  c.mv     x8, x12
#3511 0 800001fa     405c r 0f         f0040030  c.lw     x15, 0x4(x8)
#3512 0 800001fc     4014 r 0d         00000003  c.lw     x13, 0x0(x8)
#3513 0 800001fe 004a2703 r 0e         00000044  lw       x14, 0x4(x20)
#3514 0 80000202     43cc r 0b         f0040028  c.lw     x11, 0x4(x15)
#3515 0 80000204     4390 r 0c         00000001  c.lw     x12, 0x0(x15)
#3516 0 80000206     16fd r 0d         00000002  c.addi   x13, -0x1
#3517 0 80000208     c04c m ffffffdc   f0040028  c.sw     x11, 0x4(x8)
#3518 0 8000020a 0049a583 r 0b         f0040018  lw       x11, 0x4(x19)
#3519 0 8000020e     c014 m ffffffd8   00000002  c.sw     x13, 0x0(x8)
#3520 0 80000210 0009a683 r 0d         00000003  lw       x13, 0x0(x19)
#3521 0 80000214     c3cc m f0040034   f0040018  c.sw     x11, 0x4(x15)
#3522 0 80000216 00f9a223 m ffffffd4   f0040030  sw       x15, 0x4(x19)
#3523 0 8000021a     c390 m f0040030   00000001  c.sw     x12, 0x0(x15)
#3524 0 8000021c     40f2 r 01         800001de  c.lwsp   x1, 0x1c
#3525 0 8000021e     4462 r 08         ffffffd0  c.lwsp   x8, 0x18
#3526 0 80000220 00168793 r 0f         00000004  addi     x15, x13, 0x1
#3527 0 80000224 00f9a023 m ffffffd0   00000004  sw       x15, 0x0(x19)
#3528 0 80000228 00170793 r 0f         00000045  addi     x15, x14, 0x1
#3529 0 8000022c 00fa2223 m ffffffc4   00000045  sw       x15, 0x4(x20)
#3530 0 80000230     44d2 r 09         00000001  c.lwsp   x9, 0x14
#3531 0 80000232     4942 r 12         ffffffd8  c.lwsp   x18, 0x10
#3532 0 80000234     49b2 r 13         ffffffc8  c.lwsp   x19, 0xc
#3533 0 80000236     4a22 r 14         ffffffc0  c.lwsp   x20, 0x8
#3534 0 80000238     6105 r 02         ffffff40  c.addi16sp 0x2
#3535 0 8000023a     8082 r 00         00000000  c.jr     x1
#3536 0 800001de     874e r 0e         ffffffc8  c.mv     x14, x19
#3537 0 800001e0     86a2 r 0d         ffffffd0  c.mv     x13, x8
#3538 0 800001e2     864a r 0c         ffffffd8  c.mv     x12, x18
#3539 0 800001e4     4585 r 0b         00000001  c.li     x11, 0x1
#3540 0 800001e6     8552 r 0a         ffffffc0  c.mv     x10, x20
#3541 0 800001e8     37e9 r 01         800001ea  c.jal    . - 0x36
#3542 0 800001b2     1101 r 02         ffffff20  c.addi   x2, -0x20
#3543 0 800001b4     cc22 m ffffff38   ffffffd0  c.swsp   x8, 0x18
#3544 0 800001b6     ca26 m ffffff34   00000001  c.swsp   x9, 0x14
#3545 0 800001b8     c84a m ffffff30   ffffffd8  c.swsp   x18, 0x10
#3546 0 800001ba     c64e m ffffff2c   ffffffc8  c.swsp   x19, 0xc
#3547 0 800001bc     c452 m ffffff28   ffffffc0  c.swsp   x20, 0x8
#3548 0 800001be     ce06 m ffffff3c   800001ea  c.swsp   x1, 0x1c
#3549 0 800001c0     4785 r 0f         00000001  c.li     x15, 0x1
#3550 0 800001c2     8a2a r 14         ffffffc0  c.mv     x20, x10
#3551 0 800001c4     8932 r 12         ffffffd8  c.mv     x18, x12
#3552 0 800001c6     89ba r 13         ffffffc8  c.mv     x19, x14
#3553 0 800001c8     84ae r 09         00000001  c.mv     x9, x11
#3554 0 800001ca     8436 r 08         ffffffd0  c.mv     x8, x13
#3555 0 800001cc 02f58663 r 00         00000000  beq      x11, x15, . + 0x2c
#3556 0 800001f8     8432 r 08         ffffffd8  c.mv     x8, x12
#3557 0 800001fa     405c r 0f         f0040028  c.lw     x15, 0x4(x8)
#3558 0 800001fc     4014 r 0d         00000002  c.lw     x13, 0x0(x8)
#3559 0 800001fe 004a2703 r 0e         00000045  lw       x14, 0x4(x20)
#3560 0 80000202     43cc r 0b         f0040000  c.lw     x11, 0x4(x15)
#3561 0 80000204     4390 r 0c         00000002  c.lw     x12, 0x0(x15)
#3562 0 80000206     16fd r 0d         00000001  c.addi   x13, -0x1
#3563 0 80000208     c04c m ffffffdc   f0040000  c.sw     x11, 0x4(x8)
#3564 0 8000020a 0049a583 r 0b         f0040020  lw       x11, 0x4(x19)
#3565 0 8000020e     c014 m ffffffd8   00000001  c.sw     x13, 0x0(x8)
#3566 0 80000210 0009a683 r 0d         00000001  lw       x13, 0x0(x19)
#3567 0 80000214     c3cc m f004002c   f0040020  c.sw     x11, 0x4(x15)
#3568 0 80000216 00f9a223 m ffffffcc   f0040028  sw       x15, 0x4(x19)
#3569 0 8000021a     c390 m f0040028   00000002  c.sw     x12, 0x0(x15)
#3570 0 8000021c     40f2 r 01         800001ea  c.lwsp   x1, 0x1c
#3571 0 8000021e     4462 r 08         ffffffd0  c.lwsp   x8, 0x18
#3572 0 80000220 00168793 r 0f         00000002  addi     x15, x13, 0x1
#3573 0 80000224 00f9a023 m ffffffc8   00000002  sw       x15, 0x0(x19)
#3574 0 80000228 00170793 r 0f         00000046  addi     x15, x14, 0x1
#3575 0 8000022c 00fa2223 m ffffffc4   00000046  sw       x15, 0x4(x20)
#3576 0 80000230     44d2 r 09         00000001  c.lwsp   x9, 0x14
#3577 0 80000232     4942 r 12         ffffffd8  c.lwsp   x18, 0x10
#3578 0 80000234     49b2 r 13         ffffffc8  c.lwsp   x19, 0xc
#3579 0 80000236     4a22 r 14         ffffffc0  c.lwsp   x20, 0x8
#3580 0 80000238     6105 r 02         ffffff40  c.addi16sp 0x2
#3581 0 8000023a     8082 r 00         00000000  c.jr     x1
#3582 0 800001ea     4785 r 0f         00000001  c.li     x15, 0x1
#3583 0 800001ec     874a r 0e         ffffffd8  c.mv     x14, x18
#3584 0 800001ee 00f48663 r 00         00000000  beq      x9, x15, . + 0xc
#3585 0 800001fa     405c r 0f         f0040030  c.lw     x15, 0x4(x8)
#3586 0 800001fc     4014 r 0d         00000004  c.lw     x13, 0x0(x8)
#3587 0 800001fe 004a2703 r 0e         00000046  lw       x14, 0x4(x20)
#3588 0 80000202     43cc r 0b         f0040018  c.lw     x11, 0x4(x15)
#3589 0 80000204     4390 r 0c         00000001  c.lw     x12, 0x0(x15)
#3590 0 80000206     16fd r 0d         00000003  c.addi   x13, -0x1
#3591 0 80000208     c04c m ffffffd4   f0040018  c.sw     x11, 0x4(x8)
#3592 0 8000020a 0049a583 r 0b         f0040028  lw       x11, 0x4(x19)
#3593 0 8000020e     c014 m ffffffd0   00000003  c.sw     x13, 0x0(x8)
#3594 0 80000210 0009a683 r 0d         00000002  lw       x13, 0x0(x19)
#3595 0 80000214     c3cc m f0040034   f0040028  c.sw     x11, 0x4(x15)
#3596 0 80000216 00f9a223 m ffffffcc   f0040030  sw       x15, 0x4(x19)
#3597 0 8000021a     c390 m f0040030   00000001  c.sw     x12, 0x0(x15)
#3598 0 8000021c     40f2 r 01         800001de  c.lwsp   x1, 0x1c
#3599 0 8000021e     4462 r 08         ffffffc8  c.lwsp   x8, 0x18
#3600 0 80000220 00168793 r 0f         00000003  addi     x15, x13, 0x1
#3601 0 80000224 00f9a023 m ffffffc8   00000003  sw       x15, 0x0(x19)
#3602 0 80000228 00170793 r 0f         00000047  addi     x15, x14, 0x1
#3603 0 8000022c 00fa2223 m ffffffc4   00000047  sw       x15, 0x4(x20)
#3604 0 80000230     44d2 r 09         00000003  c.lwsp   x9, 0x14
#3605 0 80000232     4942 r 12         ffffffd0  c.lwsp   x18, 0x10
#3606 0 80000234     49b2 r 13         ffffffd8  c.lwsp   x19, 0xc
#3607 0 80000236     4a22 r 14         ffffffc0  c.lwsp   x20, 0x8
#3608 0 80000238     6105 r 02         ffffff60  c.addi16sp 0x2
#3609 0 8000023a     8082 r 00         00000000  c.jr     x1
#3610 0 800001de     874e r 0e         ffffffd8  c.mv     x14, x19
#3611 0 800001e0     86a2 r 0d         ffffffc8  c.mv     x13, x8
#3612 0 800001e2     864a r 0c         ffffffd0  c.mv     x12, x18
#3613 0 800001e4     4585 r 0b         00000001  c.li     x11, 0x1
#3614 0 800001e6     8552 r 0a         ffffffc0  c.mv     x10, x20
#3615 0 800001e8     37e9 r 01         800001ea  c.jal    . - 0x36
#3616 0 800001b2     1101 r 02         ffffff40  c.addi   x2, -0x20
#3617 0 800001b4     cc22 m ffffff58   ffffffc8  c.swsp   x8, 0x18
#3618 0 800001b6     ca26 m ffffff54   00000003  c.swsp   x9, 0x14
#3619 0 800001b8     c84a m ffffff50   ffffffd0  c.swsp   x18, 0x10
#3620 0 800001ba     c64e m ffffff4c   ffffffd8  c.swsp   x19, 0xc
#3621 0 800001bc     c452 m ffffff48   ffffffc0  c.swsp   x20, 0x8
#3622 0 800001be     ce06 m ffffff5c   800001ea  c.swsp   x1, 0x1c
#3623 0 800001c0     4785 r 0f         00000001  c.li     x15, 0x1
#3624 0 800001c2     8a2a r 14         ffffffc0  c.mv     x20, x10
#3625 0 800001c4     8932 r 12         ffffffd0  c.mv     x18, x12
#3626 0 800001c6     89ba r 13         ffffffd8  c.mv     x19, x14
#3627 0 800001c8     84ae r 09         00000001  c.mv     x9, x11
#3628 0 800001ca     8436 r 08         ffffffc8  c.mv     x8, x13
#3629 0 800001cc 02f58663 r 00         00000000  beq      x11, x15, . + 0x2c
#3630 0 800001f8     8432 r 08         ffffffd0  c.mv     x8, x12
#3631 0 800001fa     405c r 0f         f0040018  c.lw     x15, 0x4(x8)
#3632 0 800001fc     4014 r 0d         00000003  c.lw     x13, 0x0(x8)
#3633 0 800001fe 004a2703 r 0e         00000047  lw       x14, 0x4(x20)
#3634 0 80000202     43cc r 0b         f0040010  c.lw     x11, 0x4(x15)
#3635 0 80000204     4390 r 0c         00000004  c.lw     x12, 0x0(x15)
#3636 0 80000206     16fd r 0d         00000002  c.addi   x13, -0x1
#3637 0 80000208     c04c m ffffffd4   f0040010  c.sw     x11, 0x4(x8)
#3638 0 8000020a 0049a583 r 0b         f0040000  lw       x11, 0x4(x19)
#3639 0 8000020e     c014 m ffffffd0   00000002  c.sw     x13, 0x0(x8)
#3640 0 80000210 0009a683 r 0d         00000001  lw       x13, 0x0(x19)
#3641 0 80000214     c3cc m f004001c   f0040000  c.sw     x11, 0x4(x15)
#3642 0 80000216 00f9a223 m ffffffdc   f0040018  sw       x15, 0x4(x19)
#3643 0 8000021a     c390 m f0040018   00000004  c.sw     x12, 0x0(x15)
#3644 0 8000021c     40f2 r 01         800001ea  c.lwsp   x1, 0x1c
#3645 0 8000021e     4462 r 08         ffffffc8  c.lwsp   x8, 0x18
#3646 0 80000220 00168793 r 0f         00000002  addi     x15, x13, 0x1
#3647 0 80000224 00f9a023 m ffffffd8   00000002  sw       x15, 0x0(x19)
#3648 0 80000228 00170793 r 0f         00000048  addi     x15, x14, 0x1
#3649 0 8000022c 00fa2223 m ffffffc4   00000048  sw       x15, 0x4(x20)
#3650 0 80000230     44d2 r 09         00000003  c.lwsp   x9, 0x14
#3651 0 80000232     4942 r 12         ffffffd0  c.lwsp   x18, 0x10
#3652 0 80000234     49b2 r 13         ffffffd8  c.lwsp   x19, 0xc
#3653 0 80000236     4a22 r 14         ffffffc0  c.lwsp   x20, 0x8
#3654 0 80000238     6105 r 02         ffffff60  c.addi16sp 0x2
#3655 0 8000023a     8082 r 00         00000000  c.jr     x1
#3656 0 800001ea     4785 r 0f         00000001  c.li     x15, 0x1
#3657 0 800001ec     874a r 0e         ffffffd0  c.mv     x14, x18
#3658 0 800001ee 00f48663 r 00         00000000  beq      x9, x15, . + 0xc
#3659 0 800001f2     8922 r 12         ffffffc8  c.mv     x18, x8
#3660 0 800001f4     843a r 08         ffffffd0  c.mv     x8, x14
#3661 0 800001f6     bfe9 r 00         00000000  c.j      . - 0x26
#3662 0 800001d0     14fd r 09         00000002  c.addi   x9, -0x1
#3663 0 800001d2     85a6 r 0b         00000002  c.mv     x11, x9
#3664 0 800001d4     8552 r 0a         ffffffc0  c.mv     x10, x20
#3665 0 800001d6     8722 r 0e         ffffffd0  c.mv     x14, x8
#3666 0 800001d8     86ce r 0d         ffffffd8  c.mv     x13, x19
#3667 0 800001da     864a r 0c         ffffffc8  c.mv     x12, x18
#3668 0 800001dc     3fd9 r 01         800001de  c.jal    . - 0x2a
#3669 0 800001b2     1101 r 02         ffffff40  c.addi   x2, -0x20
#3670 0 800001b4     cc22 m ffffff58   ffffffd0  c.swsp   x8, 0x18
#3671 0 800001b6     ca26 m ffffff54   00000002  c.swsp   x9, 0x14
#3672 0 800001b8     c84a m ffffff50   ffffffc8  c.swsp   x18, 0x10
#3673 0 800001ba     c64e m ffffff4c   ffffffd8  c.swsp   x19, 0xc
#3674 0 800001bc     c452 m ffffff48   ffffffc0  c.swsp   x20, 0x8
#3675 0 800001be     ce06 m ffffff5c   800001de  c.swsp   x1, 0x1c
#3676 0 800001c0     4785 r 0f         00000001  c.li     x15, 0x1
#3677 0 800001c2     8a2a r 14         ffffffc0  c.mv     x20, x10
#3678 0 800001c4     8932 r 12         ffffffc8  c.mv     x18, x12
#3679 0 800001c6     89ba r 13         ffffffd0  c.mv     x19, x14
#3680 0 800001c8     84ae r 09         00000002  c.mv     x9, x11
#3681 0 800001ca     8436 r 08         ffffffd8  c.mv     x8, x13
#3682 0 800001cc 02f58663 r 00         00000000  beq      x11, x15, . + 0x2c
#3683 0 800001d0     14fd r 09         00000001  c.addi   x9, -0x1
#3684 0 800001d2     85a6 r 0b         00000001  c.mv     x11, x9
#3685 0 800001d4     8552 r 0a         ffffffc0  c.mv     x10, x20
#3686 0 800001d6     8722 r 0e         ffffffd8  c.mv     x14, x8
#3687 0 800001d8     86ce r 0d         ffffffd0  c.mv     x13, x19
#3688 0 800001da     864a r 0c         ffffffc8  c.mv     x12, x18
#3689 0 800001dc     3fd9 r 01         800001de  c.jal    . - 0x2a
#3690 0 800001b2     1101 r 02         ffffff20  c.addi   x2, -0x20
#3691 0 800001b4     cc22 m ffffff38   ffffffd8  c.swsp   x8, 0x18
#3692 0 800001b6     ca26 m ffffff34   00000001  c.swsp   x9, 0x14
#3693 0 800001b8     c84a m ffffff30   ffffffc8  c.swsp   x18, 0x10
#3694 0 800001ba     c64e m ffffff2c   ffffffd0  c.swsp   x19, 0xc
#3695 0 800001bc     c452 m ffffff28   ffffffc0  c.swsp   x20, 0x8
#3696 0 800001be     ce06 m ffffff3c   800001de  c.swsp   x1, 0x1c
#3697 0 800001c0     4785 r 0f         00000001  c.li     x15, 0x1
#3698 0 800001c2     8a2a r 14         ffffffc0  c.mv     x20, x10
#3699 0 800001c4     8932 r 12         ffffffc8  c.mv     x18, x12
#3700 0 800001c6     89ba r 13         ffffffd8  c.mv     x19, x14
#3701 0 800001c8     84ae r 09         00000001  c.mv     x9, x11
#3702 0 800001ca     8436 r 08         ffffffd0  c.mv     x8, x13
#3703 0 800001cc 02f58663 r 00         00000000  beq      x11, x15, . + 0x2c
#3704 0 800001f8     8432 r 08         ffffffc8  c.mv     x8, x12
#3705 0 800001fa     405c r 0f         f0040030  c.lw     x15, 0x4(x8)
#3706 0 800001fc     4014 r 0d         00000003  c.lw     x13, 0x0(x8)
#3707 0 800001fe 004a2703 r 0e         00000048  lw       x14, 0x4(x20)
#3708 0 80000202     43cc r 0b         f0040028  c.lw     x11, 0x4(x15)
#3709 0 80000204     4390 r 0c         00000001  c.lw     x12, 0x0(x15)
#3710 0 80000206     16fd r 0d         00000002  c.addi   x13, -0x1
#3711 0 80000208     c04c m ffffffcc   f0040028  c.sw     x11, 0x4(x8)
#3712 0 8000020a 0049a583 r 0b         f0040018  lw       x11, 0x4(x19)
#3713 0 8000020e     c014 m ffffffc8   00000002  c.sw     x13, 0x0(x8)
#3714 0 80000210 0009a683 r 0d         00000002  lw       x13, 0x0(x19)
#3715 0 80000214     c3cc m f0040034   f0040018  c.sw     x11, 0x4(x15)
#3716 0 80000216 00f9a223 m ffffffdc   f0040030  sw       x15, 0x4(x19)
#3717 0 8000021a     c390 m f0040030   00000001  c.sw     x12, 0x0(x15)
#3718 0 8000021c     40f2 r 01         800001de  c.lwsp   x1, 0x1c
#3719 0 8000021e     4462 r 08         ffffffd8  c.lwsp   x8, 0x18
#3720 0 80000220 00168793 r 0f         00000003  addi     x15, x13, 0x1
#3721 0 80000224 00f9a023 m ffffffd8   00000003  sw       x15, 0x0(x19)
#3722 0 80000228 00170793 r 0f         00000049  addi     x15, x14, 0x1
#3723 0 8000022c 00fa2223 m ffffffc4   00000049  sw       x15, 0x4(x20)
#3724 0 80000230     44d2 r 09         00000001  c.lwsp   x9, 0x14
#3725 0 80000232     4942 r 12         ffffffc8  c.lwsp   x18, 0x10
#3726 0 80000234     49b2 r 13         ffffffd0  c.lwsp   x19, 0xc
#3727 0 80000236     4a22 r 14         ffffffc0  c.lwsp   x20, 0x8
#3728 0 80000238     6105 r 02         ffffff40  c.addi16sp 0x2
#3729 0 8000023a     8082 r 00         00000000  c.jr     x1
#3730 0 800001de     874e r 0e         ffffffd0  c.mv     x14, x19
#3731 0 800001e0     86a2 r 0d         ffffffd8  c.mv     x13, x8
#3732 0 800001e2     864a r 0c         ffffffc8  c.mv     x12, x18
#3733 0 800001e4     4585 r 0b         00000001  c.li     x11, 0x1
#3734 0 800001e6     8552 r 0a         ffffffc0  c.mv     x10, x20
#3735 0 800001e8     37e9 r 01         800001ea  c.jal    . - 0x36
#3736 0 800001b2     1101 r 02         ffffff20  c.addi   x2, -0x20
#3737 0 800001b4     cc22 m ffffff38   ffffffd8  c.swsp   x8, 0x18
#3738 0 800001b6     ca26 m ffffff34   00000001  c.swsp   x9, 0x14
#3739 0 800001b8     c84a m ffffff30   ffffffc8  c.swsp   x18, 0x10
#3740 0 800001ba     c64e m ffffff2c   ffffffd0  c.swsp   x19, 0xc
#3741 0 800001bc     c452 m ffffff28   ffffffc0  c.swsp   x20, 0x8
#3742 0 800001be     ce06 m ffffff3c   800001ea  c.swsp   x1, 0x1c
#3743 0 800001c0     4785 r 0f         00000001  c.li     x15, 0x1
#3744 0 800001c2     8a2a r 14         ffffffc0  c.mv     x20, x10
#3745 0 800001c4     8932 r 12         ffffffc8  c.mv     x18, x12
#3746 0 800001c6     89ba r 13         ffffffd0  c.mv     x19, x14
#3747 0 800001c8     84ae r 09         00000001  c.mv     x9, x11
#3748 0 800001ca     8436 r 08         ffffffd8  c.mv     x8, x13
#3749 0 800001cc 02f58663 r 00         00000000  beq      x11, x15, . + 0x2c
#3750 0 800001f8     8432 r 08         ffffffc8  c.mv     x8, x12
#3751 0 800001fa     405c r 0f         f0040028  c.lw     x15, 0x4(x8)
#3752 0 800001fc     4014 r 0d         00000002  c.lw     x13, 0x0(x8)
#3753 0 800001fe 004a2703 r 0e         00000049  lw       x14, 0x4(x20)
#3754 0 80000202     43cc r 0b         f0040020  c.lw     x11, 0x4(x15)
#3755 0 80000204     4390 r 0c         00000002  c.lw     x12, 0x0(x15)
#3756 0 80000206     16fd r 0d         00000001  c.addi   x13, -0x1
#3757 0 80000208     c04c m ffffffcc   f0040020  c.sw     x11, 0x4(x8)
#3758 0 8000020a 0049a583 r 0b         f0040010  lw       x11, 0x4(x19)
#3759 0 8000020e     c014 m ffffffc8   00000001  c.sw     x13, 0x0(x8)
#3760 0 80000210 0009a683 r 0d         00000002  lw       x13, 0x0(x19)
#3761 0 80000214     c3cc m f004002c   f0040010  c.sw     x11, 0x4(x15)
#3762 0 80000216 00f9a223 m ffffffd4   f0040028  sw       x15, 0x4(x19)
#3763 0 8000021a     c390 m f0040028   00000002  c.sw     x12, 0x0(x15)
#3764 0 8000021c     40f2 r 01         800001ea  c.lwsp   x1, 0x1c
#3765 0 8000021e     4462 r 08         ffffffd8  c.lwsp   x8, 0x18
#3766 0 80000220 00168793 r 0f         00000003  addi     x15, x13, 0x1
#3767 0 80000224 00f9a023 m ffffffd0   00000003  sw       x15, 0x0(x19)
#3768 0 80000228 00170793 r 0f         0000004a  addi     x15, x14, 0x1
#3769 0 8000022c 00fa2223 m ffffffc4   0000004a  sw       x15, 0x4(x20)
#3770 0 80000230     44d2 r 09         00000001  c.lwsp   x9, 0x14
#3771 0 80000232     4942 r 12         ffffffc8  c.lwsp   x18, 0x10
#3772 0 80000234     49b2 r 13         ffffffd0  c.lwsp   x19, 0xc
#3773 0 80000236     4a22 r 14         ffffffc0  c.lwsp   x20, 0x8
#3774 0 80000238     6105 r 02         ffffff40  c.addi16sp 0x2
#3775 0 8000023a     8082 r 00         00000000  c.jr     x1
#3776 0 800001ea     4785 r 0f         00000001  c.li     x15, 0x1
#3777 0 800001ec     874a r 0e         ffffffc8  c.mv     x14, x18
#3778 0 800001ee 00f48663 r 00         00000000  beq      x9, x15, . + 0xc
#3779 0 800001fa     405c r 0f         f0040030  c.lw     x15, 0x4(x8)
#3780 0 800001fc     4014 r 0d         00000003  c.lw     x13, 0x0(x8)
#3781 0 800001fe 004a2703 r 0e         0000004a  lw       x14, 0x4(x20)
#3782 0 80000202     43cc r 0b         f0040018  c.lw     x11, 0x4(x15)
#3783 0 80000204     4390 r 0c         00000001  c.lw     x12, 0x0(x15)
#3784 0 80000206     16fd r 0d         00000002  c.addi   x13, -0x1
#3785 0 80000208     c04c m ffffffdc   f0040018  c.sw     x11, 0x4(x8)
#3786 0 8000020a 0049a583 r 0b         f0040028  lw       x11, 0x4(x19)
#3787 0 8000020e     c014 m ffffffd8   00000002  c.sw     x13, 0x0(x8)
#3788 0 80000210 0009a683 r 0d         00000003  lw       x13, 0x0(x19)
#3789 0 80000214     c3cc m f0040034   f0040028  c.sw     x11, 0x4(x15)
#3790 0 80000216 00f9a223 m ffffffd4   f0040030  sw       x15, 0x4(x19)
#3791 0 8000021a     c390 m f0040030   00000001  c.sw     x12, 0x0(x15)
#3792 0 8000021c     40f2 r 01         800001de  c.lwsp   x1, 0x1c
#3793 0 8000021e     4462 r 08         ffffffd0  c.lwsp   x8, 0x18
#3794 0 80000220 00168793 r 0f         00000004  addi     x15, x13, 0x1
#3795 0 80000224 00f9a023 m ffffffd0   00000004  sw       x15, 0x0(x19)
#3796 0 80000228 00170793 r 0f         0000004b  addi     x15, x14, 0x1
#3797 0 8000022c 00fa2223 m ffffffc4   0000004b  sw       x15, 0x4(x20)
#3798 0 80000230     44d2 r 09         00000002  c.lwsp   x9, 0x14
#3799 0 80000232     4942 r 12         ffffffc8  c.lwsp   x18, 0x10
#3800 0 80000234     49b2 r 13         ffffffd8  c.lwsp   x19, 0xc
#3801 0 80000236     4a22 r 14         ffffffc0  c.lwsp   x20, 0x8
#3802 0 80000238     6105 r 02         ffffff60  c.addi16sp 0x2
#3803 0 8000023a     8082 r 00         00000000  c.jr     x1
#3804 0 800001de     874e r 0e         ffffffd8  c.mv     x14, x19
#3805 0 800001e0     86a2 r 0d         ffffffd0  c.mv     x13, x8
#3806 0 800001e2     864a r 0c         ffffffc8  c.mv     x12, x18
#3807 0 800001e4     4585 r 0b         00000001  c.li     x11, 0x1
#3808 0 800001e6     8552 r 0a         ffffffc0  c.mv     x10, x20
#3809 0 800001e8     37e9 r 01         800001ea  c.jal    . - 0x36
#3810 0 800001b2     1101 r 02         ffffff40  c.addi   x2, -0x20
#3811 0 800001b4     cc22 m ffffff58   ffffffd0  c.swsp   x8, 0x18
#3812 0 800001b6     ca26 m ffffff54   00000002  c.swsp   x9, 0x14
#3813 0 800001b8     c84a m ffffff50   ffffffc8  c.swsp   x18, 0x10
#3814 0 800001ba     c64e m ffffff4c   ffffffd8  c.swsp   x19, 0xc
#3815 0 800001bc     c452 m ffffff48   ffffffc0  c.swsp   x20, 0x8
#3816 0 800001be     ce06 m ffffff5c   800001ea  c.swsp   x1, 0x1c
#3817 0 800001c0     4785 r 0f         00000001  c.li     x15, 0x1
#3818 0 800001c2     8a2a r 14         ffffffc0  c.mv     x20, x10
#3819 0 800001c4     8932 r 12         ffffffc8  c.mv     x18, x12
#3820 0 800001c6     89ba r 13         ffffffd8  c.mv     x19, x14
#3821 0 800001c8     84ae r 09         00000001  c.mv     x9, x11
#3822 0 800001ca     8436 r 08         ffffffd0  c.mv     x8, x13
#3823 0 800001cc 02f58663 r 00         00000000  beq      x11, x15, . + 0x2c
#3824 0 800001f8     8432 r 08         ffffffc8  c.mv     x8, x12
#3825 0 800001fa     405c r 0f         f0040020  c.lw     x15, 0x4(x8)
#3826 0 800001fc     4014 r 0d         00000001  c.lw     x13, 0x0(x8)
#3827 0 800001fe 004a2703 r 0e         0000004b  lw       x14, 0x4(x20)
#3828 0 80000202     43cc r 0b         00000000  c.lw     x11, 0x4(x15)
#3829 0 80000204     4390 r 0c         00000003  c.lw     x12, 0x0(x15)
#3830 0 80000206     16fd r 0d         00000000  c.addi   x13, -0x1
#3831 0 80000208     c04c m ffffffcc   00000000  c.sw     x11, 0x4(x8)
#3832 0 8000020a 0049a583 r 0b         f0040018  lw       x11, 0x4(x19)
#3833 0 8000020e     c014 m ffffffc8   00000000  c.sw     x13, 0x0(x8)
#3834 0 80000210 0009a683 r 0d         00000002  lw       x13, 0x0(x19)
#3835 0 80000214     c3cc m f0040024   f0040018  c.sw     x11, 0x4(x15)
#3836 0 80000216 00f9a223 m ffffffdc   f0040020  sw       x15, 0x4(x19)
#3837 0 8000021a     c390 m f0040020   00000003  c.sw     x12, 0x0(x15)
#3838 0 8000021c     40f2 r 01         800001ea  c.lwsp   x1, 0x1c
#3839 0 8000021e     4462 r 08         ffffffd0  c.lwsp   x8, 0x18
#3840 0 80000220 00168793 r 0f         00000003  addi     x15, x13, 0x1
#3841 0 80000224 00f9a023 m ffffffd8   00000003  sw       x15, 0x0(x19)
#3842 0 80000228 00170793 r 0f         0000004c  addi     x15, x14, 0x1
#3843 0 8000022c 00fa2223 m ffffffc4   0000004c  sw       x15, 0x4(x20)
#3844 0 80000230     44d2 r 09         00000002  c.lwsp   x9, 0x14
#3845 0 80000232     4942 r 12         ffffffc8  c.lwsp   x18, 0x10
#3846 0 80000234     49b2 r 13         ffffffd8  c.lwsp   x19, 0xc
#3847 0 80000236     4a22 r 14         ffffffc0  c.lwsp   x20, 0x8
#3848 0 80000238     6105 r 02         ffffff60  c.addi16sp 0x2
#3849 0 8000023a     8082 r 00         00000000  c.jr     x1
#3850 0 800001ea     4785 r 0f         00000001  c.li     x15, 0x1
#3851 0 800001ec     874a r 0e         ffffffc8  c.mv     x14, x18
#3852 0 800001ee 00f48663 r 00         00000000  beq      x9, x15, . + 0xc
#3853 0 800001f2     8922 r 12         ffffffd0  c.mv     x18, x8
#3854 0 800001f4     843a r 08         ffffffc8  c.mv     x8, x14
#3855 0 800001f6     bfe9 r 00         00000000  c.j      . - 0x26
#3856 0 800001d0     14fd r 09         00000001  c.addi   x9, -0x1
#3857 0 800001d2     85a6 r 0b         00000001  c.mv     x11, x9
#3858 0 800001d4     8552 r 0a         ffffffc0  c.mv     x10, x20
#3859 0 800001d6     8722 r 0e         ffffffc8  c.mv     x14, x8
#3860 0 800001d8     86ce r 0d         ffffffd8  c.mv     x13, x19
#3861 0 800001da     864a r 0c         ffffffd0  c.mv     x12, x18
#3862 0 800001dc     3fd9 r 01         800001de  c.jal    . - 0x2a
#3863 0 800001b2     1101 r 02         ffffff40  c.addi   x2, -0x20
#3864 0 800001b4     cc22 m ffffff58   ffffffc8  c.swsp   x8, 0x18
#3865 0 800001b6     ca26 m ffffff54   00000001  c.swsp   x9, 0x14
#3866 0 800001b8     c84a m ffffff50   ffffffd0  c.swsp   x18, 0x10
#3867 0 800001ba     c64e m ffffff4c   ffffffd8  c.swsp   x19, 0xc
#3868 0 800001bc     c452 m ffffff48   ffffffc0  c.swsp   x20, 0x8
#3869 0 800001be     ce06 m ffffff5c   800001de  c.swsp   x1, 0x1c
#3870 0 800001c0     4785 r 0f         00000001  c.li     x15, 0x1
#3871 0 800001c2     8a2a r 14         ffffffc0  c.mv     x20, x10
#3872 0 800001c4     8932 r 12         ffffffd0  c.mv     x18, x12
#3873 0 800001c6     89ba r 13         ffffffc8  c.mv     x19, x14
#3874 0 800001c8     84ae r 09         00000001  c.mv     x9, x11
#3875 0 800001ca     8436 r 08         ffffffd8  c.mv     x8, x13
#3876 0 800001cc 02f58663 r 00         00000000  beq      x11, x15, . + 0x2c
#3877 0 800001f8     8432 r 08         ffffffd0  c.mv     x8, x12
#3878 0 800001fa     405c r 0f         f0040030  c.lw     x15, 0x4(x8)
#3879 0 800001fc     4014 r 0d         00000004  c.lw     x13, 0x0(x8)
#3880 0 800001fe 004a2703 r 0e         0000004c  lw       x14, 0x4(x20)
#3881 0 80000202     43cc r 0b         f0040028  c.lw     x11, 0x4(x15)
#3882 0 80000204     4390 r 0c         00000001  c.lw     x12, 0x0(x15)
#3883 0 80000206     16fd r 0d         00000003  c.addi   x13, -0x1
#3884 0 80000208     c04c m ffffffd4   f0040028  c.sw     x11, 0x4(x8)
#3885 0 8000020a 0049a583 r 0b         00000000  lw       x11, 0x4(x19)
#3886 0 8000020e     c014 m ffffffd0   00000003  c.sw     x13, 0x0(x8)
#3887 0 80000210 0009a683 r 0d         00000000  lw       x13, 0x0(x19)
#3888 0 80000214     c3cc m f0040034   00000000  c.sw     x11, 0x4(x15)
#3889 0 80000216 00f9a223 m ffffffcc   f0040030  sw       x15, 0x4(x19)
#3890 0 8000021a     c390 m f0040030   00000001  c.sw     x12, 0x0(x15)
#3891 0 8000021c     40f2 r 01         800001de  c.lwsp   x1, 0x1c
#3892 0 8000021e     4462 r 08         ffffffc8  c.lwsp   x8, 0x18
#3893 0 80000220 00168793 r 0f         00000001  addi     x15, x13, 0x1
#3894 0 80000224 00f9a023 m ffffffc8   00000001  sw       x15, 0x0(x19)
#3895 0 80000228 00170793 r 0f         0000004d  addi     x15, x14, 0x1
#3896 0 8000022c 00fa2223 m ffffffc4   0000004d  sw       x15, 0x4(x20)
#3897 0 80000230     44d2 r 09         00000001  c.lwsp   x9, 0x14
#3898 0 80000232     4942 r 12         ffffffd0  c.lwsp   x18, 0x10
#3899 0 80000234     49b2 r 13         ffffffd8  c.lwsp   x19, 0xc
#3900 0 80000236     4a22 r 14         ffffffc0  c.lwsp   x20, 0x8
#3901 0 80000238     6105 r 02         ffffff60  c.addi16sp 0x2
#3902 0 8000023a     8082 r 00         00000000  c.jr     x1
#3903 0 800001de     874e r 0e         ffffffd8  c.mv     x14, x19
#3904 0 800001e0     86a2 r 0d         ffffffc8  c.mv     x13, x8
#3905 0 800001e2     864a r 0c         ffffffd0  c.mv     x12, x18
#3906 0 800001e4     4585 r 0b         00000001  c.li     x11, 0x1
#3907 0 800001e6     8552 r 0a         ffffffc0  c.mv     x10, x20
#3908 0 800001e8     37e9 r 01         800001ea  c.jal    . - 0x36
#3909 0 800001b2     1101 r 02         ffffff40  c.addi   x2, -0x20
#3910 0 800001b4     cc22 m ffffff58   ffffffc8  c.swsp   x8, 0x18
#3911 0 800001b6     ca26 m ffffff54   00000001  c.swsp   x9, 0x14
#3912 0 800001b8     c84a m ffffff50   ffffffd0  c.swsp   x18, 0x10
#3913 0 800001ba     c64e m ffffff4c   ffffffd8  c.swsp   x19, 0xc
#3914 0 800001bc     c452 m ffffff48   ffffffc0  c.swsp   x20, 0x8
#3915 0 800001be     ce06 m ffffff5c   800001ea  c.swsp   x1, 0x1c
#3916 0 800001c0     4785 r 0f         00000001  c.li     x15, 0x1
#3917 0 800001c2     8a2a r 14         ffffffc0  c.mv     x20, x10
#3918 0 800001c4     8932 r 12         ffffffd0  c.mv     x18, x12
#3919 0 800001c6     89ba r 13         ffffffd8  c.mv     x19, x14
#3920 0 800001c8     84ae r 09         00000001  c.mv     x9, x11
#3921 0 800001ca     8436 r 08         ffffffc8  c.mv     x8, x13
#3922 0 800001cc 02f58663 r 00         00000000  beq      x11, x15, . + 0x2c
#3923 0 800001f8     8432 r 08         ffffffd0  c.mv     x8, x12
#3924 0 800001fa     405c r 0f         f0040028  c.lw     x15, 0x4(x8)
#3925 0 800001fc     4014 r 0d         00000003  c.lw     x13, 0x0(x8)
#3926 0 800001fe 004a2703 r 0e         0000004d  lw       x14, 0x4(x20)
#3927 0 80000202     43cc r 0b         f0040010  c.lw     x11, 0x4(x15)
#3928 0 80000204     4390 r 0c         00000002  c.lw     x12, 0x0(x15)
#3929 0 80000206     16fd r 0d         00000002  c.addi   x13, -0x1
#3930 0 80000208     c04c m ffffffd4   f0040010  c.sw     x11, 0x4(x8)
#3931 0 8000020a 0049a583 r 0b         f0040020  lw       x11, 0x4(x19)
#3932 0 8000020e     c014 m ffffffd0   00000002  c.sw     x13, 0x0(x8)
#3933 0 80000210 0009a683 r 0d         00000003  lw       x13, 0x0(x19)
#3934 0 80000214     c3cc m f004002c   f0040020  c.sw     x11, 0x4(x15)
#3935 0 80000216 00f9a223 m ffffffdc   f0040028  sw       x15, 0x4(x19)
#3936 0 8000021a     c390 m f0040028   00000002  c.sw     x12, 0x0(x15)
#3937 0 8000021c     40f2 r 01         800001ea  c.lwsp   x1, 0x1c
#3938 0 8000021e     4462 r 08         ffffffc8  c.lwsp   x8, 0x18
#3939 0 80000220 00168793 r 0f         00000004  addi     x15, x13, 0x1
#3940 0 80000224 00f9a023 m ffffffd8   00000004  sw       x15, 0x0(x19)
#3941 0 80000228 00170793 r 0f         0000004e  addi     x15, x14, 0x1
#3942 0 8000022c 00fa2223 m ffffffc4   0000004e  sw       x15, 0x4(x20)
#3943 0 80000230     44d2 r 09         00000001  c.lwsp   x9, 0x14
#3944 0 80000232     4942 r 12         ffffffd0  c.lwsp   x18, 0x10
#3945 0 80000234     49b2 r 13         ffffffd8  c.lwsp   x19, 0xc
#3946 0 80000236     4a22 r 14         ffffffc0  c.lwsp   x20, 0x8
#3947 0 80000238     6105 r 02         ffffff60  c.addi16sp 0x2
#3948 0 8000023a     8082 r 00         00000000  c.jr     x1
#3949 0 800001ea     4785 r 0f         00000001  c.li     x15, 0x1
#3950 0 800001ec     874a r 0e         ffffffd0  c.mv     x14, x18
#3951 0 800001ee 00f48663 r 00         00000000  beq      x9, x15, . + 0xc
#3952 0 800001fa     405c r 0f         f0040030  c.lw     x15, 0x4(x8)
#3953 0 800001fc     4014 r 0d         00000001  c.lw     x13, 0x0(x8)
#3954 0 800001fe 004a2703 r 0e         0000004e  lw       x14, 0x4(x20)
#3955 0 80000202     43cc r 0b         00000000  c.lw     x11, 0x4(x15)
#3956 0 80000204     4390 r 0c         00000001  c.lw     x12, 0x0(x15)
#3957 0 80000206     16fd r 0d         00000000  c.addi   x13, -0x1
#3958 0 80000208     c04c m ffffffcc   00000000  c.sw     x11, 0x4(x8)
#3959 0 8000020a 0049a583 r 0b         f0040028  lw       x11, 0x4(x19)
#3960 0 8000020e     c014 m ffffffc8   00000000  c.sw     x13, 0x0(x8)
#3961 0 80000210 0009a683 r 0d         00000004  lw       x13, 0x0(x19)
#3962 0 80000214     c3cc m f0040034   f0040028  c.sw     x11, 0x4(x15)
#3963 0 80000216 00f9a223 m ffffffdc   f0040030  sw       x15, 0x4(x19)
#3964 0 8000021a     c390 m f0040030   00000001  c.sw     x12, 0x0(x15)
#3965 0 8000021c     40f2 r 01         800001de  c.lwsp   x1, 0x1c
#3966 0 8000021e     4462 r 08         ffffffd8  c.lwsp   x8, 0x18
#3967 0 80000220 00168793 r 0f         00000005  addi     x15, x13, 0x1
#3968 0 80000224 00f9a023 m ffffffd8   00000005  sw       x15, 0x0(x19)
#3969 0 80000228 00170793 r 0f         0000004f  addi     x15, x14, 0x1
#3970 0 8000022c 00fa2223 m ffffffc4   0000004f  sw       x15, 0x4(x20)
#3971 0 80000230     44d2 r 09         00000004  c.lwsp   x9, 0x14
#3972 0 80000232     4942 r 12         ffffffd0  c.lwsp   x18, 0x10
#3973 0 80000234     49b2 r 13         ffffffc8  c.lwsp   x19, 0xc
#3974 0 80000236     4a22 r 14         ffffffc0  c.lwsp   x20, 0x8
#3975 0 80000238     6105 r 02         ffffff80  c.addi16sp 0x2
#3976 0 8000023a     8082 r 00         00000000  c.jr     x1
#3977 0 800001de     874e r 0e         ffffffc8  c.mv     x14, x19
#3978 0 800001e0     86a2 r 0d         ffffffd8  c.mv     x13, x8
#3979 0 800001e2     864a r 0c         ffffffd0  c.mv     x12, x18
#3980 0 800001e4     4585 r 0b         00000001  c.li     x11, 0x1
#3981 0 800001e6     8552 r 0a         ffffffc0  c.mv     x10, x20
#3982 0 800001e8     37e9 r 01         800001ea  c.jal    . - 0x36
#3983 0 800001b2     1101 r 02         ffffff60  c.addi   x2, -0x20
#3984 0 800001b4     cc22 m ffffff78   ffffffd8  c.swsp   x8, 0x18
#3985 0 800001b6     ca26 m ffffff74   00000004  c.swsp   x9, 0x14
#3986 0 800001b8     c84a m ffffff70   ffffffd0  c.swsp   x18, 0x10
#3987 0 800001ba     c64e m ffffff6c   ffffffc8  c.swsp   x19, 0xc
#3988 0 800001bc     c452 m ffffff68   ffffffc0  c.swsp   x20, 0x8
#3989 0 800001be     ce06 m ffffff7c   800001ea  c.swsp   x1, 0x1c
#3990 0 800001c0     4785 r 0f         00000001  c.li     x15, 0x1
#3991 0 800001c2     8a2a r 14         ffffffc0  c.mv     x20, x10
#3992 0 800001c4     8932 r 12         ffffffd0  c.mv     x18, x12
#3993 0 800001c6     89ba r 13         ffffffc8  c.mv     x19, x14
#3994 0 800001c8     84ae r 09         00000001  c.mv     x9, x11
#3995 0 800001ca     8436 r 08         ffffffd8  c.mv     x8, x13
#3996 0 800001cc 02f58663 r 00         00000000  beq      x11, x15, . + 0x2c
#3997 0 800001f8     8432 r 08         ffffffd0  c.mv     x8, x12
#3998 0 800001fa     405c r 0f         f0040010  c.lw     x15, 0x4(x8)
#3999 0 800001fc     4014 r 0d         00000002  c.lw     x13, 0x0(x8)
#4000 0 800001fe 004a2703 r 0e         0000004f  lw       x14, 0x4(x20)
#4001 0 80000202     43cc r 0b         f0040008  c.lw     x11, 0x4(x15)
#4002 0 80000204     4390 r 0c         00000005  c.lw     x12, 0x0(x15)
#4003 0 80000206     16fd r 0d         00000001  c.addi   x13, -0x1
#4004 0 80000208     c04c m ffffffd4   f0040008  c.sw     x11, 0x4(x8)
#4005 0 8000020a 0049a583 r 0b         00000000  lw       x11, 0x4(x19)
#4006 0 8000020e     c014 m ffffffd0   00000001  c.sw     x13, 0x0(x8)
#4007 0 80000210 0009a683 r 0d         00000000  lw       x13, 0x0(x19)
#4008 0 80000214     c3cc m f0040014   00000000  c.sw     x11, 0x4(x15)
#4009 0 80000216 00f9a223 m ffffffcc   f0040010  sw       x15, 0x4(x19)
#4010 0 8000021a     c390 m f0040010   00000005  c.sw     x12, 0x0(x15)
#4011 0 8000021c     40f2 r 01         800001ea  c.lwsp   x1, 0x1c
#4012 0 8000021e     4462 r 08         ffffffd8  c.lwsp   x8, 0x18
#4013 0 80000220 00168793 r 0f         00000001  addi     x15, x13, 0x1
#4014 0 80000224 00f9a023 m ffffffc8   00000001  sw       x15, 0x0(x19)
#4015 0 80000228 00170793 r 0f         00000050  addi     x15, x14, 0x1
#4016 0 8000022c 00fa2223 m ffffffc4   00000050  sw       x15, 0x4(x20)
#4017 0 80000230     44d2 r 09         00000004  c.lwsp   x9, 0x14
#4018 0 80000232     4942 r 12         ffffffd0  c.lwsp   x18, 0x10
#4019 0 80000234     49b2 r 13         ffffffc8  c.lwsp   x19, 0xc
#4020 0 80000236     4a22 r 14         ffffffc0  c.lwsp   x20, 0x8
#4021 0 80000238     6105 r 02         ffffff80  c.addi16sp 0x2
#4022 0 8000023a     8082 r 00         00000000  c.jr     x1
#4023 0 800001ea     4785 r 0f         00000001  c.li     x15, 0x1
#4024 0 800001ec     874a r 0e         ffffffd0  c.mv     x14, x18
#4025 0 800001ee 00f48663 r 00         00000000  beq      x9, x15, . + 0xc
#4026 0 800001f2     8922 r 12         ffffffd8  c.mv     x18, x8
#4027 0 800001f4     843a r 08         ffffffd0  c.mv     x8, x14
#4028 0 800001f6     bfe9 r 00         00000000  c.j      . - 0x26
#4029 0 800001d0     14fd r 09         00000003  c.addi   x9, -0x1
#4030 0 800001d2     85a6 r 0b         00000003  c.mv     x11, x9
#4031 0 800001d4     8552 r 0a         ffffffc0  c.mv     x10, x20
#4032 0 800001d6     8722 r 0e         ffffffd0  c.mv     x14, x8
#4033 0 800001d8     86ce r 0d         ffffffc8  c.mv     x13, x19
#4034 0 800001da     864a r 0c         ffffffd8  c.mv     x12, x18
#4035 0 800001dc     3fd9 r 01         800001de  c.jal    . - 0x2a
#4036 0 800001b2     1101 r 02         ffffff60  c.addi   x2, -0x20
#4037 0 800001b4     cc22 m ffffff78   ffffffd0  c.swsp   x8, 0x18
#4038 0 800001b6     ca26 m ffffff74   00000003  c.swsp   x9, 0x14
#4039 0 800001b8     c84a m ffffff70   ffffffd8  c.swsp   x18, 0x10
#4040 0 800001ba     c64e m ffffff6c   ffffffc8  c.swsp   x19, 0xc
#4041 0 800001bc     c452 m ffffff68   ffffffc0  c.swsp   x20, 0x8
#4042 0 800001be     ce06 m ffffff7c   800001de  c.swsp   x1, 0x1c
#4043 0 800001c0     4785 r 0f         00000001  c.li     x15, 0x1
#4044 0 800001c2     8a2a r 14         ffffffc0  c.mv     x20, x10
#4045 0 800001c4     8932 r 12         ffffffd8  c.mv     x18, x12
#4046 0 800001c6     89ba r 13         ffffffd0  c.mv     x19, x14
#4047 0 800001c8     84ae r 09         00000003  c.mv     x9, x11
#4048 0 800001ca     8436 r 08         ffffffc8  c.mv     x8, x13
#4049 0 800001cc 02f58663 r 00         00000000  beq      x11, x15, . + 0x2c
#4050 0 800001d0     14fd r 09         00000002  c.addi   x9, -0x1
#4051 0 800001d2     85a6 r 0b         00000002  c.mv     x11, x9
#4052 0 800001d4     8552 r 0a         ffffffc0  c.mv     x10, x20
#4053 0 800001d6     8722 r 0e         ffffffc8  c.mv     x14, x8
#4054 0 800001d8     86ce r 0d         ffffffd0  c.mv     x13, x19
#4055 0 800001da     864a r 0c         ffffffd8  c.mv     x12, x18
#4056 0 800001dc     3fd9 r 01         800001de  c.jal    . - 0x2a
#4057 0 800001b2     1101 r 02         ffffff40  c.addi   x2, -0x20
#4058 0 800001b4     cc22 m ffffff58   ffffffc8  c.swsp   x8, 0x18
#4059 0 800001b6     ca26 m ffffff54   00000002  c.swsp   x9, 0x14
#4060 0 800001b8     c84a m ffffff50   ffffffd8  c.swsp   x18, 0x10
#4061 0 800001ba     c64e m ffffff4c   ffffffd0  c.swsp   x19, 0xc
#4062 0 800001bc     c452 m ffffff48   ffffffc0  c.swsp   x20, 0x8
#4063 0 800001be     ce06 m ffffff5c   800001de  c.swsp   x1, 0x1c
#4064 0 800001c0     4785 r 0f         00000001  c.li     x15, 0x1
#4065 0 800001c2     8a2a r 14         ffffffc0  c.mv     x20, x10
#4066 0 800001c4     8932 r 12         ffffffd8  c.mv     x18, x12
#4067 0 800001c6     89ba r 13         ffffffc8  c.mv     x19, x14
#4068 0 800001c8     84ae r 09         00000002  c.mv     x9, x11
#4069 0 800001ca     8436 r 08         ffffffd0  c.mv     x8, x13
#4070 0 800001cc 02f58663 r 00         00000000  beq      x11, x15, . + 0x2c
#4071 0 800001d0     14fd r 09         00000001  c.addi   x9, -0x1
#4072 0 800001d2     85a6 r 0b         00000001  c.mv     x11, x9
#4073 0 800001d4     8552 r 0a         ffffffc0  c.mv     x10, x20
#4074 0 800001d6     8722 r 0e         ffffffd0  c.mv     x14, x8
#4075 0 800001d8     86ce r 0d         ffffffc8  c.mv     x13, x19
#4076 0 800001da     864a r 0c         ffffffd8  c.mv     x12, x18
#4077 0 800001dc     3fd9 r 01         800001de  c.jal    . - 0x2a
#4078 0 800001b2     1101 r 02         ffffff20  c.addi   x2, -0x20
#4079 0 800001b4     cc22 m ffffff38   ffffffd0  c.swsp   x8, 0x18
#4080 0 800001b6     ca26 m ffffff34   00000001  c.swsp   x9, 0x14
#4081 0 800001b8     c84a m ffffff30   ffffffd8  c.swsp   x18, 0x10
#4082 0 800001ba     c64e m ffffff2c   ffffffc8  c.swsp   x19, 0xc
#4083 0 800001bc     c452 m ffffff28   ffffffc0  c.swsp   x20, 0x8
#4084 0 800001be     ce06 m ffffff3c   800001de  c.swsp   x1, 0x1c
#4085 0 800001c0     4785 r 0f         00000001  c.li     x15, 0x1
#4086 0 800001c2     8a2a r 14         ffffffc0  c.mv     x20, x10
#4087 0 800001c4     8932 r 12         ffffffd8  c.mv     x18, x12
#4088 0 800001c6     89ba r 13         ffffffd0  c.mv     x19, x14
#4089 0 800001c8     84ae r 09         00000001  c.mv     x9, x11
#4090 0 800001ca     8436 r 08         ffffffc8  c.mv     x8, x13
#4091 0 800001cc 02f58663 r 00         00000000  beq      x11, x15, . + 0x2c
#4092 0 800001f8     8432 r 08         ffffffd8  c.mv     x8, x12
#4093 0 800001fa     405c r 0f         f0040030  c.lw     x15, 0x4(x8)
#4094 0 800001fc     4014 r 0d         00000005  c.lw     x13, 0x0(x8)
#4095 0 800001fe 004a2703 r 0e         00000050  lw       x14, 0x4(x20)
#4096 0 80000202     43cc r 0b         f0040028  c.lw     x11, 0x4(x15)
#4097 0 80000204     4390 r 0c         00000001  c.lw     x12, 0x0(x15)
#4098 0 80000206     16fd r 0d         00000004  c.addi   x13, -0x1
#4099 0 80000208     c04c m ffffffdc   f0040028  c.sw     x11, 0x4(x8)
#4100 0 8000020a 0049a583 r 0b         f0040008  lw       x11, 0x4(x19)
#4101 0 8000020e     c014 m ffffffd8   00000004  c.sw     x13, 0x0(x8)
#4102 0 80000210 0009a683 r 0d         00000001  lw       x13, 0x0(x19)
#4103 0 80000214     c3cc m f0040034   f0040008  c.sw     x11, 0x4(x15)
#4104 0 80000216 00f9a223 m ffffffd4   f0040030  sw       x15, 0x4(x19)
#4105 0 8000021a     c390 m f0040030   00000001  c.sw     x12, 0x0(x15)
#4106 0 8000021c     40f2 r 01         800001de  c.lwsp   x1, 0x1c
#4107 0 8000021e     4462 r 08         ffffffd0  c.lwsp   x8, 0x18
#4108 0 80000220 00168793 r 0f         00000002  addi     x15, x13, 0x1
#4109 0 80000224 00f9a023 m ffffffd0   00000002  sw       x15, 0x0(x19)
#4110 0 80000228 00170793 r 0f         00000051  addi     x15, x14, 0x1
#4111 0 8000022c 00fa2223 m ffffffc4   00000051  sw       x15, 0x4(x20)
#4112 0 80000230     44d2 r 09         00000001  c.lwsp   x9, 0x14
#4113 0 80000232     4942 r 12         ffffffd8  c.lwsp   x18, 0x10
#4114 0 80000234     49b2 r 13         ffffffc8  c.lwsp   x19, 0xc
#4115 0 80000236     4a22 r 14         ffffffc0  c.lwsp   x20, 0x8
#4116 0 80000238     6105 r 02         ffffff40  c.addi16sp 0x2
#4117 0 8000023a     8082 r 00         00000000  c.jr     x1
#4118 0 800001de     874e r 0e         ffffffc8  c.mv     x14, x19
#4119 0 800001e0     86a2 r 0d         ffffffd0  c.mv     x13, x8
#4120 0 800001e2     864a r 0c         ffffffd8  c.mv     x12, x18
#4121 0 800001e4     4585 r 0b         00000001  c.li     x11, 0x1
#4122 0 800001e6     8552 r 0a         ffffffc0  c.mv     x10, x20
#4123 0 800001e8     37e9 r 01         800001ea  c.jal    . - 0x36
#4124 0 800001b2     1101 r 02         ffffff20  c.addi   x2, -0x20
#4125 0 800001b4     cc22 m ffffff38   ffffffd0  c.swsp   x8, 0x18
#4126 0 800001b6     ca26 m ffffff34   00000001  c.swsp   x9, 0x14
#4127 0 800001b8     c84a m ffffff30   ffffffd8  c.swsp   x18, 0x10
#4128 0 800001ba     c64e m ffffff2c   ffffffc8  c.swsp   x19, 0xc
#4129 0 800001bc     c452 m ffffff28   ffffffc0  c.swsp   x20, 0x8
#4130 0 800001be     ce06 m ffffff3c   800001ea  c.swsp   x1, 0x1c
#4131 0 800001c0     4785 r 0f         00000001  c.li     x15, 0x1
#4132 0 800001c2     8a2a r 14         ffffffc0  c.mv     x20, x10
#4133 0 800001c4     8932 r 12         ffffffd8  c.mv     x18, x12
#4134 0 800001c6     89ba r 13         ffffffc8  c.mv     x19, x14
#4135 0 800001c8     84ae r 09         00000001  c.mv     x9, x11
#4136 0 800001ca     8436 r 08         ffffffd0  c.mv     x8, x13
#4137 0 800001cc 02f58663 r 00         00000000  beq      x11, x15, . + 0x2c
#4138 0 800001f8     8432 r 08         ffffffd8  c.mv     x8, x12
#4139 0 800001fa     405c r 0f         f0040028  c.lw     x15, 0x4(x8)
#4140 0 800001fc     4014 r 0d         00000004  c.lw     x13, 0x0(x8)
#4141 0 800001fe 004a2703 r 0e         00000051  lw       x14, 0x4(x20)
#4142 0 80000202     43cc r 0b         f0040020  c.lw     x11, 0x4(x15)
#4143 0 80000204     4390 r 0c         00000002  c.lw     x12, 0x0(x15)
#4144 0 80000206     16fd r 0d         00000003  c.addi   x13, -0x1
#4145 0 80000208     c04c m ffffffdc   f0040020  c.sw     x11, 0x4(x8)
#4146 0 8000020a 0049a583 r 0b         f0040010  lw       x11, 0x4(x19)
#4147 0 8000020e     c014 m ffffffd8   00000003  c.sw     x13, 0x0(x8)
#4148 0 80000210 0009a683 r 0d         00000001  lw       x13, 0x0(x19)
#4149 0 80000214     c3cc m f004002c   f0040010  c.sw     x11, 0x4(x15)
#4150 0 80000216 00f9a223 m ffffffcc   f0040028  sw       x15, 0x4(x19)
#4151 0 8000021a     c390 m f0040028   00000002  c.sw     x12, 0x0(x15)
#4152 0 8000021c     40f2 r 01         800001ea  c.lwsp   x1, 0x1c
#4153 0 8000021e     4462 r 08         ffffffd0  c.lwsp   x8, 0x18
#4154 0 80000220 00168793 r 0f         00000002  addi     x15, x13, 0x1
#4155 0 80000224 00f9a023 m ffffffc8   00000002  sw       x15, 0x0(x19)
#4156 0 80000228 00170793 r 0f         00000052  addi     x15, x14, 0x1
#4157 0 8000022c 00fa2223 m ffffffc4   00000052  sw       x15, 0x4(x20)
#4158 0 80000230     44d2 r 09         00000001  c.lwsp   x9, 0x14
#4159 0 80000232     4942 r 12         ffffffd8  c.lwsp   x18, 0x10
#4160 0 80000234     49b2 r 13         ffffffc8  c.lwsp   x19, 0xc
#4161 0 80000236     4a22 r 14         ffffffc0  c.lwsp   x20, 0x8
#4162 0 80000238     6105 r 02         ffffff40  c.addi16sp 0x2
#4163 0 8000023a     8082 r 00         00000000  c.jr     x1
#4164 0 800001ea     4785 r 0f         00000001  c.li     x15, 0x1
#4165 0 800001ec     874a r 0e         ffffffd8  c.mv     x14, x18
#4166 0 800001ee 00f48663 r 00         00000000  beq      x9, x15, . + 0xc
#4167 0 800001fa     405c r 0f         f0040030  c.lw     x15, 0x4(x8)
#4168 0 800001fc     4014 r 0d         00000002  c.lw     x13, 0x0(x8)
#4169 0 800001fe 004a2703 r 0e         00000052  lw       x14, 0x4(x20)
#4170 0 80000202     43cc r 0b         f0040008  c.lw     x11, 0x4(x15)
#4171 0 80000204     4390 r 0c         00000001  c.lw     x12, 0x0(x15)
#4172 0 80000206     16fd r 0d         00000001  c.addi   x13, -0x1
#4173 0 80000208     c04c m ffffffd4   f0040008  c.sw     x11, 0x4(x8)
#4174 0 8000020a 0049a583 r 0b         f0040028  lw       x11, 0x4(x19)
#4175 0 8000020e     c014 m ffffffd0   00000001  c.sw     x13, 0x0(x8)
#4176 0 80000210 0009a683 r 0d         00000002  lw       x13, 0x0(x19)
#4177 0 80000214     c3cc m f0040034   f0040028  c.sw     x11, 0x4(x15)
#4178 0 80000216 00f9a223 m ffffffcc   f0040030  sw       x15, 0x4(x19)
#4179 0 8000021a     c390 m f0040030   00000001  c.sw     x12, 0x0(x15)
#4180 0 8000021c     40f2 r 01         800001de  c.lwsp   x1, 0x1c
#4181 0 8000021e     4462 r 08         ffffffc8  c.lwsp   x8, 0x18
#4182 0 80000220 00168793 r 0f         00000003  addi     x15, x13, 0x1
#4183 0 80000224 00f9a023 m ffffffc8   00000003  sw       x15, 0x0(x19)
#4184 0 80000228 00170793 r 0f         00000053  addi     x15, x14, 0x1
#4185 0 8000022c 00fa2223 m ffffffc4   00000053  sw       x15, 0x4(x20)
#4186 0 80000230     44d2 r 09         00000002  c.lwsp   x9, 0x14
#4187 0 80000232     4942 r 12         ffffffd8  c.lwsp   x18, 0x10
#4188 0 80000234     49b2 r 13         ffffffd0  c.lwsp   x19, 0xc
#4189 0 80000236     4a22 r 14         ffffffc0  c.lwsp   x20, 0x8
#4190 0 80000238     6105 r 02         ffffff60  c.addi16sp 0x2
#4191 0 8000023a     8082 r 00         00000000  c.jr     x1
#4192 0 800001de     874e r 0e         ffffffd0  c.mv     x14, x19
#4193 0 800001e0     86a2 r 0d         ffffffc8  c.mv     x13, x8
#4194 0 800001e2     864a r 0c         ffffffd8  c.mv     x12, x18
#4195 0 800001e4     4585 r 0b         00000001  c.li     x11, 0x1
#4196 0 800001e6     8552 r 0a         ffffffc0  c.mv     x10, x20
#4197 0 800001e8     37e9 r 01         800001ea  c.jal    . - 0x36
#4198 0 800001b2     1101 r 02         ffffff40  c.addi   x2, -0x20
#4199 0 800001b4     cc22 m ffffff58   ffffffc8  c.swsp   x8, 0x18
#4200 0 800001b6     ca26 m ffffff54   00000002  c.swsp   x9, 0x14
#4201 0 800001b8     c84a m ffffff50   ffffffd8  c.swsp   x18, 0x10
#4202 0 800001ba     c64e m ffffff4c   ffffffd0  c.swsp   x19, 0xc
#4203 0 800001bc     c452 m ffffff48   ffffffc0  c.swsp   x20, 0x8
#4204 0 800001be     ce06 m ffffff5c   800001ea  c.swsp   x1, 0x1c
#4205 0 800001c0     4785 r 0f         00000001  c.li     x15, 0x1
#4206 0 800001c2     8a2a r 14         ffffffc0  c.mv     x20, x10
#4207 0 800001c4     8932 r 12         ffffffd8  c.mv     x18, x12
#4208 0 800001c6     89ba r 13         ffffffd0  c.mv     x19, x14
#4209 0 800001c8     84ae r 09         00000001  c.mv     x9, x11
#4210 0 800001ca     8436 r 08         ffffffc8  c.mv     x8, x13
#4211 0 800001cc 02f58663 r 00         00000000  beq      x11, x15, . + 0x2c
#4212 0 800001f8     8432 r 08         ffffffd8  c.mv     x8, x12
#4213 0 800001fa     405c r 0f         f0040020  c.lw     x15, 0x4(x8)
#4214 0 800001fc     4014 r 0d         00000003  c.lw     x13, 0x0(x8)
#4215 0 800001fe 004a2703 r 0e         00000053  lw       x14, 0x4(x20)
#4216 0 80000202     43cc r 0b         f0040018  c.lw     x11, 0x4(x15)
#4217 0 80000204     4390 r 0c         00000003  c.lw     x12, 0x0(x15)
#4218 0 80000206     16fd r 0d         00000002  c.addi   x13, -0x1
#4219 0 80000208     c04c m ffffffdc   f0040018  c.sw     x11, 0x4(x8)
#4220 0 8000020a 0049a583 r 0b         f0040008  lw       x11, 0x4(x19)
#4221 0 8000020e     c014 m ffffffd8   00000002  c.sw     x13, 0x0(x8)
#4222 0 80000210 0009a683 r 0d         00000001  lw       x13, 0x0(x19)
#4223 0 80000214     c3cc m f0040024   f0040008  c.sw     x11, 0x4(x15)
#4224 0 80000216 00f9a223 m ffffffd4   f0040020  sw       x15, 0x4(x19)
#4225 0 8000021a     c390 m f0040020   00000003  c.sw     x12, 0x0(x15)
#4226 0 8000021c     40f2 r 01         800001ea  c.lwsp   x1, 0x1c
#4227 0 8000021e     4462 r 08         ffffffc8  c.lwsp   x8, 0x18
#4228 0 80000220 00168793 r 0f         00000002  addi     x15, x13, 0x1
#4229 0 80000224 00f9a023 m ffffffd0   00000002  sw       x15, 0x0(x19)
#4230 0 80000228 00170793 r 0f         00000054  addi     x15, x14, 0x1
#4231 0 8000022c 00fa2223 m ffffffc4   00000054  sw       x15, 0x4(x20)
#4232 0 80000230     44d2 r 09         00000002  c.lwsp   x9, 0x14
#4233 0 80000232     4942 r 12         ffffffd8  c.lwsp   x18, 0x10
#4234 0 80000234     49b2 r 13         ffffffd0  c.lwsp   x19, 0xc
#4235 0 80000236     4a22 r 14         ffffffc0  c.lwsp   x20, 0x8
#4236 0 80000238     6105 r 02         ffffff60  c.addi16sp 0x2
#4237 0 8000023a     8082 r 00         00000000  c.jr     x1
#4238 0 800001ea     4785 r 0f         00000001  c.li     x15, 0x1
#4239 0 800001ec     874a r 0e         ffffffd8  c.mv     x14, x18
#4240 0 800001ee 00f48663 r 00         00000000  beq      x9, x15, . + 0xc
#4241 0 800001f2     8922 r 12         ffffffc8  c.mv     x18, x8
#4242 0 800001f4     843a r 08         ffffffd8  c.mv     x8, x14
#4243 0 800001f6     bfe9 r 00         00000000  c.j      . - 0x26
#4244 0 800001d0     14fd r 09         00000001  c.addi   x9, -0x1
#4245 0 800001d2     85a6 r 0b         00000001  c.mv     x11, x9
#4246 0 800001d4     8552 r 0a         ffffffc0  c.mv     x10, x20
#4247 0 800001d6     8722 r 0e         ffffffd8  c.mv     x14, x8
#4248 0 800001d8     86ce r 0d         ffffffd0  c.mv     x13, x19
#4249 0 800001da     864a r 0c         ffffffc8  c.mv     x12, x18
#4250 0 800001dc     3fd9 r 01         800001de  c.jal    . - 0x2a
#4251 0 800001b2     1101 r 02         ffffff40  c.addi   x2, -0x20
#4252 0 800001b4     cc22 m ffffff58   ffffffd8  c.swsp   x8, 0x18
#4253 0 800001b6     ca26 m ffffff54   00000001  c.swsp   x9, 0x14
#4254 0 800001b8     c84a m ffffff50   ffffffc8  c.swsp   x18, 0x10
#4255 0 800001ba     c64e m ffffff4c   ffffffd0  c.swsp   x19, 0xc
#4256 0 800001bc     c452 m ffffff48   ffffffc0  c.swsp   x20, 0x8
#4257 0 800001be     ce06 m ffffff5c   800001de  c.swsp   x1, 0x1c
#4258 0 800001c0     4785 r 0f         00000001  c.li     x15, 0x1
#4259 0 800001c2     8a2a r 14         ffffffc0  c.mv     x20, x10
#4260 0 800001c4     8932 r 12         ffffffc8  c.mv     x18, x12
#4261 0 800001c6     89ba r 13         ffffffd8  c.mv     x19, x14
#4262 0 800001c8     84ae r 09         00000001  c.mv     x9, x11
#4263 0 800001ca     8436 r 08         ffffffd0  c.mv     x8, x13
#4264 0 800001cc 02f58663 r 00         00000000  beq      x11, x15, . + 0x2c
#4265 0 800001f8     8432 r 08         ffffffc8  c.mv     x8, x12
#4266 0 800001fa     405c r 0f         f0040030  c.lw     x15, 0x4(x8)
#4267 0 800001fc     4014 r 0d         00000003  c.lw     x13, 0x0(x8)
#4268 0 800001fe 004a2703 r 0e         00000054  lw       x14, 0x4(x20)
#4269 0 80000202     43cc r 0b         f0040028  c.lw     x11, 0x4(x15)
#4270 0 80000204     4390 r 0c         00000001  c.lw     x12, 0x0(x15)
#4271 0 80000206     16fd r 0d         00000002  c.addi   x13, -0x1
#4272 0 80000208     c04c m ffffffcc   f0040028  c.sw     x11, 0x4(x8)
#4273 0 8000020a 0049a583 r 0b         f0040018  lw       x11, 0x4(x19)
#4274 0 8000020e     c014 m ffffffc8   00000002  c.sw     x13, 0x0(x8)
#4275 0 80000210 0009a683 r 0d         00000002  lw       x13, 0x0(x19)
#4276 0 80000214     c3cc m f0040034   f0040018  c.sw     x11, 0x4(x15)
#4277 0 80000216 00f9a223 m ffffffdc   f0040030  sw       x15, 0x4(x19)
#4278 0 8000021a     c390 m f0040030   00000001  c.sw     x12, 0x0(x15)
#4279 0 8000021c     40f2 r 01         800001de  c.lwsp   x1, 0x1c
#4280 0 8000021e     4462 r 08         ffffffd8  c.lwsp   x8, 0x18
#4281 0 80000220 00168793 r 0f         00000003  addi     x15, x13, 0x1
#4282 0 80000224 00f9a023 m ffffffd8   00000003  sw       x15, 0x0(x19)
#4283 0 80000228 00170793 r 0f         00000055  addi     x15, x14, 0x1
#4284 0 8000022c 00fa2223 m ffffffc4   00000055  sw       x15, 0x4(x20)
#4285 0 80000230     44d2 r 09         00000001  c.lwsp   x9, 0x14
#4286 0 80000232     4942 r 12         ffffffc8  c.lwsp   x18, 0x10
#4287 0 80000234     49b2 r 13         ffffffd0  c.lwsp   x19, 0xc
#4288 0 80000236     4a22 r 14         ffffffc0  c.lwsp   x20, 0x8
#4289 0 80000238     6105 r 02         ffffff60  c.addi16sp 0x2
#4290 0 8000023a     8082 r 00         00000000  c.jr     x1
#4291 0 800001de     874e r 0e         ffffffd0  c.mv     x14, x19
#4292 0 800001e0     86a2 r 0d         ffffffd8  c.mv     x13, x8
#4293 0 800001e2     864a r 0c         ffffffc8  c.mv     x12, x18
#4294 0 800001e4     4585 r 0b         00000001  c.li     x11, 0x1
#4295 0 800001e6     8552 r 0a         ffffffc0  c.mv     x10, x20
#4296 0 800001e8     37e9 r 01         800001ea  c.jal    . - 0x36
#4297 0 800001b2     1101 r 02         ffffff40  c.addi   x2, -0x20
#4298 0 800001b4     cc22 m ffffff58   ffffffd8  c.swsp   x8, 0x18
#4299 0 800001b6     ca26 m ffffff54   00000001  c.swsp   x9, 0x14
#4300 0 800001b8     c84a m ffffff50   ffffffc8  c.swsp   x18, 0x10
#4301 0 800001ba     c64e m ffffff4c   ffffffd0  c.swsp   x19, 0xc
#4302 0 800001bc     c452 m ffffff48   ffffffc0  c.swsp   x20, 0x8
#4303 0 800001be     ce06 m ffffff5c   800001ea  c.swsp   x1, 0x1c
#4304 0 800001c0     4785 r 0f         00000001  c.li     x15, 0x1
#4305 0 800001c2     8a2a r 14         ffffffc0  c.mv     x20, x10
#4306 0 800001c4     8932 r 12         ffffffc8  c.mv     x18, x12
#4307 0 800001c6     89ba r 13         ffffffd0  c.mv     x19, x14
#4308 0 800001c8     84ae r 09         00000001  c.mv     x9, x11
#4309 0 800001ca     8436 r 08         ffffffd8  c.mv     x8, x13
#4310 0 800001cc 02f58663 r 00         00000000  beq      x11, x15, . + 0x2c
#4311 0 800001f8     8432 r 08         ffffffc8  c.mv     x8, x12
#4312 0 800001fa     405c r 0f         f0040028  c.lw     x15, 0x4(x8)
#4313 0 800001fc     4014 r 0d         00000002  c.lw     x13, 0x0(x8)
#4314 0 800001fe 004a2703 r 0e         00000055  lw       x14, 0x4(x20)
#4315 0 80000202     43cc r 0b         f0040010  c.lw     x11, 0x4(x15)
#4316 0 80000204     4390 r 0c         00000002  c.lw     x12, 0x0(x15)
#4317 0 80000206     16fd r 0d         00000001  c.addi   x13, -0x1
#4318 0 80000208     c04c m ffffffcc   f0040010  c.sw     x11, 0x4(x8)
#4319 0 8000020a 0049a583 r 0b         f0040020  lw       x11, 0x4(x19)
#4320 0 8000020e     c014 m ffffffc8   00000001  c.sw     x13, 0x0(x8)
#4321 0 80000210 0009a683 r 0d         00000002  lw       x13, 0x0(x19)
#4322 0 80000214     c3cc m f004002c   f0040020  c.sw     x11, 0x4(x15)
#4323 0 80000216 00f9a223 m ffffffd4   f0040028  sw       x15, 0x4(x19)
#4324 0 8000021a     c390 m f0040028   00000002  c.sw     x12, 0x0(x15)
#4325 0 8000021c     40f2 r 01         800001ea  c.lwsp   x1, 0x1c
#4326 0 8000021e     4462 r 08         ffffffd8  c.lwsp   x8, 0x18
#4327 0 80000220 00168793 r 0f         00000003  addi     x15, x13, 0x1
#4328 0 80000224 00f9a023 m ffffffd0   00000003  sw       x15, 0x0(x19)
#4329 0 80000228 00170793 r 0f         00000056  addi     x15, x14, 0x1
#4330 0 8000022c 00fa2223 m ffffffc4   00000056  sw       x15, 0x4(x20)
#4331 0 80000230     44d2 r 09         00000001  c.lwsp   x9, 0x14
#4332 0 80000232     4942 r 12         ffffffc8  c.lwsp   x18, 0x10
#4333 0 80000234     49b2 r 13         ffffffd0  c.lwsp   x19, 0xc
#4334 0 80000236     4a22 r 14         ffffffc0  c.lwsp   x20, 0x8
#4335 0 80000238     6105 r 02         ffffff60  c.addi16sp 0x2
#4336 0 8000023a     8082 r 00         00000000  c.jr     x1
#4337 0 800001ea     4785 r 0f         00000001  c.li     x15, 0x1
#4338 0 800001ec     874a r 0e         ffffffc8  c.mv     x14, x18
#4339 0 800001ee 00f48663 r 00         00000000  beq      x9, x15, . + 0xc
#4340 0 800001fa     405c r 0f         f0040030  c.lw     x15, 0x4(x8)
#4341 0 800001fc     4014 r 0d         00000003  c.lw     x13, 0x0(x8)
#4342 0 800001fe 004a2703 r 0e         00000056  lw       x14, 0x4(x20)
#4343 0 80000202     43cc r 0b         f0040018  c.lw     x11, 0x4(x15)
#4344 0 80000204     4390 r 0c         00000001  c.lw     x12, 0x0(x15)
#4345 0 80000206     16fd r 0d         00000002  c.addi   x13, -0x1
#4346 0 80000208     c04c m ffffffdc   f0040018  c.sw     x11, 0x4(x8)
#4347 0 8000020a 0049a583 r 0b         f0040028  lw       x11, 0x4(x19)
#4348 0 8000020e     c014 m ffffffd8   00000002  c.sw     x13, 0x0(x8)
#4349 0 80000210 0009a683 r 0d         00000003  lw       x13, 0x0(x19)
#4350 0 80000214     c3cc m f0040034   f0040028  c.sw     x11, 0x4(x15)
#4351 0 80000216 00f9a223 m ffffffd4   f0040030  sw       x15, 0x4(x19)
#4352 0 8000021a     c390 m f0040030   00000001  c.sw     x12, 0x0(x15)
#4353 0 8000021c     40f2 r 01         800001de  c.lwsp   x1, 0x1c
#4354 0 8000021e     4462 r 08         ffffffd0  c.lwsp   x8, 0x18
#4355 0 80000220 00168793 r 0f         00000004  addi     x15, x13, 0x1
#4356 0 80000224 00f9a023 m ffffffd0   00000004  sw       x15, 0x0(x19)
#4357 0 80000228 00170793 r 0f         00000057  addi     x15, x14, 0x1
#4358 0 8000022c 00fa2223 m ffffffc4   00000057  sw       x15, 0x4(x20)
#4359 0 80000230     44d2 r 09         00000003  c.lwsp   x9, 0x14
#4360 0 80000232     4942 r 12         ffffffd8  c.lwsp   x18, 0x10
#4361 0 80000234     49b2 r 13         ffffffc8  c.lwsp   x19, 0xc
#4362 0 80000236     4a22 r 14         ffffffc0  c.lwsp   x20, 0x8
#4363 0 80000238     6105 r 02         ffffff80  c.addi16sp 0x2
#4364 0 8000023a     8082 r 00         00000000  c.jr     x1
#4365 0 800001de     874e r 0e         ffffffc8  c.mv     x14, x19
#4366 0 800001e0     86a2 r 0d         ffffffd0  c.mv     x13, x8
#4367 0 800001e2     864a r 0c         ffffffd8  c.mv     x12, x18
#4368 0 800001e4     4585 r 0b         00000001  c.li     x11, 0x1
#4369 0 800001e6     8552 r 0a         ffffffc0  c.mv     x10, x20
#4370 0 800001e8     37e9 r 01         800001ea  c.jal    . - 0x36
#4371 0 800001b2     1101 r 02         ffffff60  c.addi   x2, -0x20
#4372 0 800001b4     cc22 m ffffff78   ffffffd0  c.swsp   x8, 0x18
#4373 0 800001b6     ca26 m ffffff74   00000003  c.swsp   x9, 0x14
#4374 0 800001b8     c84a m ffffff70   ffffffd8  c.swsp   x18, 0x10
#4375 0 800001ba     c64e m ffffff6c   ffffffc8  c.swsp   x19, 0xc
#4376 0 800001bc     c452 m ffffff68   ffffffc0  c.swsp   x20, 0x8
#4377 0 800001be     ce06 m ffffff7c   800001ea  c.swsp   x1, 0x1c
#4378 0 800001c0     4785 r 0f         00000001  c.li     x15, 0x1
#4379 0 800001c2     8a2a r 14         ffffffc0  c.mv     x20, x10
#4380 0 800001c4     8932 r 12         ffffffd8  c.mv     x18, x12
#4381 0 800001c6     89ba r 13         ffffffc8  c.mv     x19, x14
#4382 0 800001c8     84ae r 09         00000001  c.mv     x9, x11
#4383 0 800001ca     8436 r 08         ffffffd0  c.mv     x8, x13
#4384 0 800001cc 02f58663 r 00         00000000  beq      x11, x15, . + 0x2c
#4385 0 800001f8     8432 r 08         ffffffd8  c.mv     x8, x12
#4386 0 800001fa     405c r 0f         f0040018  c.lw     x15, 0x4(x8)
#4387 0 800001fc     4014 r 0d         00000002  c.lw     x13, 0x0(x8)
#4388 0 800001fe 004a2703 r 0e         00000057  lw       x14, 0x4(x20)
#4389 0 80000202     43cc r 0b         f0040000  c.lw     x11, 0x4(x15)
#4390 0 80000204     4390 r 0c         00000004  c.lw     x12, 0x0(x15)
#4391 0 80000206     16fd r 0d         00000001  c.addi   x13, -0x1
#4392 0 80000208     c04c m ffffffdc   f0040000  c.sw     x11, 0x4(x8)
#4393 0 8000020a 0049a583 r 0b         f0040010  lw       x11, 0x4(x19)
#4394 0 8000020e     c014 m ffffffd8   00000001  c.sw     x13, 0x0(x8)
#4395 0 80000210 0009a683 r 0d         00000001  lw       x13, 0x0(x19)
#4396 0 80000214     c3cc m f004001c   f0040010  c.sw     x11, 0x4(x15)
#4397 0 80000216 00f9a223 m ffffffcc   f0040018  sw       x15, 0x4(x19)
#4398 0 8000021a     c390 m f0040018   00000004  c.sw     x12, 0x0(x15)
#4399 0 8000021c     40f2 r 01         800001ea  c.lwsp   x1, 0x1c
#4400 0 8000021e     4462 r 08         ffffffd0  c.lwsp   x8, 0x18
#4401 0 80000220 00168793 r 0f         00000002  addi     x15, x13, 0x1
#4402 0 80000224 00f9a023 m ffffffc8   00000002  sw       x15, 0x0(x19)
#4403 0 80000228 00170793 r 0f         00000058  addi     x15, x14, 0x1
#4404 0 8000022c 00fa2223 m ffffffc4   00000058  sw       x15, 0x4(x20)
#4405 0 80000230     44d2 r 09         00000003  c.lwsp   x9, 0x14
#4406 0 80000232     4942 r 12         ffffffd8  c.lwsp   x18, 0x10
#4407 0 80000234     49b2 r 13         ffffffc8  c.lwsp   x19, 0xc
#4408 0 80000236     4a22 r 14         ffffffc0  c.lwsp   x20, 0x8
#4409 0 80000238     6105 r 02         ffffff80  c.addi16sp 0x2
#4410 0 8000023a     8082 r 00         00000000  c.jr     x1
#4411 0 800001ea     4785 r 0f         00000001  c.li     x15, 0x1
#4412 0 800001ec     874a r 0e         ffffffd8  c.mv     x14, x18
#4413 0 800001ee 00f48663 r 00         00000000  beq      x9, x15, . + 0xc
#4414 0 800001f2     8922 r 12         ffffffd0  c.mv     x18, x8
#4415 0 800001f4     843a r 08         ffffffd8  c.mv     x8, x14
#4416 0 800001f6     bfe9 r 00         00000000  c.j      . - 0x26
#4417 0 800001d0     14fd r 09         00000002  c.addi   x9, -0x1
#4418 0 800001d2     85a6 r 0b         00000002  c.mv     x11, x9
#4419 0 800001d4     8552 r 0a         ffffffc0  c.mv     x10, x20
#4420 0 800001d6     8722 r 0e         ffffffd8  c.mv     x14, x8
#4421 0 800001d8     86ce r 0d         ffffffc8  c.mv     x13, x19
#4422 0 800001da     864a r 0c         ffffffd0  c.mv     x12, x18
#4423 0 800001dc     3fd9 r 01         800001de  c.jal    . - 0x2a
#4424 0 800001b2     1101 r 02         ffffff60  c.addi   x2, -0x20
#4425 0 800001b4     cc22 m ffffff78   ffffffd8  c.swsp   x8, 0x18
#4426 0 800001b6     ca26 m ffffff74   00000002  c.swsp   x9, 0x14
#4427 0 800001b8     c84a m ffffff70   ffffffd0  c.swsp   x18, 0x10
#4428 0 800001ba     c64e m ffffff6c   ffffffc8  c.swsp   x19, 0xc
#4429 0 800001bc     c452 m ffffff68   ffffffc0  c.swsp   x20, 0x8
#4430 0 800001be     ce06 m ffffff7c   800001de  c.swsp   x1, 0x1c
#4431 0 800001c0     4785 r 0f         00000001  c.li     x15, 0x1
#4432 0 800001c2     8a2a r 14         ffffffc0  c.mv     x20, x10
#4433 0 800001c4     8932 r 12         ffffffd0  c.mv     x18, x12
#4434 0 800001c6     89ba r 13         ffffffd8  c.mv     x19, x14
#4435 0 800001c8     84ae r 09         00000002  c.mv     x9, x11
#4436 0 800001ca     8436 r 08         ffffffc8  c.mv     x8, x13
#4437 0 800001cc 02f58663 r 00         00000000  beq      x11, x15, . + 0x2c
#4438 0 800001d0     14fd r 09         00000001  c.addi   x9, -0x1
#4439 0 800001d2     85a6 r 0b         00000001  c.mv     x11, x9
#4440 0 800001d4     8552 r 0a         ffffffc0  c.mv     x10, x20
#4441 0 800001d6     8722 r 0e         ffffffc8  c.mv     x14, x8
#4442 0 800001d8     86ce r 0d         ffffffd8  c.mv     x13, x19
#4443 0 800001da     864a r 0c         ffffffd0  c.mv     x12, x18
#4444 0 800001dc     3fd9 r 01         800001de  c.jal    . - 0x2a
#4445 0 800001b2     1101 r 02         ffffff40  c.addi   x2, -0x20
#4446 0 800001b4     cc22 m ffffff58   ffffffc8  c.swsp   x8, 0x18
#4447 0 800001b6     ca26 m ffffff54   00000001  c.swsp   x9, 0x14
#4448 0 800001b8     c84a m ffffff50   ffffffd0  c.swsp   x18, 0x10
#4449 0 800001ba     c64e m ffffff4c   ffffffd8  c.swsp   x19, 0xc
#4450 0 800001bc     c452 m ffffff48   ffffffc0  c.swsp   x20, 0x8
#4451 0 800001be     ce06 m ffffff5c   800001de  c.swsp   x1, 0x1c
#4452 0 800001c0     4785 r 0f         00000001  c.li     x15, 0x1
#4453 0 800001c2     8a2a r 14         ffffffc0  c.mv     x20, x10
#4454 0 800001c4     8932 r 12         ffffffd0  c.mv     x18, x12
#4455 0 800001c6     89ba r 13         ffffffc8  c.mv     x19, x14
#4456 0 800001c8     84ae r 09         00000001  c.mv     x9, x11
#4457 0 800001ca     8436 r 08         ffffffd8  c.mv     x8, x13
#4458 0 800001cc 02f58663 r 00         00000000  beq      x11, x15, . + 0x2c
#4459 0 800001f8     8432 r 08         ffffffd0  c.mv     x8, x12
#4460 0 800001fa     405c r 0f         f0040030  c.lw     x15, 0x4(x8)
#4461 0 800001fc     4014 r 0d         00000004  c.lw     x13, 0x0(x8)
#4462 0 800001fe 004a2703 r 0e         00000058  lw       x14, 0x4(x20)
#4463 0 80000202     43cc r 0b         f0040028  c.lw     x11, 0x4(x15)
#4464 0 80000204     4390 r 0c         00000001  c.lw     x12, 0x0(x15)
#4465 0 80000206     16fd r 0d         00000003  c.addi   x13, -0x1
#4466 0 80000208     c04c m ffffffd4   f0040028  c.sw     x11, 0x4(x8)
#4467 0 8000020a 0049a583 r 0b         f0040018  lw       x11, 0x4(x19)
#4468 0 8000020e     c014 m ffffffd0   00000003  c.sw     x13, 0x0(x8)
#4469 0 80000210 0009a683 r 0d         00000002  lw       x13, 0x0(x19)
#4470 0 80000214     c3cc m f0040034   f0040018  c.sw     x11, 0x4(x15)
#4471 0 80000216 00f9a223 m ffffffcc   f0040030  sw       x15, 0x4(x19)
#4472 0 8000021a     c390 m f0040030   00000001  c.sw     x12, 0x0(x15)
#4473 0 8000021c     40f2 r 01         800001de  c.lwsp   x1, 0x1c
#4474 0 8000021e     4462 r 08         ffffffc8  c.lwsp   x8, 0x18
#4475 0 80000220 00168793 r 0f         00000003  addi     x15, x13, 0x1
#4476 0 80000224 00f9a023 m ffffffc8   00000003  sw       x15, 0x0(x19)
#4477 0 80000228 00170793 r 0f         00000059  addi     x15, x14, 0x1
#4478 0 8000022c 00fa2223 m ffffffc4   00000059  sw       x15, 0x4(x20)
#4479 0 80000230     44d2 r 09         00000001  c.lwsp   x9, 0x14
#4480 0 80000232     4942 r 12         ffffffd0  c.lwsp   x18, 0x10
#4481 0 80000234     49b2 r 13         ffffffd8  c.lwsp   x19, 0xc
#4482 0 80000236     4a22 r 14         ffffffc0  c.lwsp   x20, 0x8
#4483 0 80000238     6105 r 02         ffffff60  c.addi16sp 0x2
#4484 0 8000023a     8082 r 00         00000000  c.jr     x1
#4485 0 800001de     874e r 0e         ffffffd8  c.mv     x14, x19
#4486 0 800001e0     86a2 r 0d         ffffffc8  c.mv     x13, x8
#4487 0 800001e2     864a r 0c         ffffffd0  c.mv     x12, x18
#4488 0 800001e4     4585 r 0b         00000001  c.li     x11, 0x1
#4489 0 800001e6     8552 r 0a         ffffffc0  c.mv     x10, x20
#4490 0 800001e8     37e9 r 01         800001ea  c.jal    . - 0x36
#4491 0 800001b2     1101 r 02         ffffff40  c.addi   x2, -0x20
#4492 0 800001b4     cc22 m ffffff58   ffffffc8  c.swsp   x8, 0x18
#4493 0 800001b6     ca26 m ffffff54   00000001  c.swsp   x9, 0x14
#4494 0 800001b8     c84a m ffffff50   ffffffd0  c.swsp   x18, 0x10
#4495 0 800001ba     c64e m ffffff4c   ffffffd8  c.swsp   x19, 0xc
#4496 0 800001bc     c452 m ffffff48   ffffffc0  c.swsp   x20, 0x8
#4497 0 800001be     ce06 m ffffff5c   800001ea  c.swsp   x1, 0x1c
#4498 0 800001c0     4785 r 0f         00000001  c.li     x15, 0x1
#4499 0 800001c2     8a2a r 14         ffffffc0  c.mv     x20, x10
#4500 0 800001c4     8932 r 12         ffffffd0  c.mv     x18, x12
#4501 0 800001c6     89ba r 13         ffffffd8  c.mv     x19, x14
#4502 0 800001c8     84ae r 09         00000001  c.mv     x9, x11
#4503 0 800001ca     8436 r 08         ffffffc8  c.mv     x8, x13
#4504 0 800001cc 02f58663 r 00         00000000  beq      x11, x15, . + 0x2c
#4505 0 800001f8     8432 r 08         ffffffd0  c.mv     x8, x12
#4506 0 800001fa     405c r 0f         f0040028  c.lw     x15, 0x4(x8)
#4507 0 800001fc     4014 r 0d         00000003  c.lw     x13, 0x0(x8)
#4508 0 800001fe 004a2703 r 0e         00000059  lw       x14, 0x4(x20)
#4509 0 80000202     43cc r 0b         f0040020  c.lw     x11, 0x4(x15)
#4510 0 80000204     4390 r 0c         00000002  c.lw     x12, 0x0(x15)
#4511 0 80000206     16fd r 0d         00000002  c.addi   x13, -0x1
#4512 0 80000208     c04c m ffffffd4   f0040020  c.sw     x11, 0x4(x8)
#4513 0 8000020a 0049a583 r 0b         f0040000  lw       x11, 0x4(x19)
#4514 0 8000020e     c014 m ffffffd0   00000002  c.sw     x13, 0x0(x8)
#4515 0 80000210 0009a683 r 0d         00000001  lw       x13, 0x0(x19)
#4516 0 80000214     c3cc m f004002c   f0040000  c.sw     x11, 0x4(x15)
#4517 0 80000216 00f9a223 m ffffffdc   f0040028  sw       x15, 0x4(x19)
#4518 0 8000021a     c390 m f0040028   00000002  c.sw     x12, 0x0(x15)
#4519 0 8000021c     40f2 r 01         800001ea  c.lwsp   x1, 0x1c
#4520 0 8000021e     4462 r 08         ffffffc8  c.lwsp   x8, 0x18
#4521 0 80000220 00168793 r 0f         00000002  addi     x15, x13, 0x1
#4522 0 80000224 00f9a023 m ffffffd8   00000002  sw       x15, 0x0(x19)
#4523 0 80000228 00170793 r 0f         0000005a  addi     x15, x14, 0x1
#4524 0 8000022c 00fa2223 m ffffffc4   0000005a  sw       x15, 0x4(x20)
#4525 0 80000230     44d2 r 09         00000001  c.lwsp   x9, 0x14
#4526 0 80000232     4942 r 12         ffffffd0  c.lwsp   x18, 0x10
#4527 0 80000234     49b2 r 13         ffffffd8  c.lwsp   x19, 0xc
#4528 0 80000236     4a22 r 14         ffffffc0  c.lwsp   x20, 0x8
#4529 0 80000238     6105 r 02         ffffff60  c.addi16sp 0x2
#4530 0 8000023a     8082 r 00         00000000  c.jr     x1
#4531 0 800001ea     4785 r 0f         00000001  c.li     x15, 0x1
#4532 0 800001ec     874a r 0e         ffffffd0  c.mv     x14, x18
#4533 0 800001ee 00f48663 r 00         00000000  beq      x9, x15, . + 0xc
#4534 0 800001fa     405c r 0f         f0040030  c.lw     x15, 0x4(x8)
#4535 0 800001fc     4014 r 0d         00000003  c.lw     x13, 0x0(x8)
#4536 0 800001fe 004a2703 r 0e         0000005a  lw       x14, 0x4(x20)
#4537 0 80000202     43cc r 0b         f0040018  c.lw     x11, 0x4(x15)
#4538 0 80000204     4390 r 0c         00000001  c.lw     x12, 0x0(x15)
#4539 0 80000206     16fd r 0d         00000002  c.addi   x13, -0x1
#4540 0 80000208     c04c m ffffffcc   f0040018  c.sw     x11, 0x4(x8)
#4541 0 8000020a 0049a583 r 0b         f0040028  lw       x11, 0x4(x19)
#4542 0 8000020e     c014 m ffffffc8   00000002  c.sw     x13, 0x0(x8)
#4543 0 80000210 0009a683 r 0d         00000002  lw       x13, 0x0(x19)
#4544 0 80000214     c3cc m f0040034   f0040028  c.sw     x11, 0x4(x15)
#4545 0 80000216 00f9a223 m ffffffdc   f0040030  sw       x15, 0x4(x19)
#4546 0 8000021a     c390 m f0040030   00000001  c.sw     x12, 0x0(x15)
#4547 0 8000021c     40f2 r 01         800001de  c.lwsp   x1, 0x1c
#4548 0 8000021e     4462 r 08         ffffffd8  c.lwsp   x8, 0x18
#4549 0 80000220 00168793 r 0f         00000003  addi     x15, x13, 0x1
#4550 0 80000224 00f9a023 m ffffffd8   00000003  sw       x15, 0x0(x19)
#4551 0 80000228 00170793 r 0f         0000005b  addi     x15, x14, 0x1
#4552 0 8000022c 00fa2223 m ffffffc4   0000005b  sw       x15, 0x4(x20)
#4553 0 80000230     44d2 r 09         00000002  c.lwsp   x9, 0x14
#4554 0 80000232     4942 r 12         ffffffd0  c.lwsp   x18, 0x10
#4555 0 80000234     49b2 r 13         ffffffc8  c.lwsp   x19, 0xc
#4556 0 80000236     4a22 r 14         ffffffc0  c.lwsp   x20, 0x8
#4557 0 80000238     6105 r 02         ffffff80  c.addi16sp 0x2
#4558 0 8000023a     8082 r 00         00000000  c.jr     x1
#4559 0 800001de     874e r 0e         ffffffc8  c.mv     x14, x19
#4560 0 800001e0     86a2 r 0d         ffffffd8  c.mv     x13, x8
#4561 0 800001e2     864a r 0c         ffffffd0  c.mv     x12, x18
#4562 0 800001e4     4585 r 0b         00000001  c.li     x11, 0x1
#4563 0 800001e6     8552 r 0a         ffffffc0  c.mv     x10, x20
#4564 0 800001e8     37e9 r 01         800001ea  c.jal    . - 0x36
#4565 0 800001b2     1101 r 02         ffffff60  c.addi   x2, -0x20
#4566 0 800001b4     cc22 m ffffff78   ffffffd8  c.swsp   x8, 0x18
#4567 0 800001b6     ca26 m ffffff74   00000002  c.swsp   x9, 0x14
#4568 0 800001b8     c84a m ffffff70   ffffffd0  c.swsp   x18, 0x10
#4569 0 800001ba     c64e m ffffff6c   ffffffc8  c.swsp   x19, 0xc
#4570 0 800001bc     c452 m ffffff68   ffffffc0  c.swsp   x20, 0x8
#4571 0 800001be     ce06 m ffffff7c   800001ea  c.swsp   x1, 0x1c
#4572 0 800001c0     4785 r 0f         00000001  c.li     x15, 0x1
#4573 0 800001c2     8a2a r 14         ffffffc0  c.mv     x20, x10
#4574 0 800001c4     8932 r 12         ffffffd0  c.mv     x18, x12
#4575 0 800001c6     89ba r 13         ffffffc8  c.mv     x19, x14
#4576 0 800001c8     84ae r 09         00000001  c.mv     x9, x11
#4577 0 800001ca     8436 r 08         ffffffd8  c.mv     x8, x13
#4578 0 800001cc 02f58663 r 00         00000000  beq      x11, x15, . + 0x2c
#4579 0 800001f8     8432 r 08         ffffffd0  c.mv     x8, x12
#4580 0 800001fa     405c r 0f         f0040020  c.lw     x15, 0x4(x8)
#4581 0 800001fc     4014 r 0d         00000002  c.lw     x13, 0x0(x8)
#4582 0 800001fe 004a2703 r 0e         0000005b  lw       x14, 0x4(x20)
#4583 0 80000202     43cc r 0b         f0040008  c.lw     x11, 0x4(x15)
#4584 0 80000204     4390 r 0c         00000003  c.lw     x12, 0x0(x15)
#4585 0 80000206     16fd r 0d         00000001  c.addi   x13, -0x1
#4586 0 80000208     c04c m ffffffd4   f0040008  c.sw     x11, 0x4(x8)
#4587 0 8000020a 0049a583 r 0b         f0040018  lw       x11, 0x4(x19)
#4588 0 8000020e     c014 m ffffffd0   00000001  c.sw     x13, 0x0(x8)
#4589 0 80000210 0009a683 r 0d         00000002  lw       x13, 0x0(x19)
#4590 0 80000214     c3cc m f0040024   f0040018  c.sw     x11, 0x4(x15)
#4591 0 80000216 00f9a223 m ffffffcc   f0040020  sw       x15, 0x4(x19)
#4592 0 8000021a     c390 m f0040020   00000003  c.sw     x12, 0x0(x15)
#4593 0 8000021c     40f2 r 01         800001ea  c.lwsp   x1, 0x1c
#4594 0 8000021e     4462 r 08         ffffffd8  c.lwsp   x8, 0x18
#4595 0 80000220 00168793 r 0f         00000003  addi     x15, x13, 0x1
#4596 0 80000224 00f9a023 m ffffffc8   00000003  sw       x15, 0x0(x19)
#4597 0 80000228 00170793 r 0f         0000005c  addi     x15, x14, 0x1
#4598 0 8000022c 00fa2223 m ffffffc4   0000005c  sw       x15, 0x4(x20)
#4599 0 80000230     44d2 r 09         00000002  c.lwsp   x9, 0x14
#4600 0 80000232     4942 r 12         ffffffd0  c.lwsp   x18, 0x10
#4601 0 80000234     49b2 r 13         ffffffc8  c.lwsp   x19, 0xc
#4602 0 80000236     4a22 r 14         ffffffc0  c.lwsp   x20, 0x8
#4603 0 80000238     6105 r 02         ffffff80  c.addi16sp 0x2
#4604 0 8000023a     8082 r 00         00000000  c.jr     x1
#4605 0 800001ea     4785 r 0f         00000001  c.li     x15, 0x1
#4606 0 800001ec     874a r 0e         ffffffd0  c.mv     x14, x18
#4607 0 800001ee 00f48663 r 00         00000000  beq      x9, x15, . + 0xc
#4608 0 800001f2     8922 r 12         ffffffd8  c.mv     x18, x8
#4609 0 800001f4     843a r 08         ffffffd0  c.mv     x8, x14
#4610 0 800001f6     bfe9 r 00         00000000  c.j      . - 0x26
#4611 0 800001d0     14fd r 09         00000001  c.addi   x9, -0x1
#4612 0 800001d2     85a6 r 0b         00000001  c.mv     x11, x9
#4613 0 800001d4     8552 r 0a         ffffffc0  c.mv     x10, x20
#4614 0 800001d6     8722 r 0e         ffffffd0  c.mv     x14, x8
#4615 0 800001d8     86ce r 0d         ffffffc8  c.mv     x13, x19
#4616 0 800001da     864a r 0c         ffffffd8  c.mv     x12, x18
#4617 0 800001dc     3fd9 r 01         800001de  c.jal    . - 0x2a
#4618 0 800001b2     1101 r 02         ffffff60  c.addi   x2, -0x20
#4619 0 800001b4     cc22 m ffffff78   ffffffd0  c.swsp   x8, 0x18
#4620 0 800001b6     ca26 m ffffff74   00000001  c.swsp   x9, 0x14
#4621 0 800001b8     c84a m ffffff70   ffffffd8  c.swsp   x18, 0x10
#4622 0 800001ba     c64e m ffffff6c   ffffffc8  c.swsp   x19, 0xc
#4623 0 800001bc     c452 m ffffff68   ffffffc0  c.swsp   x20, 0x8
#4624 0 800001be     ce06 m ffffff7c   800001de  c.swsp   x1, 0x1c
#4625 0 800001c0     4785 r 0f         00000001  c.li     x15, 0x1
#4626 0 800001c2     8a2a r 14         ffffffc0  c.mv     x20, x10
#4627 0 800001c4     8932 r 12         ffffffd8  c.mv     x18, x12
#4628 0 800001c6     89ba r 13         ffffffd0  c.mv     x19, x14
#4629 0 800001c8     84ae r 09         00000001  c.mv     x9, x11
#4630 0 800001ca     8436 r 08         ffffffc8  c.mv     x8, x13
#4631 0 800001cc 02f58663 r 00         00000000  beq      x11, x15, . + 0x2c
#4632 0 800001f8     8432 r 08         ffffffd8  c.mv     x8, x12
#4633 0 800001fa     405c r 0f         f0040030  c.lw     x15, 0x4(x8)
#4634 0 800001fc     4014 r 0d         00000003  c.lw     x13, 0x0(x8)
#4635 0 800001fe 004a2703 r 0e         0000005c  lw       x14, 0x4(x20)
#4636 0 80000202     43cc r 0b         f0040028  c.lw     x11, 0x4(x15)
#4637 0 80000204     4390 r 0c         00000001  c.lw     x12, 0x0(x15)
#4638 0 80000206     16fd r 0d         00000002  c.addi   x13, -0x1
#4639 0 80000208     c04c m ffffffdc   f0040028  c.sw     x11, 0x4(x8)
#4640 0 8000020a 0049a583 r 0b         f0040008  lw       x11, 0x4(x19)
#4641 0 8000020e     c014 m ffffffd8   00000002  c.sw     x13, 0x0(x8)
#4642 0 80000210 0009a683 r 0d         00000001  lw       x13, 0x0(x19)
#4643 0 80000214     c3cc m f0040034   f0040008  c.sw     x11, 0x4(x15)
#4644 0 80000216 00f9a223 m ffffffd4   f0040030  sw       x15, 0x4(x19)
#4645 0 8000021a     c390 m f0040030   00000001  c.sw     x12, 0x0(x15)
#4646 0 8000021c     40f2 r 01         800001de  c.lwsp   x1, 0x1c
#4647 0 8000021e     4462 r 08         ffffffd0  c.lwsp   x8, 0x18
#4648 0 80000220 00168793 r 0f         00000002  addi     x15, x13, 0x1
#4649 0 80000224 00f9a023 m ffffffd0   00000002  sw       x15, 0x0(x19)
#4650 0 80000228 00170793 r 0f         0000005d  addi     x15, x14, 0x1
#4651 0 8000022c 00fa2223 m ffffffc4   0000005d  sw       x15, 0x4(x20)
#4652 0 80000230     44d2 r 09         00000001  c.lwsp   x9, 0x14
#4653 0 80000232     4942 r 12         ffffffd8  c.lwsp   x18, 0x10
#4654 0 80000234     49b2 r 13         ffffffc8  c.lwsp   x19, 0xc
#4655 0 80000236     4a22 r 14         ffffffc0  c.lwsp   x20, 0x8
#4656 0 80000238     6105 r 02         ffffff80  c.addi16sp 0x2
#4657 0 8000023a     8082 r 00         00000000  c.jr     x1
#4658 0 800001de     874e r 0e         ffffffc8  c.mv     x14, x19
#4659 0 800001e0     86a2 r 0d         ffffffd0  c.mv     x13, x8
#4660 0 800001e2     864a r 0c         ffffffd8  c.mv     x12, x18
#4661 0 800001e4     4585 r 0b         00000001  c.li     x11, 0x1
#4662 0 800001e6     8552 r 0a         ffffffc0  c.mv     x10, x20
#4663 0 800001e8     37e9 r 01         800001ea  c.jal    . - 0x36
#4664 0 800001b2     1101 r 02         ffffff60  c.addi   x2, -0x20
#4665 0 800001b4     cc22 m ffffff78   ffffffd0  c.swsp   x8, 0x18
#4666 0 800001b6     ca26 m ffffff74   00000001  c.swsp   x9, 0x14
#4667 0 800001b8     c84a m ffffff70   ffffffd8  c.swsp   x18, 0x10
#4668 0 800001ba     c64e m ffffff6c   ffffffc8  c.swsp   x19, 0xc
#4669 0 800001bc     c452 m ffffff68   ffffffc0  c.swsp   x20, 0x8
#4670 0 800001be     ce06 m ffffff7c   800001ea  c.swsp   x1, 0x1c
#4671 0 800001c0     4785 r 0f         00000001  c.li     x15, 0x1
#4672 0 800001c2     8a2a r 14         ffffffc0  c.mv     x20, x10
#4673 0 800001c4     8932 r 12         ffffffd8  c.mv     x18, x12
#4674 0 800001c6     89ba r 13         ffffffc8  c.mv     x19, x14
#4675 0 800001c8     84ae r 09         00000001  c.mv     x9, x11
#4676 0 800001ca     8436 r 08         ffffffd0  c.mv     x8, x13
#4677 0 800001cc 02f58663 r 00         00000000  beq      x11, x15, . + 0x2c
#4678 0 800001f8     8432 r 08         ffffffd8  c.mv     x8, x12
#4679 0 800001fa     405c r 0f         f0040028  c.lw     x15, 0x4(x8)
#4680 0 800001fc     4014 r 0d         00000002  c.lw     x13, 0x0(x8)
#4681 0 800001fe 004a2703 r 0e         0000005d  lw       x14, 0x4(x20)
#4682 0 80000202     43cc r 0b         f0040000  c.lw     x11, 0x4(x15)
#4683 0 80000204     4390 r 0c         00000002  c.lw     x12, 0x0(x15)
#4684 0 80000206     16fd r 0d         00000001  c.addi   x13, -0x1
#4685 0 80000208     c04c m ffffffdc   f0040000  c.sw     x11, 0x4(x8)
#4686 0 8000020a 0049a583 r 0b         f0040020  lw       x11, 0x4(x19)
#4687 0 8000020e     c014 m ffffffd8   00000001  c.sw     x13, 0x0(x8)
#4688 0 80000210 0009a683 r 0d         00000003  lw       x13, 0x0(x19)
#4689 0 80000214     c3cc m f004002c   f0040020  c.sw     x11, 0x4(x15)
#4690 0 80000216 00f9a223 m ffffffcc   f0040028  sw       x15, 0x4(x19)
#4691 0 8000021a     c390 m f0040028   00000002  c.sw     x12, 0x0(x15)
#4692 0 8000021c     40f2 r 01         800001ea  c.lwsp   x1, 0x1c
#4693 0 8000021e     4462 r 08         ffffffd0  c.lwsp   x8, 0x18
#4694 0 80000220 00168793 r 0f         00000004  addi     x15, x13, 0x1
#4695 0 80000224 00f9a023 m ffffffc8   00000004  sw       x15, 0x0(x19)
#4696 0 80000228 00170793 r 0f         0000005e  addi     x15, x14, 0x1
#4697 0 8000022c 00fa2223 m ffffffc4   0000005e  sw       x15, 0x4(x20)
#4698 0 80000230     44d2 r 09         00000001  c.lwsp   x9, 0x14
#4699 0 80000232     4942 r 12         ffffffd8  c.lwsp   x18, 0x10
#4700 0 80000234     49b2 r 13         ffffffc8  c.lwsp   x19, 0xc
#4701 0 80000236     4a22 r 14         ffffffc0  c.lwsp   x20, 0x8
#4702 0 80000238     6105 r 02         ffffff80  c.addi16sp 0x2
#4703 0 8000023a     8082 r 00         00000000  c.jr     x1
#4704 0 800001ea     4785 r 0f         00000001  c.li     x15, 0x1
#4705 0 800001ec     874a r 0e         ffffffd8  c.mv     x14, x18
#4706 0 800001ee 00f48663 r 00         00000000  beq      x9, x15, . + 0xc
#4707 0 800001fa     405c r 0f         f0040030  c.lw     x15, 0x4(x8)
#4708 0 800001fc     4014 r 0d         00000002  c.lw     x13, 0x0(x8)
#4709 0 800001fe 004a2703 r 0e         0000005e  lw       x14, 0x4(x20)
#4710 0 80000202     43cc r 0b         f0040008  c.lw     x11, 0x4(x15)
#4711 0 80000204     4390 r 0c         00000001  c.lw     x12, 0x0(x15)
#4712 0 80000206     16fd r 0d         00000001  c.addi   x13, -0x1
#4713 0 80000208     c04c m ffffffd4   f0040008  c.sw     x11, 0x4(x8)
#4714 0 8000020a 0049a583 r 0b         f0040028  lw       x11, 0x4(x19)
#4715 0 8000020e     c014 m ffffffd0   00000001  c.sw     x13, 0x0(x8)
#4716 0 80000210 0009a683 r 0d         00000004  lw       x13, 0x0(x19)
#4717 0 80000214     c3cc m f0040034   f0040028  c.sw     x11, 0x4(x15)
#4718 0 80000216 00f9a223 m ffffffcc   f0040030  sw       x15, 0x4(x19)
#4719 0 8000021a     c390 m f0040030   00000001  c.sw     x12, 0x0(x15)
#4720 0 8000021c     40f2 r 01         800001de  c.lwsp   x1, 0x1c
#4721 0 8000021e     4462 r 08         ffffffc8  c.lwsp   x8, 0x18
#4722 0 80000220 00168793 r 0f         00000005  addi     x15, x13, 0x1
#4723 0 80000224 00f9a023 m ffffffc8   00000005  sw       x15, 0x0(x19)
#4724 0 80000228 00170793 r 0f         0000005f  addi     x15, x14, 0x1
#4725 0 8000022c 00fa2223 m ffffffc4   0000005f  sw       x15, 0x4(x20)
#4726 0 80000230     44d2 r 09         00000005  c.lwsp   x9, 0x14
#4727 0 80000232     4942 r 12         ffffffd0  c.lwsp   x18, 0x10
#4728 0 80000234     49b2 r 13         ffffffd8  c.lwsp   x19, 0xc
#4729 0 80000236     4a22 r 14         ffffffc0  c.lwsp   x20, 0x8
#4730 0 80000238     6105 r 02         ffffffa0  c.addi16sp 0x2
#4731 0 8000023a     8082 r 00         00000000  c.jr     x1
#4732 0 800001de     874e r 0e         ffffffd8  c.mv     x14, x19
#4733 0 800001e0     86a2 r 0d         ffffffc8  c.mv     x13, x8
#4734 0 800001e2     864a r 0c         ffffffd0  c.mv     x12, x18
#4735 0 800001e4     4585 r 0b         00000001  c.li     x11, 0x1
#4736 0 800001e6     8552 r 0a         ffffffc0  c.mv     x10, x20
#4737 0 800001e8     37e9 r 01         800001ea  c.jal    . - 0x36
#4738 0 800001b2     1101 r 02         ffffff80  c.addi   x2, -0x20
#4739 0 800001b4     cc22 m ffffff98   ffffffc8  c.swsp   x8, 0x18
#4740 0 800001b6     ca26 m ffffff94   00000005  c.swsp   x9, 0x14
#4741 0 800001b8     c84a m ffffff90   ffffffd0  c.swsp   x18, 0x10
#4742 0 800001ba     c64e m ffffff8c   ffffffd8  c.swsp   x19, 0xc
#4743 0 800001bc     c452 m ffffff88   ffffffc0  c.swsp   x20, 0x8
#4744 0 800001be     ce06 m ffffff9c   800001ea  c.swsp   x1, 0x1c
#4745 0 800001c0     4785 r 0f         00000001  c.li     x15, 0x1
#4746 0 800001c2     8a2a r 14         ffffffc0  c.mv     x20, x10
#4747 0 800001c4     8932 r 12         ffffffd0  c.mv     x18, x12
#4748 0 800001c6     89ba r 13         ffffffd8  c.mv     x19, x14
#4749 0 800001c8     84ae r 09         00000001  c.mv     x9, x11
#4750 0 800001ca     8436 r 08         ffffffc8  c.mv     x8, x13
#4751 0 800001cc 02f58663 r 00         00000000  beq      x11, x15, . + 0x2c
#4752 0 800001f8     8432 r 08         ffffffd0  c.mv     x8, x12
#4753 0 800001fa     405c r 0f         f0040008  c.lw     x15, 0x4(x8)
#4754 0 800001fc     4014 r 0d         00000001  c.lw     x13, 0x0(x8)
#4755 0 800001fe 004a2703 r 0e         0000005f  lw       x14, 0x4(x20)
#4756 0 80000202     43cc r 0b         00000000  c.lw     x11, 0x4(x15)
#4757 0 80000204     4390 r 0c         00000006  c.lw     x12, 0x0(x15)
#4758 0 80000206     16fd r 0d         00000000  c.addi   x13, -0x1
#4759 0 80000208     c04c m ffffffd4   00000000  c.sw     x11, 0x4(x8)
#4760 0 8000020a 0049a583 r 0b         f0040000  lw       x11, 0x4(x19)
#4761 0 8000020e     c014 m ffffffd0   00000000  c.sw     x13, 0x0(x8)
#4762 0 80000210 0009a683 r 0d         00000001  lw       x13, 0x0(x19)
#4763 0 80000214     c3cc m f004000c   f0040000  c.sw     x11, 0x4(x15)
#4764 0 80000216 00f9a223 m ffffffdc   f0040008  sw       x15, 0x4(x19)
#4765 0 8000021a     c390 m f0040008   00000006  c.sw     x12, 0x0(x15)
#4766 0 8000021c     40f2 r 01         800001ea  c.lwsp   x1, 0x1c
#4767 0 8000021e     4462 r 08         ffffffc8  c.lwsp   x8, 0x18
#4768 0 80000220 00168793 r 0f         00000002  addi     x15, x13, 0x1
#4769 0 80000224 00f9a023 m ffffffd8   00000002  sw       x15, 0x0(x19)
#4770 0 80000228 00170793 r 0f         00000060  addi     x15, x14, 0x1
#4771 0 8000022c 00fa2223 m ffffffc4   00000060  sw       x15, 0x4(x20)
#4772 0 80000230     44d2 r 09         00000005  c.lwsp   x9, 0x14
#4773 0 80000232     4942 r 12         ffffffd0  c.lwsp   x18, 0x10
#4774 0 80000234     49b2 r 13         ffffffd8  c.lwsp   x19, 0xc
#4775 0 80000236     4a22 r 14         ffffffc0  c.lwsp   x20, 0x8
#4776 0 80000238     6105 r 02         ffffffa0  c.addi16sp 0x2
#4777 0 8000023a     8082 r 00         00000000  c.jr     x1
#4778 0 800001ea     4785 r 0f         00000001  c.li     x15, 0x1
#4779 0 800001ec     874a r 0e         ffffffd0  c.mv     x14, x18
#4780 0 800001ee 00f48663 r 00         00000000  beq      x9, x15, . + 0xc
#4781 0 800001f2     8922 r 12         ffffffc8  c.mv     x18, x8
#4782 0 800001f4     843a r 08         ffffffd0  c.mv     x8, x14
#4783 0 800001f6     bfe9 r 00         00000000  c.j      . - 0x26
#4784 0 800001d0     14fd r 09         00000004  c.addi   x9, -0x1
#4785 0 800001d2     85a6 r 0b         00000004  c.mv     x11, x9
#4786 0 800001d4     8552 r 0a         ffffffc0  c.mv     x10, x20
#4787 0 800001d6     8722 r 0e         ffffffd0  c.mv     x14, x8
#4788 0 800001d8     86ce r 0d         ffffffd8  c.mv     x13, x19
#4789 0 800001da     864a r 0c         ffffffc8  c.mv     x12, x18
#4790 0 800001dc     3fd9 r 01         800001de  c.jal    . - 0x2a
#4791 0 800001b2     1101 r 02         ffffff80  c.addi   x2, -0x20
#4792 0 800001b4     cc22 m ffffff98   ffffffd0  c.swsp   x8, 0x18
#4793 0 800001b6     ca26 m ffffff94   00000004  c.swsp   x9, 0x14
#4794 0 800001b8     c84a m ffffff90   ffffffc8  c.swsp   x18, 0x10
#4795 0 800001ba     c64e m ffffff8c   ffffffd8  c.swsp   x19, 0xc
#4796 0 800001bc     c452 m ffffff88   ffffffc0  c.swsp   x20, 0x8
#4797 0 800001be     ce06 m ffffff9c   800001de  c.swsp   x1, 0x1c
#4798 0 800001c0     4785 r 0f         00000001  c.li     x15, 0x1
#4799 0 800001c2     8a2a r 14         ffffffc0  c.mv     x20, x10
#4800 0 800001c4     8932 r 12         ffffffc8  c.mv     x18, x12
#4801 0 800001c6     89ba r 13         ffffffd0  c.mv     x19, x14
#4802 0 800001c8     84ae r 09         00000004  c.mv     x9, x11
#4803 0 800001ca     8436 r 08         ffffffd8  c.mv     x8, x13
#4804 0 800001cc 02f58663 r 00         00000000  beq      x11, x15, . + 0x2c
#4805 0 800001d0     14fd r 09         00000003  c.addi   x9, -0x1
#4806 0 800001d2     85a6 r 0b         00000003  c.mv     x11, x9
#4807 0 800001d4     8552 r 0a         ffffffc0  c.mv     x10, x20
#4808 0 800001d6     8722 r 0e         ffffffd8  c.mv     x14, x8
#4809 0 800001d8     86ce r 0d         ffffffd0  c.mv     x13, x19
#4810 0 800001da     864a r 0c         ffffffc8  c.mv     x12, x18
#4811 0 800001dc     3fd9 r 01         800001de  c.jal    . - 0x2a
#4812 0 800001b2     1101 r 02         ffffff60  c.addi   x2, -0x20
#4813 0 800001b4     cc22 m ffffff78   ffffffd8  c.swsp   x8, 0x18
#4814 0 800001b6     ca26 m ffffff74   00000003  c.swsp   x9, 0x14
#4815 0 800001b8     c84a m ffffff70   ffffffc8  c.swsp   x18, 0x10
#4816 0 800001ba     c64e m ffffff6c   ffffffd0  c.swsp   x19, 0xc
#4817 0 800001bc     c452 m ffffff68   ffffffc0  c.swsp   x20, 0x8
#4818 0 800001be     ce06 m ffffff7c   800001de  c.swsp   x1, 0x1c
#4819 0 800001c0     4785 r 0f         00000001  c.li     x15, 0x1
#4820 0 800001c2     8a2a r 14         ffffffc0  c.mv     x20, x10
#4821 0 800001c4     8932 r 12         ffffffc8  c.mv     x18, x12
#4822 0 800001c6     89ba r 13         ffffffd8  c.mv     x19, x14
#4823 0 800001c8     84ae r 09         00000003  c.mv     x9, x11
#4824 0 800001ca     8436 r 08         ffffffd0  c.mv     x8, x13
#4825 0 800001cc 02f58663 r 00         00000000  beq      x11, x15, . + 0x2c
#4826 0 800001d0     14fd r 09         00000002  c.addi   x9, -0x1
#4827 0 800001d2     85a6 r 0b         00000002  c.mv     x11, x9
#4828 0 800001d4     8552 r 0a         ffffffc0  c.mv     x10, x20
#4829 0 800001d6     8722 r 0e         ffffffd0  c.mv     x14, x8
#4830 0 800001d8     86ce r 0d         ffffffd8  c.mv     x13, x19
#4831 0 800001da     864a r 0c         ffffffc8  c.mv     x12, x18
#4832 0 800001dc     3fd9 r 01         800001de  c.jal    . - 0x2a
#4833 0 800001b2     1101 r 02         ffffff40  c.addi   x2, -0x20
#4834 0 800001b4     cc22 m ffffff58   ffffffd0  c.swsp   x8, 0x18
#4835 0 800001b6     ca26 m ffffff54   00000002  c.swsp   x9, 0x14
#4836 0 800001b8     c84a m ffffff50   ffffffc8  c.swsp   x18, 0x10
#4837 0 800001ba     c64e m ffffff4c   ffffffd8  c.swsp   x19, 0xc
#4838 0 800001bc     c452 m ffffff48   ffffffc0  c.swsp   x20, 0x8
#4839 0 800001be     ce06 m ffffff5c   800001de  c.swsp   x1, 0x1c
#4840 0 800001c0     4785 r 0f         00000001  c.li     x15, 0x1
#4841 0 800001c2     8a2a r 14         ffffffc0  c.mv     x20, x10
#4842 0 800001c4     8932 r 12         ffffffc8  c.mv     x18, x12
#4843 0 800001c6     89ba r 13         ffffffd0  c.mv     x19, x14
#4844 0 800001c8     84ae r 09         00000002  c.mv     x9, x11
#4845 0 800001ca     8436 r 08         ffffffd8  c.mv     x8, x13
#4846 0 800001cc 02f58663 r 00         00000000  beq      x11, x15, . + 0x2c
#4847 0 800001d0     14fd r 09         00000001  c.addi   x9, -0x1
#4848 0 800001d2     85a6 r 0b         00000001  c.mv     x11, x9
#4849 0 800001d4     8552 r 0a         ffffffc0  c.mv     x10, x20
#4850 0 800001d6     8722 r 0e         ffffffd8  c.mv     x14, x8
#4851 0 800001d8     86ce r 0d         ffffffd0  c.mv     x13, x19
#4852 0 800001da     864a r 0c         ffffffc8  c.mv     x12, x18
#4853 0 800001dc     3fd9 r 01         800001de  c.jal    . - 0x2a
#4854 0 800001b2     1101 r 02         ffffff20  c.addi   x2, -0x20
#4855 0 800001b4     cc22 m ffffff38   ffffffd8  c.swsp   x8, 0x18
#4856 0 800001b6     ca26 m ffffff34   00000001  c.swsp   x9, 0x14
#4857 0 800001b8     c84a m ffffff30   ffffffc8  c.swsp   x18, 0x10
#4858 0 800001ba     c64e m ffffff2c   ffffffd0  c.swsp   x19, 0xc
#4859 0 800001bc     c452 m ffffff28   ffffffc0  c.swsp   x20, 0x8
#4860 0 800001be     ce06 m ffffff3c   800001de  c.swsp   x1, 0x1c
#4861 0 800001c0     4785 r 0f         00000001  c.li     x15, 0x1
#4862 0 800001c2     8a2a r 14         ffffffc0  c.mv     x20, x10
#4863 0 800001c4     8932 r 12         ffffffc8  c.mv     x18, x12
#4864 0 800001c6     89ba r 13         ffffffd8  c.mv     x19, x14
#4865 0 800001c8     84ae r 09         00000001  c.mv     x9, x11
#4866 0 800001ca     8436 r 08         ffffffd0  c.mv     x8, x13
#4867 0 800001cc 02f58663 r 00         00000000  beq      x11, x15, . + 0x2c
#4868 0 800001f8     8432 r 08         ffffffc8  c.mv     x8, x12
#4869 0 800001fa     405c r 0f         f0040030  c.lw     x15, 0x4(x8)
#4870 0 800001fc     4014 r 0d         00000005  c.lw     x13, 0x0(x8)
#4871 0 800001fe 004a2703 r 0e         00000060  lw       x14, 0x4(x20)
#4872 0 80000202     43cc r 0b         f0040028  c.lw     x11, 0x4(x15)
#4873 0 80000204     4390 r 0c         00000001  c.lw     x12, 0x0(x15)
#4874 0 80000206     16fd r 0d         00000004  c.addi   x13, -0x1
#4875 0 80000208     c04c m ffffffcc   f0040028  c.sw     x11, 0x4(x8)
#4876 0 8000020a 0049a583 r 0b         f0040008  lw       x11, 0x4(x19)
#4877 0 8000020e     c014 m ffffffc8   00000004  c.sw     x13, 0x0(x8)
#4878 0 80000210 0009a683 r 0d         00000002  lw       x13, 0x0(x19)
#4879 0 80000214     c3cc m f0040034   f0040008  c.sw     x11, 0x4(x15)
#4880 0 80000216 00f9a223 m ffffffdc   f0040030  sw       x15, 0x4(x19)
#4881 0 8000021a     c390 m f0040030   00000001  c.sw     x12, 0x0(x15)
#4882 0 8000021c     40f2 r 01         800001de  c.lwsp   x1, 0x1c
#4883 0 8000021e     4462 r 08         ffffffd8  c.lwsp   x8, 0x18
#4884 0 80000220 00168793 r 0f         00000003  addi     x15, x13, 0x1
#4885 0 80000224 00f9a023 m ffffffd8   00000003  sw       x15, 0x0(x19)
#4886 0 80000228 00170793 r 0f         00000061  addi     x15, x14, 0x1
#4887 0 8000022c 00fa2223 m ffffffc4   00000061  sw       x15, 0x4(x20)
#4888 0 80000230     44d2 r 09         00000001  c.lwsp   x9, 0x14
#4889 0 80000232     4942 r 12         ffffffc8  c.lwsp   x18, 0x10
#4890 0 80000234     49b2 r 13         ffffffd0  c.lwsp   x19, 0xc
#4891 0 80000236     4a22 r 14         ffffffc0  c.lwsp   x20, 0x8
#4892 0 80000238     6105 r 02         ffffff40  c.addi16sp 0x2
#4893 0 8000023a     8082 r 00         00000000  c.jr     x1
#4894 0 800001de     874e r 0e         ffffffd0  c.mv     x14, x19
#4895 0 800001e0     86a2 r 0d         ffffffd8  c.mv     x13, x8
#4896 0 800001e2     864a r 0c         ffffffc8  c.mv     x12, x18
#4897 0 800001e4     4585 r 0b         00000001  c.li     x11, 0x1
#4898 0 800001e6     8552 r 0a         ffffffc0  c.mv     x10, x20
#4899 0 800001e8     37e9 r 01         800001ea  c.jal    . - 0x36
#4900 0 800001b2     1101 r 02         ffffff20  c.addi   x2, -0x20
#4901 0 800001b4     cc22 m ffffff38   ffffffd8  c.swsp   x8, 0x18
#4902 0 800001b6     ca26 m ffffff34   00000001  c.swsp   x9, 0x14
#4903 0 800001b8     c84a m ffffff30   ffffffc8  c.swsp   x18, 0x10
#4904 0 800001ba     c64e m ffffff2c   ffffffd0  c.swsp   x19, 0xc
#4905 0 800001bc     c452 m ffffff28   ffffffc0  c.swsp   x20, 0x8
#4906 0 800001be     ce06 m ffffff3c   800001ea  c.swsp   x1, 0x1c
#4907 0 800001c0     4785 r 0f         00000001  c.li     x15, 0x1
#4908 0 800001c2     8a2a r 14         ffffffc0  c.mv     x20, x10
#4909 0 800001c4     8932 r 12         ffffffc8  c.mv     x18, x12
#4910 0 800001c6     89ba r 13         ffffffd0  c.mv     x19, x14
#4911 0 800001c8     84ae r 09         00000001  c.mv     x9, x11
#4912 0 800001ca     8436 r 08         ffffffd8  c.mv     x8, x13
#4913 0 800001cc 02f58663 r 00         00000000  beq      x11, x15, . + 0x2c
#4914 0 800001f8     8432 r 08         ffffffc8  c.mv     x8, x12
#4915 0 800001fa     405c r 0f         f0040028  c.lw     x15, 0x4(x8)
#4916 0 800001fc     4014 r 0d         00000004  c.lw     x13, 0x0(x8)
#4917 0 800001fe 004a2703 r 0e         00000061  lw       x14, 0x4(x20)
#4918 0 80000202     43cc r 0b         f0040020  c.lw     x11, 0x4(x15)
#4919 0 80000204     4390 r 0c         00000002  c.lw     x12, 0x0(x15)
#4920 0 80000206     16fd r 0d         00000003  c.addi   x13, -0x1
#4921 0 80000208     c04c m ffffffcc   f0040020  c.sw     x11, 0x4(x8)
#4922 0 8000020a 0049a583 r 0b         00000000  lw       x11, 0x4(x19)
#4923 0 8000020e     c014 m ffffffc8   00000003  c.sw     x13, 0x0(x8)
#4924 0 80000210 0009a683 r 0d         00000000  lw       x13, 0x0(x19)
#4925 0 80000214     c3cc m f004002c   00000000  c.sw     x11, 0x4(x15)
#4926 0 80000216 00f9a223 m ffffffd4   f0040028  sw       x15, 0x4(x19)
#4927 0 8000021a     c390 m f0040028   00000002  c.sw     x12, 0x0(x15)
#4928 0 8000021c     40f2 r 01         800001ea  c.lwsp   x1, 0x1c
#4929 0 8000021e     4462 r 08         ffffffd8  c.lwsp   x8, 0x18
#4930 0 80000220 00168793 r 0f         00000001  addi     x15, x13, 0x1
#4931 0 80000224 00f9a023 m ffffffd0   00000001  sw       x15, 0x0(x19)
#4932 0 80000228 00170793 r 0f         00000062  addi     x15, x14, 0x1
#4933 0 8000022c 00fa2223 m ffffffc4   00000062  sw       x15, 0x4(x20)
#4934 0 80000230     44d2 r 09         00000001  c.lwsp   x9, 0x14
#4935 0 80000232     4942 r 12         ffffffc8  c.lwsp   x18, 0x10
#4936 0 80000234     49b2 r 13         ffffffd0  c.lwsp   x19, 0xc
#4937 0 80000236     4a22 r 14         ffffffc0  c.lwsp   x20, 0x8
#4938 0 80000238     6105 r 02         ffffff40  c.addi16sp 0x2
#4939 0 8000023a     8082 r 00         00000000  c.jr     x1
#4940 0 800001ea     4785 r 0f         00000001  c.li     x15, 0x1
#4941 0 800001ec     874a r 0e         ffffffc8  c.mv     x14, x18
#4942 0 800001ee 00f48663 r 00         00000000  beq      x9, x15, . + 0xc
#4943 0 800001fa     405c r 0f         f0040030  c.lw     x15, 0x4(x8)
#4944 0 800001fc     4014 r 0d         00000003  c.lw     x13, 0x0(x8)
#4945 0 800001fe 004a2703 r 0e         00000062  lw       x14, 0x4(x20)
#4946 0 80000202     43cc r 0b         f0040008  c.lw     x11, 0x4(x15)
#4947 0 80000204     4390 r 0c         00000001  c.lw     x12, 0x0(x15)
#4948 0 80000206     16fd r 0d         00000002  c.addi   x13, -0x1
#4949 0 80000208     c04c m ffffffdc   f0040008  c.sw     x11, 0x4(x8)
#4950 0 8000020a 0049a583 r 0b         f0040028  lw       x11, 0x4(x19)
#4951 0 8000020e     c014 m ffffffd8   00000002  c.sw     x13, 0x0(x8)
#4952 0 80000210 0009a683 r 0d         00000001  lw       x13, 0x0(x19)
#4953 0 80000214     c3cc m f0040034   f0040028  c.sw     x11, 0x4(x15)
#4954 0 80000216 00f9a223 m ffffffd4   f0040030  sw       x15, 0x4(x19)
#4955 0 8000021a     c390 m f0040030   00000001  c.sw     x12, 0x0(x15)
#4956 0 8000021c     40f2 r 01         800001de  c.lwsp   x1, 0x1c
#4957 0 8000021e     4462 r 08         ffffffd0  c.lwsp   x8, 0x18
#4958 0 80000220 00168793 r 0f         00000002  addi     x15, x13, 0x1
#4959 0 80000224 00f9a023 m ffffffd0   00000002  sw       x15, 0x0(x19)
#4960 0 80000228 00170793 r 0f         00000063  addi     x15, x14, 0x1
#4961 0 8000022c 00fa2223 m ffffffc4   00000063  sw       x15, 0x4(x20)
#4962 0 80000230     44d2 r 09         00000002  c.lwsp   x9, 0x14
#4963 0 80000232     4942 r 12         ffffffc8  c.lwsp   x18, 0x10
#4964 0 80000234     49b2 r 13         ffffffd8  c.lwsp   x19, 0xc
#4965 0 80000236     4a22 r 14         ffffffc0  c.lwsp   x20, 0x8
#4966 0 80000238     6105 r 02         ffffff60  c.addi16sp 0x2
#4967 0 8000023a     8082 r 00         00000000  c.jr     x1
#4968 0 800001de     874e r 0e         ffffffd8  c.mv     x14, x19
#4969 0 800001e0     86a2 r 0d         ffffffd0  c.mv     x13, x8
#4970 0 800001e2     864a r 0c         ffffffc8  c.mv     x12, x18
#4971 0 800001e4     4585 r 0b         00000001  c.li     x11, 0x1
#4972 0 800001e6     8552 r 0a         ffffffc0  c.mv     x10, x20
#4973 0 800001e8     37e9 r 01         800001ea  c.jal    . - 0x36
#4974 0 800001b2     1101 r 02         ffffff40  c.addi   x2, -0x20
#4975 0 800001b4     cc22 m ffffff58   ffffffd0  c.swsp   x8, 0x18
#4976 0 800001b6     ca26 m ffffff54   00000002  c.swsp   x9, 0x14
#4977 0 800001b8     c84a m ffffff50   ffffffc8  c.swsp   x18, 0x10
#4978 0 800001ba     c64e m ffffff4c   ffffffd8  c.swsp   x19, 0xc
#4979 0 800001bc     c452 m ffffff48   ffffffc0  c.swsp   x20, 0x8
#4980 0 800001be     ce06 m ffffff5c   800001ea  c.swsp   x1, 0x1c
#4981 0 800001c0     4785 r 0f         00000001  c.li     x15, 0x1
#4982 0 800001c2     8a2a r 14         ffffffc0  c.mv     x20, x10
#4983 0 800001c4     8932 r 12         ffffffc8  c.mv     x18, x12
#4984 0 800001c6     89ba r 13         ffffffd8  c.mv     x19, x14
#4985 0 800001c8     84ae r 09         00000001  c.mv     x9, x11
#4986 0 800001ca     8436 r 08         ffffffd0  c.mv     x8, x13
#4987 0 800001cc 02f58663 r 00         00000000  beq      x11, x15, . + 0x2c
#4988 0 800001f8     8432 r 08         ffffffc8  c.mv     x8, x12
#4989 0 800001fa     405c r 0f         f0040020  c.lw     x15, 0x4(x8)
#4990 0 800001fc     4014 r 0d         00000003  c.lw     x13, 0x0(x8)
#4991 0 800001fe 004a2703 r 0e         00000063  lw       x14, 0x4(x20)
#4992 0 80000202     43cc r 0b         f0040018  c.lw     x11, 0x4(x15)
#4993 0 80000204     4390 r 0c         00000003  c.lw     x12, 0x0(x15)
#4994 0 80000206     16fd r 0d         00000002  c.addi   x13, -0x1
#4995 0 80000208     c04c m ffffffcc   f0040018  c.sw     x11, 0x4(x8)
#4996 0 8000020a 0049a583 r 0b         f0040008  lw       x11, 0x4(x19)
#4997 0 8000020e     c014 m ffffffc8   00000002  c.sw     x13, 0x0(x8)
#4998 0 80000210 0009a683 r 0d         00000002  lw       x13, 0x0(x19)
#4999 0 80000214     c3cc m f0040024   f0040008  c.sw     x11, 0x4(x15)
#5000 0 80000216 00f9a223 m ffffffdc   f0040020  sw       x15, 0x4(x19)
#5001 0 8000021a     c390 m f0040020   00000003  c.sw     x12, 0x0(x15)
#5002 0 8000021c     40f2 r 01         800001ea  c.lwsp   x1, 0x1c
#5003 0 8000021e     4462 r 08         ffffffd0  c.lwsp   x8, 0x18
#5004 0 80000220 00168793 r 0f         00000003  addi     x15, x13, 0x1
#5005 0 80000224 00f9a023 m ffffffd8   00000003  sw       x15, 0x0(x19)
#5006 0 80000228 00170793 r 0f         00000064  addi     x15, x14, 0x1
#5007 0 8000022c 00fa2223 m ffffffc4   00000064  sw       x15, 0x4(x20)
#5008 0 80000230     44d2 r 09         00000002  c.lwsp   x9, 0x14
#5009 0 80000232     4942 r 12         ffffffc8  c.lwsp   x18, 0x10
#5010 0 80000234     49b2 r 13         ffffffd8  c.lwsp   x19, 0xc
#5011 0 80000236     4a22 r 14         ffffffc0  c.lwsp   x20, 0x8
#5012 0 80000238     6105 r 02         ffffff60  c.addi16sp 0x2
#5013 0 8000023a     8082 r 00         00000000  c.jr     x1
#5014 0 800001ea     4785 r 0f         00000001  c.li     x15, 0x1
#5015 0 800001ec     874a r 0e         ffffffc8  c.mv     x14, x18
#5016 0 800001ee 00f48663 r 00         00000000  beq      x9, x15, . + 0xc
#5017 0 800001f2     8922 r 12         ffffffd0  c.mv     x18, x8
#5018 0 800001f4     843a r 08         ffffffc8  c.mv     x8, x14
#5019 0 800001f6     bfe9 r 00         00000000  c.j      . - 0x26
#5020 0 800001d0     14fd r 09         00000001  c.addi   x9, -0x1
#5021 0 800001d2     85a6 r 0b         00000001  c.mv     x11, x9
#5022 0 800001d4     8552 r 0a         ffffffc0  c.mv     x10, x20
#5023 0 800001d6     8722 r 0e         ffffffc8  c.mv     x14, x8
#5024 0 800001d8     86ce r 0d         ffffffd8  c.mv     x13, x19
#5025 0 800001da     864a r 0c         ffffffd0  c.mv     x12, x18
#5026 0 800001dc     3fd9 r 01         800001de  c.jal    . - 0x2a
#5027 0 800001b2     1101 r 02         ffffff40  c.addi   x2, -0x20
#5028 0 800001b4     cc22 m ffffff58   ffffffc8  c.swsp   x8, 0x18
#5029 0 800001b6     ca26 m ffffff54   00000001  c.swsp   x9, 0x14
#5030 0 800001b8     c84a m ffffff50   ffffffd0  c.swsp   x18, 0x10
#5031 0 800001ba     c64e m ffffff4c   ffffffd8  c.swsp   x19, 0xc
#5032 0 800001bc     c452 m ffffff48   ffffffc0  c.swsp   x20, 0x8
#5033 0 800001be     ce06 m ffffff5c   800001de  c.swsp   x1, 0x1c
#5034 0 800001c0     4785 r 0f         00000001  c.li     x15, 0x1
#5035 0 800001c2     8a2a r 14         ffffffc0  c.mv     x20, x10
#5036 0 800001c4     8932 r 12         ffffffd0  c.mv     x18, x12
#5037 0 800001c6     89ba r 13         ffffffc8  c.mv     x19, x14
#5038 0 800001c8     84ae r 09         00000001  c.mv     x9, x11
#5039 0 800001ca     8436 r 08         ffffffd8  c.mv     x8, x13
#5040 0 800001cc 02f58663 r 00         00000000  beq      x11, x15, . + 0x2c
#5041 0 800001f8     8432 r 08         ffffffd0  c.mv     x8, x12
#5042 0 800001fa     405c r 0f         f0040030  c.lw     x15, 0x4(x8)
#5043 0 800001fc     4014 r 0d         00000002  c.lw     x13, 0x0(x8)
#5044 0 800001fe 004a2703 r 0e         00000064  lw       x14, 0x4(x20)
#5045 0 80000202     43cc r 0b         f0040028  c.lw     x11, 0x4(x15)
#5046 0 80000204     4390 r 0c         00000001  c.lw     x12, 0x0(x15)
#5047 0 80000206     16fd r 0d         00000001  c.addi   x13, -0x1
#5048 0 80000208     c04c m ffffffd4   f0040028  c.sw     x11, 0x4(x8)
#5049 0 8000020a 0049a583 r 0b         f0040018  lw       x11, 0x4(x19)
#5050 0 8000020e     c014 m ffffffd0   00000001  c.sw     x13, 0x0(x8)
#5051 0 80000210 0009a683 r 0d         00000002  lw       x13, 0x0(x19)
#5052 0 80000214     c3cc m f0040034   f0040018  c.sw     x11, 0x4(x15)
#5053 0 80000216 00f9a223 m ffffffcc   f0040030  sw       x15, 0x4(x19)
#5054 0 8000021a     c390 m f0040030   00000001  c.sw     x12, 0x0(x15)
#5055 0 8000021c     40f2 r 01         800001de  c.lwsp   x1, 0x1c
#5056 0 8000021e     4462 r 08         ffffffc8  c.lwsp   x8, 0x18
#5057 0 80000220 00168793 r 0f         00000003  addi     x15, x13, 0x1
#5058 0 80000224 00f9a023 m ffffffc8   00000003  sw       x15, 0x0(x19)
#5059 0 80000228 00170793 r 0f         00000065  addi     x15, x14, 0x1
#5060 0 8000022c 00fa2223 m ffffffc4   00000065  sw       x15, 0x4(x20)
#5061 0 80000230     44d2 r 09         00000001  c.lwsp   x9, 0x14
#5062 0 80000232     4942 r 12         ffffffd0  c.lwsp   x18, 0x10
#5063 0 80000234     49b2 r 13         ffffffd8  c.lwsp   x19, 0xc
#5064 0 80000236     4a22 r 14         ffffffc0  c.lwsp   x20, 0x8
#5065 0 80000238     6105 r 02         ffffff60  c.addi16sp 0x2
#5066 0 8000023a     8082 r 00         00000000  c.jr     x1
#5067 0 800001de     874e r 0e         ffffffd8  c.mv     x14, x19
#5068 0 800001e0     86a2 r 0d         ffffffc8  c.mv     x13, x8
#5069 0 800001e2     864a r 0c         ffffffd0  c.mv     x12, x18
#5070 0 800001e4     4585 r 0b         00000001  c.li     x11, 0x1
#5071 0 800001e6     8552 r 0a         ffffffc0  c.mv     x10, x20
#5072 0 800001e8     37e9 r 01         800001ea  c.jal    . - 0x36
#5073 0 800001b2     1101 r 02         ffffff40  c.addi   x2, -0x20
#5074 0 800001b4     cc22 m ffffff58   ffffffc8  c.swsp   x8, 0x18
#5075 0 800001b6     ca26 m ffffff54   00000001  c.swsp   x9, 0x14
#5076 0 800001b8     c84a m ffffff50   ffffffd0  c.swsp   x18, 0x10
#5077 0 800001ba     c64e m ffffff4c   ffffffd8  c.swsp   x19, 0xc
#5078 0 800001bc     c452 m ffffff48   ffffffc0  c.swsp   x20, 0x8
#5079 0 800001be     ce06 m ffffff5c   800001ea  c.swsp   x1, 0x1c
#5080 0 800001c0     4785 r 0f         00000001  c.li     x15, 0x1
#5081 0 800001c2     8a2a r 14         ffffffc0  c.mv     x20, x10
#5082 0 800001c4     8932 r 12         ffffffd0  c.mv     x18, x12
#5083 0 800001c6     89ba r 13         ffffffd8  c.mv     x19, x14
#5084 0 800001c8     84ae r 09         00000001  c.mv     x9, x11
#5085 0 800001ca     8436 r 08         ffffffc8  c.mv     x8, x13
#5086 0 800001cc 02f58663 r 00         00000000  beq      x11, x15, . + 0x2c
#5087 0 800001f8     8432 r 08         ffffffd0  c.mv     x8, x12
#5088 0 800001fa     405c r 0f         f0040028  c.lw     x15, 0x4(x8)
#5089 0 800001fc     4014 r 0d         00000001  c.lw     x13, 0x0(x8)
#5090 0 800001fe 004a2703 r 0e         00000065  lw       x14, 0x4(x20)
#5091 0 80000202     43cc r 0b         00000000  c.lw     x11, 0x4(x15)
#5092 0 80000204     4390 r 0c         00000002  c.lw     x12, 0x0(x15)
#5093 0 80000206     16fd r 0d         00000000  c.addi   x13, -0x1
#5094 0 80000208     c04c m ffffffd4   00000000  c.sw     x11, 0x4(x8)
#5095 0 8000020a 0049a583 r 0b         f0040020  lw       x11, 0x4(x19)
#5096 0 8000020e     c014 m ffffffd0   00000000  c.sw     x13, 0x0(x8)
#5097 0 80000210 0009a683 r 0d         00000003  lw       x13, 0x0(x19)
#5098 0 80000214     c3cc m f004002c   f0040020  c.sw     x11, 0x4(x15)
#5099 0 80000216 00f9a223 m ffffffdc   f0040028  sw       x15, 0x4(x19)
#5100 0 8000021a     c390 m f0040028   00000002  c.sw     x12, 0x0(x15)
#5101 0 8000021c     40f2 r 01         800001ea  c.lwsp   x1, 0x1c
#5102 0 8000021e     4462 r 08         ffffffc8  c.lwsp   x8, 0x18
#5103 0 80000220 00168793 r 0f         00000004  addi     x15, x13, 0x1
#5104 0 80000224 00f9a023 m ffffffd8   00000004  sw       x15, 0x0(x19)
#5105 0 80000228 00170793 r 0f         00000066  addi     x15, x14, 0x1
#5106 0 8000022c 00fa2223 m ffffffc4   00000066  sw       x15, 0x4(x20)
#5107 0 80000230     44d2 r 09         00000001  c.lwsp   x9, 0x14
#5108 0 80000232     4942 r 12         ffffffd0  c.lwsp   x18, 0x10
#5109 0 80000234     49b2 r 13         ffffffd8  c.lwsp   x19, 0xc
#5110 0 80000236     4a22 r 14         ffffffc0  c.lwsp   x20, 0x8
#5111 0 80000238     6105 r 02         ffffff60  c.addi16sp 0x2
#5112 0 8000023a     8082 r 00         00000000  c.jr     x1
#5113 0 800001ea     4785 r 0f         00000001  c.li     x15, 0x1
#5114 0 800001ec     874a r 0e         ffffffd0  c.mv     x14, x18
#5115 0 800001ee 00f48663 r 00         00000000  beq      x9, x15, . + 0xc
#5116 0 800001fa     405c r 0f         f0040030  c.lw     x15, 0x4(x8)
#5117 0 800001fc     4014 r 0d         00000003  c.lw     x13, 0x0(x8)
#5118 0 800001fe 004a2703 r 0e         00000066  lw       x14, 0x4(x20)
#5119 0 80000202     43cc r 0b         f0040018  c.lw     x11, 0x4(x15)
#5120 0 80000204     4390 r 0c         00000001  c.lw     x12, 0x0(x15)
#5121 0 80000206     16fd r 0d         00000002  c.addi   x13, -0x1
#5122 0 80000208     c04c m ffffffcc   f0040018  c.sw     x11, 0x4(x8)
#5123 0 8000020a 0049a583 r 0b         f0040028  lw       x11, 0x4(x19)
#5124 0 8000020e     c014 m ffffffc8   00000002  c.sw     x13, 0x0(x8)
#5125 0 80000210 0009a683 r 0d         00000004  lw       x13, 0x0(x19)
#5126 0 80000214     c3cc m f0040034   f0040028  c.sw     x11, 0x4(x15)
#5127 0 80000216 00f9a223 m ffffffdc   f0040030  sw       x15, 0x4(x19)
#5128 0 8000021a     c390 m f0040030   00000001  c.sw     x12, 0x0(x15)
#5129 0 8000021c     40f2 r 01         800001de  c.lwsp   x1, 0x1c
#5130 0 8000021e     4462 r 08         ffffffd8  c.lwsp   x8, 0x18
#5131 0 80000220 00168793 r 0f         00000005  addi     x15, x13, 0x1
#5132 0 80000224 00f9a023 m ffffffd8   00000005  sw       x15, 0x0(x19)
#5133 0 80000228 00170793 r 0f         00000067  addi     x15, x14, 0x1
#5134 0 8000022c 00fa2223 m ffffffc4   00000067  sw       x15, 0x4(x20)
#5135 0 80000230     44d2 r 09         00000003  c.lwsp   x9, 0x14
#5136 0 80000232     4942 r 12         ffffffc8  c.lwsp   x18, 0x10
#5137 0 80000234     49b2 r 13         ffffffd0  c.lwsp   x19, 0xc
#5138 0 80000236     4a22 r 14         ffffffc0  c.lwsp   x20, 0x8
#5139 0 80000238     6105 r 02         ffffff80  c.addi16sp 0x2
#5140 0 8000023a     8082 r 00         00000000  c.jr     x1
#5141 0 800001de     874e r 0e         ffffffd0  c.mv     x14, x19
#5142 0 800001e0     86a2 r 0d         ffffffd8  c.mv     x13, x8
#5143 0 800001e2     864a r 0c         ffffffc8  c.mv     x12, x18
#5144 0 800001e4     4585 r 0b         00000001  c.li     x11, 0x1
#5145 0 800001e6     8552 r 0a         ffffffc0  c.mv     x10, x20
#5146 0 800001e8     37e9 r 01         800001ea  c.jal    . - 0x36
#5147 0 800001b2     1101 r 02         ffffff60  c.addi   x2, -0x20
#5148 0 800001b4     cc22 m ffffff78   ffffffd8  c.swsp   x8, 0x18
#5149 0 800001b6     ca26 m ffffff74   00000003  c.swsp   x9, 0x14
#5150 0 800001b8     c84a m ffffff70   ffffffc8  c.swsp   x18, 0x10
#5151 0 800001ba     c64e m ffffff6c   ffffffd0  c.swsp   x19, 0xc
#5152 0 800001bc     c452 m ffffff68   ffffffc0  c.swsp   x20, 0x8
#5153 0 800001be     ce06 m ffffff7c   800001ea  c.swsp   x1, 0x1c
#5154 0 800001c0     4785 r 0f         00000001  c.li     x15, 0x1
#5155 0 800001c2     8a2a r 14         ffffffc0  c.mv     x20, x10
#5156 0 800001c4     8932 r 12         ffffffc8  c.mv     x18, x12
#5157 0 800001c6     89ba r 13         ffffffd0  c.mv     x19, x14
#5158 0 800001c8     84ae r 09         00000001  c.mv     x9, x11
#5159 0 800001ca     8436 r 08         ffffffd8  c.mv     x8, x13
#5160 0 800001cc 02f58663 r 00         00000000  beq      x11, x15, . + 0x2c
#5161 0 800001f8     8432 r 08         ffffffc8  c.mv     x8, x12
#5162 0 800001fa     405c r 0f         f0040018  c.lw     x15, 0x4(x8)
#5163 0 800001fc     4014 r 0d         00000002  c.lw     x13, 0x0(x8)
#5164 0 800001fe 004a2703 r 0e         00000067  lw       x14, 0x4(x20)
#5165 0 80000202     43cc r 0b         f0040010  c.lw     x11, 0x4(x15)
#5166 0 80000204     4390 r 0c         00000004  c.lw     x12, 0x0(x15)
#5167 0 80000206     16fd r 0d         00000001  c.addi   x13, -0x1
#5168 0 80000208     c04c m ffffffcc   f0040010  c.sw     x11, 0x4(x8)
#5169 0 8000020a 0049a583 r 0b         00000000  lw       x11, 0x4(x19)
#5170 0 8000020e     c014 m ffffffc8   00000001  c.sw     x13, 0x0(x8)
#5171 0 80000210 0009a683 r 0d         00000000  lw       x13, 0x0(x19)
#5172 0 80000214     c3cc m f004001c   00000000  c.sw     x11, 0x4(x15)
#5173 0 80000216 00f9a223 m ffffffd4   f0040018  sw       x15, 0x4(x19)
#5174 0 8000021a     c390 m f0040018   00000004  c.sw     x12, 0x0(x15)
#5175 0 8000021c     40f2 r 01         800001ea  c.lwsp   x1, 0x1c
#5176 0 8000021e     4462 r 08         ffffffd8  c.lwsp   x8, 0x18
#5177 0 80000220 00168793 r 0f         00000001  addi     x15, x13, 0x1
#5178 0 80000224 00f9a023 m ffffffd0   00000001  sw       x15, 0x0(x19)
#5179 0 80000228 00170793 r 0f         00000068  addi     x15, x14, 0x1
#5180 0 8000022c 00fa2223 m ffffffc4   00000068  sw       x15, 0x4(x20)
#5181 0 80000230     44d2 r 09         00000003  c.lwsp   x9, 0x14
#5182 0 80000232     4942 r 12         ffffffc8  c.lwsp   x18, 0x10
#5183 0 80000234     49b2 r 13         ffffffd0  c.lwsp   x19, 0xc
#5184 0 80000236     4a22 r 14         ffffffc0  c.lwsp   x20, 0x8
#5185 0 80000238     6105 r 02         ffffff80  c.addi16sp 0x2
#5186 0 8000023a     8082 r 00         00000000  c.jr     x1
#5187 0 800001ea     4785 r 0f         00000001  c.li     x15, 0x1
#5188 0 800001ec     874a r 0e         ffffffc8  c.mv     x14, x18
#5189 0 800001ee 00f48663 r 00         00000000  beq      x9, x15, . + 0xc
#5190 0 800001f2     8922 r 12         ffffffd8  c.mv     x18, x8
#5191 0 800001f4     843a r 08         ffffffc8  c.mv     x8, x14
#5192 0 800001f6     bfe9 r 00         00000000  c.j      . - 0x26
#5193 0 800001d0     14fd r 09         00000002  c.addi   x9, -0x1
#5194 0 800001d2     85a6 r 0b         00000002  c.mv     x11, x9
#5195 0 800001d4     8552 r 0a         ffffffc0  c.mv     x10, x20
#5196 0 800001d6     8722 r 0e         ffffffc8  c.mv     x14, x8
#5197 0 800001d8     86ce r 0d         ffffffd0  c.mv     x13, x19
#5198 0 800001da     864a r 0c         ffffffd8  c.mv     x12, x18
#5199 0 800001dc     3fd9 r 01         800001de  c.jal    . - 0x2a
#5200 0 800001b2     1101 r 02         ffffff60  c.addi   x2, -0x20
#5201 0 800001b4     cc22 m ffffff78   ffffffc8  c.swsp   x8, 0x18
#5202 0 800001b6     ca26 m ffffff74   00000002  c.swsp   x9, 0x14
#5203 0 800001b8     c84a m ffffff70   ffffffd8  c.swsp   x18, 0x10
#5204 0 800001ba     c64e m ffffff6c   ffffffd0  c.swsp   x19, 0xc
#5205 0 800001bc     c452 m ffffff68   ffffffc0  c.swsp   x20, 0x8
#5206 0 800001be     ce06 m ffffff7c   800001de  c.swsp   x1, 0x1c
#5207 0 800001c0     4785 r 0f         00000001  c.li     x15, 0x1
#5208 0 800001c2     8a2a r 14         ffffffc0  c.mv     x20, x10
#5209 0 800001c4     8932 r 12         ffffffd8  c.mv     x18, x12
#5210 0 800001c6     89ba r 13         ffffffc8  c.mv     x19, x14
#5211 0 800001c8     84ae r 09         00000002  c.mv     x9, x11
#5212 0 800001ca     8436 r 08         ffffffd0  c.mv     x8, x13
#5213 0 800001cc 02f58663 r 00         00000000  beq      x11, x15, . + 0x2c
#5214 0 800001d0     14fd r 09         00000001  c.addi   x9, -0x1
#5215 0 800001d2     85a6 r 0b         00000001  c.mv     x11, x9
#5216 0 800001d4     8552 r 0a         ffffffc0  c.mv     x10, x20
#5217 0 800001d6     8722 r 0e         ffffffd0  c.mv     x14, x8
#5218 0 800001d8     86ce r 0d         ffffffc8  c.mv     x13, x19
#5219 0 800001da     864a r 0c         ffffffd8  c.mv     x12, x18
#5220 0 800001dc     3fd9 r 01         800001de  c.jal    . - 0x2a
#5221 0 800001b2     1101 r 02         ffffff40  c.addi   x2, -0x20
#5222 0 800001b4     cc22 m ffffff58   ffffffd0  c.swsp   x8, 0x18
#5223 0 800001b6     ca26 m ffffff54   00000001  c.swsp   x9, 0x14
#5224 0 800001b8     c84a m ffffff50   ffffffd8  c.swsp   x18, 0x10
#5225 0 800001ba     c64e m ffffff4c   ffffffc8  c.swsp   x19, 0xc
#5226 0 800001bc     c452 m ffffff48   ffffffc0  c.swsp   x20, 0x8
#5227 0 800001be     ce06 m ffffff5c   800001de  c.swsp   x1, 0x1c
#5228 0 800001c0     4785 r 0f         00000001  c.li     x15, 0x1
#5229 0 800001c2     8a2a r 14         ffffffc0  c.mv     x20, x10
#5230 0 800001c4     8932 r 12         ffffffd8  c.mv     x18, x12
#5231 0 800001c6     89ba r 13         ffffffd0  c.mv     x19, x14
#5232 0 800001c8     84ae r 09         00000001  c.mv     x9, x11
#5233 0 800001ca     8436 r 08         ffffffc8  c.mv     x8, x13
#5234 0 800001cc 02f58663 r 00         00000000  beq      x11, x15, . + 0x2c
#5235 0 800001f8     8432 r 08         ffffffd8  c.mv     x8, x12
#5236 0 800001fa     405c r 0f         f0040030  c.lw     x15, 0x4(x8)
#5237 0 800001fc     4014 r 0d         00000005  c.lw     x13, 0x0(x8)
#5238 0 800001fe 004a2703 r 0e         00000068  lw       x14, 0x4(x20)
#5239 0 80000202     43cc r 0b         f0040028  c.lw     x11, 0x4(x15)
#5240 0 80000204     4390 r 0c         00000001  c.lw     x12, 0x0(x15)
#5241 0 80000206     16fd r 0d         00000004  c.addi   x13, -0x1
#5242 0 80000208     c04c m ffffffdc   f0040028  c.sw     x11, 0x4(x8)
#5243 0 8000020a 0049a583 r 0b         f0040018  lw       x11, 0x4(x19)
#5244 0 8000020e     c014 m ffffffd8   00000004  c.sw     x13, 0x0(x8)
#5245 0 80000210 0009a683 r 0d         00000001  lw       x13, 0x0(x19)
#5246 0 80000214     c3cc m f0040034   f0040018  c.sw     x11, 0x4(x15)
#5247 0 80000216 00f9a223 m ffffffd4   f0040030  sw       x15, 0x4(x19)
#5248 0 8000021a     c390 m f0040030   00000001  c.sw     x12, 0x0(x15)
#5249 0 8000021c     40f2 r 01         800001de  c.lwsp   x1, 0x1c
#5250 0 8000021e     4462 r 08         ffffffd0  c.lwsp   x8, 0x18
#5251 0 80000220 00168793 r 0f         00000002  addi     x15, x13, 0x1
#5252 0 80000224 00f9a023 m ffffffd0   00000002  sw       x15, 0x0(x19)
#5253 0 80000228 00170793 r 0f         00000069  addi     x15, x14, 0x1
#5254 0 8000022c 00fa2223 m ffffffc4   00000069  sw       x15, 0x4(x20)
#5255 0 80000230     44d2 r 09         00000001  c.lwsp   x9, 0x14
#5256 0 80000232     4942 r 12         ffffffd8  c.lwsp   x18, 0x10
#5257 0 80000234     49b2 r 13         ffffffc8  c.lwsp   x19, 0xc
#5258 0 80000236     4a22 r 14         ffffffc0  c.lwsp   x20, 0x8
#5259 0 80000238     6105 r 02         ffffff60  c.addi16sp 0x2
#5260 0 8000023a     8082 r 00         00000000  c.jr     x1
#5261 0 800001de     874e r 0e         ffffffc8  c.mv     x14, x19
#5262 0 800001e0     86a2 r 0d         ffffffd0  c.mv     x13, x8
#5263 0 800001e2     864a r 0c         ffffffd8  c.mv     x12, x18
#5264 0 800001e4     4585 r 0b         00000001  c.li     x11, 0x1
#5265 0 800001e6     8552 r 0a         ffffffc0  c.mv     x10, x20
#5266 0 800001e8     37e9 r 01         800001ea  c.jal    . - 0x36
#5267 0 800001b2     1101 r 02         ffffff40  c.addi   x2, -0x20
#5268 0 800001b4     cc22 m ffffff58   ffffffd0  c.swsp   x8, 0x18
#5269 0 800001b6     ca26 m ffffff54   00000001  c.swsp   x9, 0x14
#5270 0 800001b8     c84a m ffffff50   ffffffd8  c.swsp   x18, 0x10
#5271 0 800001ba     c64e m ffffff4c   ffffffc8  c.swsp   x19, 0xc
#5272 0 800001bc     c452 m ffffff48   ffffffc0  c.swsp   x20, 0x8
#5273 0 800001be     ce06 m ffffff5c   800001ea  c.swsp   x1, 0x1c
#5274 0 800001c0     4785 r 0f         00000001  c.li     x15, 0x1
#5275 0 800001c2     8a2a r 14         ffffffc0  c.mv     x20, x10
#5276 0 800001c4     8932 r 12         ffffffd8  c.mv     x18, x12
#5277 0 800001c6     89ba r 13         ffffffc8  c.mv     x19, x14
#5278 0 800001c8     84ae r 09         00000001  c.mv     x9, x11
#5279 0 800001ca     8436 r 08         ffffffd0  c.mv     x8, x13
#5280 0 800001cc 02f58663 r 00         00000000  beq      x11, x15, . + 0x2c
#5281 0 800001f8     8432 r 08         ffffffd8  c.mv     x8, x12
#5282 0 800001fa     405c r 0f         f0040028  c.lw     x15, 0x4(x8)
#5283 0 800001fc     4014 r 0d         00000004  c.lw     x13, 0x0(x8)
#5284 0 800001fe 004a2703 r 0e         00000069  lw       x14, 0x4(x20)
#5285 0 80000202     43cc r 0b         f0040020  c.lw     x11, 0x4(x15)
#5286 0 80000204     4390 r 0c         00000002  c.lw     x12, 0x0(x15)
#5287 0 80000206     16fd r 0d         00000003  c.addi   x13, -0x1
#5288 0 80000208     c04c m ffffffdc   f0040020  c.sw     x11, 0x4(x8)
#5289 0 8000020a 0049a583 r 0b         f0040010  lw       x11, 0x4(x19)
#5290 0 8000020e     c014 m ffffffd8   00000003  c.sw     x13, 0x0(x8)
#5291 0 80000210 0009a683 r 0d         00000001  lw       x13, 0x0(x19)
#5292 0 80000214     c3cc m f004002c   f0040010  c.sw     x11, 0x4(x15)
#5293 0 80000216 00f9a223 m ffffffcc   f0040028  sw       x15, 0x4(x19)
#5294 0 8000021a     c390 m f0040028   00000002  c.sw     x12, 0x0(x15)
#5295 0 8000021c     40f2 r 01         800001ea  c.lwsp   x1, 0x1c
#5296 0 8000021e     4462 r 08         ffffffd0  c.lwsp   x8, 0x18
#5297 0 80000220 00168793 r 0f         00000002  addi     x15, x13, 0x1
#5298 0 80000224 00f9a023 m ffffffc8   00000002  sw       x15, 0x0(x19)
#5299 0 80000228 00170793 r 0f         0000006a  addi     x15, x14, 0x1
#5300 0 8000022c 00fa2223 m ffffffc4   0000006a  sw       x15, 0x4(x20)
#5301 0 80000230     44d2 r 09         00000001  c.lwsp   x9, 0x14
#5302 0 80000232     4942 r 12         ffffffd8  c.lwsp   x18, 0x10
#5303 0 80000234     49b2 r 13         ffffffc8  c.lwsp   x19, 0xc
#5304 0 80000236     4a22 r 14         ffffffc0  c.lwsp   x20, 0x8
#5305 0 80000238     6105 r 02         ffffff60  c.addi16sp 0x2
#5306 0 8000023a     8082 r 00         00000000  c.jr     x1
#5307 0 800001ea     4785 r 0f         00000001  c.li     x15, 0x1
#5308 0 800001ec     874a r 0e         ffffffd8  c.mv     x14, x18
#5309 0 800001ee 00f48663 r 00         00000000  beq      x9, x15, . + 0xc
#5310 0 800001fa     405c r 0f         f0040030  c.lw     x15, 0x4(x8)
#5311 0 800001fc     4014 r 0d         00000002  c.lw     x13, 0x0(x8)
#5312 0 800001fe 004a2703 r 0e         0000006a  lw       x14, 0x4(x20)
#5313 0 80000202     43cc r 0b         f0040018  c.lw     x11, 0x4(x15)
#5314 0 80000204     4390 r 0c         00000001  c.lw     x12, 0x0(x15)
#5315 0 80000206     16fd r 0d         00000001  c.addi   x13, -0x1
#5316 0 80000208     c04c m ffffffd4   f0040018  c.sw     x11, 0x4(x8)
#5317 0 8000020a 0049a583 r 0b         f0040028  lw       x11, 0x4(x19)
#5318 0 8000020e     c014 m ffffffd0   00000001  c.sw     x13, 0x0(x8)
#5319 0 80000210 0009a683 r 0d         00000002  lw       x13, 0x0(x19)
#5320 0 80000214     c3cc m f0040034   f0040028  c.sw     x11, 0x4(x15)
#5321 0 80000216 00f9a223 m ffffffcc   f0040030  sw       x15, 0x4(x19)
#5322 0 8000021a     c390 m f0040030   00000001  c.sw     x12, 0x0(x15)
#5323 0 8000021c     40f2 r 01         800001de  c.lwsp   x1, 0x1c
#5324 0 8000021e     4462 r 08         ffffffc8  c.lwsp   x8, 0x18
#5325 0 80000220 00168793 r 0f         00000003  addi     x15, x13, 0x1
#5326 0 80000224 00f9a023 m ffffffc8   00000003  sw       x15, 0x0(x19)
#5327 0 80000228 00170793 r 0f         0000006b  addi     x15, x14, 0x1
#5328 0 8000022c 00fa2223 m ffffffc4   0000006b  sw       x15, 0x4(x20)
#5329 0 80000230     44d2 r 09         00000002  c.lwsp   x9, 0x14
#5330 0 80000232     4942 r 12         ffffffd8  c.lwsp   x18, 0x10
#5331 0 80000234     49b2 r 13         ffffffd0  c.lwsp   x19, 0xc
#5332 0 80000236     4a22 r 14         ffffffc0  c.lwsp   x20, 0x8
#5333 0 80000238     6105 r 02         ffffff80  c.addi16sp 0x2
#5334 0 8000023a     8082 r 00         00000000  c.jr     x1
#5335 0 800001de     874e r 0e         ffffffd0  c.mv     x14, x19
#5336 0 800001e0     86a2 r 0d         ffffffc8  c.mv     x13, x8
#5337 0 800001e2     864a r 0c         ffffffd8  c.mv     x12, x18
#5338 0 800001e4     4585 r 0b         00000001  c.li     x11, 0x1
#5339 0 800001e6     8552 r 0a         ffffffc0  c.mv     x10, x20
#5340 0 800001e8     37e9 r 01         800001ea  c.jal    . - 0x36
#5341 0 800001b2     1101 r 02         ffffff60  c.addi   x2, -0x20
#5342 0 800001b4     cc22 m ffffff78   ffffffc8  c.swsp   x8, 0x18
#5343 0 800001b6     ca26 m ffffff74   00000002  c.swsp   x9, 0x14
#5344 0 800001b8     c84a m ffffff70   ffffffd8  c.swsp   x18, 0x10
#5345 0 800001ba     c64e m ffffff6c   ffffffd0  c.swsp   x19, 0xc
#5346 0 800001bc     c452 m ffffff68   ffffffc0  c.swsp   x20, 0x8
#5347 0 800001be     ce06 m ffffff7c   800001ea  c.swsp   x1, 0x1c
#5348 0 800001c0     4785 r 0f         00000001  c.li     x15, 0x1
#5349 0 800001c2     8a2a r 14         ffffffc0  c.mv     x20, x10
#5350 0 800001c4     8932 r 12         ffffffd8  c.mv     x18, x12
#5351 0 800001c6     89ba r 13         ffffffd0  c.mv     x19, x14
#5352 0 800001c8     84ae r 09         00000001  c.mv     x9, x11
#5353 0 800001ca     8436 r 08         ffffffc8  c.mv     x8, x13
#5354 0 800001cc 02f58663 r 00         00000000  beq      x11, x15, . + 0x2c
#5355 0 800001f8     8432 r 08         ffffffd8  c.mv     x8, x12
#5356 0 800001fa     405c r 0f         f0040020  c.lw     x15, 0x4(x8)
#5357 0 800001fc     4014 r 0d         00000003  c.lw     x13, 0x0(x8)
#5358 0 800001fe 004a2703 r 0e         0000006b  lw       x14, 0x4(x20)
#5359 0 80000202     43cc r 0b         f0040008  c.lw     x11, 0x4(x15)
#5360 0 80000204     4390 r 0c         00000003  c.lw     x12, 0x0(x15)
#5361 0 80000206     16fd r 0d         00000002  c.addi   x13, -0x1
#5362 0 80000208     c04c m ffffffdc   f0040008  c.sw     x11, 0x4(x8)
#5363 0 8000020a 0049a583 r 0b         f0040018  lw       x11, 0x4(x19)
#5364 0 8000020e     c014 m ffffffd8   00000002  c.sw     x13, 0x0(x8)
#5365 0 80000210 0009a683 r 0d         00000001  lw       x13, 0x0(x19)
#5366 0 80000214     c3cc m f0040024   f0040018  c.sw     x11, 0x4(x15)
#5367 0 80000216 00f9a223 m ffffffd4   f0040020  sw       x15, 0x4(x19)
#5368 0 8000021a     c390 m f0040020   00000003  c.sw     x12, 0x0(x15)
#5369 0 8000021c     40f2 r 01         800001ea  c.lwsp   x1, 0x1c
#5370 0 8000021e     4462 r 08         ffffffc8  c.lwsp   x8, 0x18
#5371 0 80000220 00168793 r 0f         00000002  addi     x15, x13, 0x1
#5372 0 80000224 00f9a023 m ffffffd0   00000002  sw       x15, 0x0(x19)
#5373 0 80000228 00170793 r 0f         0000006c  addi     x15, x14, 0x1
#5374 0 8000022c 00fa2223 m ffffffc4   0000006c  sw       x15, 0x4(x20)
#5375 0 80000230     44d2 r 09         00000002  c.lwsp   x9, 0x14
#5376 0 80000232     4942 r 12         ffffffd8  c.lwsp   x18, 0x10
#5377 0 80000234     49b2 r 13         ffffffd0  c.lwsp   x19, 0xc
#5378 0 80000236     4a22 r 14         ffffffc0  c.lwsp   x20, 0x8
#5379 0 80000238     6105 r 02         ffffff80  c.addi16sp 0x2
#5380 0 8000023a     8082 r 00         00000000  c.jr     x1
#5381 0 800001ea     4785 r 0f         00000001  c.li     x15, 0x1
#5382 0 800001ec     874a r 0e         ffffffd8  c.mv     x14, x18
#5383 0 800001ee 00f48663 r 00         00000000  beq      x9, x15, . + 0xc
#5384 0 800001f2     8922 r 12         ffffffc8  c.mv     x18, x8
#5385 0 800001f4     843a r 08         ffffffd8  c.mv     x8, x14
#5386 0 800001f6     bfe9 r 00         00000000  c.j      . - 0x26
#5387 0 800001d0     14fd r 09         00000001  c.addi   x9, -0x1
#5388 0 800001d2     85a6 r 0b         00000001  c.mv     x11, x9
#5389 0 800001d4     8552 r 0a         ffffffc0  c.mv     x10, x20
#5390 0 800001d6     8722 r 0e         ffffffd8  c.mv     x14, x8
#5391 0 800001d8     86ce r 0d         ffffffd0  c.mv     x13, x19
#5392 0 800001da     864a r 0c         ffffffc8  c.mv     x12, x18
#5393 0 800001dc     3fd9 r 01         800001de  c.jal    . - 0x2a
#5394 0 800001b2     1101 r 02         ffffff60  c.addi   x2, -0x20
#5395 0 800001b4     cc22 m ffffff78   ffffffd8  c.swsp   x8, 0x18
#5396 0 800001b6     ca26 m ffffff74   00000001  c.swsp   x9, 0x14
#5397 0 800001b8     c84a m ffffff70   ffffffc8  c.swsp   x18, 0x10
#5398 0 800001ba     c64e m ffffff6c   ffffffd0  c.swsp   x19, 0xc
#5399 0 800001bc     c452 m ffffff68   ffffffc0  c.swsp   x20, 0x8
#5400 0 800001be     ce06 m ffffff7c   800001de  c.swsp   x1, 0x1c
#5401 0 800001c0     4785 r 0f         00000001  c.li     x15, 0x1
#5402 0 800001c2     8a2a r 14         ffffffc0  c.mv     x20, x10
#5403 0 800001c4     8932 r 12         ffffffc8  c.mv     x18, x12
#5404 0 800001c6     89ba r 13         ffffffd8  c.mv     x19, x14
#5405 0 800001c8     84ae r 09         00000001  c.mv     x9, x11
#5406 0 800001ca     8436 r 08         ffffffd0  c.mv     x8, x13
#5407 0 800001cc 02f58663 r 00         00000000  beq      x11, x15, . + 0x2c
#5408 0 800001f8     8432 r 08         ffffffc8  c.mv     x8, x12
#5409 0 800001fa     405c r 0f         f0040030  c.lw     x15, 0x4(x8)
#5410 0 800001fc     4014 r 0d         00000003  c.lw     x13, 0x0(x8)
#5411 0 800001fe 004a2703 r 0e         0000006c  lw       x14, 0x4(x20)
#5412 0 80000202     43cc r 0b         f0040028  c.lw     x11, 0x4(x15)
#5413 0 80000204     4390 r 0c         00000001  c.lw     x12, 0x0(x15)
#5414 0 80000206     16fd r 0d         00000002  c.addi   x13, -0x1
#5415 0 80000208     c04c m ffffffcc   f0040028  c.sw     x11, 0x4(x8)
#5416 0 8000020a 0049a583 r 0b         f0040008  lw       x11, 0x4(x19)
#5417 0 8000020e     c014 m ffffffc8   00000002  c.sw     x13, 0x0(x8)
#5418 0 80000210 0009a683 r 0d         00000002  lw       x13, 0x0(x19)
#5419 0 80000214     c3cc m f0040034   f0040008  c.sw     x11, 0x4(x15)
#5420 0 80000216 00f9a223 m ffffffdc   f0040030  sw       x15, 0x4(x19)
#5421 0 8000021a     c390 m f0040030   00000001  c.sw     x12, 0x0(x15)
#5422 0 8000021c     40f2 r 01         800001de  c.lwsp   x1, 0x1c
#5423 0 8000021e     4462 r 08         ffffffd8  c.lwsp   x8, 0x18
#5424 0 80000220 00168793 r 0f         00000003  addi     x15, x13, 0x1
#5425 0 80000224 00f9a023 m ffffffd8   00000003  sw       x15, 0x0(x19)
#5426 0 80000228 00170793 r 0f         0000006d  addi     x15, x14, 0x1
#5427 0 8000022c 00fa2223 m ffffffc4   0000006d  sw       x15, 0x4(x20)
#5428 0 80000230     44d2 r 09         00000001  c.lwsp   x9, 0x14
#5429 0 80000232     4942 r 12         ffffffc8  c.lwsp   x18, 0x10
#5430 0 80000234     49b2 r 13         ffffffd0  c.lwsp   x19, 0xc
#5431 0 80000236     4a22 r 14         ffffffc0  c.lwsp   x20, 0x8
#5432 0 80000238     6105 r 02         ffffff80  c.addi16sp 0x2
#5433 0 8000023a     8082 r 00         00000000  c.jr     x1
#5434 0 800001de     874e r 0e         ffffffd0  c.mv     x14, x19
#5435 0 800001e0     86a2 r 0d         ffffffd8  c.mv     x13, x8
#5436 0 800001e2     864a r 0c         ffffffc8  c.mv     x12, x18
#5437 0 800001e4     4585 r 0b         00000001  c.li     x11, 0x1
#5438 0 800001e6     8552 r 0a         ffffffc0  c.mv     x10, x20
#5439 0 800001e8     37e9 r 01         800001ea  c.jal    . - 0x36
#5440 0 800001b2     1101 r 02         ffffff60  c.addi   x2, -0x20
#5441 0 800001b4     cc22 m ffffff78   ffffffd8  c.swsp   x8, 0x18
#5442 0 800001b6     ca26 m ffffff74   00000001  c.swsp   x9, 0x14
#5443 0 800001b8     c84a m ffffff70   ffffffc8  c.swsp   x18, 0x10
#5444 0 800001ba     c64e m ffffff6c   ffffffd0  c.swsp   x19, 0xc
#5445 0 800001bc     c452 m ffffff68   ffffffc0  c.swsp   x20, 0x8
#5446 0 800001be     ce06 m ffffff7c   800001ea  c.swsp   x1, 0x1c
#5447 0 800001c0     4785 r 0f         00000001  c.li     x15, 0x1
#5448 0 800001c2     8a2a r 14         ffffffc0  c.mv     x20, x10
#5449 0 800001c4     8932 r 12         ffffffc8  c.mv     x18, x12
#5450 0 800001c6     89ba r 13         ffffffd0  c.mv     x19, x14
#5451 0 800001c8     84ae r 09         00000001  c.mv     x9, x11
#5452 0 800001ca     8436 r 08         ffffffd8  c.mv     x8, x13
#5453 0 800001cc 02f58663 r 00         00000000  beq      x11, x15, . + 0x2c
#5454 0 800001f8     8432 r 08         ffffffc8  c.mv     x8, x12
#5455 0 800001fa     405c r 0f         f0040028  c.lw     x15, 0x4(x8)
#5456 0 800001fc     4014 r 0d         00000002  c.lw     x13, 0x0(x8)
#5457 0 800001fe 004a2703 r 0e         0000006d  lw       x14, 0x4(x20)
#5458 0 80000202     43cc r 0b         f0040010  c.lw     x11, 0x4(x15)
#5459 0 80000204     4390 r 0c         00000002  c.lw     x12, 0x0(x15)
#5460 0 80000206     16fd r 0d         00000001  c.addi   x13, -0x1
#5461 0 80000208     c04c m ffffffcc   f0040010  c.sw     x11, 0x4(x8)
#5462 0 8000020a 0049a583 r 0b         f0040020  lw       x11, 0x4(x19)
#5463 0 8000020e     c014 m ffffffc8   00000001  c.sw     x13, 0x0(x8)
#5464 0 80000210 0009a683 r 0d         00000002  lw       x13, 0x0(x19)
#5465 0 80000214     c3cc m f004002c   f0040020  c.sw     x11, 0x4(x15)
#5466 0 80000216 00f9a223 m ffffffd4   f0040028  sw       x15, 0x4(x19)
#5467 0 8000021a     c390 m f0040028   00000002  c.sw     x12, 0x0(x15)
#5468 0 8000021c     40f2 r 01         800001ea  c.lwsp   x1, 0x1c
#5469 0 8000021e     4462 r 08         ffffffd8  c.lwsp   x8, 0x18
#5470 0 80000220 00168793 r 0f         00000003  addi     x15, x13, 0x1
#5471 0 80000224 00f9a023 m ffffffd0   00000003  sw       x15, 0x0(x19)
#5472 0 80000228 00170793 r 0f         0000006e  addi     x15, x14, 0x1
#5473 0 8000022c 00fa2223 m ffffffc4   0000006e  sw       x15, 0x4(x20)
#5474 0 80000230     44d2 r 09         00000001  c.lwsp   x9, 0x14
#5475 0 80000232     4942 r 12         ffffffc8  c.lwsp   x18, 0x10
#5476 0 80000234     49b2 r 13         ffffffd0  c.lwsp   x19, 0xc
#5477 0 80000236     4a22 r 14         ffffffc0  c.lwsp   x20, 0x8
#5478 0 80000238     6105 r 02         ffffff80  c.addi16sp 0x2
#5479 0 8000023a     8082 r 00         00000000  c.jr     x1
#5480 0 800001ea     4785 r 0f         00000001  c.li     x15, 0x1
#5481 0 800001ec     874a r 0e         ffffffc8  c.mv     x14, x18
#5482 0 800001ee 00f48663 r 00         00000000  beq      x9, x15, . + 0xc
#5483 0 800001fa     405c r 0f         f0040030  c.lw     x15, 0x4(x8)
#5484 0 800001fc     4014 r 0d         00000003  c.lw     x13, 0x0(x8)
#5485 0 800001fe 004a2703 r 0e         0000006e  lw       x14, 0x4(x20)
#5486 0 80000202     43cc r 0b         f0040008  c.lw     x11, 0x4(x15)
#5487 0 80000204     4390 r 0c         00000001  c.lw     x12, 0x0(x15)
#5488 0 80000206     16fd r 0d         00000002  c.addi   x13, -0x1
#5489 0 80000208     c04c m ffffffdc   f0040008  c.sw     x11, 0x4(x8)
#5490 0 8000020a 0049a583 r 0b         f0040028  lw       x11, 0x4(x19)
#5491 0 8000020e     c014 m ffffffd8   00000002  c.sw     x13, 0x0(x8)
#5492 0 80000210 0009a683 r 0d         00000003  lw       x13, 0x0(x19)
#5493 0 80000214     c3cc m f0040034   f0040028  c.sw     x11, 0x4(x15)
#5494 0 80000216 00f9a223 m ffffffd4   f0040030  sw       x15, 0x4(x19)
#5495 0 8000021a     c390 m f0040030   00000001  c.sw     x12, 0x0(x15)
#5496 0 8000021c     40f2 r 01         800001de  c.lwsp   x1, 0x1c
#5497 0 8000021e     4462 r 08         ffffffd0  c.lwsp   x8, 0x18
#5498 0 80000220 00168793 r 0f         00000004  addi     x15, x13, 0x1
#5499 0 80000224 00f9a023 m ffffffd0   00000004  sw       x15, 0x0(x19)
#5500 0 80000228 00170793 r 0f         0000006f  addi     x15, x14, 0x1
#5501 0 8000022c 00fa2223 m ffffffc4   0000006f  sw       x15, 0x4(x20)
#5502 0 80000230     44d2 r 09         00000004  c.lwsp   x9, 0x14
#5503 0 80000232     4942 r 12         ffffffc8  c.lwsp   x18, 0x10
#5504 0 80000234     49b2 r 13         ffffffd8  c.lwsp   x19, 0xc
#5505 0 80000236     4a22 r 14         ffffffc0  c.lwsp   x20, 0x8
#5506 0 80000238     6105 r 02         ffffffa0  c.addi16sp 0x2
#5507 0 8000023a     8082 r 00         00000000  c.jr     x1
#5508 0 800001de     874e r 0e         ffffffd8  c.mv     x14, x19
#5509 0 800001e0     86a2 r 0d         ffffffd0  c.mv     x13, x8
#5510 0 800001e2     864a r 0c         ffffffc8  c.mv     x12, x18
#5511 0 800001e4     4585 r 0b         00000001  c.li     x11, 0x1
#5512 0 800001e6     8552 r 0a         ffffffc0  c.mv     x10, x20
#5513 0 800001e8     37e9 r 01         800001ea  c.jal    . - 0x36
#5514 0 800001b2     1101 r 02         ffffff80  c.addi   x2, -0x20
#5515 0 800001b4     cc22 m ffffff98   ffffffd0  c.swsp   x8, 0x18
#5516 0 800001b6     ca26 m ffffff94   00000004  c.swsp   x9, 0x14
#5517 0 800001b8     c84a m ffffff90   ffffffc8  c.swsp   x18, 0x10
#5518 0 800001ba     c64e m ffffff8c   ffffffd8  c.swsp   x19, 0xc
#5519 0 800001bc     c452 m ffffff88   ffffffc0  c.swsp   x20, 0x8
#5520 0 800001be     ce06 m ffffff9c   800001ea  c.swsp   x1, 0x1c
#5521 0 800001c0     4785 r 0f         00000001  c.li     x15, 0x1
#5522 0 800001c2     8a2a r 14         ffffffc0  c.mv     x20, x10
#5523 0 800001c4     8932 r 12         ffffffc8  c.mv     x18, x12
#5524 0 800001c6     89ba r 13         ffffffd8  c.mv     x19, x14
#5525 0 800001c8     84ae r 09         00000001  c.mv     x9, x11
#5526 0 800001ca     8436 r 08         ffffffd0  c.mv     x8, x13
#5527 0 800001cc 02f58663 r 00         00000000  beq      x11, x15, . + 0x2c
#5528 0 800001f8     8432 r 08         ffffffc8  c.mv     x8, x12
#5529 0 800001fa     405c r 0f         f0040010  c.lw     x15, 0x4(x8)
#5530 0 800001fc     4014 r 0d         00000001  c.lw     x13, 0x0(x8)
#5531 0 800001fe 004a2703 r 0e         0000006f  lw       x14, 0x4(x20)
#5532 0 80000202     43cc r 0b         00000000  c.lw     x11, 0x4(x15)
#5533 0 80000204     4390 r 0c         00000005  c.lw     x12, 0x0(x15)
#5534 0 80000206     16fd r 0d         00000000  c.addi   x13, -0x1
#5535 0 80000208     c04c m ffffffcc   00000000  c.sw     x11, 0x4(x8)
#5536 0 8000020a 0049a583 r 0b         f0040008  lw       x11, 0x4(x19)
#5537 0 8000020e     c014 m ffffffc8   00000000  c.sw     x13, 0x0(x8)
#5538 0 80000210 0009a683 r 0d         00000002  lw       x13, 0x0(x19)
#5539 0 80000214     c3cc m f0040014   f0040008  c.sw     x11, 0x4(x15)
#5540 0 80000216 00f9a223 m ffffffdc   f0040010  sw       x15, 0x4(x19)
#5541 0 8000021a     c390 m f0040010   00000005  c.sw     x12, 0x0(x15)
#5542 0 8000021c     40f2 r 01         800001ea  c.lwsp   x1, 0x1c
#5543 0 8000021e     4462 r 08         ffffffd0  c.lwsp   x8, 0x18
#5544 0 80000220 00168793 r 0f         00000003  addi     x15, x13, 0x1
#5545 0 80000224 00f9a023 m ffffffd8   00000003  sw       x15, 0x0(x19)
#5546 0 80000228 00170793 r 0f         00000070  addi     x15, x14, 0x1
#5547 0 8000022c 00fa2223 m ffffffc4   00000070  sw       x15, 0x4(x20)
#5548 0 80000230     44d2 r 09         00000004  c.lwsp   x9, 0x14
#5549 0 80000232     4942 r 12         ffffffc8  c.lwsp   x18, 0x10
#5550 0 80000234     49b2 r 13         ffffffd8  c.lwsp   x19, 0xc
#5551 0 80000236     4a22 r 14         ffffffc0  c.lwsp   x20, 0x8
#5552 0 80000238     6105 r 02         ffffffa0  c.addi16sp 0x2
#5553 0 8000023a     8082 r 00         00000000  c.jr     x1
#5554 0 800001ea     4785 r 0f         00000001  c.li     x15, 0x1
#5555 0 800001ec     874a r 0e         ffffffc8  c.mv     x14, x18
#5556 0 800001ee 00f48663 r 00         00000000  beq      x9, x15, . + 0xc
#5557 0 800001f2     8922 r 12         ffffffd0  c.mv     x18, x8
#5558 0 800001f4     843a r 08         ffffffc8  c.mv     x8, x14
#5559 0 800001f6     bfe9 r 00         00000000  c.j      . - 0x26
#5560 0 800001d0     14fd r 09         00000003  c.addi   x9, -0x1
#5561 0 800001d2     85a6 r 0b         00000003  c.mv     x11, x9
#5562 0 800001d4     8552 r 0a         ffffffc0  c.mv     x10, x20
#5563 0 800001d6     8722 r 0e         ffffffc8  c.mv     x14, x8
#5564 0 800001d8     86ce r 0d         ffffffd8  c.mv     x13, x19
#5565 0 800001da     864a r 0c         ffffffd0  c.mv     x12, x18
#5566 0 800001dc     3fd9 r 01         800001de  c.jal    . - 0x2a
#5567 0 800001b2     1101 r 02         ffffff80  c.addi   x2, -0x20
#5568 0 800001b4     cc22 m ffffff98   ffffffc8  c.swsp   x8, 0x18
#5569 0 800001b6     ca26 m ffffff94   00000003  c.swsp   x9, 0x14
#5570 0 800001b8     c84a m ffffff90   ffffffd0  c.swsp   x18, 0x10
#5571 0 800001ba     c64e m ffffff8c   ffffffd8  c.swsp   x19, 0xc
#5572 0 800001bc     c452 m ffffff88   ffffffc0  c.swsp   x20, 0x8
#5573 0 800001be     ce06 m ffffff9c   800001de  c.swsp   x1, 0x1c
#5574 0 800001c0     4785 r 0f         00000001  c.li     x15, 0x1
#5575 0 800001c2     8a2a r 14         ffffffc0  c.mv     x20, x10
#5576 0 800001c4     8932 r 12         ffffffd0  c.mv     x18, x12
#5577 0 800001c6     89ba r 13         ffffffc8  c.mv     x19, x14
#5578 0 800001c8     84ae r 09         00000003  c.mv     x9, x11
#5579 0 800001ca     8436 r 08         ffffffd8  c.mv     x8, x13
#5580 0 800001cc 02f58663 r 00         00000000  beq      x11, x15, . + 0x2c
#5581 0 800001d0     14fd r 09         00000002  c.addi   x9, -0x1
#5582 0 800001d2     85a6 r 0b         00000002  c.mv     x11, x9
#5583 0 800001d4     8552 r 0a         ffffffc0  c.mv     x10, x20
#5584 0 800001d6     8722 r 0e         ffffffd8  c.mv     x14, x8
#5585 0 800001d8     86ce r 0d         ffffffc8  c.mv     x13, x19
#5586 0 800001da     864a r 0c         ffffffd0  c.mv     x12, x18
#5587 0 800001dc     3fd9 r 01         800001de  c.jal    . - 0x2a
#5588 0 800001b2     1101 r 02         ffffff60  c.addi   x2, -0x20
#5589 0 800001b4     cc22 m ffffff78   ffffffd8  c.swsp   x8, 0x18
#5590 0 800001b6     ca26 m ffffff74   00000002  c.swsp   x9, 0x14
#5591 0 800001b8     c84a m ffffff70   ffffffd0  c.swsp   x18, 0x10
#5592 0 800001ba     c64e m ffffff6c   ffffffc8  c.swsp   x19, 0xc
#5593 0 800001bc     c452 m ffffff68   ffffffc0  c.swsp   x20, 0x8
#5594 0 800001be     ce06 m ffffff7c   800001de  c.swsp   x1, 0x1c
#5595 0 800001c0     4785 r 0f         00000001  c.li     x15, 0x1
#5596 0 800001c2     8a2a r 14         ffffffc0  c.mv     x20, x10
#5597 0 800001c4     8932 r 12         ffffffd0  c.mv     x18, x12
#5598 0 800001c6     89ba r 13         ffffffd8  c.mv     x19, x14
#5599 0 800001c8     84ae r 09         00000002  c.mv     x9, x11
#5600 0 800001ca     8436 r 08         ffffffc8  c.mv     x8, x13
#5601 0 800001cc 02f58663 r 00         00000000  beq      x11, x15, . + 0x2c
#5602 0 800001d0     14fd r 09         00000001  c.addi   x9, -0x1
#5603 0 800001d2     85a6 r 0b         00000001  c.mv     x11, x9
#5604 0 800001d4     8552 r 0a         ffffffc0  c.mv     x10, x20
#5605 0 800001d6     8722 r 0e         ffffffc8  c.mv     x14, x8
#5606 0 800001d8     86ce r 0d         ffffffd8  c.mv     x13, x19
#5607 0 800001da     864a r 0c         ffffffd0  c.mv     x12, x18
#5608 0 800001dc     3fd9 r 01         800001de  c.jal    . - 0x2a
#5609 0 800001b2     1101 r 02         ffffff40  c.addi   x2, -0x20
#5610 0 800001b4     cc22 m ffffff58   ffffffc8  c.swsp   x8, 0x18
#5611 0 800001b6     ca26 m ffffff54   00000001  c.swsp   x9, 0x14
#5612 0 800001b8     c84a m ffffff50   ffffffd0  c.swsp   x18, 0x10
#5613 0 800001ba     c64e m ffffff4c   ffffffd8  c.swsp   x19, 0xc
#5614 0 800001bc     c452 m ffffff48   ffffffc0  c.swsp   x20, 0x8
#5615 0 800001be     ce06 m ffffff5c   800001de  c.swsp   x1, 0x1c
#5616 0 800001c0     4785 r 0f         00000001  c.li     x15, 0x1
#5617 0 800001c2     8a2a r 14         ffffffc0  c.mv     x20, x10
#5618 0 800001c4     8932 r 12         ffffffd0  c.mv     x18, x12
#5619 0 800001c6     89ba r 13         ffffffc8  c.mv     x19, x14
#5620 0 800001c8     84ae r 09         00000001  c.mv     x9, x11
#5621 0 800001ca     8436 r 08         ffffffd8  c.mv     x8, x13
#5622 0 800001cc 02f58663 r 00         00000000  beq      x11, x15, . + 0x2c
#5623 0 800001f8     8432 r 08         ffffffd0  c.mv     x8, x12
#5624 0 800001fa     405c r 0f         f0040030  c.lw     x15, 0x4(x8)
#5625 0 800001fc     4014 r 0d         00000004  c.lw     x13, 0x0(x8)
#5626 0 800001fe 004a2703 r 0e         00000070  lw       x14, 0x4(x20)
#5627 0 80000202     43cc r 0b         f0040028  c.lw     x11, 0x4(x15)
#5628 0 80000204     4390 r 0c         00000001  c.lw     x12, 0x0(x15)
#5629 0 80000206     16fd r 0d         00000003  c.addi   x13, -0x1
#5630 0 80000208     c04c m ffffffd4   f0040028  c.sw     x11, 0x4(x8)
#5631 0 8000020a 0049a583 r 0b         00000000  lw       x11, 0x4(x19)
#5632 0 8000020e     c014 m ffffffd0   00000003  c.sw     x13, 0x0(x8)
#5633 0 80000210 0009a683 r 0d         00000000  lw       x13, 0x0(x19)
#5634 0 80000214     c3cc m f0040034   00000000  c.sw     x11, 0x4(x15)
#5635 0 80000216 00f9a223 m ffffffcc   f0040030  sw       x15, 0x4(x19)
#5636 0 8000021a     c390 m f0040030   00000001  c.sw     x12, 0x0(x15)
#5637 0 8000021c     40f2 r 01         800001de  c.lwsp   x1, 0x1c
#5638 0 8000021e     4462 r 08         ffffffc8  c.lwsp   x8, 0x18
#5639 0 80000220 00168793 r 0f         00000001  addi     x15, x13, 0x1
#5640 0 80000224 00f9a023 m ffffffc8   00000001  sw       x15, 0x0(x19)
#5641 0 80000228 00170793 r 0f         00000071  addi     x15, x14, 0x1
#5642 0 8000022c 00fa2223 m ffffffc4   00000071  sw       x15, 0x4(x20)
#5643 0 80000230     44d2 r 09         00000001  c.lwsp   x9, 0x14
#5644 0 80000232     4942 r 12         ffffffd0  c.lwsp   x18, 0x10
#5645 0 80000234     49b2 r 13         ffffffd8  c.lwsp   x19, 0xc
#5646 0 80000236     4a22 r 14         ffffffc0  c.lwsp   x20, 0x8
#5647 0 80000238     6105 r 02         ffffff60  c.addi16sp 0x2
#5648 0 8000023a     8082 r 00         00000000  c.jr     x1
#5649 0 800001de     874e r 0e         ffffffd8  c.mv     x14, x19
#5650 0 800001e0     86a2 r 0d         ffffffc8  c.mv     x13, x8
#5651 0 800001e2     864a r 0c         ffffffd0  c.mv     x12, x18
#5652 0 800001e4     4585 r 0b         00000001  c.li     x11, 0x1
#5653 0 800001e6     8552 r 0a         ffffffc0  c.mv     x10, x20
#5654 0 800001e8     37e9 r 01         800001ea  c.jal    . - 0x36
#5655 0 800001b2     1101 r 02         ffffff40  c.addi   x2, -0x20
#5656 0 800001b4     cc22 m ffffff58   ffffffc8  c.swsp   x8, 0x18
#5657 0 800001b6     ca26 m ffffff54   00000001  c.swsp   x9, 0x14
#5658 0 800001b8     c84a m ffffff50   ffffffd0  c.swsp   x18, 0x10
#5659 0 800001ba     c64e m ffffff4c   ffffffd8  c.swsp   x19, 0xc
#5660 0 800001bc     c452 m ffffff48   ffffffc0  c.swsp   x20, 0x8
#5661 0 800001be     ce06 m ffffff5c   800001ea  c.swsp   x1, 0x1c
#5662 0 800001c0     4785 r 0f         00000001  c.li     x15, 0x1
#5663 0 800001c2     8a2a r 14         ffffffc0  c.mv     x20, x10
#5664 0 800001c4     8932 r 12         ffffffd0  c.mv     x18, x12
#5665 0 800001c6     89ba r 13         ffffffd8  c.mv     x19, x14
#5666 0 800001c8     84ae r 09         00000001  c.mv     x9, x11
#5667 0 800001ca     8436 r 08         ffffffc8  c.mv     x8, x13
#5668 0 800001cc 02f58663 r 00         00000000  beq      x11, x15, . + 0x2c
#5669 0 800001f8     8432 r 08         ffffffd0  c.mv     x8, x12
#5670 0 800001fa     405c r 0f         f0040028  c.lw     x15, 0x4(x8)
#5671 0 800001fc     4014 r 0d         00000003  c.lw     x13, 0x0(x8)
#5672 0 800001fe 004a2703 r 0e         00000071  lw       x14, 0x4(x20)
#5673 0 80000202     43cc r 0b         f0040020  c.lw     x11, 0x4(x15)
#5674 0 80000204     4390 r 0c         00000002  c.lw     x12, 0x0(x15)
#5675 0 80000206     16fd r 0d         00000002  c.addi   x13, -0x1
#5676 0 80000208     c04c m ffffffd4   f0040020  c.sw     x11, 0x4(x8)
#5677 0 8000020a 0049a583 r 0b         f0040010  lw       x11, 0x4(x19)
#5678 0 8000020e     c014 m ffffffd0   00000002  c.sw     x13, 0x0(x8)
#5679 0 80000210 0009a683 r 0d         00000003  lw       x13, 0x0(x19)
#5680 0 80000214     c3cc m f004002c   f0040010  c.sw     x11, 0x4(x15)
#5681 0 80000216 00f9a223 m ffffffdc   f0040028  sw       x15, 0x4(x19)
#5682 0 8000021a     c390 m f0040028   00000002  c.sw     x12, 0x0(x15)
#5683 0 8000021c     40f2 r 01         800001ea  c.lwsp   x1, 0x1c
#5684 0 8000021e     4462 r 08         ffffffc8  c.lwsp   x8, 0x18
#5685 0 80000220 00168793 r 0f         00000004  addi     x15, x13, 0x1
#5686 0 80000224 00f9a023 m ffffffd8   00000004  sw       x15, 0x0(x19)
#5687 0 80000228 00170793 r 0f         00000072  addi     x15, x14, 0x1
#5688 0 8000022c 00fa2223 m ffffffc4   00000072  sw       x15, 0x4(x20)
#5689 0 80000230     44d2 r 09         00000001  c.lwsp   x9, 0x14
#5690 0 80000232     4942 r 12         ffffffd0  c.lwsp   x18, 0x10
#5691 0 80000234     49b2 r 13         ffffffd8  c.lwsp   x19, 0xc
#5692 0 80000236     4a22 r 14         ffffffc0  c.lwsp   x20, 0x8
#5693 0 80000238     6105 r 02         ffffff60  c.addi16sp 0x2
#5694 0 8000023a     8082 r 00         00000000  c.jr     x1
#5695 0 800001ea     4785 r 0f         00000001  c.li     x15, 0x1
#5696 0 800001ec     874a r 0e         ffffffd0  c.mv     x14, x18
#5697 0 800001ee 00f48663 r 00         00000000  beq      x9, x15, . + 0xc
#5698 0 800001fa     405c r 0f         f0040030  c.lw     x15, 0x4(x8)
#5699 0 800001fc     4014 r 0d         00000001  c.lw     x13, 0x0(x8)
#5700 0 800001fe 004a2703 r 0e         00000072  lw       x14, 0x4(x20)
#5701 0 80000202     43cc r 0b         00000000  c.lw     x11, 0x4(x15)
#5702 0 80000204     4390 r 0c         00000001  c.lw     x12, 0x0(x15)
#5703 0 80000206     16fd r 0d         00000000  c.addi   x13, -0x1
#5704 0 80000208     c04c m ffffffcc   00000000  c.sw     x11, 0x4(x8)
#5705 0 8000020a 0049a583 r 0b         f0040028  lw       x11, 0x4(x19)
#5706 0 8000020e     c014 m ffffffc8   00000000  c.sw     x13, 0x0(x8)
#5707 0 80000210 0009a683 r 0d         00000004  lw       x13, 0x0(x19)
#5708 0 80000214     c3cc m f0040034   f0040028  c.sw     x11, 0x4(x15)
#5709 0 80000216 00f9a223 m ffffffdc   f0040030  sw       x15, 0x4(x19)
#5710 0 8000021a     c390 m f0040030   00000001  c.sw     x12, 0x0(x15)
#5711 0 8000021c     40f2 r 01         800001de  c.lwsp   x1, 0x1c
#5712 0 8000021e     4462 r 08         ffffffd8  c.lwsp   x8, 0x18
#5713 0 80000220 00168793 r 0f         00000005  addi     x15, x13, 0x1
#5714 0 80000224 00f9a023 m ffffffd8   00000005  sw       x15, 0x0(x19)
#5715 0 80000228 00170793 r 0f         00000073  addi     x15, x14, 0x1
#5716 0 8000022c 00fa2223 m ffffffc4   00000073  sw       x15, 0x4(x20)
#5717 0 80000230     44d2 r 09         00000002  c.lwsp   x9, 0x14
#5718 0 80000232     4942 r 12         ffffffd0  c.lwsp   x18, 0x10
#5719 0 80000234     49b2 r 13         ffffffc8  c.lwsp   x19, 0xc
#5720 0 80000236     4a22 r 14         ffffffc0  c.lwsp   x20, 0x8
#5721 0 80000238     6105 r 02         ffffff80  c.addi16sp 0x2
#5722 0 8000023a     8082 r 00         00000000  c.jr     x1
#5723 0 800001de     874e r 0e         ffffffc8  c.mv     x14, x19
#5724 0 800001e0     86a2 r 0d         ffffffd8  c.mv     x13, x8
#5725 0 800001e2     864a r 0c         ffffffd0  c.mv     x12, x18
#5726 0 800001e4     4585 r 0b         00000001  c.li     x11, 0x1
#5727 0 800001e6     8552 r 0a         ffffffc0  c.mv     x10, x20
#5728 0 800001e8     37e9 r 01         800001ea  c.jal    . - 0x36
#5729 0 800001b2     1101 r 02         ffffff60  c.addi   x2, -0x20
#5730 0 800001b4     cc22 m ffffff78   ffffffd8  c.swsp   x8, 0x18
#5731 0 800001b6     ca26 m ffffff74   00000002  c.swsp   x9, 0x14
#5732 0 800001b8     c84a m ffffff70   ffffffd0  c.swsp   x18, 0x10
#5733 0 800001ba     c64e m ffffff6c   ffffffc8  c.swsp   x19, 0xc
#5734 0 800001bc     c452 m ffffff68   ffffffc0  c.swsp   x20, 0x8
#5735 0 800001be     ce06 m ffffff7c   800001ea  c.swsp   x1, 0x1c
#5736 0 800001c0     4785 r 0f         00000001  c.li     x15, 0x1
#5737 0 800001c2     8a2a r 14         ffffffc0  c.mv     x20, x10
#5738 0 800001c4     8932 r 12         ffffffd0  c.mv     x18, x12
#5739 0 800001c6     89ba r 13         ffffffc8  c.mv     x19, x14
#5740 0 800001c8     84ae r 09         00000001  c.mv     x9, x11
#5741 0 800001ca     8436 r 08         ffffffd8  c.mv     x8, x13
#5742 0 800001cc 02f58663 r 00         00000000  beq      x11, x15, . + 0x2c
#5743 0 800001f8     8432 r 08         ffffffd0  c.mv     x8, x12
#5744 0 800001fa     405c r 0f         f0040020  c.lw     x15, 0x4(x8)
#5745 0 800001fc     4014 r 0d         00000002  c.lw     x13, 0x0(x8)
#5746 0 800001fe 004a2703 r 0e         00000073  lw       x14, 0x4(x20)
#5747 0 80000202     43cc r 0b         f0040018  c.lw     x11, 0x4(x15)
#5748 0 80000204     4390 r 0c         00000003  c.lw     x12, 0x0(x15)
#5749 0 80000206     16fd r 0d         00000001  c.addi   x13, -0x1
#5750 0 80000208     c04c m ffffffd4   f0040018  c.sw     x11, 0x4(x8)
#5751 0 8000020a 0049a583 r 0b         00000000  lw       x11, 0x4(x19)
#5752 0 8000020e     c014 m ffffffd0   00000001  c.sw     x13, 0x0(x8)
#5753 0 80000210 0009a683 r 0d         00000000  lw       x13, 0x0(x19)
#5754 0 80000214     c3cc m f0040024   00000000  c.sw     x11, 0x4(x15)
#5755 0 80000216 00f9a223 m ffffffcc   f0040020  sw       x15, 0x4(x19)
#5756 0 8000021a     c390 m f0040020   00000003  c.sw     x12, 0x0(x15)
#5757 0 8000021c     40f2 r 01         800001ea  c.lwsp   x1, 0x1c
#5758 0 8000021e     4462 r 08         ffffffd8  c.lwsp   x8, 0x18
#5759 0 80000220 00168793 r 0f         00000001  addi     x15, x13, 0x1
#5760 0 80000224 00f9a023 m ffffffc8   00000001  sw       x15, 0x0(x19)
#5761 0 80000228 00170793 r 0f         00000074  addi     x15, x14, 0x1
#5762 0 8000022c 00fa2223 m ffffffc4   00000074  sw       x15, 0x4(x20)
#5763 0 80000230     44d2 r 09         00000002  c.lwsp   x9, 0x14
#5764 0 80000232     4942 r 12         ffffffd0  c.lwsp   x18, 0x10
#5765 0 80000234     49b2 r 13         ffffffc8  c.lwsp   x19, 0xc
#5766 0 80000236     4a22 r 14         ffffffc0  c.lwsp   x20, 0x8
#5767 0 80000238     6105 r 02         ffffff80  c.addi16sp 0x2
#5768 0 8000023a     8082 r 00         00000000  c.jr     x1
#5769 0 800001ea     4785 r 0f         00000001  c.li     x15, 0x1
#5770 0 800001ec     874a r 0e         ffffffd0  c.mv     x14, x18
#5771 0 800001ee 00f48663 r 00         00000000  beq      x9, x15, . + 0xc
#5772 0 800001f2     8922 r 12         ffffffd8  c.mv     x18, x8
#5773 0 800001f4     843a r 08         ffffffd0  c.mv     x8, x14
#5774 0 800001f6     bfe9 r 00         00000000  c.j      . - 0x26
#5775 0 800001d0     14fd r 09         00000001  c.addi   x9, -0x1
#5776 0 800001d2     85a6 r 0b         00000001  c.mv     x11, x9
#5777 0 800001d4     8552 r 0a         ffffffc0  c.mv     x10, x20
#5778 0 800001d6     8722 r 0e         ffffffd0  c.mv     x14, x8
#5779 0 800001d8     86ce r 0d         ffffffc8  c.mv     x13, x19
#5780 0 800001da     864a r 0c         ffffffd8  c.mv     x12, x18
#5781 0 800001dc     3fd9 r 01         800001de  c.jal    . - 0x2a
#5782 0 800001b2     1101 r 02         ffffff60  c.addi   x2, -0x20
#5783 0 800001b4     cc22 m ffffff78   ffffffd0  c.swsp   x8, 0x18
#5784 0 800001b6     ca26 m ffffff74   00000001  c.swsp   x9, 0x14
#5785 0 800001b8     c84a m ffffff70   ffffffd8  c.swsp   x18, 0x10
#5786 0 800001ba     c64e m ffffff6c   ffffffc8  c.swsp   x19, 0xc
#5787 0 800001bc     c452 m ffffff68   ffffffc0  c.swsp   x20, 0x8
#5788 0 800001be     ce06 m ffffff7c   800001de  c.swsp   x1, 0x1c
#5789 0 800001c0     4785 r 0f         00000001  c.li     x15, 0x1
#5790 0 800001c2     8a2a r 14         ffffffc0  c.mv     x20, x10
#5791 0 800001c4     8932 r 12         ffffffd8  c.mv     x18, x12
#5792 0 800001c6     89ba r 13         ffffffd0  c.mv     x19, x14
#5793 0 800001c8     84ae r 09         00000001  c.mv     x9, x11
#5794 0 800001ca     8436 r 08         ffffffc8  c.mv     x8, x13
#5795 0 800001cc 02f58663 r 00         00000000  beq      x11, x15, . + 0x2c
#5796 0 800001f8     8432 r 08         ffffffd8  c.mv     x8, x12
#5797 0 800001fa     405c r 0f         f0040030  c.lw     x15, 0x4(x8)
#5798 0 800001fc     4014 r 0d         00000005  c.lw     x13, 0x0(x8)
#5799 0 800001fe 004a2703 r 0e         00000074  lw       x14, 0x4(x20)
#5800 0 80000202     43cc r 0b         f0040028  c.lw     x11, 0x4(x15)
#5801 0 80000204     4390 r 0c         00000001  c.lw     x12, 0x0(x15)
#5802 0 80000206     16fd r 0d         00000004  c.addi   x13, -0x1
#5803 0 80000208     c04c m ffffffdc   f0040028  c.sw     x11, 0x4(x8)
#5804 0 8000020a 0049a583 r 0b         f0040018  lw       x11, 0x4(x19)
#5805 0 8000020e     c014 m ffffffd8   00000004  c.sw     x13, 0x0(x8)
#5806 0 80000210 0009a683 r 0d         00000001  lw       x13, 0x0(x19)
#5807 0 80000214     c3cc m f0040034   f0040018  c.sw     x11, 0x4(x15)
#5808 0 80000216 00f9a223 m ffffffd4   f0040030  sw       x15, 0x4(x19)
#5809 0 8000021a     c390 m f0040030   00000001  c.sw     x12, 0x0(x15)
#5810 0 8000021c     40f2 r 01         800001de  c.lwsp   x1, 0x1c
#5811 0 8000021e     4462 r 08         ffffffd0  c.lwsp   x8, 0x18
#5812 0 80000220 00168793 r 0f         00000002  addi     x15, x13, 0x1
#5813 0 80000224 00f9a023 m ffffffd0   00000002  sw       x15, 0x0(x19)
#5814 0 80000228 00170793 r 0f         00000075  addi     x15, x14, 0x1
#5815 0 8000022c 00fa2223 m ffffffc4   00000075  sw       x15, 0x4(x20)
#5816 0 80000230     44d2 r 09         00000001  c.lwsp   x9, 0x14
#5817 0 80000232     4942 r 12         ffffffd8  c.lwsp   x18, 0x10
#5818 0 80000234     49b2 r 13         ffffffc8  c.lwsp   x19, 0xc
#5819 0 80000236     4a22 r 14         ffffffc0  c.lwsp   x20, 0x8
#5820 0 80000238     6105 r 02         ffffff80  c.addi16sp 0x2
#5821 0 8000023a     8082 r 00         00000000  c.jr     x1
#5822 0 800001de     874e r 0e         ffffffc8  c.mv     x14, x19
#5823 0 800001e0     86a2 r 0d         ffffffd0  c.mv     x13, x8
#5824 0 800001e2     864a r 0c         ffffffd8  c.mv     x12, x18
#5825 0 800001e4     4585 r 0b         00000001  c.li     x11, 0x1
#5826 0 800001e6     8552 r 0a         ffffffc0  c.mv     x10, x20
#5827 0 800001e8     37e9 r 01         800001ea  c.jal    . - 0x36
#5828 0 800001b2     1101 r 02         ffffff60  c.addi   x2, -0x20
#5829 0 800001b4     cc22 m ffffff78   ffffffd0  c.swsp   x8, 0x18
#5830 0 800001b6     ca26 m ffffff74   00000001  c.swsp   x9, 0x14
#5831 0 800001b8     c84a m ffffff70   ffffffd8  c.swsp   x18, 0x10
#5832 0 800001ba     c64e m ffffff6c   ffffffc8  c.swsp   x19, 0xc
#5833 0 800001bc     c452 m ffffff68   ffffffc0  c.swsp   x20, 0x8
#5834 0 800001be     ce06 m ffffff7c   800001ea  c.swsp   x1, 0x1c
#5835 0 800001c0     4785 r 0f         00000001  c.li     x15, 0x1
#5836 0 800001c2     8a2a r 14         ffffffc0  c.mv     x20, x10
#5837 0 800001c4     8932 r 12         ffffffd8  c.mv     x18, x12
#5838 0 800001c6     89ba r 13         ffffffc8  c.mv     x19, x14
#5839 0 800001c8     84ae r 09         00000001  c.mv     x9, x11
#5840 0 800001ca     8436 r 08         ffffffd0  c.mv     x8, x13
#5841 0 800001cc 02f58663 r 00         00000000  beq      x11, x15, . + 0x2c
#5842 0 800001f8     8432 r 08         ffffffd8  c.mv     x8, x12
#5843 0 800001fa     405c r 0f         f0040028  c.lw     x15, 0x4(x8)
#5844 0 800001fc     4014 r 0d         00000004  c.lw     x13, 0x0(x8)
#5845 0 800001fe 004a2703 r 0e         00000075  lw       x14, 0x4(x20)
#5846 0 80000202     43cc r 0b         f0040010  c.lw     x11, 0x4(x15)
#5847 0 80000204     4390 r 0c         00000002  c.lw     x12, 0x0(x15)
#5848 0 80000206     16fd r 0d         00000003  c.addi   x13, -0x1
#5849 0 80000208     c04c m ffffffdc   f0040010  c.sw     x11, 0x4(x8)
#5850 0 8000020a 0049a583 r 0b         f0040020  lw       x11, 0x4(x19)
#5851 0 8000020e     c014 m ffffffd8   00000003  c.sw     x13, 0x0(x8)
#5852 0 80000210 0009a683 r 0d         00000001  lw       x13, 0x0(x19)
#5853 0 80000214     c3cc m f004002c   f0040020  c.sw     x11, 0x4(x15)
#5854 0 80000216 00f9a223 m ffffffcc   f0040028  sw       x15, 0x4(x19)
#5855 0 8000021a     c390 m f0040028   00000002  c.sw     x12, 0x0(x15)
#5856 0 8000021c     40f2 r 01         800001ea  c.lwsp   x1, 0x1c
#5857 0 8000021e     4462 r 08         ffffffd0  c.lwsp   x8, 0x18
#5858 0 80000220 00168793 r 0f         00000002  addi     x15, x13, 0x1
#5859 0 80000224 00f9a023 m ffffffc8   00000002  sw       x15, 0x0(x19)
#5860 0 80000228 00170793 r 0f         00000076  addi     x15, x14, 0x1
#5861 0 8000022c 00fa2223 m ffffffc4   00000076  sw       x15, 0x4(x20)
#5862 0 80000230     44d2 r 09         00000001  c.lwsp   x9, 0x14
#5863 0 80000232     4942 r 12         ffffffd8  c.lwsp   x18, 0x10
#5864 0 80000234     49b2 r 13         ffffffc8  c.lwsp   x19, 0xc
#5865 0 80000236     4a22 r 14         ffffffc0  c.lwsp   x20, 0x8
#5866 0 80000238     6105 r 02         ffffff80  c.addi16sp 0x2
#5867 0 8000023a     8082 r 00         00000000  c.jr     x1
#5868 0 800001ea     4785 r 0f         00000001  c.li     x15, 0x1
#5869 0 800001ec     874a r 0e         ffffffd8  c.mv     x14, x18
#5870 0 800001ee 00f48663 r 00         00000000  beq      x9, x15, . + 0xc
#5871 0 800001fa     405c r 0f         f0040030  c.lw     x15, 0x4(x8)
#5872 0 800001fc     4014 r 0d         00000002  c.lw     x13, 0x0(x8)
#5873 0 800001fe 004a2703 r 0e         00000076  lw       x14, 0x4(x20)
#5874 0 80000202     43cc r 0b         f0040018  c.lw     x11, 0x4(x15)
#5875 0 80000204     4390 r 0c         00000001  c.lw     x12, 0x0(x15)
#5876 0 80000206     16fd r 0d         00000001  c.addi   x13, -0x1
#5877 0 80000208     c04c m ffffffd4   f0040018  c.sw     x11, 0x4(x8)
#5878 0 8000020a 0049a583 r 0b         f0040028  lw       x11, 0x4(x19)
#5879 0 8000020e     c014 m ffffffd0   00000001  c.sw     x13, 0x0(x8)
#5880 0 80000210 0009a683 r 0d         00000002  lw       x13, 0x0(x19)
#5881 0 80000214     c3cc m f0040034   f0040028  c.sw     x11, 0x4(x15)
#5882 0 80000216 00f9a223 m ffffffcc   f0040030  sw       x15, 0x4(x19)
#5883 0 8000021a     c390 m f0040030   00000001  c.sw     x12, 0x0(x15)
#5884 0 8000021c     40f2 r 01         800001de  c.lwsp   x1, 0x1c
#5885 0 8000021e     4462 r 08         ffffffc8  c.lwsp   x8, 0x18
#5886 0 80000220 00168793 r 0f         00000003  addi     x15, x13, 0x1
#5887 0 80000224 00f9a023 m ffffffc8   00000003  sw       x15, 0x0(x19)
#5888 0 80000228 00170793 r 0f         00000077  addi     x15, x14, 0x1
#5889 0 8000022c 00fa2223 m ffffffc4   00000077  sw       x15, 0x4(x20)
#5890 0 80000230     44d2 r 09         00000003  c.lwsp   x9, 0x14
#5891 0 80000232     4942 r 12         ffffffd0  c.lwsp   x18, 0x10
#5892 0 80000234     49b2 r 13         ffffffd8  c.lwsp   x19, 0xc
#5893 0 80000236     4a22 r 14         ffffffc0  c.lwsp   x20, 0x8
#5894 0 80000238     6105 r 02         ffffffa0  c.addi16sp 0x2
#5895 0 8000023a     8082 r 00         00000000  c.jr     x1
#5896 0 800001de     874e r 0e         ffffffd8  c.mv     x14, x19
#5897 0 800001e0     86a2 r 0d         ffffffc8  c.mv     x13, x8
#5898 0 800001e2     864a r 0c         ffffffd0  c.mv     x12, x18
#5899 0 800001e4     4585 r 0b         00000001  c.li     x11, 0x1
#5900 0 800001e6     8552 r 0a         ffffffc0  c.mv     x10, x20
#5901 0 800001e8     37e9 r 01         800001ea  c.jal    . - 0x36
#5902 0 800001b2     1101 r 02         ffffff80  c.addi   x2, -0x20
#5903 0 800001b4     cc22 m ffffff98   ffffffc8  c.swsp   x8, 0x18
#5904 0 800001b6     ca26 m ffffff94   00000003  c.swsp   x9, 0x14
#5905 0 800001b8     c84a m ffffff90   ffffffd0  c.swsp   x18, 0x10
#5906 0 800001ba     c64e m ffffff8c   ffffffd8  c.swsp   x19, 0xc
#5907 0 800001bc     c452 m ffffff88   ffffffc0  c.swsp   x20, 0x8
#5908 0 800001be     ce06 m ffffff9c   800001ea  c.swsp   x1, 0x1c
#5909 0 800001c0     4785 r 0f         00000001  c.li     x15, 0x1
#5910 0 800001c2     8a2a r 14         ffffffc0  c.mv     x20, x10
#5911 0 800001c4     8932 r 12         ffffffd0  c.mv     x18, x12
#5912 0 800001c6     89ba r 13         ffffffd8  c.mv     x19, x14
#5913 0 800001c8     84ae r 09         00000001  c.mv     x9, x11
#5914 0 800001ca     8436 r 08         ffffffc8  c.mv     x8, x13
#5915 0 800001cc 02f58663 r 00         00000000  beq      x11, x15, . + 0x2c
#5916 0 800001f8     8432 r 08         ffffffd0  c.mv     x8, x12
#5917 0 800001fa     405c r 0f         f0040018  c.lw     x15, 0x4(x8)
#5918 0 800001fc     4014 r 0d         00000001  c.lw     x13, 0x0(x8)
#5919 0 800001fe 004a2703 r 0e         00000077  lw       x14, 0x4(x20)
#5920 0 80000202     43cc r 0b         00000000  c.lw     x11, 0x4(x15)
#5921 0 80000204     4390 r 0c         00000004  c.lw     x12, 0x0(x15)
#5922 0 80000206     16fd r 0d         00000000  c.addi   x13, -0x1
#5923 0 80000208     c04c m ffffffd4   00000000  c.sw     x11, 0x4(x8)
#5924 0 8000020a 0049a583 r 0b         f0040010  lw       x11, 0x4(x19)
#5925 0 8000020e     c014 m ffffffd0   00000000  c.sw     x13, 0x0(x8)
#5926 0 80000210 0009a683 r 0d         00000003  lw       x13, 0x0(x19)
#5927 0 80000214     c3cc m f004001c   f0040010  c.sw     x11, 0x4(x15)
#5928 0 80000216 00f9a223 m ffffffdc   f0040018  sw       x15, 0x4(x19)
#5929 0 8000021a     c390 m f0040018   00000004  c.sw     x12, 0x0(x15)
#5930 0 8000021c     40f2 r 01         800001ea  c.lwsp   x1, 0x1c
#5931 0 8000021e     4462 r 08         ffffffc8  c.lwsp   x8, 0x18
#5932 0 80000220 00168793 r 0f         00000004  addi     x15, x13, 0x1
#5933 0 80000224 00f9a023 m ffffffd8   00000004  sw       x15, 0x0(x19)
#5934 0 80000228 00170793 r 0f         00000078  addi     x15, x14, 0x1
#5935 0 8000022c 00fa2223 m ffffffc4   00000078  sw       x15, 0x4(x20)
#5936 0 80000230     44d2 r 09         00000003  c.lwsp   x9, 0x14
#5937 0 80000232     4942 r 12         ffffffd0  c.lwsp   x18, 0x10
#5938 0 80000234     49b2 r 13         ffffffd8  c.lwsp   x19, 0xc
#5939 0 80000236     4a22 r 14         ffffffc0  c.lwsp   x20, 0x8
#5940 0 80000238     6105 r 02         ffffffa0  c.addi16sp 0x2
#5941 0 8000023a     8082 r 00         00000000  c.jr     x1
#5942 0 800001ea     4785 r 0f         00000001  c.li     x15, 0x1
#5943 0 800001ec     874a r 0e         ffffffd0  c.mv     x14, x18
#5944 0 800001ee 00f48663 r 00         00000000  beq      x9, x15, . + 0xc
#5945 0 800001f2     8922 r 12         ffffffc8  c.mv     x18, x8
#5946 0 800001f4     843a r 08         ffffffd0  c.mv     x8, x14
#5947 0 800001f6     bfe9 r 00         00000000  c.j      . - 0x26
#5948 0 800001d0     14fd r 09         00000002  c.addi   x9, -0x1
#5949 0 800001d2     85a6 r 0b         00000002  c.mv     x11, x9
#5950 0 800001d4     8552 r 0a         ffffffc0  c.mv     x10, x20
#5951 0 800001d6     8722 r 0e         ffffffd0  c.mv     x14, x8
#5952 0 800001d8     86ce r 0d         ffffffd8  c.mv     x13, x19
#5953 0 800001da     864a r 0c         ffffffc8  c.mv     x12, x18
#5954 0 800001dc     3fd9 r 01         800001de  c.jal    . - 0x2a
#5955 0 800001b2     1101 r 02         ffffff80  c.addi   x2, -0x20
#5956 0 800001b4     cc22 m ffffff98   ffffffd0  c.swsp   x8, 0x18
#5957 0 800001b6     ca26 m ffffff94   00000002  c.swsp   x9, 0x14
#5958 0 800001b8     c84a m ffffff90   ffffffc8  c.swsp   x18, 0x10
#5959 0 800001ba     c64e m ffffff8c   ffffffd8  c.swsp   x19, 0xc
#5960 0 800001bc     c452 m ffffff88   ffffffc0  c.swsp   x20, 0x8
#5961 0 800001be     ce06 m ffffff9c   800001de  c.swsp   x1, 0x1c
#5962 0 800001c0     4785 r 0f         00000001  c.li     x15, 0x1
#5963 0 800001c2     8a2a r 14         ffffffc0  c.mv     x20, x10
#5964 0 800001c4     8932 r 12         ffffffc8  c.mv     x18, x12
#5965 0 800001c6     89ba r 13         ffffffd0  c.mv     x19, x14
#5966 0 800001c8     84ae r 09         00000002  c.mv     x9, x11
#5967 0 800001ca     8436 r 08         ffffffd8  c.mv     x8, x13
#5968 0 800001cc 02f58663 r 00         00000000  beq      x11, x15, . + 0x2c
#5969 0 800001d0     14fd r 09         00000001  c.addi   x9, -0x1
#5970 0 800001d2     85a6 r 0b         00000001  c.mv     x11, x9
#5971 0 800001d4     8552 r 0a         ffffffc0  c.mv     x10, x20
#5972 0 800001d6     8722 r 0e         ffffffd8  c.mv     x14, x8
#5973 0 800001d8     86ce r 0d         ffffffd0  c.mv     x13, x19
#5974 0 800001da     864a r 0c         ffffffc8  c.mv     x12, x18
#5975 0 800001dc     3fd9 r 01         800001de  c.jal    . - 0x2a
#5976 0 800001b2     1101 r 02         ffffff60  c.addi   x2, -0x20
#5977 0 800001b4     cc22 m ffffff78   ffffffd8  c.swsp   x8, 0x18
#5978 0 800001b6     ca26 m ffffff74   00000001  c.swsp   x9, 0x14
#5979 0 800001b8     c84a m ffffff70   ffffffc8  c.swsp   x18, 0x10
#5980 0 800001ba     c64e m ffffff6c   ffffffd0  c.swsp   x19, 0xc
#5981 0 800001bc     c452 m ffffff68   ffffffc0  c.swsp   x20, 0x8
#5982 0 800001be     ce06 m ffffff7c   800001de  c.swsp   x1, 0x1c
#5983 0 800001c0     4785 r 0f         00000001  c.li     x15, 0x1
#5984 0 800001c2     8a2a r 14         ffffffc0  c.mv     x20, x10
#5985 0 800001c4     8932 r 12         ffffffc8  c.mv     x18, x12
#5986 0 800001c6     89ba r 13         ffffffd8  c.mv     x19, x14
#5987 0 800001c8     84ae r 09         00000001  c.mv     x9, x11
#5988 0 800001ca     8436 r 08         ffffffd0  c.mv     x8, x13
#5989 0 800001cc 02f58663 r 00         00000000  beq      x11, x15, . + 0x2c
#5990 0 800001f8     8432 r 08         ffffffc8  c.mv     x8, x12
#5991 0 800001fa     405c r 0f         f0040030  c.lw     x15, 0x4(x8)
#5992 0 800001fc     4014 r 0d         00000003  c.lw     x13, 0x0(x8)
#5993 0 800001fe 004a2703 r 0e         00000078  lw       x14, 0x4(x20)
#5994 0 80000202     43cc r 0b         f0040028  c.lw     x11, 0x4(x15)
#5995 0 80000204     4390 r 0c         00000001  c.lw     x12, 0x0(x15)
#5996 0 80000206     16fd r 0d         00000002  c.addi   x13, -0x1
#5997 0 80000208     c04c m ffffffcc   f0040028  c.sw     x11, 0x4(x8)
#5998 0 8000020a 0049a583 r 0b         f0040018  lw       x11, 0x4(x19)
#5999 0 8000020e     c014 m ffffffc8   00000002  c.sw     x13, 0x0(x8)
#6000 0 80000210 0009a683 r 0d         00000004  lw       x13, 0x0(x19)
#6001 0 80000214     c3cc m f0040034   f0040018  c.sw     x11, 0x4(x15)
#6002 0 80000216 00f9a223 m ffffffdc   f0040030  sw       x15, 0x4(x19)
#6003 0 8000021a     c390 m f0040030   00000001  c.sw     x12, 0x0(x15)
#6004 0 8000021c     40f2 r 01         800001de  c.lwsp   x1, 0x1c
#6005 0 8000021e     4462 r 08         ffffffd8  c.lwsp   x8, 0x18
#6006 0 80000220 00168793 r 0f         00000005  addi     x15, x13, 0x1
#6007 0 80000224 00f9a023 m ffffffd8   00000005  sw       x15, 0x0(x19)
#6008 0 80000228 00170793 r 0f         00000079  addi     x15, x14, 0x1
#6009 0 8000022c 00fa2223 m ffffffc4   00000079  sw       x15, 0x4(x20)
#6010 0 80000230     44d2 r 09         00000001  c.lwsp   x9, 0x14
#6011 0 80000232     4942 r 12         ffffffc8  c.lwsp   x18, 0x10
#6012 0 80000234     49b2 r 13         ffffffd0  c.lwsp   x19, 0xc
#6013 0 80000236     4a22 r 14         ffffffc0  c.lwsp   x20, 0x8
#6014 0 80000238     6105 r 02         ffffff80  c.addi16sp 0x2
#6015 0 8000023a     8082 r 00         00000000  c.jr     x1
#6016 0 800001de     874e r 0e         ffffffd0  c.mv     x14, x19
#6017 0 800001e0     86a2 r 0d         ffffffd8  c.mv     x13, x8
#6018 0 800001e2     864a r 0c         ffffffc8  c.mv     x12, x18
#6019 0 800001e4     4585 r 0b         00000001  c.li     x11, 0x1
#6020 0 800001e6     8552 r 0a         ffffffc0  c.mv     x10, x20
#6021 0 800001e8     37e9 r 01         800001ea  c.jal    . - 0x36
#6022 0 800001b2     1101 r 02         ffffff60  c.addi   x2, -0x20
#6023 0 800001b4     cc22 m ffffff78   ffffffd8  c.swsp   x8, 0x18
#6024 0 800001b6     ca26 m ffffff74   00000001  c.swsp   x9, 0x14
#6025 0 800001b8     c84a m ffffff70   ffffffc8  c.swsp   x18, 0x10
#6026 0 800001ba     c64e m ffffff6c   ffffffd0  c.swsp   x19, 0xc
#6027 0 800001bc     c452 m ffffff68   ffffffc0  c.swsp   x20, 0x8
#6028 0 800001be     ce06 m ffffff7c   800001ea  c.swsp   x1, 0x1c
#6029 0 800001c0     4785 r 0f         00000001  c.li     x15, 0x1
#6030 0 800001c2     8a2a r 14         ffffffc0  c.mv     x20, x10
#6031 0 800001c4     8932 r 12         ffffffc8  c.mv     x18, x12
#6032 0 800001c6     89ba r 13         ffffffd0  c.mv     x19, x14
#6033 0 800001c8     84ae r 09         00000001  c.mv     x9, x11
#6034 0 800001ca     8436 r 08         ffffffd8  c.mv     x8, x13
#6035 0 800001cc 02f58663 r 00         00000000  beq      x11, x15, . + 0x2c
#6036 0 800001f8     8432 r 08         ffffffc8  c.mv     x8, x12
#6037 0 800001fa     405c r 0f         f0040028  c.lw     x15, 0x4(x8)
#6038 0 800001fc     4014 r 0d         00000002  c.lw     x13, 0x0(x8)
#6039 0 800001fe 004a2703 r 0e         00000079  lw       x14, 0x4(x20)
#6040 0 80000202     43cc r 0b         f0040020  c.lw     x11, 0x4(x15)
#6041 0 80000204     4390 r 0c         00000002  c.lw     x12, 0x0(x15)
#6042 0 80000206     16fd r 0d         00000001  c.addi   x13, -0x1
#6043 0 80000208     c04c m ffffffcc   f0040020  c.sw     x11, 0x4(x8)
#6044 0 8000020a 0049a583 r 0b         00000000  lw       x11, 0x4(x19)
#6045 0 8000020e     c014 m ffffffc8   00000001  c.sw     x13, 0x0(x8)
#6046 0 80000210 0009a683 r 0d         00000000  lw       x13, 0x0(x19)
#6047 0 80000214     c3cc m f004002c   00000000  c.sw     x11, 0x4(x15)
#6048 0 80000216 00f9a223 m ffffffd4   f0040028  sw       x15, 0x4(x19)
#6049 0 8000021a     c390 m f0040028   00000002  c.sw     x12, 0x0(x15)
#6050 0 8000021c     40f2 r 01         800001ea  c.lwsp   x1, 0x1c
#6051 0 8000021e     4462 r 08         ffffffd8  c.lwsp   x8, 0x18
#6052 0 80000220 00168793 r 0f         00000001  addi     x15, x13, 0x1
#6053 0 80000224 00f9a023 m ffffffd0   00000001  sw       x15, 0x0(x19)
#6054 0 80000228 00170793 r 0f         0000007a  addi     x15, x14, 0x1
#6055 0 8000022c 00fa2223 m ffffffc4   0000007a  sw       x15, 0x4(x20)
#6056 0 80000230     44d2 r 09         00000001  c.lwsp   x9, 0x14
#6057 0 80000232     4942 r 12         ffffffc8  c.lwsp   x18, 0x10
#6058 0 80000234     49b2 r 13         ffffffd0  c.lwsp   x19, 0xc
#6059 0 80000236     4a22 r 14         ffffffc0  c.lwsp   x20, 0x8
#6060 0 80000238     6105 r 02         ffffff80  c.addi16sp 0x2
#6061 0 8000023a     8082 r 00         00000000  c.jr     x1
#6062 0 800001ea     4785 r 0f         00000001  c.li     x15, 0x1
#6063 0 800001ec     874a r 0e         ffffffc8  c.mv     x14, x18
#6064 0 800001ee 00f48663 r 00         00000000  beq      x9, x15, . + 0xc
#6065 0 800001fa     405c r 0f         f0040030  c.lw     x15, 0x4(x8)
#6066 0 800001fc     4014 r 0d         00000005  c.lw     x13, 0x0(x8)
#6067 0 800001fe 004a2703 r 0e         0000007a  lw       x14, 0x4(x20)
#6068 0 80000202     43cc r 0b         f0040018  c.lw     x11, 0x4(x15)
#6069 0 80000204     4390 r 0c         00000001  c.lw     x12, 0x0(x15)
#6070 0 80000206     16fd r 0d         00000004  c.addi   x13, -0x1
#6071 0 80000208     c04c m ffffffdc   f0040018  c.sw     x11, 0x4(x8)
#6072 0 8000020a 0049a583 r 0b         f0040028  lw       x11, 0x4(x19)
#6073 0 8000020e     c014 m ffffffd8   00000004  c.sw     x13, 0x0(x8)
#6074 0 80000210 0009a683 r 0d         00000001  lw       x13, 0x0(x19)
#6075 0 80000214     c3cc m f0040034   f0040028  c.sw     x11, 0x4(x15)
#6076 0 80000216 00f9a223 m ffffffd4   f0040030  sw       x15, 0x4(x19)
#6077 0 8000021a     c390 m f0040030   00000001  c.sw     x12, 0x0(x15)
#6078 0 8000021c     40f2 r 01         800001de  c.lwsp   x1, 0x1c
#6079 0 8000021e     4462 r 08         ffffffd0  c.lwsp   x8, 0x18
#6080 0 80000220 00168793 r 0f         00000002  addi     x15, x13, 0x1
#6081 0 80000224 00f9a023 m ffffffd0   00000002  sw       x15, 0x0(x19)
#6082 0 80000228 00170793 r 0f         0000007b  addi     x15, x14, 0x1
#6083 0 8000022c 00fa2223 m ffffffc4   0000007b  sw       x15, 0x4(x20)
#6084 0 80000230     44d2 r 09         00000002  c.lwsp   x9, 0x14
#6085 0 80000232     4942 r 12         ffffffc8  c.lwsp   x18, 0x10
#6086 0 80000234     49b2 r 13         ffffffd8  c.lwsp   x19, 0xc
#6087 0 80000236     4a22 r 14         ffffffc0  c.lwsp   x20, 0x8
#6088 0 80000238     6105 r 02         ffffffa0  c.addi16sp 0x2
#6089 0 8000023a     8082 r 00         00000000  c.jr     x1
#6090 0 800001de     874e r 0e         ffffffd8  c.mv     x14, x19
#6091 0 800001e0     86a2 r 0d         ffffffd0  c.mv     x13, x8
#6092 0 800001e2     864a r 0c         ffffffc8  c.mv     x12, x18
#6093 0 800001e4     4585 r 0b         00000001  c.li     x11, 0x1
#6094 0 800001e6     8552 r 0a         ffffffc0  c.mv     x10, x20
#6095 0 800001e8     37e9 r 01         800001ea  c.jal    . - 0x36
#6096 0 800001b2     1101 r 02         ffffff80  c.addi   x2, -0x20
#6097 0 800001b4     cc22 m ffffff98   ffffffd0  c.swsp   x8, 0x18
#6098 0 800001b6     ca26 m ffffff94   00000002  c.swsp   x9, 0x14
#6099 0 800001b8     c84a m ffffff90   ffffffc8  c.swsp   x18, 0x10
#6100 0 800001ba     c64e m ffffff8c   ffffffd8  c.swsp   x19, 0xc
#6101 0 800001bc     c452 m ffffff88   ffffffc0  c.swsp   x20, 0x8
#6102 0 800001be     ce06 m ffffff9c   800001ea  c.swsp   x1, 0x1c
#6103 0 800001c0     4785 r 0f         00000001  c.li     x15, 0x1
#6104 0 800001c2     8a2a r 14         ffffffc0  c.mv     x20, x10
#6105 0 800001c4     8932 r 12         ffffffc8  c.mv     x18, x12
#6106 0 800001c6     89ba r 13         ffffffd8  c.mv     x19, x14
#6107 0 800001c8     84ae r 09         00000001  c.mv     x9, x11
#6108 0 800001ca     8436 r 08         ffffffd0  c.mv     x8, x13
#6109 0 800001cc 02f58663 r 00         00000000  beq      x11, x15, . + 0x2c
#6110 0 800001f8     8432 r 08         ffffffc8  c.mv     x8, x12
#6111 0 800001fa     405c r 0f         f0040020  c.lw     x15, 0x4(x8)
#6112 0 800001fc     4014 r 0d         00000001  c.lw     x13, 0x0(x8)
#6113 0 800001fe 004a2703 r 0e         0000007b  lw       x14, 0x4(x20)
#6114 0 80000202     43cc r 0b         00000000  c.lw     x11, 0x4(x15)
#6115 0 80000204     4390 r 0c         00000003  c.lw     x12, 0x0(x15)
#6116 0 80000206     16fd r 0d         00000000  c.addi   x13, -0x1
#6117 0 80000208     c04c m ffffffcc   00000000  c.sw     x11, 0x4(x8)
#6118 0 8000020a 0049a583 r 0b         f0040018  lw       x11, 0x4(x19)
#6119 0 8000020e     c014 m ffffffc8   00000000  c.sw     x13, 0x0(x8)
#6120 0 80000210 0009a683 r 0d         00000004  lw       x13, 0x0(x19)
#6121 0 80000214     c3cc m f0040024   f0040018  c.sw     x11, 0x4(x15)
#6122 0 80000216 00f9a223 m ffffffdc   f0040020  sw       x15, 0x4(x19)
#6123 0 8000021a     c390 m f0040020   00000003  c.sw     x12, 0x0(x15)
#6124 0 8000021c     40f2 r 01         800001ea  c.lwsp   x1, 0x1c
#6125 0 8000021e     4462 r 08         ffffffd0  c.lwsp   x8, 0x18
#6126 0 80000220 00168793 r 0f         00000005  addi     x15, x13, 0x1
#6127 0 80000224 00f9a023 m ffffffd8   00000005  sw       x15, 0x0(x19)
#6128 0 80000228 00170793 r 0f         0000007c  addi     x15, x14, 0x1
#6129 0 8000022c 00fa2223 m ffffffc4   0000007c  sw       x15, 0x4(x20)
#6130 0 80000230     44d2 r 09         00000002  c.lwsp   x9, 0x14
#6131 0 80000232     4942 r 12         ffffffc8  c.lwsp   x18, 0x10
#6132 0 80000234     49b2 r 13         ffffffd8  c.lwsp   x19, 0xc
#6133 0 80000236     4a22 r 14         ffffffc0  c.lwsp   x20, 0x8
#6134 0 80000238     6105 r 02         ffffffa0  c.addi16sp 0x2
#6135 0 8000023a     8082 r 00         00000000  c.jr     x1
#6136 0 800001ea     4785 r 0f         00000001  c.li     x15, 0x1
#6137 0 800001ec     874a r 0e         ffffffc8  c.mv     x14, x18
#6138 0 800001ee 00f48663 r 00         00000000  beq      x9, x15, . + 0xc
#6139 0 800001f2     8922 r 12         ffffffd0  c.mv     x18, x8
#6140 0 800001f4     843a r 08         ffffffc8  c.mv     x8, x14
#6141 0 800001f6     bfe9 r 00         00000000  c.j      . - 0x26
#6142 0 800001d0     14fd r 09         00000001  c.addi   x9, -0x1
#6143 0 800001d2     85a6 r 0b         00000001  c.mv     x11, x9
#6144 0 800001d4     8552 r 0a         ffffffc0  c.mv     x10, x20
#6145 0 800001d6     8722 r 0e         ffffffc8  c.mv     x14, x8
#6146 0 800001d8     86ce r 0d         ffffffd8  c.mv     x13, x19
#6147 0 800001da     864a r 0c         ffffffd0  c.mv     x12, x18
#6148 0 800001dc     3fd9 r 01         800001de  c.jal    . - 0x2a
#6149 0 800001b2     1101 r 02         ffffff80  c.addi   x2, -0x20
#6150 0 800001b4     cc22 m ffffff98   ffffffc8  c.swsp   x8, 0x18
#6151 0 800001b6     ca26 m ffffff94   00000001  c.swsp   x9, 0x14
#6152 0 800001b8     c84a m ffffff90   ffffffd0  c.swsp   x18, 0x10
#6153 0 800001ba     c64e m ffffff8c   ffffffd8  c.swsp   x19, 0xc
#6154 0 800001bc     c452 m ffffff88   ffffffc0  c.swsp   x20, 0x8
#6155 0 800001be     ce06 m ffffff9c   800001de  c.swsp   x1, 0x1c
#6156 0 800001c0     4785 r 0f         00000001  c.li     x15, 0x1
#6157 0 800001c2     8a2a r 14         ffffffc0  c.mv     x20, x10
#6158 0 800001c4     8932 r 12         ffffffd0  c.mv     x18, x12
#6159 0 800001c6     89ba r 13         ffffffc8  c.mv     x19, x14
#6160 0 800001c8     84ae r 09         00000001  c.mv     x9, x11
#6161 0 800001ca     8436 r 08         ffffffd8  c.mv     x8, x13
#6162 0 800001cc 02f58663 r 00         00000000  beq      x11, x15, . + 0x2c
#6163 0 800001f8     8432 r 08         ffffffd0  c.mv     x8, x12
#6164 0 800001fa     405c r 0f         f0040030  c.lw     x15, 0x4(x8)
#6165 0 800001fc     4014 r 0d         00000002  c.lw     x13, 0x0(x8)
#6166 0 800001fe 004a2703 r 0e         0000007c  lw       x14, 0x4(x20)
#6167 0 80000202     43cc r 0b         f0040028  c.lw     x11, 0x4(x15)
#6168 0 80000204     4390 r 0c         00000001  c.lw     x12, 0x0(x15)
#6169 0 80000206     16fd r 0d         00000001  c.addi   x13, -0x1
#6170 0 80000208     c04c m ffffffd4   f0040028  c.sw     x11, 0x4(x8)
#6171 0 8000020a 0049a583 r 0b         00000000  lw       x11, 0x4(x19)
#6172 0 8000020e     c014 m ffffffd0   00000001  c.sw     x13, 0x0(x8)
#6173 0 80000210 0009a683 r 0d         00000000  lw       x13, 0x0(x19)
#6174 0 80000214     c3cc m f0040034   00000000  c.sw     x11, 0x4(x15)
#6175 0 80000216 00f9a223 m ffffffcc   f0040030  sw       x15, 0x4(x19)
#6176 0 8000021a     c390 m f0040030   00000001  c.sw     x12, 0x0(x15)
#6177 0 8000021c     40f2 r 01         800001de  c.lwsp   x1, 0x1c
#6178 0 8000021e     4462 r 08         ffffffc8  c.lwsp   x8, 0x18
#6179 0 80000220 00168793 r 0f         00000001  addi     x15, x13, 0x1
#6180 0 80000224 00f9a023 m ffffffc8   00000001  sw       x15, 0x0(x19)
#6181 0 80000228 00170793 r 0f         0000007d  addi     x15, x14, 0x1
#6182 0 8000022c 00fa2223 m ffffffc4   0000007d  sw       x15, 0x4(x20)
#6183 0 80000230     44d2 r 09         00000001  c.lwsp   x9, 0x14
#6184 0 80000232     4942 r 12         ffffffd0  c.lwsp   x18, 0x10
#6185 0 80000234     49b2 r 13         ffffffd8  c.lwsp   x19, 0xc
#6186 0 80000236     4a22 r 14         ffffffc0  c.lwsp   x20, 0x8
#6187 0 80000238     6105 r 02         ffffffa0  c.addi16sp 0x2
#6188 0 8000023a     8082 r 00         00000000  c.jr     x1
#6189 0 800001de     874e r 0e         ffffffd8  c.mv     x14, x19
#6190 0 800001e0     86a2 r 0d         ffffffc8  c.mv     x13, x8
#6191 0 800001e2     864a r 0c         ffffffd0  c.mv     x12, x18
#6192 0 800001e4     4585 r 0b         00000001  c.li     x11, 0x1
#6193 0 800001e6     8552 r 0a         ffffffc0  c.mv     x10, x20
#6194 0 800001e8     37e9 r 01         800001ea  c.jal    . - 0x36
#6195 0 800001b2     1101 r 02         ffffff80  c.addi   x2, -0x20
#6196 0 800001b4     cc22 m ffffff98   ffffffc8  c.swsp   x8, 0x18
#6197 0 800001b6     ca26 m ffffff94   00000001  c.swsp   x9, 0x14
#6198 0 800001b8     c84a m ffffff90   ffffffd0  c.swsp   x18, 0x10
#6199 0 800001ba     c64e m ffffff8c   ffffffd8  c.swsp   x19, 0xc
#6200 0 800001bc     c452 m ffffff88   ffffffc0  c.swsp   x20, 0x8
#6201 0 800001be     ce06 m ffffff9c   800001ea  c.swsp   x1, 0x1c
#6202 0 800001c0     4785 r 0f         00000001  c.li     x15, 0x1
#6203 0 800001c2     8a2a r 14         ffffffc0  c.mv     x20, x10
#6204 0 800001c4     8932 r 12         ffffffd0  c.mv     x18, x12
#6205 0 800001c6     89ba r 13         ffffffd8  c.mv     x19, x14
#6206 0 800001c8     84ae r 09         00000001  c.mv     x9, x11
#6207 0 800001ca     8436 r 08         ffffffc8  c.mv     x8, x13
#6208 0 800001cc 02f58663 r 00         00000000  beq      x11, x15, . + 0x2c
#6209 0 800001f8     8432 r 08         ffffffd0  c.mv     x8, x12
#6210 0 800001fa     405c r 0f         f0040028  c.lw     x15, 0x4(x8)
#6211 0 800001fc     4014 r 0d         00000001  c.lw     x13, 0x0(x8)
#6212 0 800001fe 004a2703 r 0e         0000007d  lw       x14, 0x4(x20)
#6213 0 80000202     43cc r 0b         00000000  c.lw     x11, 0x4(x15)
#6214 0 80000204     4390 r 0c         00000002  c.lw     x12, 0x0(x15)
#6215 0 80000206     16fd r 0d         00000000  c.addi   x13, -0x1
#6216 0 80000208     c04c m ffffffd4   00000000  c.sw     x11, 0x4(x8)
#6217 0 8000020a 0049a583 r 0b         f0040020  lw       x11, 0x4(x19)
#6218 0 8000020e     c014 m ffffffd0   00000000  c.sw     x13, 0x0(x8)
#6219 0 80000210 0009a683 r 0d         00000005  lw       x13, 0x0(x19)
#6220 0 80000214     c3cc m f004002c   f0040020  c.sw     x11, 0x4(x15)
#6221 0 80000216 00f9a223 m ffffffdc   f0040028  sw       x15, 0x4(x19)
#6222 0 8000021a     c390 m f0040028   00000002  c.sw     x12, 0x0(x15)
#6223 0 8000021c     40f2 r 01         800001ea  c.lwsp   x1, 0x1c
#6224 0 8000021e     4462 r 08         ffffffc8  c.lwsp   x8, 0x18
#6225 0 80000220 00168793 r 0f         00000006  addi     x15, x13, 0x1
#6226 0 80000224 00f9a023 m ffffffd8   00000006  sw       x15, 0x0(x19)
#6227 0 80000228 00170793 r 0f         0000007e  addi     x15, x14, 0x1
#6228 0 8000022c 00fa2223 m ffffffc4   0000007e  sw       x15, 0x4(x20)
#6229 0 80000230     44d2 r 09         00000001  c.lwsp   x9, 0x14
#6230 0 80000232     4942 r 12         ffffffd0  c.lwsp   x18, 0x10
#6231 0 80000234     49b2 r 13         ffffffd8  c.lwsp   x19, 0xc
#6232 0 80000236     4a22 r 14         ffffffc0  c.lwsp   x20, 0x8
#6233 0 80000238     6105 r 02         ffffffa0  c.addi16sp 0x2
#6234 0 8000023a     8082 r 00         00000000  c.jr     x1
#6235 0 800001ea     4785 r 0f         00000001  c.li     x15, 0x1
#6236 0 800001ec     874a r 0e         ffffffd0  c.mv     x14, x18
#6237 0 800001ee 00f48663 r 00         00000000  beq      x9, x15, . + 0xc
#6238 0 800001fa     405c r 0f         f0040030  c.lw     x15, 0x4(x8)
#6239 0 800001fc     4014 r 0d         00000001  c.lw     x13, 0x0(x8)
#6240 0 800001fe 004a2703 r 0e         0000007e  lw       x14, 0x4(x20)
#6241 0 80000202     43cc r 0b         00000000  c.lw     x11, 0x4(x15)
#6242 0 80000204     4390 r 0c         00000001  c.lw     x12, 0x0(x15)
#6243 0 80000206     16fd r 0d         00000000  c.addi   x13, -0x1
#6244 0 80000208     c04c m ffffffcc   00000000  c.sw     x11, 0x4(x8)
#6245 0 8000020a 0049a583 r 0b         f0040028  lw       x11, 0x4(x19)
#6246 0 8000020e     c014 m ffffffc8   00000000  c.sw     x13, 0x0(x8)
#6247 0 80000210 0009a683 r 0d         00000006  lw       x13, 0x0(x19)
#6248 0 80000214     c3cc m f0040034   f0040028  c.sw     x11, 0x4(x15)
#6249 0 80000216 00f9a223 m ffffffdc   f0040030  sw       x15, 0x4(x19)
#6250 0 8000021a     c390 m f0040030   00000001  c.sw     x12, 0x0(x15)
#6251 0 8000021c     40f2 r 01         80000330  c.lwsp   x1, 0x1c
#6252 0 8000021e     4462 r 08         00000000  c.lwsp   x8, 0x18
#6253 0 80000220 00168793 r 0f         00000007  addi     x15, x13, 0x1
#6254 0 80000224 00f9a023 m ffffffd8   00000007  sw       x15, 0x0(x19)
#6255 0 80000228 00170793 r 0f         0000007f  addi     x15, x14, 0x1
#6256 0 8000022c 00fa2223 m ffffffc4   0000007f  sw       x15, 0x4(x20)
#6257 0 80000230     44d2 r 09         00000000  c.lwsp   x9, 0x14
#6258 0 80000232     4942 r 12         00000000  c.lwsp   x18, 0x10
#6259 0 80000234     49b2 r 13         00000000  c.lwsp   x19, 0xc
#6260 0 80000236     4a22 r 14         00000000  c.lwsp   x20, 0x8
#6261 0 80000238     6105 r 02         ffffffc0  c.addi16sp 0x2
#6262 0 8000023a     8082 r 00         00000000  c.jr     x1
#6263 0 80000330     850a r 0a         ffffffc0  c.mv     x10, x2
#6264 0 80000332     33c9 r 01         80000334  c.jal    . - 0x23e
#6265 0 800000f4     4518 r 0e         00000000  c.lw     x14, 0x8(x10)
#6266 0 800000f6 02e05363 r 00         00000000  bge      x0, x14, . + 0x26
#6267 0 8000011c     4918 r 0e         00000000  c.lw     x14, 0x10(x10)
#6268 0 8000011e 02e05363 r 00         00000000  bge      x0, x14, . + 0x26
#6269 0 80000144     4d18 r 0e         00000007  c.lw     x14, 0x18(x10)
#6270 0 80000146 02e05063 r 00         00000000  bge      x0, x14, . + 0x20
#6271 0 8000014a 70040597 r 0b         f004014a  auipc    x11, 0x70040
#6272 0 8000014e eee58593 r 0b         f0040038  addi     x11, x11, -0x112
#6273 0 80000152     4d5c r 0f         f0040030  c.lw     x15, 0x1c(x10)
#6274 0 80000154     41d4 r 0d         00000000  c.lw     x13, 0x4(x11)
#6275 0 80000156     a011 r 00         00000000  c.j      . + 0x4
#6276 0 8000015a     43d0 r 0c         f0040028  c.lw     x12, 0x4(x15)
#6277 0 8000015c     177d r 0e         00000006  c.addi   x14, -0x1
#6278 0 8000015e     c3d4 m f0040034   00000000  c.sw     x13, 0x4(x15)
#6279 0 80000160     86be r 0d         f0040030  c.mv     x13, x15
#6280 0 80000162     fb7d r 00         00000000  c.bnez   x14, . - 0xa
#6281 0 80000158     87b2 r 0f         f0040028  c.mv     x15, x12
#6282 0 8000015a     43d0 r 0c         f0040020  c.lw     x12, 0x4(x15)
#6283 0 8000015c     177d r 0e         00000005  c.addi   x14, -0x1
#6284 0 8000015e     c3d4 m f004002c   f0040030  c.sw     x13, 0x4(x15)
#6285 0 80000160     86be r 0d         f0040028  c.mv     x13, x15
#6286 0 80000162     fb7d r 00         00000000  c.bnez   x14, . - 0xa
#6287 0 80000158     87b2 r 0f         f0040020  c.mv     x15, x12
#6288 0 8000015a     43d0 r 0c         f0040018  c.lw     x12, 0x4(x15)
#6289 0 8000015c     177d r 0e         00000004  c.addi   x14, -0x1
#6290 0 8000015e     c3d4 m f0040024   f0040028  c.sw     x13, 0x4(x15)
#6291 0 80000160     86be r 0d         f0040020  c.mv     x13, x15
#6292 0 80000162     fb7d r 00         00000000  c.bnez   x14, . - 0xa
#6293 0 80000158     87b2 r 0f         f0040018  c.mv     x15, x12
#6294 0 8000015a     43d0 r 0c         f0040010  c.lw     x12, 0x4(x15)
#6295 0 8000015c     177d r 0e         00000003  c.addi   x14, -0x1
#6296 0 8000015e     c3d4 m f004001c   f0040020  c.sw     x13, 0x4(x15)
#6297 0 80000160     86be r 0d         f0040018  c.mv     x13, x15
#6298 0 80000162     fb7d r 00         00000000  c.bnez   x14, . - 0xa
#6299 0 80000158     87b2 r 0f         f0040010  c.mv     x15, x12
#6300 0 8000015a     43d0 r 0c         f0040008  c.lw     x12, 0x4(x15)
#6301 0 8000015c     177d r 0e         00000002  c.addi   x14, -0x1
#6302 0 8000015e     c3d4 m f0040014   f0040018  c.sw     x13, 0x4(x15)
#6303 0 80000160     86be r 0d         f0040010  c.mv     x13, x15
#6304 0 80000162     fb7d r 00         00000000  c.bnez   x14, . - 0xa
#6305 0 80000158     87b2 r 0f         f0040008  c.mv     x15, x12
#6306 0 8000015a     43d0 r 0c         f0040000  c.lw     x12, 0x4(x15)
#6307 0 8000015c     177d r 0e         00000001  c.addi   x14, -0x1
#6308 0 8000015e     c3d4 m f004000c   f0040010  c.sw     x13, 0x4(x15)
#6309 0 80000160     86be r 0d         f0040008  c.mv     x13, x15
#6310 0 80000162     fb7d r 00         00000000  c.bnez   x14, . - 0xa
#6311 0 80000158     87b2 r 0f         f0040000  c.mv     x15, x12
#6312 0 8000015a     43d0 r 0c         00000000  c.lw     x12, 0x4(x15)
#6313 0 8000015c     177d r 0e         00000000  c.addi   x14, -0x1
#6314 0 8000015e     c3d4 m f0040004   f0040008  c.sw     x13, 0x4(x15)
#6315 0 80000160     86be r 0d         f0040000  c.mv     x13, x15
#6316 0 80000162     fb7d r 00         00000000  c.bnez   x14, . - 0xa
#6317 0 80000164     c1dc m f004003c   f0040000  c.sw     x15, 0x4(x11)
#6318 0 80000166 00052803 r 10         00000007  lw       x16, 0x0(x10)
#6319 0 8000016a 00052223 m ffffffc4   00000000  sw       x0, 0x4(x10)
#6320 0 8000016e 00052423 m ffffffc8   00000000  sw       x0, 0x8(x10)
#6321 0 80000172 00052623 m ffffffcc   00000000  sw       x0, 0xc(x10)
#6322 0 80000176 00052823 m ffffffd0   00000000  sw       x0, 0x10(x10)
#6323 0 8000017a 00052a23 m ffffffd4   00000000  sw       x0, 0x14(x10)
#6324 0 8000017e 00052c23 m ffffffd8   00000000  sw       x0, 0x18(x10)
#6325 0 80000182 00052e23 m ffffffdc   00000000  sw       x0, 0x1c(x10)
#6326 0 80000186 03005563 r 00         00000000  bge      x0, x16, . + 0x2a
#6327 0 8000018a 70040597 r 0b         f004018a  auipc    x11, 0x70040
#6328 0 8000018e eae58593 r 0b         f0040038  addi     x11, x11, -0x152
#6329 0 80000192     41dc r 0f         f0040000  c.lw     x15, 0x4(x11)
#6330 0 80000194     8742 r 0e         00000007  c.mv     x14, x16
#6331 0 80000196     4681 r 0d         00000000  c.li     x13, 0x0
#6332 0 80000198     a011 r 00         00000000  c.j      . + 0x4
#6333 0 8000019c     43d0 r 0c         f0040008  c.lw     x12, 0x4(x15)
#6334 0 8000019e     c398 m f0040000   00000007  c.sw     x14, 0x0(x15)
#6335 0 800001a0     c3d4 m f0040004   00000000  c.sw     x13, 0x4(x15)
#6336 0 800001a2     177d r 0e         00000006  c.addi   x14, -0x1
#6337 0 800001a4     86be r 0d         f0040000  c.mv     x13, x15
#6338 0 800001a6     fb75 r 00         00000000  c.bnez   x14, . - 0xc
#6339 0 8000019a     87b2 r 0f         f0040008  c.mv     x15, x12
#6340 0 8000019c     43d0 r 0c         f0040010  c.lw     x12, 0x4(x15)
#6341 0 8000019e     c398 m f0040008   00000006  c.sw     x14, 0x0(x15)
#6342 0 800001a0     c3d4 m f004000c   f0040000  c.sw     x13, 0x4(x15)
#6343 0 800001a2     177d r 0e         00000005  c.addi   x14, -0x1
#6344 0 800001a4     86be r 0d         f0040008  c.mv     x13, x15
#6345 0 800001a6     fb75 r 00         00000000  c.bnez   x14, . - 0xc
#6346 0 8000019a     87b2 r 0f         f0040010  c.mv     x15, x12
#6347 0 8000019c     43d0 r 0c         f0040018  c.lw     x12, 0x4(x15)
#6348 0 8000019e     c398 m f0040010   00000005  c.sw     x14, 0x0(x15)
#6349 0 800001a0     c3d4 m f0040014   f0040008  c.sw     x13, 0x4(x15)
#6350 0 800001a2     177d r 0e         00000004  c.addi   x14, -0x1
#6351 0 800001a4     86be r 0d         f0040010  c.mv     x13, x15
#6352 0 800001a6     fb75 r 00         00000000  c.bnez   x14, . - 0xc
#6353 0 8000019a     87b2 r 0f         f0040018  c.mv     x15, x12
#6354 0 8000019c     43d0 r 0c         f0040020  c.lw     x12, 0x4(x15)
#6355 0 8000019e     c398 m f0040018   00000004  c.sw     x14, 0x0(x15)
#6356 0 800001a0     c3d4 m f004001c   f0040010  c.sw     x13, 0x4(x15)
#6357 0 800001a2     177d r 0e         00000003  c.addi   x14, -0x1
#6358 0 800001a4     86be r 0d         f0040018  c.mv     x13, x15
#6359 0 800001a6     fb75 r 00         00000000  c.bnez   x14, . - 0xc
#6360 0 8000019a     87b2 r 0f         f0040020  c.mv     x15, x12
#6361 0 8000019c     43d0 r 0c         f0040028  c.lw     x12, 0x4(x15)
#6362 0 8000019e     c398 m f0040020   00000003  c.sw     x14, 0x0(x15)
#6363 0 800001a0     c3d4 m f0040024   f0040018  c.sw     x13, 0x4(x15)
#6364 0 800001a2     177d r 0e         00000002  c.addi   x14, -0x1
#6365 0 800001a4     86be r 0d         f0040020  c.mv     x13, x15
#6366 0 800001a6     fb75 r 00         00000000  c.bnez   x14, . - 0xc
#6367 0 8000019a     87b2 r 0f         f0040028  c.mv     x15, x12
#6368 0 8000019c     43d0 r 0c         f0040030  c.lw     x12, 0x4(x15)
#6369 0 8000019e     c398 m f0040028   00000002  c.sw     x14, 0x0(x15)
#6370 0 800001a0     c3d4 m f004002c   f0040020  c.sw     x13, 0x4(x15)
#6371 0 800001a2     177d r 0e         00000001  c.addi   x14, -0x1
#6372 0 800001a4     86be r 0d         f0040028  c.mv     x13, x15
#6373 0 800001a6     fb75 r 00         00000000  c.bnez   x14, . - 0xc
#6374 0 8000019a     87b2 r 0f         f0040030  c.mv     x15, x12
#6375 0 8000019c     43d0 r 0c         00000000  c.lw     x12, 0x4(x15)
#6376 0 8000019e     c398 m f0040030   00000001  c.sw     x14, 0x0(x15)
#6377 0 800001a0     c3d4 m f0040034   f0040028  c.sw     x13, 0x4(x15)
#6378 0 800001a2     177d r 0e         00000000  c.addi   x14, -0x1
#6379 0 800001a4     86be r 0d         f0040030  c.mv     x13, x15
#6380 0 800001a6     fb75 r 00         00000000  c.bnez   x14, . - 0xc
#6381 0 800001a8     c1d0 m f004003c   00000000  c.sw     x12, 0x4(x11)
#6382 0 800001aa     c55c m ffffffcc   f0040030  c.sw     x15, 0xc(x10)
#6383 0 800001ac 01052423 m ffffffc8   00000007  sw       x16, 0x8(x10)
#6384 0 800001b0     8082 r 00         00000000  c.jr     x1
#6385 0 80000334     4582 r 0b         00000007  c.lwsp   x11, 0x0
#6386 0 80000336     850a r 0a         ffffffc0  c.mv     x10, x2
#6387 0 80000338     0838 r 0e         ffffffd8  c.addi4spn  x14, 0x6
#6388 0 8000033a     0814 r 0d         ffffffd0  c.addi4spn  x13, 0x4
#6389 0 8000033c     0030 r 0c         ffffffc8  c.addi4spn  x12, 0x2
#6390 0 8000033e     3d95 r 01         80000340  c.jal    . - 0x18c
#6391 0 800001b2     1101 r 02         ffffffa0  c.addi   x2, -0x20
#6392 0 800001b4     cc22 m ffffffb8   00000000  c.swsp   x8, 0x18
#6393 0 800001b6     ca26 m ffffffb4   00000000  c.swsp   x9, 0x14
#6394 0 800001b8     c84a m ffffffb0   00000000  c.swsp   x18, 0x10
#6395 0 800001ba     c64e m ffffffac   00000000  c.swsp   x19, 0xc
#6396 0 800001bc     c452 m ffffffa8   00000000  c.swsp   x20, 0x8
#6397 0 800001be     ce06 m ffffffbc   80000340  c.swsp   x1, 0x1c
#6398 0 800001c0     4785 r 0f         00000001  c.li     x15, 0x1
#6399 0 800001c2     8a2a r 14         ffffffc0  c.mv     x20, x10
#6400 0 800001c4     8932 r 12         ffffffc8  c.mv     x18, x12
#6401 0 800001c6     89ba r 13         ffffffd8  c.mv     x19, x14
#6402 0 800001c8     84ae r 09         00000007  c.mv     x9, x11
#6403 0 800001ca     8436 r 08         ffffffd0  c.mv     x8, x13
#6404 0 800001cc 02f58663 r 00         00000000  beq      x11, x15, . + 0x2c
#6405 0 800001d0     14fd r 09         00000006  c.addi   x9, -0x1
#6406 0 800001d2     85a6 r 0b         00000006  c.mv     x11, x9
#6407 0 800001d4     8552 r 0a         ffffffc0  c.mv     x10, x20
#6408 0 800001d6     8722 r 0e         ffffffd0  c.mv     x14, x8
#6409 0 800001d8     86ce r 0d         ffffffd8  c.mv     x13, x19
#6410 0 800001da     864a r 0c         ffffffc8  c.mv     x12, x18
#6411 0 800001dc     3fd9 r 01         800001de  c.jal    . - 0x2a
#6412 0 800001b2     1101 r 02         ffffff80  c.addi   x2, -0x20
#6413 0 800001b4     cc22 m ffffff98   ffffffd0  c.swsp   x8, 0x18
#6414 0 800001b6     ca26 m ffffff94   00000006  c.swsp   x9, 0x14
#6415 0 800001b8     c84a m ffffff90   ffffffc8  c.swsp   x18, 0x10
#6416 0 800001ba     c64e m ffffff8c   ffffffd8  c.swsp   x19, 0xc
#6417 0 800001bc     c452 m ffffff88   ffffffc0  c.swsp   x20, 0x8
#6418 0 800001be     ce06 m ffffff9c   800001de  c.swsp   x1, 0x1c
#6419 0 800001c0     4785 r 0f         00000001  c.li     x15, 0x1
#6420 0 800001c2     8a2a r 14         ffffffc0  c.mv     x20, x10
#6421 0 800001c4     8932 r 12         ffffffc8  c.mv     x18, x12
#6422 0 800001c6     89ba r 13         ffffffd0  c.mv     x19, x14
#6423 0 800001c8     84ae r 09         00000006  c.mv     x9, x11
#6424 0 800001ca     8436 r 08         ffffffd8  c.mv     x8, x13
#6425 0 800001cc 02f58663 r 00         00000000  beq      x11, x15, . + 0x2c
#6426 0 800001d0     14fd r 09         00000005  c.addi   x9, -0x1
#6427 0 800001d2     85a6 r 0b         00000005  c.mv     x11, x9
#6428 0 800001d4     8552 r 0a         ffffffc0  c.mv     x10, x20
#6429 0 800001d6     8722 r 0e         ffffffd8  c.mv     x14, x8
#6430 0 800001d8     86ce r 0d         ffffffd0  c.mv     x13, x19
#6431 0 800001da     864a r 0c         ffffffc8  c.mv     x12, x18
#6432 0 800001dc     3fd9 r 01         800001de  c.jal    . - 0x2a
#6433 0 800001b2     1101 r 02         ffffff60  c.addi   x2, -0x20
#6434 0 800001b4     cc22 m ffffff78   ffffffd8  c.swsp   x8, 0x18
#6435 0 800001b6     ca26 m ffffff74   00000005  c.swsp   x9, 0x14
#6436 0 800001b8     c84a m ffffff70   ffffffc8  c.swsp   x18, 0x10
#6437 0 800001ba     c64e m ffffff6c   ffffffd0  c.swsp   x19, 0xc
#6438 0 800001bc     c452 m ffffff68   ffffffc0  c.swsp   x20, 0x8
#6439 0 800001be     ce06 m ffffff7c   800001de  c.swsp   x1, 0x1c
#6440 0 800001c0     4785 r 0f         00000001  c.li     x15, 0x1
#6441 0 800001c2     8a2a r 14         ffffffc0  c.mv     x20, x10
#6442 0 800001c4     8932 r 12         ffffffc8  c.mv     x18, x12
#6443 0 800001c6     89ba r 13         ffffffd8  c.mv     x19, x14
#6444 0 800001c8     84ae r 09         00000005  c.mv     x9, x11
#6445 0 800001ca     8436 r 08         ffffffd0  c.mv     x8, x13
#6446 0 800001cc 02f58663 r 00         00000000  beq      x11, x15, . + 0x2c
#6447 0 800001d0     14fd r 09         00000004  c.addi   x9, -0x1
#6448 0 800001d2     85a6 r 0b         00000004  c.mv     x11, x9
#6449 0 800001d4     8552 r 0a         ffffffc0  c.mv     x10, x20
#6450 0 800001d6     8722 r 0e         ffffffd0  c.mv     x14, x8
#6451 0 800001d8     86ce r 0d         ffffffd8  c.mv     x13, x19
#6452 0 800001da     864a r 0c         ffffffc8  c.mv     x12, x18
#6453 0 800001dc     3fd9 r 01         800001de  c.jal    . - 0x2a
#6454 0 800001b2     1101 r 02         ffffff40  c.addi   x2, -0x20
#6455 0 800001b4     cc22 m ffffff58   ffffffd0  c.swsp   x8, 0x18
#6456 0 800001b6     ca26 m ffffff54   00000004  c.swsp   x9, 0x14
#6457 0 800001b8     c84a m ffffff50   ffffffc8  c.swsp   x18, 0x10
#6458 0 800001ba     c64e m ffffff4c   ffffffd8  c.swsp   x19, 0xc
#6459 0 800001bc     c452 m ffffff48   ffffffc0  c.swsp   x20, 0x8
#6460 0 800001be     ce06 m ffffff5c   800001de  c.swsp   x1, 0x1c
#6461 0 800001c0     4785 r 0f         00000001  c.li     x15, 0x1
#6462 0 800001c2     8a2a r 14         ffffffc0  c.mv     x20, x10
#6463 0 800001c4     8932 r 12         ffffffc8  c.mv     x18, x12
#6464 0 800001c6     89ba r 13         ffffffd0  c.mv     x19, x14
#6465 0 800001c8     84ae r 09         00000004  c.mv     x9, x11
#6466 0 800001ca     8436 r 08         ffffffd8  c.mv     x8, x13
#6467 0 800001cc 02f58663 r 00         00000000  beq      x11, x15, . + 0x2c
#6468 0 800001d0     14fd r 09         00000003  c.addi   x9, -0x1
#6469 0 800001d2     85a6 r 0b         00000003  c.mv     x11, x9
#6470 0 800001d4     8552 r 0a         ffffffc0  c.mv     x10, x20
#6471 0 800001d6     8722 r 0e         ffffffd8  c.mv     x14, x8
#6472 0 800001d8     86ce r 0d         ffffffd0  c.mv     x13, x19
#6473 0 800001da     864a r 0c         ffffffc8  c.mv     x12, x18
#6474 0 800001dc     3fd9 r 01         800001de  c.jal    . - 0x2a
#6475 0 800001b2     1101 r 02         ffffff20  c.addi   x2, -0x20
#6476 0 800001b4     cc22 m ffffff38   ffffffd8  c.swsp   x8, 0x18
#6477 0 800001b6     ca26 m ffffff34   00000003  c.swsp   x9, 0x14
#6478 0 800001b8     c84a m ffffff30   ffffffc8  c.swsp   x18, 0x10
#6479 0 800001ba     c64e m ffffff2c   ffffffd0  c.swsp   x19, 0xc
#6480 0 800001bc     c452 m ffffff28   ffffffc0  c.swsp   x20, 0x8
#6481 0 800001be     ce06 m ffffff3c   800001de  c.swsp   x1, 0x1c
#6482 0 800001c0     4785 r 0f         00000001  c.li     x15, 0x1
#6483 0 800001c2     8a2a r 14         ffffffc0  c.mv     x20, x10
#6484 0 800001c4     8932 r 12         ffffffc8  c.mv     x18, x12
#6485 0 800001c6     89ba r 13         ffffffd8  c.mv     x19, x14
#6486 0 800001c8     84ae r 09         00000003  c.mv     x9, x11
#6487 0 800001ca     8436 r 08         ffffffd0  c.mv     x8, x13
#6488 0 800001cc 02f58663 r 00         00000000  beq      x11, x15, . + 0x2c
#6489 0 800001d0     14fd r 09         00000002  c.addi   x9, -0x1
#6490 0 800001d2     85a6 r 0b         00000002  c.mv     x11, x9
#6491 0 800001d4     8552 r 0a         ffffffc0  c.mv     x10, x20
#6492 0 800001d6     8722 r 0e         ffffffd0  c.mv     x14, x8
#6493 0 800001d8     86ce r 0d         ffffffd8  c.mv     x13, x19
#6494 0 800001da     864a r 0c         ffffffc8  c.mv     x12, x18
#6495 0 800001dc     3fd9 r 01         800001de  c.jal    . - 0x2a
#6496 0 800001b2     1101 r 02         ffffff00  c.addi   x2, -0x20
#6497 0 800001b4     cc22 m ffffff18   ffffffd0  c.swsp   x8, 0x18
#6498 0 800001b6     ca26 m ffffff14   00000002  c.swsp   x9, 0x14
#6499 0 800001b8     c84a m ffffff10   ffffffc8  c.swsp   x18, 0x10
#6500 0 800001ba     c64e m ffffff0c   ffffffd8  c.swsp   x19, 0xc
#6501 0 800001bc     c452 m ffffff08   ffffffc0  c.swsp   x20, 0x8
#6502 0 800001be     ce06 m ffffff1c   800001de  c.swsp   x1, 0x1c
#6503 0 800001c0     4785 r 0f         00000001  c.li     x15, 0x1
#6504 0 800001c2     8a2a r 14         ffffffc0  c.mv     x20, x10
#6505 0 800001c4     8932 r 12         ffffffc8  c.mv     x18, x12
#6506 0 800001c6     89ba r 13         ffffffd0  c.mv     x19, x14
#6507 0 800001c8     84ae r 09         00000002  c.mv     x9, x11
#6508 0 800001ca     8436 r 08         ffffffd8  c.mv     x8, x13
#6509 0 800001cc 02f58663 r 00         00000000  beq      x11, x15, . + 0x2c
#6510 0 800001d0     14fd r 09         00000001  c.addi   x9, -0x1
#6511 0 800001d2     85a6 r 0b         00000001  c.mv     x11, x9
#6512 0 800001d4     8552 r 0a         ffffffc0  c.mv     x10, x20
#6513 0 800001d6     8722 r 0e         ffffffd8  c.mv     x14, x8
#6514 0 800001d8     86ce r 0d         ffffffd0  c.mv     x13, x19
#6515 0 800001da     864a r 0c         ffffffc8  c.mv     x12, x18
#6516 0 800001dc     3fd9 r 01         800001de  c.jal    . - 0x2a
#6517 0 800001b2     1101 r 02         fffffee0  c.addi   x2, -0x20
#6518 0 800001b4     cc22 m fffffef8   ffffffd8  c.swsp   x8, 0x18
#6519 0 800001b6     ca26 m fffffef4   00000001  c.swsp   x9, 0x14
#6520 0 800001b8     c84a m fffffef0   ffffffc8  c.swsp   x18, 0x10
#6521 0 800001ba     c64e m fffffeec   ffffffd0  c.swsp   x19, 0xc
#6522 0 800001bc     c452 m fffffee8   ffffffc0  c.swsp   x20, 0x8
#6523 0 800001be     ce06 m fffffefc   800001de  c.swsp   x1, 0x1c
#6524 0 800001c0     4785 r 0f         00000001  c.li     x15, 0x1
#6525 0 800001c2     8a2a r 14         ffffffc0  c.mv     x20, x10
#6526 0 800001c4     8932 r 12         ffffffc8  c.mv     x18, x12
#6527 0 800001c6     89ba r 13         ffffffd8  c.mv     x19, x14
#6528 0 800001c8     84ae r 09         00000001  c.mv     x9, x11
#6529 0 800001ca     8436 r 08         ffffffd0  c.mv     x8, x13
#6530 0 800001cc 02f58663 r 00         00000000  beq      x11, x15, . + 0x2c
#6531 0 800001f8     8432 r 08         ffffffc8  c.mv     x8, x12
#6532 0 800001fa     405c r 0f         f0040030  c.lw     x15, 0x4(x8)
#6533 0 800001fc     4014 r 0d         00000007  c.lw     x13, 0x0(x8)
#6534 0 800001fe 004a2703 r 0e         00000000  lw       x14, 0x4(x20)
#6535 0 80000202     43cc r 0b         f0040028  c.lw     x11, 0x4(x15)
#6536 0 80000204     4390 r 0c         00000001  c.lw     x12, 0x0(x15)
#6537 0 80000206     16fd r 0d         00000006  c.addi   x13, -0x1
#6538 0 80000208     c04c m ffffffcc   f0040028  c.sw     x11, 0x4(x8)
#6539 0 8000020a 0049a583 r 0b         00000000  lw       x11, 0x4(x19)
#6540 0 8000020e     c014 m ffffffc8   00000006  c.sw     x13, 0x0(x8)
#6541 0 80000210 0009a683 r 0d         00000000  lw       x13, 0x0(x19)
#6542 0 80000214     c3cc m f0040034   00000000  c.sw     x11, 0x4(x15)
#6543 0 80000216 00f9a223 m ffffffdc   f0040030  sw       x15, 0x4(x19)
#6544 0 8000021a     c390 m f0040030   00000001  c.sw     x12, 0x0(x15)
#6545 0 8000021c     40f2 r 01         800001de  c.lwsp   x1, 0x1c
#6546 0 8000021e     4462 r 08         ffffffd8  c.lwsp   x8, 0x18
#6547 0 80000220 00168793 r 0f         00000001  addi     x15, x13, 0x1
#6548 0 80000224 00f9a023 m ffffffd8   00000001  sw       x15, 0x0(x19)
#6549 0 80000228 00170793 r 0f         00000001  addi     x15, x14, 0x1
#6550 0 8000022c 00fa2223 m ffffffc4   00000001  sw       x15, 0x4(x20)
#6551 0 80000230     44d2 r 09         00000001  c.lwsp   x9, 0x14
#6552 0 80000232     4942 r 12         ffffffc8  c.lwsp   x18, 0x10
#6553 0 80000234     49b2 r 13         ffffffd0  c.lwsp   x19, 0xc
#6554 0 80000236     4a22 r 14         ffffffc0  c.lwsp   x20, 0x8
#6555 0 80000238     6105 r 02         ffffff00  c.addi16sp 0x2
#6556 0 8000023a     8082 r 00         00000000  c.jr     x1
#6557 0 800001de     874e r 0e         ffffffd0  c.mv     x14, x19
#6558 0 800001e0     86a2 r 0d         ffffffd8  c.mv     x13, x8
#6559 0 800001e2     864a r 0c         ffffffc8  c.mv     x12, x18
#6560 0 800001e4     4585 r 0b         00000001  c.li     x11, 0x1
#6561 0 800001e6     8552 r 0a         ffffffc0  c.mv     x10, x20
#6562 0 800001e8     37e9 r 01         800001ea  c.jal    . - 0x36
#6563 0 800001b2     1101 r 02         fffffee0  c.addi   x2, -0x20
#6564 0 800001b4     cc22 m fffffef8   ffffffd8  c.swsp   x8, 0x18
#6565 0 800001b6     ca26 m fffffef4   00000001  c.swsp   x9, 0x14
#6566 0 800001b8     c84a m fffffef0   ffffffc8  c.swsp   x18, 0x10
#6567 0 800001ba     c64e m fffffeec   ffffffd0  c.swsp   x19, 0xc
#6568 0 800001bc     c452 m fffffee8   ffffffc0  c.swsp   x20, 0x8
#6569 0 800001be     ce06 m fffffefc   800001ea  c.swsp   x1, 0x1c
#6570 0 800001c0     4785 r 0f         00000001  c.li     x15, 0x1
#6571 0 800001c2     8a2a r 14         ffffffc0  c.mv     x20, x10
#6572 0 800001c4     8932 r 12         ffffffc8  c.mv     x18, x12
#6573 0 800001c6     89ba r 13         ffffffd0  c.mv     x19, x14
#6574 0 800001c8     84ae r 09         00000001  c.mv     x9, x11
#6575 0 800001ca     8436 r 08         ffffffd8  c.mv     x8, x13
#6576 0 800001cc 02f58663 r 00         00000000  beq      x11, x15, . + 0x2c
#6577 0 800001f8     8432 r 08         ffffffc8  c.mv     x8, x12
#6578 0 800001fa     405c r 0f         f0040028  c.lw     x15, 0x4(x8)
#6579 0 800001fc     4014 r 0d         00000006  c.lw     x13, 0x0(x8)
#6580 0 800001fe 004a2703 r 0e         00000001  lw       x14, 0x4(x20)
#6581 0 80000202     43cc r 0b         f0040020  c.lw     x11, 0x4(x15)
#6582 0 80000204     4390 r 0c         00000002  c.lw     x12, 0x0(x15)
#6583 0 80000206     16fd r 0d         00000005  c.addi   x13, -0x1
#6584 0 80000208     c04c m ffffffcc   f0040020  c.sw     x11, 0x4(x8)
#6585 0 8000020a 0049a583 r 0b         00000000  lw       x11, 0x4(x19)
#6586 0 8000020e     c014 m ffffffc8   00000005  c.sw     x13, 0x0(x8)
#6587 0 80000210 0009a683 r 0d         00000000  lw       x13, 0x0(x19)
#6588 0 80000214     c3cc m f004002c   00000000  c.sw     x11, 0x4(x15)
#6589 0 80000216 00f9a223 m ffffffd4   f0040028  sw       x15, 0x4(x19)
#6590 0 8000021a     c390 m f0040028   00000002  c.sw     x12, 0x0(x15)
#6591 0 8000021c     40f2 r 01         800001ea  c.lwsp   x1, 0x1c
#6592 0 8000021e     4462 r 08         ffffffd8  c.lwsp   x8, 0x18
#6593 0 80000220 00168793 r 0f         00000001  addi     x15, x13, 0x1
#6594 0 80000224 00f9a023 m ffffffd0   00000001  sw       x15, 0x0(x19)
#6595 0 80000228 00170793 r 0f         00000002  addi     x15, x14, 0x1
#6596 0 8000022c 00fa2223 m ffffffc4   00000002  sw       x15, 0x4(x20)
#6597 0 80000230     44d2 r 09         00000001  c.lwsp   x9, 0x14
#6598 0 80000232     4942 r 12         ffffffc8  c.lwsp   x18, 0x10
#6599 0 80000234     49b2 r 13         ffffffd0  c.lwsp   x19, 0xc
#6600 0 80000236     4a22 r 14         ffffffc0  c.lwsp   x20, 0x8
#6601 0 80000238     6105 r 02         ffffff00  c.addi16sp 0x2
#6602 0 8000023a     8082 r 00         00000000  c.jr     x1
#6603 0 800001ea     4785 r 0f         00000001  c.li     x15, 0x1
#6604 0 800001ec     874a r 0e         ffffffc8  c.mv     x14, x18
#6605 0 800001ee 00f48663 r 00         00000000  beq      x9, x15, . + 0xc
#6606 0 800001fa     405c r 0f         f0040030  c.lw     x15, 0x4(x8)
#6607 0 800001fc     4014 r 0d         00000001  c.lw     x13, 0x0(x8)
#6608 0 800001fe 004a2703 r 0e         00000002  lw       x14, 0x4(x20)
#6609 0 80000202     43cc r 0b         00000000  c.lw     x11, 0x4(x15)
#6610 0 80000204     4390 r 0c         00000001  c.lw     x12, 0x0(x15)
#6611 0 80000206     16fd r 0d         00000000  c.addi   x13, -0x1
#6612 0 80000208     c04c m ffffffdc   00000000  c.sw     x11, 0x4(x8)
#6613 0 8000020a 0049a583 r 0b         f0040028  lw       x11, 0x4(x19)
#6614 0 8000020e     c014 m ffffffd8   00000000  c.sw     x13, 0x0(x8)
#6615 0 80000210 0009a683 r 0d         00000001  lw       x13, 0x0(x19)
#6616 0 80000214     c3cc m f0040034   f0040028  c.sw     x11, 0x4(x15)
#6617 0 80000216 00f9a223 m ffffffd4   f0040030  sw       x15, 0x4(x19)
#6618 0 8000021a     c390 m f0040030   00000001  c.sw     x12, 0x0(x15)
#6619 0 8000021c     40f2 r 01         800001de  c.lwsp   x1, 0x1c
#6620 0 8000021e     4462 r 08         ffffffd0  c.lwsp   x8, 0x18
#6621 0 80000220 00168793 r 0f         00000002  addi     x15, x13, 0x1
#6622 0 80000224 00f9a023 m ffffffd0   00000002  sw       x15, 0x0(x19)
#6623 0 80000228 00170793 r 0f         00000003  addi     x15, x14, 0x1
#6624 0 8000022c 00fa2223 m ffffffc4   00000003  sw       x15, 0x4(x20)
#6625 0 80000230     44d2 r 09         00000002  c.lwsp   x9, 0x14
#6626 0 80000232     4942 r 12         ffffffc8  c.lwsp   x18, 0x10
#6627 0 80000234     49b2 r 13         ffffffd8  c.lwsp   x19, 0xc
#6628 0 80000236     4a22 r 14         ffffffc0  c.lwsp   x20, 0x8
#6629 0 80000238     6105 r 02         ffffff20  c.addi16sp 0x2
#6630 0 8000023a     8082 r 00         00000000  c.jr     x1
#6631 0 800001de     874e r 0e         ffffffd8  c.mv     x14, x19
#6632 0 800001e0     86a2 r 0d         ffffffd0  c.mv     x13, x8
#6633 0 800001e2     864a r 0c         ffffffc8  c.mv     x12, x18
#6634 0 800001e4     4585 r 0b         00000001  c.li     x11, 0x1
#6635 0 800001e6     8552 r 0a         ffffffc0  c.mv     x10, x20
#6636 0 800001e8     37e9 r 01         800001ea  c.jal    . - 0x36
#6637 0 800001b2     1101 r 02         ffffff00  c.addi   x2, -0x20
#6638 0 800001b4     cc22 m ffffff18   ffffffd0  c.swsp   x8, 0x18
#6639 0 800001b6     ca26 m ffffff14   00000002  c.swsp   x9, 0x14
#6640 0 800001b8     c84a m ffffff10   ffffffc8  c.swsp   x18, 0x10
#6641 0 800001ba     c64e m ffffff0c   ffffffd8  c.swsp   x19, 0xc
#6642 0 800001bc     c452 m ffffff08   ffffffc0  c.swsp   x20, 0x8
#6643 0 800001be     ce06 m ffffff1c   800001ea  c.swsp   x1, 0x1c
#6644 0 800001c0     4785 r 0f         00000001  c.li     x15, 0x1
#6645 0 800001c2     8a2a r 14         ffffffc0  c.mv     x20, x10
#6646 0 800001c4     8932 r 12         ffffffc8  c.mv     x18, x12
#6647 0 800001c6     89ba r 13         ffffffd8  c.mv     x19, x14
#6648 0 800001c8     84ae r 09         00000001  c.mv     x9, x11
#6649 0 800001ca     8436 r 08         ffffffd0  c.mv     x8, x13
#6650 0 800001cc 02f58663 r 00         00000000  beq      x11, x15, . + 0x2c
#6651 0 800001f8     8432 r 08         ffffffc8  c.mv     x8, x12
#6652 0 800001fa     405c r 0f         f0040020  c.lw     x15, 0x4(x8)
#6653 0 800001fc     4014 r 0d         00000005  c.lw     x13, 0x0(x8)
#6654 0 800001fe 004a2703 r 0e         00000003  lw       x14, 0x4(x20)
#6655 0 80000202     43cc r 0b         f0040018  c.lw     x11, 0x4(x15)
#6656 0 80000204     4390 r 0c         00000003  c.lw     x12, 0x0(x15)
#6657 0 80000206     16fd r 0d         00000004  c.addi   x13, -0x1
#6658 0 80000208     c04c m ffffffcc   f0040018  c.sw     x11, 0x4(x8)
#6659 0 8000020a 0049a583 r 0b         00000000  lw       x11, 0x4(x19)
#6660 0 8000020e     c014 m ffffffc8   00000004  c.sw     x13, 0x0(x8)
#6661 0 80000210 0009a683 r 0d         00000000  lw       x13, 0x0(x19)
#6662 0 80000214     c3cc m f0040024   00000000  c.sw     x11, 0x4(x15)
#6663 0 80000216 00f9a223 m ffffffdc   f0040020  sw       x15, 0x4(x19)
#6664 0 8000021a     c390 m f0040020   00000003  c.sw     x12, 0x0(x15)
#6665 0 8000021c     40f2 r 01         800001ea  c.lwsp   x1, 0x1c
#6666 0 8000021e     4462 r 08         ffffffd0  c.lwsp   x8, 0x18
#6667 0 80000220 00168793 r 0f         00000001  addi     x15, x13, 0x1
#6668 0 80000224 00f9a023 m ffffffd8   00000001  sw       x15, 0x0(x19)
#6669 0 80000228 00170793 r 0f         00000004  addi     x15, x14, 0x1
#6670 0 8000022c 00fa2223 m ffffffc4   00000004  sw       x15, 0x4(x20)
#6671 0 80000230     44d2 r 09         00000002  c.lwsp   x9, 0x14
#6672 0 80000232     4942 r 12         ffffffc8  c.lwsp   x18, 0x10
#6673 0 80000234     49b2 r 13         ffffffd8  c.lwsp   x19, 0xc
#6674 0 80000236     4a22 r 14         ffffffc0  c.lwsp   x20, 0x8
#6675 0 80000238     6105 r 02         ffffff20  c.addi16sp 0x2
#6676 0 8000023a     8082 r 00         00000000  c.jr     x1
#6677 0 800001ea     4785 r 0f         00000001  c.li     x15, 0x1
#6678 0 800001ec     874a r 0e         ffffffc8  c.mv     x14, x18
#6679 0 800001ee 00f48663 r 00         00000000  beq      x9, x15, . + 0xc
#6680 0 800001f2     8922 r 12         ffffffd0  c.mv     x18, x8
#6681 0 800001f4     843a r 08         ffffffc8  c.mv     x8, x14
#6682 0 800001f6     bfe9 r 00         00000000  c.j      . - 0x26
#6683 0 800001d0     14fd r 09         00000001  c.addi   x9, -0x1
#6684 0 800001d2     85a6 r 0b         00000001  c.mv     x11, x9
#6685 0 800001d4     8552 r 0a         ffffffc0  c.mv     x10, x20
#6686 0 800001d6     8722 r 0e         ffffffc8  c.mv     x14, x8
#6687 0 800001d8     86ce r 0d         ffffffd8  c.mv     x13, x19
#6688 0 800001da     864a r 0c         ffffffd0  c.mv     x12, x18
#6689 0 800001dc     3fd9 r 01         800001de  c.jal    . - 0x2a
#6690 0 800001b2     1101 r 02         ffffff00  c.addi   x2, -0x20
#6691 0 800001b4     cc22 m ffffff18   ffffffc8  c.swsp   x8, 0x18
#6692 0 800001b6     ca26 m ffffff14   00000001  c.swsp   x9, 0x14
#6693 0 800001b8     c84a m ffffff10   ffffffd0  c.swsp   x18, 0x10
#6694 0 800001ba     c64e m ffffff0c   ffffffd8  c.swsp   x19, 0xc
#6695 0 800001bc     c452 m ffffff08   ffffffc0  c.swsp   x20, 0x8
#6696 0 800001be     ce06 m ffffff1c   800001de  c.swsp   x1, 0x1c
#6697 0 800001c0     4785 r 0f         00000001  c.li     x15, 0x1
#6698 0 800001c2     8a2a r 14         ffffffc0  c.mv     x20, x10
#6699 0 800001c4     8932 r 12         ffffffd0  c.mv     x18, x12
#6700 0 800001c6     89ba r 13         ffffffc8  c.mv     x19, x14
#6701 0 800001c8     84ae r 09         00000001  c.mv     x9, x11
#6702 0 800001ca     8436 r 08         ffffffd8  c.mv     x8, x13
#6703 0 800001cc 02f58663 r 00         00000000  beq      x11, x15, . + 0x2c
#6704 0 800001f8     8432 r 08         ffffffd0  c.mv     x8, x12
#6705 0 800001fa     405c r 0f         f0040030  c.lw     x15, 0x4(x8)
#6706 0 800001fc     4014 r 0d         00000002  c.lw     x13, 0x0(x8)
#6707 0 800001fe 004a2703 r 0e         00000004  lw       x14, 0x4(x20)
#6708 0 80000202     43cc r 0b         f0040028  c.lw     x11, 0x4(x15)
#6709 0 80000204     4390 r 0c         00000001  c.lw     x12, 0x0(x15)
#6710 0 80000206     16fd r 0d         00000001  c.addi   x13, -0x1
#6711 0 80000208     c04c m ffffffd4   f0040028  c.sw     x11, 0x4(x8)
#6712 0 8000020a 0049a583 r 0b         f0040018  lw       x11, 0x4(x19)
#6713 0 8000020e     c014 m ffffffd0   00000001  c.sw     x13, 0x0(x8)
#6714 0 80000210 0009a683 r 0d         00000004  lw       x13, 0x0(x19)
#6715 0 80000214     c3cc m f0040034   f0040018  c.sw     x11, 0x4(x15)
#6716 0 80000216 00f9a223 m ffffffcc   f0040030  sw       x15, 0x4(x19)
#6717 0 8000021a     c390 m f0040030   00000001  c.sw     x12, 0x0(x15)
#6718 0 8000021c     40f2 r 01         800001de  c.lwsp   x1, 0x1c
#6719 0 8000021e     4462 r 08         ffffffc8  c.lwsp   x8, 0x18
#6720 0 80000220 00168793 r 0f         00000005  addi     x15, x13, 0x1
#6721 0 80000224 00f9a023 m ffffffc8   00000005  sw       x15, 0x0(x19)
#6722 0 80000228 00170793 r 0f         00000005  addi     x15, x14, 0x1
#6723 0 8000022c 00fa2223 m ffffffc4   00000005  sw       x15, 0x4(x20)
#6724 0 80000230     44d2 r 09         00000001  c.lwsp   x9, 0x14
#6725 0 80000232     4942 r 12         ffffffd0  c.lwsp   x18, 0x10
#6726 0 80000234     49b2 r 13         ffffffd8  c.lwsp   x19, 0xc
#6727 0 80000236     4a22 r 14         ffffffc0  c.lwsp   x20, 0x8
#6728 0 80000238     6105 r 02         ffffff20  c.addi16sp 0x2
#6729 0 8000023a     8082 r 00         00000000  c.jr     x1
#6730 0 800001de     874e r 0e         ffffffd8  c.mv     x14, x19
#6731 0 800001e0     86a2 r 0d         ffffffc8  c.mv     x13, x8
#6732 0 800001e2     864a r 0c         ffffffd0  c.mv     x12, x18
#6733 0 800001e4     4585 r 0b         00000001  c.li     x11, 0x1
#6734 0 800001e6     8552 r 0a         ffffffc0  c.mv     x10, x20
#6735 0 800001e8     37e9 r 01         800001ea  c.jal    . - 0x36
#6736 0 800001b2     1101 r 02         ffffff00  c.addi   x2, -0x20
#6737 0 800001b4     cc22 m ffffff18   ffffffc8  c.swsp   x8, 0x18
#6738 0 800001b6     ca26 m ffffff14   00000001  c.swsp   x9, 0x14
#6739 0 800001b8     c84a m ffffff10   ffffffd0  c.swsp   x18, 0x10
#6740 0 800001ba     c64e m ffffff0c   ffffffd8  c.swsp   x19, 0xc
#6741 0 800001bc     c452 m ffffff08   ffffffc0  c.swsp   x20, 0x8
#6742 0 800001be     ce06 m ffffff1c   800001ea  c.swsp   x1, 0x1c
#6743 0 800001c0     4785 r 0f         00000001  c.li     x15, 0x1
#6744 0 800001c2     8a2a r 14         ffffffc0  c.mv     x20, x10
#6745 0 800001c4     8932 r 12         ffffffd0  c.mv     x18, x12
#6746 0 800001c6     89ba r 13         ffffffd8  c.mv     x19, x14
#6747 0 800001c8     84ae r 09         00000001  c.mv     x9, x11
#6748 0 800001ca     8436 r 08         ffffffc8  c.mv     x8, x13
#6749 0 800001cc 02f58663 r 00         00000000  beq      x11, x15, . + 0x2c
#6750 0 800001f8     8432 r 08         ffffffd0  c.mv     x8, x12
#6751 0 800001fa     405c r 0f         f0040028  c.lw     x15, 0x4(x8)
#6752 0 800001fc     4014 r 0d         00000001  c.lw     x13, 0x0(x8)
#6753 0 800001fe 004a2703 r 0e         00000005  lw       x14, 0x4(x20)
#6754 0 80000202     43cc r 0b         00000000  c.lw     x11, 0x4(x15)
#6755 0 80000204     4390 r 0c         00000002  c.lw     x12, 0x0(x15)
#6756 0 80000206     16fd r 0d         00000000  c.addi   x13, -0x1
#6757 0 80000208     c04c m ffffffd4   00000000  c.sw     x11, 0x4(x8)
#6758 0 8000020a 0049a583 r 0b         f0040020  lw       x11, 0x4(x19)
#6759 0 8000020e     c014 m ffffffd0   00000000  c.sw     x13, 0x0(x8)
#6760 0 80000210 0009a683 r 0d         00000001  lw       x13, 0x0(x19)
#6761 0 80000214     c3cc m f004002c   f0040020  c.sw     x11, 0x4(x15)
#6762 0 80000216 00f9a223 m ffffffdc   f0040028  sw       x15, 0x4(x19)
#6763 0 8000021a     c390 m f0040028   00000002  c.sw     x12, 0x0(x15)
#6764 0 8000021c     40f2 r 01         800001ea  c.lwsp   x1, 0x1c
#6765 0 8000021e     4462 r 08         ffffffc8  c.lwsp   x8, 0x18
#6766 0 80000220 00168793 r 0f         00000002  addi     x15, x13, 0x1
#6767 0 80000224 00f9a023 m ffffffd8   00000002  sw       x15, 0x0(x19)
#6768 0 80000228 00170793 r 0f         00000006  addi     x15, x14, 0x1
#6769 0 8000022c 00fa2223 m ffffffc4   00000006  sw       x15, 0x4(x20)
#6770 0 80000230     44d2 r 09         00000001  c.lwsp   x9, 0x14
#6771 0 80000232     4942 r 12         ffffffd0  c.lwsp   x18, 0x10
#6772 0 80000234     49b2 r 13         ffffffd8  c.lwsp   x19, 0xc
#6773 0 80000236     4a22 r 14         ffffffc0  c.lwsp   x20, 0x8
#6774 0 80000238     6105 r 02         ffffff20  c.addi16sp 0x2
#6775 0 8000023a     8082 r 00         00000000  c.jr     x1
#6776 0 800001ea     4785 r 0f         00000001  c.li     x15, 0x1
#6777 0 800001ec     874a r 0e         ffffffd0  c.mv     x14, x18
#6778 0 800001ee 00f48663 r 00         00000000  beq      x9, x15, . + 0xc
#6779 0 800001fa     405c r 0f         f0040030  c.lw     x15, 0x4(x8)
#6780 0 800001fc     4014 r 0d         00000005  c.lw     x13, 0x0(x8)
#6781 0 800001fe 004a2703 r 0e         00000006  lw       x14, 0x4(x20)
#6782 0 80000202     43cc r 0b         f0040018  c.lw     x11, 0x4(x15)
#6783 0 80000204     4390 r 0c         00000001  c.lw     x12, 0x0(x15)
#6784 0 80000206     16fd r 0d         00000004  c.addi   x13, -0x1
#6785 0 80000208     c04c m ffffffcc   f0040018  c.sw     x11, 0x4(x8)
#6786 0 8000020a 0049a583 r 0b         f0040028  lw       x11, 0x4(x19)
#6787 0 8000020e     c014 m ffffffc8   00000004  c.sw     x13, 0x0(x8)
#6788 0 80000210 0009a683 r 0d         00000002  lw       x13, 0x0(x19)
#6789 0 80000214     c3cc m f0040034   f0040028  c.sw     x11, 0x4(x15)
#6790 0 80000216 00f9a223 m ffffffdc   f0040030  sw       x15, 0x4(x19)
#6791 0 8000021a     c390 m f0040030   00000001  c.sw     x12, 0x0(x15)
#6792 0 8000021c     40f2 r 01         800001de  c.lwsp   x1, 0x1c
#6793 0 8000021e     4462 r 08         ffffffd8  c.lwsp   x8, 0x18
#6794 0 80000220 00168793 r 0f         00000003  addi     x15, x13, 0x1
#6795 0 80000224 00f9a023 m ffffffd8   00000003  sw       x15, 0x0(x19)
#6796 0 80000228 00170793 r 0f         00000007  addi     x15, x14, 0x1
#6797 0 8000022c 00fa2223 m ffffffc4   00000007  sw       x15, 0x4(x20)
#6798 0 80000230     44d2 r 09         00000003  c.lwsp   x9, 0x14
#6799 0 80000232     4942 r 12         ffffffc8  c.lwsp   x18, 0x10
#6800 0 80000234     49b2 r 13         ffffffd0  c.lwsp   x19, 0xc
#6801 0 80000236     4a22 r 14         ffffffc0  c.lwsp   x20, 0x8
#6802 0 80000238     6105 r 02         ffffff40  c.addi16sp 0x2
#6803 0 8000023a     8082 r 00         00000000  c.jr     x1
#6804 0 800001de     874e r 0e         ffffffd0  c.mv     x14, x19
#6805 0 800001e0     86a2 r 0d         ffffffd8  c.mv     x13, x8
#6806 0 800001e2     864a r 0c         ffffffc8  c.mv     x12, x18
#6807 0 800001e4     4585 r 0b         00000001  c.li     x11, 0x1
#6808 0 800001e6     8552 r 0a         ffffffc0  c.mv     x10, x20
#6809 0 800001e8     37e9 r 01         800001ea  c.jal    . - 0x36
#6810 0 800001b2     1101 r 02         ffffff20  c.addi   x2, -0x20
#6811 0 800001b4     cc22 m ffffff38   ffffffd8  c.swsp   x8, 0x18
#6812 0 800001b6     ca26 m ffffff34   00000003  c.swsp   x9, 0x14
#6813 0 800001b8     c84a m ffffff30   ffffffc8  c.swsp   x18, 0x10
#6814 0 800001ba     c64e m ffffff2c   ffffffd0  c.swsp   x19, 0xc
#6815 0 800001bc     c452 m ffffff28   ffffffc0  c.swsp   x20, 0x8
#6816 0 800001be     ce06 m ffffff3c   800001ea  c.swsp   x1, 0x1c
#6817 0 800001c0     4785 r 0f         00000001  c.li     x15, 0x1
#6818 0 800001c2     8a2a r 14         ffffffc0  c.mv     x20, x10
#6819 0 800001c4     8932 r 12         ffffffc8  c.mv     x18, x12
#6820 0 800001c6     89ba r 13         ffffffd0  c.mv     x19, x14
#6821 0 800001c8     84ae r 09         00000001  c.mv     x9, x11
#6822 0 800001ca     8436 r 08         ffffffd8  c.mv     x8, x13
#6823 0 800001cc 02f58663 r 00         00000000  beq      x11, x15, . + 0x2c
#6824 0 800001f8     8432 r 08         ffffffc8  c.mv     x8, x12
#6825 0 800001fa     405c r 0f         f0040018  c.lw     x15, 0x4(x8)
#6826 0 800001fc     4014 r 0d         00000004  c.lw     x13, 0x0(x8)
#6827 0 800001fe 004a2703 r 0e         00000007  lw       x14, 0x4(x20)
#6828 0 80000202     43cc r 0b         f0040010  c.lw     x11, 0x4(x15)
#6829 0 80000204     4390 r 0c         00000004  c.lw     x12, 0x0(x15)
#6830 0 80000206     16fd r 0d         00000003  c.addi   x13, -0x1
#6831 0 80000208     c04c m ffffffcc   f0040010  c.sw     x11, 0x4(x8)
#6832 0 8000020a 0049a583 r 0b         00000000  lw       x11, 0x4(x19)
#6833 0 8000020e     c014 m ffffffc8   00000003  c.sw     x13, 0x0(x8)
#6834 0 80000210 0009a683 r 0d         00000000  lw       x13, 0x0(x19)
#6835 0 80000214     c3cc m f004001c   00000000  c.sw     x11, 0x4(x15)
#6836 0 80000216 00f9a223 m ffffffd4   f0040018  sw       x15, 0x4(x19)
#6837 0 8000021a     c390 m f0040018   00000004  c.sw     x12, 0x0(x15)
#6838 0 8000021c     40f2 r 01         800001ea  c.lwsp   x1, 0x1c
#6839 0 8000021e     4462 r 08         ffffffd8  c.lwsp   x8, 0x18
#6840 0 80000220 00168793 r 0f         00000001  addi     x15, x13, 0x1
#6841 0 80000224 00f9a023 m ffffffd0   00000001  sw       x15, 0x0(x19)
#6842 0 80000228 00170793 r 0f         00000008  addi     x15, x14, 0x1
#6843 0 8000022c 00fa2223 m ffffffc4   00000008  sw       x15, 0x4(x20)
#6844 0 80000230     44d2 r 09         00000003  c.lwsp   x9, 0x14
#6845 0 80000232     4942 r 12         ffffffc8  c.lwsp   x18, 0x10
#6846 0 80000234     49b2 r 13         ffffffd0  c.lwsp   x19, 0xc
#6847 0 80000236     4a22 r 14         ffffffc0  c.lwsp   x20, 0x8
#6848 0 80000238     6105 r 02         ffffff40  c.addi16sp 0x2
#6849 0 8000023a     8082 r 00         00000000  c.jr     x1
#6850 0 800001ea     4785 r 0f         00000001  c.li     x15, 0x1
#6851 0 800001ec     874a r 0e         ffffffc8  c.mv     x14, x18
#6852 0 800001ee 00f48663 r 00         00000000  beq      x9, x15, . + 0xc
#6853 0 800001f2     8922 r 12         ffffffd8  c.mv     x18, x8
#6854 0 800001f4     843a r 08         ffffffc8  c.mv     x8, x14
#6855 0 800001f6     bfe9 r 00         00000000  c.j      . - 0x26
#6856 0 800001d0     14fd r 09         00000002  c.addi   x9, -0x1
#6857 0 800001d2     85a6 r 0b         00000002  c.mv     x11, x9
#6858 0 800001d4     8552 r 0a         ffffffc0  c.mv     x10, x20
#6859 0 800001d6     8722 r 0e         ffffffc8  c.mv     x14, x8
#6860 0 800001d8     86ce r 0d         ffffffd0  c.mv     x13, x19
#6861 0 800001da     864a r 0c         ffffffd8  c.mv     x12, x18
#6862 0 800001dc     3fd9 r 01         800001de  c.jal    . - 0x2a
#6863 0 800001b2     1101 r 02         ffffff20  c.addi   x2, -0x20
#6864 0 800001b4     cc22 m ffffff38   ffffffc8  c.swsp   x8, 0x18
#6865 0 800001b6     ca26 m ffffff34   00000002  c.swsp   x9, 0x14
#6866 0 800001b8     c84a m ffffff30   ffffffd8  c.swsp   x18, 0x10
#6867 0 800001ba     c64e m ffffff2c   ffffffd0  c.swsp   x19, 0xc
#6868 0 800001bc     c452 m ffffff28   ffffffc0  c.swsp   x20, 0x8
#6869 0 800001be     ce06 m ffffff3c   800001de  c.swsp   x1, 0x1c
#6870 0 800001c0     4785 r 0f         00000001  c.li     x15, 0x1
#6871 0 800001c2     8a2a r 14         ffffffc0  c.mv     x20, x10
#6872 0 800001c4     8932 r 12         ffffffd8  c.mv     x18, x12
#6873 0 800001c6     89ba r 13         ffffffc8  c.mv     x19, x14
#6874 0 800001c8     84ae r 09         00000002  c.mv     x9, x11
#6875 0 800001ca     8436 r 08         ffffffd0  c.mv     x8, x13
#6876 0 800001cc 02f58663 r 00         00000000  beq      x11, x15, . + 0x2c
#6877 0 800001d0     14fd r 09         00000001  c.addi   x9, -0x1
#6878 0 800001d2     85a6 r 0b         00000001  c.mv     x11, x9
#6879 0 800001d4     8552 r 0a         ffffffc0  c.mv     x10, x20
#6880 0 800001d6     8722 r 0e         ffffffd0  c.mv     x14, x8
#6881 0 800001d8     86ce r 0d         ffffffc8  c.mv     x13, x19
#6882 0 800001da     864a r 0c         ffffffd8  c.mv     x12, x18
#6883 0 800001dc     3fd9 r 01         800001de  c.jal    . - 0x2a
#6884 0 800001b2     1101 r 02         ffffff00  c.addi   x2, -0x20
#6885 0 800001b4     cc22 m ffffff18   ffffffd0  c.swsp   x8, 0x18
#6886 0 800001b6     ca26 m ffffff14   00000001  c.swsp   x9, 0x14
#6887 0 800001b8     c84a m ffffff10   ffffffd8  c.swsp   x18, 0x10
#6888 0 800001ba     c64e m ffffff0c   ffffffc8  c.swsp   x19, 0xc
#6889 0 800001bc     c452 m ffffff08   ffffffc0  c.swsp   x20, 0x8
#6890 0 800001be     ce06 m ffffff1c   800001de  c.swsp   x1, 0x1c
#6891 0 800001c0     4785 r 0f         00000001  c.li     x15, 0x1
#6892 0 800001c2     8a2a r 14         ffffffc0  c.mv     x20, x10
#6893 0 800001c4     8932 r 12         ffffffd8  c.mv     x18, x12
#6894 0 800001c6     89ba r 13         ffffffd0  c.mv     x19, x14
#6895 0 800001c8     84ae r 09         00000001  c.mv     x9, x11
#6896 0 800001ca     8436 r 08         ffffffc8  c.mv     x8, x13
#6897 0 800001cc 02f58663 r 00         00000000  beq      x11, x15, . + 0x2c
#6898 0 800001f8     8432 r 08         ffffffd8  c.mv     x8, x12
#6899 0 800001fa     405c r 0f         f0040030  c.lw     x15, 0x4(x8)
#6900 0 800001fc     4014 r 0d         00000003  c.lw     x13, 0x0(x8)
#6901 0 800001fe 004a2703 r 0e         00000008  lw       x14, 0x4(x20)
#6902 0 80000202     43cc r 0b         f0040028  c.lw     x11, 0x4(x15)
#6903 0 80000204     4390 r 0c         00000001  c.lw     x12, 0x0(x15)
#6904 0 80000206     16fd r 0d         00000002  c.addi   x13, -0x1
#6905 0 80000208     c04c m ffffffdc   f0040028  c.sw     x11, 0x4(x8)
#6906 0 8000020a 0049a583 r 0b         f0040018  lw       x11, 0x4(x19)
#6907 0 8000020e     c014 m ffffffd8   00000002  c.sw     x13, 0x0(x8)
#6908 0 80000210 0009a683 r 0d         00000001  lw       x13, 0x0(x19)
#6909 0 80000214     c3cc m f0040034   f0040018  c.sw     x11, 0x4(x15)
#6910 0 80000216 00f9a223 m ffffffd4   f0040030  sw       x15, 0x4(x19)
#6911 0 8000021a     c390 m f0040030   00000001  c.sw     x12, 0x0(x15)
#6912 0 8000021c     40f2 r 01         800001de  c.lwsp   x1, 0x1c
#6913 0 8000021e     4462 r 08         ffffffd0  c.lwsp   x8, 0x18
#6914 0 80000220 00168793 r 0f         00000002  addi     x15, x13, 0x1
#6915 0 80000224 00f9a023 m ffffffd0   00000002  sw       x15, 0x0(x19)
#6916 0 80000228 00170793 r 0f         00000009  addi     x15, x14, 0x1
#6917 0 8000022c 00fa2223 m ffffffc4   00000009  sw       x15, 0x4(x20)
#6918 0 80000230     44d2 r 09         00000001  c.lwsp   x9, 0x14
#6919 0 80000232     4942 r 12         ffffffd8  c.lwsp   x18, 0x10
#6920 0 80000234     49b2 r 13         ffffffc8  c.lwsp   x19, 0xc
#6921 0 80000236     4a22 r 14         ffffffc0  c.lwsp   x20, 0x8
#6922 0 80000238     6105 r 02         ffffff20  c.addi16sp 0x2
#6923 0 8000023a     8082 r 00         00000000  c.jr     x1
#6924 0 800001de     874e r 0e         ffffffc8  c.mv     x14, x19
#6925 0 800001e0     86a2 r 0d         ffffffd0  c.mv     x13, x8
#6926 0 800001e2     864a r 0c         ffffffd8  c.mv     x12, x18
#6927 0 800001e4     4585 r 0b         00000001  c.li     x11, 0x1
#6928 0 800001e6     8552 r 0a         ffffffc0  c.mv     x10, x20
#6929 0 800001e8     37e9 r 01         800001ea  c.jal    . - 0x36
#6930 0 800001b2     1101 r 02         ffffff00  c.addi   x2, -0x20
#6931 0 800001b4     cc22 m ffffff18   ffffffd0  c.swsp   x8, 0x18
#6932 0 800001b6     ca26 m ffffff14   00000001  c.swsp   x9, 0x14
#6933 0 800001b8     c84a m ffffff10   ffffffd8  c.swsp   x18, 0x10
#6934 0 800001ba     c64e m ffffff0c   ffffffc8  c.swsp   x19, 0xc
#6935 0 800001bc     c452 m ffffff08   ffffffc0  c.swsp   x20, 0x8
#6936 0 800001be     ce06 m ffffff1c   800001ea  c.swsp   x1, 0x1c
#6937 0 800001c0     4785 r 0f         00000001  c.li     x15, 0x1
#6938 0 800001c2     8a2a r 14         ffffffc0  c.mv     x20, x10
#6939 0 800001c4     8932 r 12         ffffffd8  c.mv     x18, x12
#6940 0 800001c6     89ba r 13         ffffffc8  c.mv     x19, x14
#6941 0 800001c8     84ae r 09         00000001  c.mv     x9, x11
#6942 0 800001ca     8436 r 08         ffffffd0  c.mv     x8, x13
#6943 0 800001cc 02f58663 r 00         00000000  beq      x11, x15, . + 0x2c
#6944 0 800001f8     8432 r 08         ffffffd8  c.mv     x8, x12
#6945 0 800001fa     405c r 0f         f0040028  c.lw     x15, 0x4(x8)
#6946 0 800001fc     4014 r 0d         00000002  c.lw     x13, 0x0(x8)
#6947 0 800001fe 004a2703 r 0e         00000009  lw       x14, 0x4(x20)
#6948 0 80000202     43cc r 0b         f0040020  c.lw     x11, 0x4(x15)
#6949 0 80000204     4390 r 0c         00000002  c.lw     x12, 0x0(x15)
#6950 0 80000206     16fd r 0d         00000001  c.addi   x13, -0x1
#6951 0 80000208     c04c m ffffffdc   f0040020  c.sw     x11, 0x4(x8)
#6952 0 8000020a 0049a583 r 0b         f0040010  lw       x11, 0x4(x19)
#6953 0 8000020e     c014 m ffffffd8   00000001  c.sw     x13, 0x0(x8)
#6954 0 80000210 0009a683 r 0d         00000003  lw       x13, 0x0(x19)
#6955 0 80000214     c3cc m f004002c   f0040010  c.sw     x11, 0x4(x15)
#6956 0 80000216 00f9a223 m ffffffcc   f0040028  sw       x15, 0x4(x19)
#6957 0 8000021a     c390 m f0040028   00000002  c.sw     x12, 0x0(x15)
#6958 0 8000021c     40f2 r 01         800001ea  c.lwsp   x1, 0x1c
#6959 0 8000021e     4462 r 08         ffffffd0  c.lwsp   x8, 0x18
#6960 0 80000220 00168793 r 0f         00000004  addi     x15, x13, 0x1
#6961 0 80000224 00f9a023 m ffffffc8   00000004  sw       x15, 0x0(x19)
#6962 0 80000228 00170793 r 0f         0000000a  addi     x15, x14, 0x1
#6963 0 8000022c 00fa2223 m ffffffc4   0000000a  sw       x15, 0x4(x20)
#6964 0 80000230     44d2 r 09         00000001  c.lwsp   x9, 0x14
#6965 0 80000232     4942 r 12         ffffffd8  c.lwsp   x18, 0x10
#6966 0 80000234     49b2 r 13         ffffffc8  c.lwsp   x19, 0xc
#6967 0 80000236     4a22 r 14         ffffffc0  c.lwsp   x20, 0x8
#6968 0 80000238     6105 r 02         ffffff20  c.addi16sp 0x2
#6969 0 8000023a     8082 r 00         00000000  c.jr     x1
#6970 0 800001ea     4785 r 0f         00000001  c.li     x15, 0x1
#6971 0 800001ec     874a r 0e         ffffffd8  c.mv     x14, x18
#6972 0 800001ee 00f48663 r 00         00000000  beq      x9, x15, . + 0xc
#6973 0 800001fa     405c r 0f         f0040030  c.lw     x15, 0x4(x8)
#6974 0 800001fc     4014 r 0d         00000002  c.lw     x13, 0x0(x8)
#6975 0 800001fe 004a2703 r 0e         0000000a  lw       x14, 0x4(x20)
#6976 0 80000202     43cc r 0b         f0040018  c.lw     x11, 0x4(x15)
#6977 0 80000204     4390 r 0c         00000001  c.lw     x12, 0x0(x15)
#6978 0 80000206     16fd r 0d         00000001  c.addi   x13, -0x1
#6979 0 80000208     c04c m ffffffd4   f0040018  c.sw     x11, 0x4(x8)
#6980 0 8000020a 0049a583 r 0b         f0040028  lw       x11, 0x4(x19)
#6981 0 8000020e     c014 m ffffffd0   00000001  c.sw     x13, 0x0(x8)
#6982 0 80000210 0009a683 r 0d         00000004  lw       x13, 0x0(x19)
#6983 0 80000214     c3cc m f0040034   f0040028  c.sw     x11, 0x4(x15)
#6984 0 80000216 00f9a223 m ffffffcc   f0040030  sw       x15, 0x4(x19)
#6985 0 8000021a     c390 m f0040030   00000001  c.sw     x12, 0x0(x15)
#6986 0 8000021c     40f2 r 01         800001de  c.lwsp   x1, 0x1c
#6987 0 8000021e     4462 r 08         ffffffc8  c.lwsp   x8, 0x18
#6988 0 80000220 00168793 r 0f         00000005  addi     x15, x13, 0x1
#6989 0 80000224 00f9a023 m ffffffc8   00000005  sw       x15, 0x0(x19)
#6990 0 80000228 00170793 r 0f         0000000b  addi     x15, x14, 0x1
#6991 0 8000022c 00fa2223 m ffffffc4   0000000b  sw       x15, 0x4(x20)
#6992 0 80000230     44d2 r 09         00000002  c.lwsp   x9, 0x14
#6993 0 80000232     4942 r 12         ffffffd8  c.lwsp   x18, 0x10
#6994 0 80000234     49b2 r 13         ffffffd0  c.lwsp   x19, 0xc
#6995 0 80000236     4a22 r 14         ffffffc0  c.lwsp   x20, 0x8
#6996 0 80000238     6105 r 02         ffffff40  c.addi16sp 0x2
#6997 0 8000023a     8082 r 00         00000000  c.jr     x1
#6998 0 800001de     874e r 0e         ffffffd0  c.mv     x14, x19
#6999 0 800001e0     86a2 r 0d         ffffffc8  c.mv     x13, x8
#7000 0 800001e2     864a r 0c         ffffffd8  c.mv     x12, x18
#7001 0 800001e4     4585 r 0b         00000001  c.li     x11, 0x1
#7002 0 800001e6     8552 r 0a         ffffffc0  c.mv     x10, x20
#7003 0 800001e8     37e9 r 01         800001ea  c.jal    . - 0x36
#7004 0 800001b2     1101 r 02         ffffff20  c.addi   x2, -0x20
#7005 0 800001b4     cc22 m ffffff38   ffffffc8  c.swsp   x8, 0x18
#7006 0 800001b6     ca26 m ffffff34   00000002  c.swsp   x9, 0x14
#7007 0 800001b8     c84a m ffffff30   ffffffd8  c.swsp   x18, 0x10
#7008 0 800001ba     c64e m ffffff2c   ffffffd0  c.swsp   x19, 0xc
#7009 0 800001bc     c452 m ffffff28   ffffffc0  c.swsp   x20, 0x8
#7010 0 800001be     ce06 m ffffff3c   800001ea  c.swsp   x1, 0x1c
#7011 0 800001c0     4785 r 0f         00000001  c.li     x15, 0x1
#7012 0 800001c2     8a2a r 14         ffffffc0  c.mv     x20, x10
#7013 0 800001c4     8932 r 12         ffffffd8  c.mv     x18, x12
#7014 0 800001c6     89ba r 13         ffffffd0  c.mv     x19, x14
#7015 0 800001c8     84ae r 09         00000001  c.mv     x9, x11
#7016 0 800001ca     8436 r 08         ffffffc8  c.mv     x8, x13
#7017 0 800001cc 02f58663 r 00         00000000  beq      x11, x15, . + 0x2c
#7018 0 800001f8     8432 r 08         ffffffd8  c.mv     x8, x12
#7019 0 800001fa     405c r 0f         f0040020  c.lw     x15, 0x4(x8)
#7020 0 800001fc     4014 r 0d         00000001  c.lw     x13, 0x0(x8)
#7021 0 800001fe 004a2703 r 0e         0000000b  lw       x14, 0x4(x20)
#7022 0 80000202     43cc r 0b         00000000  c.lw     x11, 0x4(x15)
#7023 0 80000204     4390 r 0c         00000003  c.lw     x12, 0x0(x15)
#7024 0 80000206     16fd r 0d         00000000  c.addi   x13, -0x1
#7025 0 80000208     c04c m ffffffdc   00000000  c.sw     x11, 0x4(x8)
#7026 0 8000020a 0049a583 r 0b         f0040018  lw       x11, 0x4(x19)
#7027 0 8000020e     c014 m ffffffd8   00000000  c.sw     x13, 0x0(x8)
#7028 0 80000210 0009a683 r 0d         00000001  lw       x13, 0x0(x19)
#7029 0 80000214     c3cc m f0040024   f0040018  c.sw     x11, 0x4(x15)
#7030 0 80000216 00f9a223 m ffffffd4   f0040020  sw       x15, 0x4(x19)
#7031 0 8000021a     c390 m f0040020   00000003  c.sw     x12, 0x0(x15)
#7032 0 8000021c     40f2 r 01         800001ea  c.lwsp   x1, 0x1c
#7033 0 8000021e     4462 r 08         ffffffc8  c.lwsp   x8, 0x18
#7034 0 80000220 00168793 r 0f         00000002  addi     x15, x13, 0x1
#7035 0 80000224 00f9a023 m ffffffd0   00000002  sw       x15, 0x0(x19)
#7036 0 80000228 00170793 r 0f         0000000c  addi     x15, x14, 0x1
#7037 0 8000022c 00fa2223 m ffffffc4   0000000c  sw       x15, 0x4(x20)
#7038 0 80000230     44d2 r 09         00000002  c.lwsp   x9, 0x14
#7039 0 80000232     4942 r 12         ffffffd8  c.lwsp   x18, 0x10
#7040 0 80000234     49b2 r 13         ffffffd0  c.lwsp   x19, 0xc
#7041 0 80000236     4a22 r 14         ffffffc0  c.lwsp   x20, 0x8
#7042 0 80000238     6105 r 02         ffffff40  c.addi16sp 0x2
#7043 0 8000023a     8082 r 00         00000000  c.jr     x1
#7044 0 800001ea     4785 r 0f         00000001  c.li     x15, 0x1
#7045 0 800001ec     874a r 0e         ffffffd8  c.mv     x14, x18
#7046 0 800001ee 00f48663 r 00         00000000  beq      x9, x15, . + 0xc
#7047 0 800001f2     8922 r 12         ffffffc8  c.mv     x18, x8
#7048 0 800001f4     843a r 08         ffffffd8  c.mv     x8, x14
#7049 0 800001f6     bfe9 r 00         00000000  c.j      . - 0x26
#7050 0 800001d0     14fd r 09         00000001  c.addi   x9, -0x1
#7051 0 800001d2     85a6 r 0b         00000001  c.mv     x11, x9
#7052 0 800001d4     8552 r 0a         ffffffc0  c.mv     x10, x20
#7053 0 800001d6     8722 r 0e         ffffffd8  c.mv     x14, x8
#7054 0 800001d8     86ce r 0d         ffffffd0  c.mv     x13, x19
#7055 0 800001da     864a r 0c         ffffffc8  c.mv     x12, x18
#7056 0 800001dc     3fd9 r 01         800001de  c.jal    . - 0x2a
#7057 0 800001b2     1101 r 02         ffffff20  c.addi   x2, -0x20
#7058 0 800001b4     cc22 m ffffff38   ffffffd8  c.swsp   x8, 0x18
#7059 0 800001b6     ca26 m ffffff34   00000001  c.swsp   x9, 0x14
#7060 0 800001b8     c84a m ffffff30   ffffffc8  c.swsp   x18, 0x10
#7061 0 800001ba     c64e m ffffff2c   ffffffd0  c.swsp   x19, 0xc
#7062 0 800001bc     c452 m ffffff28   ffffffc0  c.swsp   x20, 0x8
#7063 0 800001be     ce06 m ffffff3c   800001de  c.swsp   x1, 0x1c
#7064 0 800001c0     4785 r 0f         00000001  c.li     x15, 0x1
#7065 0 800001c2     8a2a r 14         ffffffc0  c.mv     x20, x10
#7066 0 800001c4     8932 r 12         ffffffc8  c.mv     x18, x12
#7067 0 800001c6     89ba r 13         ffffffd8  c.mv     x19, x14
#7068 0 800001c8     84ae r 09         00000001  c.mv     x9, x11
#7069 0 800001ca     8436 r 08         ffffffd0  c.mv     x8, x13
#7070 0 800001cc 02f58663 r 00         00000000  beq      x11, x15, . + 0x2c
#7071 0 800001f8     8432 r 08         ffffffc8  c.mv     x8, x12
#7072 0 800001fa     405c r 0f         f0040030  c.lw     x15, 0x4(x8)
#7073 0 800001fc     4014 r 0d         00000005  c.lw     x13, 0x0(x8)
#7074 0 800001fe 004a2703 r 0e         0000000c  lw       x14, 0x4(x20)
#7075 0 80000202     43cc r 0b         f0040028  c.lw     x11, 0x4(x15)
#7076 0 80000204     4390 r 0c         00000001  c.lw     x12, 0x0(x15)
#7077 0 80000206     16fd r 0d         00000004  c.addi   x13, -0x1
#7078 0 80000208     c04c m ffffffcc   f0040028  c.sw     x11, 0x4(x8)
#7079 0 8000020a 0049a583 r 0b         00000000  lw       x11, 0x4(x19)
#7080 0 8000020e     c014 m ffffffc8   00000004  c.sw     x13, 0x0(x8)
#7081 0 80000210 0009a683 r 0d         00000000  lw       x13, 0x0(x19)
#7082 0 80000214     c3cc m f0040034   00000000  c.sw     x11, 0x4(x15)
#7083 0 80000216 00f9a223 m ffffffdc   f0040030  sw       x15, 0x4(x19)
#7084 0 8000021a     c390 m f0040030   00000001  c.sw     x12, 0x0(x15)
#7085 0 8000021c     40f2 r 01         800001de  c.lwsp   x1, 0x1c
#7086 0 8000021e     4462 r 08         ffffffd8  c.lwsp   x8, 0x18
#7087 0 80000220 00168793 r 0f         00000001  addi     x15, x13, 0x1
#7088 0 80000224 00f9a023 m ffffffd8   00000001  sw       x15, 0x0(x19)
#7089 0 80000228 00170793 r 0f         0000000d  addi     x15, x14, 0x1
#7090 0 8000022c 00fa2223 m ffffffc4   0000000d  sw       x15, 0x4(x20)
#7091 0 80000230     44d2 r 09         00000001  c.lwsp   x9, 0x14
#7092 0 80000232     4942 r 12         ffffffc8  c.lwsp   x18, 0x10
#7093 0 80000234     49b2 r 13         ffffffd0  c.lwsp   x19, 0xc
#7094 0 80000236     4a22 r 14         ffffffc0  c.lwsp   x20, 0x8
#7095 0 80000238     6105 r 02         ffffff40  c.addi16sp 0x2
#7096 0 8000023a     8082 r 00         00000000  c.jr     x1
#7097 0 800001de     874e r 0e         ffffffd0  c.mv     x14, x19
#7098 0 800001e0     86a2 r 0d         ffffffd8  c.mv     x13, x8
#7099 0 800001e2     864a r 0c         ffffffc8  c.mv     x12, x18
#7100 0 800001e4     4585 r 0b         00000001  c.li     x11, 0x1
#7101 0 800001e6     8552 r 0a         ffffffc0  c.mv     x10, x20
#7102 0 800001e8     37e9 r 01         800001ea  c.jal    . - 0x36
#7103 0 800001b2     1101 r 02         ffffff20  c.addi   x2, -0x20
#7104 0 800001b4     cc22 m ffffff38   ffffffd8  c.swsp   x8, 0x18
#7105 0 800001b6     ca26 m ffffff34   00000001  c.swsp   x9, 0x14
#7106 0 800001b8     c84a m ffffff30   ffffffc8  c.swsp   x18, 0x10
#7107 0 800001ba     c64e m ffffff2c   ffffffd0  c.swsp   x19, 0xc
#7108 0 800001bc     c452 m ffffff28   ffffffc0  c.swsp   x20, 0x8
#7109 0 800001be     ce06 m ffffff3c   800001ea  c.swsp   x1, 0x1c
#7110 0 800001c0     4785 r 0f         00000001  c.li     x15, 0x1
#7111 0 800001c2     8a2a r 14         ffffffc0  c.mv     x20, x10
#7112 0 800001c4     8932 r 12         ffffffc8  c.mv     x18, x12
#7113 0 800001c6     89ba r 13         ffffffd0  c.mv     x19, x14
#7114 0 800001c8     84ae r 09         00000001  c.mv     x9, x11
#7115 0 800001ca     8436 r 08         ffffffd8  c.mv     x8, x13
#7116 0 800001cc 02f58663 r 00         00000000  beq      x11, x15, . + 0x2c
#7117 0 800001f8     8432 r 08         ffffffc8  c.mv     x8, x12
#7118 0 800001fa     405c r 0f         f0040028  c.lw     x15, 0x4(x8)
#7119 0 800001fc     4014 r 0d         00000004  c.lw     x13, 0x0(x8)
#7120 0 800001fe 004a2703 r 0e         0000000d  lw       x14, 0x4(x20)
#7121 0 80000202     43cc r 0b         f0040010  c.lw     x11, 0x4(x15)
#7122 0 80000204     4390 r 0c         00000002  c.lw     x12, 0x0(x15)
#7123 0 80000206     16fd r 0d         00000003  c.addi   x13, -0x1
#7124 0 80000208     c04c m ffffffcc   f0040010  c.sw     x11, 0x4(x8)
#7125 0 8000020a 0049a583 r 0b         f0040020  lw       x11, 0x4(x19)
#7126 0 8000020e     c014 m ffffffc8   00000003  c.sw     x13, 0x0(x8)
#7127 0 80000210 0009a683 r 0d         00000002  lw       x13, 0x0(x19)
#7128 0 80000214     c3cc m f004002c   f0040020  c.sw     x11, 0x4(x15)
#7129 0 80000216 00f9a223 m ffffffd4   f0040028  sw       x15, 0x4(x19)
#7130 0 8000021a     c390 m f0040028   00000002  c.sw     x12, 0x0(x15)
#7131 0 8000021c     40f2 r 01         800001ea  c.lwsp   x1, 0x1c
#7132 0 8000021e     4462 r 08         ffffffd8  c.lwsp   x8, 0x18
#7133 0 80000220 00168793 r 0f         00000003  addi     x15, x13, 0x1
#7134 0 80000224 00f9a023 m ffffffd0   00000003  sw       x15, 0x0(x19)
#7135 0 80000228 00170793 r 0f         0000000e  addi     x15, x14, 0x1
#7136 0 8000022c 00fa2223 m ffffffc4   0000000e  sw       x15, 0x4(x20)
#7137 0 80000230     44d2 r 09         00000001  c.lwsp   x9, 0x14
#7138 0 80000232     4942 r 12         ffffffc8  c.lwsp   x18, 0x10
#7139 0 80000234     49b2 r 13         ffffffd0  c.lwsp   x19, 0xc
#7140 0 80000236     4a22 r 14         ffffffc0  c.lwsp   x20, 0x8
#7141 0 80000238     6105 r 02         ffffff40  c.addi16sp 0x2
#7142 0 8000023a     8082 r 00         00000000  c.jr     x1
#7143 0 800001ea     4785 r 0f         00000001  c.li     x15, 0x1
#7144 0 800001ec     874a r 0e         ffffffc8  c.mv     x14, x18
#7145 0 800001ee 00f48663 r 00         00000000  beq      x9, x15, . + 0xc
#7146 0 800001fa     405c r 0f         f0040030  c.lw     x15, 0x4(x8)
#7147 0 800001fc     4014 r 0d         00000001  c.lw     x13, 0x0(x8)
#7148 0 800001fe 004a2703 r 0e         0000000e  lw       x14, 0x4(x20)
#7149 0 80000202     43cc r 0b         00000000  c.lw     x11, 0x4(x15)
#7150 0 80000204     4390 r 0c         00000001  c.lw     x12, 0x0(x15)
#7151 0 80000206     16fd r 0d         00000000  c.addi   x13, -0x1
#7152 0 80000208     c04c m ffffffdc   00000000  c.sw     x11, 0x4(x8)
#7153 0 8000020a 0049a583 r 0b         f0040028  lw       x11, 0x4(x19)
#7154 0 8000020e     c014 m ffffffd8   00000000  c.sw     x13, 0x0(x8)
#7155 0 80000210 0009a683 r 0d         00000003  lw       x13, 0x0(x19)
#7156 0 80000214     c3cc m f0040034   f0040028  c.sw     x11, 0x4(x15)
#7157 0 80000216 00f9a223 m ffffffd4   f0040030  sw       x15, 0x4(x19)
#7158 0 8000021a     c390 m f0040030   00000001  c.sw     x12, 0x0(x15)
#7159 0 8000021c     40f2 r 01         800001de  c.lwsp   x1, 0x1c
#7160 0 8000021e     4462 r 08         ffffffd0  c.lwsp   x8, 0x18
#7161 0 80000220 00168793 r 0f         00000004  addi     x15, x13, 0x1
#7162 0 80000224 00f9a023 m ffffffd0   00000004  sw       x15, 0x0(x19)
#7163 0 80000228 00170793 r 0f         0000000f  addi     x15, x14, 0x1
#7164 0 8000022c 00fa2223 m ffffffc4   0000000f  sw       x15, 0x4(x20)
#7165 0 80000230     44d2 r 09         00000004  c.lwsp   x9, 0x14
#7166 0 80000232     4942 r 12         ffffffc8  c.lwsp   x18, 0x10
#7167 0 80000234     49b2 r 13         ffffffd8  c.lwsp   x19, 0xc
#7168 0 80000236     4a22 r 14         ffffffc0  c.lwsp   x20, 0x8
#7169 0 80000238     6105 r 02         ffffff60  c.addi16sp 0x2
#7170 0 8000023a     8082 r 00         00000000  c.jr     x1
#7171 0 800001de     874e r 0e         ffffffd8  c.mv     x14, x19
#7172 0 800001e0     86a2 r 0d         ffffffd0  c.mv     x13, x8
#7173 0 800001e2     864a r 0c         ffffffc8  c.mv     x12, x18
#7174 0 800001e4     4585 r 0b         00000001  c.li     x11, 0x1
#7175 0 800001e6     8552 r 0a         ffffffc0  c.mv     x10, x20
#7176 0 800001e8     37e9 r 01         800001ea  c.jal    . - 0x36
#7177 0 800001b2     1101 r 02         ffffff40  c.addi   x2, -0x20
#7178 0 800001b4     cc22 m ffffff58   ffffffd0  c.swsp   x8, 0x18
#7179 0 800001b6     ca26 m ffffff54   00000004  c.swsp   x9, 0x14
#7180 0 800001b8     c84a m ffffff50   ffffffc8  c.swsp   x18, 0x10
#7181 0 800001ba     c64e m ffffff4c   ffffffd8  c.swsp   x19, 0xc
#7182 0 800001bc     c452 m ffffff48   ffffffc0  c.swsp   x20, 0x8
#7183 0 800001be     ce06 m ffffff5c   800001ea  c.swsp   x1, 0x1c
#7184 0 800001c0     4785 r 0f         00000001  c.li     x15, 0x1
#7185 0 800001c2     8a2a r 14         ffffffc0  c.mv     x20, x10
#7186 0 800001c4     8932 r 12         ffffffc8  c.mv     x18, x12
#7187 0 800001c6     89ba r 13         ffffffd8  c.mv     x19, x14
#7188 0 800001c8     84ae r 09         00000001  c.mv     x9, x11
#7189 0 800001ca     8436 r 08         ffffffd0  c.mv     x8, x13
#7190 0 800001cc 02f58663 r 00         00000000  beq      x11, x15, . + 0x2c
#7191 0 800001f8     8432 r 08         ffffffc8  c.mv     x8, x12
#7192 0 800001fa     405c r 0f         f0040010  c.lw     x15, 0x4(x8)
#7193 0 800001fc     4014 r 0d         00000003  c.lw     x13, 0x0(x8)
#7194 0 800001fe 004a2703 r 0e         0000000f  lw       x14, 0x4(x20)
#7195 0 80000202     43cc r 0b         f0040008  c.lw     x11, 0x4(x15)
#7196 0 80000204     4390 r 0c         00000005  c.lw     x12, 0x0(x15)
#7197 0 80000206     16fd r 0d         00000002  c.addi   x13, -0x1
#7198 0 80000208     c04c m ffffffcc   f0040008  c.sw     x11, 0x4(x8)
#7199 0 8000020a 0049a583 r 0b         00000000  lw       x11, 0x4(x19)
#7200 0 8000020e     c014 m ffffffc8   00000002  c.sw     x13, 0x0(x8)
#7201 0 80000210 0009a683 r 0d         00000000  lw       x13, 0x0(x19)
#7202 0 80000214     c3cc m f0040014   00000000  c.sw     x11, 0x4(x15)
#7203 0 80000216 00f9a223 m ffffffdc   f0040010  sw       x15, 0x4(x19)
#7204 0 8000021a     c390 m f0040010   00000005  c.sw     x12, 0x0(x15)
#7205 0 8000021c     40f2 r 01         800001ea  c.lwsp   x1, 0x1c
#7206 0 8000021e     4462 r 08         ffffffd0  c.lwsp   x8, 0x18
#7207 0 80000220 00168793 r 0f         00000001  addi     x15, x13, 0x1
#7208 0 80000224 00f9a023 m ffffffd8   00000001  sw       x15, 0x0(x19)
#7209 0 80000228 00170793 r 0f         00000010  addi     x15, x14, 0x1
#7210 0 8000022c 00fa2223 m ffffffc4   00000010  sw       x15, 0x4(x20)
#7211 0 80000230     44d2 r 09         00000004  c.lwsp   x9, 0x14
#7212 0 80000232     4942 r 12         ffffffc8  c.lwsp   x18, 0x10
#7213 0 80000234     49b2 r 13         ffffffd8  c.lwsp   x19, 0xc
#7214 0 80000236     4a22 r 14         ffffffc0  c.lwsp   x20, 0x8
#7215 0 80000238     6105 r 02         ffffff60  c.addi16sp 0x2
#7216 0 8000023a     8082 r 00         00000000  c.jr     x1
#7217 0 800001ea     4785 r 0f         00000001  c.li     x15, 0x1
#7218 0 800001ec     874a r 0e         ffffffc8  c.mv     x14, x18
#7219 0 800001ee 00f48663 r 00         00000000  beq      x9, x15, . + 0xc
#7220 0 800001f2     8922 r 12         ffffffd0  c.mv     x18, x8
#7221 0 800001f4     843a r 08         ffffffc8  c.mv     x8, x14
#7222 0 800001f6     bfe9 r 00         00000000  c.j      . - 0x26
#7223 0 800001d0     14fd r 09         00000003  c.addi   x9, -0x1
#7224 0 800001d2     85a6 r 0b         00000003  c.mv     x11, x9
#7225 0 800001d4     8552 r 0a         ffffffc0  c.mv     x10, x20
#7226 0 800001d6     8722 r 0e         ffffffc8  c.mv     x14, x8
#7227 0 800001d8     86ce r 0d         ffffffd8  c.mv     x13, x19
#7228 0 800001da     864a r 0c         ffffffd0  c.mv     x12, x18
#7229 0 800001dc     3fd9 r 01         800001de  c.jal    . - 0x2a
#7230 0 800001b2     1101 r 02         ffffff40  c.addi   x2, -0x20
#7231 0 800001b4     cc22 m ffffff58   ffffffc8  c.swsp   x8, 0x18
#7232 0 800001b6     ca26 m ffffff54   00000003  c.swsp   x9, 0x14
#7233 0 800001b8     c84a m ffffff50   ffffffd0  c.swsp   x18, 0x10
#7234 0 800001ba     c64e m ffffff4c   ffffffd8  c.swsp   x19, 0xc
#7235 0 800001bc     c452 m ffffff48   ffffffc0  c.swsp   x20, 0x8
#7236 0 800001be     ce06 m ffffff5c   800001de  c.swsp   x1, 0x1c
#7237 0 800001c0     4785 r 0f         00000001  c.li     x15, 0x1
#7238 0 800001c2     8a2a r 14         ffffffc0  c.mv     x20, x10
#7239 0 800001c4     8932 r 12         ffffffd0  c.mv     x18, x12
#7240 0 800001c6     89ba r 13         ffffffc8  c.mv     x19, x14
#7241 0 800001c8     84ae r 09         00000003  c.mv     x9, x11
#7242 0 800001ca     8436 r 08         ffffffd8  c.mv     x8, x13
#7243 0 800001cc 02f58663 r 00         00000000  beq      x11, x15, . + 0x2c
#7244 0 800001d0     14fd r 09         00000002  c.addi   x9, -0x1
#7245 0 800001d2     85a6 r 0b         00000002  c.mv     x11, x9
#7246 0 800001d4     8552 r 0a         ffffffc0  c.mv     x10, x20
#7247 0 800001d6     8722 r 0e         ffffffd8  c.mv     x14, x8
#7248 0 800001d8     86ce r 0d         ffffffc8  c.mv     x13, x19
#7249 0 800001da     864a r 0c         ffffffd0  c.mv     x12, x18
#7250 0 800001dc     3fd9 r 01         800001de  c.jal    . - 0x2a
#7251 0 800001b2     1101 r 02         ffffff20  c.addi   x2, -0x20
#7252 0 800001b4     cc22 m ffffff38   ffffffd8  c.swsp   x8, 0x18
#7253 0 800001b6     ca26 m ffffff34   00000002  c.swsp   x9, 0x14
#7254 0 800001b8     c84a m ffffff30   ffffffd0  c.swsp   x18, 0x10
#7255 0 800001ba     c64e m ffffff2c   ffffffc8  c.swsp   x19, 0xc
#7256 0 800001bc     c452 m ffffff28   ffffffc0  c.swsp   x20, 0x8
#7257 0 800001be     ce06 m ffffff3c   800001de  c.swsp   x1, 0x1c
#7258 0 800001c0     4785 r 0f         00000001  c.li     x15, 0x1
#7259 0 800001c2     8a2a r 14         ffffffc0  c.mv     x20, x10
#7260 0 800001c4     8932 r 12         ffffffd0  c.mv     x18, x12
#7261 0 800001c6     89ba r 13         ffffffd8  c.mv     x19, x14
#7262 0 800001c8     84ae r 09         00000002  c.mv     x9, x11
#7263 0 800001ca     8436 r 08         ffffffc8  c.mv     x8, x13
#7264 0 800001cc 02f58663 r 00         00000000  beq      x11, x15, . + 0x2c
#7265 0 800001d0     14fd r 09         00000001  c.addi   x9, -0x1
#7266 0 800001d2     85a6 r 0b         00000001  c.mv     x11, x9
#7267 0 800001d4     8552 r 0a         ffffffc0  c.mv     x10, x20
#7268 0 800001d6     8722 r 0e         ffffffc8  c.mv     x14, x8
#7269 0 800001d8     86ce r 0d         ffffffd8  c.mv     x13, x19
#7270 0 800001da     864a r 0c         ffffffd0  c.mv     x12, x18
#7271 0 800001dc     3fd9 r 01         800001de  c.jal    . - 0x2a
#7272 0 800001b2     1101 r 02         ffffff00  c.addi   x2, -0x20
#7273 0 800001b4     cc22 m ffffff18   ffffffc8  c.swsp   x8, 0x18
#7274 0 800001b6     ca26 m ffffff14   00000001  c.swsp   x9, 0x14
#7275 0 800001b8     c84a m ffffff10   ffffffd0  c.swsp   x18, 0x10
#7276 0 800001ba     c64e m ffffff0c   ffffffd8  c.swsp   x19, 0xc
#7277 0 800001bc     c452 m ffffff08   ffffffc0  c.swsp   x20, 0x8
#7278 0 800001be     ce06 m ffffff1c   800001de  c.swsp   x1, 0x1c
#7279 0 800001c0     4785 r 0f         00000001  c.li     x15, 0x1
#7280 0 800001c2     8a2a r 14         ffffffc0  c.mv     x20, x10
#7281 0 800001c4     8932 r 12         ffffffd0  c.mv     x18, x12
#7282 0 800001c6     89ba r 13         ffffffc8  c.mv     x19, x14
#7283 0 800001c8     84ae r 09         00000001  c.mv     x9, x11
#7284 0 800001ca     8436 r 08         ffffffd8  c.mv     x8, x13
#7285 0 800001cc 02f58663 r 00         00000000  beq      x11, x15, . + 0x2c
#7286 0 800001f8     8432 r 08         ffffffd0  c.mv     x8, x12
#7287 0 800001fa     405c r 0f         f0040030  c.lw     x15, 0x4(x8)
#7288 0 800001fc     4014 r 0d         00000004  c.lw     x13, 0x0(x8)
#7289 0 800001fe 004a2703 r 0e         00000010  lw       x14, 0x4(x20)
#7290 0 80000202     43cc r 0b         f0040028  c.lw     x11, 0x4(x15)
#7291 0 80000204     4390 r 0c         00000001  c.lw     x12, 0x0(x15)
#7292 0 80000206     16fd r 0d         00000003  c.addi   x13, -0x1
#7293 0 80000208     c04c m ffffffd4   f0040028  c.sw     x11, 0x4(x8)
#7294 0 8000020a 0049a583 r 0b         f0040008  lw       x11, 0x4(x19)
#7295 0 8000020e     c014 m ffffffd0   00000003  c.sw     x13, 0x0(x8)
#7296 0 80000210 0009a683 r 0d         00000002  lw       x13, 0x0(x19)
#7297 0 80000214     c3cc m f0040034   f0040008  c.sw     x11, 0x4(x15)
#7298 0 80000216 00f9a223 m ffffffcc   f0040030  sw       x15, 0x4(x19)
#7299 0 8000021a     c390 m f0040030   00000001  c.sw     x12, 0x0(x15)
#7300 0 8000021c     40f2 r 01         800001de  c.lwsp   x1, 0x1c
#7301 0 8000021e     4462 r 08         ffffffc8  c.lwsp   x8, 0x18
#7302 0 80000220 00168793 r 0f         00000003  addi     x15, x13, 0x1
#7303 0 80000224 00f9a023 m ffffffc8   00000003  sw       x15, 0x0(x19)
#7304 0 80000228 00170793 r 0f         00000011  addi     x15, x14, 0x1
#7305 0 8000022c 00fa2223 m ffffffc4   00000011  sw       x15, 0x4(x20)
#7306 0 80000230     44d2 r 09         00000001  c.lwsp   x9, 0x14
#7307 0 80000232     4942 r 12         ffffffd0  c.lwsp   x18, 0x10
#7308 0 80000234     49b2 r 13         ffffffd8  c.lwsp   x19, 0xc
#7309 0 80000236     4a22 r 14         ffffffc0  c.lwsp   x20, 0x8
#7310 0 80000238     6105 r 02         ffffff20  c.addi16sp 0x2
#7311 0 8000023a     8082 r 00         00000000  c.jr     x1
#7312 0 800001de     874e r 0e         ffffffd8  c.mv     x14, x19
#7313 0 800001e0     86a2 r 0d         ffffffc8  c.mv     x13, x8
#7314 0 800001e2     864a r 0c         ffffffd0  c.mv     x12, x18
#7315 0 800001e4     4585 r 0b         00000001  c.li     x11, 0x1
#7316 0 800001e6     8552 r 0a         ffffffc0  c.mv     x10, x20
#7317 0 800001e8     37e9 r 01         800001ea  c.jal    . - 0x36
#7318 0 800001b2     1101 r 02         ffffff00  c.addi   x2, -0x20
#7319 0 800001b4     cc22 m ffffff18   ffffffc8  c.swsp   x8, 0x18
#7320 0 800001b6     ca26 m ffffff14   00000001  c.swsp   x9, 0x14
#7321 0 800001b8     c84a m ffffff10   ffffffd0  c.swsp   x18, 0x10
#7322 0 800001ba     c64e m ffffff0c   ffffffd8  c.swsp   x19, 0xc
#7323 0 800001bc     c452 m ffffff08   ffffffc0  c.swsp   x20, 0x8
#7324 0 800001be     ce06 m ffffff1c   800001ea  c.swsp   x1, 0x1c
#7325 0 800001c0     4785 r 0f         00000001  c.li     x15, 0x1
#7326 0 800001c2     8a2a r 14         ffffffc0  c.mv     x20, x10
#7327 0 800001c4     8932 r 12         ffffffd0  c.mv     x18, x12
#7328 0 800001c6     89ba r 13         ffffffd8  c.mv     x19, x14
#7329 0 800001c8     84ae r 09         00000001  c.mv     x9, x11
#7330 0 800001ca     8436 r 08         ffffffc8  c.mv     x8, x13
#7331 0 800001cc 02f58663 r 00         00000000  beq      x11, x15, . + 0x2c
#7332 0 800001f8     8432 r 08         ffffffd0  c.mv     x8, x12
#7333 0 800001fa     405c r 0f         f0040028  c.lw     x15, 0x4(x8)
#7334 0 800001fc     4014 r 0d         00000003  c.lw     x13, 0x0(x8)
#7335 0 800001fe 004a2703 r 0e         00000011  lw       x14, 0x4(x20)
#7336 0 80000202     43cc r 0b         f0040020  c.lw     x11, 0x4(x15)
#7337 0 80000204     4390 r 0c         00000002  c.lw     x12, 0x0(x15)
#7338 0 80000206     16fd r 0d         00000002  c.addi   x13, -0x1
#7339 0 80000208     c04c m ffffffd4   f0040020  c.sw     x11, 0x4(x8)
#7340 0 8000020a 0049a583 r 0b         f0040010  lw       x11, 0x4(x19)
#7341 0 8000020e     c014 m ffffffd0   00000002  c.sw     x13, 0x0(x8)
#7342 0 80000210 0009a683 r 0d         00000001  lw       x13, 0x0(x19)
#7343 0 80000214     c3cc m f004002c   f0040010  c.sw     x11, 0x4(x15)
#7344 0 80000216 00f9a223 m ffffffdc   f0040028  sw       x15, 0x4(x19)
#7345 0 8000021a     c390 m f0040028   00000002  c.sw     x12, 0x0(x15)
#7346 0 8000021c     40f2 r 01         800001ea  c.lwsp   x1, 0x1c
#7347 0 8000021e     4462 r 08         ffffffc8  c.lwsp   x8, 0x18
#7348 0 80000220 00168793 r 0f         00000002  addi     x15, x13, 0x1
#7349 0 80000224 00f9a023 m ffffffd8   00000002  sw       x15, 0x0(x19)
#7350 0 80000228 00170793 r 0f         00000012  addi     x15, x14, 0x1
#7351 0 8000022c 00fa2223 m ffffffc4   00000012  sw       x15, 0x4(x20)
#7352 0 80000230     44d2 r 09         00000001  c.lwsp   x9, 0x14
#7353 0 80000232     4942 r 12         ffffffd0  c.lwsp   x18, 0x10
#7354 0 80000234     49b2 r 13         ffffffd8  c.lwsp   x19, 0xc
#7355 0 80000236     4a22 r 14         ffffffc0  c.lwsp   x20, 0x8
#7356 0 80000238     6105 r 02         ffffff20  c.addi16sp 0x2
#7357 0 8000023a     8082 r 00         00000000  c.jr     x1
#7358 0 800001ea     4785 r 0f         00000001  c.li     x15, 0x1
#7359 0 800001ec     874a r 0e         ffffffd0  c.mv     x14, x18
#7360 0 800001ee 00f48663 r 00         00000000  beq      x9, x15, . + 0xc
#7361 0 800001fa     405c r 0f         f0040030  c.lw     x15, 0x4(x8)
#7362 0 800001fc     4014 r 0d         00000003  c.lw     x13, 0x0(x8)
#7363 0 800001fe 004a2703 r 0e         00000012  lw       x14, 0x4(x20)
#7364 0 80000202     43cc r 0b         f0040008  c.lw     x11, 0x4(x15)
#7365 0 80000204     4390 r 0c         00000001  c.lw     x12, 0x0(x15)
#7366 0 80000206     16fd r 0d         00000002  c.addi   x13, -0x1
#7367 0 80000208     c04c m ffffffcc   f0040008  c.sw     x11, 0x4(x8)
#7368 0 8000020a 0049a583 r 0b         f0040028  lw       x11, 0x4(x19)
#7369 0 8000020e     c014 m ffffffc8   00000002  c.sw     x13, 0x0(x8)
#7370 0 80000210 0009a683 r 0d         00000002  lw       x13, 0x0(x19)
#7371 0 80000214     c3cc m f0040034   f0040028  c.sw     x11, 0x4(x15)
#7372 0 80000216 00f9a223 m ffffffdc   f0040030  sw       x15, 0x4(x19)
#7373 0 8000021a     c390 m f0040030   00000001  c.sw     x12, 0x0(x15)
#7374 0 8000021c     40f2 r 01         800001de  c.lwsp   x1, 0x1c
#7375 0 8000021e     4462 r 08         ffffffd8  c.lwsp   x8, 0x18
#7376 0 80000220 00168793 r 0f         00000003  addi     x15, x13, 0x1
#7377 0 80000224 00f9a023 m ffffffd8   00000003  sw       x15, 0x0(x19)
#7378 0 80000228 00170793 r 0f         00000013  addi     x15, x14, 0x1
#7379 0 8000022c 00fa2223 m ffffffc4   00000013  sw       x15, 0x4(x20)
#7380 0 80000230     44d2 r 09         00000002  c.lwsp   x9, 0x14
#7381 0 80000232     4942 r 12         ffffffd0  c.lwsp   x18, 0x10
#7382 0 80000234     49b2 r 13         ffffffc8  c.lwsp   x19, 0xc
#7383 0 80000236     4a22 r 14         ffffffc0  c.lwsp   x20, 0x8
#7384 0 80000238     6105 r 02         ffffff40  c.addi16sp 0x2
#7385 0 8000023a     8082 r 00         00000000  c.jr     x1
#7386 0 800001de     874e r 0e         ffffffc8  c.mv     x14, x19
#7387 0 800001e0     86a2 r 0d         ffffffd8  c.mv     x13, x8
#7388 0 800001e2     864a r 0c         ffffffd0  c.mv     x12, x18
#7389 0 800001e4     4585 r 0b         00000001  c.li     x11, 0x1
#7390 0 800001e6     8552 r 0a         ffffffc0  c.mv     x10, x20
#7391 0 800001e8     37e9 r 01         800001ea  c.jal    . - 0x36
#7392 0 800001b2     1101 r 02         ffffff20  c.addi   x2, -0x20
#7393 0 800001b4     cc22 m ffffff38   ffffffd8  c.swsp   x8, 0x18
#7394 0 800001b6     ca26 m ffffff34   00000002  c.swsp   x9, 0x14
#7395 0 800001b8     c84a m ffffff30   ffffffd0  c.swsp   x18, 0x10
#7396 0 800001ba     c64e m ffffff2c   ffffffc8  c.swsp   x19, 0xc
#7397 0 800001bc     c452 m ffffff28   ffffffc0  c.swsp   x20, 0x8
#7398 0 800001be     ce06 m ffffff3c   800001ea  c.swsp   x1, 0x1c
#7399 0 800001c0     4785 r 0f         00000001  c.li     x15, 0x1
#7400 0 800001c2     8a2a r 14         ffffffc0  c.mv     x20, x10
#7401 0 800001c4     8932 r 12         ffffffd0  c.mv     x18, x12
#7402 0 800001c6     89ba r 13         ffffffc8  c.mv     x19, x14
#7403 0 800001c8     84ae r 09         00000001  c.mv     x9, x11
#7404 0 800001ca     8436 r 08         ffffffd8  c.mv     x8, x13
#7405 0 800001cc 02f58663 r 00         00000000  beq      x11, x15, . + 0x2c
#7406 0 800001f8     8432 r 08         ffffffd0  c.mv     x8, x12
#7407 0 800001fa     405c r 0f         f0040020  c.lw     x15, 0x4(x8)
#7408 0 800001fc     4014 r 0d         00000002  c.lw     x13, 0x0(x8)
#7409 0 800001fe 004a2703 r 0e         00000013  lw       x14, 0x4(x20)
#7410 0 80000202     43cc r 0b         f0040018  c.lw     x11, 0x4(x15)
#7411 0 80000204     4390 r 0c         00000003  c.lw     x12, 0x0(x15)
#7412 0 80000206     16fd r 0d         00000001  c.addi   x13, -0x1
#7413 0 80000208     c04c m ffffffd4   f0040018  c.sw     x11, 0x4(x8)
#7414 0 8000020a 0049a583 r 0b         f0040008  lw       x11, 0x4(x19)
#7415 0 8000020e     c014 m ffffffd0   00000001  c.sw     x13, 0x0(x8)
#7416 0 80000210 0009a683 r 0d         00000002  lw       x13, 0x0(x19)
#7417 0 80000214     c3cc m f0040024   f0040008  c.sw     x11, 0x4(x15)
#7418 0 80000216 00f9a223 m ffffffcc   f0040020  sw       x15, 0x4(x19)
#7419 0 8000021a     c390 m f0040020   00000003  c.sw     x12, 0x0(x15)
#7420 0 8000021c     40f2 r 01         800001ea  c.lwsp   x1, 0x1c
#7421 0 8000021e     4462 r 08         ffffffd8  c.lwsp   x8, 0x18
#7422 0 80000220 00168793 r 0f         00000003  addi     x15, x13, 0x1
#7423 0 80000224 00f9a023 m ffffffc8   00000003  sw       x15, 0x0(x19)
#7424 0 80000228 00170793 r 0f         00000014  addi     x15, x14, 0x1
#7425 0 8000022c 00fa2223 m ffffffc4   00000014  sw       x15, 0x4(x20)
#7426 0 80000230     44d2 r 09         00000002  c.lwsp   x9, 0x14
#7427 0 80000232     4942 r 12         ffffffd0  c.lwsp   x18, 0x10
#7428 0 80000234     49b2 r 13         ffffffc8  c.lwsp   x19, 0xc
#7429 0 80000236     4a22 r 14         ffffffc0  c.lwsp   x20, 0x8
#7430 0 80000238     6105 r 02         ffffff40  c.addi16sp 0x2
#7431 0 8000023a     8082 r 00         00000000  c.jr     x1
#7432 0 800001ea     4785 r 0f         00000001  c.li     x15, 0x1
#7433 0 800001ec     874a r 0e         ffffffd0  c.mv     x14, x18
#7434 0 800001ee 00f48663 r 00         00000000  beq      x9, x15, . + 0xc
#7435 0 800001f2     8922 r 12         ffffffd8  c.mv     x18, x8
#7436 0 800001f4     843a r 08         ffffffd0  c.mv     x8, x14
#7437 0 800001f6     bfe9 r 00         00000000  c.j      . - 0x26
#7438 0 800001d0     14fd r 09         00000001  c.addi   x9, -0x1
#7439 0 800001d2     85a6 r 0b         00000001  c.mv     x11, x9
#7440 0 800001d4     8552 r 0a         ffffffc0  c.mv     x10, x20
#7441 0 800001d6     8722 r 0e         ffffffd0  c.mv     x14, x8
#7442 0 800001d8     86ce r 0d         ffffffc8  c.mv     x13, x19
#7443 0 800001da     864a r 0c         ffffffd8  c.mv     x12, x18
#7444 0 800001dc     3fd9 r 01         800001de  c.jal    . - 0x2a
#7445 0 800001b2     1101 r 02         ffffff20  c.addi   x2, -0x20
#7446 0 800001b4     cc22 m ffffff38   ffffffd0  c.swsp   x8, 0x18
#7447 0 800001b6     ca26 m ffffff34   00000001  c.swsp   x9, 0x14
#7448 0 800001b8     c84a m ffffff30   ffffffd8  c.swsp   x18, 0x10
#7449 0 800001ba     c64e m ffffff2c   ffffffc8  c.swsp   x19, 0xc
#7450 0 800001bc     c452 m ffffff28   ffffffc0  c.swsp   x20, 0x8
#7451 0 800001be     ce06 m ffffff3c   800001de  c.swsp   x1, 0x1c
#7452 0 800001c0     4785 r 0f         00000001  c.li     x15, 0x1
#7453 0 800001c2     8a2a r 14         ffffffc0  c.mv     x20, x10
#7454 0 800001c4     8932 r 12         ffffffd8  c.mv     x18, x12
#7455 0 800001c6     89ba r 13         ffffffd0  c.mv     x19, x14
#7456 0 800001c8     84ae r 09         00000001  c.mv     x9, x11
#7457 0 800001ca     8436 r 08         ffffffc8  c.mv     x8, x13
#7458 0 800001cc 02f58663 r 00         00000000  beq      x11, x15, . + 0x2c
#7459 0 800001f8     8432 r 08         ffffffd8  c.mv     x8, x12
#7460 0 800001fa     405c r 0f         f0040030  c.lw     x15, 0x4(x8)
#7461 0 800001fc     4014 r 0d         00000003  c.lw     x13, 0x0(x8)
#7462 0 800001fe 004a2703 r 0e         00000014  lw       x14, 0x4(x20)
#7463 0 80000202     43cc r 0b         f0040028  c.lw     x11, 0x4(x15)
#7464 0 80000204     4390 r 0c         00000001  c.lw     x12, 0x0(x15)
#7465 0 80000206     16fd r 0d         00000002  c.addi   x13, -0x1
#7466 0 80000208     c04c m ffffffdc   f0040028  c.sw     x11, 0x4(x8)
#7467 0 8000020a 0049a583 r 0b         f0040018  lw       x11, 0x4(x19)
#7468 0 8000020e     c014 m ffffffd8   00000002  c.sw     x13, 0x0(x8)
#7469 0 80000210 0009a683 r 0d         00000001  lw       x13, 0x0(x19)
#7470 0 80000214     c3cc m f0040034   f0040018  c.sw     x11, 0x4(x15)
#7471 0 80000216 00f9a223 m ffffffd4   f0040030  sw       x15, 0x4(x19)
#7472 0 8000021a     c390 m f0040030   00000001  c.sw     x12, 0x0(x15)
#7473 0 8000021c     40f2 r 01         800001de  c.lwsp   x1, 0x1c
#7474 0 8000021e     4462 r 08         ffffffd0  c.lwsp   x8, 0x18
#7475 0 80000220 00168793 r 0f         00000002  addi     x15, x13, 0x1
#7476 0 80000224 00f9a023 m ffffffd0   00000002  sw       x15, 0x0(x19)
#7477 0 80000228 00170793 r 0f         00000015  addi     x15, x14, 0x1
#7478 0 8000022c 00fa2223 m ffffffc4   00000015  sw       x15, 0x4(x20)
#7479 0 80000230     44d2 r 09         00000001  c.lwsp   x9, 0x14
#7480 0 80000232     4942 r 12         ffffffd8  c.lwsp   x18, 0x10
#7481 0 80000234     49b2 r 13         ffffffc8  c.lwsp   x19, 0xc
#7482 0 80000236     4a22 r 14         ffffffc0  c.lwsp   x20, 0x8
#7483 0 80000238     6105 r 02         ffffff40  c.addi16sp 0x2
#7484 0 8000023a     8082 r 00         00000000  c.jr     x1
#7485 0 800001de     874e r 0e         ffffffc8  c.mv     x14, x19
#7486 0 800001e0     86a2 r 0d         ffffffd0  c.mv     x13, x8
#7487 0 800001e2     864a r 0c         ffffffd8  c.mv     x12, x18
#7488 0 800001e4     4585 r 0b         00000001  c.li     x11, 0x1
#7489 0 800001e6     8552 r 0a         ffffffc0  c.mv     x10, x20
#7490 0 800001e8     37e9 r 01         800001ea  c.jal    . - 0x36
#7491 0 800001b2     1101 r 02         ffffff20  c.addi   x2, -0x20
#7492 0 800001b4     cc22 m ffffff38   ffffffd0  c.swsp   x8, 0x18
#7493 0 800001b6     ca26 m ffffff34   00000001  c.swsp   x9, 0x14
#7494 0 800001b8     c84a m ffffff30   ffffffd8  c.swsp   x18, 0x10
#7495 0 800001ba     c64e m ffffff2c   ffffffc8  c.swsp   x19, 0xc
#7496 0 800001bc     c452 m ffffff28   ffffffc0  c.swsp   x20, 0x8
#7497 0 800001be     ce06 m ffffff3c   800001ea  c.swsp   x1, 0x1c
#7498 0 800001c0     4785 r 0f         00000001  c.li     x15, 0x1
#7499 0 800001c2     8a2a r 14         ffffffc0  c.mv     x20, x10
#7500 0 800001c4     8932 r 12         ffffffd8  c.mv     x18, x12
#7501 0 800001c6     89ba r 13         ffffffc8  c.mv     x19, x14
#7502 0 800001c8     84ae r 09         00000001  c.mv     x9, x11
#7503 0 800001ca     8436 r 08         ffffffd0  c.mv     x8, x13
#7504 0 800001cc 02f58663 r 00         00000000  beq      x11, x15, . + 0x2c
#7505 0 800001f8     8432 r 08         ffffffd8  c.mv     x8, x12
#7506 0 800001fa     405c r 0f         f0040028  c.lw     x15, 0x4(x8)
#7507 0 800001fc     4014 r 0d         00000002  c.lw     x13, 0x0(x8)
#7508 0 800001fe 004a2703 r 0e         00000015  lw       x14, 0x4(x20)
#7509 0 80000202     43cc r 0b         f0040010  c.lw     x11, 0x4(x15)
#7510 0 80000204     4390 r 0c         00000002  c.lw     x12, 0x0(x15)
#7511 0 80000206     16fd r 0d         00000001  c.addi   x13, -0x1
#7512 0 80000208     c04c m ffffffdc   f0040010  c.sw     x11, 0x4(x8)
#7513 0 8000020a 0049a583 r 0b         f0040020  lw       x11, 0x4(x19)
#7514 0 8000020e     c014 m ffffffd8   00000001  c.sw     x13, 0x0(x8)
#7515 0 80000210 0009a683 r 0d         00000003  lw       x13, 0x0(x19)
#7516 0 80000214     c3cc m f004002c   f0040020  c.sw     x11, 0x4(x15)
#7517 0 80000216 00f9a223 m ffffffcc   f0040028  sw       x15, 0x4(x19)
#7518 0 8000021a     c390 m f0040028   00000002  c.sw     x12, 0x0(x15)
#7519 0 8000021c     40f2 r 01         800001ea  c.lwsp   x1, 0x1c
#7520 0 8000021e     4462 r 08         ffffffd0  c.lwsp   x8, 0x18
#7521 0 80000220 00168793 r 0f         00000004  addi     x15, x13, 0x1
#7522 0 80000224 00f9a023 m ffffffc8   00000004  sw       x15, 0x0(x19)
#7523 0 80000228 00170793 r 0f         00000016  addi     x15, x14, 0x1
#7524 0 8000022c 00fa2223 m ffffffc4   00000016  sw       x15, 0x4(x20)
#7525 0 80000230     44d2 r 09         00000001  c.lwsp   x9, 0x14
#7526 0 80000232     4942 r 12         ffffffd8  c.lwsp   x18, 0x10
#7527 0 80000234     49b2 r 13         ffffffc8  c.lwsp   x19, 0xc
#7528 0 80000236     4a22 r 14         ffffffc0  c.lwsp   x20, 0x8
#7529 0 80000238     6105 r 02         ffffff40  c.addi16sp 0x2
#7530 0 8000023a     8082 r 00         00000000  c.jr     x1
#7531 0 800001ea     4785 r 0f         00000001  c.li     x15, 0x1
#7532 0 800001ec     874a r 0e         ffffffd8  c.mv     x14, x18
#7533 0 800001ee 00f48663 r 00         00000000  beq      x9, x15, . + 0xc
#7534 0 800001fa     405c r 0f         f0040030  c.lw     x15, 0x4(x8)
#7535 0 800001fc     4014 r 0d         00000002  c.lw     x13, 0x0(x8)
#7536 0 800001fe 004a2703 r 0e         00000016  lw       x14, 0x4(x20)
#7537 0 80000202     43cc r 0b         f0040018  c.lw     x11, 0x4(x15)
#7538 0 80000204     4390 r 0c         00000001  c.lw     x12, 0x0(x15)
#7539 0 80000206     16fd r 0d         00000001  c.addi   x13, -0x1
#7540 0 80000208     c04c m ffffffd4   f0040018  c.sw     x11, 0x4(x8)
#7541 0 8000020a 0049a583 r 0b         f0040028  lw       x11, 0x4(x19)
#7542 0 8000020e     c014 m ffffffd0   00000001  c.sw     x13, 0x0(x8)
#7543 0 80000210 0009a683 r 0d         00000004  lw       x13, 0x0(x19)
#7544 0 80000214     c3cc m f0040034   f0040028  c.sw     x11, 0x4(x15)
#7545 0 80000216 00f9a223 m ffffffcc   f0040030  sw       x15, 0x4(x19)
#7546 0 8000021a     c390 m f0040030   00000001  c.sw     x12, 0x0(x15)
#7547 0 8000021c     40f2 r 01         800001de  c.lwsp   x1, 0x1c
#7548 0 8000021e     4462 r 08         ffffffc8  c.lwsp   x8, 0x18
#7549 0 80000220 00168793 r 0f         00000005  addi     x15, x13, 0x1
#7550 0 80000224 00f9a023 m ffffffc8   00000005  sw       x15, 0x0(x19)
#7551 0 80000228 00170793 r 0f         00000017  addi     x15, x14, 0x1
#7552 0 8000022c 00fa2223 m ffffffc4   00000017  sw       x15, 0x4(x20)
#7553 0 80000230     44d2 r 09         00000003  c.lwsp   x9, 0x14
#7554 0 80000232     4942 r 12         ffffffd0  c.lwsp   x18, 0x10
#7555 0 80000234     49b2 r 13         ffffffd8  c.lwsp   x19, 0xc
#7556 0 80000236     4a22 r 14         ffffffc0  c.lwsp   x20, 0x8
#7557 0 80000238     6105 r 02         ffffff60  c.addi16sp 0x2
#7558 0 8000023a     8082 r 00         00000000  c.jr     x1
#7559 0 800001de     874e r 0e         ffffffd8  c.mv     x14, x19
#7560 0 800001e0     86a2 r 0d         ffffffc8  c.mv     x13, x8
#7561 0 800001e2     864a r 0c         ffffffd0  c.mv     x12, x18
#7562 0 800001e4     4585 r 0b         00000001  c.li     x11, 0x1
#7563 0 800001e6     8552 r 0a         ffffffc0  c.mv     x10, x20
#7564 0 800001e8     37e9 r 01         800001ea  c.jal    . - 0x36
#7565 0 800001b2     1101 r 02         ffffff40  c.addi   x2, -0x20
#7566 0 800001b4     cc22 m ffffff58   ffffffc8  c.swsp   x8, 0x18
#7567 0 800001b6     ca26 m ffffff54   00000003  c.swsp   x9, 0x14
#7568 0 800001b8     c84a m ffffff50   ffffffd0  c.swsp   x18, 0x10
#7569 0 800001ba     c64e m ffffff4c   ffffffd8  c.swsp   x19, 0xc
#7570 0 800001bc     c452 m ffffff48   ffffffc0  c.swsp   x20, 0x8
#7571 0 800001be     ce06 m ffffff5c   800001ea  c.swsp   x1, 0x1c
#7572 0 800001c0     4785 r 0f         00000001  c.li     x15, 0x1
#7573 0 800001c2     8a2a r 14         ffffffc0  c.mv     x20, x10
#7574 0 800001c4     8932 r 12         ffffffd0  c.mv     x18, x12
#7575 0 800001c6     89ba r 13         ffffffd8  c.mv     x19, x14
#7576 0 800001c8     84ae r 09         00000001  c.mv     x9, x11
#7577 0 800001ca     8436 r 08         ffffffc8  c.mv     x8, x13
#7578 0 800001cc 02f58663 r 00         00000000  beq      x11, x15, . + 0x2c
#7579 0 800001f8     8432 r 08         ffffffd0  c.mv     x8, x12
#7580 0 800001fa     405c r 0f         f0040018  c.lw     x15, 0x4(x8)
#7581 0 800001fc     4014 r 0d         00000001  c.lw     x13, 0x0(x8)
#7582 0 800001fe 004a2703 r 0e         00000017  lw       x14, 0x4(x20)
#7583 0 80000202     43cc r 0b         00000000  c.lw     x11, 0x4(x15)
#7584 0 80000204     4390 r 0c         00000004  c.lw     x12, 0x0(x15)
#7585 0 80000206     16fd r 0d         00000000  c.addi   x13, -0x1
#7586 0 80000208     c04c m ffffffd4   00000000  c.sw     x11, 0x4(x8)
#7587 0 8000020a 0049a583 r 0b         f0040010  lw       x11, 0x4(x19)
#7588 0 8000020e     c014 m ffffffd0   00000000  c.sw     x13, 0x0(x8)
#7589 0 80000210 0009a683 r 0d         00000001  lw       x13, 0x0(x19)
#7590 0 80000214     c3cc m f004001c   f0040010  c.sw     x11, 0x4(x15)
#7591 0 80000216 00f9a223 m ffffffdc   f0040018  sw       x15, 0x4(x19)
#7592 0 8000021a     c390 m f0040018   00000004  c.sw     x12, 0x0(x15)
#7593 0 8000021c     40f2 r 01         800001ea  c.lwsp   x1, 0x1c
#7594 0 8000021e     4462 r 08         ffffffc8  c.lwsp   x8, 0x18
#7595 0 80000220 00168793 r 0f         00000002  addi     x15, x13, 0x1
#7596 0 80000224 00f9a023 m ffffffd8   00000002  sw       x15, 0x0(x19)
#7597 0 80000228 00170793 r 0f         00000018  addi     x15, x14, 0x1
#7598 0 8000022c 00fa2223 m ffffffc4   00000018  sw       x15, 0x4(x20)
#7599 0 80000230     44d2 r 09         00000003  c.lwsp   x9, 0x14
#7600 0 80000232     4942 r 12         ffffffd0  c.lwsp   x18, 0x10
#7601 0 80000234     49b2 r 13         ffffffd8  c.lwsp   x19, 0xc
#7602 0 80000236     4a22 r 14         ffffffc0  c.lwsp   x20, 0x8
#7603 0 80000238     6105 r 02         ffffff60  c.addi16sp 0x2
#7604 0 8000023a     8082 r 00         00000000  c.jr     x1
#7605 0 800001ea     4785 r 0f         00000001  c.li     x15, 0x1
#7606 0 800001ec     874a r 0e         ffffffd0  c.mv     x14, x18
#7607 0 800001ee 00f48663 r 00         00000000  beq      x9, x15, . + 0xc
#7608 0 800001f2     8922 r 12         ffffffc8  c.mv     x18, x8
#7609 0 800001f4     843a r 08         ffffffd0  c.mv     x8, x14
#7610 0 800001f6     bfe9 r 00         00000000  c.j      . - 0x26
#7611 0 800001d0     14fd r 09         00000002  c.addi   x9, -0x1
#7612 0 800001d2     85a6 r 0b         00000002  c.mv     x11, x9
#7613 0 800001d4     8552 r 0a         ffffffc0  c.mv     x10, x20
#7614 0 800001d6     8722 r 0e         ffffffd0  c.mv     x14, x8
#7615 0 800001d8     86ce r 0d         ffffffd8  c.mv     x13, x19
#7616 0 800001da     864a r 0c         ffffffc8  c.mv     x12, x18
#7617 0 800001dc     3fd9 r 01         800001de  c.jal    . - 0x2a
#7618 0 800001b2     1101 r 02         ffffff40  c.addi   x2, -0x20
#7619 0 800001b4     cc22 m ffffff58   ffffffd0  c.swsp   x8, 0x18
#7620 0 800001b6     ca26 m ffffff54   00000002  c.swsp   x9, 0x14
#7621 0 800001b8     c84a m ffffff50   ffffffc8  c.swsp   x18, 0x10
#7622 0 800001ba     c64e m ffffff4c   ffffffd8  c.swsp   x19, 0xc
#7623 0 800001bc     c452 m ffffff48   ffffffc0  c.swsp   x20, 0x8
#7624 0 800001be     ce06 m ffffff5c   800001de  c.swsp   x1, 0x1c
#7625 0 800001c0     4785 r 0f         00000001  c.li     x15, 0x1
#7626 0 800001c2     8a2a r 14         ffffffc0  c.mv     x20, x10
#7627 0 800001c4     8932 r 12         ffffffc8  c.mv     x18, x12
#7628 0 800001c6     89ba r 13         ffffffd0  c.mv     x19, x14
#7629 0 800001c8     84ae r 09         00000002  c.mv     x9, x11
#7630 0 800001ca     8436 r 08         ffffffd8  c.mv     x8, x13
#7631 0 800001cc 02f58663 r 00         00000000  beq      x11, x15, . + 0x2c
#7632 0 800001d0     14fd r 09         00000001  c.addi   x9, -0x1
#7633 0 800001d2     85a6 r 0b         00000001  c.mv     x11, x9
#7634 0 800001d4     8552 r 0a         ffffffc0  c.mv     x10, x20
#7635 0 800001d6     8722 r 0e         ffffffd8  c.mv     x14, x8
#7636 0 800001d8     86ce r 0d         ffffffd0  c.mv     x13, x19
#7637 0 800001da     864a r 0c         ffffffc8  c.mv     x12, x18
#7638 0 800001dc     3fd9 r 01         800001de  c.jal    . - 0x2a
#7639 0 800001b2     1101 r 02         ffffff20  c.addi   x2, -0x20
#7640 0 800001b4     cc22 m ffffff38   ffffffd8  c.swsp   x8, 0x18
#7641 0 800001b6     ca26 m ffffff34   00000001  c.swsp   x9, 0x14
#7642 0 800001b8     c84a m ffffff30   ffffffc8  c.swsp   x18, 0x10
#7643 0 800001ba     c64e m ffffff2c   ffffffd0  c.swsp   x19, 0xc
#7644 0 800001bc     c452 m ffffff28   ffffffc0  c.swsp   x20, 0x8
#7645 0 800001be     ce06 m ffffff3c   800001de  c.swsp   x1, 0x1c
#7646 0 800001c0     4785 r 0f         00000001  c.li     x15, 0x1
#7647 0 800001c2     8a2a r 14         ffffffc0  c.mv     x20, x10
#7648 0 800001c4     8932 r 12         ffffffc8  c.mv     x18, x12
#7649 0 800001c6     89ba r 13         ffffffd8  c.mv     x19, x14
#7650 0 800001c8     84ae r 09         00000001  c.mv     x9, x11
#7651 0 800001ca     8436 r 08         ffffffd0  c.mv     x8, x13
#7652 0 800001cc 02f58663 r 00         00000000  beq      x11, x15, . + 0x2c
#7653 0 800001f8     8432 r 08         ffffffc8  c.mv     x8, x12
#7654 0 800001fa     405c r 0f         f0040030  c.lw     x15, 0x4(x8)
#7655 0 800001fc     4014 r 0d         00000005  c.lw     x13, 0x0(x8)
#7656 0 800001fe 004a2703 r 0e         00000018  lw       x14, 0x4(x20)
#7657 0 80000202     43cc r 0b         f0040028  c.lw     x11, 0x4(x15)
#7658 0 80000204     4390 r 0c         00000001  c.lw     x12, 0x0(x15)
#7659 0 80000206     16fd r 0d         00000004  c.addi   x13, -0x1
#7660 0 80000208     c04c m ffffffcc   f0040028  c.sw     x11, 0x4(x8)
#7661 0 8000020a 0049a583 r 0b         f0040018  lw       x11, 0x4(x19)
#7662 0 8000020e     c014 m ffffffc8   00000004  c.sw     x13, 0x0(x8)
#7663 0 80000210 0009a683 r 0d         00000002  lw       x13, 0x0(x19)
#7664 0 80000214     c3cc m f0040034   f0040018  c.sw     x11, 0x4(x15)
#7665 0 80000216 00f9a223 m ffffffdc   f0040030  sw       x15, 0x4(x19)
#7666 0 8000021a     c390 m f0040030   00000001  c.sw     x12, 0x0(x15)
#7667 0 8000021c     40f2 r 01         800001de  c.lwsp   x1, 0x1c
#7668 0 8000021e     4462 r 08         ffffffd8  c.lwsp   x8, 0x18
#7669 0 80000220 00168793 r 0f         00000003  addi     x15, x13, 0x1
#7670 0 80000224 00f9a023 m ffffffd8   00000003  sw       x15, 0x0(x19)
#7671 0 80000228 00170793 r 0f         00000019  addi     x15, x14, 0x1
#7672 0 8000022c 00fa2223 m ffffffc4   00000019  sw       x15, 0x4(x20)
#7673 0 80000230     44d2 r 09         00000001  c.lwsp   x9, 0x14
#7674 0 80000232     4942 r 12         ffffffc8  c.lwsp   x18, 0x10
#7675 0 80000234     49b2 r 13         ffffffd0  c.lwsp   x19, 0xc
#7676 0 80000236     4a22 r 14         ffffffc0  c.lwsp   x20, 0x8
#7677 0 80000238     6105 r 02         ffffff40  c.addi16sp 0x2
#7678 0 8000023a     8082 r 00         00000000  c.jr     x1
#7679 0 800001de     874e r 0e         ffffffd0  c.mv     x14, x19
#7680 0 800001e0     86a2 r 0d         ffffffd8  c.mv     x13, x8
#7681 0 800001e2     864a r 0c         ffffffc8  c.mv     x12, x18
#7682 0 800001e4     4585 r 0b         00000001  c.li     x11, 0x1
#7683 0 800001e6     8552 r 0a         ffffffc0  c.mv     x10, x20
#7684 0 800001e8     37e9 r 01         800001ea  c.jal    . - 0x36
#7685 0 800001b2     1101 r 02         ffffff20  c.addi   x2, -0x20
#7686 0 800001b4     cc22 m ffffff38   ffffffd8  c.swsp   x8, 0x18
#7687 0 800001b6     ca26 m ffffff34   00000001  c.swsp   x9, 0x14
#7688 0 800001b8     c84a m ffffff30   ffffffc8  c.swsp   x18, 0x10
#7689 0 800001ba     c64e m ffffff2c   ffffffd0  c.swsp   x19, 0xc
#7690 0 800001bc     c452 m ffffff28   ffffffc0  c.swsp   x20, 0x8
#7691 0 800001be     ce06 m ffffff3c   800001ea  c.swsp   x1, 0x1c
#7692 0 800001c0     4785 r 0f         00000001  c.li     x15, 0x1
#7693 0 800001c2     8a2a r 14         ffffffc0  c.mv     x20, x10
#7694 0 800001c4     8932 r 12         ffffffc8  c.mv     x18, x12
#7695 0 800001c6     89ba r 13         ffffffd0  c.mv     x19, x14
#7696 0 800001c8     84ae r 09         00000001  c.mv     x9, x11
#7697 0 800001ca     8436 r 08         ffffffd8  c.mv     x8, x13
#7698 0 800001cc 02f58663 r 00         00000000  beq      x11, x15, . + 0x2c
#7699 0 800001f8     8432 r 08         ffffffc8  c.mv     x8, x12
#7700 0 800001fa     405c r 0f         f0040028  c.lw     x15, 0x4(x8)
#7701 0 800001fc     4014 r 0d         00000004  c.lw     x13, 0x0(x8)
#7702 0 800001fe 004a2703 r 0e         00000019  lw       x14, 0x4(x20)
#7703 0 80000202     43cc r 0b         f0040020  c.lw     x11, 0x4(x15)
#7704 0 80000204     4390 r 0c         00000002  c.lw     x12, 0x0(x15)
#7705 0 80000206     16fd r 0d         00000003  c.addi   x13, -0x1
#7706 0 80000208     c04c m ffffffcc   f0040020  c.sw     x11, 0x4(x8)
#7707 0 8000020a 0049a583 r 0b         00000000  lw       x11, 0x4(x19)
#7708 0 8000020e     c014 m ffffffc8   00000003  c.sw     x13, 0x0(x8)
#7709 0 80000210 0009a683 r 0d         00000000  lw       x13, 0x0(x19)
#7710 0 80000214     c3cc m f004002c   00000000  c.sw     x11, 0x4(x15)
#7711 0 80000216 00f9a223 m ffffffd4   f0040028  sw       x15, 0x4(x19)
#7712 0 8000021a     c390 m f0040028   00000002  c.sw     x12, 0x0(x15)
#7713 0 8000021c     40f2 r 01         800001ea  c.lwsp   x1, 0x1c
#7714 0 8000021e     4462 r 08         ffffffd8  c.lwsp   x8, 0x18
#7715 0 80000220 00168793 r 0f         00000001  addi     x15, x13, 0x1
#7716 0 80000224 00f9a023 m ffffffd0   00000001  sw       x15, 0x0(x19)
#7717 0 80000228 00170793 r 0f         0000001a  addi     x15, x14, 0x1
#7718 0 8000022c 00fa2223 m ffffffc4   0000001a  sw       x15, 0x4(x20)
#7719 0 80000230     44d2 r 09         00000001  c.lwsp   x9, 0x14
#7720 0 80000232     4942 r 12         ffffffc8  c.lwsp   x18, 0x10
#7721 0 80000234     49b2 r 13         ffffffd0  c.lwsp   x19, 0xc
#7722 0 80000236     4a22 r 14         ffffffc0  c.lwsp   x20, 0x8
#7723 0 80000238     6105 r 02         ffffff40  c.addi16sp 0x2
#7724 0 8000023a     8082 r 00         00000000  c.jr     x1
#7725 0 800001ea     4785 r 0f         00000001  c.li     x15, 0x1
#7726 0 800001ec     874a r 0e         ffffffc8  c.mv     x14, x18
#7727 0 800001ee 00f48663 r 00         00000000  beq      x9, x15, . + 0xc
#7728 0 800001fa     405c r 0f         f0040030  c.lw     x15, 0x4(x8)
#7729 0 800001fc     4014 r 0d         00000003  c.lw     x13, 0x0(x8)
#7730 0 800001fe 004a2703 r 0e         0000001a  lw       x14, 0x4(x20)
#7731 0 80000202     43cc r 0b         f0040018  c.lw     x11, 0x4(x15)
#7732 0 80000204     4390 r 0c         00000001  c.lw     x12, 0x0(x15)
#7733 0 80000206     16fd r 0d         00000002  c.addi   x13, -0x1
#7734 0 80000208     c04c m ffffffdc   f0040018  c.sw     x11, 0x4(x8)
#7735 0 8000020a 0049a583 r 0b         f0040028  lw       x11, 0x4(x19)
#7736 0 8000020e     c014 m ffffffd8   00000002  c.sw     x13, 0x0(x8)
#7737 0 80000210 0009a683 r 0d         00000001  lw       x13, 0x0(x19)
#7738 0 80000214     c3cc m f0040034   f0040028  c.sw     x11, 0x4(x15)
#7739 0 80000216 00f9a223 m ffffffd4   f0040030  sw       x15, 0x4(x19)
#7740 0 8000021a     c390 m f0040030   00000001  c.sw     x12, 0x0(x15)
#7741 0 8000021c     40f2 r 01         800001de  c.lwsp   x1, 0x1c
#7742 0 8000021e     4462 r 08         ffffffd0  c.lwsp   x8, 0x18
#7743 0 80000220 00168793 r 0f         00000002  addi     x15, x13, 0x1
#7744 0 80000224 00f9a023 m ffffffd0   00000002  sw       x15, 0x0(x19)
#7745 0 80000228 00170793 r 0f         0000001b  addi     x15, x14, 0x1
#7746 0 8000022c 00fa2223 m ffffffc4   0000001b  sw       x15, 0x4(x20)
#7747 0 80000230     44d2 r 09         00000002  c.lwsp   x9, 0x14
#7748 0 80000232     4942 r 12         ffffffc8  c.lwsp   x18, 0x10
#7749 0 80000234     49b2 r 13         ffffffd8  c.lwsp   x19, 0xc
#7750 0 80000236     4a22 r 14         ffffffc0  c.lwsp   x20, 0x8
#7751 0 80000238     6105 r 02         ffffff60  c.addi16sp 0x2
#7752 0 8000023a     8082 r 00         00000000  c.jr     x1
#7753 0 800001de     874e r 0e         ffffffd8  c.mv     x14, x19
#7754 0 800001e0     86a2 r 0d         ffffffd0  c.mv     x13, x8
#7755 0 800001e2     864a r 0c         ffffffc8  c.mv     x12, x18
#7756 0 800001e4     4585 r 0b         00000001  c.li     x11, 0x1
#7757 0 800001e6     8552 r 0a         ffffffc0  c.mv     x10, x20
#7758 0 800001e8     37e9 r 01         800001ea  c.jal    . - 0x36
#7759 0 800001b2     1101 r 02         ffffff40  c.addi   x2, -0x20
#7760 0 800001b4     cc22 m ffffff58   ffffffd0  c.swsp   x8, 0x18
#7761 0 800001b6     ca26 m ffffff54   00000002  c.swsp   x9, 0x14
#7762 0 800001b8     c84a m ffffff50   ffffffc8  c.swsp   x18, 0x10
#7763 0 800001ba     c64e m ffffff4c   ffffffd8  c.swsp   x19, 0xc
#7764 0 800001bc     c452 m ffffff48   ffffffc0  c.swsp   x20, 0x8
#7765 0 800001be     ce06 m ffffff5c   800001ea  c.swsp   x1, 0x1c
#7766 0 800001c0     4785 r 0f         00000001  c.li     x15, 0x1
#7767 0 800001c2     8a2a r 14         ffffffc0  c.mv     x20, x10
#7768 0 800001c4     8932 r 12         ffffffc8  c.mv     x18, x12
#7769 0 800001c6     89ba r 13         ffffffd8  c.mv     x19, x14
#7770 0 800001c8     84ae r 09         00000001  c.mv     x9, x11
#7771 0 800001ca     8436 r 08         ffffffd0  c.mv     x8, x13
#7772 0 800001cc 02f58663 r 00         00000000  beq      x11, x15, . + 0x2c
#7773 0 800001f8     8432 r 08         ffffffc8  c.mv     x8, x12
#7774 0 800001fa     405c r 0f         f0040020  c.lw     x15, 0x4(x8)
#7775 0 800001fc     4014 r 0d         00000003  c.lw     x13, 0x0(x8)
#7776 0 800001fe 004a2703 r 0e         0000001b  lw       x14, 0x4(x20)
#7777 0 80000202     43cc r 0b         f0040008  c.lw     x11, 0x4(x15)
#7778 0 80000204     4390 r 0c         00000003  c.lw     x12, 0x0(x15)
#7779 0 80000206     16fd r 0d         00000002  c.addi   x13, -0x1
#7780 0 80000208     c04c m ffffffcc   f0040008  c.sw     x11, 0x4(x8)
#7781 0 8000020a 0049a583 r 0b         f0040018  lw       x11, 0x4(x19)
#7782 0 8000020e     c014 m ffffffc8   00000002  c.sw     x13, 0x0(x8)
#7783 0 80000210 0009a683 r 0d         00000002  lw       x13, 0x0(x19)
#7784 0 80000214     c3cc m f0040024   f0040018  c.sw     x11, 0x4(x15)
#7785 0 80000216 00f9a223 m ffffffdc   f0040020  sw       x15, 0x4(x19)
#7786 0 8000021a     c390 m f0040020   00000003  c.sw     x12, 0x0(x15)
#7787 0 8000021c     40f2 r 01         800001ea  c.lwsp   x1, 0x1c
#7788 0 8000021e     4462 r 08         ffffffd0  c.lwsp   x8, 0x18
#7789 0 80000220 00168793 r 0f         00000003  addi     x15, x13, 0x1
#7790 0 80000224 00f9a023 m ffffffd8   00000003  sw       x15, 0x0(x19)
#7791 0 80000228 00170793 r 0f         0000001c  addi     x15, x14, 0x1
#7792 0 8000022c 00fa2223 m ffffffc4   0000001c  sw       x15, 0x4(x20)
#7793 0 80000230     44d2 r 09         00000002  c.lwsp   x9, 0x14
#7794 0 80000232     4942 r 12         ffffffc8  c.lwsp   x18, 0x10
#7795 0 80000234     49b2 r 13         ffffffd8  c.lwsp   x19, 0xc
#7796 0 80000236     4a22 r 14         ffffffc0  c.lwsp   x20, 0x8
#7797 0 80000238     6105 r 02         ffffff60  c.addi16sp 0x2
#7798 0 8000023a     8082 r 00         00000000  c.jr     x1
#7799 0 800001ea     4785 r 0f         00000001  c.li     x15, 0x1
#7800 0 800001ec     874a r 0e         ffffffc8  c.mv     x14, x18
#7801 0 800001ee 00f48663 r 00         00000000  beq      x9, x15, . + 0xc
#7802 0 800001f2     8922 r 12         ffffffd0  c.mv     x18, x8
#7803 0 800001f4     843a r 08         ffffffc8  c.mv     x8, x14
#7804 0 800001f6     bfe9 r 00         00000000  c.j      . - 0x26
#7805 0 800001d0     14fd r 09         00000001  c.addi   x9, -0x1
#7806 0 800001d2     85a6 r 0b         00000001  c.mv     x11, x9
#7807 0 800001d4     8552 r 0a         ffffffc0  c.mv     x10, x20
#7808 0 800001d6     8722 r 0e         ffffffc8  c.mv     x14, x8
#7809 0 800001d8     86ce r 0d         ffffffd8  c.mv     x13, x19
#7810 0 800001da     864a r 0c         ffffffd0  c.mv     x12, x18
#7811 0 800001dc     3fd9 r 01         800001de  c.jal    . - 0x2a
#7812 0 800001b2     1101 r 02         ffffff40  c.addi   x2, -0x20
#7813 0 800001b4     cc22 m ffffff58   ffffffc8  c.swsp   x8, 0x18
#7814 0 800001b6     ca26 m ffffff54   00000001  c.swsp   x9, 0x14
#7815 0 800001b8     c84a m ffffff50   ffffffd0  c.swsp   x18, 0x10
#7816 0 800001ba     c64e m ffffff4c   ffffffd8  c.swsp   x19, 0xc
#7817 0 800001bc     c452 m ffffff48   ffffffc0  c.swsp   x20, 0x8
#7818 0 800001be     ce06 m ffffff5c   800001de  c.swsp   x1, 0x1c
#7819 0 800001c0     4785 r 0f         00000001  c.li     x15, 0x1
#7820 0 800001c2     8a2a r 14         ffffffc0  c.mv     x20, x10
#7821 0 800001c4     8932 r 12         ffffffd0  c.mv     x18, x12
#7822 0 800001c6     89ba r 13         ffffffc8  c.mv     x19, x14
#7823 0 800001c8     84ae r 09         00000001  c.mv     x9, x11
#7824 0 800001ca     8436 r 08         ffffffd8  c.mv     x8, x13
#7825 0 800001cc 02f58663 r 00         00000000  beq      x11, x15, . + 0x2c
#7826 0 800001f8     8432 r 08         ffffffd0  c.mv     x8, x12
#7827 0 800001fa     405c r 0f         f0040030  c.lw     x15, 0x4(x8)
#7828 0 800001fc     4014 r 0d         00000002  c.lw     x13, 0x0(x8)
#7829 0 800001fe 004a2703 r 0e         0000001c  lw       x14, 0x4(x20)
#7830 0 80000202     43cc r 0b         f0040028  c.lw     x11, 0x4(x15)
#7831 0 80000204     4390 r 0c         00000001  c.lw     x12, 0x0(x15)
#7832 0 80000206     16fd r 0d         00000001  c.addi   x13, -0x1
#7833 0 80000208     c04c m ffffffd4   f0040028  c.sw     x11, 0x4(x8)
#7834 0 8000020a 0049a583 r 0b         f0040008  lw       x11, 0x4(x19)
#7835 0 8000020e     c014 m ffffffd0   00000001  c.sw     x13, 0x0(x8)
#7836 0 80000210 0009a683 r 0d         00000002  lw       x13, 0x0(x19)
#7837 0 80000214     c3cc m f0040034   f0040008  c.sw     x11, 0x4(x15)
#7838 0 80000216 00f9a223 m ffffffcc   f0040030  sw       x15, 0x4(x19)
#7839 0 8000021a     c390 m f0040030   00000001  c.sw     x12, 0x0(x15)
#7840 0 8000021c     40f2 r 01         800001de  c.lwsp   x1, 0x1c
#7841 0 8000021e     4462 r 08         ffffffc8  c.lwsp   x8, 0x18
#7842 0 80000220 00168793 r 0f         00000003  addi     x15, x13, 0x1
#7843 0 80000224 00f9a023 m ffffffc8   00000003  sw       x15, 0x0(x19)
#7844 0 80000228 00170793 r 0f         0000001d  addi     x15, x14, 0x1
#7845 0 8000022c 00fa2223 m ffffffc4   0000001d  sw       x15, 0x4(x20)
#7846 0 80000230     44d2 r 09         00000001  c.lwsp   x9, 0x14
#7847 0 80000232     4942 r 12         ffffffd0  c.lwsp   x18, 0x10
#7848 0 80000234     49b2 r 13         ffffffd8  c.lwsp   x19, 0xc
#7849 0 80000236     4a22 r 14         ffffffc0  c.lwsp   x20, 0x8
#7850 0 80000238     6105 r 02         ffffff60  c.addi16sp 0x2
#7851 0 8000023a     8082 r 00         00000000  c.jr     x1
#7852 0 800001de     874e r 0e         ffffffd8  c.mv     x14, x19
#7853 0 800001e0     86a2 r 0d         ffffffc8  c.mv     x13, x8
#7854 0 800001e2     864a r 0c         ffffffd0  c.mv     x12, x18
#7855 0 800001e4     4585 r 0b         00000001  c.li     x11, 0x1
#7856 0 800001e6     8552 r 0a         ffffffc0  c.mv     x10, x20
#7857 0 800001e8     37e9 r 01         800001ea  c.jal    . - 0x36
#7858 0 800001b2     1101 r 02         ffffff40  c.addi   x2, -0x20
#7859 0 800001b4     cc22 m ffffff58   ffffffc8  c.swsp   x8, 0x18
#7860 0 800001b6     ca26 m ffffff54   00000001  c.swsp   x9, 0x14
#7861 0 800001b8     c84a m ffffff50   ffffffd0  c.swsp   x18, 0x10
#7862 0 800001ba     c64e m ffffff4c   ffffffd8  c.swsp   x19, 0xc
#7863 0 800001bc     c452 m ffffff48   ffffffc0  c.swsp   x20, 0x8
#7864 0 800001be     ce06 m ffffff5c   800001ea  c.swsp   x1, 0x1c
#7865 0 800001c0     4785 r 0f         00000001  c.li     x15, 0x1
#7866 0 800001c2     8a2a r 14         ffffffc0  c.mv     x20, x10
#7867 0 800001c4     8932 r 12         ffffffd0  c.mv     x18, x12
#7868 0 800001c6     89ba r 13         ffffffd8  c.mv     x19, x14
#7869 0 800001c8     84ae r 09         00000001  c.mv     x9, x11
#7870 0 800001ca     8436 r 08         ffffffc8  c.mv     x8, x13
#7871 0 800001cc 02f58663 r 00         00000000  beq      x11, x15, . + 0x2c
#7872 0 800001f8     8432 r 08         ffffffd0  c.mv     x8, x12
#7873 0 800001fa     405c r 0f         f0040028  c.lw     x15, 0x4(x8)
#7874 0 800001fc     4014 r 0d         00000001  c.lw     x13, 0x0(x8)
#7875 0 800001fe 004a2703 r 0e         0000001d  lw       x14, 0x4(x20)
#7876 0 80000202     43cc r 0b         00000000  c.lw     x11, 0x4(x15)
#7877 0 80000204     4390 r 0c         00000002  c.lw     x12, 0x0(x15)
#7878 0 80000206     16fd r 0d         00000000  c.addi   x13, -0x1
#7879 0 80000208     c04c m ffffffd4   00000000  c.sw     x11, 0x4(x8)
#7880 0 8000020a 0049a583 r 0b         f0040020  lw       x11, 0x4(x19)
#7881 0 8000020e     c014 m ffffffd0   00000000  c.sw     x13, 0x0(x8)
#7882 0 80000210 0009a683 r 0d         00000003  lw       x13, 0x0(x19)
#7883 0 80000214     c3cc m f004002c   f0040020  c.sw     x11, 0x4(x15)
#7884 0 80000216 00f9a223 m ffffffdc   f0040028  sw       x15, 0x4(x19)
#7885 0 8000021a     c390 m f0040028   00000002  c.sw     x12, 0x0(x15)
#7886 0 8000021c     40f2 r 01         800001ea  c.lwsp   x1, 0x1c
#7887 0 8000021e     4462 r 08         ffffffc8  c.lwsp   x8, 0x18
#7888 0 80000220 00168793 r 0f         00000004  addi     x15, x13, 0x1
#7889 0 80000224 00f9a023 m ffffffd8   00000004  sw       x15, 0x0(x19)
#7890 0 80000228 00170793 r 0f         0000001e  addi     x15, x14, 0x1
#7891 0 8000022c 00fa2223 m ffffffc4   0000001e  sw       x15, 0x4(x20)
#7892 0 80000230     44d2 r 09         00000001  c.lwsp   x9, 0x14
#7893 0 80000232     4942 r 12         ffffffd0  c.lwsp   x18, 0x10
#7894 0 80000234     49b2 r 13         ffffffd8  c.lwsp   x19, 0xc
#7895 0 80000236     4a22 r 14         ffffffc0  c.lwsp   x20, 0x8
#7896 0 80000238     6105 r 02         ffffff60  c.addi16sp 0x2
#7897 0 8000023a     8082 r 00         00000000  c.jr     x1
#7898 0 800001ea     4785 r 0f         00000001  c.li     x15, 0x1
#7899 0 800001ec     874a r 0e         ffffffd0  c.mv     x14, x18
#7900 0 800001ee 00f48663 r 00         00000000  beq      x9, x15, . + 0xc
#7901 0 800001fa     405c r 0f         f0040030  c.lw     x15, 0x4(x8)
#7902 0 800001fc     4014 r 0d         00000003  c.lw     x13, 0x0(x8)
#7903 0 800001fe 004a2703 r 0e         0000001e  lw       x14, 0x4(x20)
#7904 0 80000202     43cc r 0b         f0040008  c.lw     x11, 0x4(x15)
#7905 0 80000204     4390 r 0c         00000001  c.lw     x12, 0x0(x15)
#7906 0 80000206     16fd r 0d         00000002  c.addi   x13, -0x1
#7907 0 80000208     c04c m ffffffcc   f0040008  c.sw     x11, 0x4(x8)
#7908 0 8000020a 0049a583 r 0b         f0040028  lw       x11, 0x4(x19)
#7909 0 8000020e     c014 m ffffffc8   00000002  c.sw     x13, 0x0(x8)
#7910 0 80000210 0009a683 r 0d         00000004  lw       x13, 0x0(x19)
#7911 0 80000214     c3cc m f0040034   f0040028  c.sw     x11, 0x4(x15)
#7912 0 80000216 00f9a223 m ffffffdc   f0040030  sw       x15, 0x4(x19)
#7913 0 8000021a     c390 m f0040030   00000001  c.sw     x12, 0x0(x15)
#7914 0 8000021c     40f2 r 01         800001de  c.lwsp   x1, 0x1c
#7915 0 8000021e     4462 r 08         ffffffd8  c.lwsp   x8, 0x18
#7916 0 80000220 00168793 r 0f         00000005  addi     x15, x13, 0x1
#7917 0 80000224 00f9a023 m ffffffd8   00000005  sw       x15, 0x0(x19)
#7918 0 80000228 00170793 r 0f         0000001f  addi     x15, x14, 0x1
#7919 0 8000022c 00fa2223 m ffffffc4   0000001f  sw       x15, 0x4(x20)
#7920 0 80000230     44d2 r 09         00000005  c.lwsp   x9, 0x14
#7921 0 80000232     4942 r 12         ffffffc8  c.lwsp   x18, 0x10
#7922 0 80000234     49b2 r 13         ffffffd0  c.lwsp   x19, 0xc
#7923 0 80000236     4a22 r 14         ffffffc0  c.lwsp   x20, 0x8
#7924 0 80000238     6105 r 02         ffffff80  c.addi16sp 0x2
#7925 0 8000023a     8082 r 00         00000000  c.jr     x1
#7926 0 800001de     874e r 0e         ffffffd0  c.mv     x14, x19
#7927 0 800001e0     86a2 r 0d         ffffffd8  c.mv     x13, x8
#7928 0 800001e2     864a r 0c         ffffffc8  c.mv     x12, x18
#7929 0 800001e4     4585 r 0b         00000001  c.li     x11, 0x1
#7930 0 800001e6     8552 r 0a         ffffffc0  c.mv     x10, x20
#7931 0 800001e8     37e9 r 01         800001ea  c.jal    . - 0x36
#7932 0 800001b2     1101 r 02         ffffff60  c.addi   x2, -0x20
#7933 0 800001b4     cc22 m ffffff78   ffffffd8  c.swsp   x8, 0x18
#7934 0 800001b6     ca26 m ffffff74   00000005  c.swsp   x9, 0x14
#7935 0 800001b8     c84a m ffffff70   ffffffc8  c.swsp   x18, 0x10
#7936 0 800001ba     c64e m ffffff6c   ffffffd0  c.swsp   x19, 0xc
#7937 0 800001bc     c452 m ffffff68   ffffffc0  c.swsp   x20, 0x8
#7938 0 800001be     ce06 m ffffff7c   800001ea  c.swsp   x1, 0x1c
#7939 0 800001c0     4785 r 0f         00000001  c.li     x15, 0x1
#7940 0 800001c2     8a2a r 14         ffffffc0  c.mv     x20, x10
#7941 0 800001c4     8932 r 12         ffffffc8  c.mv     x18, x12
#7942 0 800001c6     89ba r 13         ffffffd0  c.mv     x19, x14
#7943 0 800001c8     84ae r 09         00000001  c.mv     x9, x11
#7944 0 800001ca     8436 r 08         ffffffd8  c.mv     x8, x13
#7945 0 800001cc 02f58663 r 00         00000000  beq      x11, x15, . + 0x2c
#7946 0 800001f8     8432 r 08         ffffffc8  c.mv     x8, x12
#7947 0 800001fa     405c r 0f         f0040008  c.lw     x15, 0x4(x8)
#7948 0 800001fc     4014 r 0d         00000002  c.lw     x13, 0x0(x8)
#7949 0 800001fe 004a2703 r 0e         0000001f  lw       x14, 0x4(x20)
#7950 0 80000202     43cc r 0b         f0040000  c.lw     x11, 0x4(x15)
#7951 0 80000204     4390 r 0c         00000006  c.lw     x12, 0x0(x15)
#7952 0 80000206     16fd r 0d         00000001  c.addi   x13, -0x1
#7953 0 80000208     c04c m ffffffcc   f0040000  c.sw     x11, 0x4(x8)
#7954 0 8000020a 0049a583 r 0b         00000000  lw       x11, 0x4(x19)
#7955 0 8000020e     c014 m ffffffc8   00000001  c.sw     x13, 0x0(x8)
#7956 0 80000210 0009a683 r 0d         00000000  lw       x13, 0x0(x19)
#7957 0 80000214     c3cc m f004000c   00000000  c.sw     x11, 0x4(x15)
#7958 0 80000216 00f9a223 m ffffffd4   f0040008  sw       x15, 0x4(x19)
#7959 0 8000021a     c390 m f0040008   00000006  c.sw     x12, 0x0(x15)
#7960 0 8000021c     40f2 r 01         800001ea  c.lwsp   x1, 0x1c
#7961 0 8000021e     4462 r 08         ffffffd8  c.lwsp   x8, 0x18
#7962 0 80000220 00168793 r 0f         00000001  addi     x15, x13, 0x1
#7963 0 80000224 00f9a023 m ffffffd0   00000001  sw       x15, 0x0(x19)
#7964 0 80000228 00170793 r 0f         00000020  addi     x15, x14, 0x1
#7965 0 8000022c 00fa2223 m ffffffc4   00000020  sw       x15, 0x4(x20)
#7966 0 80000230     44d2 r 09         00000005  c.lwsp   x9, 0x14
#7967 0 80000232     4942 r 12         ffffffc8  c.lwsp   x18, 0x10
#7968 0 80000234     49b2 r 13         ffffffd0  c.lwsp   x19, 0xc
#7969 0 80000236     4a22 r 14         ffffffc0  c.lwsp   x20, 0x8
#7970 0 80000238     6105 r 02         ffffff80  c.addi16sp 0x2
#7971 0 8000023a     8082 r 00         00000000  c.jr     x1
#7972 0 800001ea     4785 r 0f         00000001  c.li     x15, 0x1
#7973 0 800001ec     874a r 0e         ffffffc8  c.mv     x14, x18
#7974 0 800001ee 00f48663 r 00         00000000  beq      x9, x15, . + 0xc
#7975 0 800001f2     8922 r 12         ffffffd8  c.mv     x18, x8
#7976 0 800001f4     843a r 08         ffffffc8  c.mv     x8, x14
#7977 0 800001f6     bfe9 r 00         00000000  c.j      . - 0x26
#7978 0 800001d0     14fd r 09         00000004  c.addi   x9, -0x1
#7979 0 800001d2     85a6 r 0b         00000004  c.mv     x11, x9
#7980 0 800001d4     8552 r 0a         ffffffc0  c.mv     x10, x20
#7981 0 800001d6     8722 r 0e         ffffffc8  c.mv     x14, x8
#7982 0 800001d8     86ce r 0d         ffffffd0  c.mv     x13, x19
#7983 0 800001da     864a r 0c         ffffffd8  c.mv     x12, x18
#7984 0 800001dc     3fd9 r 01         800001de  c.jal    . - 0x2a
#7985 0 800001b2     1101 r 02         ffffff60  c.addi   x2, -0x20
#7986 0 800001b4     cc22 m ffffff78   ffffffc8  c.swsp   x8, 0x18
#7987 0 800001b6     ca26 m ffffff74   00000004  c.swsp   x9, 0x14
#7988 0 800001b8     c84a m ffffff70   ffffffd8  c.swsp   x18, 0x10
#7989 0 800001ba     c64e m ffffff6c   ffffffd0  c.swsp   x19, 0xc
#7990 0 800001bc     c452 m ffffff68   ffffffc0  c.swsp   x20, 0x8
#7991 0 800001be     ce06 m ffffff7c   800001de  c.swsp   x1, 0x1c
#7992 0 800001c0     4785 r 0f         00000001  c.li     x15, 0x1
#7993 0 800001c2     8a2a r 14         ffffffc0  c.mv     x20, x10
#7994 0 800001c4     8932 r 12         ffffffd8  c.mv     x18, x12
#7995 0 800001c6     89ba r 13         ffffffc8  c.mv     x19, x14
#7996 0 800001c8     84ae r 09         00000004  c.mv     x9, x11
#7997 0 800001ca     8436 r 08         ffffffd0  c.mv     x8, x13
#7998 0 800001cc 02f58663 r 00         00000000  beq      x11, x15, . + 0x2c
#7999 0 800001d0     14fd r 09         00000003  c.addi   x9, -0x1
#8000 0 800001d2     85a6 r 0b         00000003  c.mv     x11, x9
#8001 0 800001d4     8552 r 0a         ffffffc0  c.mv     x10, x20
#8002 0 800001d6     8722 r 0e         ffffffd0  c.mv     x14, x8
#8003 0 800001d8     86ce r 0d         ffffffc8  c.mv     x13, x19
#8004 0 800001da     864a r 0c         ffffffd8  c.mv     x12, x18
#8005 0 800001dc     3fd9 r 01         800001de  c.jal    . - 0x2a
#8006 0 800001b2     1101 r 02         ffffff40  c.addi   x2, -0x20
#8007 0 800001b4     cc22 m ffffff58   ffffffd0  c.swsp   x8, 0x18
#8008 0 800001b6     ca26 m ffffff54   00000003  c.swsp   x9, 0x14
#8009 0 800001b8     c84a m ffffff50   ffffffd8  c.swsp   x18, 0x10
#8010 0 800001ba     c64e m ffffff4c   ffffffc8  c.swsp   x19, 0xc
#8011 0 800001bc     c452 m ffffff48   ffffffc0  c.swsp   x20, 0x8
#8012 0 800001be     ce06 m ffffff5c   800001de  c.swsp   x1, 0x1c
#8013 0 800001c0     4785 r 0f         00000001  c.li     x15, 0x1
#8014 0 800001c2     8a2a r 14         ffffffc0  c.mv     x20, x10
#8015 0 800001c4     8932 r 12         ffffffd8  c.mv     x18, x12
#8016 0 800001c6     89ba r 13         ffffffd0  c.mv     x19, x14
#8017 0 800001c8     84ae r 09         00000003  c.mv     x9, x11
#8018 0 800001ca     8436 r 08         ffffffc8  c.mv     x8, x13
#8019 0 800001cc 02f58663 r 00         00000000  beq      x11, x15, . + 0x2c
#8020 0 800001d0     14fd r 09         00000002  c.addi   x9, -0x1
#8021 0 800001d2     85a6 r 0b         00000002  c.mv     x11, x9
#8022 0 800001d4     8552 r 0a         ffffffc0  c.mv     x10, x20
#8023 0 800001d6     8722 r 0e         ffffffc8  c.mv     x14, x8
#8024 0 800001d8     86ce r 0d         ffffffd0  c.mv     x13, x19
#8025 0 800001da     864a r 0c         ffffffd8  c.mv     x12, x18
#8026 0 800001dc     3fd9 r 01         800001de  c.jal    . - 0x2a
#8027 0 800001b2     1101 r 02         ffffff20  c.addi   x2, -0x20
#8028 0 800001b4     cc22 m ffffff38   ffffffc8  c.swsp   x8, 0x18
#8029 0 800001b6     ca26 m ffffff34   00000002  c.swsp   x9, 0x14
#8030 0 800001b8     c84a m ffffff30   ffffffd8  c.swsp   x18, 0x10
#8031 0 800001ba     c64e m ffffff2c   ffffffd0  c.swsp   x19, 0xc
#8032 0 800001bc     c452 m ffffff28   ffffffc0  c.swsp   x20, 0x8
#8033 0 800001be     ce06 m ffffff3c   800001de  c.swsp   x1, 0x1c
#8034 0 800001c0     4785 r 0f         00000001  c.li     x15, 0x1
#8035 0 800001c2     8a2a r 14         ffffffc0  c.mv     x20, x10
#8036 0 800001c4     8932 r 12         ffffffd8  c.mv     x18, x12
#8037 0 800001c6     89ba r 13         ffffffc8  c.mv     x19, x14
#8038 0 800001c8     84ae r 09         00000002  c.mv     x9, x11
#8039 0 800001ca     8436 r 08         ffffffd0  c.mv     x8, x13
#8040 0 800001cc 02f58663 r 00         00000000  beq      x11, x15, . + 0x2c
#8041 0 800001d0     14fd r 09         00000001  c.addi   x9, -0x1
#8042 0 800001d2     85a6 r 0b         00000001  c.mv     x11, x9
#8043 0 800001d4     8552 r 0a         ffffffc0  c.mv     x10, x20
#8044 0 800001d6     8722 r 0e         ffffffd0  c.mv     x14, x8
#8045 0 800001d8     86ce r 0d         ffffffc8  c.mv     x13, x19
#8046 0 800001da     864a r 0c         ffffffd8  c.mv     x12, x18
#8047 0 800001dc     3fd9 r 01         800001de  c.jal    . - 0x2a
#8048 0 800001b2     1101 r 02         ffffff00  c.addi   x2, -0x20
#8049 0 800001b4     cc22 m ffffff18   ffffffd0  c.swsp   x8, 0x18
#8050 0 800001b6     ca26 m ffffff14   00000001  c.swsp   x9, 0x14
#8051 0 800001b8     c84a m ffffff10   ffffffd8  c.swsp   x18, 0x10
#8052 0 800001ba     c64e m ffffff0c   ffffffc8  c.swsp   x19, 0xc
#8053 0 800001bc     c452 m ffffff08   ffffffc0  c.swsp   x20, 0x8
#8054 0 800001be     ce06 m ffffff1c   800001de  c.swsp   x1, 0x1c
#8055 0 800001c0     4785 r 0f         00000001  c.li     x15, 0x1
#8056 0 800001c2     8a2a r 14         ffffffc0  c.mv     x20, x10
#8057 0 800001c4     8932 r 12         ffffffd8  c.mv     x18, x12
#8058 0 800001c6     89ba r 13         ffffffd0  c.mv     x19, x14
#8059 0 800001c8     84ae r 09         00000001  c.mv     x9, x11
#8060 0 800001ca     8436 r 08         ffffffc8  c.mv     x8, x13
#8061 0 800001cc 02f58663 r 00         00000000  beq      x11, x15, . + 0x2c
#8062 0 800001f8     8432 r 08         ffffffd8  c.mv     x8, x12
#8063 0 800001fa     405c r 0f         f0040030  c.lw     x15, 0x4(x8)
#8064 0 800001fc     4014 r 0d         00000005  c.lw     x13, 0x0(x8)
#8065 0 800001fe 004a2703 r 0e         00000020  lw       x14, 0x4(x20)
#8066 0 80000202     43cc r 0b         f0040028  c.lw     x11, 0x4(x15)
#8067 0 80000204     4390 r 0c         00000001  c.lw     x12, 0x0(x15)
#8068 0 80000206     16fd r 0d         00000004  c.addi   x13, -0x1
#8069 0 80000208     c04c m ffffffdc   f0040028  c.sw     x11, 0x4(x8)
#8070 0 8000020a 0049a583 r 0b         f0040008  lw       x11, 0x4(x19)
#8071 0 8000020e     c014 m ffffffd8   00000004  c.sw     x13, 0x0(x8)
#8072 0 80000210 0009a683 r 0d         00000001  lw       x13, 0x0(x19)
#8073 0 80000214     c3cc m f0040034   f0040008  c.sw     x11, 0x4(x15)
#8074 0 80000216 00f9a223 m ffffffd4   f0040030  sw       x15, 0x4(x19)
#8075 0 8000021a     c390 m f0040030   00000001  c.sw     x12, 0x0(x15)
#8076 0 8000021c     40f2 r 01         800001de  c.lwsp   x1, 0x1c
#8077 0 8000021e     4462 r 08         ffffffd0  c.lwsp   x8, 0x18
#8078 0 80000220 00168793 r 0f         00000002  addi     x15, x13, 0x1
#8079 0 80000224 00f9a023 m ffffffd0   00000002  sw       x15, 0x0(x19)
#8080 0 80000228 00170793 r 0f         00000021  addi     x15, x14, 0x1
#8081 0 8000022c 00fa2223 m ffffffc4   00000021  sw       x15, 0x4(x20)
#8082 0 80000230     44d2 r 09         00000001  c.lwsp   x9, 0x14
#8083 0 80000232     4942 r 12         ffffffd8  c.lwsp   x18, 0x10
#8084 0 80000234     49b2 r 13         ffffffc8  c.lwsp   x19, 0xc
#8085 0 80000236     4a22 r 14         ffffffc0  c.lwsp   x20, 0x8
#8086 0 80000238     6105 r 02         ffffff20  c.addi16sp 0x2
#8087 0 8000023a     8082 r 00         00000000  c.jr     x1
#8088 0 800001de     874e r 0e         ffffffc8  c.mv     x14, x19
#8089 0 800001e0     86a2 r 0d         ffffffd0  c.mv     x13, x8
#8090 0 800001e2     864a r 0c         ffffffd8  c.mv     x12, x18
#8091 0 800001e4     4585 r 0b         00000001  c.li     x11, 0x1
#8092 0 800001e6     8552 r 0a         ffffffc0  c.mv     x10, x20
#8093 0 800001e8     37e9 r 01         800001ea  c.jal    . - 0x36
#8094 0 800001b2     1101 r 02         ffffff00  c.addi   x2, -0x20
#8095 0 800001b4     cc22 m ffffff18   ffffffd0  c.swsp   x8, 0x18
#8096 0 800001b6     ca26 m ffffff14   00000001  c.swsp   x9, 0x14
#8097 0 800001b8     c84a m ffffff10   ffffffd8  c.swsp   x18, 0x10
#8098 0 800001ba     c64e m ffffff0c   ffffffc8  c.swsp   x19, 0xc
#8099 0 800001bc     c452 m ffffff08   ffffffc0  c.swsp   x20, 0x8
#8100 0 800001be     ce06 m ffffff1c   800001ea  c.swsp   x1, 0x1c
#8101 0 800001c0     4785 r 0f         00000001  c.li     x15, 0x1
#8102 0 800001c2     8a2a r 14         ffffffc0  c.mv     x20, x10
#8103 0 800001c4     8932 r 12         ffffffd8  c.mv     x18, x12
#8104 0 800001c6     89ba r 13         ffffffc8  c.mv     x19, x14
#8105 0 800001c8     84ae r 09         00000001  c.mv     x9, x11
#8106 0 800001ca     8436 r 08         ffffffd0  c.mv     x8, x13
#8107 0 800001cc 02f58663 r 00         00000000  beq      x11, x15, . + 0x2c
#8108 0 800001f8     8432 r 08         ffffffd8  c.mv     x8, x12
#8109 0 800001fa     405c r 0f         f0040028  c.lw     x15, 0x4(x8)
#8110 0 800001fc     4014 r 0d         00000004  c.lw     x13, 0x0(x8)
#8111 0 800001fe 004a2703 r 0e         00000021  lw       x14, 0x4(x20)
#8112 0 80000202     43cc r 0b         f0040020  c.lw     x11, 0x4(x15)
#8113 0 80000204     4390 r 0c         00000002  c.lw     x12, 0x0(x15)
#8114 0 80000206     16fd r 0d         00000003  c.addi   x13, -0x1
#8115 0 80000208     c04c m ffffffdc   f0040020  c.sw     x11, 0x4(x8)
#8116 0 8000020a 0049a583 r 0b         f0040000  lw       x11, 0x4(x19)
#8117 0 8000020e     c014 m ffffffd8   00000003  c.sw     x13, 0x0(x8)
#8118 0 80000210 0009a683 r 0d         00000001  lw       x13, 0x0(x19)
#8119 0 80000214     c3cc m f004002c   f0040000  c.sw     x11, 0x4(x15)
#8120 0 80000216 00f9a223 m ffffffcc   f0040028  sw       x15, 0x4(x19)
#8121 0 8000021a     c390 m f0040028   00000002  c.sw     x12, 0x0(x15)
#8122 0 8000021c     40f2 r 01         800001ea  c.lwsp   x1, 0x1c
#8123 0 8000021e     4462 r 08         ffffffd0  c.lwsp   x8, 0x18
#8124 0 80000220 00168793 r 0f         00000002  addi     x15, x13, 0x1
#8125 0 80000224 00f9a023 m ffffffc8   00000002  sw       x15, 0x0(x19)
#8126 0 80000228 00170793 r 0f         00000022  addi     x15, x14, 0x1
#8127 0 8000022c 00fa2223 m ffffffc4   00000022  sw       x15, 0x4(x20)
#8128 0 80000230     44d2 r 09         00000001  c.lwsp   x9, 0x14
#8129 0 80000232     4942 r 12         ffffffd8  c.lwsp   x18, 0x10
#8130 0 80000234     49b2 r 13         ffffffc8  c.lwsp   x19, 0xc
#8131 0 80000236     4a22 r 14         ffffffc0  c.lwsp   x20, 0x8
#8132 0 80000238     6105 r 02         ffffff20  c.addi16sp 0x2
#8133 0 8000023a     8082 r 00         00000000  c.jr     x1
#8134 0 800001ea     4785 r 0f         00000001  c.li     x15, 0x1
#8135 0 800001ec     874a r 0e         ffffffd8  c.mv     x14, x18
#8136 0 800001ee 00f48663 r 00         00000000  beq      x9, x15, . + 0xc
#8137 0 800001fa     405c r 0f         f0040030  c.lw     x15, 0x4(x8)
#8138 0 800001fc     4014 r 0d         00000002  c.lw     x13, 0x0(x8)
#8139 0 800001fe 004a2703 r 0e         00000022  lw       x14, 0x4(x20)
#8140 0 80000202     43cc r 0b         f0040008  c.lw     x11, 0x4(x15)
#8141 0 80000204     4390 r 0c         00000001  c.lw     x12, 0x0(x15)
#8142 0 80000206     16fd r 0d         00000001  c.addi   x13, -0x1
#8143 0 80000208     c04c m ffffffd4   f0040008  c.sw     x11, 0x4(x8)
#8144 0 8000020a 0049a583 r 0b         f0040028  lw       x11, 0x4(x19)
#8145 0 8000020e     c014 m ffffffd0   00000001  c.sw     x13, 0x0(x8)
#8146 0 80000210 0009a683 r 0d         00000002  lw       x13, 0x0(x19)
#8147 0 80000214     c3cc m f0040034   f0040028  c.sw     x11, 0x4(x15)
#8148 0 80000216 00f9a223 m ffffffcc   f0040030  sw       x15, 0x4(x19)
#8149 0 8000021a     c390 m f0040030   00000001  c.sw     x12, 0x0(x15)
#8150 0 8000021c     40f2 r 01         800001de  c.lwsp   x1, 0x1c
#8151 0 8000021e     4462 r 08         ffffffc8  c.lwsp   x8, 0x18
#8152 0 80000220 00168793 r 0f         00000003  addi     x15, x13, 0x1
#8153 0 80000224 00f9a023 m ffffffc8   00000003  sw       x15, 0x0(x19)
#8154 0 80000228 00170793 r 0f         00000023  addi     x15, x14, 0x1
#8155 0 8000022c 00fa2223 m ffffffc4   00000023  sw       x15, 0x4(x20)
#8156 0 80000230     44d2 r 09         00000002  c.lwsp   x9, 0x14
#8157 0 80000232     4942 r 12         ffffffd8  c.lwsp   x18, 0x10
#8158 0 80000234     49b2 r 13         ffffffd0  c.lwsp   x19, 0xc
#8159 0 80000236     4a22 r 14         ffffffc0  c.lwsp   x20, 0x8
#8160 0 80000238     6105 r 02         ffffff40  c.addi16sp 0x2
#8161 0 8000023a     8082 r 00         00000000  c.jr     x1
#8162 0 800001de     874e r 0e         ffffffd0  c.mv     x14, x19
#8163 0 800001e0     86a2 r 0d         ffffffc8  c.mv     x13, x8
#8164 0 800001e2     864a r 0c         ffffffd8  c.mv     x12, x18
#8165 0 800001e4     4585 r 0b         00000001  c.li     x11, 0x1
#8166 0 800001e6     8552 r 0a         ffffffc0  c.mv     x10, x20
#8167 0 800001e8     37e9 r 01         800001ea  c.jal    . - 0x36
#8168 0 800001b2     1101 r 02         ffffff20  c.addi   x2, -0x20
#8169 0 800001b4     cc22 m ffffff38   ffffffc8  c.swsp   x8, 0x18
#8170 0 800001b6     ca26 m ffffff34   00000002  c.swsp   x9, 0x14
#8171 0 800001b8     c84a m ffffff30   ffffffd8  c.swsp   x18, 0x10
#8172 0 800001ba     c64e m ffffff2c   ffffffd0  c.swsp   x19, 0xc
#8173 0 800001bc     c452 m ffffff28   ffffffc0  c.swsp   x20, 0x8
#8174 0 800001be     ce06 m ffffff3c   800001ea  c.swsp   x1, 0x1c
#8175 0 800001c0     4785 r 0f         00000001  c.li     x15, 0x1
#8176 0 800001c2     8a2a r 14         ffffffc0  c.mv     x20, x10
#8177 0 800001c4     8932 r 12         ffffffd8  c.mv     x18, x12
#8178 0 800001c6     89ba r 13         ffffffd0  c.mv     x19, x14
#8179 0 800001c8     84ae r 09         00000001  c.mv     x9, x11
#8180 0 800001ca     8436 r 08         ffffffc8  c.mv     x8, x13
#8181 0 800001cc 02f58663 r 00         00000000  beq      x11, x15, . + 0x2c
#8182 0 800001f8     8432 r 08         ffffffd8  c.mv     x8, x12
#8183 0 800001fa     405c r 0f         f0040020  c.lw     x15, 0x4(x8)
#8184 0 800001fc     4014 r 0d         00000003  c.lw     x13, 0x0(x8)
#8185 0 800001fe 004a2703 r 0e         00000023  lw       x14, 0x4(x20)
#8186 0 80000202     43cc r 0b         f0040018  c.lw     x11, 0x4(x15)
#8187 0 80000204     4390 r 0c         00000003  c.lw     x12, 0x0(x15)
#8188 0 80000206     16fd r 0d         00000002  c.addi   x13, -0x1
#8189 0 80000208     c04c m ffffffdc   f0040018  c.sw     x11, 0x4(x8)
#8190 0 8000020a 0049a583 r 0b         f0040008  lw       x11, 0x4(x19)
#8191 0 8000020e     c014 m ffffffd8   00000002  c.sw     x13, 0x0(x8)
#8192 0 80000210 0009a683 r 0d         00000001  lw       x13, 0x0(x19)
#8193 0 80000214     c3cc m f0040024   f0040008  c.sw     x11, 0x4(x15)
#8194 0 80000216 00f9a223 m ffffffd4   f0040020  sw       x15, 0x4(x19)
#8195 0 8000021a     c390 m f0040020   00000003  c.sw     x12, 0x0(x15)
#8196 0 8000021c     40f2 r 01         800001ea  c.lwsp   x1, 0x1c
#8197 0 8000021e     4462 r 08         ffffffc8  c.lwsp   x8, 0x18
#8198 0 80000220 00168793 r 0f         00000002  addi     x15, x13, 0x1
#8199 0 80000224 00f9a023 m ffffffd0   00000002  sw       x15, 0x0(x19)
#8200 0 80000228 00170793 r 0f         00000024  addi     x15, x14, 0x1
#8201 0 8000022c 00fa2223 m ffffffc4   00000024  sw       x15, 0x4(x20)
#8202 0 80000230     44d2 r 09         00000002  c.lwsp   x9, 0x14
#8203 0 80000232     4942 r 12         ffffffd8  c.lwsp   x18, 0x10
#8204 0 80000234     49b2 r 13         ffffffd0  c.lwsp   x19, 0xc
#8205 0 80000236     4a22 r 14         ffffffc0  c.lwsp   x20, 0x8
#8206 0 80000238     6105 r 02         ffffff40  c.addi16sp 0x2
#8207 0 8000023a     8082 r 00         00000000  c.jr     x1
#8208 0 800001ea     4785 r 0f         00000001  c.li     x15, 0x1
#8209 0 800001ec     874a r 0e         ffffffd8  c.mv     x14, x18
#8210 0 800001ee 00f48663 r 00         00000000  beq      x9, x15, . + 0xc
#8211 0 800001f2     8922 r 12         ffffffc8  c.mv     x18, x8
#8212 0 800001f4     843a r 08         ffffffd8  c.mv     x8, x14
#8213 0 800001f6     bfe9 r 00         00000000  c.j      . - 0x26
#8214 0 800001d0     14fd r 09         00000001  c.addi   x9, -0x1
#8215 0 800001d2     85a6 r 0b         00000001  c.mv     x11, x9
#8216 0 800001d4     8552 r 0a         ffffffc0  c.mv     x10, x20
#8217 0 800001d6     8722 r 0e         ffffffd8  c.mv     x14, x8
#8218 0 800001d8     86ce r 0d         ffffffd0  c.mv     x13, x19
#8219 0 800001da     864a r 0c         ffffffc8  c.mv     x12, x18
#8220 0 800001dc     3fd9 r 01         800001de  c.jal    . - 0x2a
#8221 0 800001b2     1101 r 02         ffffff20  c.addi   x2, -0x20
#8222 0 800001b4     cc22 m ffffff38   ffffffd8  c.swsp   x8, 0x18
#8223 0 800001b6     ca26 m ffffff34   00000001  c.swsp   x9, 0x14
#8224 0 800001b8     c84a m ffffff30   ffffffc8  c.swsp   x18, 0x10
#8225 0 800001ba     c64e m ffffff2c   ffffffd0  c.swsp   x19, 0xc
#8226 0 800001bc     c452 m ffffff28   ffffffc0  c.swsp   x20, 0x8
#8227 0 800001be     ce06 m ffffff3c   800001de  c.swsp   x1, 0x1c
#8228 0 800001c0     4785 r 0f         00000001  c.li     x15, 0x1
#8229 0 800001c2     8a2a r 14         ffffffc0  c.mv     x20, x10
#8230 0 800001c4     8932 r 12         ffffffc8  c.mv     x18, x12
#8231 0 800001c6     89ba r 13         ffffffd8  c.mv     x19, x14
#8232 0 800001c8     84ae r 09         00000001  c.mv     x9, x11
#8233 0 800001ca     8436 r 08         ffffffd0  c.mv     x8, x13
#8234 0 800001cc 02f58663 r 00         00000000  beq      x11, x15, . + 0x2c
#8235 0 800001f8     8432 r 08         ffffffc8  c.mv     x8, x12
#8236 0 800001fa     405c r 0f         f0040030  c.lw     x15, 0x4(x8)
#8237 0 800001fc     4014 r 0d         00000003  c.lw     x13, 0x0(x8)
#8238 0 800001fe 004a2703 r 0e         00000024  lw       x14, 0x4(x20)
#8239 0 80000202     43cc r 0b         f0040028  c.lw     x11, 0x4(x15)
#8240 0 80000204     4390 r 0c         00000001  c.lw     x12, 0x0(x15)
#8241 0 80000206     16fd r 0d         00000002  c.addi   x13, -0x1
#8242 0 80000208     c04c m ffffffcc   f0040028  c.sw     x11, 0x4(x8)
#8243 0 8000020a 0049a583 r 0b         f0040018  lw       x11, 0x4(x19)
#8244 0 8000020e     c014 m ffffffc8   00000002  c.sw     x13, 0x0(x8)
#8245 0 80000210 0009a683 r 0d         00000002  lw       x13, 0x0(x19)
#8246 0 80000214     c3cc m f0040034   f0040018  c.sw     x11, 0x4(x15)
#8247 0 80000216 00f9a223 m ffffffdc   f0040030  sw       x15, 0x4(x19)
#8248 0 8000021a     c390 m f0040030   00000001  c.sw     x12, 0x0(x15)
#8249 0 8000021c     40f2 r 01         800001de  c.lwsp   x1, 0x1c
#8250 0 8000021e     4462 r 08         ffffffd8  c.lwsp   x8, 0x18
#8251 0 80000220 00168793 r 0f         00000003  addi     x15, x13, 0x1
#8252 0 80000224 00f9a023 m ffffffd8   00000003  sw       x15, 0x0(x19)
#8253 0 80000228 00170793 r 0f         00000025  addi     x15, x14, 0x1
#8254 0 8000022c 00fa2223 m ffffffc4   00000025  sw       x15, 0x4(x20)
#8255 0 80000230     44d2 r 09         00000001  c.lwsp   x9, 0x14
#8256 0 80000232     4942 r 12         ffffffc8  c.lwsp   x18, 0x10
#8257 0 80000234     49b2 r 13         ffffffd0  c.lwsp   x19, 0xc
#8258 0 80000236     4a22 r 14         ffffffc0  c.lwsp   x20, 0x8
#8259 0 80000238     6105 r 02         ffffff40  c.addi16sp 0x2
#8260 0 8000023a     8082 r 00         00000000  c.jr     x1
#8261 0 800001de     874e r 0e         ffffffd0  c.mv     x14, x19
#8262 0 800001e0     86a2 r 0d         ffffffd8  c.mv     x13, x8
#8263 0 800001e2     864a r 0c         ffffffc8  c.mv     x12, x18
#8264 0 800001e4     4585 r 0b         00000001  c.li     x11, 0x1
#8265 0 800001e6     8552 r 0a         ffffffc0  c.mv     x10, x20
#8266 0 800001e8     37e9 r 01         800001ea  c.jal    . - 0x36
#8267 0 800001b2     1101 r 02         ffffff20  c.addi   x2, -0x20
#8268 0 800001b4     cc22 m ffffff38   ffffffd8  c.swsp   x8, 0x18
#8269 0 800001b6     ca26 m ffffff34   00000001  c.swsp   x9, 0x14
#8270 0 800001b8     c84a m ffffff30   ffffffc8  c.swsp   x18, 0x10
#8271 0 800001ba     c64e m ffffff2c   ffffffd0  c.swsp   x19, 0xc
#8272 0 800001bc     c452 m ffffff28   ffffffc0  c.swsp   x20, 0x8
#8273 0 800001be     ce06 m ffffff3c   800001ea  c.swsp   x1, 0x1c
#8274 0 800001c0     4785 r 0f         00000001  c.li     x15, 0x1
#8275 0 800001c2     8a2a r 14         ffffffc0  c.mv     x20, x10
#8276 0 800001c4     8932 r 12         ffffffc8  c.mv     x18, x12
#8277 0 800001c6     89ba r 13         ffffffd0  c.mv     x19, x14
#8278 0 800001c8     84ae r 09         00000001  c.mv     x9, x11
#8279 0 800001ca     8436 r 08         ffffffd8  c.mv     x8, x13
#8280 0 800001cc 02f58663 r 00         00000000  beq      x11, x15, . + 0x2c
#8281 0 800001f8     8432 r 08         ffffffc8  c.mv     x8, x12
#8282 0 800001fa     405c r 0f         f0040028  c.lw     x15, 0x4(x8)
#8283 0 800001fc     4014 r 0d         00000002  c.lw     x13, 0x0(x8)
#8284 0 800001fe 004a2703 r 0e         00000025  lw       x14, 0x4(x20)
#8285 0 80000202     43cc r 0b         f0040000  c.lw     x11, 0x4(x15)
#8286 0 80000204     4390 r 0c         00000002  c.lw     x12, 0x0(x15)
#8287 0 80000206     16fd r 0d         00000001  c.addi   x13, -0x1
#8288 0 80000208     c04c m ffffffcc   f0040000  c.sw     x11, 0x4(x8)
#8289 0 8000020a 0049a583 r 0b         f0040020  lw       x11, 0x4(x19)
#8290 0 8000020e     c014 m ffffffc8   00000001  c.sw     x13, 0x0(x8)
#8291 0 80000210 0009a683 r 0d         00000002  lw       x13, 0x0(x19)
#8292 0 80000214     c3cc m f004002c   f0040020  c.sw     x11, 0x4(x15)
#8293 0 80000216 00f9a223 m ffffffd4   f0040028  sw       x15, 0x4(x19)
#8294 0 8000021a     c390 m f0040028   00000002  c.sw     x12, 0x0(x15)
#8295 0 8000021c     40f2 r 01         800001ea  c.lwsp   x1, 0x1c
#8296 0 8000021e     4462 r 08         ffffffd8  c.lwsp   x8, 0x18
#8297 0 80000220 00168793 r 0f         00000003  addi     x15, x13, 0x1
#8298 0 80000224 00f9a023 m ffffffd0   00000003  sw       x15, 0x0(x19)
#8299 0 80000228 00170793 r 0f         00000026  addi     x15, x14, 0x1
#8300 0 8000022c 00fa2223 m ffffffc4   00000026  sw       x15, 0x4(x20)
#8301 0 80000230     44d2 r 09         00000001  c.lwsp   x9, 0x14
#8302 0 80000232     4942 r 12         ffffffc8  c.lwsp   x18, 0x10
#8303 0 80000234     49b2 r 13         ffffffd0  c.lwsp   x19, 0xc
#8304 0 80000236     4a22 r 14         ffffffc0  c.lwsp   x20, 0x8
#8305 0 80000238     6105 r 02         ffffff40  c.addi16sp 0x2
#8306 0 8000023a     8082 r 00         00000000  c.jr     x1
#8307 0 800001ea     4785 r 0f         00000001  c.li     x15, 0x1
#8308 0 800001ec     874a r 0e         ffffffc8  c.mv     x14, x18
#8309 0 800001ee 00f48663 r 00         00000000  beq      x9, x15, . + 0xc
#8310 0 800001fa     405c r 0f         f0040030  c.lw     x15, 0x4(x8)
#8311 0 800001fc     4014 r 0d         00000003  c.lw     x13, 0x0(x8)
#8312 0 800001fe 004a2703 r 0e         00000026  lw       x14, 0x4(x20)
#8313 0 80000202     43cc r 0b         f0040018  c.lw     x11, 0x4(x15)
#8314 0 80000204     4390 r 0c         00000001  c.lw     x12, 0x0(x15)
#8315 0 80000206     16fd r 0d         00000002  c.addi   x13, -0x1
#8316 0 80000208     c04c m ffffffdc   f0040018  c.sw     x11, 0x4(x8)
#8317 0 8000020a 0049a583 r 0b         f0040028  lw       x11, 0x4(x19)
#8318 0 8000020e     c014 m ffffffd8   00000002  c.sw     x13, 0x0(x8)
#8319 0 80000210 0009a683 r 0d         00000003  lw       x13, 0x0(x19)
#8320 0 80000214     c3cc m f0040034   f0040028  c.sw     x11, 0x4(x15)
#8321 0 80000216 00f9a223 m ffffffd4   f0040030  sw       x15, 0x4(x19)
#8322 0 8000021a     c390 m f0040030   00000001  c.sw     x12, 0x0(x15)
#8323 0 8000021c     40f2 r 01         800001de  c.lwsp   x1, 0x1c
#8324 0 8000021e     4462 r 08         ffffffd0  c.lwsp   x8, 0x18
#8325 0 80000220 00168793 r 0f         00000004  addi     x15, x13, 0x1
#8326 0 80000224 00f9a023 m ffffffd0   00000004  sw       x15, 0x0(x19)
#8327 0 80000228 00170793 r 0f         00000027  addi     x15, x14, 0x1
#8328 0 8000022c 00fa2223 m ffffffc4   00000027  sw       x15, 0x4(x20)
#8329 0 80000230     44d2 r 09         00000003  c.lwsp   x9, 0x14
#8330 0 80000232     4942 r 12         ffffffd8  c.lwsp   x18, 0x10
#8331 0 80000234     49b2 r 13         ffffffc8  c.lwsp   x19, 0xc
#8332 0 80000236     4a22 r 14         ffffffc0  c.lwsp   x20, 0x8
#8333 0 80000238     6105 r 02         ffffff60  c.addi16sp 0x2
#8334 0 8000023a     8082 r 00         00000000  c.jr     x1
#8335 0 800001de     874e r 0e         ffffffc8  c.mv     x14, x19
#8336 0 800001e0     86a2 r 0d         ffffffd0  c.mv     x13, x8
#8337 0 800001e2     864a r 0c         ffffffd8  c.mv     x12, x18
#8338 0 800001e4     4585 r 0b         00000001  c.li     x11, 0x1
#8339 0 800001e6     8552 r 0a         ffffffc0  c.mv     x10, x20
#8340 0 800001e8     37e9 r 01         800001ea  c.jal    . - 0x36
#8341 0 800001b2     1101 r 02         ffffff40  c.addi   x2, -0x20
#8342 0 800001b4     cc22 m ffffff58   ffffffd0  c.swsp   x8, 0x18
#8343 0 800001b6     ca26 m ffffff54   00000003  c.swsp   x9, 0x14
#8344 0 800001b8     c84a m ffffff50   ffffffd8  c.swsp   x18, 0x10
#8345 0 800001ba     c64e m ffffff4c   ffffffc8  c.swsp   x19, 0xc
#8346 0 800001bc     c452 m ffffff48   ffffffc0  c.swsp   x20, 0x8
#8347 0 800001be     ce06 m ffffff5c   800001ea  c.swsp   x1, 0x1c
#8348 0 800001c0     4785 r 0f         00000001  c.li     x15, 0x1
#8349 0 800001c2     8a2a r 14         ffffffc0  c.mv     x20, x10
#8350 0 800001c4     8932 r 12         ffffffd8  c.mv     x18, x12
#8351 0 800001c6     89ba r 13         ffffffc8  c.mv     x19, x14
#8352 0 800001c8     84ae r 09         00000001  c.mv     x9, x11
#8353 0 800001ca     8436 r 08         ffffffd0  c.mv     x8, x13
#8354 0 800001cc 02f58663 r 00         00000000  beq      x11, x15, . + 0x2c
#8355 0 800001f8     8432 r 08         ffffffd8  c.mv     x8, x12
#8356 0 800001fa     405c r 0f         f0040018  c.lw     x15, 0x4(x8)
#8357 0 800001fc     4014 r 0d         00000002  c.lw     x13, 0x0(x8)
#8358 0 800001fe 004a2703 r 0e         00000027  lw       x14, 0x4(x20)
#8359 0 80000202     43cc r 0b         f0040010  c.lw     x11, 0x4(x15)
#8360 0 80000204     4390 r 0c         00000004  c.lw     x12, 0x0(x15)
#8361 0 80000206     16fd r 0d         00000001  c.addi   x13, -0x1
#8362 0 80000208     c04c m ffffffdc   f0040010  c.sw     x11, 0x4(x8)
#8363 0 8000020a 0049a583 r 0b         f0040000  lw       x11, 0x4(x19)
#8364 0 8000020e     c014 m ffffffd8   00000001  c.sw     x13, 0x0(x8)
#8365 0 80000210 0009a683 r 0d         00000001  lw       x13, 0x0(x19)
#8366 0 80000214     c3cc m f004001c   f0040000  c.sw     x11, 0x4(x15)
#8367 0 80000216 00f9a223 m ffffffcc   f0040018  sw       x15, 0x4(x19)
#8368 0 8000021a     c390 m f0040018   00000004  c.sw     x12, 0x0(x15)
#8369 0 8000021c     40f2 r 01         800001ea  c.lwsp   x1, 0x1c
#8370 0 8000021e     4462 r 08         ffffffd0  c.lwsp   x8, 0x18
#8371 0 80000220 00168793 r 0f         00000002  addi     x15, x13, 0x1
#8372 0 80000224 00f9a023 m ffffffc8   00000002  sw       x15, 0x0(x19)
#8373 0 80000228 00170793 r 0f         00000028  addi     x15, x14, 0x1
#8374 0 8000022c 00fa2223 m ffffffc4   00000028  sw       x15, 0x4(x20)
#8375 0 80000230     44d2 r 09         00000003  c.lwsp   x9, 0x14
#8376 0 80000232     4942 r 12         ffffffd8  c.lwsp   x18, 0x10
#8377 0 80000234     49b2 r 13         ffffffc8  c.lwsp   x19, 0xc
#8378 0 80000236     4a22 r 14         ffffffc0  c.lwsp   x20, 0x8
#8379 0 80000238     6105 r 02         ffffff60  c.addi16sp 0x2
#8380 0 8000023a     8082 r 00         00000000  c.jr     x1
#8381 0 800001ea     4785 r 0f         00000001  c.li     x15, 0x1
#8382 0 800001ec     874a r 0e         ffffffd8  c.mv     x14, x18
#8383 0 800001ee 00f48663 r 00         00000000  beq      x9, x15, . + 0xc
#8384 0 800001f2     8922 r 12         ffffffd0  c.mv     x18, x8
#8385 0 800001f4     843a r 08         ffffffd8  c.mv     x8, x14
#8386 0 800001f6     bfe9 r 00         00000000  c.j      . - 0x26
#8387 0 800001d0     14fd r 09         00000002  c.addi   x9, -0x1
#8388 0 800001d2     85a6 r 0b         00000002  c.mv     x11, x9
#8389 0 800001d4     8552 r 0a         ffffffc0  c.mv     x10, x20
#8390 0 800001d6     8722 r 0e         ffffffd8  c.mv     x14, x8
#8391 0 800001d8     86ce r 0d         ffffffc8  c.mv     x13, x19
#8392 0 800001da     864a r 0c         ffffffd0  c.mv     x12, x18
#8393 0 800001dc     3fd9 r 01         800001de  c.jal    . - 0x2a
#8394 0 800001b2     1101 r 02         ffffff40  c.addi   x2, -0x20
#8395 0 800001b4     cc22 m ffffff58   ffffffd8  c.swsp   x8, 0x18
#8396 0 800001b6     ca26 m ffffff54   00000002  c.swsp   x9, 0x14
#8397 0 800001b8     c84a m ffffff50   ffffffd0  c.swsp   x18, 0x10
#8398 0 800001ba     c64e m ffffff4c   ffffffc8  c.swsp   x19, 0xc
#8399 0 800001bc     c452 m ffffff48   ffffffc0  c.swsp   x20, 0x8
#8400 0 800001be     ce06 m ffffff5c   800001de  c.swsp   x1, 0x1c
#8401 0 800001c0     4785 r 0f         00000001  c.li     x15, 0x1
#8402 0 800001c2     8a2a r 14         ffffffc0  c.mv     x20, x10
#8403 0 800001c4     8932 r 12         ffffffd0  c.mv     x18, x12
#8404 0 800001c6     89ba r 13         ffffffd8  c.mv     x19, x14
#8405 0 800001c8     84ae r 09         00000002  c.mv     x9, x11
#8406 0 800001ca     8436 r 08         ffffffc8  c.mv     x8, x13
#8407 0 800001cc 02f58663 r 00         00000000  beq      x11, x15, . + 0x2c
#8408 0 800001d0     14fd r 09         00000001  c.addi   x9, -0x1
#8409 0 800001d2     85a6 r 0b         00000001  c.mv     x11, x9
#8410 0 800001d4     8552 r 0a         ffffffc0  c.mv     x10, x20
#8411 0 800001d6     8722 r 0e         ffffffc8  c.mv     x14, x8
#8412 0 800001d8     86ce r 0d         ffffffd8  c.mv     x13, x19
#8413 0 800001da     864a r 0c         ffffffd0  c.mv     x12, x18
#8414 0 800001dc     3fd9 r 01         800001de  c.jal    . - 0x2a
#8415 0 800001b2     1101 r 02         ffffff20  c.addi   x2, -0x20
#8416 0 800001b4     cc22 m ffffff38   ffffffc8  c.swsp   x8, 0x18
#8417 0 800001b6     ca26 m ffffff34   00000001  c.swsp   x9, 0x14
#8418 0 800001b8     c84a m ffffff30   ffffffd0  c.swsp   x18, 0x10
#8419 0 800001ba     c64e m ffffff2c   ffffffd8  c.swsp   x19, 0xc
#8420 0 800001bc     c452 m ffffff28   ffffffc0  c.swsp   x20, 0x8
#8421 0 800001be     ce06 m ffffff3c   800001de  c.swsp   x1, 0x1c
#8422 0 800001c0     4785 r 0f         00000001  c.li     x15, 0x1
#8423 0 800001c2     8a2a r 14         ffffffc0  c.mv     x20, x10
#8424 0 800001c4     8932 r 12         ffffffd0  c.mv     x18, x12
#8425 0 800001c6     89ba r 13         ffffffc8  c.mv     x19, x14
#8426 0 800001c8     84ae r 09         00000001  c.mv     x9, x11
#8427 0 800001ca     8436 r 08         ffffffd8  c.mv     x8, x13
#8428 0 800001cc 02f58663 r 00         00000000  beq      x11, x15, . + 0x2c
#8429 0 800001f8     8432 r 08         ffffffd0  c.mv     x8, x12
#8430 0 800001fa     405c r 0f         f0040030  c.lw     x15, 0x4(x8)
#8431 0 800001fc     4014 r 0d         00000004  c.lw     x13, 0x0(x8)
#8432 0 800001fe 004a2703 r 0e         00000028  lw       x14, 0x4(x20)
#8433 0 80000202     43cc r 0b         f0040028  c.lw     x11, 0x4(x15)
#8434 0 80000204     4390 r 0c         00000001  c.lw     x12, 0x0(x15)
#8435 0 80000206     16fd r 0d         00000003  c.addi   x13, -0x1
#8436 0 80000208     c04c m ffffffd4   f0040028  c.sw     x11, 0x4(x8)
#8437 0 8000020a 0049a583 r 0b         f0040018  lw       x11, 0x4(x19)
#8438 0 8000020e     c014 m ffffffd0   00000003  c.sw     x13, 0x0(x8)
#8439 0 80000210 0009a683 r 0d         00000002  lw       x13, 0x0(x19)
#8440 0 80000214     c3cc m f0040034   f0040018  c.sw     x11, 0x4(x15)
#8441 0 80000216 00f9a223 m ffffffcc   f0040030  sw       x15, 0x4(x19)
#8442 0 8000021a     c390 m f0040030   00000001  c.sw     x12, 0x0(x15)
#8443 0 8000021c     40f2 r 01         800001de  c.lwsp   x1, 0x1c
#8444 0 8000021e     4462 r 08         ffffffc8  c.lwsp   x8, 0x18
#8445 0 80000220 00168793 r 0f         00000003  addi     x15, x13, 0x1
#8446 0 80000224 00f9a023 m ffffffc8   00000003  sw       x15, 0x0(x19)
#8447 0 80000228 00170793 r 0f         00000029  addi     x15, x14, 0x1
#8448 0 8000022c 00fa2223 m ffffffc4   00000029  sw       x15, 0x4(x20)
#8449 0 80000230     44d2 r 09         00000001  c.lwsp   x9, 0x14
#8450 0 80000232     4942 r 12         ffffffd0  c.lwsp   x18, 0x10
#8451 0 80000234     49b2 r 13         ffffffd8  c.lwsp   x19, 0xc
#8452 0 80000236     4a22 r 14         ffffffc0  c.lwsp   x20, 0x8
#8453 0 80000238     6105 r 02         ffffff40  c.addi16sp 0x2
#8454 0 8000023a     8082 r 00         00000000  c.jr     x1
#8455 0 800001de     874e r 0e         ffffffd8  c.mv     x14, x19
#8456 0 800001e0     86a2 r 0d         ffffffc8  c.mv     x13, x8
#8457 0 800001e2     864a r 0c         ffffffd0  c.mv     x12, x18
#8458 0 800001e4     4585 r 0b         00000001  c.li     x11, 0x1
#8459 0 800001e6     8552 r 0a         ffffffc0  c.mv     x10, x20
#8460 0 800001e8     37e9 r 01         800001ea  c.jal    . - 0x36
#8461 0 800001b2     1101 r 02         ffffff20  c.addi   x2, -0x20
#8462 0 800001b4     cc22 m ffffff38   ffffffc8  c.swsp   x8, 0x18
#8463 0 800001b6     ca26 m ffffff34   00000001  c.swsp   x9, 0x14
#8464 0 800001b8     c84a m ffffff30   ffffffd0  c.swsp   x18, 0x10
#8465 0 800001ba     c64e m ffffff2c   ffffffd8  c.swsp   x19, 0xc
#8466 0 800001bc     c452 m ffffff28   ffffffc0  c.swsp   x20, 0x8
#8467 0 800001be     ce06 m ffffff3c   800001ea  c.swsp   x1, 0x1c
#8468 0 800001c0     4785 r 0f         00000001  c.li     x15, 0x1
#8469 0 800001c2     8a2a r 14         ffffffc0  c.mv     x20, x10
#8470 0 800001c4     8932 r 12         ffffffd0  c.mv     x18, x12
#8471 0 800001c6     89ba r 13         ffffffd8  c.mv     x19, x14
#8472 0 800001c8     84ae r 09         00000001  c.mv     x9, x11
#8473 0 800001ca     8436 r 08         ffffffc8  c.mv     x8, x13
#8474 0 800001cc 02f58663 r 00         00000000  beq      x11, x15, . + 0x2c
#8475 0 800001f8     8432 r 08         ffffffd0  c.mv     x8, x12
#8476 0 800001fa     405c r 0f         f0040028  c.lw     x15, 0x4(x8)
#8477 0 800001fc     4014 r 0d         00000003  c.lw     x13, 0x0(x8)
#8478 0 800001fe 004a2703 r 0e         00000029  lw       x14, 0x4(x20)
#8479 0 80000202     43cc r 0b         f0040020  c.lw     x11, 0x4(x15)
#8480 0 80000204     4390 r 0c         00000002  c.lw     x12, 0x0(x15)
#8481 0 80000206     16fd r 0d         00000002  c.addi   x13, -0x1
#8482 0 80000208     c04c m ffffffd4   f0040020  c.sw     x11, 0x4(x8)
#8483 0 8000020a 0049a583 r 0b         f0040010  lw       x11, 0x4(x19)
#8484 0 8000020e     c014 m ffffffd0   00000002  c.sw     x13, 0x0(x8)
#8485 0 80000210 0009a683 r 0d         00000001  lw       x13, 0x0(x19)
#8486 0 80000214     c3cc m f004002c   f0040010  c.sw     x11, 0x4(x15)
#8487 0 80000216 00f9a223 m ffffffdc   f0040028  sw       x15, 0x4(x19)
#8488 0 8000021a     c390 m f0040028   00000002  c.sw     x12, 0x0(x15)
#8489 0 8000021c     40f2 r 01         800001ea  c.lwsp   x1, 0x1c
#8490 0 8000021e     4462 r 08         ffffffc8  c.lwsp   x8, 0x18
#8491 0 80000220 00168793 r 0f         00000002  addi     x15, x13, 0x1
#8492 0 80000224 00f9a023 m ffffffd8   00000002  sw       x15, 0x0(x19)
#8493 0 80000228 00170793 r 0f         0000002a  addi     x15, x14, 0x1
#8494 0 8000022c 00fa2223 m ffffffc4   0000002a  sw       x15, 0x4(x20)
#8495 0 80000230     44d2 r 09         00000001  c.lwsp   x9, 0x14
#8496 0 80000232     4942 r 12         ffffffd0  c.lwsp   x18, 0x10
#8497 0 80000234     49b2 r 13         ffffffd8  c.lwsp   x19, 0xc
#8498 0 80000236     4a22 r 14         ffffffc0  c.lwsp   x20, 0x8
#8499 0 80000238     6105 r 02         ffffff40  c.addi16sp 0x2
#8500 0 8000023a     8082 r 00         00000000  c.jr     x1
#8501 0 800001ea     4785 r 0f         00000001  c.li     x15, 0x1
#8502 0 800001ec     874a r 0e         ffffffd0  c.mv     x14, x18
#8503 0 800001ee 00f48663 r 00         00000000  beq      x9, x15, . + 0xc
#8504 0 800001fa     405c r 0f         f0040030  c.lw     x15, 0x4(x8)
#8505 0 800001fc     4014 r 0d         00000003  c.lw     x13, 0x0(x8)
#8506 0 800001fe 004a2703 r 0e         0000002a  lw       x14, 0x4(x20)
#8507 0 80000202     43cc r 0b         f0040018  c.lw     x11, 0x4(x15)
#8508 0 80000204     4390 r 0c         00000001  c.lw     x12, 0x0(x15)
#8509 0 80000206     16fd r 0d         00000002  c.addi   x13, -0x1
#8510 0 80000208     c04c m ffffffcc   f0040018  c.sw     x11, 0x4(x8)
#8511 0 8000020a 0049a583 r 0b         f0040028  lw       x11, 0x4(x19)
#8512 0 8000020e     c014 m ffffffc8   00000002  c.sw     x13, 0x0(x8)
#8513 0 80000210 0009a683 r 0d         00000002  lw       x13, 0x0(x19)
#8514 0 80000214     c3cc m f0040034   f0040028  c.sw     x11, 0x4(x15)
#8515 0 80000216 00f9a223 m ffffffdc   f0040030  sw       x15, 0x4(x19)
#8516 0 8000021a     c390 m f0040030   00000001  c.sw     x12, 0x0(x15)
#8517 0 8000021c     40f2 r 01         800001de  c.lwsp   x1, 0x1c
#8518 0 8000021e     4462 r 08         ffffffd8  c.lwsp   x8, 0x18
#8519 0 80000220 00168793 r 0f         00000003  addi     x15, x13, 0x1
#8520 0 80000224 00f9a023 m ffffffd8   00000003  sw       x15, 0x0(x19)
#8521 0 80000228 00170793 r 0f         0000002b  addi     x15, x14, 0x1
#8522 0 8000022c 00fa2223 m ffffffc4   0000002b  sw       x15, 0x4(x20)
#8523 0 80000230     44d2 r 09         00000002  c.lwsp   x9, 0x14
#8524 0 80000232     4942 r 12         ffffffd0  c.lwsp   x18, 0x10
#8525 0 80000234     49b2 r 13         ffffffc8  c.lwsp   x19, 0xc
#8526 0 80000236     4a22 r 14         ffffffc0  c.lwsp   x20, 0x8
#8527 0 80000238     6105 r 02         ffffff60  c.addi16sp 0x2
#8528 0 8000023a     8082 r 00         00000000  c.jr     x1
#8529 0 800001de     874e r 0e         ffffffc8  c.mv     x14, x19
#8530 0 800001e0     86a2 r 0d         ffffffd8  c.mv     x13, x8
#8531 0 800001e2     864a r 0c         ffffffd0  c.mv     x12, x18
#8532 0 800001e4     4585 r 0b         00000001  c.li     x11, 0x1
#8533 0 800001e6     8552 r 0a         ffffffc0  c.mv     x10, x20
#8534 0 800001e8     37e9 r 01         800001ea  c.jal    . - 0x36
#8535 0 800001b2     1101 r 02         ffffff40  c.addi   x2, -0x20
#8536 0 800001b4     cc22 m ffffff58   ffffffd8  c.swsp   x8, 0x18
#8537 0 800001b6     ca26 m ffffff54   00000002  c.swsp   x9, 0x14
#8538 0 800001b8     c84a m ffffff50   ffffffd0  c.swsp   x18, 0x10
#8539 0 800001ba     c64e m ffffff4c   ffffffc8  c.swsp   x19, 0xc
#8540 0 800001bc     c452 m ffffff48   ffffffc0  c.swsp   x20, 0x8
#8541 0 800001be     ce06 m ffffff5c   800001ea  c.swsp   x1, 0x1c
#8542 0 800001c0     4785 r 0f         00000001  c.li     x15, 0x1
#8543 0 800001c2     8a2a r 14         ffffffc0  c.mv     x20, x10
#8544 0 800001c4     8932 r 12         ffffffd0  c.mv     x18, x12
#8545 0 800001c6     89ba r 13         ffffffc8  c.mv     x19, x14
#8546 0 800001c8     84ae r 09         00000001  c.mv     x9, x11
#8547 0 800001ca     8436 r 08         ffffffd8  c.mv     x8, x13
#8548 0 800001cc 02f58663 r 00         00000000  beq      x11, x15, . + 0x2c
#8549 0 800001f8     8432 r 08         ffffffd0  c.mv     x8, x12
#8550 0 800001fa     405c r 0f         f0040020  c.lw     x15, 0x4(x8)
#8551 0 800001fc     4014 r 0d         00000002  c.lw     x13, 0x0(x8)
#8552 0 800001fe 004a2703 r 0e         0000002b  lw       x14, 0x4(x20)
#8553 0 80000202     43cc r 0b         f0040008  c.lw     x11, 0x4(x15)
#8554 0 80000204     4390 r 0c         00000003  c.lw     x12, 0x0(x15)
#8555 0 80000206     16fd r 0d         00000001  c.addi   x13, -0x1
#8556 0 80000208     c04c m ffffffd4   f0040008  c.sw     x11, 0x4(x8)
#8557 0 8000020a 0049a583 r 0b         f0040018  lw       x11, 0x4(x19)
#8558 0 8000020e     c014 m ffffffd0   00000001  c.sw     x13, 0x0(x8)
#8559 0 80000210 0009a683 r 0d         00000002  lw       x13, 0x0(x19)
#8560 0 80000214     c3cc m f0040024   f0040018  c.sw     x11, 0x4(x15)
#8561 0 80000216 00f9a223 m ffffffcc   f0040020  sw       x15, 0x4(x19)
#8562 0 8000021a     c390 m f0040020   00000003  c.sw     x12, 0x0(x15)
#8563 0 8000021c     40f2 r 01         800001ea  c.lwsp   x1, 0x1c
#8564 0 8000021e     4462 r 08         ffffffd8  c.lwsp   x8, 0x18
#8565 0 80000220 00168793 r 0f         00000003  addi     x15, x13, 0x1
#8566 0 80000224 00f9a023 m ffffffc8   00000003  sw       x15, 0x0(x19)
#8567 0 80000228 00170793 r 0f         0000002c  addi     x15, x14, 0x1
#8568 0 8000022c 00fa2223 m ffffffc4   0000002c  sw       x15, 0x4(x20)
#8569 0 80000230     44d2 r 09         00000002  c.lwsp   x9, 0x14
#8570 0 80000232     4942 r 12         ffffffd0  c.lwsp   x18, 0x10
#8571 0 80000234     49b2 r 13         ffffffc8  c.lwsp   x19, 0xc
#8572 0 80000236     4a22 r 14         ffffffc0  c.lwsp   x20, 0x8
#8573 0 80000238     6105 r 02         ffffff60  c.addi16sp 0x2
#8574 0 8000023a     8082 r 00         00000000  c.jr     x1
#8575 0 800001ea     4785 r 0f         00000001  c.li     x15, 0x1
#8576 0 800001ec     874a r 0e         ffffffd0  c.mv     x14, x18
#8577 0 800001ee 00f48663 r 00         00000000  beq      x9, x15, . + 0xc
#8578 0 800001f2     8922 r 12         ffffffd8  c.mv     x18, x8
#8579 0 800001f4     843a r 08         ffffffd0  c.mv     x8, x14
#8580 0 800001f6     bfe9 r 00         00000000  c.j      . - 0x26
#8581 0 800001d0     14fd r 09         00000001  c.addi   x9, -0x1
#8582 0 800001d2     85a6 r 0b         00000001  c.mv     x11, x9
#8583 0 800001d4     8552 r 0a         ffffffc0  c.mv     x10, x20
#8584 0 800001d6     8722 r 0e         ffffffd0  c.mv     x14, x8
#8585 0 800001d8     86ce r 0d         ffffffc8  c.mv     x13, x19
#8586 0 800001da     864a r 0c         ffffffd8  c.mv     x12, x18
#8587 0 800001dc     3fd9 r 01         800001de  c.jal    . - 0x2a
#8588 0 800001b2     1101 r 02         ffffff40  c.addi   x2, -0x20
#8589 0 800001b4     cc22 m ffffff58   ffffffd0  c.swsp   x8, 0x18
#8590 0 800001b6     ca26 m ffffff54   00000001  c.swsp   x9, 0x14
#8591 0 800001b8     c84a m ffffff50   ffffffd8  c.swsp   x18, 0x10
#8592 0 800001ba     c64e m ffffff4c   ffffffc8  c.swsp   x19, 0xc
#8593 0 800001bc     c452 m ffffff48   ffffffc0  c.swsp   x20, 0x8
#8594 0 800001be     ce06 m ffffff5c   800001de  c.swsp   x1, 0x1c
#8595 0 800001c0     4785 r 0f         00000001  c.li     x15, 0x1
#8596 0 800001c2     8a2a r 14         ffffffc0  c.mv     x20, x10
#8597 0 800001c4     8932 r 12         ffffffd8  c.mv     x18, x12
#8598 0 800001c6     89ba r 13         ffffffd0  c.mv     x19, x14
#8599 0 800001c8     84ae r 09         00000001  c.mv     x9, x11
#8600 0 800001ca     8436 r 08         ffffffc8  c.mv     x8, x13
#8601 0 800001cc 02f58663 r 00         00000000  beq      x11, x15, . + 0x2c
#8602 0 800001f8     8432 r 08         ffffffd8  c.mv     x8, x12
#8603 0 800001fa     405c r 0f         f0040030  c.lw     x15, 0x4(x8)
#8604 0 800001fc     4014 r 0d         00000003  c.lw     x13, 0x0(x8)
#8605 0 800001fe 004a2703 r 0e         0000002c  lw       x14, 0x4(x20)
#8606 0 80000202     43cc r 0b         f0040028  c.lw     x11, 0x4(x15)
#8607 0 80000204     4390 r 0c         00000001  c.lw     x12, 0x0(x15)
#8608 0 80000206     16fd r 0d         00000002  c.addi   x13, -0x1
#8609 0 80000208     c04c m ffffffdc   f0040028  c.sw     x11, 0x4(x8)
#8610 0 8000020a 0049a583 r 0b         f0040008  lw       x11, 0x4(x19)
#8611 0 8000020e     c014 m ffffffd8   00000002  c.sw     x13, 0x0(x8)
#8612 0 80000210 0009a683 r 0d         00000001  lw       x13, 0x0(x19)
#8613 0 80000214     c3cc m f0040034   f0040008  c.sw     x11, 0x4(x15)
#8614 0 80000216 00f9a223 m ffffffd4   f0040030  sw       x15, 0x4(x19)
#8615 0 8000021a     c390 m f0040030   00000001  c.sw     x12, 0x0(x15)
#8616 0 8000021c     40f2 r 01         800001de  c.lwsp   x1, 0x1c
#8617 0 8000021e     4462 r 08         ffffffd0  c.lwsp   x8, 0x18
#8618 0 80000220 00168793 r 0f         00000002  addi     x15, x13, 0x1
#8619 0 80000224 00f9a023 m ffffffd0   00000002  sw       x15, 0x0(x19)
#8620 0 80000228 00170793 r 0f         0000002d  addi     x15, x14, 0x1
#8621 0 8000022c 00fa2223 m ffffffc4   0000002d  sw       x15, 0x4(x20)
#8622 0 80000230     44d2 r 09         00000001  c.lwsp   x9, 0x14
#8623 0 80000232     4942 r 12         ffffffd8  c.lwsp   x18, 0x10
#8624 0 80000234     49b2 r 13         ffffffc8  c.lwsp   x19, 0xc
#8625 0 80000236     4a22 r 14         ffffffc0  c.lwsp   x20, 0x8
#8626 0 80000238     6105 r 02         ffffff60  c.addi16sp 0x2
#8627 0 8000023a     8082 r 00         00000000  c.jr     x1
#8628 0 800001de     874e r 0e         ffffffc8  c.mv     x14, x19
#8629 0 800001e0     86a2 r 0d         ffffffd0  c.mv     x13, x8
#8630 0 800001e2     864a r 0c         ffffffd8  c.mv     x12, x18
#8631 0 800001e4     4585 r 0b         00000001  c.li     x11, 0x1
#8632 0 800001e6     8552 r 0a         ffffffc0  c.mv     x10, x20
#8633 0 800001e8     37e9 r 01         800001ea  c.jal    . - 0x36
#8634 0 800001b2     1101 r 02         ffffff40  c.addi   x2, -0x20
#8635 0 800001b4     cc22 m ffffff58   ffffffd0  c.swsp   x8, 0x18
#8636 0 800001b6     ca26 m ffffff54   00000001  c.swsp   x9, 0x14
#8637 0 800001b8     c84a m ffffff50   ffffffd8  c.swsp   x18, 0x10
#8638 0 800001ba     c64e m ffffff4c   ffffffc8  c.swsp   x19, 0xc
#8639 0 800001bc     c452 m ffffff48   ffffffc0  c.swsp   x20, 0x8
#8640 0 800001be     ce06 m ffffff5c   800001ea  c.swsp   x1, 0x1c
#8641 0 800001c0     4785 r 0f         00000001  c.li     x15, 0x1
#8642 0 800001c2     8a2a r 14         ffffffc0  c.mv     x20, x10
#8643 0 800001c4     8932 r 12         ffffffd8  c.mv     x18, x12
#8644 0 800001c6     89ba r 13         ffffffc8  c.mv     x19, x14
#8645 0 800001c8     84ae r 09         00000001  c.mv     x9, x11
#8646 0 800001ca     8436 r 08         ffffffd0  c.mv     x8, x13
#8647 0 800001cc 02f58663 r 00         00000000  beq      x11, x15, . + 0x2c
#8648 0 800001f8     8432 r 08         ffffffd8  c.mv     x8, x12
#8649 0 800001fa     405c r 0f         f0040028  c.lw     x15, 0x4(x8)
#8650 0 800001fc     4014 r 0d         00000002  c.lw     x13, 0x0(x8)
#8651 0 800001fe 004a2703 r 0e         0000002d  lw       x14, 0x4(x20)
#8652 0 80000202     43cc r 0b         f0040010  c.lw     x11, 0x4(x15)
#8653 0 80000204     4390 r 0c         00000002  c.lw     x12, 0x0(x15)
#8654 0 80000206     16fd r 0d         00000001  c.addi   x13, -0x1
#8655 0 80000208     c04c m ffffffdc   f0040010  c.sw     x11, 0x4(x8)
#8656 0 8000020a 0049a583 r 0b         f0040020  lw       x11, 0x4(x19)
#8657 0 8000020e     c014 m ffffffd8   00000001  c.sw     x13, 0x0(x8)
#8658 0 80000210 0009a683 r 0d         00000003  lw       x13, 0x0(x19)
#8659 0 80000214     c3cc m f004002c   f0040020  c.sw     x11, 0x4(x15)
#8660 0 80000216 00f9a223 m ffffffcc   f0040028  sw       x15, 0x4(x19)
#8661 0 8000021a     c390 m f0040028   00000002  c.sw     x12, 0x0(x15)
#8662 0 8000021c     40f2 r 01         800001ea  c.lwsp   x1, 0x1c
#8663 0 8000021e     4462 r 08         ffffffd0  c.lwsp   x8, 0x18
#8664 0 80000220 00168793 r 0f         00000004  addi     x15, x13, 0x1
#8665 0 80000224 00f9a023 m ffffffc8   00000004  sw       x15, 0x0(x19)
#8666 0 80000228 00170793 r 0f         0000002e  addi     x15, x14, 0x1
#8667 0 8000022c 00fa2223 m ffffffc4   0000002e  sw       x15, 0x4(x20)
#8668 0 80000230     44d2 r 09         00000001  c.lwsp   x9, 0x14
#8669 0 80000232     4942 r 12         ffffffd8  c.lwsp   x18, 0x10
#8670 0 80000234     49b2 r 13         ffffffc8  c.lwsp   x19, 0xc
#8671 0 80000236     4a22 r 14         ffffffc0  c.lwsp   x20, 0x8
#8672 0 80000238     6105 r 02         ffffff60  c.addi16sp 0x2
#8673 0 8000023a     8082 r 00         00000000  c.jr     x1
#8674 0 800001ea     4785 r 0f         00000001  c.li     x15, 0x1
#8675 0 800001ec     874a r 0e         ffffffd8  c.mv     x14, x18
#8676 0 800001ee 00f48663 r 00         00000000  beq      x9, x15, . + 0xc
#8677 0 800001fa     405c r 0f         f0040030  c.lw     x15, 0x4(x8)
#8678 0 800001fc     4014 r 0d         00000002  c.lw     x13, 0x0(x8)
#8679 0 800001fe 004a2703 r 0e         0000002e  lw       x14, 0x4(x20)
#8680 0 80000202     43cc r 0b         f0040008  c.lw     x11, 0x4(x15)
#8681 0 80000204     4390 r 0c         00000001  c.lw     x12, 0x0(x15)
#8682 0 80000206     16fd r 0d         00000001  c.addi   x13, -0x1
#8683 0 80000208     c04c m ffffffd4   f0040008  c.sw     x11, 0x4(x8)
#8684 0 8000020a 0049a583 r 0b         f0040028  lw       x11, 0x4(x19)
#8685 0 8000020e     c014 m ffffffd0   00000001  c.sw     x13, 0x0(x8)
#8686 0 80000210 0009a683 r 0d         00000004  lw       x13, 0x0(x19)
#8687 0 80000214     c3cc m f0040034   f0040028  c.sw     x11, 0x4(x15)
#8688 0 80000216 00f9a223 m ffffffcc   f0040030  sw       x15, 0x4(x19)
#8689 0 8000021a     c390 m f0040030   00000001  c.sw     x12, 0x0(x15)
#8690 0 8000021c     40f2 r 01         800001de  c.lwsp   x1, 0x1c
#8691 0 8000021e     4462 r 08         ffffffc8  c.lwsp   x8, 0x18
#8692 0 80000220 00168793 r 0f         00000005  addi     x15, x13, 0x1
#8693 0 80000224 00f9a023 m ffffffc8   00000005  sw       x15, 0x0(x19)
#8694 0 80000228 00170793 r 0f         0000002f  addi     x15, x14, 0x1
#8695 0 8000022c 00fa2223 m ffffffc4   0000002f  sw       x15, 0x4(x20)
#8696 0 80000230     44d2 r 09         00000004  c.lwsp   x9, 0x14
#8697 0 80000232     4942 r 12         ffffffd8  c.lwsp   x18, 0x10
#8698 0 80000234     49b2 r 13         ffffffd0  c.lwsp   x19, 0xc
#8699 0 80000236     4a22 r 14         ffffffc0  c.lwsp   x20, 0x8
#8700 0 80000238     6105 r 02         ffffff80  c.addi16sp 0x2
#8701 0 8000023a     8082 r 00         00000000  c.jr     x1
#8702 0 800001de     874e r 0e         ffffffd0  c.mv     x14, x19
#8703 0 800001e0     86a2 r 0d         ffffffc8  c.mv     x13, x8
#8704 0 800001e2     864a r 0c         ffffffd8  c.mv     x12, x18
#8705 0 800001e4     4585 r 0b         00000001  c.li     x11, 0x1
#8706 0 800001e6     8552 r 0a         ffffffc0  c.mv     x10, x20
#8707 0 800001e8     37e9 r 01         800001ea  c.jal    . - 0x36
#8708 0 800001b2     1101 r 02         ffffff60  c.addi   x2, -0x20
#8709 0 800001b4     cc22 m ffffff78   ffffffc8  c.swsp   x8, 0x18
#8710 0 800001b6     ca26 m ffffff74   00000004  c.swsp   x9, 0x14
#8711 0 800001b8     c84a m ffffff70   ffffffd8  c.swsp   x18, 0x10
#8712 0 800001ba     c64e m ffffff6c   ffffffd0  c.swsp   x19, 0xc
#8713 0 800001bc     c452 m ffffff68   ffffffc0  c.swsp   x20, 0x8
#8714 0 800001be     ce06 m ffffff7c   800001ea  c.swsp   x1, 0x1c
#8715 0 800001c0     4785 r 0f         00000001  c.li     x15, 0x1
#8716 0 800001c2     8a2a r 14         ffffffc0  c.mv     x20, x10
#8717 0 800001c4     8932 r 12         ffffffd8  c.mv     x18, x12
#8718 0 800001c6     89ba r 13         ffffffd0  c.mv     x19, x14
#8719 0 800001c8     84ae r 09         00000001  c.mv     x9, x11
#8720 0 800001ca     8436 r 08         ffffffc8  c.mv     x8, x13
#8721 0 800001cc 02f58663 r 00         00000000  beq      x11, x15, . + 0x2c
#8722 0 800001f8     8432 r 08         ffffffd8  c.mv     x8, x12
#8723 0 800001fa     405c r 0f         f0040010  c.lw     x15, 0x4(x8)
#8724 0 800001fc     4014 r 0d         00000001  c.lw     x13, 0x0(x8)
#8725 0 800001fe 004a2703 r 0e         0000002f  lw       x14, 0x4(x20)
#8726 0 80000202     43cc r 0b         00000000  c.lw     x11, 0x4(x15)
#8727 0 80000204     4390 r 0c         00000005  c.lw     x12, 0x0(x15)
#8728 0 80000206     16fd r 0d         00000000  c.addi   x13, -0x1
#8729 0 80000208     c04c m ffffffdc   00000000  c.sw     x11, 0x4(x8)
#8730 0 8000020a 0049a583 r 0b         f0040008  lw       x11, 0x4(x19)
#8731 0 8000020e     c014 m ffffffd8   00000000  c.sw     x13, 0x0(x8)
#8732 0 80000210 0009a683 r 0d         00000001  lw       x13, 0x0(x19)
#8733 0 80000214     c3cc m f0040014   f0040008  c.sw     x11, 0x4(x15)
#8734 0 80000216 00f9a223 m ffffffd4   f0040010  sw       x15, 0x4(x19)
#8735 0 8000021a     c390 m f0040010   00000005  c.sw     x12, 0x0(x15)
#8736 0 8000021c     40f2 r 01         800001ea  c.lwsp   x1, 0x1c
#8737 0 8000021e     4462 r 08         ffffffc8  c.lwsp   x8, 0x18
#8738 0 80000220 00168793 r 0f         00000002  addi     x15, x13, 0x1
#8739 0 80000224 00f9a023 m ffffffd0   00000002  sw       x15, 0x0(x19)
#8740 0 80000228 00170793 r 0f         00000030  addi     x15, x14, 0x1
#8741 0 8000022c 00fa2223 m ffffffc4   00000030  sw       x15, 0x4(x20)
#8742 0 80000230     44d2 r 09         00000004  c.lwsp   x9, 0x14
#8743 0 80000232     4942 r 12         ffffffd8  c.lwsp   x18, 0x10
#8744 0 80000234     49b2 r 13         ffffffd0  c.lwsp   x19, 0xc
#8745 0 80000236     4a22 r 14         ffffffc0  c.lwsp   x20, 0x8
#8746 0 80000238     6105 r 02         ffffff80  c.addi16sp 0x2
#8747 0 8000023a     8082 r 00         00000000  c.jr     x1
#8748 0 800001ea     4785 r 0f         00000001  c.li     x15, 0x1
#8749 0 800001ec     874a r 0e         ffffffd8  c.mv     x14, x18
#8750 0 800001ee 00f48663 r 00         00000000  beq      x9, x15, . + 0xc
#8751 0 800001f2     8922 r 12         ffffffc8  c.mv     x18, x8
#8752 0 800001f4     843a r 08         ffffffd8  c.mv     x8, x14
#8753 0 800001f6     bfe9 r 00         00000000  c.j      . - 0x26
#8754 0 800001d0     14fd r 09         00000003  c.addi   x9, -0x1
#8755 0 800001d2     85a6 r 0b         00000003  c.mv     x11, x9
#8756 0 800001d4     8552 r 0a         ffffffc0  c.mv     x10, x20
#8757 0 800001d6     8722 r 0e         ffffffd8  c.mv     x14, x8
#8758 0 800001d8     86ce r 0d         ffffffd0  c.mv     x13, x19
#8759 0 800001da     864a r 0c         ffffffc8  c.mv     x12, x18
#8760 0 800001dc     3fd9 r 01         800001de  c.jal    . - 0x2a
#8761 0 800001b2     1101 r 02         ffffff60  c.addi   x2, -0x20
#8762 0 800001b4     cc22 m ffffff78   ffffffd8  c.swsp   x8, 0x18
#8763 0 800001b6     ca26 m ffffff74   00000003  c.swsp   x9, 0x14
#8764 0 800001b8     c84a m ffffff70   ffffffc8  c.swsp   x18, 0x10
#8765 0 800001ba     c64e m ffffff6c   ffffffd0  c.swsp   x19, 0xc
#8766 0 800001bc     c452 m ffffff68   ffffffc0  c.swsp   x20, 0x8
#8767 0 800001be     ce06 m ffffff7c   800001de  c.swsp   x1, 0x1c
#8768 0 800001c0     4785 r 0f         00000001  c.li     x15, 0x1
#8769 0 800001c2     8a2a r 14         ffffffc0  c.mv     x20, x10
#8770 0 800001c4     8932 r 12         ffffffc8  c.mv     x18, x12
#8771 0 800001c6     89ba r 13         ffffffd8  c.mv     x19, x14
#8772 0 800001c8     84ae r 09         00000003  c.mv     x9, x11
#8773 0 800001ca     8436 r 08         ffffffd0  c.mv     x8, x13
#8774 0 800001cc 02f58663 r 00         00000000  beq      x11, x15, . + 0x2c
#8775 0 800001d0     14fd r 09         00000002  c.addi   x9, -0x1
#8776 0 800001d2     85a6 r 0b         00000002  c.mv     x11, x9
#8777 0 800001d4     8552 r 0a         ffffffc0  c.mv     x10, x20
#8778 0 800001d6     8722 r 0e         ffffffd0  c.mv     x14, x8
#8779 0 800001d8     86ce r 0d         ffffffd8  c.mv     x13, x19
#8780 0 800001da     864a r 0c         ffffffc8  c.mv     x12, x18
#8781 0 800001dc     3fd9 r 01         800001de  c.jal    . - 0x2a
#8782 0 800001b2     1101 r 02         ffffff40  c.addi   x2, -0x20
#8783 0 800001b4     cc22 m ffffff58   ffffffd0  c.swsp   x8, 0x18
#8784 0 800001b6     ca26 m ffffff54   00000002  c.swsp   x9, 0x14
#8785 0 800001b8     c84a m ffffff50   ffffffc8  c.swsp   x18, 0x10
#8786 0 800001ba     c64e m ffffff4c   ffffffd8  c.swsp   x19, 0xc
#8787 0 800001bc     c452 m ffffff48   ffffffc0  c.swsp   x20, 0x8
#8788 0 800001be     ce06 m ffffff5c   800001de  c.swsp   x1, 0x1c
#8789 0 800001c0     4785 r 0f         00000001  c.li     x15, 0x1
#8790 0 800001c2     8a2a r 14         ffffffc0  c.mv     x20, x10
#8791 0 800001c4     8932 r 12         ffffffc8  c.mv     x18, x12
#8792 0 800001c6     89ba r 13         ffffffd0  c.mv     x19, x14
#8793 0 800001c8     84ae r 09         00000002  c.mv     x9, x11
#8794 0 800001ca     8436 r 08         ffffffd8  c.mv     x8, x13
#8795 0 800001cc 02f58663 r 00         00000000  beq      x11, x15, . + 0x2c
#8796 0 800001d0     14fd r 09         00000001  c.addi   x9, -0x1
#8797 0 800001d2     85a6 r 0b         00000001  c.mv     x11, x9
#8798 0 800001d4     8552 r 0a         ffffffc0  c.mv     x10, x20
#8799 0 800001d6     8722 r 0e         ffffffd8  c.mv     x14, x8
#8800 0 800001d8     86ce r 0d         ffffffd0  c.mv     x13, x19
#8801 0 800001da     864a r 0c         ffffffc8  c.mv     x12, x18
#8802 0 800001dc     3fd9 r 01         800001de  c.jal    . - 0x2a
#8803 0 800001b2     1101 r 02         ffffff20  c.addi   x2, -0x20
#8804 0 800001b4     cc22 m ffffff38   ffffffd8  c.swsp   x8, 0x18
#8805 0 800001b6     ca26 m ffffff34   00000001  c.swsp   x9, 0x14
#8806 0 800001b8     c84a m ffffff30   ffffffc8  c.swsp   x18, 0x10
#8807 0 800001ba     c64e m ffffff2c   ffffffd0  c.swsp   x19, 0xc
#8808 0 800001bc     c452 m ffffff28   ffffffc0  c.swsp   x20, 0x8
#8809 0 800001be     ce06 m ffffff3c   800001de  c.swsp   x1, 0x1c
#8810 0 800001c0     4785 r 0f         00000001  c.li     x15, 0x1
#8811 0 800001c2     8a2a r 14         ffffffc0  c.mv     x20, x10
#8812 0 800001c4     8932 r 12         ffffffc8  c.mv     x18, x12
#8813 0 800001c6     89ba r 13         ffffffd8  c.mv     x19, x14
#8814 0 800001c8     84ae r 09         00000001  c.mv     x9, x11
#8815 0 800001ca     8436 r 08         ffffffd0  c.mv     x8, x13
#8816 0 800001cc 02f58663 r 00         00000000  beq      x11, x15, . + 0x2c
#8817 0 800001f8     8432 r 08         ffffffc8  c.mv     x8, x12
#8818 0 800001fa     405c r 0f         f0040030  c.lw     x15, 0x4(x8)
#8819 0 800001fc     4014 r 0d         00000005  c.lw     x13, 0x0(x8)
#8820 0 800001fe 004a2703 r 0e         00000030  lw       x14, 0x4(x20)
#8821 0 80000202     43cc r 0b         f0040028  c.lw     x11, 0x4(x15)
#8822 0 80000204     4390 r 0c         00000001  c.lw     x12, 0x0(x15)
#8823 0 80000206     16fd r 0d         00000004  c.addi   x13, -0x1
#8824 0 80000208     c04c m ffffffcc   f0040028  c.sw     x11, 0x4(x8)
#8825 0 8000020a 0049a583 r 0b         00000000  lw       x11, 0x4(x19)
#8826 0 8000020e     c014 m ffffffc8   00000004  c.sw     x13, 0x0(x8)
#8827 0 80000210 0009a683 r 0d         00000000  lw       x13, 0x0(x19)
#8828 0 80000214     c3cc m f0040034   00000000  c.sw     x11, 0x4(x15)
#8829 0 80000216 00f9a223 m ffffffdc   f0040030  sw       x15, 0x4(x19)
#8830 0 8000021a     c390 m f0040030   00000001  c.sw     x12, 0x0(x15)
#8831 0 8000021c     40f2 r 01         800001de  c.lwsp   x1, 0x1c
#8832 0 8000021e     4462 r 08         ffffffd8  c.lwsp   x8, 0x18
#8833 0 80000220 00168793 r 0f         00000001  addi     x15, x13, 0x1
#8834 0 80000224 00f9a023 m ffffffd8   00000001  sw       x15, 0x0(x19)
#8835 0 80000228 00170793 r 0f         00000031  addi     x15, x14, 0x1
#8836 0 8000022c 00fa2223 m ffffffc4   00000031  sw       x15, 0x4(x20)
#8837 0 80000230     44d2 r 09         00000001  c.lwsp   x9, 0x14
#8838 0 80000232     4942 r 12         ffffffc8  c.lwsp   x18, 0x10
#8839 0 80000234     49b2 r 13         ffffffd0  c.lwsp   x19, 0xc
#8840 0 80000236     4a22 r 14         ffffffc0  c.lwsp   x20, 0x8
#8841 0 80000238     6105 r 02         ffffff40  c.addi16sp 0x2
#8842 0 8000023a     8082 r 00         00000000  c.jr     x1
#8843 0 800001de     874e r 0e         ffffffd0  c.mv     x14, x19
#8844 0 800001e0     86a2 r 0d         ffffffd8  c.mv     x13, x8
#8845 0 800001e2     864a r 0c         ffffffc8  c.mv     x12, x18
#8846 0 800001e4     4585 r 0b         00000001  c.li     x11, 0x1
#8847 0 800001e6     8552 r 0a         ffffffc0  c.mv     x10, x20
#8848 0 800001e8     37e9 r 01         800001ea  c.jal    . - 0x36
#8849 0 800001b2     1101 r 02         ffffff20  c.addi   x2, -0x20
#8850 0 800001b4     cc22 m ffffff38   ffffffd8  c.swsp   x8, 0x18
#8851 0 800001b6     ca26 m ffffff34   00000001  c.swsp   x9, 0x14
#8852 0 800001b8     c84a m ffffff30   ffffffc8  c.swsp   x18, 0x10
#8853 0 800001ba     c64e m ffffff2c   ffffffd0  c.swsp   x19, 0xc
#8854 0 800001bc     c452 m ffffff28   ffffffc0  c.swsp   x20, 0x8
#8855 0 800001be     ce06 m ffffff3c   800001ea  c.swsp   x1, 0x1c
#8856 0 800001c0     4785 r 0f         00000001  c.li     x15, 0x1
#8857 0 800001c2     8a2a r 14         ffffffc0  c.mv     x20, x10
#8858 0 800001c4     8932 r 12         ffffffc8  c.mv     x18, x12
#8859 0 800001c6     89ba r 13         ffffffd0  c.mv     x19, x14
#8860 0 800001c8     84ae r 09         00000001  c.mv     x9, x11
#8861 0 800001ca     8436 r 08         ffffffd8  c.mv     x8, x13
#8862 0 800001cc 02f58663 r 00         00000000  beq      x11, x15, . + 0x2c
#8863 0 800001f8     8432 r 08         ffffffc8  c.mv     x8, x12
#8864 0 800001fa     405c r 0f         f0040028  c.lw     x15, 0x4(x8)
#8865 0 800001fc     4014 r 0d         00000004  c.lw     x13, 0x0(x8)
#8866 0 800001fe 004a2703 r 0e         00000031  lw       x14, 0x4(x20)
#8867 0 80000202     43cc r 0b         f0040020  c.lw     x11, 0x4(x15)
#8868 0 80000204     4390 r 0c         00000002  c.lw     x12, 0x0(x15)
#8869 0 80000206     16fd r 0d         00000003  c.addi   x13, -0x1
#8870 0 80000208     c04c m ffffffcc   f0040020  c.sw     x11, 0x4(x8)
#8871 0 8000020a 0049a583 r 0b         f0040010  lw       x11, 0x4(x19)
#8872 0 8000020e     c014 m ffffffc8   00000003  c.sw     x13, 0x0(x8)
#8873 0 80000210 0009a683 r 0d         00000002  lw       x13, 0x0(x19)
#8874 0 80000214     c3cc m f004002c   f0040010  c.sw     x11, 0x4(x15)
#8875 0 80000216 00f9a223 m ffffffd4   f0040028  sw       x15, 0x4(x19)
#8876 0 8000021a     c390 m f0040028   00000002  c.sw     x12, 0x0(x15)
#8877 0 8000021c     40f2 r 01         800001ea  c.lwsp   x1, 0x1c
#8878 0 8000021e     4462 r 08         ffffffd8  c.lwsp   x8, 0x18
#8879 0 80000220 00168793 r 0f         00000003  addi     x15, x13, 0x1
#8880 0 80000224 00f9a023 m ffffffd0   00000003  sw       x15, 0x0(x19)
#8881 0 80000228 00170793 r 0f         00000032  addi     x15, x14, 0x1
#8882 0 8000022c 00fa2223 m ffffffc4   00000032  sw       x15, 0x4(x20)
#8883 0 80000230     44d2 r 09         00000001  c.lwsp   x9, 0x14
#8884 0 80000232     4942 r 12         ffffffc8  c.lwsp   x18, 0x10
#8885 0 80000234     49b2 r 13         ffffffd0  c.lwsp   x19, 0xc
#8886 0 80000236     4a22 r 14         ffffffc0  c.lwsp   x20, 0x8
#8887 0 80000238     6105 r 02         ffffff40  c.addi16sp 0x2
#8888 0 8000023a     8082 r 00         00000000  c.jr     x1
#8889 0 800001ea     4785 r 0f         00000001  c.li     x15, 0x1
#8890 0 800001ec     874a r 0e         ffffffc8  c.mv     x14, x18
#8891 0 800001ee 00f48663 r 00         00000000  beq      x9, x15, . + 0xc
#8892 0 800001fa     405c r 0f         f0040030  c.lw     x15, 0x4(x8)
#8893 0 800001fc     4014 r 0d         00000001  c.lw     x13, 0x0(x8)
#8894 0 800001fe 004a2703 r 0e         00000032  lw       x14, 0x4(x20)
#8895 0 80000202     43cc r 0b         00000000  c.lw     x11, 0x4(x15)
#8896 0 80000204     4390 r 0c         00000001  c.lw     x12, 0x0(x15)
#8897 0 80000206     16fd r 0d         00000000  c.addi   x13, -0x1
#8898 0 80000208     c04c m ffffffdc   00000000  c.sw     x11, 0x4(x8)
#8899 0 8000020a 0049a583 r 0b         f0040028  lw       x11, 0x4(x19)
#8900 0 8000020e     c014 m ffffffd8   00000000  c.sw     x13, 0x0(x8)
#8901 0 80000210 0009a683 r 0d         00000003  lw       x13, 0x0(x19)
#8902 0 80000214     c3cc m f0040034   f0040028  c.sw     x11, 0x4(x15)
#8903 0 80000216 00f9a223 m ffffffd4   f0040030  sw       x15, 0x4(x19)
#8904 0 8000021a     c390 m f0040030   00000001  c.sw     x12, 0x0(x15)
#8905 0 8000021c     40f2 r 01         800001de  c.lwsp   x1, 0x1c
#8906 0 8000021e     4462 r 08         ffffffd0  c.lwsp   x8, 0x18
#8907 0 80000220 00168793 r 0f         00000004  addi     x15, x13, 0x1
#8908 0 80000224 00f9a023 m ffffffd0   00000004  sw       x15, 0x0(x19)
#8909 0 80000228 00170793 r 0f         00000033  addi     x15, x14, 0x1
#8910 0 8000022c 00fa2223 m ffffffc4   00000033  sw       x15, 0x4(x20)
#8911 0 80000230     44d2 r 09         00000002  c.lwsp   x9, 0x14
#8912 0 80000232     4942 r 12         ffffffc8  c.lwsp   x18, 0x10
#8913 0 80000234     49b2 r 13         ffffffd8  c.lwsp   x19, 0xc
#8914 0 80000236     4a22 r 14         ffffffc0  c.lwsp   x20, 0x8
#8915 0 80000238     6105 r 02         ffffff60  c.addi16sp 0x2
#8916 0 8000023a     8082 r 00         00000000  c.jr     x1
#8917 0 800001de     874e r 0e         ffffffd8  c.mv     x14, x19
#8918 0 800001e0     86a2 r 0d         ffffffd0  c.mv     x13, x8
#8919 0 800001e2     864a r 0c         ffffffc8  c.mv     x12, x18
#8920 0 800001e4     4585 r 0b         00000001  c.li     x11, 0x1
#8921 0 800001e6     8552 r 0a         ffffffc0  c.mv     x10, x20
#8922 0 800001e8     37e9 r 01         800001ea  c.jal    . - 0x36
#8923 0 800001b2     1101 r 02         ffffff40  c.addi   x2, -0x20
#8924 0 800001b4     cc22 m ffffff58   ffffffd0  c.swsp   x8, 0x18
#8925 0 800001b6     ca26 m ffffff54   00000002  c.swsp   x9, 0x14
#8926 0 800001b8     c84a m ffffff50   ffffffc8  c.swsp   x18, 0x10
#8927 0 800001ba     c64e m ffffff4c   ffffffd8  c.swsp   x19, 0xc
#8928 0 800001bc     c452 m ffffff48   ffffffc0  c.swsp   x20, 0x8
#8929 0 800001be     ce06 m ffffff5c   800001ea  c.swsp   x1, 0x1c
#8930 0 800001c0     4785 r 0f         00000001  c.li     x15, 0x1
#8931 0 800001c2     8a2a r 14         ffffffc0  c.mv     x20, x10
#8932 0 800001c4     8932 r 12         ffffffc8  c.mv     x18, x12
#8933 0 800001c6     89ba r 13         ffffffd8  c.mv     x19, x14
#8934 0 800001c8     84ae r 09         00000001  c.mv     x9, x11
#8935 0 800001ca     8436 r 08         ffffffd0  c.mv     x8, x13
#8936 0 800001cc 02f58663 r 00         00000000  beq      x11, x15, . + 0x2c
#8937 0 800001f8     8432 r 08         ffffffc8  c.mv     x8, x12
#8938 0 800001fa     405c r 0f         f0040020  c.lw     x15, 0x4(x8)
#8939 0 800001fc     4014 r 0d         00000003  c.lw     x13, 0x0(x8)
#8940 0 800001fe 004a2703 r 0e         00000033  lw       x14, 0x4(x20)
#8941 0 80000202     43cc r 0b         f0040018  c.lw     x11, 0x4(x15)
#8942 0 80000204     4390 r 0c         00000003  c.lw     x12, 0x0(x15)
#8943 0 80000206     16fd r 0d         00000002  c.addi   x13, -0x1
#8944 0 80000208     c04c m ffffffcc   f0040018  c.sw     x11, 0x4(x8)
#8945 0 8000020a 0049a583 r 0b         00000000  lw       x11, 0x4(x19)
#8946 0 8000020e     c014 m ffffffc8   00000002  c.sw     x13, 0x0(x8)
#8947 0 80000210 0009a683 r 0d         00000000  lw       x13, 0x0(x19)
#8948 0 80000214     c3cc m f0040024   00000000  c.sw     x11, 0x4(x15)
#8949 0 80000216 00f9a223 m ffffffdc   f0040020  sw       x15, 0x4(x19)
#8950 0 8000021a     c390 m f0040020   00000003  c.sw     x12, 0x0(x15)
#8951 0 8000021c     40f2 r 01         800001ea  c.lwsp   x1, 0x1c
#8952 0 8000021e     4462 r 08         ffffffd0  c.lwsp   x8, 0x18
#8953 0 80000220 00168793 r 0f         00000001  addi     x15, x13, 0x1
#8954 0 80000224 00f9a023 m ffffffd8   00000001  sw       x15, 0x0(x19)
#8955 0 80000228 00170793 r 0f         00000034  addi     x15, x14, 0x1
#8956 0 8000022c 00fa2223 m ffffffc4   00000034  sw       x15, 0x4(x20)
#8957 0 80000230     44d2 r 09         00000002  c.lwsp   x9, 0x14
#8958 0 80000232     4942 r 12         ffffffc8  c.lwsp   x18, 0x10
#8959 0 80000234     49b2 r 13         ffffffd8  c.lwsp   x19, 0xc
#8960 0 80000236     4a22 r 14         ffffffc0  c.lwsp   x20, 0x8
#8961 0 80000238     6105 r 02         ffffff60  c.addi16sp 0x2
#8962 0 8000023a     8082 r 00         00000000  c.jr     x1
#8963 0 800001ea     4785 r 0f         00000001  c.li     x15, 0x1
#8964 0 800001ec     874a r 0e         ffffffc8  c.mv     x14, x18
#8965 0 800001ee 00f48663 r 00         00000000  beq      x9, x15, . + 0xc
#8966 0 800001f2     8922 r 12         ffffffd0  c.mv     x18, x8
#8967 0 800001f4     843a r 08         ffffffc8  c.mv     x8, x14
#8968 0 800001f6     bfe9 r 00         00000000  c.j      . - 0x26
#8969 0 800001d0     14fd r 09         00000001  c.addi   x9, -0x1
#8970 0 800001d2     85a6 r 0b         00000001  c.mv     x11, x9
#8971 0 800001d4     8552 r 0a         ffffffc0  c.mv     x10, x20
#8972 0 800001d6     8722 r 0e         ffffffc8  c.mv     x14, x8
#8973 0 800001d8     86ce r 0d         ffffffd8  c.mv     x13, x19
#8974 0 800001da     864a r 0c         ffffffd0  c.mv     x12, x18
#8975 0 800001dc     3fd9 r 01         800001de  c.jal    . - 0x2a
#8976 0 800001b2     1101 r 02         ffffff40  c.addi   x2, -0x20
#8977 0 800001b4     cc22 m ffffff58   ffffffc8  c.swsp   x8, 0x18
#8978 0 800001b6     ca26 m ffffff54   00000001  c.swsp   x9, 0x14
#8979 0 800001b8     c84a m ffffff50   ffffffd0  c.swsp   x18, 0x10
#8980 0 800001ba     c64e m ffffff4c   ffffffd8  c.swsp   x19, 0xc
#8981 0 800001bc     c452 m ffffff48   ffffffc0  c.swsp   x20, 0x8
#8982 0 800001be     ce06 m ffffff5c   800001de  c.swsp   x1, 0x1c
#8983 0 800001c0     4785 r 0f         00000001  c.li     x15, 0x1
#8984 0 800001c2     8a2a r 14         ffffffc0  c.mv     x20, x10
#8985 0 800001c4     8932 r 12         ffffffd0  c.mv     x18, x12
#8986 0 800001c6     89ba r 13         ffffffc8  c.mv     x19, x14
#8987 0 800001c8     84ae r 09         00000001  c.mv     x9, x11
#8988 0 800001ca     8436 r 08         ffffffd8  c.mv     x8, x13
#8989 0 800001cc 02f58663 r 00         00000000  beq      x11, x15, . + 0x2c
#8990 0 800001f8     8432 r 08         ffffffd0  c.mv     x8, x12
#8991 0 800001fa     405c r 0f         f0040030  c.lw     x15, 0x4(x8)
#8992 0 800001fc     4014 r 0d         00000004  c.lw     x13, 0x0(x8)
#8993 0 800001fe 004a2703 r 0e         00000034  lw       x14, 0x4(x20)
#8994 0 80000202     43cc r 0b         f0040028  c.lw     x11, 0x4(x15)
#8995 0 80000204     4390 r 0c         00000001  c.lw     x12, 0x0(x15)
#8996 0 80000206     16fd r 0d         00000003  c.addi   x13, -0x1
#8997 0 80000208     c04c m ffffffd4   f0040028  c.sw     x11, 0x4(x8)
#8998 0 8000020a 0049a583 r 0b         f0040018  lw       x11, 0x4(x19)
#8999 0 8000020e     c014 m ffffffd0   00000003  c.sw     x13, 0x0(x8)
#9000 0 80000210 0009a683 r 0d         00000002  lw       x13, 0x0(x19)
#9001 0 80000214     c3cc m f0040034   f0040018  c.sw     x11, 0x4(x15)
#9002 0 80000216 00f9a223 m ffffffcc   f0040030  sw       x15, 0x4(x19)
#9003 0 8000021a     c390 m f0040030   00000001  c.sw     x12, 0x0(x15)
#9004 0 8000021c     40f2 r 01         800001de  c.lwsp   x1, 0x1c
#9005 0 8000021e     4462 r 08         ffffffc8  c.lwsp   x8, 0x18
#9006 0 80000220 00168793 r 0f         00000003  addi     x15, x13, 0x1
#9007 0 80000224 00f9a023 m ffffffc8   00000003  sw       x15, 0x0(x19)
#9008 0 80000228 00170793 r 0f         00000035  addi     x15, x14, 0x1
#9009 0 8000022c 00fa2223 m ffffffc4   00000035  sw       x15, 0x4(x20)
#9010 0 80000230     44d2 r 09         00000001  c.lwsp   x9, 0x14
#9011 0 80000232     4942 r 12         ffffffd0  c.lwsp   x18, 0x10
#9012 0 80000234     49b2 r 13         ffffffd8  c.lwsp   x19, 0xc
#9013 0 80000236     4a22 r 14         ffffffc0  c.lwsp   x20, 0x8
#9014 0 80000238     6105 r 02         ffffff60  c.addi16sp 0x2
#9015 0 8000023a     8082 r 00         00000000  c.jr     x1
#9016 0 800001de     874e r 0e         ffffffd8  c.mv     x14, x19
#9017 0 800001e0     86a2 r 0d         ffffffc8  c.mv     x13, x8
#9018 0 800001e2     864a r 0c         ffffffd0  c.mv     x12, x18
#9019 0 800001e4     4585 r 0b         00000001  c.li     x11, 0x1
#9020 0 800001e6     8552 r 0a         ffffffc0  c.mv     x10, x20
#9021 0 800001e8     37e9 r 01         800001ea  c.jal    . - 0x36
#9022 0 800001b2     1101 r 02         ffffff40  c.addi   x2, -0x20
#9023 0 800001b4     cc22 m ffffff58   ffffffc8  c.swsp   x8, 0x18
#9024 0 800001b6     ca26 m ffffff54   00000001  c.swsp   x9, 0x14
#9025 0 800001b8     c84a m ffffff50   ffffffd0  c.swsp   x18, 0x10
#9026 0 800001ba     c64e m ffffff4c   ffffffd8  c.swsp   x19, 0xc
#9027 0 800001bc     c452 m ffffff48   ffffffc0  c.swsp   x20, 0x8
#9028 0 800001be     ce06 m ffffff5c   800001ea  c.swsp   x1, 0x1c
#9029 0 800001c0     4785 r 0f         00000001  c.li     x15, 0x1
#9030 0 800001c2     8a2a r 14         ffffffc0  c.mv     x20, x10
#9031 0 800001c4     8932 r 12         ffffffd0  c.mv     x18, x12
#9032 0 800001c6     89ba r 13         ffffffd8  c.mv     x19, x14
#9033 0 800001c8     84ae r 09         00000001  c.mv     x9, x11
#9034 0 800001ca     8436 r 08         ffffffc8  c.mv     x8, x13
#9035 0 800001cc 02f58663 r 00         00000000  beq      x11, x15, . + 0x2c
#9036 0 800001f8     8432 r 08         ffffffd0  c.mv     x8, x12
#9037 0 800001fa     405c r 0f         f0040028  c.lw     x15, 0x4(x8)
#9038 0 800001fc     4014 r 0d         00000003  c.lw     x13, 0x0(x8)
#9039 0 800001fe 004a2703 r 0e         00000035  lw       x14, 0x4(x20)
#9040 0 80000202     43cc r 0b         f0040010  c.lw     x11, 0x4(x15)
#9041 0 80000204     4390 r 0c         00000002  c.lw     x12, 0x0(x15)
#9042 0 80000206     16fd r 0d         00000002  c.addi   x13, -0x1
#9043 0 80000208     c04c m ffffffd4   f0040010  c.sw     x11, 0x4(x8)
#9044 0 8000020a 0049a583 r 0b         f0040020  lw       x11, 0x4(x19)
#9045 0 8000020e     c014 m ffffffd0   00000002  c.sw     x13, 0x0(x8)
#9046 0 80000210 0009a683 r 0d         00000001  lw       x13, 0x0(x19)
#9047 0 80000214     c3cc m f004002c   f0040020  c.sw     x11, 0x4(x15)
#9048 0 80000216 00f9a223 m ffffffdc   f0040028  sw       x15, 0x4(x19)
#9049 0 8000021a     c390 m f0040028   00000002  c.sw     x12, 0x0(x15)
#9050 0 8000021c     40f2 r 01         800001ea  c.lwsp   x1, 0x1c
#9051 0 8000021e     4462 r 08         ffffffc8  c.lwsp   x8, 0x18
#9052 0 80000220 00168793 r 0f         00000002  addi     x15, x13, 0x1
#9053 0 80000224 00f9a023 m ffffffd8   00000002  sw       x15, 0x0(x19)
#9054 0 80000228 00170793 r 0f         00000036  addi     x15, x14, 0x1
#9055 0 8000022c 00fa2223 m ffffffc4   00000036  sw       x15, 0x4(x20)
#9056 0 80000230     44d2 r 09         00000001  c.lwsp   x9, 0x14
#9057 0 80000232     4942 r 12         ffffffd0  c.lwsp   x18, 0x10
#9058 0 80000234     49b2 r 13         ffffffd8  c.lwsp   x19, 0xc
#9059 0 80000236     4a22 r 14         ffffffc0  c.lwsp   x20, 0x8
#9060 0 80000238     6105 r 02         ffffff60  c.addi16sp 0x2
#9061 0 8000023a     8082 r 00         00000000  c.jr     x1
#9062 0 800001ea     4785 r 0f         00000001  c.li     x15, 0x1
#9063 0 800001ec     874a r 0e         ffffffd0  c.mv     x14, x18
#9064 0 800001ee 00f48663 r 00         00000000  beq      x9, x15, . + 0xc
#9065 0 800001fa     405c r 0f         f0040030  c.lw     x15, 0x4(x8)
#9066 0 800001fc     4014 r 0d         00000003  c.lw     x13, 0x0(x8)
#9067 0 800001fe 004a2703 r 0e         00000036  lw       x14, 0x4(x20)
#9068 0 80000202     43cc r 0b         f0040018  c.lw     x11, 0x4(x15)
#9069 0 80000204     4390 r 0c         00000001  c.lw     x12, 0x0(x15)
#9070 0 80000206     16fd r 0d         00000002  c.addi   x13, -0x1
#9071 0 80000208     c04c m ffffffcc   f0040018  c.sw     x11, 0x4(x8)
#9072 0 8000020a 0049a583 r 0b         f0040028  lw       x11, 0x4(x19)
#9073 0 8000020e     c014 m ffffffc8   00000002  c.sw     x13, 0x0(x8)
#9074 0 80000210 0009a683 r 0d         00000002  lw       x13, 0x0(x19)
#9075 0 80000214     c3cc m f0040034   f0040028  c.sw     x11, 0x4(x15)
#9076 0 80000216 00f9a223 m ffffffdc   f0040030  sw       x15, 0x4(x19)
#9077 0 8000021a     c390 m f0040030   00000001  c.sw     x12, 0x0(x15)
#9078 0 8000021c     40f2 r 01         800001de  c.lwsp   x1, 0x1c
#9079 0 8000021e     4462 r 08         ffffffd8  c.lwsp   x8, 0x18
#9080 0 80000220 00168793 r 0f         00000003  addi     x15, x13, 0x1
#9081 0 80000224 00f9a023 m ffffffd8   00000003  sw       x15, 0x0(x19)
#9082 0 80000228 00170793 r 0f         00000037  addi     x15, x14, 0x1
#9083 0 8000022c 00fa2223 m ffffffc4   00000037  sw       x15, 0x4(x20)
#9084 0 80000230     44d2 r 09         00000003  c.lwsp   x9, 0x14
#9085 0 80000232     4942 r 12         ffffffc8  c.lwsp   x18, 0x10
#9086 0 80000234     49b2 r 13         ffffffd0  c.lwsp   x19, 0xc
#9087 0 80000236     4a22 r 14         ffffffc0  c.lwsp   x20, 0x8
#9088 0 80000238     6105 r 02         ffffff80  c.addi16sp 0x2
#9089 0 8000023a     8082 r 00         00000000  c.jr     x1
#9090 0 800001de     874e r 0e         ffffffd0  c.mv     x14, x19
#9091 0 800001e0     86a2 r 0d         ffffffd8  c.mv     x13, x8
#9092 0 800001e2     864a r 0c         ffffffc8  c.mv     x12, x18
#9093 0 800001e4     4585 r 0b         00000001  c.li     x11, 0x1
#9094 0 800001e6     8552 r 0a         ffffffc0  c.mv     x10, x20
#9095 0 800001e8     37e9 r 01         800001ea  c.jal    . - 0x36
#9096 0 800001b2     1101 r 02         ffffff60  c.addi   x2, -0x20
#9097 0 800001b4     cc22 m ffffff78   ffffffd8  c.swsp   x8, 0x18
#9098 0 800001b6     ca26 m ffffff74   00000003  c.swsp   x9, 0x14
#9099 0 800001b8     c84a m ffffff70   ffffffc8  c.swsp   x18, 0x10
#9100 0 800001ba     c64e m ffffff6c   ffffffd0  c.swsp   x19, 0xc
#9101 0 800001bc     c452 m ffffff68   ffffffc0  c.swsp   x20, 0x8
#9102 0 800001be     ce06 m ffffff7c   800001ea  c.swsp   x1, 0x1c
#9103 0 800001c0     4785 r 0f         00000001  c.li     x15, 0x1
#9104 0 800001c2     8a2a r 14         ffffffc0  c.mv     x20, x10
#9105 0 800001c4     8932 r 12         ffffffc8  c.mv     x18, x12
#9106 0 800001c6     89ba r 13         ffffffd0  c.mv     x19, x14
#9107 0 800001c8     84ae r 09         00000001  c.mv     x9, x11
#9108 0 800001ca     8436 r 08         ffffffd8  c.mv     x8, x13
#9109 0 800001cc 02f58663 r 00         00000000  beq      x11, x15, . + 0x2c
#9110 0 800001f8     8432 r 08         ffffffc8  c.mv     x8, x12
#9111 0 800001fa     405c r 0f         f0040018  c.lw     x15, 0x4(x8)
#9112 0 800001fc     4014 r 0d         00000002  c.lw     x13, 0x0(x8)
#9113 0 800001fe 004a2703 r 0e         00000037  lw       x14, 0x4(x20)
#9114 0 80000202     43cc r 0b         f0040000  c.lw     x11, 0x4(x15)
#9115 0 80000204     4390 r 0c         00000004  c.lw     x12, 0x0(x15)
#9116 0 80000206     16fd r 0d         00000001  c.addi   x13, -0x1
#9117 0 80000208     c04c m ffffffcc   f0040000  c.sw     x11, 0x4(x8)
#9118 0 8000020a 0049a583 r 0b         f0040010  lw       x11, 0x4(x19)
#9119 0 8000020e     c014 m ffffffc8   00000001  c.sw     x13, 0x0(x8)
#9120 0 80000210 0009a683 r 0d         00000002  lw       x13, 0x0(x19)
#9121 0 80000214     c3cc m f004001c   f0040010  c.sw     x11, 0x4(x15)
#9122 0 80000216 00f9a223 m ffffffd4   f0040018  sw       x15, 0x4(x19)
#9123 0 8000021a     c390 m f0040018   00000004  c.sw     x12, 0x0(x15)
#9124 0 8000021c     40f2 r 01         800001ea  c.lwsp   x1, 0x1c
#9125 0 8000021e     4462 r 08         ffffffd8  c.lwsp   x8, 0x18
#9126 0 80000220 00168793 r 0f         00000003  addi     x15, x13, 0x1
#9127 0 80000224 00f9a023 m ffffffd0   00000003  sw       x15, 0x0(x19)
#9128 0 80000228 00170793 r 0f         00000038  addi     x15, x14, 0x1
#9129 0 8000022c 00fa2223 m ffffffc4   00000038  sw       x15, 0x4(x20)
#9130 0 80000230     44d2 r 09         00000003  c.lwsp   x9, 0x14
#9131 0 80000232     4942 r 12         ffffffc8  c.lwsp   x18, 0x10
#9132 0 80000234     49b2 r 13         ffffffd0  c.lwsp   x19, 0xc
#9133 0 80000236     4a22 r 14         ffffffc0  c.lwsp   x20, 0x8
#9134 0 80000238     6105 r 02         ffffff80  c.addi16sp 0x2
#9135 0 8000023a     8082 r 00         00000000  c.jr     x1
#9136 0 800001ea     4785 r 0f         00000001  c.li     x15, 0x1
#9137 0 800001ec     874a r 0e         ffffffc8  c.mv     x14, x18
#9138 0 800001ee 00f48663 r 00         00000000  beq      x9, x15, . + 0xc
#9139 0 800001f2     8922 r 12         ffffffd8  c.mv     x18, x8
#9140 0 800001f4     843a r 08         ffffffc8  c.mv     x8, x14
#9141 0 800001f6     bfe9 r 00         00000000  c.j      . - 0x26
#9142 0 800001d0     14fd r 09         00000002  c.addi   x9, -0x1
#9143 0 800001d2     85a6 r 0b         00000002  c.mv     x11, x9
#9144 0 800001d4     8552 r 0a         ffffffc0  c.mv     x10, x20
#9145 0 800001d6     8722 r 0e         ffffffc8  c.mv     x14, x8
#9146 0 800001d8     86ce r 0d         ffffffd0  c.mv     x13, x19
#9147 0 800001da     864a r 0c         ffffffd8  c.mv     x12, x18
#9148 0 800001dc     3fd9 r 01         800001de  c.jal    . - 0x2a
#9149 0 800001b2     1101 r 02         ffffff60  c.addi   x2, -0x20
#9150 0 800001b4     cc22 m ffffff78   ffffffc8  c.swsp   x8, 0x18
#9151 0 800001b6     ca26 m ffffff74   00000002  c.swsp   x9, 0x14
#9152 0 800001b8     c84a m ffffff70   ffffffd8  c.swsp   x18, 0x10
#9153 0 800001ba     c64e m ffffff6c   ffffffd0  c.swsp   x19, 0xc
#9154 0 800001bc     c452 m ffffff68   ffffffc0  c.swsp   x20, 0x8
#9155 0 800001be     ce06 m ffffff7c   800001de  c.swsp   x1, 0x1c
#9156 0 800001c0     4785 r 0f         00000001  c.li     x15, 0x1
#9157 0 800001c2     8a2a r 14         ffffffc0  c.mv     x20, x10
#9158 0 800001c4     8932 r 12         ffffffd8  c.mv     x18, x12
#9159 0 800001c6     89ba r 13         ffffffc8  c.mv     x19, x14
#9160 0 800001c8     84ae r 09         00000002  c.mv     x9, x11
#9161 0 800001ca     8436 r 08         ffffffd0  c.mv     x8, x13
#9162 0 800001cc 02f58663 r 00         00000000  beq      x11, x15, . + 0x2c
#9163 0 800001d0     14fd r 09         00000001  c.addi   x9, -0x1
#9164 0 800001d2     85a6 r 0b         00000001  c.mv     x11, x9
#9165 0 800001d4     8552 r 0a         ffffffc0  c.mv     x10, x20
#9166 0 800001d6     8722 r 0e         ffffffd0  c.mv     x14, x8
#9167 0 800001d8     86ce r 0d         ffffffc8  c.mv     x13, x19
#9168 0 800001da     864a r 0c         ffffffd8  c.mv     x12, x18
#9169 0 800001dc     3fd9 r 01         800001de  c.jal    . - 0x2a
#9170 0 800001b2     1101 r 02         ffffff40  c.addi   x2, -0x20
#9171 0 800001b4     cc22 m ffffff58   ffffffd0  c.swsp   x8, 0x18
#9172 0 800001b6     ca26 m ffffff54   00000001  c.swsp   x9, 0x14
#9173 0 800001b8     c84a m ffffff50   ffffffd8  c.swsp   x18, 0x10
#9174 0 800001ba     c64e m ffffff4c   ffffffc8  c.swsp   x19, 0xc
#9175 0 800001bc     c452 m ffffff48   ffffffc0  c.swsp   x20, 0x8
#9176 0 800001be     ce06 m ffffff5c   800001de  c.swsp   x1, 0x1c
#9177 0 800001c0     4785 r 0f         00000001  c.li     x15, 0x1
#9178 0 800001c2     8a2a r 14         ffffffc0  c.mv     x20, x10
#9179 0 800001c4     8932 r 12         ffffffd8  c.mv     x18, x12
#9180 0 800001c6     89ba r 13         ffffffd0  c.mv     x19, x14
#9181 0 800001c8     84ae r 09         00000001  c.mv     x9, x11
#9182 0 800001ca     8436 r 08         ffffffc8  c.mv     x8, x13
#9183 0 800001cc 02f58663 r 00         00000000  beq      x11, x15, . + 0x2c
#9184 0 800001f8     8432 r 08         ffffffd8  c.mv     x8, x12
#9185 0 800001fa     405c r 0f         f0040030  c.lw     x15, 0x4(x8)
#9186 0 800001fc     4014 r 0d         00000003  c.lw     x13, 0x0(x8)
#9187 0 800001fe 004a2703 r 0e         00000038  lw       x14, 0x4(x20)
#9188 0 80000202     43cc r 0b         f0040028  c.lw     x11, 0x4(x15)
#9189 0 80000204     4390 r 0c         00000001  c.lw     x12, 0x0(x15)
#9190 0 80000206     16fd r 0d         00000002  c.addi   x13, -0x1
#9191 0 80000208     c04c m ffffffdc   f0040028  c.sw     x11, 0x4(x8)
#9192 0 8000020a 0049a583 r 0b         f0040018  lw       x11, 0x4(x19)
#9193 0 8000020e     c014 m ffffffd8   00000002  c.sw     x13, 0x0(x8)
#9194 0 80000210 0009a683 r 0d         00000003  lw       x13, 0x0(x19)
#9195 0 80000214     c3cc m f0040034   f0040018  c.sw     x11, 0x4(x15)
#9196 0 80000216 00f9a223 m ffffffd4   f0040030  sw       x15, 0x4(x19)
#9197 0 8000021a     c390 m f0040030   00000001  c.sw     x12, 0x0(x15)
#9198 0 8000021c     40f2 r 01         800001de  c.lwsp   x1, 0x1c
#9199 0 8000021e     4462 r 08         ffffffd0  c.lwsp   x8, 0x18
#9200 0 80000220 00168793 r 0f         00000004  addi     x15, x13, 0x1
#9201 0 80000224 00f9a023 m ffffffd0   00000004  sw       x15, 0x0(x19)
#9202 0 80000228 00170793 r 0f         00000039  addi     x15, x14, 0x1
#9203 0 8000022c 00fa2223 m ffffffc4   00000039  sw       x15, 0x4(x20)
#9204 0 80000230     44d2 r 09         00000001  c.lwsp   x9, 0x14
#9205 0 80000232     4942 r 12         ffffffd8  c.lwsp   x18, 0x10
#9206 0 80000234     49b2 r 13         ffffffc8  c.lwsp   x19, 0xc
#9207 0 80000236     4a22 r 14         ffffffc0  c.lwsp   x20, 0x8
#9208 0 80000238     6105 r 02         ffffff60  c.addi16sp 0x2
#9209 0 8000023a     8082 r 00         00000000  c.jr     x1
#9210 0 800001de     874e r 0e         ffffffc8  c.mv     x14, x19
#9211 0 800001e0     86a2 r 0d         ffffffd0  c.mv     x13, x8
#9212 0 800001e2     864a r 0c         ffffffd8  c.mv     x12, x18
#9213 0 800001e4     4585 r 0b         00000001  c.li     x11, 0x1
#9214 0 800001e6     8552 r 0a         ffffffc0  c.mv     x10, x20
#9215 0 800001e8     37e9 r 01         800001ea  c.jal    . - 0x36
#9216 0 800001b2     1101 r 02         ffffff40  c.addi   x2, -0x20
#9217 0 800001b4     cc22 m ffffff58   ffffffd0  c.swsp   x8, 0x18
#9218 0 800001b6     ca26 m ffffff54   00000001  c.swsp   x9, 0x14
#9219 0 800001b8     c84a m ffffff50   ffffffd8  c.swsp   x18, 0x10
#9220 0 800001ba     c64e m ffffff4c   ffffffc8  c.swsp   x19, 0xc
#9221 0 800001bc     c452 m ffffff48   ffffffc0  c.swsp   x20, 0x8
#9222 0 800001be     ce06 m ffffff5c   800001ea  c.swsp   x1, 0x1c
#9223 0 800001c0     4785 r 0f         00000001  c.li     x15, 0x1
#9224 0 800001c2     8a2a r 14         ffffffc0  c.mv     x20, x10
#9225 0 800001c4     8932 r 12         ffffffd8  c.mv     x18, x12
#9226 0 800001c6     89ba r 13         ffffffc8  c.mv     x19, x14
#9227 0 800001c8     84ae r 09         00000001  c.mv     x9, x11
#9228 0 800001ca     8436 r 08         ffffffd0  c.mv     x8, x13
#9229 0 800001cc 02f58663 r 00         00000000  beq      x11, x15, . + 0x2c
#9230 0 800001f8     8432 r 08         ffffffd8  c.mv     x8, x12
#9231 0 800001fa     405c r 0f         f0040028  c.lw     x15, 0x4(x8)
#9232 0 800001fc     4014 r 0d         00000002  c.lw     x13, 0x0(x8)
#9233 0 800001fe 004a2703 r 0e         00000039  lw       x14, 0x4(x20)
#9234 0 80000202     43cc r 0b         f0040020  c.lw     x11, 0x4(x15)
#9235 0 80000204     4390 r 0c         00000002  c.lw     x12, 0x0(x15)
#9236 0 80000206     16fd r 0d         00000001  c.addi   x13, -0x1
#9237 0 80000208     c04c m ffffffdc   f0040020  c.sw     x11, 0x4(x8)
#9238 0 8000020a 0049a583 r 0b         f0040000  lw       x11, 0x4(x19)
#9239 0 8000020e     c014 m ffffffd8   00000001  c.sw     x13, 0x0(x8)
#9240 0 80000210 0009a683 r 0d         00000001  lw       x13, 0x0(x19)
#9241 0 80000214     c3cc m f004002c   f0040000  c.sw     x11, 0x4(x15)
#9242 0 80000216 00f9a223 m ffffffcc   f0040028  sw       x15, 0x4(x19)
#9243 0 8000021a     c390 m f0040028   00000002  c.sw     x12, 0x0(x15)
#9244 0 8000021c     40f2 r 01         800001ea  c.lwsp   x1, 0x1c
#9245 0 8000021e     4462 r 08         ffffffd0  c.lwsp   x8, 0x18
#9246 0 80000220 00168793 r 0f         00000002  addi     x15, x13, 0x1
#9247 0 80000224 00f9a023 m ffffffc8   00000002  sw       x15, 0x0(x19)
#9248 0 80000228 00170793 r 0f         0000003a  addi     x15, x14, 0x1
#9249 0 8000022c 00fa2223 m ffffffc4   0000003a  sw       x15, 0x4(x20)
#9250 0 80000230     44d2 r 09         00000001  c.lwsp   x9, 0x14
#9251 0 80000232     4942 r 12         ffffffd8  c.lwsp   x18, 0x10
#9252 0 80000234     49b2 r 13         ffffffc8  c.lwsp   x19, 0xc
#9253 0 80000236     4a22 r 14         ffffffc0  c.lwsp   x20, 0x8
#9254 0 80000238     6105 r 02         ffffff60  c.addi16sp 0x2
#9255 0 8000023a     8082 r 00         00000000  c.jr     x1
#9256 0 800001ea     4785 r 0f         00000001  c.li     x15, 0x1
#9257 0 800001ec     874a r 0e         ffffffd8  c.mv     x14, x18
#9258 0 800001ee 00f48663 r 00         00000000  beq      x9, x15, . + 0xc
#9259 0 800001fa     405c r 0f         f0040030  c.lw     x15, 0x4(x8)
#9260 0 800001fc     4014 r 0d         00000004  c.lw     x13, 0x0(x8)
#9261 0 800001fe 004a2703 r 0e         0000003a  lw       x14, 0x4(x20)
#9262 0 80000202     43cc r 0b         f0040018  c.lw     x11, 0x4(x15)
#9263 0 80000204     4390 r 0c         00000001  c.lw     x12, 0x0(x15)
#9264 0 80000206     16fd r 0d         00000003  c.addi   x13, -0x1
#9265 0 80000208     c04c m ffffffd4   f0040018  c.sw     x11, 0x4(x8)
#9266 0 8000020a 0049a583 r 0b         f0040028  lw       x11, 0x4(x19)
#9267 0 8000020e     c014 m ffffffd0   00000003  c.sw     x13, 0x0(x8)
#9268 0 80000210 0009a683 r 0d         00000002  lw       x13, 0x0(x19)
#9269 0 80000214     c3cc m f0040034   f0040028  c.sw     x11, 0x4(x15)
#9270 0 80000216 00f9a223 m ffffffcc   f0040030  sw       x15, 0x4(x19)
#9271 0 8000021a     c390 m f0040030   00000001  c.sw     x12, 0x0(x15)
#9272 0 8000021c     40f2 r 01         800001de  c.lwsp   x1, 0x1c
#9273 0 8000021e     4462 r 08         ffffffc8  c.lwsp   x8, 0x18
#9274 0 80000220 00168793 r 0f         00000003  addi     x15, x13, 0x1
#9275 0 80000224 00f9a023 m ffffffc8   00000003  sw       x15, 0x0(x19)
#9276 0 80000228 00170793 r 0f         0000003b  addi     x15, x14, 0x1
#9277 0 8000022c 00fa2223 m ffffffc4   0000003b  sw       x15, 0x4(x20)
#9278 0 80000230     44d2 r 09         00000002  c.lwsp   x9, 0x14
#9279 0 80000232     4942 r 12         ffffffd8  c.lwsp   x18, 0x10
#9280 0 80000234     49b2 r 13         ffffffd0  c.lwsp   x19, 0xc
#9281 0 80000236     4a22 r 14         ffffffc0  c.lwsp   x20, 0x8
#9282 0 80000238     6105 r 02         ffffff80  c.addi16sp 0x2
#9283 0 8000023a     8082 r 00         00000000  c.jr     x1
#9284 0 800001de     874e r 0e         ffffffd0  c.mv     x14, x19
#9285 0 800001e0     86a2 r 0d         ffffffc8  c.mv     x13, x8
#9286 0 800001e2     864a r 0c         ffffffd8  c.mv     x12, x18
#9287 0 800001e4     4585 r 0b         00000001  c.li     x11, 0x1
#9288 0 800001e6     8552 r 0a         ffffffc0  c.mv     x10, x20
#9289 0 800001e8     37e9 r 01         800001ea  c.jal    . - 0x36
#9290 0 800001b2     1101 r 02         ffffff60  c.addi   x2, -0x20
#9291 0 800001b4     cc22 m ffffff78   ffffffc8  c.swsp   x8, 0x18
#9292 0 800001b6     ca26 m ffffff74   00000002  c.swsp   x9, 0x14
#9293 0 800001b8     c84a m ffffff70   ffffffd8  c.swsp   x18, 0x10
#9294 0 800001ba     c64e m ffffff6c   ffffffd0  c.swsp   x19, 0xc
#9295 0 800001bc     c452 m ffffff68   ffffffc0  c.swsp   x20, 0x8
#9296 0 800001be     ce06 m ffffff7c   800001ea  c.swsp   x1, 0x1c
#9297 0 800001c0     4785 r 0f         00000001  c.li     x15, 0x1
#9298 0 800001c2     8a2a r 14         ffffffc0  c.mv     x20, x10
#9299 0 800001c4     8932 r 12         ffffffd8  c.mv     x18, x12
#9300 0 800001c6     89ba r 13         ffffffd0  c.mv     x19, x14
#9301 0 800001c8     84ae r 09         00000001  c.mv     x9, x11
#9302 0 800001ca     8436 r 08         ffffffc8  c.mv     x8, x13
#9303 0 800001cc 02f58663 r 00         00000000  beq      x11, x15, . + 0x2c
#9304 0 800001f8     8432 r 08         ffffffd8  c.mv     x8, x12
#9305 0 800001fa     405c r 0f         f0040020  c.lw     x15, 0x4(x8)
#9306 0 800001fc     4014 r 0d         00000001  c.lw     x13, 0x0(x8)
#9307 0 800001fe 004a2703 r 0e         0000003b  lw       x14, 0x4(x20)
#9308 0 80000202     43cc r 0b         00000000  c.lw     x11, 0x4(x15)
#9309 0 80000204     4390 r 0c         00000003  c.lw     x12, 0x0(x15)
#9310 0 80000206     16fd r 0d         00000000  c.addi   x13, -0x1
#9311 0 80000208     c04c m ffffffdc   00000000  c.sw     x11, 0x4(x8)
#9312 0 8000020a 0049a583 r 0b         f0040018  lw       x11, 0x4(x19)
#9313 0 8000020e     c014 m ffffffd8   00000000  c.sw     x13, 0x0(x8)
#9314 0 80000210 0009a683 r 0d         00000003  lw       x13, 0x0(x19)
#9315 0 80000214     c3cc m f0040024   f0040018  c.sw     x11, 0x4(x15)
#9316 0 80000216 00f9a223 m ffffffd4   f0040020  sw       x15, 0x4(x19)
#9317 0 8000021a     c390 m f0040020   00000003  c.sw     x12, 0x0(x15)
#9318 0 8000021c     40f2 r 01         800001ea  c.lwsp   x1, 0x1c
#9319 0 8000021e     4462 r 08         ffffffc8  c.lwsp   x8, 0x18
#9320 0 80000220 00168793 r 0f         00000004  addi     x15, x13, 0x1
#9321 0 80000224 00f9a023 m ffffffd0   00000004  sw       x15, 0x0(x19)
#9322 0 80000228 00170793 r 0f         0000003c  addi     x15, x14, 0x1
#9323 0 8000022c 00fa2223 m ffffffc4   0000003c  sw       x15, 0x4(x20)
#9324 0 80000230     44d2 r 09         00000002  c.lwsp   x9, 0x14
#9325 0 80000232     4942 r 12         ffffffd8  c.lwsp   x18, 0x10
#9326 0 80000234     49b2 r 13         ffffffd0  c.lwsp   x19, 0xc
#9327 0 80000236     4a22 r 14         ffffffc0  c.lwsp   x20, 0x8
#9328 0 80000238     6105 r 02         ffffff80  c.addi16sp 0x2
#9329 0 8000023a     8082 r 00         00000000  c.jr     x1
#9330 0 800001ea     4785 r 0f         00000001  c.li     x15, 0x1
#9331 0 800001ec     874a r 0e         ffffffd8  c.mv     x14, x18
#9332 0 800001ee 00f48663 r 00         00000000  beq      x9, x15, . + 0xc
#9333 0 800001f2     8922 r 12         ffffffc8  c.mv     x18, x8
#9334 0 800001f4     843a r 08         ffffffd8  c.mv     x8, x14
#9335 0 800001f6     bfe9 r 00         00000000  c.j      . - 0x26
#9336 0 800001d0     14fd r 09         00000001  c.addi   x9, -0x1
#9337 0 800001d2     85a6 r 0b         00000001  c.mv     x11, x9
#9338 0 800001d4     8552 r 0a         ffffffc0  c.mv     x10, x20
#9339 0 800001d6     8722 r 0e         ffffffd8  c.mv     x14, x8
#9340 0 800001d8     86ce r 0d         ffffffd0  c.mv     x13, x19
#9341 0 800001da     864a r 0c         ffffffc8  c.mv     x12, x18
#9342 0 800001dc     3fd9 r 01         800001de  c.jal    . - 0x2a
#9343 0 800001b2     1101 r 02         ffffff60  c.addi   x2, -0x20
#9344 0 800001b4     cc22 m ffffff78   ffffffd8  c.swsp   x8, 0x18
#9345 0 800001b6     ca26 m ffffff74   00000001  c.swsp   x9, 0x14
#9346 0 800001b8     c84a m ffffff70   ffffffc8  c.swsp   x18, 0x10
#9347 0 800001ba     c64e m ffffff6c   ffffffd0  c.swsp   x19, 0xc
#9348 0 800001bc     c452 m ffffff68   ffffffc0  c.swsp   x20, 0x8
#9349 0 800001be     ce06 m ffffff7c   800001de  c.swsp   x1, 0x1c
#9350 0 800001c0     4785 r 0f         00000001  c.li     x15, 0x1
#9351 0 800001c2     8a2a r 14         ffffffc0  c.mv     x20, x10
#9352 0 800001c4     8932 r 12         ffffffc8  c.mv     x18, x12
#9353 0 800001c6     89ba r 13         ffffffd8  c.mv     x19, x14
#9354 0 800001c8     84ae r 09         00000001  c.mv     x9, x11
#9355 0 800001ca     8436 r 08         ffffffd0  c.mv     x8, x13
#9356 0 800001cc 02f58663 r 00         00000000  beq      x11, x15, . + 0x2c
#9357 0 800001f8     8432 r 08         ffffffc8  c.mv     x8, x12
#9358 0 800001fa     405c r 0f         f0040030  c.lw     x15, 0x4(x8)
#9359 0 800001fc     4014 r 0d         00000003  c.lw     x13, 0x0(x8)
#9360 0 800001fe 004a2703 r 0e         0000003c  lw       x14, 0x4(x20)
#9361 0 80000202     43cc r 0b         f0040028  c.lw     x11, 0x4(x15)
#9362 0 80000204     4390 r 0c         00000001  c.lw     x12, 0x0(x15)
#9363 0 80000206     16fd r 0d         00000002  c.addi   x13, -0x1
#9364 0 80000208     c04c m ffffffcc   f0040028  c.sw     x11, 0x4(x8)
#9365 0 8000020a 0049a583 r 0b         00000000  lw       x11, 0x4(x19)
#9366 0 8000020e     c014 m ffffffc8   00000002  c.sw     x13, 0x0(x8)
#9367 0 80000210 0009a683 r 0d         00000000  lw       x13, 0x0(x19)
#9368 0 80000214     c3cc m f0040034   00000000  c.sw     x11, 0x4(x15)
#9369 0 80000216 00f9a223 m ffffffdc   f0040030  sw       x15, 0x4(x19)
#9370 0 8000021a     c390 m f0040030   00000001  c.sw     x12, 0x0(x15)
#9371 0 8000021c     40f2 r 01         800001de  c.lwsp   x1, 0x1c
#9372 0 8000021e     4462 r 08         ffffffd8  c.lwsp   x8, 0x18
#9373 0 80000220 00168793 r 0f         00000001  addi     x15, x13, 0x1
#9374 0 80000224 00f9a023 m ffffffd8   00000001  sw       x15, 0x0(x19)
#9375 0 80000228 00170793 r 0f         0000003d  addi     x15, x14, 0x1
#9376 0 8000022c 00fa2223 m ffffffc4   0000003d  sw       x15, 0x4(x20)
#9377 0 80000230     44d2 r 09         00000001  c.lwsp   x9, 0x14
#9378 0 80000232     4942 r 12         ffffffc8  c.lwsp   x18, 0x10
#9379 0 80000234     49b2 r 13         ffffffd0  c.lwsp   x19, 0xc
#9380 0 80000236     4a22 r 14         ffffffc0  c.lwsp   x20, 0x8
#9381 0 80000238     6105 r 02         ffffff80  c.addi16sp 0x2
#9382 0 8000023a     8082 r 00         00000000  c.jr     x1
#9383 0 800001de     874e r 0e         ffffffd0  c.mv     x14, x19
#9384 0 800001e0     86a2 r 0d         ffffffd8  c.mv     x13, x8
#9385 0 800001e2     864a r 0c         ffffffc8  c.mv     x12, x18
#9386 0 800001e4     4585 r 0b         00000001  c.li     x11, 0x1
#9387 0 800001e6     8552 r 0a         ffffffc0  c.mv     x10, x20
#9388 0 800001e8     37e9 r 01         800001ea  c.jal    . - 0x36
#9389 0 800001b2     1101 r 02         ffffff60  c.addi   x2, -0x20
#9390 0 800001b4     cc22 m ffffff78   ffffffd8  c.swsp   x8, 0x18
#9391 0 800001b6     ca26 m ffffff74   00000001  c.swsp   x9, 0x14
#9392 0 800001b8     c84a m ffffff70   ffffffc8  c.swsp   x18, 0x10
#9393 0 800001ba     c64e m ffffff6c   ffffffd0  c.swsp   x19, 0xc
#9394 0 800001bc     c452 m ffffff68   ffffffc0  c.swsp   x20, 0x8
#9395 0 800001be     ce06 m ffffff7c   800001ea  c.swsp   x1, 0x1c
#9396 0 800001c0     4785 r 0f         00000001  c.li     x15, 0x1
#9397 0 800001c2     8a2a r 14         ffffffc0  c.mv     x20, x10
#9398 0 800001c4     8932 r 12         ffffffc8  c.mv     x18, x12
#9399 0 800001c6     89ba r 13         ffffffd0  c.mv     x19, x14
#9400 0 800001c8     84ae r 09         00000001  c.mv     x9, x11
#9401 0 800001ca     8436 r 08         ffffffd8  c.mv     x8, x13
#9402 0 800001cc 02f58663 r 00         00000000  beq      x11, x15, . + 0x2c
#9403 0 800001f8     8432 r 08         ffffffc8  c.mv     x8, x12
#9404 0 800001fa     405c r 0f         f0040028  c.lw     x15, 0x4(x8)
#9405 0 800001fc     4014 r 0d         00000002  c.lw     x13, 0x0(x8)
#9406 0 800001fe 004a2703 r 0e         0000003d  lw       x14, 0x4(x20)
#9407 0 80000202     43cc r 0b         f0040000  c.lw     x11, 0x4(x15)
#9408 0 80000204     4390 r 0c         00000002  c.lw     x12, 0x0(x15)
#9409 0 80000206     16fd r 0d         00000001  c.addi   x13, -0x1
#9410 0 80000208     c04c m ffffffcc   f0040000  c.sw     x11, 0x4(x8)
#9411 0 8000020a 0049a583 r 0b         f0040020  lw       x11, 0x4(x19)
#9412 0 8000020e     c014 m ffffffc8   00000001  c.sw     x13, 0x0(x8)
#9413 0 80000210 0009a683 r 0d         00000004  lw       x13, 0x0(x19)
#9414 0 80000214     c3cc m f004002c   f0040020  c.sw     x11, 0x4(x15)
#9415 0 80000216 00f9a223 m ffffffd4   f0040028  sw       x15, 0x4(x19)
#9416 0 8000021a     c390 m f0040028   00000002  c.sw     x12, 0x0(x15)
#9417 0 8000021c     40f2 r 01         800001ea  c.lwsp   x1, 0x1c
#9418 0 8000021e     4462 r 08         ffffffd8  c.lwsp   x8, 0x18
#9419 0 80000220 00168793 r 0f         00000005  addi     x15, x13, 0x1
#9420 0 80000224 00f9a023 m ffffffd0   00000005  sw       x15, 0x0(x19)
#9421 0 80000228 00170793 r 0f         0000003e  addi     x15, x14, 0x1
#9422 0 8000022c 00fa2223 m ffffffc4   0000003e  sw       x15, 0x4(x20)
#9423 0 80000230     44d2 r 09         00000001  c.lwsp   x9, 0x14
#9424 0 80000232     4942 r 12         ffffffc8  c.lwsp   x18, 0x10
#9425 0 80000234     49b2 r 13         ffffffd0  c.lwsp   x19, 0xc
#9426 0 80000236     4a22 r 14         ffffffc0  c.lwsp   x20, 0x8
#9427 0 80000238     6105 r 02         ffffff80  c.addi16sp 0x2
#9428 0 8000023a     8082 r 00         00000000  c.jr     x1
#9429 0 800001ea     4785 r 0f         00000001  c.li     x15, 0x1
#9430 0 800001ec     874a r 0e         ffffffc8  c.mv     x14, x18
#9431 0 800001ee 00f48663 r 00         00000000  beq      x9, x15, . + 0xc
#9432 0 800001fa     405c r 0f         f0040030  c.lw     x15, 0x4(x8)
#9433 0 800001fc     4014 r 0d         00000001  c.lw     x13, 0x0(x8)
#9434 0 800001fe 004a2703 r 0e         0000003e  lw       x14, 0x4(x20)
#9435 0 80000202     43cc r 0b         00000000  c.lw     x11, 0x4(x15)
#9436 0 80000204     4390 r 0c         00000001  c.lw     x12, 0x0(x15)
#9437 0 80000206     16fd r 0d         00000000  c.addi   x13, -0x1
#9438 0 80000208     c04c m ffffffdc   00000000  c.sw     x11, 0x4(x8)
#9439 0 8000020a 0049a583 r 0b         f0040028  lw       x11, 0x4(x19)
#9440 0 8000020e     c014 m ffffffd8   00000000  c.sw     x13, 0x0(x8)
#9441 0 80000210 0009a683 r 0d         00000005  lw       x13, 0x0(x19)
#9442 0 80000214     c3cc m f0040034   f0040028  c.sw     x11, 0x4(x15)
#9443 0 80000216 00f9a223 m ffffffd4   f0040030  sw       x15, 0x4(x19)
#9444 0 8000021a     c390 m f0040030   00000001  c.sw     x12, 0x0(x15)
#9445 0 8000021c     40f2 r 01         800001de  c.lwsp   x1, 0x1c
#9446 0 8000021e     4462 r 08         ffffffd0  c.lwsp   x8, 0x18
#9447 0 80000220 00168793 r 0f         00000006  addi     x15, x13, 0x1
#9448 0 80000224 00f9a023 m ffffffd0   00000006  sw       x15, 0x0(x19)
#9449 0 80000228 00170793 r 0f         0000003f  addi     x15, x14, 0x1
#9450 0 8000022c 00fa2223 m ffffffc4   0000003f  sw       x15, 0x4(x20)
#9451 0 80000230     44d2 r 09         00000006  c.lwsp   x9, 0x14
#9452 0 80000232     4942 r 12         ffffffc8  c.lwsp   x18, 0x10
#9453 0 80000234     49b2 r 13         ffffffd8  c.lwsp   x19, 0xc
#9454 0 80000236     4a22 r 14         ffffffc0  c.lwsp   x20, 0x8
#9455 0 80000238     6105 r 02         ffffffa0  c.addi16sp 0x2
#9456 0 8000023a     8082 r 00         00000000  c.jr     x1
#9457 0 800001de     874e r 0e         ffffffd8  c.mv     x14, x19
#9458 0 800001e0     86a2 r 0d         ffffffd0  c.mv     x13, x8
#9459 0 800001e2     864a r 0c         ffffffc8  c.mv     x12, x18
#9460 0 800001e4     4585 r 0b         00000001  c.li     x11, 0x1
#9461 0 800001e6     8552 r 0a         ffffffc0  c.mv     x10, x20
#9462 0 800001e8     37e9 r 01         800001ea  c.jal    . - 0x36
#9463 0 800001b2     1101 r 02         ffffff80  c.addi   x2, -0x20
#9464 0 800001b4     cc22 m ffffff98   ffffffd0  c.swsp   x8, 0x18
#9465 0 800001b6     ca26 m ffffff94   00000006  c.swsp   x9, 0x14
#9466 0 800001b8     c84a m ffffff90   ffffffc8  c.swsp   x18, 0x10
#9467 0 800001ba     c64e m ffffff8c   ffffffd8  c.swsp   x19, 0xc
#9468 0 800001bc     c452 m ffffff88   ffffffc0  c.swsp   x20, 0x8
#9469 0 800001be     ce06 m ffffff9c   800001ea  c.swsp   x1, 0x1c
#9470 0 800001c0     4785 r 0f         00000001  c.li     x15, 0x1
#9471 0 800001c2     8a2a r 14         ffffffc0  c.mv     x20, x10
#9472 0 800001c4     8932 r 12         ffffffc8  c.mv     x18, x12
#9473 0 800001c6     89ba r 13         ffffffd8  c.mv     x19, x14
#9474 0 800001c8     84ae r 09         00000001  c.mv     x9, x11
#9475 0 800001ca     8436 r 08         ffffffd0  c.mv     x8, x13
#9476 0 800001cc 02f58663 r 00         00000000  beq      x11, x15, . + 0x2c
#9477 0 800001f8     8432 r 08         ffffffc8  c.mv     x8, x12
#9478 0 800001fa     405c r 0f         f0040000  c.lw     x15, 0x4(x8)
#9479 0 800001fc     4014 r 0d         00000001  c.lw     x13, 0x0(x8)
#9480 0 800001fe 004a2703 r 0e         0000003f  lw       x14, 0x4(x20)
#9481 0 80000202     43cc r 0b         00000000  c.lw     x11, 0x4(x15)
#9482 0 80000204     4390 r 0c         00000007  c.lw     x12, 0x0(x15)
#9483 0 80000206     16fd r 0d         00000000  c.addi   x13, -0x1
#9484 0 80000208     c04c m ffffffcc   00000000  c.sw     x11, 0x4(x8)
#9485 0 8000020a 0049a583 r 0b         00000000  lw       x11, 0x4(x19)
#9486 0 8000020e     c014 m ffffffc8   00000000  c.sw     x13, 0x0(x8)
#9487 0 80000210 0009a683 r 0d         00000000  lw       x13, 0x0(x19)
#9488 0 80000214     c3cc m f0040004   00000000  c.sw     x11, 0x4(x15)
#9489 0 80000216 00f9a223 m ffffffdc   f0040000  sw       x15, 0x4(x19)
#9490 0 8000021a     c390 m f0040000   00000007  c.sw     x12, 0x0(x15)
#9491 0 8000021c     40f2 r 01         800001ea  c.lwsp   x1, 0x1c
#9492 0 8000021e     4462 r 08         ffffffd0  c.lwsp   x8, 0x18
#9493 0 80000220 00168793 r 0f         00000001  addi     x15, x13, 0x1
#9494 0 80000224 00f9a023 m ffffffd8   00000001  sw       x15, 0x0(x19)
#9495 0 80000228 00170793 r 0f         00000040  addi     x15, x14, 0x1
#9496 0 8000022c 00fa2223 m ffffffc4   00000040  sw       x15, 0x4(x20)
#9497 0 80000230     44d2 r 09         00000006  c.lwsp   x9, 0x14
#9498 0 80000232     4942 r 12         ffffffc8  c.lwsp   x18, 0x10
#9499 0 80000234     49b2 r 13         ffffffd8  c.lwsp   x19, 0xc
#9500 0 80000236     4a22 r 14         ffffffc0  c.lwsp   x20, 0x8
#9501 0 80000238     6105 r 02         ffffffa0  c.addi16sp 0x2
#9502 0 8000023a     8082 r 00         00000000  c.jr     x1
#9503 0 800001ea     4785 r 0f         00000001  c.li     x15, 0x1
#9504 0 800001ec     874a r 0e         ffffffc8  c.mv     x14, x18
#9505 0 800001ee 00f48663 r 00         00000000  beq      x9, x15, . + 0xc
#9506 0 800001f2     8922 r 12         ffffffd0  c.mv     x18, x8
#9507 0 800001f4     843a r 08         ffffffc8  c.mv     x8, x14
#9508 0 800001f6     bfe9 r 00         00000000  c.j      . - 0x26
#9509 0 800001d0     14fd r 09         00000005  c.addi   x9, -0x1
#9510 0 800001d2     85a6 r 0b         00000005  c.mv     x11, x9
#9511 0 800001d4     8552 r 0a         ffffffc0  c.mv     x10, x20
#9512 0 800001d6     8722 r 0e         ffffffc8  c.mv     x14, x8
#9513 0 800001d8     86ce r 0d         ffffffd8  c.mv     x13, x19
#9514 0 800001da     864a r 0c         ffffffd0  c.mv     x12, x18
#9515 0 800001dc     3fd9 r 01         800001de  c.jal    . - 0x2a
#9516 0 800001b2     1101 r 02         ffffff80  c.addi   x2, -0x20
#9517 0 800001b4     cc22 m ffffff98   ffffffc8  c.swsp   x8, 0x18
#9518 0 800001b6     ca26 m ffffff94   00000005  c.swsp   x9, 0x14
#9519 0 800001b8     c84a m ffffff90   ffffffd0  c.swsp   x18, 0x10
#9520 0 800001ba     c64e m ffffff8c   ffffffd8  c.swsp   x19, 0xc
#9521 0 800001bc     c452 m ffffff88   ffffffc0  c.swsp   x20, 0x8
#9522 0 800001be     ce06 m ffffff9c   800001de  c.swsp   x1, 0x1c
#9523 0 800001c0     4785 r 0f         00000001  c.li     x15, 0x1
#9524 0 800001c2     8a2a r 14         ffffffc0  c.mv     x20, x10
#9525 0 800001c4     8932 r 12         ffffffd0  c.mv     x18, x12
#9526 0 800001c6     89ba r 13         ffffffc8  c.mv     x19, x14
#9527 0 800001c8     84ae r 09         00000005  c.mv     x9, x11
#9528 0 800001ca     8436 r 08         ffffffd8  c.mv     x8, x13
#9529 0 800001cc 02f58663 r 00         00000000  beq      x11, x15, . + 0x2c
#9530 0 800001d0     14fd r 09         00000004  c.addi   x9, -0x1
#9531 0 800001d2     85a6 r 0b         00000004  c.mv     x11, x9
#9532 0 800001d4     8552 r 0a         ffffffc0  c.mv     x10, x20
#9533 0 800001d6     8722 r 0e         ffffffd8  c.mv     x14, x8
#9534 0 800001d8     86ce r 0d         ffffffc8  c.mv     x13, x19
#9535 0 800001da     864a r 0c         ffffffd0  c.mv     x12, x18
#9536 0 800001dc     3fd9 r 01         800001de  c.jal    . - 0x2a
#9537 0 800001b2     1101 r 02         ffffff60  c.addi   x2, -0x20
#9538 0 800001b4     cc22 m ffffff78   ffffffd8  c.swsp   x8, 0x18
#9539 0 800001b6     ca26 m ffffff74   00000004  c.swsp   x9, 0x14
#9540 0 800001b8     c84a m ffffff70   ffffffd0  c.swsp   x18, 0x10
#9541 0 800001ba     c64e m ffffff6c   ffffffc8  c.swsp   x19, 0xc
#9542 0 800001bc     c452 m ffffff68   ffffffc0  c.swsp   x20, 0x8
#9543 0 800001be     ce06 m ffffff7c   800001de  c.swsp   x1, 0x1c
#9544 0 800001c0     4785 r 0f         00000001  c.li     x15, 0x1
#9545 0 800001c2     8a2a r 14         ffffffc0  c.mv     x20, x10
#9546 0 800001c4     8932 r 12         ffffffd0  c.mv     x18, x12
#9547 0 800001c6     89ba r 13         ffffffd8  c.mv     x19, x14
#9548 0 800001c8     84ae r 09         00000004  c.mv     x9, x11
#9549 0 800001ca     8436 r 08         ffffffc8  c.mv     x8, x13
#9550 0 800001cc 02f58663 r 00         00000000  beq      x11, x15, . + 0x2c
#9551 0 800001d0     14fd r 09         00000003  c.addi   x9, -0x1
#9552 0 800001d2     85a6 r 0b         00000003  c.mv     x11, x9
#9553 0 800001d4     8552 r 0a         ffffffc0  c.mv     x10, x20
#9554 0 800001d6     8722 r 0e         ffffffc8  c.mv     x14, x8
#9555 0 800001d8     86ce r 0d         ffffffd8  c.mv     x13, x19
#9556 0 800001da     864a r 0c         ffffffd0  c.mv     x12, x18
#9557 0 800001dc     3fd9 r 01         800001de  c.jal    . - 0x2a
#9558 0 800001b2     1101 r 02         ffffff40  c.addi   x2, -0x20
#9559 0 800001b4     cc22 m ffffff58   ffffffc8  c.swsp   x8, 0x18
#9560 0 800001b6     ca26 m ffffff54   00000003  c.swsp   x9, 0x14
#9561 0 800001b8     c84a m ffffff50   ffffffd0  c.swsp   x18, 0x10
#9562 0 800001ba     c64e m ffffff4c   ffffffd8  c.swsp   x19, 0xc
#9563 0 800001bc     c452 m ffffff48   ffffffc0  c.swsp   x20, 0x8
#9564 0 800001be     ce06 m ffffff5c   800001de  c.swsp   x1, 0x1c
#9565 0 800001c0     4785 r 0f         00000001  c.li     x15, 0x1
#9566 0 800001c2     8a2a r 14         ffffffc0  c.mv     x20, x10
#9567 0 800001c4     8932 r 12         ffffffd0  c.mv     x18, x12
#9568 0 800001c6     89ba r 13         ffffffc8  c.mv     x19, x14
#9569 0 800001c8     84ae r 09         00000003  c.mv     x9, x11
#9570 0 800001ca     8436 r 08         ffffffd8  c.mv     x8, x13
#9571 0 800001cc 02f58663 r 00         00000000  beq      x11, x15, . + 0x2c
#9572 0 800001d0     14fd r 09         00000002  c.addi   x9, -0x1
#9573 0 800001d2     85a6 r 0b         00000002  c.mv     x11, x9
#9574 0 800001d4     8552 r 0a         ffffffc0  c.mv     x10, x20
#9575 0 800001d6     8722 r 0e         ffffffd8  c.mv     x14, x8
#9576 0 800001d8     86ce r 0d         ffffffc8  c.mv     x13, x19
#9577 0 800001da     864a r 0c         ffffffd0  c.mv     x12, x18
#9578 0 800001dc     3fd9 r 01         800001de  c.jal    . - 0x2a
#9579 0 800001b2     1101 r 02         ffffff20  c.addi   x2, -0x20
#9580 0 800001b4     cc22 m ffffff38   ffffffd8  c.swsp   x8, 0x18
#9581 0 800001b6     ca26 m ffffff34   00000002  c.swsp   x9, 0x14
#9582 0 800001b8     c84a m ffffff30   ffffffd0  c.swsp   x18, 0x10
#9583 0 800001ba     c64e m ffffff2c   ffffffc8  c.swsp   x19, 0xc
#9584 0 800001bc     c452 m ffffff28   ffffffc0  c.swsp   x20, 0x8
#9585 0 800001be     ce06 m ffffff3c   800001de  c.swsp   x1, 0x1c
#9586 0 800001c0     4785 r 0f         00000001  c.li     x15, 0x1
#9587 0 800001c2     8a2a r 14         ffffffc0  c.mv     x20, x10
#9588 0 800001c4     8932 r 12         ffffffd0  c.mv     x18, x12
#9589 0 800001c6     89ba r 13         ffffffd8  c.mv     x19, x14
#9590 0 800001c8     84ae r 09         00000002  c.mv     x9, x11
#9591 0 800001ca     8436 r 08         ffffffc8  c.mv     x8, x13
#9592 0 800001cc 02f58663 r 00         00000000  beq      x11, x15, . + 0x2c
#9593 0 800001d0     14fd r 09         00000001  c.addi   x9, -0x1
#9594 0 800001d2     85a6 r 0b         00000001  c.mv     x11, x9
#9595 0 800001d4     8552 r 0a         ffffffc0  c.mv     x10, x20
#9596 0 800001d6     8722 r 0e         ffffffc8  c.mv     x14, x8
#9597 0 800001d8     86ce r 0d         ffffffd8  c.mv     x13, x19
#9598 0 800001da     864a r 0c         ffffffd0  c.mv     x12, x18
#9599 0 800001dc     3fd9 r 01         800001de  c.jal    . - 0x2a
#9600 0 800001b2     1101 r 02         ffffff00  c.addi   x2, -0x20
#9601 0 800001b4     cc22 m ffffff18   ffffffc8  c.swsp   x8, 0x18
#9602 0 800001b6     ca26 m ffffff14   00000001  c.swsp   x9, 0x14
#9603 0 800001b8     c84a m ffffff10   ffffffd0  c.swsp   x18, 0x10
#9604 0 800001ba     c64e m ffffff0c   ffffffd8  c.swsp   x19, 0xc
#9605 0 800001bc     c452 m ffffff08   ffffffc0  c.swsp   x20, 0x8
#9606 0 800001be     ce06 m ffffff1c   800001de  c.swsp   x1, 0x1c
#9607 0 800001c0     4785 r 0f         00000001  c.li     x15, 0x1
#9608 0 800001c2     8a2a r 14         ffffffc0  c.mv     x20, x10
#9609 0 800001c4     8932 r 12         ffffffd0  c.mv     x18, x12
#9610 0 800001c6     89ba r 13         ffffffc8  c.mv     x19, x14
#9611 0 800001c8     84ae r 09         00000001  c.mv     x9, x11
#9612 0 800001ca     8436 r 08         ffffffd8  c.mv     x8, x13
#9613 0 800001cc 02f58663 r 00         00000000  beq      x11, x15, . + 0x2c
#9614 0 800001f8     8432 r 08         ffffffd0  c.mv     x8, x12
#9615 0 800001fa     405c r 0f         f0040030  c.lw     x15, 0x4(x8)
#9616 0 800001fc     4014 r 0d         00000006  c.lw     x13, 0x0(x8)
#9617 0 800001fe 004a2703 r 0e         00000040  lw       x14, 0x4(x20)
#9618 0 80000202     43cc r 0b         f0040028  c.lw     x11, 0x4(x15)
#9619 0 80000204     4390 r 0c         00000001  c.lw     x12, 0x0(x15)
#9620 0 80000206     16fd r 0d         00000005  c.addi   x13, -0x1
#9621 0 80000208     c04c m ffffffd4   f0040028  c.sw     x11, 0x4(x8)
#9622 0 8000020a 0049a583 r 0b         00000000  lw       x11, 0x4(x19)
#9623 0 8000020e     c014 m ffffffd0   00000005  c.sw     x13, 0x0(x8)
#9624 0 80000210 0009a683 r 0d         00000000  lw       x13, 0x0(x19)
#9625 0 80000214     c3cc m f0040034   00000000  c.sw     x11, 0x4(x15)
#9626 0 80000216 00f9a223 m ffffffcc   f0040030  sw       x15, 0x4(x19)
#9627 0 8000021a     c390 m f0040030   00000001  c.sw     x12, 0x0(x15)
#9628 0 8000021c     40f2 r 01         800001de  c.lwsp   x1, 0x1c
#9629 0 8000021e     4462 r 08         ffffffc8  c.lwsp   x8, 0x18
#9630 0 80000220 00168793 r 0f         00000001  addi     x15, x13, 0x1
#9631 0 80000224 00f9a023 m ffffffc8   00000001  sw       x15, 0x0(x19)
#9632 0 80000228 00170793 r 0f         00000041  addi     x15, x14, 0x1
#9633 0 8000022c 00fa2223 m ffffffc4   00000041  sw       x15, 0x4(x20)
#9634 0 80000230     44d2 r 09         00000001  c.lwsp   x9, 0x14
#9635 0 80000232     4942 r 12         ffffffd0  c.lwsp   x18, 0x10
#9636 0 80000234     49b2 r 13         ffffffd8  c.lwsp   x19, 0xc
#9637 0 80000236     4a22 r 14         ffffffc0  c.lwsp   x20, 0x8
#9638 0 80000238     6105 r 02         ffffff20  c.addi16sp 0x2
#9639 0 8000023a     8082 r 00         00000000  c.jr     x1
#9640 0 800001de     874e r 0e         ffffffd8  c.mv     x14, x19
#9641 0 800001e0     86a2 r 0d         ffffffc8  c.mv     x13, x8
#9642 0 800001e2     864a r 0c         ffffffd0  c.mv     x12, x18
#9643 0 800001e4     4585 r 0b         00000001  c.li     x11, 0x1
#9644 0 800001e6     8552 r 0a         ffffffc0  c.mv     x10, x20
#9645 0 800001e8     37e9 r 01         800001ea  c.jal    . - 0x36
#9646 0 800001b2     1101 r 02         ffffff00  c.addi   x2, -0x20
#9647 0 800001b4     cc22 m ffffff18   ffffffc8  c.swsp   x8, 0x18
#9648 0 800001b6     ca26 m ffffff14   00000001  c.swsp   x9, 0x14
#9649 0 800001b8     c84a m ffffff10   ffffffd0  c.swsp   x18, 0x10
#9650 0 800001ba     c64e m ffffff0c   ffffffd8  c.swsp   x19, 0xc
#9651 0 800001bc     c452 m ffffff08   ffffffc0  c.swsp   x20, 0x8
#9652 0 800001be     ce06 m ffffff1c   800001ea  c.swsp   x1, 0x1c
#9653 0 800001c0     4785 r 0f         00000001  c.li     x15, 0x1
#9654 0 800001c2     8a2a r 14         ffffffc0  c.mv     x20, x10
#9655 0 800001c4     8932 r 12         ffffffd0  c.mv     x18, x12
#9656 0 800001c6     89ba r 13         ffffffd8  c.mv     x19, x14
#9657 0 800001c8     84ae r 09         00000001  c.mv     x9, x11
#9658 0 800001ca     8436 r 08         ffffffc8  c.mv     x8, x13
#9659 0 800001cc 02f58663 r 00         00000000  beq      x11, x15, . + 0x2c
#9660 0 800001f8     8432 r 08         ffffffd0  c.mv     x8, x12
#9661 0 800001fa     405c r 0f         f0040028  c.lw     x15, 0x4(x8)
#9662 0 800001fc     4014 r 0d         00000005  c.lw     x13, 0x0(x8)
#9663 0 800001fe 004a2703 r 0e         00000041  lw       x14, 0x4(x20)
#9664 0 80000202     43cc r 0b         f0040020  c.lw     x11, 0x4(x15)
#9665 0 80000204     4390 r 0c         00000002  c.lw     x12, 0x0(x15)
#9666 0 80000206     16fd r 0d         00000004  c.addi   x13, -0x1
#9667 0 80000208     c04c m ffffffd4   f0040020  c.sw     x11, 0x4(x8)
#9668 0 8000020a 0049a583 r 0b         f0040000  lw       x11, 0x4(x19)
#9669 0 8000020e     c014 m ffffffd0   00000004  c.sw     x13, 0x0(x8)
#9670 0 80000210 0009a683 r 0d         00000001  lw       x13, 0x0(x19)
#9671 0 80000214     c3cc m f004002c   f0040000  c.sw     x11, 0x4(x15)
#9672 0 80000216 00f9a223 m ffffffdc   f0040028  sw       x15, 0x4(x19)
#9673 0 8000021a     c390 m f0040028   00000002  c.sw     x12, 0x0(x15)
#9674 0 8000021c     40f2 r 01         800001ea  c.lwsp   x1, 0x1c
#9675 0 8000021e     4462 r 08         ffffffc8  c.lwsp   x8, 0x18
#9676 0 80000220 00168793 r 0f         00000002  addi     x15, x13, 0x1
#9677 0 80000224 00f9a023 m ffffffd8   00000002  sw       x15, 0x0(x19)
#9678 0 80000228 00170793 r 0f         00000042  addi     x15, x14, 0x1
#9679 0 8000022c 00fa2223 m ffffffc4   00000042  sw       x15, 0x4(x20)
#9680 0 80000230     44d2 r 09         00000001  c.lwsp   x9, 0x14
#9681 0 80000232     4942 r 12         ffffffd0  c.lwsp   x18, 0x10
#9682 0 80000234     49b2 r 13         ffffffd8  c.lwsp   x19, 0xc
#9683 0 80000236     4a22 r 14         ffffffc0  c.lwsp   x20, 0x8
#9684 0 80000238     6105 r 02         ffffff20  c.addi16sp 0x2
#9685 0 8000023a     8082 r 00         00000000  c.jr     x1
#9686 0 800001ea     4785 r 0f         00000001  c.li     x15, 0x1
#9687 0 800001ec     874a r 0e         ffffffd0  c.mv     x14, x18
#9688 0 800001ee 00f48663 r 00         00000000  beq      x9, x15, . + 0xc
#9689 0 800001fa     405c r 0f         f0040030  c.lw     x15, 0x4(x8)
#9690 0 800001fc     4014 r 0d         00000001  c.lw     x13, 0x0(x8)
#9691 0 800001fe 004a2703 r 0e         00000042  lw       x14, 0x4(x20)
#9692 0 80000202     43cc r 0b         00000000  c.lw     x11, 0x4(x15)
#9693 0 80000204     4390 r 0c         00000001  c.lw     x12, 0x0(x15)
#9694 0 80000206     16fd r 0d         00000000  c.addi   x13, -0x1
#9695 0 80000208     c04c m ffffffcc   00000000  c.sw     x11, 0x4(x8)
#9696 0 8000020a 0049a583 r 0b         f0040028  lw       x11, 0x4(x19)
#9697 0 8000020e     c014 m ffffffc8   00000000  c.sw     x13, 0x0(x8)
#9698 0 80000210 0009a683 r 0d         00000002  lw       x13, 0x0(x19)
#9699 0 80000214     c3cc m f0040034   f0040028  c.sw     x11, 0x4(x15)
#9700 0 80000216 00f9a223 m ffffffdc   f0040030  sw       x15, 0x4(x19)
#9701 0 8000021a     c390 m f0040030   00000001  c.sw     x12, 0x0(x15)
#9702 0 8000021c     40f2 r 01         800001de  c.lwsp   x1, 0x1c
#9703 0 8000021e     4462 r 08         ffffffd8  c.lwsp   x8, 0x18
#9704 0 80000220 00168793 r 0f         00000003  addi     x15, x13, 0x1
#9705 0 80000224 00f9a023 m ffffffd8   00000003  sw       x15, 0x0(x19)
#9706 0 80000228 00170793 r 0f         00000043  addi     x15, x14, 0x1
#9707 0 8000022c 00fa2223 m ffffffc4   00000043  sw       x15, 0x4(x20)
#9708 0 80000230     44d2 r 09         00000002  c.lwsp   x9, 0x14
#9709 0 80000232     4942 r 12         ffffffd0  c.lwsp   x18, 0x10
#9710 0 80000234     49b2 r 13         ffffffc8  c.lwsp   x19, 0xc
#9711 0 80000236     4a22 r 14         ffffffc0  c.lwsp   x20, 0x8
#9712 0 80000238     6105 r 02         ffffff40  c.addi16sp 0x2
#9713 0 8000023a     8082 r 00         00000000  c.jr     x1
#9714 0 800001de     874e r 0e         ffffffc8  c.mv     x14, x19
#9715 0 800001e0     86a2 r 0d         ffffffd8  c.mv     x13, x8
#9716 0 800001e2     864a r 0c         ffffffd0  c.mv     x12, x18
#9717 0 800001e4     4585 r 0b         00000001  c.li     x11, 0x1
#9718 0 800001e6     8552 r 0a         ffffffc0  c.mv     x10, x20
#9719 0 800001e8     37e9 r 01         800001ea  c.jal    . - 0x36
#9720 0 800001b2     1101 r 02         ffffff20  c.addi   x2, -0x20
#9721 0 800001b4     cc22 m ffffff38   ffffffd8  c.swsp   x8, 0x18
#9722 0 800001b6     ca26 m ffffff34   00000002  c.swsp   x9, 0x14
#9723 0 800001b8     c84a m ffffff30   ffffffd0  c.swsp   x18, 0x10
#9724 0 800001ba     c64e m ffffff2c   ffffffc8  c.swsp   x19, 0xc
#9725 0 800001bc     c452 m ffffff28   ffffffc0  c.swsp   x20, 0x8
#9726 0 800001be     ce06 m ffffff3c   800001ea  c.swsp   x1, 0x1c
#9727 0 800001c0     4785 r 0f         00000001  c.li     x15, 0x1
#9728 0 800001c2     8a2a r 14         ffffffc0  c.mv     x20, x10
#9729 0 800001c4     8932 r 12         ffffffd0  c.mv     x18, x12
#9730 0 800001c6     89ba r 13         ffffffc8  c.mv     x19, x14
#9731 0 800001c8     84ae r 09         00000001  c.mv     x9, x11
#9732 0 800001ca     8436 r 08         ffffffd8  c.mv     x8, x13
#9733 0 800001cc 02f58663 r 00         00000000  beq      x11, x15, . + 0x2c
#9734 0 800001f8     8432 r 08         ffffffd0  c.mv     x8, x12
#9735 0 800001fa     405c r 0f         f0040020  c.lw     x15, 0x4(x8)
#9736 0 800001fc     4014 r 0d         00000004  c.lw     x13, 0x0(x8)
#9737 0 800001fe 004a2703 r 0e         00000043  lw       x14, 0x4(x20)
#9738 0 80000202     43cc r 0b         f0040018  c.lw     x11, 0x4(x15)
#9739 0 80000204     4390 r 0c         00000003  c.lw     x12, 0x0(x15)
#9740 0 80000206     16fd r 0d         00000003  c.addi   x13, -0x1
#9741 0 80000208     c04c m ffffffd4   f0040018  c.sw     x11, 0x4(x8)
#9742 0 8000020a 0049a583 r 0b         00000000  lw       x11, 0x4(x19)
#9743 0 8000020e     c014 m ffffffd0   00000003  c.sw     x13, 0x0(x8)
#9744 0 80000210 0009a683 r 0d         00000000  lw       x13, 0x0(x19)
#9745 0 80000214     c3cc m f0040024   00000000  c.sw     x11, 0x4(x15)
#9746 0 80000216 00f9a223 m ffffffcc   f0040020  sw       x15, 0x4(x19)
#9747 0 8000021a     c390 m f0040020   00000003  c.sw     x12, 0x0(x15)
#9748 0 8000021c     40f2 r 01         800001ea  c.lwsp   x1, 0x1c
#9749 0 8000021e     4462 r 08         ffffffd8  c.lwsp   x8, 0x18
#9750 0 80000220 00168793 r 0f         00000001  addi     x15, x13, 0x1
#9751 0 80000224 00f9a023 m ffffffc8   00000001  sw       x15, 0x0(x19)
#9752 0 80000228 00170793 r 0f         00000044  addi     x15, x14, 0x1
#9753 0 8000022c 00fa2223 m ffffffc4   00000044  sw       x15, 0x4(x20)
#9754 0 80000230     44d2 r 09         00000002  c.lwsp   x9, 0x14
#9755 0 80000232     4942 r 12         ffffffd0  c.lwsp   x18, 0x10
#9756 0 80000234     49b2 r 13         ffffffc8  c.lwsp   x19, 0xc
#9757 0 80000236     4a22 r 14         ffffffc0  c.lwsp   x20, 0x8
#9758 0 80000238     6105 r 02         ffffff40  c.addi16sp 0x2
#9759 0 8000023a     8082 r 00         00000000  c.jr     x1
#9760 0 800001ea     4785 r 0f         00000001  c.li     x15, 0x1
#9761 0 800001ec     874a r 0e         ffffffd0  c.mv     x14, x18
#9762 0 800001ee 00f48663 r 00         00000000  beq      x9, x15, . + 0xc
#9763 0 800001f2     8922 r 12         ffffffd8  c.mv     x18, x8
#9764 0 800001f4     843a r 08         ffffffd0  c.mv     x8, x14
#9765 0 800001f6     bfe9 r 00         00000000  c.j      . - 0x26
#9766 0 800001d0     14fd r 09         00000001  c.addi   x9, -0x1
#9767 0 800001d2     85a6 r 0b         00000001  c.mv     x11, x9
#9768 0 800001d4     8552 r 0a         ffffffc0  c.mv     x10, x20
#9769 0 800001d6     8722 r 0e         ffffffd0  c.mv     x14, x8
#9770 0 800001d8     86ce r 0d         ffffffc8  c.mv     x13, x19
#9771 0 800001da     864a r 0c         ffffffd8  c.mv     x12, x18
#9772 0 800001dc     3fd9 r 01         800001de  c.jal    . - 0x2a
#9773 0 800001b2     1101 r 02         ffffff20  c.addi   x2, -0x20
#9774 0 800001b4     cc22 m ffffff38   ffffffd0  c.swsp   x8, 0x18
#9775 0 800001b6     ca26 m ffffff34   00000001  c.swsp   x9, 0x14
#9776 0 800001b8     c84a m ffffff30   ffffffd8  c.swsp   x18, 0x10
#9777 0 800001ba     c64e m ffffff2c   ffffffc8  c.swsp   x19, 0xc
#9778 0 800001bc     c452 m ffffff28   ffffffc0  c.swsp   x20, 0x8
#9779 0 800001be     ce06 m ffffff3c   800001de  c.swsp   x1, 0x1c
#9780 0 800001c0     4785 r 0f         00000001  c.li     x15, 0x1
#9781 0 800001c2     8a2a r 14         ffffffc0  c.mv     x20, x10
#9782 0 800001c4     8932 r 12         ffffffd8  c.mv     x18, x12
#9783 0 800001c6     89ba r 13         ffffffd0  c.mv     x19, x14
#9784 0 800001c8     84ae r 09         00000001  c.mv     x9, x11
#9785 0 800001ca     8436 r 08         ffffffc8  c.mv     x8, x13
#9786 0 800001cc 02f58663 r 00         00000000  beq      x11, x15, . + 0x2c
#9787 0 800001f8     8432 r 08         ffffffd8  c.mv     x8, x12
#9788 0 800001fa     405c r 0f         f0040030  c.lw     x15, 0x4(x8)
#9789 0 800001fc     4014 r 0d         00000003  c.lw     x13, 0x0(x8)
#9790 0 800001fe 004a2703 r 0e         00000044  lw       x14, 0x4(x20)
#9791 0 80000202     43cc r 0b         f0040028  c.lw     x11, 0x4(x15)
#9792 0 80000204     4390 r 0c         00000001  c.lw     x12, 0x0(x15)
#9793 0 80000206     16fd r 0d         00000002  c.addi   x13, -0x1
#9794 0 80000208     c04c m ffffffdc   f0040028  c.sw     x11, 0x4(x8)
#9795 0 8000020a 0049a583 r 0b         f0040018  lw       x11, 0x4(x19)
#9796 0 8000020e     c014 m ffffffd8   00000002  c.sw     x13, 0x0(x8)
#9797 0 80000210 0009a683 r 0d         00000003  lw       x13, 0x0(x19)
#9798 0 80000214     c3cc m f0040034   f0040018  c.sw     x11, 0x4(x15)
#9799 0 80000216 00f9a223 m ffffffd4   f0040030  sw       x15, 0x4(x19)
#9800 0 8000021a     c390 m f0040030   00000001  c.sw     x12, 0x0(x15)
#9801 0 8000021c     40f2 r 01         800001de  c.lwsp   x1, 0x1c
#9802 0 8000021e     4462 r 08         ffffffd0  c.lwsp   x8, 0x18
#9803 0 80000220 00168793 r 0f         00000004  addi     x15, x13, 0x1
#9804 0 80000224 00f9a023 m ffffffd0   00000004  sw       x15, 0x0(x19)
#9805 0 80000228 00170793 r 0f         00000045  addi     x15, x14, 0x1
#9806 0 8000022c 00fa2223 m ffffffc4   00000045  sw       x15, 0x4(x20)
#9807 0 80000230     44d2 r 09         00000001  c.lwsp   x9, 0x14
#9808 0 80000232     4942 r 12         ffffffd8  c.lwsp   x18, 0x10
#9809 0 80000234     49b2 r 13         ffffffc8  c.lwsp   x19, 0xc
#9810 0 80000236     4a22 r 14         ffffffc0  c.lwsp   x20, 0x8
#9811 0 80000238     6105 r 02         ffffff40  c.addi16sp 0x2
#9812 0 8000023a     8082 r 00         00000000  c.jr     x1
#9813 0 800001de     874e r 0e         ffffffc8  c.mv     x14, x19
#9814 0 800001e0     86a2 r 0d         ffffffd0  c.mv     x13, x8
#9815 0 800001e2     864a r 0c         ffffffd8  c.mv     x12, x18
#9816 0 800001e4     4585 r 0b         00000001  c.li     x11, 0x1
#9817 0 800001e6     8552 r 0a         ffffffc0  c.mv     x10, x20
#9818 0 800001e8     37e9 r 01         800001ea  c.jal    . - 0x36
#9819 0 800001b2     1101 r 02         ffffff20  c.addi   x2, -0x20
#9820 0 800001b4     cc22 m ffffff38   ffffffd0  c.swsp   x8, 0x18
#9821 0 800001b6     ca26 m ffffff34   00000001  c.swsp   x9, 0x14
#9822 0 800001b8     c84a m ffffff30   ffffffd8  c.swsp   x18, 0x10
#9823 0 800001ba     c64e m ffffff2c   ffffffc8  c.swsp   x19, 0xc
#9824 0 800001bc     c452 m ffffff28   ffffffc0  c.swsp   x20, 0x8
#9825 0 800001be     ce06 m ffffff3c   800001ea  c.swsp   x1, 0x1c
#9826 0 800001c0     4785 r 0f         00000001  c.li     x15, 0x1
#9827 0 800001c2     8a2a r 14         ffffffc0  c.mv     x20, x10
#9828 0 800001c4     8932 r 12         ffffffd8  c.mv     x18, x12
#9829 0 800001c6     89ba r 13         ffffffc8  c.mv     x19, x14
#9830 0 800001c8     84ae r 09         00000001  c.mv     x9, x11
#9831 0 800001ca     8436 r 08         ffffffd0  c.mv     x8, x13
#9832 0 800001cc 02f58663 r 00         00000000  beq      x11, x15, . + 0x2c
#9833 0 800001f8     8432 r 08         ffffffd8  c.mv     x8, x12
#9834 0 800001fa     405c r 0f         f0040028  c.lw     x15, 0x4(x8)
#9835 0 800001fc     4014 r 0d         00000002  c.lw     x13, 0x0(x8)
#9836 0 800001fe 004a2703 r 0e         00000045  lw       x14, 0x4(x20)
#9837 0 80000202     43cc r 0b         f0040000  c.lw     x11, 0x4(x15)
#9838 0 80000204     4390 r 0c         00000002  c.lw     x12, 0x0(x15)
#9839 0 80000206     16fd r 0d         00000001  c.addi   x13, -0x1
#9840 0 80000208     c04c m ffffffdc   f0040000  c.sw     x11, 0x4(x8)
#9841 0 8000020a 0049a583 r 0b         f0040020  lw       x11, 0x4(x19)
#9842 0 8000020e     c014 m ffffffd8   00000001  c.sw     x13, 0x0(x8)
#9843 0 80000210 0009a683 r 0d         00000001  lw       x13, 0x0(x19)
#9844 0 80000214     c3cc m f004002c   f0040020  c.sw     x11, 0x4(x15)
#9845 0 80000216 00f9a223 m ffffffcc   f0040028  sw       x15, 0x4(x19)
#9846 0 8000021a     c390 m f0040028   00000002  c.sw     x12, 0x0(x15)
#9847 0 8000021c     40f2 r 01         800001ea  c.lwsp   x1, 0x1c
#9848 0 8000021e     4462 r 08         ffffffd0  c.lwsp   x8, 0x18
#9849 0 80000220 00168793 r 0f         00000002  addi     x15, x13, 0x1
#9850 0 80000224 00f9a023 m ffffffc8   00000002  sw       x15, 0x0(x19)
#9851 0 80000228 00170793 r 0f         00000046  addi     x15, x14, 0x1
#9852 0 8000022c 00fa2223 m ffffffc4   00000046  sw       x15, 0x4(x20)
#9853 0 80000230     44d2 r 09         00000001  c.lwsp   x9, 0x14
#9854 0 80000232     4942 r 12         ffffffd8  c.lwsp   x18, 0x10
#9855 0 80000234     49b2 r 13         ffffffc8  c.lwsp   x19, 0xc
#9856 0 80000236     4a22 r 14         ffffffc0  c.lwsp   x20, 0x8
#9857 0 80000238     6105 r 02         ffffff40  c.addi16sp 0x2
#9858 0 8000023a     8082 r 00         00000000  c.jr     x1
#9859 0 800001ea     4785 r 0f         00000001  c.li     x15, 0x1
#9860 0 800001ec     874a r 0e         ffffffd8  c.mv     x14, x18
#9861 0 800001ee 00f48663 r 00         00000000  beq      x9, x15, . + 0xc
#9862 0 800001fa     405c r 0f         f0040030  c.lw     x15, 0x4(x8)
#9863 0 800001fc     4014 r 0d         00000004  c.lw     x13, 0x0(x8)
#9864 0 800001fe 004a2703 r 0e         00000046  lw       x14, 0x4(x20)
#9865 0 80000202     43cc r 0b         f0040018  c.lw     x11, 0x4(x15)
#9866 0 80000204     4390 r 0c         00000001  c.lw     x12, 0x0(x15)
#9867 0 80000206     16fd r 0d         00000003  c.addi   x13, -0x1
#9868 0 80000208     c04c m ffffffd4   f0040018  c.sw     x11, 0x4(x8)
#9869 0 8000020a 0049a583 r 0b         f0040028  lw       x11, 0x4(x19)
#9870 0 8000020e     c014 m ffffffd0   00000003  c.sw     x13, 0x0(x8)
#9871 0 80000210 0009a683 r 0d         00000002  lw       x13, 0x0(x19)
#9872 0 80000214     c3cc m f0040034   f0040028  c.sw     x11, 0x4(x15)
#9873 0 80000216 00f9a223 m ffffffcc   f0040030  sw       x15, 0x4(x19)
#9874 0 8000021a     c390 m f0040030   00000001  c.sw     x12, 0x0(x15)
#9875 0 8000021c     40f2 r 01         800001de  c.lwsp   x1, 0x1c
#9876 0 8000021e     4462 r 08         ffffffc8  c.lwsp   x8, 0x18
#9877 0 80000220 00168793 r 0f         00000003  addi     x15, x13, 0x1
#9878 0 80000224 00f9a023 m ffffffc8   00000003  sw       x15, 0x0(x19)
#9879 0 80000228 00170793 r 0f         00000047  addi     x15, x14, 0x1
#9880 0 8000022c 00fa2223 m ffffffc4   00000047  sw       x15, 0x4(x20)
#9881 0 80000230     44d2 r 09         00000003  c.lwsp   x9, 0x14
#9882 0 80000232     4942 r 12         ffffffd0  c.lwsp   x18, 0x10
#9883 0 80000234     49b2 r 13         ffffffd8  c.lwsp   x19, 0xc
#9884 0 80000236     4a22 r 14         ffffffc0  c.lwsp   x20, 0x8
#9885 0 80000238     6105 r 02         ffffff60  c.addi16sp 0x2
#9886 0 8000023a     8082 r 00         00000000  c.jr     x1
#9887 0 800001de     874e r 0e         ffffffd8  c.mv     x14, x19
#9888 0 800001e0     86a2 r 0d         ffffffc8  c.mv     x13, x8
#9889 0 800001e2     864a r 0c         ffffffd0  c.mv     x12, x18
#9890 0 800001e4     4585 r 0b         00000001  c.li     x11, 0x1
#9891 0 800001e6     8552 r 0a         ffffffc0  c.mv     x10, x20
#9892 0 800001e8     37e9 r 01         800001ea  c.jal    . - 0x36
#9893 0 800001b2     1101 r 02         ffffff40  c.addi   x2, -0x20
#9894 0 800001b4     cc22 m ffffff58   ffffffc8  c.swsp   x8, 0x18
#9895 0 800001b6     ca26 m ffffff54   00000003  c.swsp   x9, 0x14
#9896 0 800001b8     c84a m ffffff50   ffffffd0  c.swsp   x18, 0x10
#9897 0 800001ba     c64e m ffffff4c   ffffffd8  c.swsp   x19, 0xc
#9898 0 800001bc     c452 m ffffff48   ffffffc0  c.swsp   x20, 0x8
#9899 0 800001be     ce06 m ffffff5c   800001ea  c.swsp   x1, 0x1c
#9900 0 800001c0     4785 r 0f         00000001  c.li     x15, 0x1
#9901 0 800001c2     8a2a r 14         ffffffc0  c.mv     x20, x10
#9902 0 800001c4     8932 r 12         ffffffd0  c.mv     x18, x12
#9903 0 800001c6     89ba r 13         ffffffd8  c.mv     x19, x14
#9904 0 800001c8     84ae r 09         00000001  c.mv     x9, x11
#9905 0 800001ca     8436 r 08         ffffffc8  c.mv     x8, x13
#9906 0 800001cc 02f58663 r 00         00000000  beq      x11, x15, . + 0x2c
#9907 0 800001f8     8432 r 08         ffffffd0  c.mv     x8, x12
#9908 0 800001fa     405c r 0f         f0040018  c.lw     x15, 0x4(x8)
#9909 0 800001fc     4014 r 0d         00000003  c.lw     x13, 0x0(x8)
#9910 0 800001fe 004a2703 r 0e         00000047  lw       x14, 0x4(x20)
#9911 0 80000202     43cc r 0b         f0040010  c.lw     x11, 0x4(x15)
#9912 0 80000204     4390 r 0c         00000004  c.lw     x12, 0x0(x15)
#9913 0 80000206     16fd r 0d         00000002  c.addi   x13, -0x1
#9914 0 80000208     c04c m ffffffd4   f0040010  c.sw     x11, 0x4(x8)
#9915 0 8000020a 0049a583 r 0b         f0040000  lw       x11, 0x4(x19)
#9916 0 8000020e     c014 m ffffffd0   00000002  c.sw     x13, 0x0(x8)
#9917 0 80000210 0009a683 r 0d         00000001  lw       x13, 0x0(x19)
#9918 0 80000214     c3cc m f004001c   f0040000  c.sw     x11, 0x4(x15)
#9919 0 80000216 00f9a223 m ffffffdc   f0040018  sw       x15, 0x4(x19)
#9920 0 8000021a     c390 m f0040018   00000004  c.sw     x12, 0x0(x15)
#9921 0 8000021c     40f2 r 01         800001ea  c.lwsp   x1, 0x1c
#9922 0 8000021e     4462 r 08         ffffffc8  c.lwsp   x8, 0x18
#9923 0 80000220 00168793 r 0f         00000002  addi     x15, x13, 0x1
#9924 0 80000224 00f9a023 m ffffffd8   00000002  sw       x15, 0x0(x19)
#9925 0 80000228 00170793 r 0f         00000048  addi     x15, x14, 0x1
#9926 0 8000022c 00fa2223 m ffffffc4   00000048  sw       x15, 0x4(x20)
#9927 0 80000230     44d2 r 09         00000003  c.lwsp   x9, 0x14
#9928 0 80000232     4942 r 12         ffffffd0  c.lwsp   x18, 0x10
#9929 0 80000234     49b2 r 13         ffffffd8  c.lwsp   x19, 0xc
#9930 0 80000236     4a22 r 14         ffffffc0  c.lwsp   x20, 0x8
#9931 0 80000238     6105 r 02         ffffff60  c.addi16sp 0x2
#9932 0 8000023a     8082 r 00         00000000  c.jr     x1
#9933 0 800001ea     4785 r 0f         00000001  c.li     x15, 0x1
#9934 0 800001ec     874a r 0e         ffffffd0  c.mv     x14, x18
#9935 0 800001ee 00f48663 r 00         00000000  beq      x9, x15, . + 0xc
#9936 0 800001f2     8922 r 12         ffffffc8  c.mv     x18, x8
#9937 0 800001f4     843a r 08         ffffffd0  c.mv     x8, x14
#9938 0 800001f6     bfe9 r 00         00000000  c.j      . - 0x26
#9939 0 800001d0     14fd r 09         00000002  c.addi   x9, -0x1
#9940 0 800001d2     85a6 r 0b         00000002  c.mv     x11, x9
#9941 0 800001d4     8552 r 0a         ffffffc0  c.mv     x10, x20
#9942 0 800001d6     8722 r 0e         ffffffd0  c.mv     x14, x8
#9943 0 800001d8     86ce r 0d         ffffffd8  c.mv     x13, x19
#9944 0 800001da     864a r 0c         ffffffc8  c.mv     x12, x18
#9945 0 800001dc     3fd9 r 01         800001de  c.jal    . - 0x2a
#9946 0 800001b2     1101 r 02         ffffff40  c.addi   x2, -0x20
#9947 0 800001b4     cc22 m ffffff58   ffffffd0  c.swsp   x8, 0x18
#9948 0 800001b6     ca26 m ffffff54   00000002  c.swsp   x9, 0x14
#9949 0 800001b8     c84a m ffffff50   ffffffc8  c.swsp   x18, 0x10
#9950 0 800001ba     c64e m ffffff4c   ffffffd8  c.swsp   x19, 0xc
#9951 0 800001bc     c452 m ffffff48   ffffffc0  c.swsp   x20, 0x8
#9952 0 800001be     ce06 m ffffff5c   800001de  c.swsp   x1, 0x1c
#9953 0 800001c0     4785 r 0f         00000001  c.li     x15, 0x1
#9954 0 800001c2     8a2a r 14         ffffffc0  c.mv     x20, x10
#9955 0 800001c4     8932 r 12         ffffffc8  c.mv     x18, x12
#9956 0 800001c6     89ba r 13         ffffffd0  c.mv     x19, x14
#9957 0 800001c8     84ae r 09         00000002  c.mv     x9, x11
#9958 0 800001ca     8436 r 08         ffffffd8  c.mv     x8, x13
#9959 0 800001cc 02f58663 r 00         00000000  beq      x11, x15, . + 0x2c
#9960 0 800001d0     14fd r 09         00000001  c.addi   x9, -0x1
#9961 0 800001d2     85a6 r 0b         00000001  c.mv     x11, x9
#9962 0 800001d4     8552 r 0a         ffffffc0  c.mv     x10, x20
#9963 0 800001d6     8722 r 0e         ffffffd8  c.mv     x14, x8
#9964 0 800001d8     86ce r 0d         ffffffd0  c.mv     x13, x19
#9965 0 800001da     864a r 0c         ffffffc8  c.mv     x12, x18
#9966 0 800001dc     3fd9 r 01         800001de  c.jal    . - 0x2a
#9967 0 800001b2     1101 r 02         ffffff20  c.addi   x2, -0x20
#9968 0 800001b4     cc22 m ffffff38   ffffffd8  c.swsp   x8, 0x18
#9969 0 800001b6     ca26 m ffffff34   00000001  c.swsp   x9, 0x14
#9970 0 800001b8     c84a m ffffff30   ffffffc8  c.swsp   x18, 0x10
#9971 0 800001ba     c64e m ffffff2c   ffffffd0  c.swsp   x19, 0xc
#9972 0 800001bc     c452 m ffffff28   ffffffc0  c.swsp   x20, 0x8
#9973 0 800001be     ce06 m ffffff3c   800001de  c.swsp   x1, 0x1c
#9974 0 800001c0     4785 r 0f         00000001  c.li     x15, 0x1
#9975 0 800001c2     8a2a r 14         ffffffc0  c.mv     x20, x10
#9976 0 800001c4     8932 r 12         ffffffc8  c.mv     x18, x12
#9977 0 800001c6     89ba r 13         ffffffd8  c.mv     x19, x14
#9978 0 800001c8     84ae r 09         00000001  c.mv     x9, x11
#9979 0 800001ca     8436 r 08         ffffffd0  c.mv     x8, x13
#9980 0 800001cc 02f58663 r 00         00000000  beq      x11, x15, . + 0x2c
#9981 0 800001f8     8432 r 08         ffffffc8  c.mv     x8, x12
#9982 0 800001fa     405c r 0f         f0040030  c.lw     x15, 0x4(x8)
#9983 0 800001fc     4014 r 0d         00000003  c.lw     x13, 0x0(x8)
#9984 0 800001fe 004a2703 r 0e         00000048  lw       x14, 0x4(x20)
#9985 0 80000202     43cc r 0b         f0040028  c.lw     x11, 0x4(x15)
#9986 0 80000204     4390 r 0c         00000001  c.lw     x12, 0x0(x15)
#9987 0 80000206     16fd r 0d         00000002  c.addi   x13, -0x1
#9988 0 80000208     c04c m ffffffcc   f0040028  c.sw     x11, 0x4(x8)
#9989 0 8000020a 0049a583 r 0b         f0040018  lw       x11, 0x4(x19)
#9990 0 8000020e     c014 m ffffffc8   00000002  c.sw     x13, 0x0(x8)
#9991 0 80000210 0009a683 r 0d         00000002  lw       x13, 0x0(x19)
#9992 0 80000214     c3cc m f0040034   f0040018  c.sw     x11, 0x4(x15)
#9993 0 80000216 00f9a223 m ffffffdc   f0040030  sw       x15, 0x4(x19)
#9994 0 8000021a     c390 m f0040030   00000001  c.sw     x12, 0x0(x15)
#9995 0 8000021c     40f2 r 01         800001de  c.lwsp   x1, 0x1c
#9996 0 8000021e     4462 r 08         ffffffd8  c.lwsp   x8, 0x18
#9997 0 80000220 00168793 r 0f         00000003  addi     x15, x13, 0x1
#9998 0 80000224 00f9a023 m ffffffd8   00000003  sw       x15, 0x0(x19)
#9999 0 80000228 00170793 r 0f         00000049  addi     x15, x14, 0x1
#10000 0 8000022c 00fa2223 m ffffffc4   00000049  sw       x15, 0x4(x20)
#10001 0 80000230     44d2 r 09         00000001  c.lwsp   x9, 0x14
#10002 0 80000232     4942 r 12         ffffffc8  c.lwsp   x18, 0x10
#10003 0 80000234     49b2 r 13         ffffffd0  c.lwsp   x19, 0xc
#10004 0 80000236     4a22 r 14         ffffffc0  c.lwsp   x20, 0x8
#10005 0 80000238     6105 r 02         ffffff40  c.addi16sp 0x2
#10006 0 8000023a     8082 r 00         00000000  c.jr     x1
#10007 0 800001de     874e r 0e         ffffffd0  c.mv     x14, x19
#10008 0 800001e0     86a2 r 0d         ffffffd8  c.mv     x13, x8
#10009 0 800001e2     864a r 0c         ffffffc8  c.mv     x12, x18
#10010 0 800001e4     4585 r 0b         00000001  c.li     x11, 0x1
#10011 0 800001e6     8552 r 0a         ffffffc0  c.mv     x10, x20
#10012 0 800001e8     37e9 r 01         800001ea  c.jal    . - 0x36
#10013 0 800001b2     1101 r 02         ffffff20  c.addi   x2, -0x20
#10014 0 800001b4     cc22 m ffffff38   ffffffd8  c.swsp   x8, 0x18
#10015 0 800001b6     ca26 m ffffff34   00000001  c.swsp   x9, 0x14
#10016 0 800001b8     c84a m ffffff30   ffffffc8  c.swsp   x18, 0x10
#10017 0 800001ba     c64e m ffffff2c   ffffffd0  c.swsp   x19, 0xc
#10018 0 800001bc     c452 m ffffff28   ffffffc0  c.swsp   x20, 0x8
#10019 0 800001be     ce06 m ffffff3c   800001ea  c.swsp   x1, 0x1c
#10020 0 800001c0     4785 r 0f         00000001  c.li     x15, 0x1
#10021 0 800001c2     8a2a r 14         ffffffc0  c.mv     x20, x10
#10022 0 800001c4     8932 r 12         ffffffc8  c.mv     x18, x12
#10023 0 800001c6     89ba r 13         ffffffd0  c.mv     x19, x14
#10024 0 800001c8     84ae r 09         00000001  c.mv     x9, x11
#10025 0 800001ca     8436 r 08         ffffffd8  c.mv     x8, x13
#10026 0 800001cc 02f58663 r 00         00000000  beq      x11, x15, . + 0x2c
#10027 0 800001f8     8432 r 08         ffffffc8  c.mv     x8, x12
#10028 0 800001fa     405c r 0f         f0040028  c.lw     x15, 0x4(x8)
#10029 0 800001fc     4014 r 0d         00000002  c.lw     x13, 0x0(x8)
#10030 0 800001fe 004a2703 r 0e         00000049  lw       x14, 0x4(x20)
#10031 0 80000202     43cc r 0b         f0040020  c.lw     x11, 0x4(x15)
#10032 0 80000204     4390 r 0c         00000002  c.lw     x12, 0x0(x15)
#10033 0 80000206     16fd r 0d         00000001  c.addi   x13, -0x1
#10034 0 80000208     c04c m ffffffcc   f0040020  c.sw     x11, 0x4(x8)
#10035 0 8000020a 0049a583 r 0b         f0040010  lw       x11, 0x4(x19)
#10036 0 8000020e     c014 m ffffffc8   00000001  c.sw     x13, 0x0(x8)
#10037 0 80000210 0009a683 r 0d         00000002  lw       x13, 0x0(x19)
#10038 0 80000214     c3cc m f004002c   f0040010  c.sw     x11, 0x4(x15)
#10039 0 80000216 00f9a223 m ffffffd4   f0040028  sw       x15, 0x4(x19)
#10040 0 8000021a     c390 m f0040028   00000002  c.sw     x12, 0x0(x15)
#10041 0 8000021c     40f2 r 01         800001ea  c.lwsp   x1, 0x1c
#10042 0 8000021e     4462 r 08         ffffffd8  c.lwsp   x8, 0x18
#10043 0 80000220 00168793 r 0f         00000003  addi     x15, x13, 0x1
#10044 0 80000224 00f9a023 m ffffffd0   00000003  sw       x15, 0x0(x19)
#10045 0 80000228 00170793 r 0f         0000004a  addi     x15, x14, 0x1
#10046 0 8000022c 00fa2223 m ffffffc4   0000004a  sw       x15, 0x4(x20)
#10047 0 80000230     44d2 r 09         00000001  c.lwsp   x9, 0x14
#10048 0 80000232     4942 r 12         ffffffc8  c.lwsp   x18, 0x10
#10049 0 80000234     49b2 r 13         ffffffd0  c.lwsp   x19, 0xc
#10050 0 80000236     4a22 r 14         ffffffc0  c.lwsp   x20, 0x8
#10051 0 80000238     6105 r 02         ffffff40  c.addi16sp 0x2
#10052 0 8000023a     8082 r 00         00000000  c.jr     x1
#10053 0 800001ea     4785 r 0f         00000001  c.li     x15, 0x1
#10054 0 800001ec     874a r 0e         ffffffc8  c.mv     x14, x18
#10055 0 800001ee 00f48663 r 00         00000000  beq      x9, x15, . + 0xc
#10056 0 800001fa     405c r 0f         f0040030  c.lw     x15, 0x4(x8)
#10057 0 800001fc     4014 r 0d         00000003  c.lw     x13, 0x0(x8)
#10058 0 800001fe 004a2703 r 0e         0000004a  lw       x14, 0x4(x20)
#10059 0 80000202     43cc r 0b         f0040018  c.lw     x11, 0x4(x15)
#10060 0 80000204     4390 r 0c         00000001  c.lw     x12, 0x0(x15)
#10061 0 80000206     16fd r 0d         00000002  c.addi   x13, -0x1
#10062 0 80000208     c04c m ffffffdc   f0040018  c.sw     x11, 0x4(x8)
#10063 0 8000020a 0049a583 r 0b         f0040028  lw       x11, 0x4(x19)
#10064 0 8000020e     c014 m ffffffd8   00000002  c.sw     x13, 0x0(x8)
#10065 0 80000210 0009a683 r 0d         00000003  lw       x13, 0x0(x19)
#10066 0 80000214     c3cc m f0040034   f0040028  c.sw     x11, 0x4(x15)
#10067 0 80000216 00f9a223 m ffffffd4   f0040030  sw       x15, 0x4(x19)
#10068 0 8000021a     c390 m f0040030   00000001  c.sw     x12, 0x0(x15)
#10069 0 8000021c     40f2 r 01         800001de  c.lwsp   x1, 0x1c
#10070 0 8000021e     4462 r 08         ffffffd0  c.lwsp   x8, 0x18
#10071 0 80000220 00168793 r 0f         00000004  addi     x15, x13, 0x1
#10072 0 80000224 00f9a023 m ffffffd0   00000004  sw       x15, 0x0(x19)
#10073 0 80000228 00170793 r 0f         0000004b  addi     x15, x14, 0x1
#10074 0 8000022c 00fa2223 m ffffffc4   0000004b  sw       x15, 0x4(x20)
#10075 0 80000230     44d2 r 09         00000002  c.lwsp   x9, 0x14
#10076 0 80000232     4942 r 12         ffffffc8  c.lwsp   x18, 0x10
#10077 0 80000234     49b2 r 13         ffffffd8  c.lwsp   x19, 0xc
#10078 0 80000236     4a22 r 14         ffffffc0  c.lwsp   x20, 0x8
#10079 0 80000238     6105 r 02         ffffff60  c.addi16sp 0x2
#10080 0 8000023a     8082 r 00         00000000  c.jr     x1
#10081 0 800001de     874e r 0e         ffffffd8  c.mv     x14, x19
#10082 0 800001e0     86a2 r 0d         ffffffd0  c.mv     x13, x8
#10083 0 800001e2     864a r 0c         ffffffc8  c.mv     x12, x18
#10084 0 800001e4     4585 r 0b         00000001  c.li     x11, 0x1
#10085 0 800001e6     8552 r 0a         ffffffc0  c.mv     x10, x20
#10086 0 800001e8     37e9 r 01         800001ea  c.jal    . - 0x36
#10087 0 800001b2     1101 r 02         ffffff40  c.addi   x2, -0x20
#10088 0 800001b4     cc22 m ffffff58   ffffffd0  c.swsp   x8, 0x18
#10089 0 800001b6     ca26 m ffffff54   00000002  c.swsp   x9, 0x14
#10090 0 800001b8     c84a m ffffff50   ffffffc8  c.swsp   x18, 0x10
#10091 0 800001ba     c64e m ffffff4c   ffffffd8  c.swsp   x19, 0xc
#10092 0 800001bc     c452 m ffffff48   ffffffc0  c.swsp   x20, 0x8
#10093 0 800001be     ce06 m ffffff5c   800001ea  c.swsp   x1, 0x1c
#10094 0 800001c0     4785 r 0f         00000001  c.li     x15, 0x1
#10095 0 800001c2     8a2a r 14         ffffffc0  c.mv     x20, x10
#10096 0 800001c4     8932 r 12         ffffffc8  c.mv     x18, x12
#10097 0 800001c6     89ba r 13         ffffffd8  c.mv     x19, x14
#10098 0 800001c8     84ae r 09         00000001  c.mv     x9, x11
#10099 0 800001ca     8436 r 08         ffffffd0  c.mv     x8, x13
#10100 0 800001cc 02f58663 r 00         00000000  beq      x11, x15, . + 0x2c
#10101 0 800001f8     8432 r 08         ffffffc8  c.mv     x8, x12
#10102 0 800001fa     405c r 0f         f0040020  c.lw     x15, 0x4(x8)
#10103 0 800001fc     4014 r 0d         00000001  c.lw     x13, 0x0(x8)
#10104 0 800001fe 004a2703 r 0e         0000004b  lw       x14, 0x4(x20)
#10105 0 80000202     43cc r 0b         00000000  c.lw     x11, 0x4(x15)
#10106 0 80000204     4390 r 0c         00000003  c.lw     x12, 0x0(x15)
#10107 0 80000206     16fd r 0d         00000000  c.addi   x13, -0x1
#10108 0 80000208     c04c m ffffffcc   00000000  c.sw     x11, 0x4(x8)
#10109 0 8000020a 0049a583 r 0b         f0040018  lw       x11, 0x4(x19)
#10110 0 8000020e     c014 m ffffffc8   00000000  c.sw     x13, 0x0(x8)
#10111 0 80000210 0009a683 r 0d         00000002  lw       x13, 0x0(x19)
#10112 0 80000214     c3cc m f0040024   f0040018  c.sw     x11, 0x4(x15)
#10113 0 80000216 00f9a223 m ffffffdc   f0040020  sw       x15, 0x4(x19)
#10114 0 8000021a     c390 m f0040020   00000003  c.sw     x12, 0x0(x15)
#10115 0 8000021c     40f2 r 01         800001ea  c.lwsp   x1, 0x1c
#10116 0 8000021e     4462 r 08         ffffffd0  c.lwsp   x8, 0x18
#10117 0 80000220 00168793 r 0f         00000003  addi     x15, x13, 0x1
#10118 0 80000224 00f9a023 m ffffffd8   00000003  sw       x15, 0x0(x19)
#10119 0 80000228 00170793 r 0f         0000004c  addi     x15, x14, 0x1
#10120 0 8000022c 00fa2223 m ffffffc4   0000004c  sw       x15, 0x4(x20)
#10121 0 80000230     44d2 r 09         00000002  c.lwsp   x9, 0x14
#10122 0 80000232     4942 r 12         ffffffc8  c.lwsp   x18, 0x10
#10123 0 80000234     49b2 r 13         ffffffd8  c.lwsp   x19, 0xc
#10124 0 80000236     4a22 r 14         ffffffc0  c.lwsp   x20, 0x8
#10125 0 80000238     6105 r 02         ffffff60  c.addi16sp 0x2
#10126 0 8000023a     8082 r 00         00000000  c.jr     x1
#10127 0 800001ea     4785 r 0f         00000001  c.li     x15, 0x1
#10128 0 800001ec     874a r 0e         ffffffc8  c.mv     x14, x18
#10129 0 800001ee 00f48663 r 00         00000000  beq      x9, x15, . + 0xc
#10130 0 800001f2     8922 r 12         ffffffd0  c.mv     x18, x8
#10131 0 800001f4     843a r 08         ffffffc8  c.mv     x8, x14
#10132 0 800001f6     bfe9 r 00         00000000  c.j      . - 0x26
#10133 0 800001d0     14fd r 09         00000001  c.addi   x9, -0x1
#10134 0 800001d2     85a6 r 0b         00000001  c.mv     x11, x9
#10135 0 800001d4     8552 r 0a         ffffffc0  c.mv     x10, x20
#10136 0 800001d6     8722 r 0e         ffffffc8  c.mv     x14, x8
#10137 0 800001d8     86ce r 0d         ffffffd8  c.mv     x13, x19
#10138 0 800001da     864a r 0c         ffffffd0  c.mv     x12, x18
#10139 0 800001dc     3fd9 r 01         800001de  c.jal    . - 0x2a
#10140 0 800001b2     1101 r 02         ffffff40  c.addi   x2, -0x20
#10141 0 800001b4     cc22 m ffffff58   ffffffc8  c.swsp   x8, 0x18
#10142 0 800001b6     ca26 m ffffff54   00000001  c.swsp   x9, 0x14
#10143 0 800001b8     c84a m ffffff50   ffffffd0  c.swsp   x18, 0x10
#10144 0 800001ba     c64e m ffffff4c   ffffffd8  c.swsp   x19, 0xc
#10145 0 800001bc     c452 m ffffff48   ffffffc0  c.swsp   x20, 0x8
#10146 0 800001be     ce06 m ffffff5c   800001de  c.swsp   x1, 0x1c
#10147 0 800001c0     4785 r 0f         00000001  c.li     x15, 0x1
#10148 0 800001c2     8a2a r 14         ffffffc0  c.mv     x20, x10
#10149 0 800001c4     8932 r 12         ffffffd0  c.mv     x18, x12
#10150 0 800001c6     89ba r 13         ffffffc8  c.mv     x19, x14
#10151 0 800001c8     84ae r 09         00000001  c.mv     x9, x11
#10152 0 800001ca     8436 r 08         ffffffd8  c.mv     x8, x13
#10153 0 800001cc 02f58663 r 00         00000000  beq      x11, x15, . + 0x2c
#10154 0 800001f8     8432 r 08         ffffffd0  c.mv     x8, x12
#10155 0 800001fa     405c r 0f         f0040030  c.lw     x15, 0x4(x8)
#10156 0 800001fc     4014 r 0d         00000004  c.lw     x13, 0x0(x8)
#10157 0 800001fe 004a2703 r 0e         0000004c  lw       x14, 0x4(x20)
#10158 0 80000202     43cc r 0b         f0040028  c.lw     x11, 0x4(x15)
#10159 0 80000204     4390 r 0c         00000001  c.lw     x12, 0x0(x15)
#10160 0 80000206     16fd r 0d         00000003  c.addi   x13, -0x1
#10161 0 80000208     c04c m ffffffd4   f0040028  c.sw     x11, 0x4(x8)
#10162 0 8000020a 0049a583 r 0b         00000000  lw       x11, 0x4(x19)
#10163 0 8000020e     c014 m ffffffd0   00000003  c.sw     x13, 0x0(x8)
#10164 0 80000210 0009a683 r 0d         00000000  lw       x13, 0x0(x19)
#10165 0 80000214     c3cc m f0040034   00000000  c.sw     x11, 0x4(x15)
#10166 0 80000216 00f9a223 m ffffffcc   f0040030  sw       x15, 0x4(x19)
#10167 0 8000021a     c390 m f0040030   00000001  c.sw     x12, 0x0(x15)
#10168 0 8000021c     40f2 r 01         800001de  c.lwsp   x1, 0x1c
#10169 0 8000021e     4462 r 08         ffffffc8  c.lwsp   x8, 0x18
#10170 0 80000220 00168793 r 0f         00000001  addi     x15, x13, 0x1
#10171 0 80000224 00f9a023 m ffffffc8   00000001  sw       x15, 0x0(x19)
#10172 0 80000228 00170793 r 0f         0000004d  addi     x15, x14, 0x1
#10173 0 8000022c 00fa2223 m ffffffc4   0000004d  sw       x15, 0x4(x20)
#10174 0 80000230     44d2 r 09         00000001  c.lwsp   x9, 0x14
#10175 0 80000232     4942 r 12         ffffffd0  c.lwsp   x18, 0x10
#10176 0 80000234     49b2 r 13         ffffffd8  c.lwsp   x19, 0xc
#10177 0 80000236     4a22 r 14         ffffffc0  c.lwsp   x20, 0x8
#10178 0 80000238     6105 r 02         ffffff60  c.addi16sp 0x2
#10179 0 8000023a     8082 r 00         00000000  c.jr     x1
#10180 0 800001de     874e r 0e         ffffffd8  c.mv     x14, x19
#10181 0 800001e0     86a2 r 0d         ffffffc8  c.mv     x13, x8
#10182 0 800001e2     864a r 0c         ffffffd0  c.mv     x12, x18
#10183 0 800001e4     4585 r 0b         00000001  c.li     x11, 0x1
#10184 0 800001e6     8552 r 0a         ffffffc0  c.mv     x10, x20
#10185 0 800001e8     37e9 r 01         800001ea  c.jal    . - 0x36
#10186 0 800001b2     1101 r 02         ffffff40  c.addi   x2, -0x20
#10187 0 800001b4     cc22 m ffffff58   ffffffc8  c.swsp   x8, 0x18
#10188 0 800001b6     ca26 m ffffff54   00000001  c.swsp   x9, 0x14
#10189 0 800001b8     c84a m ffffff50   ffffffd0  c.swsp   x18, 0x10
#10190 0 800001ba     c64e m ffffff4c   ffffffd8  c.swsp   x19, 0xc
#10191 0 800001bc     c452 m ffffff48   ffffffc0  c.swsp   x20, 0x8
#10192 0 800001be     ce06 m ffffff5c   800001ea  c.swsp   x1, 0x1c
#10193 0 800001c0     4785 r 0f         00000001  c.li     x15, 0x1
#10194 0 800001c2     8a2a r 14         ffffffc0  c.mv     x20, x10
#10195 0 800001c4     8932 r 12         ffffffd0  c.mv     x18, x12
#10196 0 800001c6     89ba r 13         ffffffd8  c.mv     x19, x14
#10197 0 800001c8     84ae r 09         00000001  c.mv     x9, x11
#10198 0 800001ca     8436 r 08         ffffffc8  c.mv     x8, x13
#10199 0 800001cc 02f58663 r 00         00000000  beq      x11, x15, . + 0x2c
#10200 0 800001f8     8432 r 08         ffffffd0  c.mv     x8, x12
#10201 0 800001fa     405c r 0f         f0040028  c.lw     x15, 0x4(x8)
#10202 0 800001fc     4014 r 0d         00000003  c.lw     x13, 0x0(x8)
#10203 0 800001fe 004a2703 r 0e         0000004d  lw       x14, 0x4(x20)
#10204 0 80000202     43cc r 0b         f0040010  c.lw     x11, 0x4(x15)
#10205 0 80000204     4390 r 0c         00000002  c.lw     x12, 0x0(x15)
#10206 0 80000206     16fd r 0d         00000002  c.addi   x13, -0x1
#10207 0 80000208     c04c m ffffffd4   f0040010  c.sw     x11, 0x4(x8)
#10208 0 8000020a 0049a583 r 0b         f0040020  lw       x11, 0x4(x19)
#10209 0 8000020e     c014 m ffffffd0   00000002  c.sw     x13, 0x0(x8)
#10210 0 80000210 0009a683 r 0d         00000003  lw       x13, 0x0(x19)
#10211 0 80000214     c3cc m f004002c   f0040020  c.sw     x11, 0x4(x15)
#10212 0 80000216 00f9a223 m ffffffdc   f0040028  sw       x15, 0x4(x19)
#10213 0 8000021a     c390 m f0040028   00000002  c.sw     x12, 0x0(x15)
#10214 0 8000021c     40f2 r 01         800001ea  c.lwsp   x1, 0x1c
#10215 0 8000021e     4462 r 08         ffffffc8  c.lwsp   x8, 0x18
#10216 0 80000220 00168793 r 0f         00000004  addi     x15, x13, 0x1
#10217 0 80000224 00f9a023 m ffffffd8   00000004  sw       x15, 0x0(x19)
#10218 0 80000228 00170793 r 0f         0000004e  addi     x15, x14, 0x1
#10219 0 8000022c 00fa2223 m ffffffc4   0000004e  sw       x15, 0x4(x20)
#10220 0 80000230     44d2 r 09         00000001  c.lwsp   x9, 0x14
#10221 0 80000232     4942 r 12         ffffffd0  c.lwsp   x18, 0x10
#10222 0 80000234     49b2 r 13         ffffffd8  c.lwsp   x19, 0xc
#10223 0 80000236     4a22 r 14         ffffffc0  c.lwsp   x20, 0x8
#10224 0 80000238     6105 r 02         ffffff60  c.addi16sp 0x2
#10225 0 8000023a     8082 r 00         00000000  c.jr     x1
#10226 0 800001ea     4785 r 0f         00000001  c.li     x15, 0x1
#10227 0 800001ec     874a r 0e         ffffffd0  c.mv     x14, x18
#10228 0 800001ee 00f48663 r 00         00000000  beq      x9, x15, . + 0xc
#10229 0 800001fa     405c r 0f         f0040030  c.lw     x15, 0x4(x8)
#10230 0 800001fc     4014 r 0d         00000001  c.lw     x13, 0x0(x8)
#10231 0 800001fe 004a2703 r 0e         0000004e  lw       x14, 0x4(x20)
#10232 0 80000202     43cc r 0b         00000000  c.lw     x11, 0x4(x15)
#10233 0 80000204     4390 r 0c         00000001  c.lw     x12, 0x0(x15)
#10234 0 80000206     16fd r 0d         00000000  c.addi   x13, -0x1
#10235 0 80000208     c04c m ffffffcc   00000000  c.sw     x11, 0x4(x8)
#10236 0 8000020a 0049a583 r 0b         f0040028  lw       x11, 0x4(x19)
#10237 0 8000020e     c014 m ffffffc8   00000000  c.sw     x13, 0x0(x8)
#10238 0 80000210 0009a683 r 0d         00000004  lw       x13, 0x0(x19)
#10239 0 80000214     c3cc m f0040034   f0040028  c.sw     x11, 0x4(x15)
#10240 0 80000216 00f9a223 m ffffffdc   f0040030  sw       x15, 0x4(x19)
#10241 0 8000021a     c390 m f0040030   00000001  c.sw     x12, 0x0(x15)
#10242 0 8000021c     40f2 r 01         800001de  c.lwsp   x1, 0x1c
#10243 0 8000021e     4462 r 08         ffffffd8  c.lwsp   x8, 0x18
#10244 0 80000220 00168793 r 0f         00000005  addi     x15, x13, 0x1
#10245 0 80000224 00f9a023 m ffffffd8   00000005  sw       x15, 0x0(x19)
#10246 0 80000228 00170793 r 0f         0000004f  addi     x15, x14, 0x1
#10247 0 8000022c 00fa2223 m ffffffc4   0000004f  sw       x15, 0x4(x20)
#10248 0 80000230     44d2 r 09         00000004  c.lwsp   x9, 0x14
#10249 0 80000232     4942 r 12         ffffffd0  c.lwsp   x18, 0x10
#10250 0 80000234     49b2 r 13         ffffffc8  c.lwsp   x19, 0xc
#10251 0 80000236     4a22 r 14         ffffffc0  c.lwsp   x20, 0x8
#10252 0 80000238     6105 r 02         ffffff80  c.addi16sp 0x2
#10253 0 8000023a     8082 r 00         00000000  c.jr     x1
#10254 0 800001de     874e r 0e         ffffffc8  c.mv     x14, x19
#10255 0 800001e0     86a2 r 0d         ffffffd8  c.mv     x13, x8
#10256 0 800001e2     864a r 0c         ffffffd0  c.mv     x12, x18
#10257 0 800001e4     4585 r 0b         00000001  c.li     x11, 0x1
#10258 0 800001e6     8552 r 0a         ffffffc0  c.mv     x10, x20
#10259 0 800001e8     37e9 r 01         800001ea  c.jal    . - 0x36
#10260 0 800001b2     1101 r 02         ffffff60  c.addi   x2, -0x20
#10261 0 800001b4     cc22 m ffffff78   ffffffd8  c.swsp   x8, 0x18
#10262 0 800001b6     ca26 m ffffff74   00000004  c.swsp   x9, 0x14
#10263 0 800001b8     c84a m ffffff70   ffffffd0  c.swsp   x18, 0x10
#10264 0 800001ba     c64e m ffffff6c   ffffffc8  c.swsp   x19, 0xc
#10265 0 800001bc     c452 m ffffff68   ffffffc0  c.swsp   x20, 0x8
#10266 0 800001be     ce06 m ffffff7c   800001ea  c.swsp   x1, 0x1c
#10267 0 800001c0     4785 r 0f         00000001  c.li     x15, 0x1
#10268 0 800001c2     8a2a r 14         ffffffc0  c.mv     x20, x10
#10269 0 800001c4     8932 r 12         ffffffd0  c.mv     x18, x12
#10270 0 800001c6     89ba r 13         ffffffc8  c.mv     x19, x14
#10271 0 800001c8     84ae r 09         00000001  c.mv     x9, x11
#10272 0 800001ca     8436 r 08         ffffffd8  c.mv     x8, x13
#10273 0 800001cc 02f58663 r 00         00000000  beq      x11, x15, . + 0x2c
#10274 0 800001f8     8432 r 08         ffffffd0  c.mv     x8, x12
#10275 0 800001fa     405c r 0f         f0040010  c.lw     x15, 0x4(x8)
#10276 0 800001fc     4014 r 0d         00000002  c.lw     x13, 0x0(x8)
#10277 0 800001fe 004a2703 r 0e         0000004f  lw       x14, 0x4(x20)
#10278 0 80000202     43cc r 0b         f0040008  c.lw     x11, 0x4(x15)
#10279 0 80000204     4390 r 0c         00000005  c.lw     x12, 0x0(x15)
#10280 0 80000206     16fd r 0d         00000001  c.addi   x13, -0x1
#10281 0 80000208     c04c m ffffffd4   f0040008  c.sw     x11, 0x4(x8)
#10282 0 8000020a 0049a583 r 0b         00000000  lw       x11, 0x4(x19)
#10283 0 8000020e     c014 m ffffffd0   00000001  c.sw     x13, 0x0(x8)
#10284 0 80000210 0009a683 r 0d         00000000  lw       x13, 0x0(x19)
#10285 0 80000214     c3cc m f0040014   00000000  c.sw     x11, 0x4(x15)
#10286 0 80000216 00f9a223 m ffffffcc   f0040010  sw       x15, 0x4(x19)
#10287 0 8000021a     c390 m f0040010   00000005  c.sw     x12, 0x0(x15)
#10288 0 8000021c     40f2 r 01         800001ea  c.lwsp   x1, 0x1c
#10289 0 8000021e     4462 r 08         ffffffd8  c.lwsp   x8, 0x18
#10290 0 80000220 00168793 r 0f         00000001  addi     x15, x13, 0x1
#10291 0 80000224 00f9a023 m ffffffc8   00000001  sw       x15, 0x0(x19)
#10292 0 80000228 00170793 r 0f         00000050  addi     x15, x14, 0x1
#10293 0 8000022c 00fa2223 m ffffffc4   00000050  sw       x15, 0x4(x20)
#10294 0 80000230     44d2 r 09         00000004  c.lwsp   x9, 0x14
#10295 0 80000232     4942 r 12         ffffffd0  c.lwsp   x18, 0x10
#10296 0 80000234     49b2 r 13         ffffffc8  c.lwsp   x19, 0xc
#10297 0 80000236     4a22 r 14         ffffffc0  c.lwsp   x20, 0x8
#10298 0 80000238     6105 r 02         ffffff80  c.addi16sp 0x2
#10299 0 8000023a     8082 r 00         00000000  c.jr     x1
#10300 0 800001ea     4785 r 0f         00000001  c.li     x15, 0x1
#10301 0 800001ec     874a r 0e         ffffffd0  c.mv     x14, x18
#10302 0 800001ee 00f48663 r 00         00000000  beq      x9, x15, . + 0xc
#10303 0 800001f2     8922 r 12         ffffffd8  c.mv     x18, x8
#10304 0 800001f4     843a r 08         ffffffd0  c.mv     x8, x14
#10305 0 800001f6     bfe9 r 00         00000000  c.j      . - 0x26
#10306 0 800001d0     14fd r 09         00000003  c.addi   x9, -0x1
#10307 0 800001d2     85a6 r 0b         00000003  c.mv     x11, x9
#10308 0 800001d4     8552 r 0a         ffffffc0  c.mv     x10, x20
#10309 0 800001d6     8722 r 0e         ffffffd0  c.mv     x14, x8
#10310 0 800001d8     86ce r 0d         ffffffc8  c.mv     x13, x19
#10311 0 800001da     864a r 0c         ffffffd8  c.mv     x12, x18
#10312 0 800001dc     3fd9 r 01         800001de  c.jal    . - 0x2a
#10313 0 800001b2     1101 r 02         ffffff60  c.addi   x2, -0x20
#10314 0 800001b4     cc22 m ffffff78   ffffffd0  c.swsp   x8, 0x18
#10315 0 800001b6     ca26 m ffffff74   00000003  c.swsp   x9, 0x14
#10316 0 800001b8     c84a m ffffff70   ffffffd8  c.swsp   x18, 0x10
#10317 0 800001ba     c64e m ffffff6c   ffffffc8  c.swsp   x19, 0xc
#10318 0 800001bc     c452 m ffffff68   ffffffc0  c.swsp   x20, 0x8
#10319 0 800001be     ce06 m ffffff7c   800001de  c.swsp   x1, 0x1c
#10320 0 800001c0     4785 r 0f         00000001  c.li     x15, 0x1
#10321 0 800001c2     8a2a r 14         ffffffc0  c.mv     x20, x10
#10322 0 800001c4     8932 r 12         ffffffd8  c.mv     x18, x12
#10323 0 800001c6     89ba r 13         ffffffd0  c.mv     x19, x14
#10324 0 800001c8     84ae r 09         00000003  c.mv     x9, x11
#10325 0 800001ca     8436 r 08         ffffffc8  c.mv     x8, x13
#10326 0 800001cc 02f58663 r 00         00000000  beq      x11, x15, . + 0x2c
#10327 0 800001d0     14fd r 09         00000002  c.addi   x9, -0x1
#10328 0 800001d2     85a6 r 0b         00000002  c.mv     x11, x9
#10329 0 800001d4     8552 r 0a         ffffffc0  c.mv     x10, x20
#10330 0 800001d6     8722 r 0e         ffffffc8  c.mv     x14, x8
#10331 0 800001d8     86ce r 0d         ffffffd0  c.mv     x13, x19
#10332 0 800001da     864a r 0c         ffffffd8  c.mv     x12, x18
#10333 0 800001dc     3fd9 r 01         800001de  c.jal    . - 0x2a
#10334 0 800001b2     1101 r 02         ffffff40  c.addi   x2, -0x20
#10335 0 800001b4     cc22 m ffffff58   ffffffc8  c.swsp   x8, 0x18
#10336 0 800001b6     ca26 m ffffff54   00000002  c.swsp   x9, 0x14
#10337 0 800001b8     c84a m ffffff50   ffffffd8  c.swsp   x18, 0x10
#10338 0 800001ba     c64e m ffffff4c   ffffffd0  c.swsp   x19, 0xc
#10339 0 800001bc     c452 m ffffff48   ffffffc0  c.swsp   x20, 0x8
#10340 0 800001be     ce06 m ffffff5c   800001de  c.swsp   x1, 0x1c
#10341 0 800001c0     4785 r 0f         00000001  c.li     x15, 0x1
#10342 0 800001c2     8a2a r 14         ffffffc0  c.mv     x20, x10
#10343 0 800001c4     8932 r 12         ffffffd8  c.mv     x18, x12
#10344 0 800001c6     89ba r 13         ffffffc8  c.mv     x19, x14
#10345 0 800001c8     84ae r 09         00000002  c.mv     x9, x11
#10346 0 800001ca     8436 r 08         ffffffd0  c.mv     x8, x13
#10347 0 800001cc 02f58663 r 00         00000000  beq      x11, x15, . + 0x2c
#10348 0 800001d0     14fd r 09         00000001  c.addi   x9, -0x1
#10349 0 800001d2     85a6 r 0b         00000001  c.mv     x11, x9
#10350 0 800001d4     8552 r 0a         ffffffc0  c.mv     x10, x20
#10351 0 800001d6     8722 r 0e         ffffffd0  c.mv     x14, x8
#10352 0 800001d8     86ce r 0d         ffffffc8  c.mv     x13, x19
#10353 0 800001da     864a r 0c         ffffffd8  c.mv     x12, x18
#10354 0 800001dc     3fd9 r 01         800001de  c.jal    . - 0x2a
#10355 0 800001b2     1101 r 02         ffffff20  c.addi   x2, -0x20
#10356 0 800001b4     cc22 m ffffff38   ffffffd0  c.swsp   x8, 0x18
#10357 0 800001b6     ca26 m ffffff34   00000001  c.swsp   x9, 0x14
#10358 0 800001b8     c84a m ffffff30   ffffffd8  c.swsp   x18, 0x10
#10359 0 800001ba     c64e m ffffff2c   ffffffc8  c.swsp   x19, 0xc
#10360 0 800001bc     c452 m ffffff28   ffffffc0  c.swsp   x20, 0x8
#10361 0 800001be     ce06 m ffffff3c   800001de  c.swsp   x1, 0x1c
#10362 0 800001c0     4785 r 0f         00000001  c.li     x15, 0x1
#10363 0 800001c2     8a2a r 14         ffffffc0  c.mv     x20, x10
#10364 0 800001c4     8932 r 12         ffffffd8  c.mv     x18, x12
#10365 0 800001c6     89ba r 13         ffffffd0  c.mv     x19, x14
#10366 0 800001c8     84ae r 09         00000001  c.mv     x9, x11
#10367 0 800001ca     8436 r 08         ffffffc8  c.mv     x8, x13
#10368 0 800001cc 02f58663 r 00         00000000  beq      x11, x15, . + 0x2c
#10369 0 800001f8     8432 r 08         ffffffd8  c.mv     x8, x12
#10370 0 800001fa     405c r 0f         f0040030  c.lw     x15, 0x4(x8)
#10371 0 800001fc     4014 r 0d         00000005  c.lw     x13, 0x0(x8)
#10372 0 800001fe 004a2703 r 0e         00000050  lw       x14, 0x4(x20)
#10373 0 80000202     43cc r 0b         f0040028  c.lw     x11, 0x4(x15)
#10374 0 80000204     4390 r 0c         00000001  c.lw     x12, 0x0(x15)
#10375 0 80000206     16fd r 0d         00000004  c.addi   x13, -0x1
#10376 0 80000208     c04c m ffffffdc   f0040028  c.sw     x11, 0x4(x8)
#10377 0 8000020a 0049a583 r 0b         f0040008  lw       x11, 0x4(x19)
#10378 0 8000020e     c014 m ffffffd8   00000004  c.sw     x13, 0x0(x8)
#10379 0 80000210 0009a683 r 0d         00000001  lw       x13, 0x0(x19)
#10380 0 80000214     c3cc m f0040034   f0040008  c.sw     x11, 0x4(x15)
#10381 0 80000216 00f9a223 m ffffffd4   f0040030  sw       x15, 0x4(x19)
#10382 0 8000021a     c390 m f0040030   00000001  c.sw     x12, 0x0(x15)
#10383 0 8000021c     40f2 r 01         800001de  c.lwsp   x1, 0x1c
#10384 0 8000021e     4462 r 08         ffffffd0  c.lwsp   x8, 0x18
#10385 0 80000220 00168793 r 0f         00000002  addi     x15, x13, 0x1
#10386 0 80000224 00f9a023 m ffffffd0   00000002  sw       x15, 0x0(x19)
#10387 0 80000228 00170793 r 0f         00000051  addi     x15, x14, 0x1
#10388 0 8000022c 00fa2223 m ffffffc4   00000051  sw       x15, 0x4(x20)
#10389 0 80000230     44d2 r 09         00000001  c.lwsp   x9, 0x14
#10390 0 80000232     4942 r 12         ffffffd8  c.lwsp   x18, 0x10
#10391 0 80000234     49b2 r 13         ffffffc8  c.lwsp   x19, 0xc
#10392 0 80000236     4a22 r 14         ffffffc0  c.lwsp   x20, 0x8
#10393 0 80000238     6105 r 02         ffffff40  c.addi16sp 0x2
#10394 0 8000023a     8082 r 00         00000000  c.jr     x1
#10395 0 800001de     874e r 0e         ffffffc8  c.mv     x14, x19
#10396 0 800001e0     86a2 r 0d         ffffffd0  c.mv     x13, x8
#10397 0 800001e2     864a r 0c         ffffffd8  c.mv     x12, x18
#10398 0 800001e4     4585 r 0b         00000001  c.li     x11, 0x1
#10399 0 800001e6     8552 r 0a         ffffffc0  c.mv     x10, x20
#10400 0 800001e8     37e9 r 01         800001ea  c.jal    . - 0x36
#10401 0 800001b2     1101 r 02         ffffff20  c.addi   x2, -0x20
#10402 0 800001b4     cc22 m ffffff38   ffffffd0  c.swsp   x8, 0x18
#10403 0 800001b6     ca26 m ffffff34   00000001  c.swsp   x9, 0x14
#10404 0 800001b8     c84a m ffffff30   ffffffd8  c.swsp   x18, 0x10
#10405 0 800001ba     c64e m ffffff2c   ffffffc8  c.swsp   x19, 0xc
#10406 0 800001bc     c452 m ffffff28   ffffffc0  c.swsp   x20, 0x8
#10407 0 800001be     ce06 m ffffff3c   800001ea  c.swsp   x1, 0x1c
#10408 0 800001c0     4785 r 0f         00000001  c.li     x15, 0x1
#10409 0 800001c2     8a2a r 14         ffffffc0  c.mv     x20, x10
#10410 0 800001c4     8932 r 12         ffffffd8  c.mv     x18, x12
#10411 0 800001c6     89ba r 13         ffffffc8  c.mv     x19, x14
#10412 0 800001c8     84ae r 09         00000001  c.mv     x9, x11
#10413 0 800001ca     8436 r 08         ffffffd0  c.mv     x8, x13
#10414 0 800001cc 02f58663 r 00         00000000  beq      x11, x15, . + 0x2c
#10415 0 800001f8     8432 r 08         ffffffd8  c.mv     x8, x12
#10416 0 800001fa     405c r 0f         f0040028  c.lw     x15, 0x4(x8)
#10417 0 800001fc     4014 r 0d         00000004  c.lw     x13, 0x0(x8)
#10418 0 800001fe 004a2703 r 0e         00000051  lw       x14, 0x4(x20)
#10419 0 80000202     43cc r 0b         f0040020  c.lw     x11, 0x4(x15)
#10420 0 80000204     4390 r 0c         00000002  c.lw     x12, 0x0(x15)
#10421 0 80000206     16fd r 0d         00000003  c.addi   x13, -0x1
#10422 0 80000208     c04c m ffffffdc   f0040020  c.sw     x11, 0x4(x8)
#10423 0 8000020a 0049a583 r 0b         f0040010  lw       x11, 0x4(x19)
#10424 0 8000020e     c014 m ffffffd8   00000003  c.sw     x13, 0x0(x8)
#10425 0 80000210 0009a683 r 0d         00000001  lw       x13, 0x0(x19)
#10426 0 80000214     c3cc m f004002c   f0040010  c.sw     x11, 0x4(x15)
#10427 0 80000216 00f9a223 m ffffffcc   f0040028  sw       x15, 0x4(x19)
#10428 0 8000021a     c390 m f0040028   00000002  c.sw     x12, 0x0(x15)
#10429 0 8000021c     40f2 r 01         800001ea  c.lwsp   x1, 0x1c
#10430 0 8000021e     4462 r 08         ffffffd0  c.lwsp   x8, 0x18
#10431 0 80000220 00168793 r 0f         00000002  addi     x15, x13, 0x1
#10432 0 80000224 00f9a023 m ffffffc8   00000002  sw       x15, 0x0(x19)
#10433 0 80000228 00170793 r 0f         00000052  addi     x15, x14, 0x1
#10434 0 8000022c 00fa2223 m ffffffc4   00000052  sw       x15, 0x4(x20)
#10435 0 80000230     44d2 r 09         00000001  c.lwsp   x9, 0x14
#10436 0 80000232     4942 r 12         ffffffd8  c.lwsp   x18, 0x10
#10437 0 80000234     49b2 r 13         ffffffc8  c.lwsp   x19, 0xc
#10438 0 80000236     4a22 r 14         ffffffc0  c.lwsp   x20, 0x8
#10439 0 80000238     6105 r 02         ffffff40  c.addi16sp 0x2
#10440 0 8000023a     8082 r 00         00000000  c.jr     x1
#10441 0 800001ea     4785 r 0f         00000001  c.li     x15, 0x1
#10442 0 800001ec     874a r 0e         ffffffd8  c.mv     x14, x18
#10443 0 800001ee 00f48663 r 00         00000000  beq      x9, x15, . + 0xc
#10444 0 800001fa     405c r 0f         f0040030  c.lw     x15, 0x4(x8)
#10445 0 800001fc     4014 r 0d         00000002  c.lw     x13, 0x0(x8)
#10446 0 800001fe 004a2703 r 0e         00000052  lw       x14, 0x4(x20)
#10447 0 80000202     43cc r 0b         f0040008  c.lw     x11, 0x4(x15)
#10448 0 80000204     4390 r 0c         00000001  c.lw     x12, 0x0(x15)
#10449 0 80000206     16fd r 0d         00000001  c.addi   x13, -0x1
#10450 0 80000208     c04c m ffffffd4   f0040008  c.sw     x11, 0x4(x8)
#10451 0 8000020a 0049a583 r 0b         f0040028  lw       x11, 0x4(x19)
#10452 0 8000020e     c014 m ffffffd0   00000001  c.sw     x13, 0x0(x8)
#10453 0 80000210 0009a683 r 0d         00000002  lw       x13, 0x0(x19)
#10454 0 80000214     c3cc m f0040034   f0040028  c.sw     x11, 0x4(x15)
#10455 0 80000216 00f9a223 m ffffffcc   f0040030  sw       x15, 0x4(x19)
#10456 0 8000021a     c390 m f0040030   00000001  c.sw     x12, 0x0(x15)
#10457 0 8000021c     40f2 r 01         800001de  c.lwsp   x1, 0x1c
#10458 0 8000021e     4462 r 08         ffffffc8  c.lwsp   x8, 0x18
#10459 0 80000220 00168793 r 0f         00000003  addi     x15, x13, 0x1
#10460 0 80000224 00f9a023 m ffffffc8   00000003  sw       x15, 0x0(x19)
#10461 0 80000228 00170793 r 0f         00000053  addi     x15, x14, 0x1
#10462 0 8000022c 00fa2223 m ffffffc4   00000053  sw       x15, 0x4(x20)
#10463 0 80000230     44d2 r 09         00000002  c.lwsp   x9, 0x14
#10464 0 80000232     4942 r 12         ffffffd8  c.lwsp   x18, 0x10
#10465 0 80000234     49b2 r 13         ffffffd0  c.lwsp   x19, 0xc
#10466 0 80000236     4a22 r 14         ffffffc0  c.lwsp   x20, 0x8
#10467 0 80000238     6105 r 02         ffffff60  c.addi16sp 0x2
#10468 0 8000023a     8082 r 00         00000000  c.jr     x1
#10469 0 800001de     874e r 0e         ffffffd0  c.mv     x14, x19
#10470 0 800001e0     86a2 r 0d         ffffffc8  c.mv     x13, x8
#10471 0 800001e2     864a r 0c         ffffffd8  c.mv     x12, x18
#10472 0 800001e4     4585 r 0b         00000001  c.li     x11, 0x1
#10473 0 800001e6     8552 r 0a         ffffffc0  c.mv     x10, x20
#10474 0 800001e8     37e9 r 01         800001ea  c.jal    . - 0x36
#10475 0 800001b2     1101 r 02         ffffff40  c.addi   x2, -0x20
#10476 0 800001b4     cc22 m ffffff58   ffffffc8  c.swsp   x8, 0x18
#10477 0 800001b6     ca26 m ffffff54   00000002  c.swsp   x9, 0x14
#10478 0 800001b8     c84a m ffffff50   ffffffd8  c.swsp   x18, 0x10
#10479 0 800001ba     c64e m ffffff4c   ffffffd0  c.swsp   x19, 0xc
#10480 0 800001bc     c452 m ffffff48   ffffffc0  c.swsp   x20, 0x8
#10481 0 800001be     ce06 m ffffff5c   800001ea  c.swsp   x1, 0x1c
#10482 0 800001c0     4785 r 0f         00000001  c.li     x15, 0x1
#10483 0 800001c2     8a2a r 14         ffffffc0  c.mv     x20, x10
#10484 0 800001c4     8932 r 12         ffffffd8  c.mv     x18, x12
#10485 0 800001c6     89ba r 13         ffffffd0  c.mv     x19, x14
#10486 0 800001c8     84ae r 09         00000001  c.mv     x9, x11
#10487 0 800001ca     8436 r 08         ffffffc8  c.mv     x8, x13
#10488 0 800001cc 02f58663 r 00         00000000  beq      x11, x15, . + 0x2c
#10489 0 800001f8     8432 r 08         ffffffd8  c.mv     x8, x12
#10490 0 800001fa     405c r 0f         f0040020  c.lw     x15, 0x4(x8)
#10491 0 800001fc     4014 r 0d         00000003  c.lw     x13, 0x0(x8)
#10492 0 800001fe 004a2703 r 0e         00000053  lw       x14, 0x4(x20)
#10493 0 80000202     43cc r 0b         f0040018  c.lw     x11, 0x4(x15)
#10494 0 80000204     4390 r 0c         00000003  c.lw     x12, 0x0(x15)
#10495 0 80000206     16fd r 0d         00000002  c.addi   x13, -0x1
#10496 0 80000208     c04c m ffffffdc   f0040018  c.sw     x11, 0x4(x8)
#10497 0 8000020a 0049a583 r 0b         f0040008  lw       x11, 0x4(x19)
#10498 0 8000020e     c014 m ffffffd8   00000002  c.sw     x13, 0x0(x8)
#10499 0 80000210 0009a683 r 0d         00000001  lw       x13, 0x0(x19)
#10500 0 80000214     c3cc m f0040024   f0040008  c.sw     x11, 0x4(x15)
#10501 0 80000216 00f9a223 m ffffffd4   f0040020  sw       x15, 0x4(x19)
#10502 0 8000021a     c390 m f0040020   00000003  c.sw     x12, 0x0(x15)
#10503 0 8000021c     40f2 r 01         800001ea  c.lwsp   x1, 0x1c
#10504 0 8000021e     4462 r 08         ffffffc8  c.lwsp   x8, 0x18
#10505 0 80000220 00168793 r 0f         00000002  addi     x15, x13, 0x1
#10506 0 80000224 00f9a023 m ffffffd0   00000002  sw       x15, 0x0(x19)
#10507 0 80000228 00170793 r 0f         00000054  addi     x15, x14, 0x1
#10508 0 8000022c 00fa2223 m ffffffc4   00000054  sw       x15, 0x4(x20)
#10509 0 80000230     44d2 r 09         00000002  c.lwsp   x9, 0x14
#10510 0 80000232     4942 r 12         ffffffd8  c.lwsp   x18, 0x10
#10511 0 80000234     49b2 r 13         ffffffd0  c.lwsp   x19, 0xc
#10512 0 80000236     4a22 r 14         ffffffc0  c.lwsp   x20, 0x8
#10513 0 80000238     6105 r 02         ffffff60  c.addi16sp 0x2
#10514 0 8000023a     8082 r 00         00000000  c.jr     x1
#10515 0 800001ea     4785 r 0f         00000001  c.li     x15, 0x1
#10516 0 800001ec     874a r 0e         ffffffd8  c.mv     x14, x18
#10517 0 800001ee 00f48663 r 00         00000000  beq      x9, x15, . + 0xc
#10518 0 800001f2     8922 r 12         ffffffc8  c.mv     x18, x8
#10519 0 800001f4     843a r 08         ffffffd8  c.mv     x8, x14
#10520 0 800001f6     bfe9 r 00         00000000  c.j      . - 0x26
#10521 0 800001d0     14fd r 09         00000001  c.addi   x9, -0x1
#10522 0 800001d2     85a6 r 0b         00000001  c.mv     x11, x9
#10523 0 800001d4     8552 r 0a         ffffffc0  c.mv     x10, x20
#10524 0 800001d6     8722 r 0e         ffffffd8  c.mv     x14, x8
#10525 0 800001d8     86ce r 0d         ffffffd0  c.mv     x13, x19
#10526 0 800001da     864a r 0c         ffffffc8  c.mv     x12, x18
#10527 0 800001dc     3fd9 r 01         800001de  c.jal    . - 0x2a
#10528 0 800001b2     1101 r 02         ffffff40  c.addi   x2, -0x20
#10529 0 800001b4     cc22 m ffffff58   ffffffd8  c.swsp   x8, 0x18
#10530 0 800001b6     ca26 m ffffff54   00000001  c.swsp   x9, 0x14
#10531 0 800001b8     c84a m ffffff50   ffffffc8  c.swsp   x18, 0x10
#10532 0 800001ba     c64e m ffffff4c   ffffffd0  c.swsp   x19, 0xc
#10533 0 800001bc     c452 m ffffff48   ffffffc0  c.swsp   x20, 0x8
#10534 0 800001be     ce06 m ffffff5c   800001de  c.swsp   x1, 0x1c
#10535 0 800001c0     4785 r 0f         00000001  c.li     x15, 0x1
#10536 0 800001c2     8a2a r 14         ffffffc0  c.mv     x20, x10
#10537 0 800001c4     8932 r 12         ffffffc8  c.mv     x18, x12
#10538 0 800001c6     89ba r 13         ffffffd8  c.mv     x19, x14
#10539 0 800001c8     84ae r 09         00000001  c.mv     x9, x11
#10540 0 800001ca     8436 r 08         ffffffd0  c.mv     x8, x13
#10541 0 800001cc 02f58663 r 00         00000000  beq      x11, x15, . + 0x2c
#10542 0 800001f8     8432 r 08         ffffffc8  c.mv     x8, x12
#10543 0 800001fa     405c r 0f         f0040030  c.lw     x15, 0x4(x8)
#10544 0 800001fc     4014 r 0d         00000003  c.lw     x13, 0x0(x8)
#10545 0 800001fe 004a2703 r 0e         00000054  lw       x14, 0x4(x20)
#10546 0 80000202     43cc r 0b         f0040028  c.lw     x11, 0x4(x15)
#10547 0 80000204     4390 r 0c         00000001  c.lw     x12, 0x0(x15)
#10548 0 80000206     16fd r 0d         00000002  c.addi   x13, -0x1
#10549 0 80000208     c04c m ffffffcc   f0040028  c.sw     x11, 0x4(x8)
#10550 0 8000020a 0049a583 r 0b         f0040018  lw       x11, 0x4(x19)
#10551 0 8000020e     c014 m ffffffc8   00000002  c.sw     x13, 0x0(x8)
#10552 0 80000210 0009a683 r 0d         00000002  lw       x13, 0x0(x19)
#10553 0 80000214     c3cc m f0040034   f0040018  c.sw     x11, 0x4(x15)
#10554 0 80000216 00f9a223 m ffffffdc   f0040030  sw       x15, 0x4(x19)
#10555 0 8000021a     c390 m f0040030   00000001  c.sw     x12, 0x0(x15)
#10556 0 8000021c     40f2 r 01         800001de  c.lwsp   x1, 0x1c
#10557 0 8000021e     4462 r 08         ffffffd8  c.lwsp   x8, 0x18
#10558 0 80000220 00168793 r 0f         00000003  addi     x15, x13, 0x1
#10559 0 80000224 00f9a023 m ffffffd8   00000003  sw       x15, 0x0(x19)
#10560 0 80000228 00170793 r 0f         00000055  addi     x15, x14, 0x1
#10561 0 8000022c 00fa2223 m ffffffc4   00000055  sw       x15, 0x4(x20)
#10562 0 80000230     44d2 r 09         00000001  c.lwsp   x9, 0x14
#10563 0 80000232     4942 r 12         ffffffc8  c.lwsp   x18, 0x10
#10564 0 80000234     49b2 r 13         ffffffd0  c.lwsp   x19, 0xc
#10565 0 80000236     4a22 r 14         ffffffc0  c.lwsp   x20, 0x8
#10566 0 80000238     6105 r 02         ffffff60  c.addi16sp 0x2
#10567 0 8000023a     8082 r 00         00000000  c.jr     x1
#10568 0 800001de     874e r 0e         ffffffd0  c.mv     x14, x19
#10569 0 800001e0     86a2 r 0d         ffffffd8  c.mv     x13, x8
#10570 0 800001e2     864a r 0c         ffffffc8  c.mv     x12, x18
#10571 0 800001e4     4585 r 0b         00000001  c.li     x11, 0x1
#10572 0 800001e6     8552 r 0a         ffffffc0  c.mv     x10, x20
#10573 0 800001e8     37e9 r 01         800001ea  c.jal    . - 0x36
#10574 0 800001b2     1101 r 02         ffffff40  c.addi   x2, -0x20
#10575 0 800001b4     cc22 m ffffff58   ffffffd8  c.swsp   x8, 0x18
#10576 0 800001b6     ca26 m ffffff54   00000001  c.swsp   x9, 0x14
#10577 0 800001b8     c84a m ffffff50   ffffffc8  c.swsp   x18, 0x10
#10578 0 800001ba     c64e m ffffff4c   ffffffd0  c.swsp   x19, 0xc
#10579 0 800001bc     c452 m ffffff48   ffffffc0  c.swsp   x20, 0x8
#10580 0 800001be     ce06 m ffffff5c   800001ea  c.swsp   x1, 0x1c
#10581 0 800001c0     4785 r 0f         00000001  c.li     x15, 0x1
#10582 0 800001c2     8a2a r 14         ffffffc0  c.mv     x20, x10
#10583 0 800001c4     8932 r 12         ffffffc8  c.mv     x18, x12
#10584 0 800001c6     89ba r 13         ffffffd0  c.mv     x19, x14
#10585 0 800001c8     84ae r 09         00000001  c.mv     x9, x11
#10586 0 800001ca     8436 r 08         ffffffd8  c.mv     x8, x13
#10587 0 800001cc 02f58663 r 00         00000000  beq      x11, x15, . + 0x2c
#10588 0 800001f8     8432 r 08         ffffffc8  c.mv     x8, x12
#10589 0 800001fa     405c r 0f         f0040028  c.lw     x15, 0x4(x8)
#10590 0 800001fc     4014 r 0d         00000002  c.lw     x13, 0x0(x8)
#10591 0 800001fe 004a2703 r 0e         00000055  lw       x14, 0x4(x20)
#10592 0 80000202     43cc r 0b         f0040010  c.lw     x11, 0x4(x15)
#10593 0 80000204     4390 r 0c         00000002  c.lw     x12, 0x0(x15)
#10594 0 80000206     16fd r 0d         00000001  c.addi   x13, -0x1
#10595 0 80000208     c04c m ffffffcc   f0040010  c.sw     x11, 0x4(x8)
#10596 0 8000020a 0049a583 r 0b         f0040020  lw       x11, 0x4(x19)
#10597 0 8000020e     c014 m ffffffc8   00000001  c.sw     x13, 0x0(x8)
#10598 0 80000210 0009a683 r 0d         00000002  lw       x13, 0x0(x19)
#10599 0 80000214     c3cc m f004002c   f0040020  c.sw     x11, 0x4(x15)
#10600 0 80000216 00f9a223 m ffffffd4   f0040028  sw       x15, 0x4(x19)
#10601 0 8000021a     c390 m f0040028   00000002  c.sw     x12, 0x0(x15)
#10602 0 8000021c     40f2 r 01         800001ea  c.lwsp   x1, 0x1c
#10603 0 8000021e     4462 r 08         ffffffd8  c.lwsp   x8, 0x18
#10604 0 80000220 00168793 r 0f         00000003  addi     x15, x13, 0x1
#10605 0 80000224 00f9a023 m ffffffd0   00000003  sw       x15, 0x0(x19)
#10606 0 80000228 00170793 r 0f         00000056  addi     x15, x14, 0x1
#10607 0 8000022c 00fa2223 m ffffffc4   00000056  sw       x15, 0x4(x20)
#10608 0 80000230     44d2 r 09         00000001  c.lwsp   x9, 0x14
#10609 0 80000232     4942 r 12         ffffffc8  c.lwsp   x18, 0x10
#10610 0 80000234     49b2 r 13         ffffffd0  c.lwsp   x19, 0xc
#10611 0 80000236     4a22 r 14         ffffffc0  c.lwsp   x20, 0x8
#10612 0 80000238     6105 r 02         ffffff60  c.addi16sp 0x2
#10613 0 8000023a     8082 r 00         00000000  c.jr     x1
#10614 0 800001ea     4785 r 0f         00000001  c.li     x15, 0x1
#10615 0 800001ec     874a r 0e         ffffffc8  c.mv     x14, x18
#10616 0 800001ee 00f48663 r 00         00000000  beq      x9, x15, . + 0xc
#10617 0 800001fa     405c r 0f         f0040030  c.lw     x15, 0x4(x8)
#10618 0 800001fc     4014 r 0d         00000003  c.lw     x13, 0x0(x8)
#10619 0 800001fe 004a2703 r 0e         00000056  lw       x14, 0x4(x20)
#10620 0 80000202     43cc r 0b         f0040018  c.lw     x11, 0x4(x15)
#10621 0 80000204     4390 r 0c         00000001  c.lw     x12, 0x0(x15)
#10622 0 80000206     16fd r 0d         00000002  c.addi   x13, -0x1
#10623 0 80000208     c04c m ffffffdc   f0040018  c.sw     x11, 0x4(x8)
#10624 0 8000020a 0049a583 r 0b         f0040028  lw       x11, 0x4(x19)
#10625 0 8000020e     c014 m ffffffd8   00000002  c.sw     x13, 0x0(x8)
#10626 0 80000210 0009a683 r 0d         00000003  lw       x13, 0x0(x19)
#10627 0 80000214     c3cc m f0040034   f0040028  c.sw     x11, 0x4(x15)
#10628 0 80000216 00f9a223 m ffffffd4   f0040030  sw       x15, 0x4(x19)
#10629 0 8000021a     c390 m f0040030   00000001  c.sw     x12, 0x0(x15)
#10630 0 8000021c     40f2 r 01         800001de  c.lwsp   x1, 0x1c
#10631 0 8000021e     4462 r 08         ffffffd0  c.lwsp   x8, 0x18
#10632 0 80000220 00168793 r 0f         00000004  addi     x15, x13, 0x1
#10633 0 80000224 00f9a023 m ffffffd0   00000004  sw       x15, 0x0(x19)
#10634 0 80000228 00170793 r 0f         00000057  addi     x15, x14, 0x1
#10635 0 8000022c 00fa2223 m ffffffc4   00000057  sw       x15, 0x4(x20)
#10636 0 80000230     44d2 r 09         00000003  c.lwsp   x9, 0x14
#10637 0 80000232     4942 r 12         ffffffd8  c.lwsp   x18, 0x10
#10638 0 80000234     49b2 r 13         ffffffc8  c.lwsp   x19, 0xc
#10639 0 80000236     4a22 r 14         ffffffc0  c.lwsp   x20, 0x8
#10640 0 80000238     6105 r 02         ffffff80  c.addi16sp 0x2
#10641 0 8000023a     8082 r 00         00000000  c.jr     x1
#10642 0 800001de     874e r 0e         ffffffc8  c.mv     x14, x19
#10643 0 800001e0     86a2 r 0d         ffffffd0  c.mv     x13, x8
#10644 0 800001e2     864a r 0c         ffffffd8  c.mv     x12, x18
#10645 0 800001e4     4585 r 0b         00000001  c.li     x11, 0x1
#10646 0 800001e6     8552 r 0a         ffffffc0  c.mv     x10, x20
#10647 0 800001e8     37e9 r 01         800001ea  c.jal    . - 0x36
#10648 0 800001b2     1101 r 02         ffffff60  c.addi   x2, -0x20
#10649 0 800001b4     cc22 m ffffff78   ffffffd0  c.swsp   x8, 0x18
#10650 0 800001b6     ca26 m ffffff74   00000003  c.swsp   x9, 0x14
#10651 0 800001b8     c84a m ffffff70   ffffffd8  c.swsp   x18, 0x10
#10652 0 800001ba     c64e m ffffff6c   ffffffc8  c.swsp   x19, 0xc
#10653 0 800001bc     c452 m ffffff68   ffffffc0  c.swsp   x20, 0x8
#10654 0 800001be     ce06 m ffffff7c   800001ea  c.swsp   x1, 0x1c
#10655 0 800001c0     4785 r 0f         00000001  c.li     x15, 0x1
#10656 0 800001c2     8a2a r 14         ffffffc0  c.mv     x20, x10
#10657 0 800001c4     8932 r 12         ffffffd8  c.mv     x18, x12
#10658 0 800001c6     89ba r 13         ffffffc8  c.mv     x19, x14
#10659 0 800001c8     84ae r 09         00000001  c.mv     x9, x11
#10660 0 800001ca     8436 r 08         ffffffd0  c.mv     x8, x13
#10661 0 800001cc 02f58663 r 00         00000000  beq      x11, x15, . + 0x2c
#10662 0 800001f8     8432 r 08         ffffffd8  c.mv     x8, x12
#10663 0 800001fa     405c r 0f         f0040018  c.lw     x15, 0x4(x8)
#10664 0 800001fc     4014 r 0d         00000002  c.lw     x13, 0x0(x8)
#10665 0 800001fe 004a2703 r 0e         00000057  lw       x14, 0x4(x20)
#10666 0 80000202     43cc r 0b         f0040000  c.lw     x11, 0x4(x15)
#10667 0 80000204     4390 r 0c         00000004  c.lw     x12, 0x0(x15)
#10668 0 80000206     16fd r 0d         00000001  c.addi   x13, -0x1
#10669 0 80000208     c04c m ffffffdc   f0040000  c.sw     x11, 0x4(x8)
#10670 0 8000020a 0049a583 r 0b         f0040010  lw       x11, 0x4(x19)
#10671 0 8000020e     c014 m ffffffd8   00000001  c.sw     x13, 0x0(x8)
#10672 0 80000210 0009a683 r 0d         00000001  lw       x13, 0x0(x19)
#10673 0 80000214     c3cc m f004001c   f0040010  c.sw     x11, 0x4(x15)
#10674 0 80000216 00f9a223 m ffffffcc   f0040018  sw       x15, 0x4(x19)
#10675 0 8000021a     c390 m f0040018   00000004  c.sw     x12, 0x0(x15)
#10676 0 8000021c     40f2 r 01         800001ea  c.lwsp   x1, 0x1c
#10677 0 8000021e     4462 r 08         ffffffd0  c.lwsp   x8, 0x18
#10678 0 80000220 00168793 r 0f         00000002  addi     x15, x13, 0x1
#10679 0 80000224 00f9a023 m ffffffc8   00000002  sw       x15, 0x0(x19)
#10680 0 80000228 00170793 r 0f         00000058  addi     x15, x14, 0x1
#10681 0 8000022c 00fa2223 m ffffffc4   00000058  sw       x15, 0x4(x20)
#10682 0 80000230     44d2 r 09         00000003  c.lwsp   x9, 0x14
#10683 0 80000232     4942 r 12         ffffffd8  c.lwsp   x18, 0x10
#10684 0 80000234     49b2 r 13         ffffffc8  c.lwsp   x19, 0xc
#10685 0 80000236     4a22 r 14         ffffffc0  c.lwsp   x20, 0x8
#10686 0 80000238     6105 r 02         ffffff80  c.addi16sp 0x2
#10687 0 8000023a     8082 r 00         00000000  c.jr     x1
#10688 0 800001ea     4785 r 0f         00000001  c.li     x15, 0x1
#10689 0 800001ec     874a r 0e         ffffffd8  c.mv     x14, x18
#10690 0 800001ee 00f48663 r 00         00000000  beq      x9, x15, . + 0xc
#10691 0 800001f2     8922 r 12         ffffffd0  c.mv     x18, x8
#10692 0 800001f4     843a r 08         ffffffd8  c.mv     x8, x14
#10693 0 800001f6     bfe9 r 00         00000000  c.j      . - 0x26
#10694 0 800001d0     14fd r 09         00000002  c.addi   x9, -0x1
#10695 0 800001d2     85a6 r 0b         00000002  c.mv     x11, x9
#10696 0 800001d4     8552 r 0a         ffffffc0  c.mv     x10, x20
#10697 0 800001d6     8722 r 0e         ffffffd8  c.mv     x14, x8
#10698 0 800001d8     86ce r 0d         ffffffc8  c.mv     x13, x19
#10699 0 800001da     864a r 0c         ffffffd0  c.mv     x12, x18
#10700 0 800001dc     3fd9 r 01         800001de  c.jal    . - 0x2a
#10701 0 800001b2     1101 r 02         ffffff60  c.addi   x2, -0x20
#10702 0 800001b4     cc22 m ffffff78   ffffffd8  c.swsp   x8, 0x18
#10703 0 800001b6     ca26 m ffffff74   00000002  c.swsp   x9, 0x14
#10704 0 800001b8     c84a m ffffff70   ffffffd0  c.swsp   x18, 0x10
#10705 0 800001ba     c64e m ffffff6c   ffffffc8  c.swsp   x19, 0xc
#10706 0 800001bc     c452 m ffffff68   ffffffc0  c.swsp   x20, 0x8
#10707 0 800001be     ce06 m ffffff7c   800001de  c.swsp   x1, 0x1c
#10708 0 800001c0     4785 r 0f         00000001  c.li     x15, 0x1
#10709 0 800001c2     8a2a r 14         ffffffc0  c.mv     x20, x10
#10710 0 800001c4     8932 r 12         ffffffd0  c.mv     x18, x12
#10711 0 800001c6     89ba r 13         ffffffd8  c.mv     x19, x14
#10712 0 800001c8     84ae r 09         00000002  c.mv     x9, x11
#10713 0 800001ca     8436 r 08         ffffffc8  c.mv     x8, x13
#10714 0 800001cc 02f58663 r 00         00000000  beq      x11, x15, . + 0x2c
#10715 0 800001d0     14fd r 09         00000001  c.addi   x9, -0x1
#10716 0 800001d2     85a6 r 0b         00000001  c.mv     x11, x9
#10717 0 800001d4     8552 r 0a         ffffffc0  c.mv     x10, x20
#10718 0 800001d6     8722 r 0e         ffffffc8  c.mv     x14, x8
#10719 0 800001d8     86ce r 0d         ffffffd8  c.mv     x13, x19
#10720 0 800001da     864a r 0c         ffffffd0  c.mv     x12, x18
#10721 0 800001dc     3fd9 r 01         800001de  c.jal    . - 0x2a
#10722 0 800001b2     1101 r 02         ffffff40  c.addi   x2, -0x20
#10723 0 800001b4     cc22 m ffffff58   ffffffc8  c.swsp   x8, 0x18
#10724 0 800001b6     ca26 m ffffff54   00000001  c.swsp   x9, 0x14
#10725 0 800001b8     c84a m ffffff50   ffffffd0  c.swsp   x18, 0x10
#10726 0 800001ba     c64e m ffffff4c   ffffffd8  c.swsp   x19, 0xc
#10727 0 800001bc     c452 m ffffff48   ffffffc0  c.swsp   x20, 0x8
#10728 0 800001be     ce06 m ffffff5c   800001de  c.swsp   x1, 0x1c
#10729 0 800001c0     4785 r 0f         00000001  c.li     x15, 0x1
#10730 0 800001c2     8a2a r 14         ffffffc0  c.mv     x20, x10
#10731 0 800001c4     8932 r 12         ffffffd0  c.mv     x18, x12
#10732 0 800001c6     89ba r 13         ffffffc8  c.mv     x19, x14
#10733 0 800001c8     84ae r 09         00000001  c.mv     x9, x11
#10734 0 800001ca     8436 r 08         ffffffd8  c.mv     x8, x13
#10735 0 800001cc 02f58663 r 00         00000000  beq      x11, x15, . + 0x2c
#10736 0 800001f8     8432 r 08         ffffffd0  c.mv     x8, x12
#10737 0 800001fa     405c r 0f         f0040030  c.lw     x15, 0x4(x8)
#10738 0 800001fc     4014 r 0d         00000004  c.lw     x13, 0x0(x8)
#10739 0 800001fe 004a2703 r 0e         00000058  lw       x14, 0x4(x20)
#10740 0 80000202     43cc r 0b         f0040028  c.lw     x11, 0x4(x15)
#10741 0 80000204     4390 r 0c         00000001  c.lw     x12, 0x0(x15)
#10742 0 80000206     16fd r 0d         00000003  c.addi   x13, -0x1
#10743 0 80000208     c04c m ffffffd4   f0040028  c.sw     x11, 0x4(x8)
#10744 0 8000020a 0049a583 r 0b         f0040018  lw       x11, 0x4(x19)
#10745 0 8000020e     c014 m ffffffd0   00000003  c.sw     x13, 0x0(x8)
#10746 0 80000210 0009a683 r 0d         00000002  lw       x13, 0x0(x19)
#10747 0 80000214     c3cc m f0040034   f0040018  c.sw     x11, 0x4(x15)
#10748 0 80000216 00f9a223 m ffffffcc   f0040030  sw       x15, 0x4(x19)
#10749 0 8000021a     c390 m f0040030   00000001  c.sw     x12, 0x0(x15)
#10750 0 8000021c     40f2 r 01         800001de  c.lwsp   x1, 0x1c
#10751 0 8000021e     4462 r 08         ffffffc8  c.lwsp   x8, 0x18
#10752 0 80000220 00168793 r 0f         00000003  addi     x15, x13, 0x1
#10753 0 80000224 00f9a023 m ffffffc8   00000003  sw       x15, 0x0(x19)
#10754 0 80000228 00170793 r 0f         00000059  addi     x15, x14, 0x1
#10755 0 8000022c 00fa2223 m ffffffc4   00000059  sw       x15, 0x4(x20)
#10756 0 80000230     44d2 r 09         00000001  c.lwsp   x9, 0x14
#10757 0 80000232     4942 r 12         ffffffd0  c.lwsp   x18, 0x10
#10758 0 80000234     49b2 r 13         ffffffd8  c.lwsp   x19, 0xc
#10759 0 80000236     4a22 r 14         ffffffc0  c.lwsp   x20, 0x8
#10760 0 80000238     6105 r 02         ffffff60  c.addi16sp 0x2
#10761 0 8000023a     8082 r 00         00000000  c.jr     x1
#10762 0 800001de     874e r 0e         ffffffd8  c.mv     x14, x19
#10763 0 800001e0     86a2 r 0d         ffffffc8  c.mv     x13, x8
#10764 0 800001e2     864a r 0c         ffffffd0  c.mv     x12, x18
#10765 0 800001e4     4585 r 0b         00000001  c.li     x11, 0x1
#10766 0 800001e6     8552 r 0a         ffffffc0  c.mv     x10, x20
#10767 0 800001e8     37e9 r 01         800001ea  c.jal    . - 0x36
#10768 0 800001b2     1101 r 02         ffffff40  c.addi   x2, -0x20
#10769 0 800001b4     cc22 m ffffff58   ffffffc8  c.swsp   x8, 0x18
#10770 0 800001b6     ca26 m ffffff54   00000001  c.swsp   x9, 0x14
#10771 0 800001b8     c84a m ffffff50   ffffffd0  c.swsp   x18, 0x10
#10772 0 800001ba     c64e m ffffff4c   ffffffd8  c.swsp   x19, 0xc
#10773 0 800001bc     c452 m ffffff48   ffffffc0  c.swsp   x20, 0x8
#10774 0 800001be     ce06 m ffffff5c   800001ea  c.swsp   x1, 0x1c
#10775 0 800001c0     4785 r 0f         00000001  c.li     x15, 0x1
#10776 0 800001c2     8a2a r 14         ffffffc0  c.mv     x20, x10
#10777 0 800001c4     8932 r 12         ffffffd0  c.mv     x18, x12
#10778 0 800001c6     89ba r 13         ffffffd8  c.mv     x19, x14
#10779 0 800001c8     84ae r 09         00000001  c.mv     x9, x11
#10780 0 800001ca     8436 r 08         ffffffc8  c.mv     x8, x13
#10781 0 800001cc 02f58663 r 00         00000000  beq      x11, x15, . + 0x2c
#10782 0 800001f8     8432 r 08         ffffffd0  c.mv     x8, x12
#10783 0 800001fa     405c r 0f         f0040028  c.lw     x15, 0x4(x8)
#10784 0 800001fc     4014 r 0d         00000003  c.lw     x13, 0x0(x8)
#10785 0 800001fe 004a2703 r 0e         00000059  lw       x14, 0x4(x20)
#10786 0 80000202     43cc r 0b         f0040020  c.lw     x11, 0x4(x15)
#10787 0 80000204     4390 r 0c         00000002  c.lw     x12, 0x0(x15)
#10788 0 80000206     16fd r 0d         00000002  c.addi   x13, -0x1
#10789 0 80000208     c04c m ffffffd4   f0040020  c.sw     x11, 0x4(x8)
#10790 0 8000020a 0049a583 r 0b         f0040000  lw       x11, 0x4(x19)
#10791 0 8000020e     c014 m ffffffd0   00000002  c.sw     x13, 0x0(x8)
#10792 0 80000210 0009a683 r 0d         00000001  lw       x13, 0x0(x19)
#10793 0 80000214     c3cc m f004002c   f0040000  c.sw     x11, 0x4(x15)
#10794 0 80000216 00f9a223 m ffffffdc   f0040028  sw       x15, 0x4(x19)
#10795 0 8000021a     c390 m f0040028   00000002  c.sw     x12, 0x0(x15)
#10796 0 8000021c     40f2 r 01         800001ea  c.lwsp   x1, 0x1c
#10797 0 8000021e     4462 r 08         ffffffc8  c.lwsp   x8, 0x18
#10798 0 80000220 00168793 r 0f         00000002  addi     x15, x13, 0x1
#10799 0 80000224 00f9a023 m ffffffd8   00000002  sw       x15, 0x0(x19)
#10800 0 80000228 00170793 r 0f         0000005a  addi     x15, x14, 0x1
#10801 0 8000022c 00fa2223 m ffffffc4   0000005a  sw       x15, 0x4(x20)
#10802 0 80000230     44d2 r 09         00000001  c.lwsp   x9, 0x14
#10803 0 80000232     4942 r 12         ffffffd0  c.lwsp   x18, 0x10
#10804 0 80000234     49b2 r 13         ffffffd8  c.lwsp   x19, 0xc
#10805 0 80000236     4a22 r 14         ffffffc0  c.lwsp   x20, 0x8
#10806 0 80000238     6105 r 02         ffffff60  c.addi16sp 0x2
#10807 0 8000023a     8082 r 00         00000000  c.jr     x1
#10808 0 800001ea     4785 r 0f         00000001  c.li     x15, 0x1
#10809 0 800001ec     874a r 0e         ffffffd0  c.mv     x14, x18
#10810 0 800001ee 00f48663 r 00         00000000  beq      x9, x15, . + 0xc
#10811 0 800001fa     405c r 0f         f0040030  c.lw     x15, 0x4(x8)
#10812 0 800001fc     4014 r 0d         00000003  c.lw     x13, 0x0(x8)
#10813 0 800001fe 004a2703 r 0e         0000005a  lw       x14, 0x4(x20)
#10814 0 80000202     43cc r 0b         f0040018  c.lw     x11, 0x4(x15)
#10815 0 80000204     4390 r 0c         00000001  c.lw     x12, 0x0(x15)
#10816 0 80000206     16fd r 0d         00000002  c.addi   x13, -0x1
#10817 0 80000208     c04c m ffffffcc   f0040018  c.sw     x11, 0x4(x8)
#10818 0 8000020a 0049a583 r 0b         f0040028  lw       x11, 0x4(x19)
#10819 0 8000020e     c014 m ffffffc8   00000002  c.sw     x13, 0x0(x8)
#10820 0 80000210 0009a683 r 0d         00000002  lw       x13, 0x0(x19)
#10821 0 80000214     c3cc m f0040034   f0040028  c.sw     x11, 0x4(x15)
#10822 0 80000216 00f9a223 m ffffffdc   f0040030  sw       x15, 0x4(x19)
#10823 0 8000021a     c390 m f0040030   00000001  c.sw     x12, 0x0(x15)
#10824 0 8000021c     40f2 r 01         800001de  c.lwsp   x1, 0x1c
#10825 0 8000021e     4462 r 08         ffffffd8  c.lwsp   x8, 0x18
#10826 0 80000220 00168793 r 0f         00000003  addi     x15, x13, 0x1
#10827 0 80000224 00f9a023 m ffffffd8   00000003  sw       x15, 0x0(x19)
#10828 0 80000228 00170793 r 0f         0000005b  addi     x15, x14, 0x1
#10829 0 8000022c 00fa2223 m ffffffc4   0000005b  sw       x15, 0x4(x20)
#10830 0 80000230     44d2 r 09         00000002  c.lwsp   x9, 0x14
#10831 0 80000232     4942 r 12         ffffffd0  c.lwsp   x18, 0x10
#10832 0 80000234     49b2 r 13         ffffffc8  c.lwsp   x19, 0xc
#10833 0 80000236     4a22 r 14         ffffffc0  c.lwsp   x20, 0x8
#10834 0 80000238     6105 r 02         ffffff80  c.addi16sp 0x2
#10835 0 8000023a     8082 r 00         00000000  c.jr     x1
#10836 0 800001de     874e r 0e         ffffffc8  c.mv     x14, x19
#10837 0 800001e0     86a2 r 0d         ffffffd8  c.mv     x13, x8
#10838 0 800001e2     864a r 0c         ffffffd0  c.mv     x12, x18
#10839 0 800001e4     4585 r 0b         00000001  c.li     x11, 0x1
#10840 0 800001e6     8552 r 0a         ffffffc0  c.mv     x10, x20
#10841 0 800001e8     37e9 r 01         800001ea  c.jal    . - 0x36
#10842 0 800001b2     1101 r 02         ffffff60  c.addi   x2, -0x20
#10843 0 800001b4     cc22 m ffffff78   ffffffd8  c.swsp   x8, 0x18
#10844 0 800001b6     ca26 m ffffff74   00000002  c.swsp   x9, 0x14
#10845 0 800001b8     c84a m ffffff70   ffffffd0  c.swsp   x18, 0x10
#10846 0 800001ba     c64e m ffffff6c   ffffffc8  c.swsp   x19, 0xc
#10847 0 800001bc     c452 m ffffff68   ffffffc0  c.swsp   x20, 0x8
#10848 0 800001be     ce06 m ffffff7c   800001ea  c.swsp   x1, 0x1c
#10849 0 800001c0     4785 r 0f         00000001  c.li     x15, 0x1
#10850 0 800001c2     8a2a r 14         ffffffc0  c.mv     x20, x10
#10851 0 800001c4     8932 r 12         ffffffd0  c.mv     x18, x12
#10852 0 800001c6     89ba r 13         ffffffc8  c.mv     x19, x14
#10853 0 800001c8     84ae r 09         00000001  c.mv     x9, x11
#10854 0 800001ca     8436 r 08         ffffffd8  c.mv     x8, x13
#10855 0 800001cc 02f58663 r 00         00000000  beq      x11, x15, . + 0x2c
#10856 0 800001f8     8432 r 08         ffffffd0  c.mv     x8, x12
#10857 0 800001fa     405c r 0f         f0040020  c.lw     x15, 0x4(x8)
#10858 0 800001fc     4014 r 0d         00000002  c.lw     x13, 0x0(x8)
#10859 0 800001fe 004a2703 r 0e         0000005b  lw       x14, 0x4(x20)
#10860 0 80000202     43cc r 0b         f0040008  c.lw     x11, 0x4(x15)
#10861 0 80000204     4390 r 0c         00000003  c.lw     x12, 0x0(x15)
#10862 0 80000206     16fd r 0d         00000001  c.addi   x13, -0x1
#10863 0 80000208     c04c m ffffffd4   f0040008  c.sw     x11, 0x4(x8)
#10864 0 8000020a 0049a583 r 0b         f0040018  lw       x11, 0x4(x19)
#10865 0 8000020e     c014 m ffffffd0   00000001  c.sw     x13, 0x0(x8)
#10866 0 80000210 0009a683 r 0d         00000002  lw       x13, 0x0(x19)
#10867 0 80000214     c3cc m f0040024   f0040018  c.sw     x11, 0x4(x15)
#10868 0 80000216 00f9a223 m ffffffcc   f0040020  sw       x15, 0x4(x19)
#10869 0 8000021a     c390 m f0040020   00000003  c.sw     x12, 0x0(x15)
#10870 0 8000021c     40f2 r 01         800001ea  c.lwsp   x1, 0x1c
#10871 0 8000021e     4462 r 08         ffffffd8  c.lwsp   x8, 0x18
#10872 0 80000220 00168793 r 0f         00000003  addi     x15, x13, 0x1
#10873 0 80000224 00f9a023 m ffffffc8   00000003  sw       x15, 0x0(x19)
#10874 0 80000228 00170793 r 0f         0000005c  addi     x15, x14, 0x1
#10875 0 8000022c 00fa2223 m ffffffc4   0000005c  sw       x15, 0x4(x20)
#10876 0 80000230     44d2 r 09         00000002  c.lwsp   x9, 0x14
#10877 0 80000232     4942 r 12         ffffffd0  c.lwsp   x18, 0x10
#10878 0 80000234     49b2 r 13         ffffffc8  c.lwsp   x19, 0xc
#10879 0 80000236     4a22 r 14         ffffffc0  c.lwsp   x20, 0x8
#10880 0 80000238     6105 r 02         ffffff80  c.addi16sp 0x2
#10881 0 8000023a     8082 r 00         00000000  c.jr     x1
#10882 0 800001ea     4785 r 0f         00000001  c.li     x15, 0x1
#10883 0 800001ec     874a r 0e         ffffffd0  c.mv     x14, x18
#10884 0 800001ee 00f48663 r 00         00000000  beq      x9, x15, . + 0xc
#10885 0 800001f2     8922 r 12         ffffffd8  c.mv     x18, x8
#10886 0 800001f4     843a r 08         ffffffd0  c.mv     x8, x14
#10887 0 800001f6     bfe9 r 00         00000000  c.j      . - 0x26
#10888 0 800001d0     14fd r 09         00000001  c.addi   x9, -0x1
#10889 0 800001d2     85a6 r 0b         00000001  c.mv     x11, x9
#10890 0 800001d4     8552 r 0a         ffffffc0  c.mv     x10, x20
#10891 0 800001d6     8722 r 0e         ffffffd0  c.mv     x14, x8
#10892 0 800001d8     86ce r 0d         ffffffc8  c.mv     x13, x19
#10893 0 800001da     864a r 0c         ffffffd8  c.mv     x12, x18
#10894 0 800001dc     3fd9 r 01         800001de  c.jal    . - 0x2a
#10895 0 800001b2     1101 r 02         ffffff60  c.addi   x2, -0x20
#10896 0 800001b4     cc22 m ffffff78   ffffffd0  c.swsp   x8, 0x18
#10897 0 800001b6     ca26 m ffffff74   00000001  c.swsp   x9, 0x14
#10898 0 800001b8     c84a m ffffff70   ffffffd8  c.swsp   x18, 0x10
#10899 0 800001ba     c64e m ffffff6c   ffffffc8  c.swsp   x19, 0xc
#10900 0 800001bc     c452 m ffffff68   ffffffc0  c.swsp   x20, 0x8
#10901 0 800001be     ce06 m ffffff7c   800001de  c.swsp   x1, 0x1c
#10902 0 800001c0     4785 r 0f         00000001  c.li     x15, 0x1
#10903 0 800001c2     8a2a r 14         ffffffc0  c.mv     x20, x10
#10904 0 800001c4     8932 r 12         ffffffd8  c.mv     x18, x12
#10905 0 800001c6     89ba r 13         ffffffd0  c.mv     x19, x14
#10906 0 800001c8     84ae r 09         00000001  c.mv     x9, x11
#10907 0 800001ca     8436 r 08         ffffffc8  c.mv     x8, x13
#10908 0 800001cc 02f58663 r 00         00000000  beq      x11, x15, . + 0x2c
#10909 0 800001f8     8432 r 08         ffffffd8  c.mv     x8, x12
#10910 0 800001fa     405c r 0f         f0040030  c.lw     x15, 0x4(x8)
#10911 0 800001fc     4014 r 0d         00000003  c.lw     x13, 0x0(x8)
#10912 0 800001fe 004a2703 r 0e         0000005c  lw       x14, 0x4(x20)
#10913 0 80000202     43cc r 0b         f0040028  c.lw     x11, 0x4(x15)
#10914 0 80000204     4390 r 0c         00000001  c.lw     x12, 0x0(x15)
#10915 0 80000206     16fd r 0d         00000002  c.addi   x13, -0x1
#10916 0 80000208     c04c m ffffffdc   f0040028  c.sw     x11, 0x4(x8)
#10917 0 8000020a 0049a583 r 0b         f0040008  lw       x11, 0x4(x19)
#10918 0 8000020e     c014 m ffffffd8   00000002  c.sw     x13, 0x0(x8)
#10919 0 80000210 0009a683 r 0d         00000001  lw       x13, 0x0(x19)
#10920 0 80000214     c3cc m f0040034   f0040008  c.sw     x11, 0x4(x15)
#10921 0 80000216 00f9a223 m ffffffd4   f0040030  sw       x15, 0x4(x19)
#10922 0 8000021a     c390 m f0040030   00000001  c.sw     x12, 0x0(x15)
#10923 0 8000021c     40f2 r 01         800001de  c.lwsp   x1, 0x1c
#10924 0 8000021e     4462 r 08         ffffffd0  c.lwsp   x8, 0x18
#10925 0 80000220 00168793 r 0f         00000002  addi     x15, x13, 0x1
#10926 0 80000224 00f9a023 m ffffffd0   00000002  sw       x15, 0x0(x19)
#10927 0 80000228 00170793 r 0f         0000005d  addi     x15, x14, 0x1
#10928 0 8000022c 00fa2223 m ffffffc4   0000005d  sw       x15, 0x4(x20)
#10929 0 80000230     44d2 r 09         00000001  c.lwsp   x9, 0x14
#10930 0 80000232     4942 r 12         ffffffd8  c.lwsp   x18, 0x10
#10931 0 80000234     49b2 r 13         ffffffc8  c.lwsp   x19, 0xc
#10932 0 80000236     4a22 r 14         ffffffc0  c.lwsp   x20, 0x8
#10933 0 80000238     6105 r 02         ffffff80  c.addi16sp 0x2
#10934 0 8000023a     8082 r 00         00000000  c.jr     x1
#10935 0 800001de     874e r 0e         ffffffc8  c.mv     x14, x19
#10936 0 800001e0     86a2 r 0d         ffffffd0  c.mv     x13, x8
#10937 0 800001e2     864a r 0c         ffffffd8  c.mv     x12, x18
#10938 0 800001e4     4585 r 0b         00000001  c.li     x11, 0x1
#10939 0 800001e6     8552 r 0a         ffffffc0  c.mv     x10, x20
#10940 0 800001e8     37e9 r 01         800001ea  c.jal    . - 0x36
#10941 0 800001b2     1101 r 02         ffffff60  c.addi   x2, -0x20
#10942 0 800001b4     cc22 m ffffff78   ffffffd0  c.swsp   x8, 0x18
#10943 0 800001b6     ca26 m ffffff74   00000001  c.swsp   x9, 0x14
#10944 0 800001b8     c84a m ffffff70   ffffffd8  c.swsp   x18, 0x10
#10945 0 800001ba     c64e m ffffff6c   ffffffc8  c.swsp   x19, 0xc
#10946 0 800001bc     c452 m ffffff68   ffffffc0  c.swsp   x20, 0x8
#10947 0 800001be     ce06 m ffffff7c   800001ea  c.swsp   x1, 0x1c
#10948 0 800001c0     4785 r 0f         00000001  c.li     x15, 0x1
#10949 0 800001c2     8a2a r 14         ffffffc0  c.mv     x20, x10
#10950 0 800001c4     8932 r 12         ffffffd8  c.mv     x18, x12
#10951 0 800001c6     89ba r 13         ffffffc8  c.mv     x19, x14
#10952 0 800001c8     84ae r 09         00000001  c.mv     x9, x11
#10953 0 800001ca     8436 r 08         ffffffd0  c.mv     x8, x13
#10954 0 800001cc 02f58663 r 00         00000000  beq      x11, x15, . + 0x2c
#10955 0 800001f8     8432 r 08         ffffffd8  c.mv     x8, x12
#10956 0 800001fa     405c r 0f         f0040028  c.lw     x15, 0x4(x8)
#10957 0 800001fc     4014 r 0d         00000002  c.lw     x13, 0x0(x8)
#10958 0 800001fe 004a2703 r 0e         0000005d  lw       x14, 0x4(x20)
#10959 0 80000202     43cc r 0b         f0040000  c.lw     x11, 0x4(x15)
#10960 0 80000204     4390 r 0c         00000002  c.lw     x12, 0x0(x15)
#10961 0 80000206     16fd r 0d         00000001  c.addi   x13, -0x1
#10962 0 80000208     c04c m ffffffdc   f0040000  c.sw     x11, 0x4(x8)
#10963 0 8000020a 0049a583 r 0b         f0040020  lw       x11, 0x4(x19)
#10964 0 8000020e     c014 m ffffffd8   00000001  c.sw     x13, 0x0(x8)
#10965 0 80000210 0009a683 r 0d         00000003  lw       x13, 0x0(x19)
#10966 0 80000214     c3cc m f004002c   f0040020  c.sw     x11, 0x4(x15)
#10967 0 80000216 00f9a223 m ffffffcc   f0040028  sw       x15, 0x4(x19)
#10968 0 8000021a     c390 m f0040028   00000002  c.sw     x12, 0x0(x15)
#10969 0 8000021c     40f2 r 01         800001ea  c.lwsp   x1, 0x1c
#10970 0 8000021e     4462 r 08         ffffffd0  c.lwsp   x8, 0x18
#10971 0 80000220 00168793 r 0f         00000004  addi     x15, x13, 0x1
#10972 0 80000224 00f9a023 m ffffffc8   00000004  sw       x15, 0x0(x19)
#10973 0 80000228 00170793 r 0f         0000005e  addi     x15, x14, 0x1
#10974 0 8000022c 00fa2223 m ffffffc4   0000005e  sw       x15, 0x4(x20)
#10975 0 80000230     44d2 r 09         00000001  c.lwsp   x9, 0x14
#10976 0 80000232     4942 r 12         ffffffd8  c.lwsp   x18, 0x10
#10977 0 80000234     49b2 r 13         ffffffc8  c.lwsp   x19, 0xc
#10978 0 80000236     4a22 r 14         ffffffc0  c.lwsp   x20, 0x8
#10979 0 80000238     6105 r 02         ffffff80  c.addi16sp 0x2
#10980 0 8000023a     8082 r 00         00000000  c.jr     x1
#10981 0 800001ea     4785 r 0f         00000001  c.li     x15, 0x1
#10982 0 800001ec     874a r 0e         ffffffd8  c.mv     x14, x18
#10983 0 800001ee 00f48663 r 00         00000000  beq      x9, x15, . + 0xc
#10984 0 800001fa     405c r 0f         f0040030  c.lw     x15, 0x4(x8)
#10985 0 800001fc     4014 r 0d         00000002  c.lw     x13, 0x0(x8)
#10986 0 800001fe 004a2703 r 0e         0000005e  lw       x14, 0x4(x20)
#10987 0 80000202     43cc r 0b         f0040008  c.lw     x11, 0x4(x15)
#10988 0 80000204     4390 r 0c         00000001  c.lw     x12, 0x0(x15)
#10989 0 80000206     16fd r 0d         00000001  c.addi   x13, -0x1
#10990 0 80000208     c04c m ffffffd4   f0040008  c.sw     x11, 0x4(x8)
#10991 0 8000020a 0049a583 r 0b         f0040028  lw       x11, 0x4(x19)
#10992 0 8000020e     c014 m ffffffd0   00000001  c.sw     x13, 0x0(x8)
#10993 0 80000210 0009a683 r 0d         00000004  lw       x13, 0x0(x19)
#10994 0 80000214     c3cc m f0040034   f0040028  c.sw     x11, 0x4(x15)
#10995 0 80000216 00f9a223 m ffffffcc   f0040030  sw       x15, 0x4(x19)
#10996 0 8000021a     c390 m f0040030   00000001  c.sw     x12, 0x0(x15)
#10997 0 8000021c     40f2 r 01         800001de  c.lwsp   x1, 0x1c
#10998 0 8000021e     4462 r 08         ffffffc8  c.lwsp   x8, 0x18
#10999 0 80000220 00168793 r 0f         00000005  addi     x15, x13, 0x1
#11000 0 80000224 00f9a023 m ffffffc8   00000005  sw       x15, 0x0(x19)
#11001 0 80000228 00170793 r 0f         0000005f  addi     x15, x14, 0x1
#11002 0 8000022c 00fa2223 m ffffffc4   0000005f  sw       x15, 0x4(x20)
#11003 0 80000230     44d2 r 09         00000005  c.lwsp   x9, 0x14
#11004 0 80000232     4942 r 12         ffffffd0  c.lwsp   x18, 0x10
#11005 0 80000234     49b2 r 13         ffffffd8  c.lwsp   x19, 0xc
#11006 0 80000236     4a22 r 14         ffffffc0  c.lwsp   x20, 0x8
#11007 0 80000238     6105 r 02         ffffffa0  c.addi16sp 0x2
#11008 0 8000023a     8082 r 00         00000000  c.jr     x1
#11009 0 800001de     874e r 0e         ffffffd8  c.mv     x14, x19
#11010 0 800001e0     86a2 r 0d         ffffffc8  c.mv     x13, x8
#11011 0 800001e2     864a r 0c         ffffffd0  c.mv     x12, x18
#11012 0 800001e4     4585 r 0b         00000001  c.li     x11, 0x1
#11013 0 800001e6     8552 r 0a         ffffffc0  c.mv     x10, x20
#11014 0 800001e8     37e9 r 01         800001ea  c.jal    . - 0x36
#11015 0 800001b2     1101 r 02         ffffff80  c.addi   x2, -0x20
#11016 0 800001b4     cc22 m ffffff98   ffffffc8  c.swsp   x8, 0x18
#11017 0 800001b6     ca26 m ffffff94   00000005  c.swsp   x9, 0x14
#11018 0 800001b8     c84a m ffffff90   ffffffd0  c.swsp   x18, 0x10
#11019 0 800001ba     c64e m ffffff8c   ffffffd8  c.swsp   x19, 0xc
#11020 0 800001bc     c452 m ffffff88   ffffffc0  c.swsp   x20, 0x8
#11021 0 800001be     ce06 m ffffff9c   800001ea  c.swsp   x1, 0x1c
#11022 0 800001c0     4785 r 0f         00000001  c.li     x15, 0x1
#11023 0 800001c2     8a2a r 14         ffffffc0  c.mv     x20, x10
#11024 0 800001c4     8932 r 12         ffffffd0  c.mv     x18, x12
#11025 0 800001c6     89ba r 13         ffffffd8  c.mv     x19, x14
#11026 0 800001c8     84ae r 09         00000001  c.mv     x9, x11
#11027 0 800001ca     8436 r 08         ffffffc8  c.mv     x8, x13
#11028 0 800001cc 02f58663 r 00         00000000  beq      x11, x15, . + 0x2c
#11029 0 800001f8     8432 r 08         ffffffd0  c.mv     x8, x12
#11030 0 800001fa     405c r 0f         f0040008  c.lw     x15, 0x4(x8)
#11031 0 800001fc     4014 r 0d         00000001  c.lw     x13, 0x0(x8)
#11032 0 800001fe 004a2703 r 0e         0000005f  lw       x14, 0x4(x20)
#11033 0 80000202     43cc r 0b         00000000  c.lw     x11, 0x4(x15)
#11034 0 80000204     4390 r 0c         00000006  c.lw     x12, 0x0(x15)
#11035 0 80000206     16fd r 0d         00000000  c.addi   x13, -0x1
#11036 0 80000208     c04c m ffffffd4   00000000  c.sw     x11, 0x4(x8)
#11037 0 8000020a 0049a583 r 0b         f0040000  lw       x11, 0x4(x19)
#11038 0 8000020e     c014 m ffffffd0   00000000  c.sw     x13, 0x0(x8)
#11039 0 80000210 0009a683 r 0d         00000001  lw       x13, 0x0(x19)
#11040 0 80000214     c3cc m f004000c   f0040000  c.sw     x11, 0x4(x15)
#11041 0 80000216 00f9a223 m ffffffdc   f0040008  sw       x15, 0x4(x19)
#11042 0 8000021a     c390 m f0040008   00000006  c.sw     x12, 0x0(x15)
#11043 0 8000021c     40f2 r 01         800001ea  c.lwsp   x1, 0x1c
#11044 0 8000021e     4462 r 08         ffffffc8  c.lwsp   x8, 0x18
#11045 0 80000220 00168793 r 0f         00000002  addi     x15, x13, 0x1
#11046 0 80000224 00f9a023 m ffffffd8   00000002  sw       x15, 0x0(x19)
#11047 0 80000228 00170793 r 0f         00000060  addi     x15, x14, 0x1
#11048 0 8000022c 00fa2223 m ffffffc4   00000060  sw       x15, 0x4(x20)
#11049 0 80000230     44d2 r 09         00000005  c.lwsp   x9, 0x14
#11050 0 80000232     4942 r 12         ffffffd0  c.lwsp   x18, 0x10
#11051 0 80000234     49b2 r 13         ffffffd8  c.lwsp   x19, 0xc
#11052 0 80000236     4a22 r 14         ffffffc0  c.lwsp   x20, 0x8
#11053 0 80000238     6105 r 02         ffffffa0  c.addi16sp 0x2
#11054 0 8000023a     8082 r 00         00000000  c.jr     x1
#11055 0 800001ea     4785 r 0f         00000001  c.li     x15, 0x1
#11056 0 800001ec     874a r 0e         ffffffd0  c.mv     x14, x18
#11057 0 800001ee 00f48663 r 00         00000000  beq      x9, x15, . + 0xc
#11058 0 800001f2     8922 r 12         ffffffc8  c.mv     x18, x8
#11059 0 800001f4     843a r 08         ffffffd0  c.mv     x8, x14
#11060 0 800001f6     bfe9 r 00         00000000  c.j      . - 0x26
#11061 0 800001d0     14fd r 09         00000004  c.addi   x9, -0x1
#11062 0 800001d2     85a6 r 0b         00000004  c.mv     x11, x9
#11063 0 800001d4     8552 r 0a         ffffffc0  c.mv     x10, x20
#11064 0 800001d6     8722 r 0e         ffffffd0  c.mv     x14, x8
#11065 0 800001d8     86ce r 0d         ffffffd8  c.mv     x13, x19
#11066 0 800001da     864a r 0c         ffffffc8  c.mv     x12, x18
#11067 0 800001dc     3fd9 r 01         800001de  c.jal    . - 0x2a
#11068 0 800001b2     1101 r 02         ffffff80  c.addi   x2, -0x20
#11069 0 800001b4     cc22 m ffffff98   ffffffd0  c.swsp   x8, 0x18
#11070 0 800001b6     ca26 m ffffff94   00000004  c.swsp   x9, 0x14
#11071 0 800001b8     c84a m ffffff90   ffffffc8  c.swsp   x18, 0x10
#11072 0 800001ba     c64e m ffffff8c   ffffffd8  c.swsp   x19, 0xc
#11073 0 800001bc     c452 m ffffff88   ffffffc0  c.swsp   x20, 0x8
#11074 0 800001be     ce06 m ffffff9c   800001de  c.swsp   x1, 0x1c
#11075 0 800001c0     4785 r 0f         00000001  c.li     x15, 0x1
#11076 0 800001c2     8a2a r 14         ffffffc0  c.mv     x20, x10
#11077 0 800001c4     8932 r 12         ffffffc8  c.mv     x18, x12
#11078 0 800001c6     89ba r 13         ffffffd0  c.mv     x19, x14
#11079 0 800001c8     84ae r 09         00000004  c.mv     x9, x11
#11080 0 800001ca     8436 r 08         ffffffd8  c.mv     x8, x13
#11081 0 800001cc 02f58663 r 00         00000000  beq      x11, x15, . + 0x2c
#11082 0 800001d0     14fd r 09         00000003  c.addi   x9, -0x1
#11083 0 800001d2     85a6 r 0b         00000003  c.mv     x11, x9
#11084 0 800001d4     8552 r 0a         ffffffc0  c.mv     x10, x20
#11085 0 800001d6     8722 r 0e         ffffffd8  c.mv     x14, x8
#11086 0 800001d8     86ce r 0d         ffffffd0  c.mv     x13, x19
#11087 0 800001da     864a r 0c         ffffffc8  c.mv     x12, x18
#11088 0 800001dc     3fd9 r 01         800001de  c.jal    . - 0x2a
#11089 0 800001b2     1101 r 02         ffffff60  c.addi   x2, -0x20
#11090 0 800001b4     cc22 m ffffff78   ffffffd8  c.swsp   x8, 0x18
#11091 0 800001b6     ca26 m ffffff74   00000003  c.swsp   x9, 0x14
#11092 0 800001b8     c84a m ffffff70   ffffffc8  c.swsp   x18, 0x10
#11093 0 800001ba     c64e m ffffff6c   ffffffd0  c.swsp   x19, 0xc
#11094 0 800001bc     c452 m ffffff68   ffffffc0  c.swsp   x20, 0x8
#11095 0 800001be     ce06 m ffffff7c   800001de  c.swsp   x1, 0x1c
#11096 0 800001c0     4785 r 0f         00000001  c.li     x15, 0x1
#11097 0 800001c2     8a2a r 14         ffffffc0  c.mv     x20, x10
#11098 0 800001c4     8932 r 12         ffffffc8  c.mv     x18, x12
#11099 0 800001c6     89ba r 13         ffffffd8  c.mv     x19, x14
#11100 0 800001c8     84ae r 09         00000003  c.mv     x9, x11
#11101 0 800001ca     8436 r 08         ffffffd0  c.mv     x8, x13
#11102 0 800001cc 02f58663 r 00         00000000  beq      x11, x15, . + 0x2c
#11103 0 800001d0     14fd r 09         00000002  c.addi   x9, -0x1
#11104 0 800001d2     85a6 r 0b         00000002  c.mv     x11, x9
#11105 0 800001d4     8552 r 0a         ffffffc0  c.mv     x10, x20
#11106 0 800001d6     8722 r 0e         ffffffd0  c.mv     x14, x8
#11107 0 800001d8     86ce r 0d         ffffffd8  c.mv     x13, x19
#11108 0 800001da     864a r 0c         ffffffc8  c.mv     x12, x18
#11109 0 800001dc     3fd9 r 01         800001de  c.jal    . - 0x2a
#11110 0 800001b2     1101 r 02         ffffff40  c.addi   x2, -0x20
#11111 0 800001b4     cc22 m ffffff58   ffffffd0  c.swsp   x8, 0x18
#11112 0 800001b6     ca26 m ffffff54   00000002  c.swsp   x9, 0x14
#11113 0 800001b8     c84a m ffffff50   ffffffc8  c.swsp   x18, 0x10
#11114 0 800001ba     c64e m ffffff4c   ffffffd8  c.swsp   x19, 0xc
#11115 0 800001bc     c452 m ffffff48   ffffffc0  c.swsp   x20, 0x8
#11116 0 800001be     ce06 m ffffff5c   800001de  c.swsp   x1, 0x1c
#11117 0 800001c0     4785 r 0f         00000001  c.li     x15, 0x1
#11118 0 800001c2     8a2a r 14         ffffffc0  c.mv     x20, x10
#11119 0 800001c4     8932 r 12         ffffffc8  c.mv     x18, x12
#11120 0 800001c6     89ba r 13         ffffffd0  c.mv     x19, x14
#11121 0 800001c8     84ae r 09         00000002  c.mv     x9, x11
#11122 0 800001ca     8436 r 08         ffffffd8  c.mv     x8, x13
#11123 0 800001cc 02f58663 r 00         00000000  beq      x11, x15, . + 0x2c
#11124 0 800001d0     14fd r 09         00000001  c.addi   x9, -0x1
#11125 0 800001d2     85a6 r 0b         00000001  c.mv     x11, x9
#11126 0 800001d4     8552 r 0a         ffffffc0  c.mv     x10, x20
#11127 0 800001d6     8722 r 0e         ffffffd8  c.mv     x14, x8
#11128 0 800001d8     86ce r 0d         ffffffd0  c.mv     x13, x19
#11129 0 800001da     864a r 0c         ffffffc8  c.mv     x12, x18
#11130 0 800001dc     3fd9 r 01         800001de  c.jal    . - 0x2a
#11131 0 800001b2     1101 r 02         ffffff20  c.addi   x2, -0x20
#11132 0 800001b4     cc22 m ffffff38   ffffffd8  c.swsp   x8, 0x18
#11133 0 800001b6     ca26 m ffffff34   00000001  c.swsp   x9, 0x14
#11134 0 800001b8     c84a m ffffff30   ffffffc8  c.swsp   x18, 0x10
#11135 0 800001ba     c64e m ffffff2c   ffffffd0  c.swsp   x19, 0xc
#11136 0 800001bc     c452 m ffffff28   ffffffc0  c.swsp   x20, 0x8
#11137 0 800001be     ce06 m ffffff3c   800001de  c.swsp   x1, 0x1c
#11138 0 800001c0     4785 r 0f         00000001  c.li     x15, 0x1
#11139 0 800001c2     8a2a r 14         ffffffc0  c.mv     x20, x10
#11140 0 800001c4     8932 r 12         ffffffc8  c.mv     x18, x12
#11141 0 800001c6     89ba r 13         ffffffd8  c.mv     x19, x14
#11142 0 800001c8     84ae r 09         00000001  c.mv     x9, x11
#11143 0 800001ca     8436 r 08         ffffffd0  c.mv     x8, x13
#11144 0 800001cc 02f58663 r 00         00000000  beq      x11, x15, . + 0x2c
#11145 0 800001f8     8432 r 08         ffffffc8  c.mv     x8, x12
#11146 0 800001fa     405c r 0f         f0040030  c.lw     x15, 0x4(x8)
#11147 0 800001fc     4014 r 0d         00000005  c.lw     x13, 0x0(x8)
#11148 0 800001fe 004a2703 r 0e         00000060  lw       x14, 0x4(x20)
#11149 0 80000202     43cc r 0b         f0040028  c.lw     x11, 0x4(x15)
#11150 0 80000204     4390 r 0c         00000001  c.lw     x12, 0x0(x15)
#11151 0 80000206     16fd r 0d         00000004  c.addi   x13, -0x1
#11152 0 80000208     c04c m ffffffcc   f0040028  c.sw     x11, 0x4(x8)
#11153 0 8000020a 0049a583 r 0b         f0040008  lw       x11, 0x4(x19)
#11154 0 8000020e     c014 m ffffffc8   00000004  c.sw     x13, 0x0(x8)
#11155 0 80000210 0009a683 r 0d         00000002  lw       x13, 0x0(x19)
#11156 0 80000214     c3cc m f0040034   f0040008  c.sw     x11, 0x4(x15)
#11157 0 80000216 00f9a223 m ffffffdc   f0040030  sw       x15, 0x4(x19)
#11158 0 8000021a     c390 m f0040030   00000001  c.sw     x12, 0x0(x15)
#11159 0 8000021c     40f2 r 01         800001de  c.lwsp   x1, 0x1c
#11160 0 8000021e     4462 r 08         ffffffd8  c.lwsp   x8, 0x18
#11161 0 80000220 00168793 r 0f         00000003  addi     x15, x13, 0x1
#11162 0 80000224 00f9a023 m ffffffd8   00000003  sw       x15, 0x0(x19)
#11163 0 80000228 00170793 r 0f         00000061  addi     x15, x14, 0x1
#11164 0 8000022c 00fa2223 m ffffffc4   00000061  sw       x15, 0x4(x20)
#11165 0 80000230     44d2 r 09         00000001  c.lwsp   x9, 0x14
#11166 0 80000232     4942 r 12         ffffffc8  c.lwsp   x18, 0x10
#11167 0 80000234     49b2 r 13         ffffffd0  c.lwsp   x19, 0xc
#11168 0 80000236     4a22 r 14         ffffffc0  c.lwsp   x20, 0x8
#11169 0 80000238     6105 r 02         ffffff40  c.addi16sp 0x2
#11170 0 8000023a     8082 r 00         00000000  c.jr     x1
#11171 0 800001de     874e r 0e         ffffffd0  c.mv     x14, x19
#11172 0 800001e0     86a2 r 0d         ffffffd8  c.mv     x13, x8
#11173 0 800001e2     864a r 0c         ffffffc8  c.mv     x12, x18
#11174 0 800001e4     4585 r 0b         00000001  c.li     x11, 0x1
#11175 0 800001e6     8552 r 0a         ffffffc0  c.mv     x10, x20
#11176 0 800001e8     37e9 r 01         800001ea  c.jal    . - 0x36
#11177 0 800001b2     1101 r 02         ffffff20  c.addi   x2, -0x20
#11178 0 800001b4     cc22 m ffffff38   ffffffd8  c.swsp   x8, 0x18
#11179 0 800001b6     ca26 m ffffff34   00000001  c.swsp   x9, 0x14
#11180 0 800001b8     c84a m ffffff30   ffffffc8  c.swsp   x18, 0x10
#11181 0 800001ba     c64e m ffffff2c   ffffffd0  c.swsp   x19, 0xc
#11182 0 800001bc     c452 m ffffff28   ffffffc0  c.swsp   x20, 0x8
#11183 0 800001be     ce06 m ffffff3c   800001ea  c.swsp   x1, 0x1c
#11184 0 800001c0     4785 r 0f         00000001  c.li     x15, 0x1
#11185 0 800001c2     8a2a r 14         ffffffc0  c.mv     x20, x10
#11186 0 800001c4     8932 r 12         ffffffc8  c.mv     x18, x12
#11187 0 800001c6     89ba r 13         ffffffd0  c.mv     x19, x14
#11188 0 800001c8     84ae r 09         00000001  c.mv     x9, x11
#11189 0 800001ca     8436 r 08         ffffffd8  c.mv     x8, x13
#11190 0 800001cc 02f58663 r 00         00000000  beq      x11, x15, . + 0x2c
#11191 0 800001f8     8432 r 08         ffffffc8  c.mv     x8, x12
#11192 0 800001fa     405c r 0f         f0040028  c.lw     x15, 0x4(x8)
#11193 0 800001fc     4014 r 0d         00000004  c.lw     x13, 0x0(x8)
#11194 0 800001fe 004a2703 r 0e         00000061  lw       x14, 0x4(x20)
#11195 0 80000202     43cc r 0b         f0040020  c.lw     x11, 0x4(x15)
#11196 0 80000204     4390 r 0c         00000002  c.lw     x12, 0x0(x15)
#11197 0 80000206     16fd r 0d         00000003  c.addi   x13, -0x1
#11198 0 80000208     c04c m ffffffcc   f0040020  c.sw     x11, 0x4(x8)
#11199 0 8000020a 0049a583 r 0b         00000000  lw       x11, 0x4(x19)
#11200 0 8000020e     c014 m ffffffc8   00000003  c.sw     x13, 0x0(x8)
#11201 0 80000210 0009a683 r 0d         00000000  lw       x13, 0x0(x19)
#11202 0 80000214     c3cc m f004002c   00000000  c.sw     x11, 0x4(x15)
#11203 0 80000216 00f9a223 m ffffffd4   f0040028  sw       x15, 0x4(x19)
#11204 0 8000021a     c390 m f0040028   00000002  c.sw     x12, 0x0(x15)
#11205 0 8000021c     40f2 r 01         800001ea  c.lwsp   x1, 0x1c
#11206 0 8000021e     4462 r 08         ffffffd8  c.lwsp   x8, 0x18
#11207 0 80000220 00168793 r 0f         00000001  addi     x15, x13, 0x1
#11208 0 80000224 00f9a023 m ffffffd0   00000001  sw       x15, 0x0(x19)
#11209 0 80000228 00170793 r 0f         00000062  addi     x15, x14, 0x1
#11210 0 8000022c 00fa2223 m ffffffc4   00000062  sw       x15, 0x4(x20)
#11211 0 80000230     44d2 r 09         00000001  c.lwsp   x9, 0x14
#11212 0 80000232     4942 r 12         ffffffc8  c.lwsp   x18, 0x10
#11213 0 80000234     49b2 r 13         ffffffd0  c.lwsp   x19, 0xc
#11214 0 80000236     4a22 r 14         ffffffc0  c.lwsp   x20, 0x8
#11215 0 80000238     6105 r 02         ffffff40  c.addi16sp 0x2
#11216 0 8000023a     8082 r 00         00000000  c.jr     x1
#11217 0 800001ea     4785 r 0f         00000001  c.li     x15, 0x1
#11218 0 800001ec     874a r 0e         ffffffc8  c.mv     x14, x18
#11219 0 800001ee 00f48663 r 00         00000000  beq      x9, x15, . + 0xc
#11220 0 800001fa     405c r 0f         f0040030  c.lw     x15, 0x4(x8)
#11221 0 800001fc     4014 r 0d         00000003  c.lw     x13, 0x0(x8)
#11222 0 800001fe 004a2703 r 0e         00000062  lw       x14, 0x4(x20)
#11223 0 80000202     43cc r 0b         f0040008  c.lw     x11, 0x4(x15)
#11224 0 80000204     4390 r 0c         00000001  c.lw     x12, 0x0(x15)
#11225 0 80000206     16fd r 0d         00000002  c.addi   x13, -0x1
#11226 0 80000208     c04c m ffffffdc   f0040008  c.sw     x11, 0x4(x8)
#11227 0 8000020a 0049a583 r 0b         f0040028  lw       x11, 0x4(x19)
#11228 0 8000020e     c014 m ffffffd8   00000002  c.sw     x13, 0x0(x8)
#11229 0 80000210 0009a683 r 0d         00000001  lw       x13, 0x0(x19)
#11230 0 80000214     c3cc m f0040034   f0040028  c.sw     x11, 0x4(x15)
#11231 0 80000216 00f9a223 m ffffffd4   f0040030  sw       x15, 0x4(x19)
#11232 0 8000021a     c390 m f0040030   00000001  c.sw     x12, 0x0(x15)
#11233 0 8000021c     40f2 r 01         800001de  c.lwsp   x1, 0x1c
#11234 0 8000021e     4462 r 08         ffffffd0  c.lwsp   x8, 0x18
#11235 0 80000220 00168793 r 0f         00000002  addi     x15, x13, 0x1
#11236 0 80000224 00f9a023 m ffffffd0   00000002  sw       x15, 0x0(x19)
#11237 0 80000228 00170793 r 0f         00000063  addi     x15, x14, 0x1
#11238 0 8000022c 00fa2223 m ffffffc4   00000063  sw       x15, 0x4(x20)
#11239 0 80000230     44d2 r 09         00000002  c.lwsp   x9, 0x14
#11240 0 80000232     4942 r 12         ffffffc8  c.lwsp   x18, 0x10
#11241 0 80000234     49b2 r 13         ffffffd8  c.lwsp   x19, 0xc
#11242 0 80000236     4a22 r 14         ffffffc0  c.lwsp   x20, 0x8
#11243 0 80000238     6105 r 02         ffffff60  c.addi16sp 0x2
#11244 0 8000023a     8082 r 00         00000000  c.jr     x1
#11245 0 800001de     874e r 0e         ffffffd8  c.mv     x14, x19
#11246 0 800001e0     86a2 r 0d         ffffffd0  c.mv     x13, x8
#11247 0 800001e2     864a r 0c         ffffffc8  c.mv     x12, x18
#11248 0 800001e4     4585 r 0b         00000001  c.li     x11, 0x1
#11249 0 800001e6     8552 r 0a         ffffffc0  c.mv     x10, x20
#11250 0 800001e8     37e9 r 01         800001ea  c.jal    . - 0x36
#11251 0 800001b2     1101 r 02         ffffff40  c.addi   x2, -0x20
#11252 0 800001b4     cc22 m ffffff58   ffffffd0  c.swsp   x8, 0x18
#11253 0 800001b6     ca26 m ffffff54   00000002  c.swsp   x9, 0x14
#11254 0 800001b8     c84a m ffffff50   ffffffc8  c.swsp   x18, 0x10
#11255 0 800001ba     c64e m ffffff4c   ffffffd8  c.swsp   x19, 0xc
#11256 0 800001bc     c452 m ffffff48   ffffffc0  c.swsp   x20, 0x8
#11257 0 800001be     ce06 m ffffff5c   800001ea  c.swsp   x1, 0x1c
#11258 0 800001c0     4785 r 0f         00000001  c.li     x15, 0x1
#11259 0 800001c2     8a2a r 14         ffffffc0  c.mv     x20, x10
#11260 0 800001c4     8932 r 12         ffffffc8  c.mv     x18, x12
#11261 0 800001c6     89ba r 13         ffffffd8  c.mv     x19, x14
#11262 0 800001c8     84ae r 09         00000001  c.mv     x9, x11
#11263 0 800001ca     8436 r 08         ffffffd0  c.mv     x8, x13
#11264 0 800001cc 02f58663 r 00         00000000  beq      x11, x15, . + 0x2c
#11265 0 800001f8     8432 r 08         ffffffc8  c.mv     x8, x12
#11266 0 800001fa     405c r 0f         f0040020  c.lw     x15, 0x4(x8)
#11267 0 800001fc     4014 r 0d         00000003  c.lw     x13, 0x0(x8)
#11268 0 800001fe 004a2703 r 0e         00000063  lw       x14, 0x4(x20)
#11269 0 80000202     43cc r 0b         f0040018  c.lw     x11, 0x4(x15)
#11270 0 80000204     4390 r 0c         00000003  c.lw     x12, 0x0(x15)
#11271 0 80000206     16fd r 0d         00000002  c.addi   x13, -0x1
#11272 0 80000208     c04c m ffffffcc   f0040018  c.sw     x11, 0x4(x8)
#11273 0 8000020a 0049a583 r 0b         f0040008  lw       x11, 0x4(x19)
#11274 0 8000020e     c014 m ffffffc8   00000002  c.sw     x13, 0x0(x8)
#11275 0 80000210 0009a683 r 0d         00000002  lw       x13, 0x0(x19)
#11276 0 80000214     c3cc m f0040024   f0040008  c.sw     x11, 0x4(x15)
#11277 0 80000216 00f9a223 m ffffffdc   f0040020  sw       x15, 0x4(x19)
#11278 0 8000021a     c390 m f0040020   00000003  c.sw     x12, 0x0(x15)
#11279 0 8000021c     40f2 r 01         800001ea  c.lwsp   x1, 0x1c
#11280 0 8000021e     4462 r 08         ffffffd0  c.lwsp   x8, 0x18
#11281 0 80000220 00168793 r 0f         00000003  addi     x15, x13, 0x1
#11282 0 80000224 00f9a023 m ffffffd8   00000003  sw       x15, 0x0(x19)
#11283 0 80000228 00170793 r 0f         00000064  addi     x15, x14, 0x1
#11284 0 8000022c 00fa2223 m ffffffc4   00000064  sw       x15, 0x4(x20)
#11285 0 80000230     44d2 r 09         00000002  c.lwsp   x9, 0x14
#11286 0 80000232     4942 r 12         ffffffc8  c.lwsp   x18, 0x10
#11287 0 80000234     49b2 r 13         ffffffd8  c.lwsp   x19, 0xc
#11288 0 80000236     4a22 r 14         ffffffc0  c.lwsp   x20, 0x8
#11289 0 80000238     6105 r 02         ffffff60  c.addi16sp 0x2
#11290 0 8000023a     8082 r 00         00000000  c.jr     x1
#11291 0 800001ea     4785 r 0f         00000001  c.li     x15, 0x1
#11292 0 800001ec     874a r 0e         ffffffc8  c.mv     x14, x18
#11293 0 800001ee 00f48663 r 00         00000000  beq      x9, x15, . + 0xc
#11294 0 800001f2     8922 r 12         ffffffd0  c.mv     x18, x8
#11295 0 800001f4     843a r 08         ffffffc8  c.mv     x8, x14
#11296 0 800001f6     bfe9 r 00         00000000  c.j      . - 0x26
#11297 0 800001d0     14fd r 09         00000001  c.addi   x9, -0x1
#11298 0 800001d2     85a6 r 0b         00000001  c.mv     x11, x9
#11299 0 800001d4     8552 r 0a         ffffffc0  c.mv     x10, x20
#11300 0 800001d6     8722 r 0e         ffffffc8  c.mv     x14, x8
#11301 0 800001d8     86ce r 0d         ffffffd8  c.mv     x13, x19
#11302 0 800001da     864a r 0c         ffffffd0  c.mv     x12, x18
#11303 0 800001dc     3fd9 r 01         800001de  c.jal    . - 0x2a
#11304 0 800001b2     1101 r 02         ffffff40  c.addi   x2, -0x20
#11305 0 800001b4     cc22 m ffffff58   ffffffc8  c.swsp   x8, 0x18
#11306 0 800001b6     ca26 m ffffff54   00000001  c.swsp   x9, 0x14
#11307 0 800001b8     c84a m ffffff50   ffffffd0  c.swsp   x18, 0x10
#11308 0 800001ba     c64e m ffffff4c   ffffffd8  c.swsp   x19, 0xc
#11309 0 800001bc     c452 m ffffff48   ffffffc0  c.swsp   x20, 0x8
#11310 0 800001be     ce06 m ffffff5c   800001de  c.swsp   x1, 0x1c
#11311 0 800001c0     4785 r 0f         00000001  c.li     x15, 0x1
#11312 0 800001c2     8a2a r 14         ffffffc0  c.mv     x20, x10
#11313 0 800001c4     8932 r 12         ffffffd0  c.mv     x18, x12
#11314 0 800001c6     89ba r 13         ffffffc8  c.mv     x19, x14
#11315 0 800001c8     84ae r 09         00000001  c.mv     x9, x11
#11316 0 800001ca     8436 r 08         ffffffd8  c.mv     x8, x13
#11317 0 800001cc 02f58663 r 00         00000000  beq      x11, x15, . + 0x2c
#11318 0 800001f8     8432 r 08         ffffffd0  c.mv     x8, x12
#11319 0 800001fa     405c r 0f         f0040030  c.lw     x15, 0x4(x8)
#11320 0 800001fc     4014 r 0d         00000002  c.lw     x13, 0x0(x8)
#11321 0 800001fe 004a2703 r 0e         00000064  lw       x14, 0x4(x20)
#11322 0 80000202     43cc r 0b         f0040028  c.lw     x11, 0x4(x15)
#11323 0 80000204     4390 r 0c         00000001  c.lw     x12, 0x0(x15)
#11324 0 80000206     16fd r 0d         00000001  c.addi   x13, -0x1
#11325 0 80000208     c04c m ffffffd4   f0040028  c.sw     x11, 0x4(x8)
#11326 0 8000020a 0049a583 r 0b         f0040018  lw       x11, 0x4(x19)
#11327 0 8000020e     c014 m ffffffd0   00000001  c.sw     x13, 0x0(x8)
#11328 0 80000210 0009a683 r 0d         00000002  lw       x13, 0x0(x19)
#11329 0 80000214     c3cc m f0040034   f0040018  c.sw     x11, 0x4(x15)
#11330 0 80000216 00f9a223 m ffffffcc   f0040030  sw       x15, 0x4(x19)
#11331 0 8000021a     c390 m f0040030   00000001  c.sw     x12, 0x0(x15)
#11332 0 8000021c     40f2 r 01         800001de  c.lwsp   x1, 0x1c
#11333 0 8000021e     4462 r 08         ffffffc8  c.lwsp   x8, 0x18
#11334 0 80000220 00168793 r 0f         00000003  addi     x15, x13, 0x1
#11335 0 80000224 00f9a023 m ffffffc8   00000003  sw       x15, 0x0(x19)
#11336 0 80000228 00170793 r 0f         00000065  addi     x15, x14, 0x1
#11337 0 8000022c 00fa2223 m ffffffc4   00000065  sw       x15, 0x4(x20)
#11338 0 80000230     44d2 r 09         00000001  c.lwsp   x9, 0x14
#11339 0 80000232     4942 r 12         ffffffd0  c.lwsp   x18, 0x10
#11340 0 80000234     49b2 r 13         ffffffd8  c.lwsp   x19, 0xc
#11341 0 80000236     4a22 r 14         ffffffc0  c.lwsp   x20, 0x8
#11342 0 80000238     6105 r 02         ffffff60  c.addi16sp 0x2
#11343 0 8000023a     8082 r 00         00000000  c.jr     x1
#11344 0 800001de     874e r 0e         ffffffd8  c.mv     x14, x19
#11345 0 800001e0     86a2 r 0d         ffffffc8  c.mv     x13, x8
#11346 0 800001e2     864a r 0c         ffffffd0  c.mv     x12, x18
#11347 0 800001e4     4585 r 0b         00000001  c.li     x11, 0x1
#11348 0 800001e6     8552 r 0a         ffffffc0  c.mv     x10, x20
#11349 0 800001e8     37e9 r 01         800001ea  c.jal    . - 0x36
#11350 0 800001b2     1101 r 02         ffffff40  c.addi   x2, -0x20
#11351 0 800001b4     cc22 m ffffff58   ffffffc8  c.swsp   x8, 0x18
#11352 0 800001b6     ca26 m ffffff54   00000001  c.swsp   x9, 0x14
#11353 0 800001b8     c84a m ffffff50   ffffffd0  c.swsp   x18, 0x10
#11354 0 800001ba     c64e m ffffff4c   ffffffd8  c.swsp   x19, 0xc
#11355 0 800001bc     c452 m ffffff48   ffffffc0  c.swsp   x20, 0x8
#11356 0 800001be     ce06 m ffffff5c   800001ea  c.swsp   x1, 0x1c
#11357 0 800001c0     4785 r 0f         00000001  c.li     x15, 0x1
#11358 0 800001c2     8a2a r 14         ffffffc0  c.mv     x20, x10
#11359 0 800001c4     8932 r 12         ffffffd0  c.mv     x18, x12
#11360 0 800001c6     89ba r 13         ffffffd8  c.mv     x19, x14
#11361 0 800001c8     84ae r 09         00000001  c.mv     x9, x11
#11362 0 800001ca     8436 r 08         ffffffc8  c.mv     x8, x13
#11363 0 800001cc 02f58663 r 00         00000000  beq      x11, x15, . + 0x2c
#11364 0 800001f8     8432 r 08         ffffffd0  c.mv     x8, x12
#11365 0 800001fa     405c r 0f         f0040028  c.lw     x15, 0x4(x8)
#11366 0 800001fc     4014 r 0d         00000001  c.lw     x13, 0x0(x8)
#11367 0 800001fe 004a2703 r 0e         00000065  lw       x14, 0x4(x20)
#11368 0 80000202     43cc r 0b         00000000  c.lw     x11, 0x4(x15)
#11369 0 80000204     4390 r 0c         00000002  c.lw     x12, 0x0(x15)
#11370 0 80000206     16fd r 0d         00000000  c.addi   x13, -0x1
#11371 0 80000208     c04c m ffffffd4   00000000  c.sw     x11, 0x4(x8)
#11372 0 8000020a 0049a583 r 0b         f0040020  lw       x11, 0x4(x19)
#11373 0 8000020e     c014 m ffffffd0   00000000  c.sw     x13, 0x0(x8)
#11374 0 80000210 0009a683 r 0d         00000003  lw       x13, 0x0(x19)
#11375 0 80000214     c3cc m f004002c   f0040020  c.sw     x11, 0x4(x15)
#11376 0 80000216 00f9a223 m ffffffdc   f0040028  sw       x15, 0x4(x19)
#11377 0 8000021a     c390 m f0040028   00000002  c.sw     x12, 0x0(x15)
#11378 0 8000021c     40f2 r 01         800001ea  c.lwsp   x1, 0x1c
#11379 0 8000021e     4462 r 08         ffffffc8  c.lwsp   x8, 0x18
#11380 0 80000220 00168793 r 0f         00000004  addi     x15, x13, 0x1
#11381 0 80000224 00f9a023 m ffffffd8   00000004  sw       x15, 0x0(x19)
#11382 0 80000228 00170793 r 0f         00000066  addi     x15, x14, 0x1
#11383 0 8000022c 00fa2223 m ffffffc4   00000066  sw       x15, 0x4(x20)
#11384 0 80000230     44d2 r 09         00000001  c.lwsp   x9, 0x14
#11385 0 80000232     4942 r 12         ffffffd0  c.lwsp   x18, 0x10
#11386 0 80000234     49b2 r 13         ffffffd8  c.lwsp   x19, 0xc
#11387 0 80000236     4a22 r 14         ffffffc0  c.lwsp   x20, 0x8
#11388 0 80000238     6105 r 02         ffffff60  c.addi16sp 0x2
#11389 0 8000023a     8082 r 00         00000000  c.jr     x1
#11390 0 800001ea     4785 r 0f         00000001  c.li     x15, 0x1
#11391 0 800001ec     874a r 0e         ffffffd0  c.mv     x14, x18
#11392 0 800001ee 00f48663 r 00         00000000  beq      x9, x15, . + 0xc
#11393 0 800001fa     405c r 0f         f0040030  c.lw     x15, 0x4(x8)
#11394 0 800001fc     4014 r 0d         00000003  c.lw     x13, 0x0(x8)
#11395 0 800001fe 004a2703 r 0e         00000066  lw       x14, 0x4(x20)
#11396 0 80000202     43cc r 0b         f0040018  c.lw     x11, 0x4(x15)
#11397 0 80000204     4390 r 0c         00000001  c.lw     x12, 0x0(x15)
#11398 0 80000206     16fd r 0d         00000002  c.addi   x13, -0x1
#11399 0 80000208     c04c m ffffffcc   f0040018  c.sw     x11, 0x4(x8)
#11400 0 8000020a 0049a583 r 0b         f0040028  lw       x11, 0x4(x19)
#11401 0 8000020e     c014 m ffffffc8   00000002  c.sw     x13, 0x0(x8)
#11402 0 80000210 0009a683 r 0d         00000004  lw       x13, 0x0(x19)
#11403 0 80000214     c3cc m f0040034   f0040028  c.sw     x11, 0x4(x15)
#11404 0 80000216 00f9a223 m ffffffdc   f0040030  sw       x15, 0x4(x19)
#11405 0 8000021a     c390 m f0040030   00000001  c.sw     x12, 0x0(x15)
#11406 0 8000021c     40f2 r 01         800001de  c.lwsp   x1, 0x1c
#11407 0 8000021e     4462 r 08         ffffffd8  c.lwsp   x8, 0x18
#11408 0 80000220 00168793 r 0f         00000005  addi     x15, x13, 0x1
#11409 0 80000224 00f9a023 m ffffffd8   00000005  sw       x15, 0x0(x19)
#11410 0 80000228 00170793 r 0f         00000067  addi     x15, x14, 0x1
#11411 0 8000022c 00fa2223 m ffffffc4   00000067  sw       x15, 0x4(x20)
#11412 0 80000230     44d2 r 09         00000003  c.lwsp   x9, 0x14
#11413 0 80000232     4942 r 12         ffffffc8  c.lwsp   x18, 0x10
#11414 0 80000234     49b2 r 13         ffffffd0  c.lwsp   x19, 0xc
#11415 0 80000236     4a22 r 14         ffffffc0  c.lwsp   x20, 0x8
#11416 0 80000238     6105 r 02         ffffff80  c.addi16sp 0x2
#11417 0 8000023a     8082 r 00         00000000  c.jr     x1
#11418 0 800001de     874e r 0e         ffffffd0  c.mv     x14, x19
#11419 0 800001e0     86a2 r 0d         ffffffd8  c.mv     x13, x8
#11420 0 800001e2     864a r 0c         ffffffc8  c.mv     x12, x18
#11421 0 800001e4     4585 r 0b         00000001  c.li     x11, 0x1
#11422 0 800001e6     8552 r 0a         ffffffc0  c.mv     x10, x20
#11423 0 800001e8     37e9 r 01         800001ea  c.jal    . - 0x36
#11424 0 800001b2     1101 r 02         ffffff60  c.addi   x2, -0x20
#11425 0 800001b4     cc22 m ffffff78   ffffffd8  c.swsp   x8, 0x18
#11426 0 800001b6     ca26 m ffffff74   00000003  c.swsp   x9, 0x14
#11427 0 800001b8     c84a m ffffff70   ffffffc8  c.swsp   x18, 0x10
#11428 0 800001ba     c64e m ffffff6c   ffffffd0  c.swsp   x19, 0xc
#11429 0 800001bc     c452 m ffffff68   ffffffc0  c.swsp   x20, 0x8
#11430 0 800001be     ce06 m ffffff7c   800001ea  c.swsp   x1, 0x1c
#11431 0 800001c0     4785 r 0f         00000001  c.li     x15, 0x1
#11432 0 800001c2     8a2a r 14         ffffffc0  c.mv     x20, x10
#11433 0 800001c4     8932 r 12         ffffffc8  c.mv     x18, x12
#11434 0 800001c6     89ba r 13         ffffffd0  c.mv     x19, x14
#11435 0 800001c8     84ae r 09         00000001  c.mv     x9, x11
#11436 0 800001ca     8436 r 08         ffffffd8  c.mv     x8, x13
#11437 0 800001cc 02f58663 r 00         00000000  beq      x11, x15, . + 0x2c
#11438 0 800001f8     8432 r 08         ffffffc8  c.mv     x8, x12
#11439 0 800001fa     405c r 0f         f0040018  c.lw     x15, 0x4(x8)
#11440 0 800001fc     4014 r 0d         00000002  c.lw     x13, 0x0(x8)
#11441 0 800001fe 004a2703 r 0e         00000067  lw       x14, 0x4(x20)
#11442 0 80000202     43cc r 0b         f0040010  c.lw     x11, 0x4(x15)
#11443 0 80000204     4390 r 0c         00000004  c.lw     x12, 0x0(x15)
#11444 0 80000206     16fd r 0d         00000001  c.addi   x13, -0x1
#11445 0 80000208     c04c m ffffffcc   f0040010  c.sw     x11, 0x4(x8)
#11446 0 8000020a 0049a583 r 0b         00000000  lw       x11, 0x4(x19)
#11447 0 8000020e     c014 m ffffffc8   00000001  c.sw     x13, 0x0(x8)
#11448 0 80000210 0009a683 r 0d         00000000  lw       x13, 0x0(x19)
#11449 0 80000214     c3cc m f004001c   00000000  c.sw     x11, 0x4(x15)
#11450 0 80000216 00f9a223 m ffffffd4   f0040018  sw       x15, 0x4(x19)
#11451 0 8000021a     c390 m f0040018   00000004  c.sw     x12, 0x0(x15)
#11452 0 8000021c     40f2 r 01         800001ea  c.lwsp   x1, 0x1c
#11453 0 8000021e     4462 r 08         ffffffd8  c.lwsp   x8, 0x18
#11454 0 80000220 00168793 r 0f         00000001  addi     x15, x13, 0x1
#11455 0 80000224 00f9a023 m ffffffd0   00000001  sw       x15, 0x0(x19)
#11456 0 80000228 00170793 r 0f         00000068  addi     x15, x14, 0x1
#11457 0 8000022c 00fa2223 m ffffffc4   00000068  sw       x15, 0x4(x20)
#11458 0 80000230     44d2 r 09         00000003  c.lwsp   x9, 0x14
#11459 0 80000232     4942 r 12         ffffffc8  c.lwsp   x18, 0x10
#11460 0 80000234     49b2 r 13         ffffffd0  c.lwsp   x19, 0xc
#11461 0 80000236     4a22 r 14         ffffffc0  c.lwsp   x20, 0x8
#11462 0 80000238     6105 r 02         ffffff80  c.addi16sp 0x2
#11463 0 8000023a     8082 r 00         00000000  c.jr     x1
#11464 0 800001ea     4785 r 0f         00000001  c.li     x15, 0x1
#11465 0 800001ec     874a r 0e         ffffffc8  c.mv     x14, x18
#11466 0 800001ee 00f48663 r 00         00000000  beq      x9, x15, . + 0xc
#11467 0 800001f2     8922 r 12         ffffffd8  c.mv     x18, x8
#11468 0 800001f4     843a r 08         ffffffc8  c.mv     x8, x14
#11469 0 800001f6     bfe9 r 00         00000000  c.j      . - 0x26
#11470 0 800001d0     14fd r 09         00000002  c.addi   x9, -0x1
#11471 0 800001d2     85a6 r 0b         00000002  c.mv     x11, x9
#11472 0 800001d4     8552 r 0a         ffffffc0  c.mv     x10, x20
#11473 0 800001d6     8722 r 0e         ffffffc8  c.mv     x14, x8
#11474 0 800001d8     86ce r 0d         ffffffd0  c.mv     x13, x19
#11475 0 800001da     864a r 0c         ffffffd8  c.mv     x12, x18
#11476 0 800001dc     3fd9 r 01         800001de  c.jal    . - 0x2a
#11477 0 800001b2     1101 r 02         ffffff60  c.addi   x2, -0x20
#11478 0 800001b4     cc22 m ffffff78   ffffffc8  c.swsp   x8, 0x18
#11479 0 800001b6     ca26 m ffffff74   00000002  c.swsp   x9, 0x14
#11480 0 800001b8     c84a m ffffff70   ffffffd8  c.swsp   x18, 0x10
#11481 0 800001ba     c64e m ffffff6c   ffffffd0  c.swsp   x19, 0xc
#11482 0 800001bc     c452 m ffffff68   ffffffc0  c.swsp   x20, 0x8
#11483 0 800001be     ce06 m ffffff7c   800001de  c.swsp   x1, 0x1c
#11484 0 800001c0     4785 r 0f         00000001  c.li     x15, 0x1
#11485 0 800001c2     8a2a r 14         ffffffc0  c.mv     x20, x10
#11486 0 800001c4     8932 r 12         ffffffd8  c.mv     x18, x12
#11487 0 800001c6     89ba r 13         ffffffc8  c.mv     x19, x14
#11488 0 800001c8     84ae r 09         00000002  c.mv     x9, x11
#11489 0 800001ca     8436 r 08         ffffffd0  c.mv     x8, x13
#11490 0 800001cc 02f58663 r 00         00000000  beq      x11, x15, . + 0x2c
#11491 0 800001d0     14fd r 09         00000001  c.addi   x9, -0x1
#11492 0 800001d2     85a6 r 0b         00000001  c.mv     x11, x9
#11493 0 800001d4     8552 r 0a         ffffffc0  c.mv     x10, x20
#11494 0 800001d6     8722 r 0e         ffffffd0  c.mv     x14, x8
#11495 0 800001d8     86ce r 0d         ffffffc8  c.mv     x13, x19
#11496 0 800001da     864a r 0c         ffffffd8  c.mv     x12, x18
#11497 0 800001dc     3fd9 r 01         800001de  c.jal    . - 0x2a
#11498 0 800001b2     1101 r 02         ffffff40  c.addi   x2, -0x20
#11499 0 800001b4     cc22 m ffffff58   ffffffd0  c.swsp   x8, 0x18
#11500 0 800001b6     ca26 m ffffff54   00000001  c.swsp   x9, 0x14
#11501 0 800001b8     c84a m ffffff50   ffffffd8  c.swsp   x18, 0x10
#11502 0 800001ba     c64e m ffffff4c   ffffffc8  c.swsp   x19, 0xc
#11503 0 800001bc     c452 m ffffff48   ffffffc0  c.swsp   x20, 0x8
#11504 0 800001be     ce06 m ffffff5c   800001de  c.swsp   x1, 0x1c
#11505 0 800001c0     4785 r 0f         00000001  c.li     x15, 0x1
#11506 0 800001c2     8a2a r 14         ffffffc0  c.mv     x20, x10
#11507 0 800001c4     8932 r 12         ffffffd8  c.mv     x18, x12
#11508 0 800001c6     89ba r 13         ffffffd0  c.mv     x19, x14
#11509 0 800001c8     84ae r 09         00000001  c.mv     x9, x11
#11510 0 800001ca     8436 r 08         ffffffc8  c.mv     x8, x13
#11511 0 800001cc 02f58663 r 00         00000000  beq      x11, x15, . + 0x2c
#11512 0 800001f8     8432 r 08         ffffffd8  c.mv     x8, x12
#11513 0 800001fa     405c r 0f         f0040030  c.lw     x15, 0x4(x8)
#11514 0 800001fc     4014 r 0d         00000005  c.lw     x13, 0x0(x8)
#11515 0 800001fe 004a2703 r 0e         00000068  lw       x14, 0x4(x20)
#11516 0 80000202     43cc r 0b         f0040028  c.lw     x11, 0x4(x15)
#11517 0 80000204     4390 r 0c         00000001  c.lw     x12, 0x0(x15)
#11518 0 80000206     16fd r 0d         00000004  c.addi   x13, -0x1
#11519 0 80000208     c04c m ffffffdc   f0040028  c.sw     x11, 0x4(x8)
#11520 0 8000020a 0049a583 r 0b         f0040018  lw       x11, 0x4(x19)
#11521 0 8000020e     c014 m ffffffd8   00000004  c.sw     x13, 0x0(x8)
#11522 0 80000210 0009a683 r 0d         00000001  lw       x13, 0x0(x19)
#11523 0 80000214     c3cc m f0040034   f0040018  c.sw     x11, 0x4(x15)
#11524 0 80000216 00f9a223 m ffffffd4   f0040030  sw       x15, 0x4(x19)
#11525 0 8000021a     c390 m f0040030   00000001  c.sw     x12, 0x0(x15)
#11526 0 8000021c     40f2 r 01         800001de  c.lwsp   x1, 0x1c
#11527 0 8000021e     4462 r 08         ffffffd0  c.lwsp   x8, 0x18
#11528 0 80000220 00168793 r 0f         00000002  addi     x15, x13, 0x1
#11529 0 80000224 00f9a023 m ffffffd0   00000002  sw       x15, 0x0(x19)
#11530 0 80000228 00170793 r 0f         00000069  addi     x15, x14, 0x1
#11531 0 8000022c 00fa2223 m ffffffc4   00000069  sw       x15, 0x4(x20)
#11532 0 80000230     44d2 r 09         00000001  c.lwsp   x9, 0x14
#11533 0 80000232     4942 r 12         ffffffd8  c.lwsp   x18, 0x10
#11534 0 80000234     49b2 r 13         ffffffc8  c.lwsp   x19, 0xc
#11535 0 80000236     4a22 r 14         ffffffc0  c.lwsp   x20, 0x8
#11536 0 80000238     6105 r 02         ffffff60  c.addi16sp 0x2
#11537 0 8000023a     8082 r 00         00000000  c.jr     x1
#11538 0 800001de     874e r 0e         ffffffc8  c.mv     x14, x19
#11539 0 800001e0     86a2 r 0d         ffffffd0  c.mv     x13, x8
#11540 0 800001e2     864a r 0c         ffffffd8  c.mv     x12, x18
#11541 0 800001e4     4585 r 0b         00000001  c.li     x11, 0x1
#11542 0 800001e6     8552 r 0a         ffffffc0  c.mv     x10, x20
#11543 0 800001e8     37e9 r 01         800001ea  c.jal    . - 0x36
#11544 0 800001b2     1101 r 02         ffffff40  c.addi   x2, -0x20
#11545 0 800001b4     cc22 m ffffff58   ffffffd0  c.swsp   x8, 0x18
#11546 0 800001b6     ca26 m ffffff54   00000001  c.swsp   x9, 0x14
#11547 0 800001b8     c84a m ffffff50   ffffffd8  c.swsp   x18, 0x10
#11548 0 800001ba     c64e m ffffff4c   ffffffc8  c.swsp   x19, 0xc
#11549 0 800001bc     c452 m ffffff48   ffffffc0  c.swsp   x20, 0x8
#11550 0 800001be     ce06 m ffffff5c   800001ea  c.swsp   x1, 0x1c
#11551 0 800001c0     4785 r 0f         00000001  c.li     x15, 0x1
#11552 0 800001c2     8a2a r 14         ffffffc0  c.mv     x20, x10
#11553 0 800001c4     8932 r 12         ffffffd8  c.mv     x18, x12
#11554 0 800001c6     89ba r 13         ffffffc8  c.mv     x19, x14
#11555 0 800001c8     84ae r 09         00000001  c.mv     x9, x11
#11556 0 800001ca     8436 r 08         ffffffd0  c.mv     x8, x13
#11557 0 800001cc 02f58663 r 00         00000000  beq      x11, x15, . + 0x2c
#11558 0 800001f8     8432 r 08         ffffffd8  c.mv     x8, x12
#11559 0 800001fa     405c r 0f         f0040028  c.lw     x15, 0x4(x8)
#11560 0 800001fc     4014 r 0d         00000004  c.lw     x13, 0x0(x8)
#11561 0 800001fe 004a2703 r 0e         00000069  lw       x14, 0x4(x20)
#11562 0 80000202     43cc r 0b         f0040020  c.lw     x11, 0x4(x15)
#11563 0 80000204     4390 r 0c         00000002  c.lw     x12, 0x0(x15)
#11564 0 80000206     16fd r 0d         00000003  c.addi   x13, -0x1
#11565 0 80000208     c04c m ffffffdc   f0040020  c.sw     x11, 0x4(x8)
#11566 0 8000020a 0049a583 r 0b         f0040010  lw       x11, 0x4(x19)
#11567 0 8000020e     c014 m ffffffd8   00000003  c.sw     x13, 0x0(x8)
#11568 0 80000210 0009a683 r 0d         00000001  lw       x13, 0x0(x19)
#11569 0 80000214     c3cc m f004002c   f0040010  c.sw     x11, 0x4(x15)
#11570 0 80000216 00f9a223 m ffffffcc   f0040028  sw       x15, 0x4(x19)
#11571 0 8000021a     c390 m f0040028   00000002  c.sw     x12, 0x0(x15)
#11572 0 8000021c     40f2 r 01         800001ea  c.lwsp   x1, 0x1c
#11573 0 8000021e     4462 r 08         ffffffd0  c.lwsp   x8, 0x18
#11574 0 80000220 00168793 r 0f         00000002  addi     x15, x13, 0x1
#11575 0 80000224 00f9a023 m ffffffc8   00000002  sw       x15, 0x0(x19)
#11576 0 80000228 00170793 r 0f         0000006a  addi     x15, x14, 0x1
#11577 0 8000022c 00fa2223 m ffffffc4   0000006a  sw       x15, 0x4(x20)
#11578 0 80000230     44d2 r 09         00000001  c.lwsp   x9, 0x14
#11579 0 80000232     4942 r 12         ffffffd8  c.lwsp   x18, 0x10
#11580 0 80000234     49b2 r 13         ffffffc8  c.lwsp   x19, 0xc
#11581 0 80000236     4a22 r 14         ffffffc0  c.lwsp   x20, 0x8
#11582 0 80000238     6105 r 02         ffffff60  c.addi16sp 0x2
#11583 0 8000023a     8082 r 00         00000000  c.jr     x1
#11584 0 800001ea     4785 r 0f         00000001  c.li     x15, 0x1
#11585 0 800001ec     874a r 0e         ffffffd8  c.mv     x14, x18
#11586 0 800001ee 00f48663 r 00         00000000  beq      x9, x15, . + 0xc
#11587 0 800001fa     405c r 0f         f0040030  c.lw     x15, 0x4(x8)
#11588 0 800001fc     4014 r 0d         00000002  c.lw     x13, 0x0(x8)
#11589 0 800001fe 004a2703 r 0e         0000006a  lw       x14, 0x4(x20)
#11590 0 80000202     43cc r 0b         f0040018  c.lw     x11, 0x4(x15)
#11591 0 80000204     4390 r 0c         00000001  c.lw     x12, 0x0(x15)
#11592 0 80000206     16fd r 0d         00000001  c.addi   x13, -0x1
#11593 0 80000208     c04c m ffffffd4   f0040018  c.sw     x11, 0x4(x8)
#11594 0 8000020a 0049a583 r 0b         f0040028  lw       x11, 0x4(x19)
#11595 0 8000020e     c014 m ffffffd0   00000001  c.sw     x13, 0x0(x8)
#11596 0 80000210 0009a683 r 0d         00000002  lw       x13, 0x0(x19)
#11597 0 80000214     c3cc m f0040034   f0040028  c.sw     x11, 0x4(x15)
#11598 0 80000216 00f9a223 m ffffffcc   f0040030  sw       x15, 0x4(x19)
#11599 0 8000021a     c390 m f0040030   00000001  c.sw     x12, 0x0(x15)
#11600 0 8000021c     40f2 r 01         800001de  c.lwsp   x1, 0x1c
#11601 0 8000021e     4462 r 08         ffffffc8  c.lwsp   x8, 0x18
#11602 0 80000220 00168793 r 0f         00000003  addi     x15, x13, 0x1
#11603 0 80000224 00f9a023 m ffffffc8   00000003  sw       x15, 0x0(x19)
#11604 0 80000228 00170793 r 0f         0000006b  addi     x15, x14, 0x1
#11605 0 8000022c 00fa2223 m ffffffc4   0000006b  sw       x15, 0x4(x20)
#11606 0 80000230     44d2 r 09         00000002  c.lwsp   x9, 0x14
#11607 0 80000232     4942 r 12         ffffffd8  c.lwsp   x18, 0x10
#11608 0 80000234     49b2 r 13         ffffffd0  c.lwsp   x19, 0xc
#11609 0 80000236     4a22 r 14         ffffffc0  c.lwsp   x20, 0x8
#11610 0 80000238     6105 r 02         ffffff80  c.addi16sp 0x2
#11611 0 8000023a     8082 r 00         00000000  c.jr     x1
#11612 0 800001de     874e r 0e         ffffffd0  c.mv     x14, x19
#11613 0 800001e0     86a2 r 0d         ffffffc8  c.mv     x13, x8
#11614 0 800001e2     864a r 0c         ffffffd8  c.mv     x12, x18
#11615 0 800001e4     4585 r 0b         00000001  c.li     x11, 0x1
#11616 0 800001e6     8552 r 0a         ffffffc0  c.mv     x10, x20
#11617 0 800001e8     37e9 r 01         800001ea  c.jal    . - 0x36
#11618 0 800001b2     1101 r 02         ffffff60  c.addi   x2, -0x20
#11619 0 800001b4     cc22 m ffffff78   ffffffc8  c.swsp   x8, 0x18
#11620 0 800001b6     ca26 m ffffff74   00000002  c.swsp   x9, 0x14
#11621 0 800001b8     c84a m ffffff70   ffffffd8  c.swsp   x18, 0x10
#11622 0 800001ba     c64e m ffffff6c   ffffffd0  c.swsp   x19, 0xc
#11623 0 800001bc     c452 m ffffff68   ffffffc0  c.swsp   x20, 0x8
#11624 0 800001be     ce06 m ffffff7c   800001ea  c.swsp   x1, 0x1c
#11625 0 800001c0     4785 r 0f         00000001  c.li     x15, 0x1
#11626 0 800001c2     8a2a r 14         ffffffc0  c.mv     x20, x10
#11627 0 800001c4     8932 r 12         ffffffd8  c.mv     x18, x12
#11628 0 800001c6     89ba r 13         ffffffd0  c.mv     x19, x14
#11629 0 800001c8     84ae r 09         00000001  c.mv     x9, x11
#11630 0 800001ca     8436 r 08         ffffffc8  c.mv     x8, x13
#11631 0 800001cc 02f58663 r 00         00000000  beq      x11, x15, . + 0x2c
#11632 0 800001f8     8432 r 08         ffffffd8  c.mv     x8, x12
#11633 0 800001fa     405c r 0f         f0040020  c.lw     x15, 0x4(x8)
#11634 0 800001fc     4014 r 0d         00000003  c.lw     x13, 0x0(x8)
#11635 0 800001fe 004a2703 r 0e         0000006b  lw       x14, 0x4(x20)
#11636 0 80000202     43cc r 0b         f0040008  c.lw     x11, 0x4(x15)
#11637 0 80000204     4390 r 0c         00000003  c.lw     x12, 0x0(x15)
#11638 0 80000206     16fd r 0d         00000002  c.addi   x13, -0x1
#11639 0 80000208     c04c m ffffffdc   f0040008  c.sw     x11, 0x4(x8)
#11640 0 8000020a 0049a583 r 0b         f0040018  lw       x11, 0x4(x19)
#11641 0 8000020e     c014 m ffffffd8   00000002  c.sw     x13, 0x0(x8)
#11642 0 80000210 0009a683 r 0d         00000001  lw       x13, 0x0(x19)
#11643 0 80000214     c3cc m f0040024   f0040018  c.sw     x11, 0x4(x15)
#11644 0 80000216 00f9a223 m ffffffd4   f0040020  sw       x15, 0x4(x19)
#11645 0 8000021a     c390 m f0040020   00000003  c.sw     x12, 0x0(x15)
#11646 0 8000021c     40f2 r 01         800001ea  c.lwsp   x1, 0x1c
#11647 0 8000021e     4462 r 08         ffffffc8  c.lwsp   x8, 0x18
#11648 0 80000220 00168793 r 0f         00000002  addi     x15, x13, 0x1
#11649 0 80000224 00f9a023 m ffffffd0   00000002  sw       x15, 0x0(x19)
#11650 0 80000228 00170793 r 0f         0000006c  addi     x15, x14, 0x1
#11651 0 8000022c 00fa2223 m ffffffc4   0000006c  sw       x15, 0x4(x20)
#11652 0 80000230     44d2 r 09         00000002  c.lwsp   x9, 0x14
#11653 0 80000232     4942 r 12         ffffffd8  c.lwsp   x18, 0x10
#11654 0 80000234     49b2 r 13         ffffffd0  c.lwsp   x19, 0xc
#11655 0 80000236     4a22 r 14         ffffffc0  c.lwsp   x20, 0x8
#11656 0 80000238     6105 r 02         ffffff80  c.addi16sp 0x2
#11657 0 8000023a     8082 r 00         00000000  c.jr     x1
#11658 0 800001ea     4785 r 0f         00000001  c.li     x15, 0x1
#11659 0 800001ec     874a r 0e         ffffffd8  c.mv     x14, x18
#11660 0 800001ee 00f48663 r 00         00000000  beq      x9, x15, . + 0xc
#11661 0 800001f2     8922 r 12         ffffffc8  c.mv     x18, x8
#11662 0 800001f4     843a r 08         ffffffd8  c.mv     x8, x14
#11663 0 800001f6     bfe9 r 00         00000000  c.j      . - 0x26
#11664 0 800001d0     14fd r 09         00000001  c.addi   x9, -0x1
#11665 0 800001d2     85a6 r 0b         00000001  c.mv     x11, x9
#11666 0 800001d4     8552 r 0a         ffffffc0  c.mv     x10, x20
#11667 0 800001d6     8722 r 0e         ffffffd8  c.mv     x14, x8
#11668 0 800001d8     86ce r 0d         ffffffd0  c.mv     x13, x19
#11669 0 800001da     864a r 0c         ffffffc8  c.mv     x12, x18
#11670 0 800001dc     3fd9 r 01         800001de  c.jal    . - 0x2a
#11671 0 800001b2     1101 r 02         ffffff60  c.addi   x2, -0x20
#11672 0 800001b4     cc22 m ffffff78   ffffffd8  c.swsp   x8, 0x18
#11673 0 800001b6     ca26 m ffffff74   00000001  c.swsp   x9, 0x14
#11674 0 800001b8     c84a m ffffff70   ffffffc8  c.swsp   x18, 0x10
#11675 0 800001ba     c64e m ffffff6c   ffffffd0  c.swsp   x19, 0xc
#11676 0 800001bc     c452 m ffffff68   ffffffc0  c.swsp   x20, 0x8
#11677 0 800001be     ce06 m ffffff7c   800001de  c.swsp   x1, 0x1c
#11678 0 800001c0     4785 r 0f         00000001  c.li     x15, 0x1
#11679 0 800001c2     8a2a r 14         ffffffc0  c.mv     x20, x10
#11680 0 800001c4     8932 r 12         ffffffc8  c.mv     x18, x12
#11681 0 800001c6     89ba r 13         ffffffd8  c.mv     x19, x14
#11682 0 800001c8     84ae r 09         00000001  c.mv     x9, x11
#11683 0 800001ca     8436 r 08         ffffffd0  c.mv     x8, x13
#11684 0 800001cc 02f58663 r 00         00000000  beq      x11, x15, . + 0x2c
#11685 0 800001f8     8432 r 08         ffffffc8  c.mv     x8, x12
#11686 0 800001fa     405c r 0f         f0040030  c.lw     x15, 0x4(x8)
#11687 0 800001fc     4014 r 0d         00000003  c.lw     x13, 0x0(x8)
#11688 0 800001fe 004a2703 r 0e         0000006c  lw       x14, 0x4(x20)
#11689 0 80000202     43cc r 0b         f0040028  c.lw     x11, 0x4(x15)
#11690 0 80000204     4390 r 0c         00000001  c.lw     x12, 0x0(x15)
#11691 0 80000206     16fd r 0d         00000002  c.addi   x13, -0x1
#11692 0 80000208     c04c m ffffffcc   f0040028  c.sw     x11, 0x4(x8)
#11693 0 8000020a 0049a583 r 0b         f0040008  lw       x11, 0x4(x19)
#11694 0 8000020e     c014 m ffffffc8   00000002  c.sw     x13, 0x0(x8)
#11695 0 80000210 0009a683 r 0d         00000002  lw       x13, 0x0(x19)
#11696 0 80000214     c3cc m f0040034   f0040008  c.sw     x11, 0x4(x15)
#11697 0 80000216 00f9a223 m ffffffdc   f0040030  sw       x15, 0x4(x19)
#11698 0 8000021a     c390 m f0040030   00000001  c.sw     x12, 0x0(x15)
#11699 0 8000021c     40f2 r 01         800001de  c.lwsp   x1, 0x1c
#11700 0 8000021e     4462 r 08         ffffffd8  c.lwsp   x8, 0x18
#11701 0 80000220 00168793 r 0f         00000003  addi     x15, x13, 0x1
#11702 0 80000224 00f9a023 m ffffffd8   00000003  sw       x15, 0x0(x19)
#11703 0 80000228 00170793 r 0f         0000006d  addi     x15, x14, 0x1
#11704 0 8000022c 00fa2223 m ffffffc4   0000006d  sw       x15, 0x4(x20)
#11705 0 80000230     44d2 r 09         00000001  c.lwsp   x9, 0x14
#11706 0 80000232     4942 r 12         ffffffc8  c.lwsp   x18, 0x10
#11707 0 80000234     49b2 r 13         ffffffd0  c.lwsp   x19, 0xc
#11708 0 80000236     4a22 r 14         ffffffc0  c.lwsp   x20, 0x8
#11709 0 80000238     6105 r 02         ffffff80  c.addi16sp 0x2
#11710 0 8000023a     8082 r 00         00000000  c.jr     x1
#11711 0 800001de     874e r 0e         ffffffd0  c.mv     x14, x19
#11712 0 800001e0     86a2 r 0d         ffffffd8  c.mv     x13, x8
#11713 0 800001e2     864a r 0c         ffffffc8  c.mv     x12, x18
#11714 0 800001e4     4585 r 0b         00000001  c.li     x11, 0x1
#11715 0 800001e6     8552 r 0a         ffffffc0  c.mv     x10, x20
#11716 0 800001e8     37e9 r 01         800001ea  c.jal    . - 0x36
#11717 0 800001b2     1101 r 02         ffffff60  c.addi   x2, -0x20
#11718 0 800001b4     cc22 m ffffff78   ffffffd8  c.swsp   x8, 0x18
#11719 0 800001b6     ca26 m ffffff74   00000001  c.swsp   x9, 0x14
#11720 0 800001b8     c84a m ffffff70   ffffffc8  c.swsp   x18, 0x10
#11721 0 800001ba     c64e m ffffff6c   ffffffd0  c.swsp   x19, 0xc
#11722 0 800001bc     c452 m ffffff68   ffffffc0  c.swsp   x20, 0x8
#11723 0 800001be     ce06 m ffffff7c   800001ea  c.swsp   x1, 0x1c
#11724 0 800001c0     4785 r 0f         00000001  c.li     x15, 0x1
#11725 0 800001c2     8a2a r 14         ffffffc0  c.mv     x20, x10
#11726 0 800001c4     8932 r 12         ffffffc8  c.mv     x18, x12
#11727 0 800001c6     89ba r 13         ffffffd0  c.mv     x19, x14
#11728 0 800001c8     84ae r 09         00000001  c.mv     x9, x11
#11729 0 800001ca     8436 r 08         ffffffd8  c.mv     x8, x13
#11730 0 800001cc 02f58663 r 00         00000000  beq      x11, x15, . + 0x2c
#11731 0 800001f8     8432 r 08         ffffffc8  c.mv     x8, x12
#11732 0 800001fa     405c r 0f         f0040028  c.lw     x15, 0x4(x8)
#11733 0 800001fc     4014 r 0d         00000002  c.lw     x13, 0x0(x8)
#11734 0 800001fe 004a2703 r 0e         0000006d  lw       x14, 0x4(x20)
#11735 0 80000202     43cc r 0b         f0040010  c.lw     x11, 0x4(x15)
#11736 0 80000204     4390 r 0c         00000002  c.lw     x12, 0x0(x15)
#11737 0 80000206     16fd r 0d         00000001  c.addi   x13, -0x1
#11738 0 80000208     c04c m ffffffcc   f0040010  c.sw     x11, 0x4(x8)
#11739 0 8000020a 0049a583 r 0b         f0040020  lw       x11, 0x4(x19)
#11740 0 8000020e     c014 m ffffffc8   00000001  c.sw     x13, 0x0(x8)
#11741 0 80000210 0009a683 r 0d         00000002  lw       x13, 0x0(x19)
#11742 0 80000214     c3cc m f004002c   f0040020  c.sw     x11, 0x4(x15)
#11743 0 80000216 00f9a223 m ffffffd4   f0040028  sw       x15, 0x4(x19)
#11744 0 8000021a     c390 m f0040028   00000002  c.sw     x12, 0x0(x15)
#11745 0 8000021c     40f2 r 01         800001ea  c.lwsp   x1, 0x1c
#11746 0 8000021e     4462 r 08         ffffffd8  c.lwsp   x8, 0x18
#11747 0 80000220 00168793 r 0f         00000003  addi     x15, x13, 0x1
#11748 0 80000224 00f9a023 m ffffffd0   00000003  sw       x15, 0x0(x19)
#11749 0 80000228 00170793 r 0f         0000006e  addi     x15, x14, 0x1
#11750 0 8000022c 00fa2223 m ffffffc4   0000006e  sw       x15, 0x4(x20)
#11751 0 80000230     44d2 r 09         00000001  c.lwsp   x9, 0x14
#11752 0 80000232     4942 r 12         ffffffc8  c.lwsp   x18, 0x10
#11753 0 80000234     49b2 r 13         ffffffd0  c.lwsp   x19, 0xc
#11754 0 80000236     4a22 r 14         ffffffc0  c.lwsp   x20, 0x8
#11755 0 80000238     6105 r 02         ffffff80  c.addi16sp 0x2
#11756 0 8000023a     8082 r 00         00000000  c.jr     x1
#11757 0 800001ea     4785 r 0f         00000001  c.li     x15, 0x1
#11758 0 800001ec     874a r 0e         ffffffc8  c.mv     x14, x18
#11759 0 800001ee 00f48663 r 00         00000000  beq      x9, x15, . + 0xc
#11760 0 800001fa     405c r 0f         f0040030  c.lw     x15, 0x4(x8)
#11761 0 800001fc     4014 r 0d         00000003  c.lw     x13, 0x0(x8)
#11762 0 800001fe 004a2703 r 0e         0000006e  lw       x14, 0x4(x20)
#11763 0 80000202     43cc r 0b         f0040008  c.lw     x11, 0x4(x15)
#11764 0 80000204     4390 r 0c         00000001  c.lw     x12, 0x0(x15)
#11765 0 80000206     16fd r 0d         00000002  c.addi   x13, -0x1
#11766 0 80000208     c04c m ffffffdc   f0040008  c.sw     x11, 0x4(x8)
#11767 0 8000020a 0049a583 r 0b         f0040028  lw       x11, 0x4(x19)
#11768 0 8000020e     c014 m ffffffd8   00000002  c.sw     x13, 0x0(x8)
#11769 0 80000210 0009a683 r 0d         00000003  lw       x13, 0x0(x19)
#11770 0 80000214     c3cc m f0040034   f0040028  c.sw     x11, 0x4(x15)
#11771 0 80000216 00f9a223 m ffffffd4   f0040030  sw       x15, 0x4(x19)
#11772 0 8000021a     c390 m f0040030   00000001  c.sw     x12, 0x0(x15)
#11773 0 8000021c     40f2 r 01         800001de  c.lwsp   x1, 0x1c
#11774 0 8000021e     4462 r 08         ffffffd0  c.lwsp   x8, 0x18
#11775 0 80000220 00168793 r 0f         00000004  addi     x15, x13, 0x1
#11776 0 80000224 00f9a023 m ffffffd0   00000004  sw       x15, 0x0(x19)
#11777 0 80000228 00170793 r 0f         0000006f  addi     x15, x14, 0x1
#11778 0 8000022c 00fa2223 m ffffffc4   0000006f  sw       x15, 0x4(x20)
#11779 0 80000230     44d2 r 09         00000004  c.lwsp   x9, 0x14
#11780 0 80000232     4942 r 12         ffffffc8  c.lwsp   x18, 0x10
#11781 0 80000234     49b2 r 13         ffffffd8  c.lwsp   x19, 0xc
#11782 0 80000236     4a22 r 14         ffffffc0  c.lwsp   x20, 0x8
#11783 0 80000238     6105 r 02         ffffffa0  c.addi16sp 0x2
#11784 0 8000023a     8082 r 00         00000000  c.jr     x1
#11785 0 800001de     874e r 0e         ffffffd8  c.mv     x14, x19
#11786 0 800001e0     86a2 r 0d         ffffffd0  c.mv     x13, x8
#11787 0 800001e2     864a r 0c         ffffffc8  c.mv     x12, x18
#11788 0 800001e4     4585 r 0b         00000001  c.li     x11, 0x1
#11789 0 800001e6     8552 r 0a         ffffffc0  c.mv     x10, x20
#11790 0 800001e8     37e9 r 01         800001ea  c.jal    . - 0x36
#11791 0 800001b2     1101 r 02         ffffff80  c.addi   x2, -0x20
#11792 0 800001b4     cc22 m ffffff98   ffffffd0  c.swsp   x8, 0x18
#11793 0 800001b6     ca26 m ffffff94   00000004  c.swsp   x9, 0x14
#11794 0 800001b8     c84a m ffffff90   ffffffc8  c.swsp   x18, 0x10
#11795 0 800001ba     c64e m ffffff8c   ffffffd8  c.swsp   x19, 0xc
#11796 0 800001bc     c452 m ffffff88   ffffffc0  c.swsp   x20, 0x8
#11797 0 800001be     ce06 m ffffff9c   800001ea  c.swsp   x1, 0x1c
#11798 0 800001c0     4785 r 0f         00000001  c.li     x15, 0x1
#11799 0 800001c2     8a2a r 14         ffffffc0  c.mv     x20, x10
#11800 0 800001c4     8932 r 12         ffffffc8  c.mv     x18, x12
#11801 0 800001c6     89ba r 13         ffffffd8  c.mv     x19, x14
#11802 0 800001c8     84ae r 09         00000001  c.mv     x9, x11
#11803 0 800001ca     8436 r 08         ffffffd0  c.mv     x8, x13
#11804 0 800001cc 02f58663 r 00         00000000  beq      x11, x15, . + 0x2c
#11805 0 800001f8     8432 r 08         ffffffc8  c.mv     x8, x12
#11806 0 800001fa     405c r 0f         f0040010  c.lw     x15, 0x4(x8)
#11807 0 800001fc     4014 r 0d         00000001  c.lw     x13, 0x0(x8)
#11808 0 800001fe 004a2703 r 0e         0000006f  lw       x14, 0x4(x20)
#11809 0 80000202     43cc r 0b         00000000  c.lw     x11, 0x4(x15)
#11810 0 80000204     4390 r 0c         00000005  c.lw     x12, 0x0(x15)
#11811 0 80000206     16fd r 0d         00000000  c.addi   x13, -0x1
#11812 0 80000208     c04c m ffffffcc   00000000  c.sw     x11, 0x4(x8)
#11813 0 8000020a 0049a583 r 0b         f0040008  lw       x11, 0x4(x19)
#11814 0 8000020e     c014 m ffffffc8   00000000  c.sw     x13, 0x0(x8)
#11815 0 80000210 0009a683 r 0d         00000002  lw       x13, 0x0(x19)
#11816 0 80000214     c3cc m f0040014   f0040008  c.sw     x11, 0x4(x15)
#11817 0 80000216 00f9a223 m ffffffdc   f0040010  sw       x15, 0x4(x19)
#11818 0 8000021a     c390 m f0040010   00000005  c.sw     x12, 0x0(x15)
#11819 0 8000021c     40f2 r 01         800001ea  c.lwsp   x1, 0x1c
#11820 0 8000021e     4462 r 08         ffffffd0  c.lwsp   x8, 0x18
#11821 0 80000220 00168793 r 0f         00000003  addi     x15, x13, 0x1
#11822 0 80000224 00f9a023 m ffffffd8   00000003  sw       x15, 0x0(x19)
#11823 0 80000228 00170793 r 0f         00000070  addi     x15, x14, 0x1
#11824 0 8000022c 00fa2223 m ffffffc4   00000070  sw       x15, 0x4(x20)
#11825 0 80000230     44d2 r 09         00000004  c.lwsp   x9, 0x14
#11826 0 80000232     4942 r 12         ffffffc8  c.lwsp   x18, 0x10
#11827 0 80000234     49b2 r 13         ffffffd8  c.lwsp   x19, 0xc
#11828 0 80000236     4a22 r 14         ffffffc0  c.lwsp   x20, 0x8
#11829 0 80000238     6105 r 02         ffffffa0  c.addi16sp 0x2
#11830 0 8000023a     8082 r 00         00000000  c.jr     x1
#11831 0 800001ea     4785 r 0f         00000001  c.li     x15, 0x1
#11832 0 800001ec     874a r 0e         ffffffc8  c.mv     x14, x18
#11833 0 800001ee 00f48663 r 00         00000000  beq      x9, x15, . + 0xc
#11834 0 800001f2     8922 r 12         ffffffd0  c.mv     x18, x8
#11835 0 800001f4     843a r 08         ffffffc8  c.mv     x8, x14
#11836 0 800001f6     bfe9 r 00         00000000  c.j      . - 0x26
#11837 0 800001d0     14fd r 09         00000003  c.addi   x9, -0x1
#11838 0 800001d2     85a6 r 0b         00000003  c.mv     x11, x9
#11839 0 800001d4     8552 r 0a         ffffffc0  c.mv     x10, x20
#11840 0 800001d6     8722 r 0e         ffffffc8  c.mv     x14, x8
#11841 0 800001d8     86ce r 0d         ffffffd8  c.mv     x13, x19
#11842 0 800001da     864a r 0c         ffffffd0  c.mv     x12, x18
#11843 0 800001dc     3fd9 r 01         800001de  c.jal    . - 0x2a
#11844 0 800001b2     1101 r 02         ffffff80  c.addi   x2, -0x20
#11845 0 800001b4     cc22 m ffffff98   ffffffc8  c.swsp   x8, 0x18
#11846 0 800001b6     ca26 m ffffff94   00000003  c.swsp   x9, 0x14
#11847 0 800001b8     c84a m ffffff90   ffffffd0  c.swsp   x18, 0x10
#11848 0 800001ba     c64e m ffffff8c   ffffffd8  c.swsp   x19, 0xc
#11849 0 800001bc     c452 m ffffff88   ffffffc0  c.swsp   x20, 0x8
#11850 0 800001be     ce06 m ffffff9c   800001de  c.swsp   x1, 0x1c
#11851 0 800001c0     4785 r 0f         00000001  c.li     x15, 0x1
#11852 0 800001c2     8a2a r 14         ffffffc0  c.mv     x20, x10
#11853 0 800001c4     8932 r 12         ffffffd0  c.mv     x18, x12
#11854 0 800001c6     89ba r 13         ffffffc8  c.mv     x19, x14
#11855 0 800001c8     84ae r 09         00000003  c.mv     x9, x11
#11856 0 800001ca     8436 r 08         ffffffd8  c.mv     x8, x13
#11857 0 800001cc 02f58663 r 00         00000000  beq      x11, x15, . + 0x2c
#11858 0 800001d0     14fd r 09         00000002  c.addi   x9, -0x1
#11859 0 800001d2     85a6 r 0b         00000002  c.mv     x11, x9
#11860 0 800001d4     8552 r 0a         ffffffc0  c.mv     x10, x20
#11861 0 800001d6     8722 r 0e         ffffffd8  c.mv     x14, x8
#11862 0 800001d8     86ce r 0d         ffffffc8  c.mv     x13, x19
#11863 0 800001da     864a r 0c         ffffffd0  c.mv     x12, x18
#11864 0 800001dc     3fd9 r 01         800001de  c.jal    . - 0x2a
#11865 0 800001b2     1101 r 02         ffffff60  c.addi   x2, -0x20
#11866 0 800001b4     cc22 m ffffff78   ffffffd8  c.swsp   x8, 0x18
#11867 0 800001b6     ca26 m ffffff74   00000002  c.swsp   x9, 0x14
#11868 0 800001b8     c84a m ffffff70   ffffffd0  c.swsp   x18, 0x10
#11869 0 800001ba     c64e m ffffff6c   ffffffc8  c.swsp   x19, 0xc
#11870 0 800001bc     c452 m ffffff68   ffffffc0  c.swsp   x20, 0x8
#11871 0 800001be     ce06 m ffffff7c   800001de  c.swsp   x1, 0x1c
#11872 0 800001c0     4785 r 0f         00000001  c.li     x15, 0x1
#11873 0 800001c2     8a2a r 14         ffffffc0  c.mv     x20, x10
#11874 0 800001c4     8932 r 12         ffffffd0  c.mv     x18, x12
#11875 0 800001c6     89ba r 13         ffffffd8  c.mv     x19, x14
#11876 0 800001c8     84ae r 09         00000002  c.mv     x9, x11
#11877 0 800001ca     8436 r 08         ffffffc8  c.mv     x8, x13
#11878 0 800001cc 02f58663 r 00         00000000  beq      x11, x15, . + 0x2c
#11879 0 800001d0     14fd r 09         00000001  c.addi   x9, -0x1
#11880 0 800001d2     85a6 r 0b         00000001  c.mv     x11, x9
#11881 0 800001d4     8552 r 0a         ffffffc0  c.mv     x10, x20
#11882 0 800001d6     8722 r 0e         ffffffc8  c.mv     x14, x8
#11883 0 800001d8     86ce r 0d         ffffffd8  c.mv     x13, x19
#11884 0 800001da     864a r 0c         ffffffd0  c.mv     x12, x18
#11885 0 800001dc     3fd9 r 01         800001de  c.jal    . - 0x2a
#11886 0 800001b2     1101 r 02         ffffff40  c.addi   x2, -0x20
#11887 0 800001b4     cc22 m ffffff58   ffffffc8  c.swsp   x8, 0x18
#11888 0 800001b6     ca26 m ffffff54   00000001  c.swsp   x9, 0x14
#11889 0 800001b8     c84a m ffffff50   ffffffd0  c.swsp   x18, 0x10
#11890 0 800001ba     c64e m ffffff4c   ffffffd8  c.swsp   x19, 0xc
#11891 0 800001bc     c452 m ffffff48   ffffffc0  c.swsp   x20, 0x8
#11892 0 800001be     ce06 m ffffff5c   800001de  c.swsp   x1, 0x1c
#11893 0 800001c0     4785 r 0f         00000001  c.li     x15, 0x1
#11894 0 800001c2     8a2a r 14         ffffffc0  c.mv     x20, x10
#11895 0 800001c4     8932 r 12         ffffffd0  c.mv     x18, x12
#11896 0 800001c6     89ba r 13         ffffffc8  c.mv     x19, x14
#11897 0 800001c8     84ae r 09         00000001  c.mv     x9, x11
#11898 0 800001ca     8436 r 08         ffffffd8  c.mv     x8, x13
#11899 0 800001cc 02f58663 r 00         00000000  beq      x11, x15, . + 0x2c
#11900 0 800001f8     8432 r 08         ffffffd0  c.mv     x8, x12
#11901 0 800001fa     405c r 0f         f0040030  c.lw     x15, 0x4(x8)
#11902 0 800001fc     4014 r 0d         00000004  c.lw     x13, 0x0(x8)
#11903 0 800001fe 004a2703 r 0e         00000070  lw       x14, 0x4(x20)
#11904 0 80000202     43cc r 0b         f0040028  c.lw     x11, 0x4(x15)
#11905 0 80000204     4390 r 0c         00000001  c.lw     x12, 0x0(x15)
#11906 0 80000206     16fd r 0d         00000003  c.addi   x13, -0x1
#11907 0 80000208     c04c m ffffffd4   f0040028  c.sw     x11, 0x4(x8)
#11908 0 8000020a 0049a583 r 0b         00000000  lw       x11, 0x4(x19)
#11909 0 8000020e     c014 m ffffffd0   00000003  c.sw     x13, 0x0(x8)
#11910 0 80000210 0009a683 r 0d         00000000  lw       x13, 0x0(x19)
#11911 0 80000214     c3cc m f0040034   00000000  c.sw     x11, 0x4(x15)
#11912 0 80000216 00f9a223 m ffffffcc   f0040030  sw       x15, 0x4(x19)
#11913 0 8000021a     c390 m f0040030   00000001  c.sw     x12, 0x0(x15)
#11914 0 8000021c     40f2 r 01         800001de  c.lwsp   x1, 0x1c
#11915 0 8000021e     4462 r 08         ffffffc8  c.lwsp   x8, 0x18
#11916 0 80000220 00168793 r 0f         00000001  addi     x15, x13, 0x1
#11917 0 80000224 00f9a023 m ffffffc8   00000001  sw       x15, 0x0(x19)
#11918 0 80000228 00170793 r 0f         00000071  addi     x15, x14, 0x1
#11919 0 8000022c 00fa2223 m ffffffc4   00000071  sw       x15, 0x4(x20)
#11920 0 80000230     44d2 r 09         00000001  c.lwsp   x9, 0x14
#11921 0 80000232     4942 r 12         ffffffd0  c.lwsp   x18, 0x10
#11922 0 80000234     49b2 r 13         ffffffd8  c.lwsp   x19, 0xc
#11923 0 80000236     4a22 r 14         ffffffc0  c.lwsp   x20, 0x8
#11924 0 80000238     6105 r 02         ffffff60  c.addi16sp 0x2
#11925 0 8000023a     8082 r 00         00000000  c.jr     x1
#11926 0 800001de     874e r 0e         ffffffd8  c.mv     x14, x19
#11927 0 800001e0     86a2 r 0d         ffffffc8  c.mv     x13, x8
#11928 0 800001e2     864a r 0c         ffffffd0  c.mv     x12, x18
#11929 0 800001e4     4585 r 0b         00000001  c.li     x11, 0x1
#11930 0 800001e6     8552 r 0a         ffffffc0  c.mv     x10, x20
#11931 0 800001e8     37e9 r 01         800001ea  c.jal    . - 0x36
#11932 0 800001b2     1101 r 02         ffffff40  c.addi   x2, -0x20
#11933 0 800001b4     cc22 m ffffff58   ffffffc8  c.swsp   x8, 0x18
#11934 0 800001b6     ca26 m ffffff54   00000001  c.swsp   x9, 0x14
#11935 0 800001b8     c84a m ffffff50   ffffffd0  c.swsp   x18, 0x10
#11936 0 800001ba     c64e m ffffff4c   ffffffd8  c.swsp   x19, 0xc
#11937 0 800001bc     c452 m ffffff48   ffffffc0  c.swsp   x20, 0x8
#11938 0 800001be     ce06 m ffffff5c   800001ea  c.swsp   x1, 0x1c
#11939 0 800001c0     4785 r 0f         00000001  c.li     x15, 0x1
#11940 0 800001c2     8a2a r 14         ffffffc0  c.mv     x20, x10
#11941 0 800001c4     8932 r 12         ffffffd0  c.mv     x18, x12
#11942 0 800001c6     89ba r 13         ffffffd8  c.mv     x19, x14
#11943 0 800001c8     84ae r 09         00000001  c.mv     x9, x11
#11944 0 800001ca     8436 r 08         ffffffc8  c.mv     x8, x13
#11945 0 800001cc 02f58663 r 00         00000000  beq      x11, x15, . + 0x2c
#11946 0 800001f8     8432 r 08         ffffffd0  c.mv     x8, x12
#11947 0 800001fa     405c r 0f         f0040028  c.lw     x15, 0x4(x8)
#11948 0 800001fc     4014 r 0d         00000003  c.lw     x13, 0x0(x8)
#11949 0 800001fe 004a2703 r 0e         00000071  lw       x14, 0x4(x20)
#11950 0 80000202     43cc r 0b         f0040020  c.lw     x11, 0x4(x15)
#11951 0 80000204     4390 r 0c         00000002  c.lw     x12, 0x0(x15)
#11952 0 80000206     16fd r 0d         00000002  c.addi   x13, -0x1
#11953 0 80000208     c04c m ffffffd4   f0040020  c.sw     x11, 0x4(x8)
#11954 0 8000020a 0049a583 r 0b         f0040010  lw       x11, 0x4(x19)
#11955 0 8000020e     c014 m ffffffd0   00000002  c.sw     x13, 0x0(x8)
#11956 0 80000210 0009a683 r 0d         00000003  lw       x13, 0x0(x19)
#11957 0 80000214     c3cc m f004002c   f0040010  c.sw     x11, 0x4(x15)
#11958 0 80000216 00f9a223 m ffffffdc   f0040028  sw       x15, 0x4(x19)
#11959 0 8000021a     c390 m f0040028   00000002  c.sw     x12, 0x0(x15)
#11960 0 8000021c     40f2 r 01         800001ea  c.lwsp   x1, 0x1c
#11961 0 8000021e     4462 r 08         ffffffc8  c.lwsp   x8, 0x18
#11962 0 80000220 00168793 r 0f         00000004  addi     x15, x13, 0x1
#11963 0 80000224 00f9a023 m ffffffd8   00000004  sw       x15, 0x0(x19)
#11964 0 80000228 00170793 r 0f         00000072  addi     x15, x14, 0x1
#11965 0 8000022c 00fa2223 m ffffffc4   00000072  sw       x15, 0x4(x20)
#11966 0 80000230     44d2 r 09         00000001  c.lwsp   x9, 0x14
#11967 0 80000232     4942 r 12         ffffffd0  c.lwsp   x18, 0x10
#11968 0 80000234     49b2 r 13         ffffffd8  c.lwsp   x19, 0xc
#11969 0 80000236     4a22 r 14         ffffffc0  c.lwsp   x20, 0x8
#11970 0 80000238     6105 r 02         ffffff60  c.addi16sp 0x2
#11971 0 8000023a     8082 r 00         00000000  c.jr     x1
#11972 0 800001ea     4785 r 0f         00000001  c.li     x15, 0x1
#11973 0 800001ec     874a r 0e         ffffffd0  c.mv     x14, x18
#11974 0 800001ee 00f48663 r 00         00000000  beq      x9, x15, . + 0xc
#11975 0 800001fa     405c r 0f         f0040030  c.lw     x15, 0x4(x8)
#11976 0 800001fc     4014 r 0d         00000001  c.lw     x13, 0x0(x8)
#11977 0 800001fe 004a2703 r 0e         00000072  lw       x14, 0x4(x20)
#11978 0 80000202     43cc r 0b         00000000  c.lw     x11, 0x4(x15)
#11979 0 80000204     4390 r 0c         00000001  c.lw     x12, 0x0(x15)
#11980 0 80000206     16fd r 0d         00000000  c.addi   x13, -0x1
#11981 0 80000208     c04c m ffffffcc   00000000  c.sw     x11, 0x4(x8)
#11982 0 8000020a 0049a583 r 0b         f0040028  lw       x11, 0x4(x19)
#11983 0 8000020e     c014 m ffffffc8   00000000  c.sw     x13, 0x0(x8)
#11984 0 80000210 0009a683 r 0d         00000004  lw       x13, 0x0(x19)
#11985 0 80000214     c3cc m f0040034   f0040028  c.sw     x11, 0x4(x15)
#11986 0 80000216 00f9a223 m ffffffdc   f0040030  sw       x15, 0x4(x19)
#11987 0 8000021a     c390 m f0040030   00000001  c.sw     x12, 0x0(x15)
#11988 0 8000021c     40f2 r 01         800001de  c.lwsp   x1, 0x1c
#11989 0 8000021e     4462 r 08         ffffffd8  c.lwsp   x8, 0x18
#11990 0 80000220 00168793 r 0f         00000005  addi     x15, x13, 0x1
#11991 0 80000224 00f9a023 m ffffffd8   00000005  sw       x15, 0x0(x19)
#11992 0 80000228 00170793 r 0f         00000073  addi     x15, x14, 0x1
#11993 0 8000022c 00fa2223 m ffffffc4   00000073  sw       x15, 0x4(x20)
#11994 0 80000230     44d2 r 09         00000002  c.lwsp   x9, 0x14
#11995 0 80000232     4942 r 12         ffffffd0  c.lwsp   x18, 0x10
#11996 0 80000234     49b2 r 13         ffffffc8  c.lwsp   x19, 0xc
#11997 0 80000236     4a22 r 14         ffffffc0  c.lwsp   x20, 0x8
#11998 0 80000238     6105 r 02         ffffff80  c.addi16sp 0x2
#11999 0 8000023a     8082 r 00         00000000  c.jr     x1
#12000 0 800001de     874e r 0e         ffffffc8  c.mv     x14, x19
#12001 0 800001e0     86a2 r 0d         ffffffd8  c.mv     x13, x8
#12002 0 800001e2     864a r 0c         ffffffd0  c.mv     x12, x18
#12003 0 800001e4     4585 r 0b         00000001  c.li     x11, 0x1
#12004 0 800001e6     8552 r 0a         ffffffc0  c.mv     x10, x20
#12005 0 800001e8     37e9 r 01         800001ea  c.jal    . - 0x36
#12006 0 800001b2     1101 r 02         ffffff60  c.addi   x2, -0x20
#12007 0 800001b4     cc22 m ffffff78   ffffffd8  c.swsp   x8, 0x18
#12008 0 800001b6     ca26 m ffffff74   00000002  c.swsp   x9, 0x14
#12009 0 800001b8     c84a m ffffff70   ffffffd0  c.swsp   x18, 0x10
#12010 0 800001ba     c64e m ffffff6c   ffffffc8  c.swsp   x19, 0xc
#12011 0 800001bc     c452 m ffffff68   ffffffc0  c.swsp   x20, 0x8
#12012 0 800001be     ce06 m ffffff7c   800001ea  c.swsp   x1, 0x1c
#12013 0 800001c0     4785 r 0f         00000001  c.li     x15, 0x1
#12014 0 800001c2     8a2a r 14         ffffffc0  c.mv     x20, x10
#12015 0 800001c4     8932 r 12         ffffffd0  c.mv     x18, x12
#12016 0 800001c6     89ba r 13         ffffffc8  c.mv     x19, x14
#12017 0 800001c8     84ae r 09         00000001  c.mv     x9, x11
#12018 0 800001ca     8436 r 08         ffffffd8  c.mv     x8, x13
#12019 0 800001cc 02f58663 r 00         00000000  beq      x11, x15, . + 0x2c
#12020 0 800001f8     8432 r 08         ffffffd0  c.mv     x8, x12
#12021 0 800001fa     405c r 0f         f0040020  c.lw     x15, 0x4(x8)
#12022 0 800001fc     4014 r 0d         00000002  c.lw     x13, 0x0(x8)
#12023 0 800001fe 004a2703 r 0e         00000073  lw       x14, 0x4(x20)
#12024 0 80000202     43cc r 0b         f0040018  c.lw     x11, 0x4(x15)
#12025 0 80000204     4390 r 0c         00000003  c.lw     x12, 0x0(x15)
#12026 0 80000206     16fd r 0d         00000001  c.addi   x13, -0x1
#12027 0 80000208     c04c m ffffffd4   f0040018  c.sw     x11, 0x4(x8)
#12028 0 8000020a 0049a583 r 0b         00000000  lw       x11, 0x4(x19)
#12029 0 8000020e     c014 m ffffffd0   00000001  c.sw     x13, 0x0(x8)
#12030 0 80000210 0009a683 r 0d         00000000  lw       x13, 0x0(x19)
#12031 0 80000214     c3cc m f0040024   00000000  c.sw     x11, 0x4(x15)
#12032 0 80000216 00f9a223 m ffffffcc   f0040020  sw       x15, 0x4(x19)
#12033 0 8000021a     c390 m f0040020   00000003  c.sw     x12, 0x0(x15)
#12034 0 8000021c     40f2 r 01         800001ea  c.lwsp   x1, 0x1c
#12035 0 8000021e     4462 r 08         ffffffd8  c.lwsp   x8, 0x18
#12036 0 80000220 00168793 r 0f         00000001  addi     x15, x13, 0x1
#12037 0 80000224 00f9a023 m ffffffc8   00000001  sw       x15, 0x0(x19)
#12038 0 80000228 00170793 r 0f         00000074  addi     x15, x14, 0x1
#12039 0 8000022c 00fa2223 m ffffffc4   00000074  sw       x15, 0x4(x20)
#12040 0 80000230     44d2 r 09         00000002  c.lwsp   x9, 0x14
#12041 0 80000232     4942 r 12         ffffffd0  c.lwsp   x18, 0x10
#12042 0 80000234     49b2 r 13         ffffffc8  c.lwsp   x19, 0xc
#12043 0 80000236     4a22 r 14         ffffffc0  c.lwsp   x20, 0x8
#12044 0 80000238     6105 r 02         ffffff80  c.addi16sp 0x2
#12045 0 8000023a     8082 r 00         00000000  c.jr     x1
#12046 0 800001ea     4785 r 0f         00000001  c.li     x15, 0x1
#12047 0 800001ec     874a r 0e         ffffffd0  c.mv     x14, x18
#12048 0 800001ee 00f48663 r 00         00000000  beq      x9, x15, . + 0xc
#12049 0 800001f2     8922 r 12         ffffffd8  c.mv     x18, x8
#12050 0 800001f4     843a r 08         ffffffd0  c.mv     x8, x14
#12051 0 800001f6     bfe9 r 00         00000000  c.j      . - 0x26
#12052 0 800001d0     14fd r 09         00000001  c.addi   x9, -0x1
#12053 0 800001d2     85a6 r 0b         00000001  c.mv     x11, x9
#12054 0 800001d4     8552 r 0a         ffffffc0  c.mv     x10, x20
#12055 0 800001d6     8722 r 0e         ffffffd0  c.mv     x14, x8
#12056 0 800001d8     86ce r 0d         ffffffc8  c.mv     x13, x19
#12057 0 800001da     864a r 0c         ffffffd8  c.mv     x12, x18
#12058 0 800001dc     3fd9 r 01         800001de  c.jal    . - 0x2a
#12059 0 800001b2     1101 r 02         ffffff60  c.addi   x2, -0x20
#12060 0 800001b4     cc22 m ffffff78   ffffffd0  c.swsp   x8, 0x18
#12061 0 800001b6     ca26 m ffffff74   00000001  c.swsp   x9, 0x14
#12062 0 800001b8     c84a m ffffff70   ffffffd8  c.swsp   x18, 0x10
#12063 0 800001ba     c64e m ffffff6c   ffffffc8  c.swsp   x19, 0xc
#12064 0 800001bc     c452 m ffffff68   ffffffc0  c.swsp   x20, 0x8
#12065 0 800001be     ce06 m ffffff7c   800001de  c.swsp   x1, 0x1c
#12066 0 800001c0     4785 r 0f         00000001  c.li     x15, 0x1
#12067 0 800001c2     8a2a r 14         ffffffc0  c.mv     x20, x10
#12068 0 800001c4     8932 r 12         ffffffd8  c.mv     x18, x12
#12069 0 800001c6     89ba r 13         ffffffd0  c.mv     x19, x14
#12070 0 800001c8     84ae r 09         00000001  c.mv     x9, x11
#12071 0 800001ca     8436 r 08         ffffffc8  c.mv     x8, x13
#12072 0 800001cc 02f58663 r 00         00000000  beq      x11, x15, . + 0x2c
#12073 0 800001f8     8432 r 08         ffffffd8  c.mv     x8, x12
#12074 0 800001fa     405c r 0f         f0040030  c.lw     x15, 0x4(x8)
#12075 0 800001fc     4014 r 0d         00000005  c.lw     x13, 0x0(x8)
#12076 0 800001fe 004a2703 r 0e         00000074  lw       x14, 0x4(x20)
#12077 0 80000202     43cc r 0b         f0040028  c.lw     x11, 0x4(x15)
#12078 0 80000204     4390 r 0c         00000001  c.lw     x12, 0x0(x15)
#12079 0 80000206     16fd r 0d         00000004  c.addi   x13, -0x1
#12080 0 80000208     c04c m ffffffdc   f0040028  c.sw     x11, 0x4(x8)
#12081 0 8000020a 0049a583 r 0b         f0040018  lw       x11, 0x4(x19)
#12082 0 8000020e     c014 m ffffffd8   00000004  c.sw     x13, 0x0(x8)
#12083 0 80000210 0009a683 r 0d         00000001  lw       x13, 0x0(x19)
#12084 0 80000214     c3cc m f0040034   f0040018  c.sw     x11, 0x4(x15)
#12085 0 80000216 00f9a223 m ffffffd4   f0040030  sw       x15, 0x4(x19)
#12086 0 8000021a     c390 m f0040030   00000001  c.sw     x12, 0x0(x15)
#12087 0 8000021c     40f2 r 01         800001de  c.lwsp   x1, 0x1c
#12088 0 8000021e     4462 r 08         ffffffd0  c.lwsp   x8, 0x18
#12089 0 80000220 00168793 r 0f         00000002  addi     x15, x13, 0x1
#12090 0 80000224 00f9a023 m ffffffd0   00000002  sw       x15, 0x0(x19)
#12091 0 80000228 00170793 r 0f         00000075  addi     x15, x14, 0x1
#12092 0 8000022c 00fa2223 m ffffffc4   00000075  sw       x15, 0x4(x20)
#12093 0 80000230     44d2 r 09         00000001  c.lwsp   x9, 0x14
#12094 0 80000232     4942 r 12         ffffffd8  c.lwsp   x18, 0x10
#12095 0 80000234     49b2 r 13         ffffffc8  c.lwsp   x19, 0xc
#12096 0 80000236     4a22 r 14         ffffffc0  c.lwsp   x20, 0x8
#12097 0 80000238     6105 r 02         ffffff80  c.addi16sp 0x2
#12098 0 8000023a     8082 r 00         00000000  c.jr     x1
#12099 0 800001de     874e r 0e         ffffffc8  c.mv     x14, x19
#12100 0 800001e0     86a2 r 0d         ffffffd0  c.mv     x13, x8
#12101 0 800001e2     864a r 0c         ffffffd8  c.mv     x12, x18
#12102 0 800001e4     4585 r 0b         00000001  c.li     x11, 0x1
#12103 0 800001e6     8552 r 0a         ffffffc0  c.mv     x10, x20
#12104 0 800001e8     37e9 r 01         800001ea  c.jal    . - 0x36
#12105 0 800001b2     1101 r 02         ffffff60  c.addi   x2, -0x20
#12106 0 800001b4     cc22 m ffffff78   ffffffd0  c.swsp   x8, 0x18
#12107 0 800001b6     ca26 m ffffff74   00000001  c.swsp   x9, 0x14
#12108 0 800001b8     c84a m ffffff70   ffffffd8  c.swsp   x18, 0x10
#12109 0 800001ba     c64e m ffffff6c   ffffffc8  c.swsp   x19, 0xc
#12110 0 800001bc     c452 m ffffff68   ffffffc0  c.swsp   x20, 0x8
#12111 0 800001be     ce06 m ffffff7c   800001ea  c.swsp   x1, 0x1c
#12112 0 800001c0     4785 r 0f         00000001  c.li     x15, 0x1
#12113 0 800001c2     8a2a r 14         ffffffc0  c.mv     x20, x10
#12114 0 800001c4     8932 r 12         ffffffd8  c.mv     x18, x12
#12115 0 800001c6     89ba r 13         ffffffc8  c.mv     x19, x14
#12116 0 800001c8     84ae r 09         00000001  c.mv     x9, x11
#12117 0 800001ca     8436 r 08         ffffffd0  c.mv     x8, x13
#12118 0 800001cc 02f58663 r 00         00000000  beq      x11, x15, . + 0x2c
#12119 0 800001f8     8432 r 08         ffffffd8  c.mv     x8, x12
#12120 0 800001fa     405c r 0f         f0040028  c.lw     x15, 0x4(x8)
#12121 0 800001fc     4014 r 0d         00000004  c.lw     x13, 0x0(x8)
#12122 0 800001fe 004a2703 r 0e         00000075  lw       x14, 0x4(x20)
#12123 0 80000202     43cc r 0b         f0040010  c.lw     x11, 0x4(x15)
#12124 0 80000204     4390 r 0c         00000002  c.lw     x12, 0x0(x15)
#12125 0 80000206     16fd r 0d         00000003  c.addi   x13, -0x1
#12126 0 80000208     c04c m ffffffdc   f0040010  c.sw     x11, 0x4(x8)
#12127 0 8000020a 0049a583 r 0b         f0040020  lw       x11, 0x4(x19)
#12128 0 8000020e     c014 m ffffffd8   00000003  c.sw     x13, 0x0(x8)
#12129 0 80000210 0009a683 r 0d         00000001  lw       x13, 0x0(x19)
#12130 0 80000214     c3cc m f004002c   f0040020  c.sw     x11, 0x4(x15)
#12131 0 80000216 00f9a223 m ffffffcc   f0040028  sw       x15, 0x4(x19)
#12132 0 8000021a     c390 m f0040028   00000002  c.sw     x12, 0x0(x15)
#12133 0 8000021c     40f2 r 01         800001ea  c.lwsp   x1, 0x1c
#12134 0 8000021e     4462 r 08         ffffffd0  c.lwsp   x8, 0x18
#12135 0 80000220 00168793 r 0f         00000002  addi     x15, x13, 0x1
#12136 0 80000224 00f9a023 m ffffffc8   00000002  sw       x15, 0x0(x19)
#12137 0 80000228 00170793 r 0f         00000076  addi     x15, x14, 0x1
#12138 0 8000022c 00fa2223 m ffffffc4   00000076  sw       x15, 0x4(x20)
#12139 0 80000230     44d2 r 09         00000001  c.lwsp   x9, 0x14
#12140 0 80000232     4942 r 12         ffffffd8  c.lwsp   x18, 0x10
#12141 0 80000234     49b2 r 13         ffffffc8  c.lwsp   x19, 0xc
#12142 0 80000236     4a22 r 14         ffffffc0  c.lwsp   x20, 0x8
#12143 0 80000238     6105 r 02         ffffff80  c.addi16sp 0x2
#12144 0 8000023a     8082 r 00         00000000  c.jr     x1
#12145 0 800001ea     4785 r 0f         00000001  c.li     x15, 0x1
#12146 0 800001ec     874a r 0e         ffffffd8  c.mv     x14, x18
#12147 0 800001ee 00f48663 r 00         00000000  beq      x9, x15, . + 0xc
#12148 0 800001fa     405c r 0f         f0040030  c.lw     x15, 0x4(x8)
#12149 0 800001fc     4014 r 0d         00000002  c.lw     x13, 0x0(x8)
#12150 0 800001fe 004a2703 r 0e         00000076  lw       x14, 0x4(x20)
#12151 0 80000202     43cc r 0b         f0040018  c.lw     x11, 0x4(x15)
#12152 0 80000204     4390 r 0c         00000001  c.lw     x12, 0x0(x15)
#12153 0 80000206     16fd r 0d         00000001  c.addi   x13, -0x1
#12154 0 80000208     c04c m ffffffd4   f0040018  c.sw     x11, 0x4(x8)
#12155 0 8000020a 0049a583 r 0b         f0040028  lw       x11, 0x4(x19)
#12156 0 8000020e     c014 m ffffffd0   00000001  c.sw     x13, 0x0(x8)
#12157 0 80000210 0009a683 r 0d         00000002  lw       x13, 0x0(x19)
#12158 0 80000214     c3cc m f0040034   f0040028  c.sw     x11, 0x4(x15)
#12159 0 80000216 00f9a223 m ffffffcc   f0040030  sw       x15, 0x4(x19)
#12160 0 8000021a     c390 m f0040030   00000001  c.sw     x12, 0x0(x15)
#12161 0 8000021c     40f2 r 01         800001de  c.lwsp   x1, 0x1c
#12162 0 8000021e     4462 r 08         ffffffc8  c.lwsp   x8, 0x18
#12163 0 80000220 00168793 r 0f         00000003  addi     x15, x13, 0x1
#12164 0 80000224 00f9a023 m ffffffc8   00000003  sw       x15, 0x0(x19)
#12165 0 80000228 00170793 r 0f         00000077  addi     x15, x14, 0x1
#12166 0 8000022c 00fa2223 m ffffffc4   00000077  sw       x15, 0x4(x20)
#12167 0 80000230     44d2 r 09         00000003  c.lwsp   x9, 0x14
#12168 0 80000232     4942 r 12         ffffffd0  c.lwsp   x18, 0x10
#12169 0 80000234     49b2 r 13         ffffffd8  c.lwsp   x19, 0xc
#12170 0 80000236     4a22 r 14         ffffffc0  c.lwsp   x20, 0x8
#12171 0 80000238     6105 r 02         ffffffa0  c.addi16sp 0x2
#12172 0 8000023a     8082 r 00         00000000  c.jr     x1
#12173 0 800001de     874e r 0e         ffffffd8  c.mv     x14, x19
#12174 0 800001e0     86a2 r 0d         ffffffc8  c.mv     x13, x8
#12175 0 800001e2     864a r 0c         ffffffd0  c.mv     x12, x18
#12176 0 800001e4     4585 r 0b         00000001  c.li     x11, 0x1
#12177 0 800001e6     8552 r 0a         ffffffc0  c.mv     x10, x20
#12178 0 800001e8     37e9 r 01         800001ea  c.jal    . - 0x36
#12179 0 800001b2     1101 r 02         ffffff80  c.addi   x2, -0x20
#12180 0 800001b4     cc22 m ffffff98   ffffffc8  c.swsp   x8, 0x18
#12181 0 800001b6     ca26 m ffffff94   00000003  c.swsp   x9, 0x14
#12182 0 800001b8     c84a m ffffff90   ffffffd0  c.swsp   x18, 0x10
#12183 0 800001ba     c64e m ffffff8c   ffffffd8  c.swsp   x19, 0xc
#12184 0 800001bc     c452 m ffffff88   ffffffc0  c.swsp   x20, 0x8
#12185 0 800001be     ce06 m ffffff9c   800001ea  c.swsp   x1, 0x1c
#12186 0 800001c0     4785 r 0f         00000001  c.li     x15, 0x1
#12187 0 800001c2     8a2a r 14         ffffffc0  c.mv     x20, x10
#12188 0 800001c4     8932 r 12         ffffffd0  c.mv     x18, x12
#12189 0 800001c6     89ba r 13         ffffffd8  c.mv     x19, x14
#12190 0 800001c8     84ae r 09         00000001  c.mv     x9, x11
#12191 0 800001ca     8436 r 08         ffffffc8  c.mv     x8, x13
#12192 0 800001cc 02f58663 r 00         00000000  beq      x11, x15, . + 0x2c
#12193 0 800001f8     8432 r 08         ffffffd0  c.mv     x8, x12
#12194 0 800001fa     405c r 0f         f0040018  c.lw     x15, 0x4(x8)
#12195 0 800001fc     4014 r 0d         00000001  c.lw     x13, 0x0(x8)
#12196 0 800001fe 004a2703 r 0e         00000077  lw       x14, 0x4(x20)
#12197 0 80000202     43cc r 0b         00000000  c.lw     x11, 0x4(x15)
#12198 0 80000204     4390 r 0c         00000004  c.lw     x12, 0x0(x15)
#12199 0 80000206     16fd r 0d         00000000  c.addi   x13, -0x1
#12200 0 80000208     c04c m ffffffd4   00000000  c.sw     x11, 0x4(x8)
#12201 0 8000020a 0049a583 r 0b         f0040010  lw       x11, 0x4(x19)
#12202 0 8000020e     c014 m ffffffd0   00000000  c.sw     x13, 0x0(x8)
#12203 0 80000210 0009a683 r 0d         00000003  lw       x13, 0x0(x19)
#12204 0 80000214     c3cc m f004001c   f0040010  c.sw     x11, 0x4(x15)
#12205 0 80000216 00f9a223 m ffffffdc   f0040018  sw       x15, 0x4(x19)
#12206 0 8000021a     c390 m f0040018   00000004  c.sw     x12, 0x0(x15)
#12207 0 8000021c     40f2 r 01         800001ea  c.lwsp   x1, 0x1c
#12208 0 8000021e     4462 r 08         ffffffc8  c.lwsp   x8, 0x18
#12209 0 80000220 00168793 r 0f         00000004  addi     x15, x13, 0x1
#12210 0 80000224 00f9a023 m ffffffd8   00000004  sw       x15, 0x0(x19)
#12211 0 80000228 00170793 r 0f         00000078  addi     x15, x14, 0x1
#12212 0 8000022c 00fa2223 m ffffffc4   00000078  sw       x15, 0x4(x20)
#12213 0 80000230     44d2 r 09         00000003  c.lwsp   x9, 0x14
#12214 0 80000232     4942 r 12         ffffffd0  c.lwsp   x18, 0x10
#12215 0 80000234     49b2 r 13         ffffffd8  c.lwsp   x19, 0xc
#12216 0 80000236     4a22 r 14         ffffffc0  c.lwsp   x20, 0x8
#12217 0 80000238     6105 r 02         ffffffa0  c.addi16sp 0x2
#12218 0 8000023a     8082 r 00         00000000  c.jr     x1
#12219 0 800001ea     4785 r 0f         00000001  c.li     x15, 0x1
#12220 0 800001ec     874a r 0e         ffffffd0  c.mv     x14, x18
#12221 0 800001ee 00f48663 r 00         00000000  beq      x9, x15, . + 0xc
#12222 0 800001f2     8922 r 12         ffffffc8  c.mv     x18, x8
#12223 0 800001f4     843a r 08         ffffffd0  c.mv     x8, x14
#12224 0 800001f6     bfe9 r 00         00000000  c.j      . - 0x26
#12225 0 800001d0     14fd r 09         00000002  c.addi   x9, -0x1
#12226 0 800001d2     85a6 r 0b         00000002  c.mv     x11, x9
#12227 0 800001d4     8552 r 0a         ffffffc0  c.mv     x10, x20
#12228 0 800001d6     8722 r 0e         ffffffd0  c.mv     x14, x8
#12229 0 800001d8     86ce r 0d         ffffffd8  c.mv     x13, x19
#12230 0 800001da     864a r 0c         ffffffc8  c.mv     x12, x18
#12231 0 800001dc     3fd9 r 01         800001de  c.jal    . - 0x2a
#12232 0 800001b2     1101 r 02         ffffff80  c.addi   x2, -0x20
#12233 0 800001b4     cc22 m ffffff98   ffffffd0  c.swsp   x8, 0x18
#12234 0 800001b6     ca26 m ffffff94   00000002  c.swsp   x9, 0x14
#12235 0 800001b8     c84a m ffffff90   ffffffc8  c.swsp   x18, 0x10
#12236 0 800001ba     c64e m ffffff8c   ffffffd8  c.swsp   x19, 0xc
#12237 0 800001bc     c452 m ffffff88   ffffffc0  c.swsp   x20, 0x8
#12238 0 800001be     ce06 m ffffff9c   800001de  c.swsp   x1, 0x1c
#12239 0 800001c0     4785 r 0f         00000001  c.li     x15, 0x1
#12240 0 800001c2     8a2a r 14         ffffffc0  c.mv     x20, x10
#12241 0 800001c4     8932 r 12         ffffffc8  c.mv     x18, x12
#12242 0 800001c6     89ba r 13         ffffffd0  c.mv     x19, x14
#12243 0 800001c8     84ae r 09         00000002  c.mv     x9, x11
#12244 0 800001ca     8436 r 08         ffffffd8  c.mv     x8, x13
#12245 0 800001cc 02f58663 r 00         00000000  beq      x11, x15, . + 0x2c
#12246 0 800001d0     14fd r 09         00000001  c.addi   x9, -0x1
#12247 0 800001d2     85a6 r 0b         00000001  c.mv     x11, x9
#12248 0 800001d4     8552 r 0a         ffffffc0  c.mv     x10, x20
#12249 0 800001d6     8722 r 0e         ffffffd8  c.mv     x14, x8
#12250 0 800001d8     86ce r 0d         ffffffd0  c.mv     x13, x19
#12251 0 800001da     864a r 0c         ffffffc8  c.mv     x12, x18
#12252 0 800001dc     3fd9 r 01         800001de  c.jal    . - 0x2a
#12253 0 800001b2     1101 r 02         ffffff60  c.addi   x2, -0x20
#12254 0 800001b4     cc22 m ffffff78   ffffffd8  c.swsp   x8, 0x18
#12255 0 800001b6     ca26 m ffffff74   00000001  c.swsp   x9, 0x14
#12256 0 800001b8     c84a m ffffff70   ffffffc8  c.swsp   x18, 0x10
#12257 0 800001ba     c64e m ffffff6c   ffffffd0  c.swsp   x19, 0xc
#12258 0 800001bc     c452 m ffffff68   ffffffc0  c.swsp   x20, 0x8
#12259 0 800001be     ce06 m ffffff7c   800001de  c.swsp   x1, 0x1c
#12260 0 800001c0     4785 r 0f         00000001  c.li     x15, 0x1
#12261 0 800001c2     8a2a r 14         ffffffc0  c.mv     x20, x10
#12262 0 800001c4     8932 r 12         ffffffc8  c.mv     x18, x12
#12263 0 800001c6     89ba r 13         ffffffd8  c.mv     x19, x14
#12264 0 800001c8     84ae r 09         00000001  c.mv     x9, x11
#12265 0 800001ca     8436 r 08         ffffffd0  c.mv     x8, x13
#12266 0 800001cc 02f58663 r 00         00000000  beq      x11, x15, . + 0x2c
#12267 0 800001f8     8432 r 08         ffffffc8  c.mv     x8, x12
#12268 0 800001fa     405c r 0f         f0040030  c.lw     x15, 0x4(x8)
#12269 0 800001fc     4014 r 0d         00000003  c.lw     x13, 0x0(x8)
#12270 0 800001fe 004a2703 r 0e         00000078  lw       x14, 0x4(x20)
#12271 0 80000202     43cc r 0b         f0040028  c.lw     x11, 0x4(x15)
#12272 0 80000204     4390 r 0c         00000001  c.lw     x12, 0x0(x15)
#12273 0 80000206     16fd r 0d         00000002  c.addi   x13, -0x1
#12274 0 80000208     c04c m ffffffcc   f0040028  c.sw     x11, 0x4(x8)
#12275 0 8000020a 0049a583 r 0b         f0040018  lw       x11, 0x4(x19)
#12276 0 8000020e     c014 m ffffffc8   00000002  c.sw     x13, 0x0(x8)
#12277 0 80000210 0009a683 r 0d         00000004  lw       x13, 0x0(x19)
#12278 0 80000214     c3cc m f0040034   f0040018  c.sw     x11, 0x4(x15)
#12279 0 80000216 00f9a223 m ffffffdc   f0040030  sw       x15, 0x4(x19)
#12280 0 8000021a     c390 m f0040030   00000001  c.sw     x12, 0x0(x15)
#12281 0 8000021c     40f2 r 01         800001de  c.lwsp   x1, 0x1c
#12282 0 8000021e     4462 r 08         ffffffd8  c.lwsp   x8, 0x18
#12283 0 80000220 00168793 r 0f         00000005  addi     x15, x13, 0x1
#12284 0 80000224 00f9a023 m ffffffd8   00000005  sw       x15, 0x0(x19)
#12285 0 80000228 00170793 r 0f         00000079  addi     x15, x14, 0x1
#12286 0 8000022c 00fa2223 m ffffffc4   00000079  sw       x15, 0x4(x20)
#12287 0 80000230     44d2 r 09         00000001  c.lwsp   x9, 0x14
#12288 0 80000232     4942 r 12         ffffffc8  c.lwsp   x18, 0x10
#12289 0 80000234     49b2 r 13         ffffffd0  c.lwsp   x19, 0xc
#12290 0 80000236     4a22 r 14         ffffffc0  c.lwsp   x20, 0x8
#12291 0 80000238     6105 r 02         ffffff80  c.addi16sp 0x2
#12292 0 8000023a     8082 r 00         00000000  c.jr     x1
#12293 0 800001de     874e r 0e         ffffffd0  c.mv     x14, x19
#12294 0 800001e0     86a2 r 0d         ffffffd8  c.mv     x13, x8
#12295 0 800001e2     864a r 0c         ffffffc8  c.mv     x12, x18
#12296 0 800001e4     4585 r 0b         00000001  c.li     x11, 0x1
#12297 0 800001e6     8552 r 0a         ffffffc0  c.mv     x10, x20
#12298 0 800001e8     37e9 r 01         800001ea  c.jal    . - 0x36
#12299 0 800001b2     1101 r 02         ffffff60  c.addi   x2, -0x20
#12300 0 800001b4     cc22 m ffffff78   ffffffd8  c.swsp   x8, 0x18
#12301 0 800001b6     ca26 m ffffff74   00000001  c.swsp   x9, 0x14
#12302 0 800001b8     c84a m ffffff70   ffffffc8  c.swsp   x18, 0x10
#12303 0 800001ba     c64e m ffffff6c   ffffffd0  c.swsp   x19, 0xc
#12304 0 800001bc     c452 m ffffff68   ffffffc0  c.swsp   x20, 0x8
#12305 0 800001be     ce06 m ffffff7c   800001ea  c.swsp   x1, 0x1c
#12306 0 800001c0     4785 r 0f         00000001  c.li     x15, 0x1
#12307 0 800001c2     8a2a r 14         ffffffc0  c.mv     x20, x10
#12308 0 800001c4     8932 r 12         ffffffc8  c.mv     x18, x12
#12309 0 800001c6     89ba r 13         ffffffd0  c.mv     x19, x14
#12310 0 800001c8     84ae r 09         00000001  c.mv     x9, x11
#12311 0 800001ca     8436 r 08         ffffffd8  c.mv     x8, x13
#12312 0 800001cc 02f58663 r 00         00000000  beq      x11, x15, . + 0x2c
#12313 0 800001f8     8432 r 08         ffffffc8  c.mv     x8, x12
#12314 0 800001fa     405c r 0f         f0040028  c.lw     x15, 0x4(x8)
#12315 0 800001fc     4014 r 0d         00000002  c.lw     x13, 0x0(x8)
#12316 0 800001fe 004a2703 r 0e         00000079  lw       x14, 0x4(x20)
#12317 0 80000202     43cc r 0b         f0040020  c.lw     x11, 0x4(x15)
#12318 0 80000204     4390 r 0c         00000002  c.lw     x12, 0x0(x15)
#12319 0 80000206     16fd r 0d         00000001  c.addi   x13, -0x1
#12320 0 80000208     c04c m ffffffcc   f0040020  c.sw     x11, 0x4(x8)
#12321 0 8000020a 0049a583 r 0b         00000000  lw       x11, 0x4(x19)
#12322 0 8000020e     c014 m ffffffc8   00000001  c.sw     x13, 0x0(x8)
#12323 0 80000210 0009a683 r 0d         00000000  lw       x13, 0x0(x19)
#12324 0 80000214     c3cc m f004002c   00000000  c.sw     x11, 0x4(x15)
#12325 0 80000216 00f9a223 m ffffffd4   f0040028  sw       x15, 0x4(x19)
#12326 0 8000021a     c390 m f0040028   00000002  c.sw     x12, 0x0(x15)
#12327 0 8000021c     40f2 r 01         800001ea  c.lwsp   x1, 0x1c
#12328 0 8000021e     4462 r 08         ffffffd8  c.lwsp   x8, 0x18
#12329 0 80000220 00168793 r 0f         00000001  addi     x15, x13, 0x1
#12330 0 80000224 00f9a023 m ffffffd0   00000001  sw       x15, 0x0(x19)
#12331 0 80000228 00170793 r 0f         0000007a  addi     x15, x14, 0x1
#12332 0 8000022c 00fa2223 m ffffffc4   0000007a  sw       x15, 0x4(x20)
#12333 0 80000230     44d2 r 09         00000001  c.lwsp   x9, 0x14
#12334 0 80000232     4942 r 12         ffffffc8  c.lwsp   x18, 0x10
#12335 0 80000234     49b2 r 13         ffffffd0  c.lwsp   x19, 0xc
#12336 0 80000236     4a22 r 14         ffffffc0  c.lwsp   x20, 0x8
#12337 0 80000238     6105 r 02         ffffff80  c.addi16sp 0x2
#12338 0 8000023a     8082 r 00         00000000  c.jr     x1
#12339 0 800001ea     4785 r 0f         00000001  c.li     x15, 0x1
#12340 0 800001ec     874a r 0e         ffffffc8  c.mv     x14, x18
#12341 0 800001ee 00f48663 r 00         00000000  beq      x9, x15, . + 0xc
#12342 0 800001fa     405c r 0f         f0040030  c.lw     x15, 0x4(x8)
#12343 0 800001fc     4014 r 0d         00000005  c.lw     x13, 0x0(x8)
#12344 0 800001fe 004a2703 r 0e         0000007a  lw       x14, 0x4(x20)
#12345 0 80000202     43cc r 0b         f0040018  c.lw     x11, 0x4(x15)
#12346 0 80000204     4390 r 0c         00000001  c.lw     x12, 0x0(x15)
#12347 0 80000206     16fd r 0d         00000004  c.addi   x13, -0x1
#12348 0 80000208     c04c m ffffffdc   f0040018  c.sw     x11, 0x4(x8)
#12349 0 8000020a 0049a583 r 0b         f0040028  lw       x11, 0x4(x19)
#12350 0 8000020e     c014 m ffffffd8   00000004  c.sw     x13, 0x0(x8)
#12351 0 80000210 0009a683 r 0d         00000001  lw       x13, 0x0(x19)
#12352 0 80000214     c3cc m f0040034   f0040028  c.sw     x11, 0x4(x15)
#12353 0 80000216 00f9a223 m ffffffd4   f0040030  sw       x15, 0x4(x19)
#12354 0 8000021a     c390 m f0040030   00000001  c.sw     x12, 0x0(x15)
#12355 0 8000021c     40f2 r 01         800001de  c.lwsp   x1, 0x1c
#12356 0 8000021e     4462 r 08         ffffffd0  c.lwsp   x8, 0x18
#12357 0 80000220 00168793 r 0f         00000002  addi     x15, x13, 0x1
#12358 0 80000224 00f9a023 m ffffffd0   00000002  sw       x15, 0x0(x19)
#12359 0 80000228 00170793 r 0f         0000007b  addi     x15, x14, 0x1
#12360 0 8000022c 00fa2223 m ffffffc4   0000007b  sw       x15, 0x4(x20)
#12361 0 80000230     44d2 r 09         00000002  c.lwsp   x9, 0x14
#12362 0 80000232     4942 r 12         ffffffc8  c.lwsp   x18, 0x10
#12363 0 80000234     49b2 r 13         ffffffd8  c.lwsp   x19, 0xc
#12364 0 80000236     4a22 r 14         ffffffc0  c.lwsp   x20, 0x8
#12365 0 80000238     6105 r 02         ffffffa0  c.addi16sp 0x2
#12366 0 8000023a     8082 r 00         00000000  c.jr     x1
#12367 0 800001de     874e r 0e         ffffffd8  c.mv     x14, x19
#12368 0 800001e0     86a2 r 0d         ffffffd0  c.mv     x13, x8
#12369 0 800001e2     864a r 0c         ffffffc8  c.mv     x12, x18
#12370 0 800001e4     4585 r 0b         00000001  c.li     x11, 0x1
#12371 0 800001e6     8552 r 0a         ffffffc0  c.mv     x10, x20
#12372 0 800001e8     37e9 r 01         800001ea  c.jal    . - 0x36
#12373 0 800001b2     1101 r 02         ffffff80  c.addi   x2, -0x20
#12374 0 800001b4     cc22 m ffffff98   ffffffd0  c.swsp   x8, 0x18
#12375 0 800001b6     ca26 m ffffff94   00000002  c.swsp   x9, 0x14
#12376 0 800001b8     c84a m ffffff90   ffffffc8  c.swsp   x18, 0x10
#12377 0 800001ba     c64e m ffffff8c   ffffffd8  c.swsp   x19, 0xc
#12378 0 800001bc     c452 m ffffff88   ffffffc0  c.swsp   x20, 0x8
#12379 0 800001be     ce06 m ffffff9c   800001ea  c.swsp   x1, 0x1c
#12380 0 800001c0     4785 r 0f         00000001  c.li     x15, 0x1
#12381 0 800001c2     8a2a r 14         ffffffc0  c.mv     x20, x10
#12382 0 800001c4     8932 r 12         ffffffc8  c.mv     x18, x12
#12383 0 800001c6     89ba r 13         ffffffd8  c.mv     x19, x14
#12384 0 800001c8     84ae r 09         00000001  c.mv     x9, x11
#12385 0 800001ca     8436 r 08         ffffffd0  c.mv     x8, x13
#12386 0 800001cc 02f58663 r 00         00000000  beq      x11, x15, . + 0x2c
#12387 0 800001f8     8432 r 08         ffffffc8  c.mv     x8, x12
#12388 0 800001fa     405c r 0f         f0040020  c.lw     x15, 0x4(x8)
#12389 0 800001fc     4014 r 0d         00000001  c.lw     x13, 0x0(x8)
#12390 0 800001fe 004a2703 r 0e         0000007b  lw       x14, 0x4(x20)
#12391 0 80000202     43cc r 0b         00000000  c.lw     x11, 0x4(x15)
#12392 0 80000204     4390 r 0c         00000003  c.lw     x12, 0x0(x15)
#12393 0 80000206     16fd r 0d         00000000  c.addi   x13, -0x1
#12394 0 80000208     c04c m ffffffcc   00000000  c.sw     x11, 0x4(x8)
#12395 0 8000020a 0049a583 r 0b         f0040018  lw       x11, 0x4(x19)
#12396 0 8000020e     c014 m ffffffc8   00000000  c.sw     x13, 0x0(x8)
#12397 0 80000210 0009a683 r 0d         00000004  lw       x13, 0x0(x19)
#12398 0 80000214     c3cc m f0040024   f0040018  c.sw     x11, 0x4(x15)
#12399 0 80000216 00f9a223 m ffffffdc   f0040020  sw       x15, 0x4(x19)
#12400 0 8000021a     c390 m f0040020   00000003  c.sw     x12, 0x0(x15)
#12401 0 8000021c     40f2 r 01         800001ea  c.lwsp   x1, 0x1c
#12402 0 8000021e     4462 r 08         ffffffd0  c.lwsp   x8, 0x18
#12403 0 80000220 00168793 r 0f         00000005  addi     x15, x13, 0x1
#12404 0 80000224 00f9a023 m ffffffd8   00000005  sw       x15, 0x0(x19)
#12405 0 80000228 00170793 r 0f         0000007c  addi     x15, x14, 0x1
#12406 0 8000022c 00fa2223 m ffffffc4   0000007c  sw       x15, 0x4(x20)
#12407 0 80000230     44d2 r 09         00000002  c.lwsp   x9, 0x14
#12408 0 80000232     4942 r 12         ffffffc8  c.lwsp   x18, 0x10
#12409 0 80000234     49b2 r 13         ffffffd8  c.lwsp   x19, 0xc
#12410 0 80000236     4a22 r 14         ffffffc0  c.lwsp   x20, 0x8
#12411 0 80000238     6105 r 02         ffffffa0  c.addi16sp 0x2
#12412 0 8000023a     8082 r 00         00000000  c.jr     x1
#12413 0 800001ea     4785 r 0f         00000001  c.li     x15, 0x1
#12414 0 800001ec     874a r 0e         ffffffc8  c.mv     x14, x18
#12415 0 800001ee 00f48663 r 00         00000000  beq      x9, x15, . + 0xc
#12416 0 800001f2     8922 r 12         ffffffd0  c.mv     x18, x8
#12417 0 800001f4     843a r 08         ffffffc8  c.mv     x8, x14
#12418 0 800001f6     bfe9 r 00         00000000  c.j      . - 0x26
#12419 0 800001d0     14fd r 09         00000001  c.addi   x9, -0x1
#12420 0 800001d2     85a6 r 0b         00000001  c.mv     x11, x9
#12421 0 800001d4     8552 r 0a         ffffffc0  c.mv     x10, x20
#12422 0 800001d6     8722 r 0e         ffffffc8  c.mv     x14, x8
#12423 0 800001d8     86ce r 0d         ffffffd8  c.mv     x13, x19
#12424 0 800001da     864a r 0c         ffffffd0  c.mv     x12, x18
#12425 0 800001dc     3fd9 r 01         800001de  c.jal    . - 0x2a
#12426 0 800001b2     1101 r 02         ffffff80  c.addi   x2, -0x20
#12427 0 800001b4     cc22 m ffffff98   ffffffc8  c.swsp   x8, 0x18
#12428 0 800001b6     ca26 m ffffff94   00000001  c.swsp   x9, 0x14
#12429 0 800001b8     c84a m ffffff90   ffffffd0  c.swsp   x18, 0x10
#12430 0 800001ba     c64e m ffffff8c   ffffffd8  c.swsp   x19, 0xc
#12431 0 800001bc     c452 m ffffff88   ffffffc0  c.swsp   x20, 0x8
#12432 0 800001be     ce06 m ffffff9c   800001de  c.swsp   x1, 0x1c
#12433 0 800001c0     4785 r 0f         00000001  c.li     x15, 0x1
#12434 0 800001c2     8a2a r 14         ffffffc0  c.mv     x20, x10
#12435 0 800001c4     8932 r 12         ffffffd0  c.mv     x18, x12
#12436 0 800001c6     89ba r 13         ffffffc8  c.mv     x19, x14
#12437 0 800001c8     84ae r 09         00000001  c.mv     x9, x11
#12438 0 800001ca     8436 r 08         ffffffd8  c.mv     x8, x13
#12439 0 800001cc 02f58663 r 00         00000000  beq      x11, x15, . + 0x2c
#12440 0 800001f8     8432 r 08         ffffffd0  c.mv     x8, x12
#12441 0 800001fa     405c r 0f         f0040030  c.lw     x15, 0x4(x8)
#12442 0 800001fc     4014 r 0d         00000002  c.lw     x13, 0x0(x8)
#12443 0 800001fe 004a2703 r 0e         0000007c  lw       x14, 0x4(x20)
#12444 0 80000202     43cc r 0b         f0040028  c.lw     x11, 0x4(x15)
#12445 0 80000204     4390 r 0c         00000001  c.lw     x12, 0x0(x15)
#12446 0 80000206     16fd r 0d         00000001  c.addi   x13, -0x1
#12447 0 80000208     c04c m ffffffd4   f0040028  c.sw     x11, 0x4(x8)
#12448 0 8000020a 0049a583 r 0b         00000000  lw       x11, 0x4(x19)
#12449 0 8000020e     c014 m ffffffd0   00000001  c.sw     x13, 0x0(x8)
#12450 0 80000210 0009a683 r 0d         00000000  lw       x13, 0x0(x19)
#12451 0 80000214     c3cc m f0040034   00000000  c.sw     x11, 0x4(x15)
#12452 0 80000216 00f9a223 m ffffffcc   f0040030  sw       x15, 0x4(x19)
#12453 0 8000021a     c390 m f0040030   00000001  c.sw     x12, 0x0(x15)
#12454 0 8000021c     40f2 r 01         800001de  c.lwsp   x1, 0x1c
#12455 0 8000021e     4462 r 08         ffffffc8  c.lwsp   x8, 0x18
#12456 0 80000220 00168793 r 0f         00000001  addi     x15, x13, 0x1
#12457 0 80000224 00f9a023 m ffffffc8   00000001  sw       x15, 0x0(x19)
#12458 0 80000228 00170793 r 0f         0000007d  addi     x15, x14, 0x1
#12459 0 8000022c 00fa2223 m ffffffc4   0000007d  sw       x15, 0x4(x20)
#12460 0 80000230     44d2 r 09         00000001  c.lwsp   x9, 0x14
#12461 0 80000232     4942 r 12         ffffffd0  c.lwsp   x18, 0x10
#12462 0 80000234     49b2 r 13         ffffffd8  c.lwsp   x19, 0xc
#12463 0 80000236     4a22 r 14         ffffffc0  c.lwsp   x20, 0x8
#12464 0 80000238     6105 r 02         ffffffa0  c.addi16sp 0x2
#12465 0 8000023a     8082 r 00         00000000  c.jr     x1
#12466 0 800001de     874e r 0e         ffffffd8  c.mv     x14, x19
#12467 0 800001e0     86a2 r 0d         ffffffc8  c.mv     x13, x8
#12468 0 800001e2     864a r 0c         ffffffd0  c.mv     x12, x18
#12469 0 800001e4     4585 r 0b         00000001  c.li     x11, 0x1
#12470 0 800001e6     8552 r 0a         ffffffc0  c.mv     x10, x20
#12471 0 800001e8     37e9 r 01         800001ea  c.jal    . - 0x36
#12472 0 800001b2     1101 r 02         ffffff80  c.addi   x2, -0x20
#12473 0 800001b4     cc22 m ffffff98   ffffffc8  c.swsp   x8, 0x18
#12474 0 800001b6     ca26 m ffffff94   00000001  c.swsp   x9, 0x14
#12475 0 800001b8     c84a m ffffff90   ffffffd0  c.swsp   x18, 0x10
#12476 0 800001ba     c64e m ffffff8c   ffffffd8  c.swsp   x19, 0xc
#12477 0 800001bc     c452 m ffffff88   ffffffc0  c.swsp   x20, 0x8
#12478 0 800001be     ce06 m ffffff9c   800001ea  c.swsp   x1, 0x1c
#12479 0 800001c0     4785 r 0f         00000001  c.li     x15, 0x1
#12480 0 800001c2     8a2a r 14         ffffffc0  c.mv     x20, x10
#12481 0 800001c4     8932 r 12         ffffffd0  c.mv     x18, x12
#12482 0 800001c6     89ba r 13         ffffffd8  c.mv     x19, x14
#12483 0 800001c8     84ae r 09         00000001  c.mv     x9, x11
#12484 0 800001ca     8436 r 08         ffffffc8  c.mv     x8, x13
#12485 0 800001cc 02f58663 r 00         00000000  beq      x11, x15, . + 0x2c
#12486 0 800001f8     8432 r 08         ffffffd0  c.mv     x8, x12
#12487 0 800001fa     405c r 0f         f0040028  c.lw     x15, 0x4(x8)
#12488 0 800001fc     4014 r 0d         00000001  c.lw     x13, 0x0(x8)
#12489 0 800001fe 004a2703 r 0e         0000007d  lw       x14, 0x4(x20)
#12490 0 80000202     43cc r 0b         00000000  c.lw     x11, 0x4(x15)
#12491 0 80000204     4390 r 0c         00000002  c.lw     x12, 0x0(x15)
#12492 0 80000206     16fd r 0d         00000000  c.addi   x13, -0x1
#12493 0 80000208     c04c m ffffffd4   00000000  c.sw     x11, 0x4(x8)
#12494 0 8000020a 0049a583 r 0b         f0040020  lw       x11, 0x4(x19)
#12495 0 8000020e     c014 m ffffffd0   00000000  c.sw     x13, 0x0(x8)
#12496 0 80000210 0009a683 r 0d         00000005  lw       x13, 0x0(x19)
#12497 0 80000214     c3cc m f004002c   f0040020  c.sw     x11, 0x4(x15)
#12498 0 80000216 00f9a223 m ffffffdc   f0040028  sw       x15, 0x4(x19)
#12499 0 8000021a     c390 m f0040028   00000002  c.sw     x12, 0x0(x15)
#12500 0 8000021c     40f2 r 01         800001ea  c.lwsp   x1, 0x1c
#12501 0 8000021e     4462 r 08         ffffffc8  c.lwsp   x8, 0x18
#12502 0 80000220 00168793 r 0f         00000006  addi     x15, x13, 0x1
#12503 0 80000224 00f9a023 m ffffffd8   00000006  sw       x15, 0x0(x19)
#12504 0 80000228 00170793 r 0f         0000007e  addi     x15, x14, 0x1
#12505 0 8000022c 00fa2223 m ffffffc4   0000007e  sw       x15, 0x4(x20)
#12506 0 80000230     44d2 r 09         00000001  c.lwsp   x9, 0x14
#12507 0 80000232     4942 r 12         ffffffd0  c.lwsp   x18, 0x10
#12508 0 80000234     49b2 r 13         ffffffd8  c.lwsp   x19, 0xc
#12509 0 80000236     4a22 r 14         ffffffc0  c.lwsp   x20, 0x8
#12510 0 80000238     6105 r 02         ffffffa0  c.addi16sp 0x2
#12511 0 8000023a     8082 r 00         00000000  c.jr     x1
#12512 0 800001ea     4785 r 0f         00000001  c.li     x15, 0x1
#12513 0 800001ec     874a r 0e         ffffffd0  c.mv     x14, x18
#12514 0 800001ee 00f48663 r 00         00000000  beq      x9, x15, . + 0xc
#12515 0 800001fa     405c r 0f         f0040030  c.lw     x15, 0x4(x8)
#12516 0 800001fc     4014 r 0d         00000001  c.lw     x13, 0x0(x8)
#12517 0 800001fe 004a2703 r 0e         0000007e  lw       x14, 0x4(x20)
#12518 0 80000202     43cc r 0b         00000000  c.lw     x11, 0x4(x15)
#12519 0 80000204     4390 r 0c         00000001  c.lw     x12, 0x0(x15)
#12520 0 80000206     16fd r 0d         00000000  c.addi   x13, -0x1
#12521 0 80000208     c04c m ffffffcc   00000000  c.sw     x11, 0x4(x8)
#12522 0 8000020a 0049a583 r 0b         f0040028  lw       x11, 0x4(x19)
#12523 0 8000020e     c014 m ffffffc8   00000000  c.sw     x13, 0x0(x8)
#12524 0 80000210 0009a683 r 0d         00000006  lw       x13, 0x0(x19)
#12525 0 80000214     c3cc m f0040034   f0040028  c.sw     x11, 0x4(x15)
#12526 0 80000216 00f9a223 m ffffffdc   f0040030  sw       x15, 0x4(x19)
#12527 0 8000021a     c390 m f0040030   00000001  c.sw     x12, 0x0(x15)
#12528 0 8000021c     40f2 r 01         80000340  c.lwsp   x1, 0x1c
#12529 0 8000021e     4462 r 08         00000000  c.lwsp   x8, 0x18
#12530 0 80000220 00168793 r 0f         00000007  addi     x15, x13, 0x1
#12531 0 80000224 00f9a023 m ffffffd8   00000007  sw       x15, 0x0(x19)
#12532 0 80000228 00170793 r 0f         0000007f  addi     x15, x14, 0x1
#12533 0 8000022c 00fa2223 m ffffffc4   0000007f  sw       x15, 0x4(x20)
#12534 0 80000230     44d2 r 09         00000000  c.lwsp   x9, 0x14
#12535 0 80000232     4942 r 12         00000000  c.lwsp   x18, 0x10
#12536 0 80000234     49b2 r 13         00000000  c.lwsp   x19, 0xc
#12537 0 80000236     4a22 r 14         00000000  c.lwsp   x20, 0x8
#12538 0 80000238     6105 r 02         ffffffc0  c.addi16sp 0x2
#12539 0 8000023a     8082 r 00         00000000  c.jr     x1
#12540 0 80000340     47a2 r 0f         00000000  c.lwsp   x15, 0x8
#12541 0 80000342     4509 r 0a         00000002  c.li     x10, 0x2
#12542 0 80000344     e791 r 00         00000000  c.bnez   x15, . + 0xc
#12543 0 80000346     47c2 r 0f         00000000  c.lwsp   x15, 0x10
#12544 0 80000348     450d r 0a         00000003  c.li     x10, 0x3
#12545 0 8000034a     e399 r 00         00000000  c.bnez   x15, . + 0x6
#12546 0 8000034c     850a r 0a         ffffffc0  c.mv     x10, x2
#12547 0 8000034e     394d r 01         80000350  c.jal    . - 0x34e
#12548 0 80000000     4110 r 0c         00000007  c.lw     x12, 0x0(x10)
#12549 0 80000002     4d1c r 0f         00000007  c.lw     x15, 0x18(x10)
#12550 0 80000004 00c79e63 r 00         00000000  bne      x15, x12, . + 0x1c
#12551 0 80000008     4d5c r 0f         f0040030  c.lw     x15, 0x1c(x10)
#12552 0 8000000a     cf89 r 00         00000000  c.beqz   x15, . + 0x1a
#12553 0 8000000c     4701 r 0e         00000000  c.li     x14, 0x0
#12554 0 8000000e     a019 r 00         00000000  c.j      . + 0x6
#12555 0 80000014     4394 r 0d         00000001  c.lw     x13, 0x0(x15)
#12556 0 80000016     0705 r 0e         00000001  c.addi   x14, 0x1
#12557 0 80000018 fed70ce3 r 00         00000000  beq      x14, x13, . - 0x8
#12558 0 80000010     43dc r 0f         f0040028  c.lw     x15, 0x4(x15)
#12559 0 80000012     cb89 r 00         00000000  c.beqz   x15, . + 0x12
#12560 0 80000014     4394 r 0d         00000002  c.lw     x13, 0x0(x15)
#12561 0 80000016     0705 r 0e         00000002  c.addi   x14, 0x1
#12562 0 80000018 fed70ce3 r 00         00000000  beq      x14, x13, . - 0x8
#12563 0 80000010     43dc r 0f         f0040020  c.lw     x15, 0x4(x15)
#12564 0 80000012     cb89 r 00         00000000  c.beqz   x15, . + 0x12
#12565 0 80000014     4394 r 0d         00000003  c.lw     x13, 0x0(x15)
#12566 0 80000016     0705 r 0e         00000003  c.addi   x14, 0x1
#12567 0 80000018 fed70ce3 r 00         00000000  beq      x14, x13, . - 0x8
#12568 0 80000010     43dc r 0f         f0040018  c.lw     x15, 0x4(x15)
#12569 0 80000012     cb89 r 00         00000000  c.beqz   x15, . + 0x12
#12570 0 80000014     4394 r 0d         00000004  c.lw     x13, 0x0(x15)
#12571 0 80000016     0705 r 0e         00000004  c.addi   x14, 0x1
#12572 0 80000018 fed70ce3 r 00         00000000  beq      x14, x13, . - 0x8
#12573 0 80000010     43dc r 0f         f0040010  c.lw     x15, 0x4(x15)
#12574 0 80000012     cb89 r 00         00000000  c.beqz   x15, . + 0x12
#12575 0 80000014     4394 r 0d         00000005  c.lw     x13, 0x0(x15)
#12576 0 80000016     0705 r 0e         00000005  c.addi   x14, 0x1
#12577 0 80000018 fed70ce3 r 00         00000000  beq      x14, x13, . - 0x8
#12578 0 80000010     43dc r 0f         f0040008  c.lw     x15, 0x4(x15)
#12579 0 80000012     cb89 r 00         00000000  c.beqz   x15, . + 0x12
#12580 0 80000014     4394 r 0d         00000006  c.lw     x13, 0x0(x15)
#12581 0 80000016     0705 r 0e         00000006  c.addi   x14, 0x1
#12582 0 80000018 fed70ce3 r 00         00000000  beq      x14, x13, . - 0x8
#12583 0 80000010     43dc r 0f         f0040000  c.lw     x15, 0x4(x15)
#12584 0 80000012     cb89 r 00         00000000  c.beqz   x15, . + 0x12
#12585 0 80000014     4394 r 0d         00000007  c.lw     x13, 0x0(x15)
#12586 0 80000016     0705 r 0e         00000007  c.addi   x14, 0x1
#12587 0 80000018 fed70ce3 r 00         00000000  beq      x14, x13, . - 0x8
#12588 0 80000010     43dc r 0f         00000000  c.lw     x15, 0x4(x15)
#12589 0 80000012     cb89 r 00         00000000  c.beqz   x15, . + 0x12
#12590 0 80000024     4158 r 0e         0000007f  c.lw     x14, 0x4(x10)
#12591 0 80000026     4785 r 0f         00000001  c.li     x15, 0x1
#12592 0 80000028 00c79633 r 0c         00000080  sll      x12, x15, x12
#12593 0 8000002c     167d r 0c         0000007f  c.addi   x12, -0x1
#12594 0 8000002e     4501 r 0a         00000000  c.li     x10, 0x0
#12595 0 80000030 fec707e3 r 00         00000000  beq      x14, x12, . - 0x12
#12596 0 8000001e     8082 r 00         00000000  c.jr     x1
#12597 0 80000350     50b2 r 01         8000026a  c.lwsp   x1, 0x2c
#12598 0 80000352     6145 r 02         fffffff0  c.addi16sp 0x3
#12599 0 80000354     8082 r 00         00000000  c.jr     x1
#12600 0 8000026a     40b2 r 01         00000000  c.lwsp   x1, 0xc
#12601 0 8000026c     4785 r 0f         00000001  c.li     x15, 0x1
#12602 0 8000026e 70040717 r 0e         f004026e  auipc    x14, 0x70040
#12603 0 80000272 dcf72923 m f0040040   00000001  sw       x15, -0x22e(x14)
